43
------------------------------------------
Setting up environment variables
---
LD_LIBRARY_PATH is .:/opt/MATLAB/R2017a/runtime/glnxa64:/opt/MATLAB/R2017a/bin/glnxa64:/opt/MATLAB/R2017a/sys/os/glnxa64:/opt/MATLAB/R2017a/sys/opengl/lib/glnxa64
Warning: Method directories not allowed in MATLAB path: /data/scratch/m1pac03/mcrcache_15792035_43/.mcrCache9.2/OOS_sl0/if/gms_research_gar/GAR/MS-VAR/RISE_toolbox2/classes/models/@dsge/private
Running on SLURM; using 1 cores as assigned on this node.

Performing iteration ending on 2002M7 of model 11
Warning: This should be expanded with the country names in case of panel
> In abstvar/abstvar/check_inputs
  In abstvar
  In svar
  In scriptEstimateMode_FULL (line 79)
  In run (line 86)
  In msreg_2reg_endoprob_SVAR_FULL_OOS (line 217)
  In OOS_slurm_IF (line 2)
    'c(3,1,sync,1)>=c(3,1,sync,2)'
    'a0(1,GDPGH,sync,1)=0'
    'a0(1,MF,sync,1)=0'
    'a0(2,GDPGH,sync,1)=0'
    'a0(1,GDPGH,sync,2)=0'
    'a0(1,MF,sync,2)=0'
    'a0(2,GDPGH,sync,2)=0'
    'a1(1,GDPGH)=0'
    'a1(2,GDPGH)=0'
    'a1(3,GDPGH)=0'
    's(3,3,sync,1)<=s(3,3,sync,2)'

 parameter: A12, density:BETA, hyperparameters: [4.3661e-06 3.9294e-05],convergence 3.9293e-06
 parameter: A21, density:BETA, hyperparameters: [4.3661e-06 3.9294e-05],convergence 3.9293e-06
                                                        First-order 
 Iteration  Func-count       f(x)        Step-size       optimality
     0          27           5079.5                      3.65e+03
     1          54          1728.12    0.000273857            465  
     2          81          1588.27              1            279  
     3         108          1482.04              1            115  
     4         135          1465.54              1           73.9  
     5         162          1451.34              1           74.2  
     6         189          1439.74              1           79.4  
     7         216          1429.05              1           75.4  
     8         243          1415.57              1           96.1  
     9         270          1395.47              1            123  
    10         297          1374.42              1             86  
    11         324          1362.46              1           69.8  
    12         351          1356.06              1           45.3  
    13         378           1350.7              1           36.4  
    14         405          1348.34              1           35.8  
    15         432          1342.25              1           67.3  
    16         459          1336.55              1           53.4  
    17         486          1333.25              1           46.4  
    18         513          1329.57              1           42.3  
    19         540          1322.55              1           83.7  
                                                        First-order 
 Iteration  Func-count       f(x)        Step-size       optimality
    20         567           1314.7              1           90.8  
    21         594          1306.92              1           70.6  
    22         621          1300.05              1           51.3  
    23         648             1295              1           40.2  
    24         675          1290.42              1             65  
    25         702          1285.25              1           48.6  
    26         729          1281.73              1           44.3  
    27         756          1279.02              1           42.6  
    28         783           1276.9              1           31.4  
    29         810           1275.1              1           33.5  
    30         837          1273.98              1           17.8  
    31         864          1273.28              1           12.6  
    32         891          1272.63              1           20.8  
    33         918          1271.91              1           28.5  
    34         945          1271.41              1             19  
    35         972          1271.19              1           5.47  
    36         999          1271.11              1           5.15  
    37        1026          1271.02              1           8.77  
    38        1053          1270.89              1           11.1  
    39        1080          1270.79              1           7.46  
                                                        First-order 
 Iteration  Func-count       f(x)        Step-size       optimality
    40        1107          1270.73              1           3.42  
    41        1134           1270.7              1           3.68  
    42        1161          1270.66              1           6.07  
    43        1188           1270.6              1            6.8  
    44        1215          1270.55              1           4.08  
    45        1242          1270.52              1           3.83  
    46        1269           1270.5              1           3.58  
    47        1296          1270.47              1           4.17  
    48        1323          1270.45              1           3.42  
    49        1350          1270.43              1           2.16  
    50        1377          1270.42              1           2.51  
    51        1404           1270.4              1           2.76  
    52        1431          1270.39              1           2.93  
    53        1458          1270.38              1           1.83  
    54        1485          1270.37              1           1.63  
    55        1512          1270.36              1           1.77  
    56        1539          1270.35              1           2.58  
    57        1566          1270.35              1           1.98  
    58        1593          1270.34              1          0.945  
    59        1620          1270.34              1           0.92  
                                                        First-order 
 Iteration  Func-count       f(x)        Step-size       optimality
    60        1647          1270.34              1           1.46  
    61        1674          1270.33              1           2.51  
    62        1701          1270.32              1           2.94  
    63        1728          1270.31              1           1.98  
    64        1755          1270.31              1          0.609  
    65        1782          1270.31              1          0.542  
    66        1809          1270.31              1          0.431  
    67        1836           1270.3              1          0.631  
    68        1863           1270.3              1          0.516  
    69        1890           1270.3              1           0.24  
    70        1917           1270.3              1          0.232  
    71        1944           1270.3              1          0.232  
    72        1971           1270.3              1          0.451  
    73        1998           1270.3              1          0.657  
    74        2025           1270.3              1          0.675  
    75        2052           1270.3              1           0.51  
    76        2079           1270.3              1          0.507  
    77        2106           1270.3              1          0.443  
    78        2133           1270.3              1          0.684  
    79        2160           1270.3              1          0.729  
                                                        First-order 
 Iteration  Func-count       f(x)        Step-size       optimality
    80        2187           1270.3              1          0.497  
    81        2214           1270.3              1          0.225  
    82        2241           1270.3              1           0.27  
    83        2268           1270.3              1          0.338  
    84        2295           1270.3              1          0.329  
    85        2322           1270.3              1          0.234  
    86        2349           1270.3              1           0.14  
    87        2376           1270.3              1          0.103  
    88        2403           1270.3              1          0.123  
    89        2430          1270.29              1          0.156  
    90        2457          1270.29              1          0.107  
    91        2484          1270.29              1         0.0735  
    92        2511          1270.29              1         0.0735  
    93        2538          1270.29              1          0.076  
    94        2565          1270.29              1           0.12  
    95        2592          1270.29              1          0.139  
    96        2619          1270.29              1          0.105  
    97        2646          1270.29              1          0.131  
    98        2673          1270.29              1          0.137  
    99        2700          1270.29              1          0.118  
                                                        First-order 
 Iteration  Func-count       f(x)        Step-size       optimality
   100        2727          1270.29              1          0.135  
   101        2754          1270.29              1         0.0991  
   102        2781          1270.29              1          0.032  
   103        2808          1270.29              1        0.00833  
   104        2835          1270.29              1         0.0083  
   105        2862          1270.29              1        0.00829  
   106        2889          1270.29              1        0.00821  
   107        2916          1270.29              1        0.00777  
   108        2943          1270.29              1         0.0127  
   109        2970          1270.29              1         0.0137  
   110        2997          1270.29              1         0.0128  
   111        3024          1270.29              1          0.011  
   112        3051          1270.29              1         0.0103  
   113        3078          1270.29              1        0.00844  
   114        3105          1270.29              1        0.00323  
   115        3132          1270.29              1        0.00285  
   116        3159          1270.29              1         0.0027  
   117        3186          1270.29              1        0.00293  
   118        3213          1270.29              1        0.00343  
   119        3240          1270.29              1        0.00443  
                                                        First-order 
 Iteration  Func-count       f(x)        Step-size       optimality
   120        3267          1270.29              1        0.00203  
   121        3294          1270.29              1       0.000763  
   122        3321          1270.29              1       0.000198  
   123        3375          1270.29       0.292165        0.00029  
   124        3456          1270.29      0.0435779       0.000229  
   125        3483          1270.29              1       0.000229  
   126        3510          1270.29              1       0.000153  
   127        3591          1270.29      0.0374514       0.000137  
   128        3699          1270.29      0.0142628       0.000168  
   129        3753          1270.29       0.352111       0.000122  
   130        3861          1270.29      0.0983898       0.000168  

Local minimum possible.

fminunc stopped because it cannot decrease the objective function
along the current search direction.




Computing finite-difference Hessian using objective function.
Predicted change in objective function too small.
Warning: File: /data/scratch/m1pac03/mcrcache_15792035_43/.mcrCache9.2/OOS_sl0/functions/fPredDensityDirectFull.m Line: 97 Column: 26
The temporary variable st_temp will be cleared at the beginning of each iteration of the parfor loop.
Any value assigned to it before the loop will be lost.  If st_temp is used before it is assigned in the parfor loop, a runtime error will occur.
See Parallel for Loops in MATLAB, "Temporary Variables".
> In msreg_2reg_endoprob_SVAR_FULL_OOS (line 317)
  In OOS_slurm_IF (line 2)
Starting parallel pool (parpool) using the 'local' profile ...
connected to 1 workers.
Current draw: 3000 of 5000
Current draw: 2000 of 5000
Current draw: 1000 of 5000
Current draw: 5000 of 5000
Current draw: 4000 of 5000
Elapsed time is 209.502658 seconds.
Ran Forecast Type 1for Model 11 and Horizon 12
Performing iteration ending on 2002M7 of model 11
Warning: This should be expanded with the country names in case of panel
> In abstvar/abstvar/check_inputs
  In abstvar
  In svar
  In scriptEstimateMode_FULL (line 79)
  In run (line 86)
  In msreg_2reg_endoprob_SVAR_FULL_OOS (line 217)
  In OOS_slurm_IF (line 2)
    'c(3,1,sync,1)>=c(3,1,sync,2)'
    'a0(1,GDPG,sync,1)=0'
    'a0(2,GDPG,sync,1)=0'
    'a0(1,MF,sync,1)=0'
    'a0(1,GDPG,sync,2)=0'
    'a0(2,GDPG,sync,2)=0'
    'a0(1,MF,sync,2)=0'
    'a1(3,GDPG)=0'
    's(3,3,sync,1)<=s(3,3,sync,2)'

 parameter: A12, density:BETA, hyperparameters: [4.3661e-06 3.9294e-05],convergence 3.9293e-06
 parameter: A21, density:BETA, hyperparameters: [4.3661e-06 3.9294e-05],convergence 3.9293e-06
                                                        First-order 
 Iteration  Func-count       f(x)        Step-size       optimality
     0          29          11114.2                      9.69e+03
     1          58          2866.31     0.00010324       2.37e+03  
     2          87          2343.29              1       1.95e+03  
     3         116          1980.28              1            638  
     4         145          1695.51              1            254  
     5         174          1627.73              1            156  
     6         203          1606.38              1           79.7  
     7         232           1599.3              1           81.3  
     8         261          1591.74              1           93.4  
     9         290          1579.42              1            107  
    10         319          1563.51              1            133  
    11         348          1550.11              1            143  
    12         377          1540.47              1            140  
    13         406          1531.94              1            101  
    14         435          1524.61              1            136  
    15         464          1516.52              1            140  
    16         493          1510.47              1            105  
    17         522          1505.07              1            100  
    18         551          1497.73              1            191  
    19         580          1487.38              1            259  
                                                        First-order 
 Iteration  Func-count       f(x)        Step-size       optimality
    20         609          1479.72              1            178  
    21         638          1476.38              1           43.3  
    22         667          1474.52              1           54.5  
    23         696          1472.26              1            127  
    24         725          1466.98              1            208  
    25         754          1460.11              1            219  
    26         783          1455.12              1           97.2  
    27         812          1451.81              1           77.3  
    28         841          1449.18              1            124  
    29         870          1445.97              1            151  
    30         899           1442.8              1            108  
    31         928          1439.76              1           90.6  
    32         957          1437.12              1           78.4  
    33         986          1434.18              1            140  
    34        1015          1430.52              1            139  
    35        1044          1427.94              1             75  
    36        1073          1426.71              1           48.2  
    37        1102          1425.58              1           49.5  
    38        1131          1423.77              1            103  
    39        1160          1421.49              1            119  
                                                        First-order 
 Iteration  Func-count       f(x)        Step-size       optimality
    40        1189          1419.69              1           76.3  
    41        1218          1418.68              1           27.3  
    42        1247          1418.04              1           30.8  
    43        1276          1417.14              1             71  
    44        1305          1415.19              1            116  
    45        1334          1412.42              1            124  
    46        1421          1411.79       0.225314            111  
    47        1508          1411.12           0.19           92.3  
    48        1624          1410.71       0.135485           78.3  
    49        2262          1410.62      0.0305064            515  
    50        3161          1410.62    5.57632e-08          1e+03  

Local minimum possible.

fminunc stopped because it cannot decrease the objective function
along the current search direction.




Computing finite-difference Hessian using objective function.
Predicted change in objective function too small.
Warning: File: /data/scratch/m1pac03/mcrcache_15792035_43/.mcrCache9.2/OOS_sl0/functions/fPredDensityIteratedFull.m Line: 115 Column: 83
The temporary variable f_t_comp will be cleared at the beginning of each iteration of the parfor loop.
Any value assigned to it before the loop will be lost.  If f_t_comp is used before it is assigned in the parfor loop, a runtime error will occur.
See Parallel for Loops in MATLAB, "Temporary Variables".
> In msreg_2reg_endoprob_SVAR_FULL_OOS (line 320)
  In OOS_slurm_IF (line 2)
Warning: File: /data/scratch/m1pac03/mcrcache_15792035_43/.mcrCache9.2/OOS_sl0/functions/fPredDensityIteratedFull.m Line: 115 Column: 92
The temporary variable m_t_comp will be cleared at the beginning of each iteration of the parfor loop.
Any value assigned to it before the loop will be lost.  If m_t_comp is used before it is assigned in the parfor loop, a runtime error will occur.
See Parallel for Loops in MATLAB, "Temporary Variables".
> In msreg_2reg_endoprob_SVAR_FULL_OOS (line 320)
  In OOS_slurm_IF (line 2)
Warning: File: /data/scratch/m1pac03/mcrcache_15792035_43/.mcrCache9.2/OOS_sl0/functions/fPredDensityIteratedFull.m Line: 115 Column: 101
The temporary variable gdp_t_comp will be cleared at the beginning of each iteration of the parfor loop.
Any value assigned to it before the loop will be lost.  If gdp_t_comp is used before it is assigned in the parfor loop, a runtime error will occur.
See Parallel for Loops in MATLAB, "Temporary Variables".
> In msreg_2reg_endoprob_SVAR_FULL_OOS (line 320)
  In OOS_slurm_IF (line 2)
Warning: File: /data/scratch/m1pac03/mcrcache_15792035_43/.mcrCache9.2/OOS_sl0/functions/fPredDensityIteratedFull.m Line: 113 Column: 66
The temporary variable st_sim will be cleared at the beginning of each iteration of the parfor loop.
Any value assigned to it before the loop will be lost.  If st_sim is used before it is assigned in the parfor loop, a runtime error will occur.
See Parallel for Loops in MATLAB, "Temporary Variables".
> In msreg_2reg_endoprob_SVAR_FULL_OOS (line 320)
  In OOS_slurm_IF (line 2)
Warning: File: /data/scratch/m1pac03/mcrcache_15792035_43/.mcrCache9.2/OOS_sl0/functions/fPredDensityIteratedFull.m Line: 107 Column: 49
The temporary variable p11 will be cleared at the beginning of each iteration of the parfor loop.
Any value assigned to it before the loop will be lost.  If p11 is used before it is assigned in the parfor loop, a runtime error will occur.
See Parallel for Loops in MATLAB, "Temporary Variables".
> In msreg_2reg_endoprob_SVAR_FULL_OOS (line 320)
  In OOS_slurm_IF (line 2)
Warning: File: /data/scratch/m1pac03/mcrcache_15792035_43/.mcrCache9.2/OOS_sl0/functions/fPredDensityIteratedFull.m Line: 107 Column: 53
The temporary variable p22 will be cleared at the beginning of each iteration of the parfor loop.
Any value assigned to it before the loop will be lost.  If p22 is used before it is assigned in the parfor loop, a runtime error will occur.
See Parallel for Loops in MATLAB, "Temporary Variables".
> In msreg_2reg_endoprob_SVAR_FULL_OOS (line 320)
  In OOS_slurm_IF (line 2)
Warning: File: /data/scratch/m1pac03/mcrcache_15792035_43/.mcrCache9.2/OOS_sl0/functions/fPredDensityIteratedFull.m Line: 107 Column: 42
The temporary variable st_lag will be cleared at the beginning of each iteration of the parfor loop.
Any value assigned to it before the loop will be lost.  If st_lag is used before it is assigned in the parfor loop, a runtime error will occur.
See Parallel for Loops in MATLAB, "Temporary Variables".
> In msreg_2reg_endoprob_SVAR_FULL_OOS (line 320)
  In OOS_slurm_IF (line 2)
Current draw: 5000 of 5000
Current draw: 4000 of 5000
Current draw: 3000 of 5000
Current draw: 2000 of 5000
Current draw: 1000 of 5000
Elapsed time is 483.460040 seconds.
Ran Forecast Type 2for Model 11 and Horizon 12
