139
------------------------------------------
Setting up environment variables
---
LD_LIBRARY_PATH is .:/opt/MATLAB/R2017a/runtime/glnxa64:/opt/MATLAB/R2017a/bin/glnxa64:/opt/MATLAB/R2017a/sys/os/glnxa64:/opt/MATLAB/R2017a/sys/opengl/lib/glnxa64
Warning: Method directories not allowed in MATLAB path: /data/scratch/m1pac03/mcrcache_15792035_139/.mcrCache9.2/OOS_sl0/if/gms_research_gar/GAR/MS-VAR/RISE_toolbox2/classes/models/@dsge/private
Running on SLURM; using 1 cores as assigned on this node.

Performing iteration ending on 2010M7 of model 11
Warning: This should be expanded with the country names in case of panel
> In abstvar/abstvar/check_inputs
  In abstvar
  In svar
  In scriptEstimateMode_FULL (line 79)
  In run (line 86)
  In msreg_2reg_endoprob_SVAR_FULL_OOS (line 217)
  In OOS_slurm_IF (line 2)
    'c(3,1,sync,1)>=c(3,1,sync,2)'
    'a0(1,GDPGH,sync,1)=0'
    'a0(1,MF,sync,1)=0'
    'a0(2,GDPGH,sync,1)=0'
    'a0(1,GDPGH,sync,2)=0'
    'a0(1,MF,sync,2)=0'
    'a0(2,GDPGH,sync,2)=0'
    'a1(1,GDPGH)=0'
    'a1(2,GDPGH)=0'
    'a1(3,GDPGH)=0'
    's(3,3,sync,1)<=s(3,3,sync,2)'

 parameter: A12, density:BETA, hyperparameters: [4.3661e-06 3.9294e-05],convergence 3.9293e-06
 parameter: A21, density:BETA, hyperparameters: [4.3661e-06 3.9294e-05],convergence 3.9293e-06
                                                        First-order 
 Iteration  Func-count       f(x)        Step-size       optimality
     0          27          7153.67                      4.35e+03
     1          54          2117.77    0.000229712            479  
     2          81          2006.22              1            302  
     3         108          1929.87              1            169  
     4         135          1885.26              1           96.8  
     5         162          1872.79              1            105  
     6         189          1861.85              1            110  
     7         216          1838.91              1            129  
     8         243          1816.43              1            191  
     9         270          1790.49              1            154  
    10         297          1737.51              1            124  
    11         324          1728.53              1           54.1  
    12         351          1725.52              1           54.1  
    13         378          1718.97              1           50.6  
    14         405          1711.87              1           50.3  
    15         432          1706.64              1             68  
    16         459          1699.89              1           71.8  
    17         486          1689.84              1           88.7  
    18         513          1678.85              1             81  
    19         540          1671.49              1             61  
                                                        First-order 
 Iteration  Func-count       f(x)        Step-size       optimality
    20         567          1661.75              1           46.3  
    21         594          1655.51              1           49.2  
    22         621          1645.62              1           67.7  
    23         648           1636.7              1           76.6  
    24         675          1628.89              1             59  
    25         702          1624.01              1           36.8  
    26         729          1620.77              1           31.1  
    27         756          1618.58              1           24.6  
    28         783          1616.62              1           32.4  
    29         810          1614.45              1           36.6  
    30         837          1612.08              1           26.6  
    31         864           1610.2              1           25.3  
    32         891          1609.05              1           23.7  
    33         918          1607.54              1             25  
    34         945           1606.6              1             28  
    35         972          1605.37              1           21.5  
    36         999          1604.89              1           10.6  
    37        1026          1604.72              1           8.09  
    38        1053          1604.58              1           9.74  
    39        1080          1604.37              1           15.6  
                                                        First-order 
 Iteration  Func-count       f(x)        Step-size       optimality
    40        1107          1604.15              1           14.2  
    41        1134          1604.02              1           6.72  
    42        1161          1603.97              1            5.1  
    43        1188          1603.95              1           2.99  
    44        1215          1603.93              1           2.43  
    45        1242          1603.91              1           2.18  
    46        1269           1603.9              1           2.29  
    47        1296          1603.89              1           2.57  
    48        1323          1603.88              1           2.52  
    49        1350          1603.87              1           2.22  
    50        1377          1603.86              1           2.35  
    51        1404          1603.85              1           1.66  
    52        1431          1603.84              1           1.48  
    53        1458          1603.84              1           1.43  
    54        1485          1603.83              1           1.43  
    55        1512          1603.83              1           1.88  
    56        1539          1603.82              1            1.9  
    57        1566          1603.81              1           1.81  
    58        1593           1603.8              1           1.49  
    59        1620          1603.79              1            1.8  
                                                        First-order 
 Iteration  Func-count       f(x)        Step-size       optimality
    60        1647          1603.79              1            1.7  
    61        1674          1603.78              1           1.22  
    62        1701          1603.78              1          0.978  
    63        1728          1603.77              1              1  
    64        1755          1603.77              1          0.778  
    65        1782          1603.77              1          0.749  
    66        1809          1603.77              1          0.815  
    67        1836          1603.76              1           0.63  
    68        1863          1603.76              1          0.694  
    69        1890          1603.76              1          0.583  
    70        1917          1603.76              1          0.602  
    71        1944          1603.76              1          0.485  
    72        1971          1603.76              1          0.324  
    73        1998          1603.76              1          0.357  
    74        2025          1603.76              1          0.323  
    75        2052          1603.76              1          0.256  
    76        2079          1603.76              1          0.194  
    77        2106          1603.76              1          0.203  
    78        2133          1603.76              1          0.241  
    79        2160          1603.76              1          0.287  
                                                        First-order 
 Iteration  Func-count       f(x)        Step-size       optimality
    80        2187          1603.76              1          0.273  
    81        2214          1603.76              1          0.217  
    82        2241          1603.76              1          0.265  
    83        2268          1603.75              1          0.312  
    84        2295          1603.75              1           0.26  
    85        2322          1603.75              1          0.296  
    86        2349          1603.75              1           0.29  
    87        2376          1603.75              1          0.256  
    88        2403          1603.75              1          0.252  
    89        2430          1603.75              1          0.251  
    90        2457          1603.75              1          0.128  
    91        2484          1603.75              1         0.0764  
    92        2511          1603.75              1         0.0746  
    93        2538          1603.75              1          0.073  
    94        2565          1603.75              1          0.069  
    95        2592          1603.75              1         0.0615  
    96        2619          1603.75              1          0.051  
    97        2646          1603.75              1         0.0587  
    98        2673          1603.75              1         0.0645  
    99        2700          1603.75              1         0.0595  
                                                        First-order 
 Iteration  Func-count       f(x)        Step-size       optimality
   100        2727          1603.75              1         0.0576  
   101        2754          1603.75              1         0.0559  
   102        2781          1603.75              1         0.0471  
   103        2808          1603.75              1         0.0439  
   104        2835          1603.75              1         0.0401  
   105        2862          1603.75              1         0.0327  
   106        2889          1603.75              1         0.0266  
   107        2916          1603.75              1         0.0198  
   108        2943          1603.75              1         0.0125  
   109        2970          1603.75              1        0.00848  
   110        2997          1603.75              1        0.00806  
   111        3024          1603.75              1        0.00777  
   112        3051          1603.75              1        0.00751  
   113        3078          1603.75              1        0.00754  
   114        3105          1603.75              1         0.0114  
   115        3132          1603.75              1         0.0113  
   116        3159          1603.75              1        0.00592  
   117        3186          1603.75              1        0.00471  
   118        3213          1603.75              1        0.00395  
   119        3240          1603.75              1        0.00346  
                                                        First-order 
 Iteration  Func-count       f(x)        Step-size       optimality
   120        3267          1603.75              1        0.00313  
   121        3294          1603.75              1        0.00191  
   122        3321          1603.75              1       0.000458  
   123        3348          1603.75              1       0.000275  
   124        3375          1603.75              1       0.000244  
   125        3429          1603.75       0.242062       0.000183  
   126        3510          1603.75      0.0821768       0.000198  
   127        3564          1603.75       0.299202       0.000198  

Local minimum possible.

fminunc stopped because it cannot decrease the objective function
along the current search direction.




Computing finite-difference Hessian using objective function.
Predicted change in objective function too small.
Warning: File: /data/scratch/m1pac03/mcrcache_15792035_139/.mcrCache9.2/OOS_sl0/functions/fPredDensityDirectFull.m Line: 97 Column: 26
The temporary variable st_temp will be cleared at the beginning of each iteration of the parfor loop.
Any value assigned to it before the loop will be lost.  If st_temp is used before it is assigned in the parfor loop, a runtime error will occur.
See Parallel for Loops in MATLAB, "Temporary Variables".
> In msreg_2reg_endoprob_SVAR_FULL_OOS (line 317)
  In OOS_slurm_IF (line 2)
Starting parallel pool (parpool) using the 'local' profile ...
connected to 1 workers.
Current draw: 3000 of 5000
Current draw: 2000 of 5000
Current draw: 1000 of 5000
Current draw: 5000 of 5000
Current draw: 4000 of 5000
Elapsed time is 239.080124 seconds.
Ran Forecast Type 1for Model 11 and Horizon 12
Performing iteration ending on 2010M7 of model 11
Warning: This should be expanded with the country names in case of panel
> In abstvar/abstvar/check_inputs
  In abstvar
  In svar
  In scriptEstimateMode_FULL (line 79)
  In run (line 86)
  In msreg_2reg_endoprob_SVAR_FULL_OOS (line 217)
  In OOS_slurm_IF (line 2)
    'c(3,1,sync,1)>=c(3,1,sync,2)'
    'a0(1,GDPG,sync,1)=0'
    'a0(2,GDPG,sync,1)=0'
    'a0(1,MF,sync,1)=0'
    'a0(1,GDPG,sync,2)=0'
    'a0(2,GDPG,sync,2)=0'
    'a0(1,MF,sync,2)=0'
    'a1(3,GDPG)=0'
    's(3,3,sync,1)<=s(3,3,sync,2)'

 parameter: A12, density:BETA, hyperparameters: [4.3661e-06 3.9294e-05],convergence 3.9293e-06
 parameter: A21, density:BETA, hyperparameters: [4.3661e-06 3.9294e-05],convergence 3.9293e-06
                                                        First-order 
 Iteration  Func-count       f(x)        Step-size       optimality
     0          29          14189.6                      1.14e+04
     1          58          3761.72    8.78025e-05       3.42e+03  
     2          87          2773.79              1       2.09e+03  
     3         116          2443.74              1            798  
     4         145          2177.92              1            379  
     5         174          2087.62              1            249  
     6         203          2057.96              1            114  
     7         232          2045.91              1            155  
     8         261          2032.39              1            167  
     9         290          2011.61              1            151  
    10         319          1986.83              1            167  
    11         348          1971.98              1            178  
    12         377             1964              1            116  
    13         406          1954.26              1            152  
    14         435          1946.87              1            157  
    15         464          1934.77              1            196  
    16         493          1924.01              1            205  
    17         522          1910.07              1            227  
    18         551          1900.87              1            219  
    19         580          1894.57              1           91.2  
                                                        First-order 
 Iteration  Func-count       f(x)        Step-size       optimality
    20         609          1892.53              1           42.5  
    21         638           1890.5              1           82.9  
    22         667          1886.85              1            163  
    23         696          1881.65              1            194  
    24         725          1876.23              1            130  
    25         754          1872.31              1            105  
    26         783          1868.34              1            120  
    27         812          1862.24              1            243  
    28         841          1854.96              1            263  
    29         870           1848.5              1            158  
    30         899          1845.04              1           66.5  
    31         928          1842.99              1           80.1  
    32         957          1839.61              1            176  
    33         986          1834.07              1            233  
    34        1015          1829.23              1            183  
    35        1044          1825.93              1           83.7  
    36        1073          1823.16              1           68.3  
    37        1102          1820.61              1            142  
    38        1131           1817.5              1            164  
    39        1160          1815.49              1           94.8  
                                                        First-order 
 Iteration  Func-count       f(x)        Step-size       optimality
    40        1189           1814.7              1           31.6  
    41        1218          1814.32              1           31.1  
    42        1247          1813.58              1           77.5  
    43        1276          1812.07              1            130  
    44        1305          1809.33              1            163  
    45        1334          1806.19              1            131  
    46        1363          1804.21              1           52.8  
    47        1392          1803.13              1           46.3  
    48        1421          1802.38              1           43.5  
    49        1450          1801.08              1           68.9  
    50        1479          1798.21              1           93.2  
    51        1508          1793.33              1           98.7  
    52        1537          1788.12              1           71.3  
    53        1595          1786.37            0.5           49.4  
    54        1653           1785.5       0.335648           31.3  
    55        1711          1785.19       0.180439           24.6  
    56        1769          1784.99       0.126665           23.1  
    57        1856          1784.67       0.196391           23.2  
    58        1972          1784.47       0.126379           23.2  
    59        2378          1784.42      0.0259326            791  
                                                        First-order 
 Iteration  Func-count       f(x)        Step-size       optimality
    60        2494          1784.41     0.00480762       1.01e+03  
    61        2610          1783.41     0.00545769           44.3  
    62        2639          1783.09              1           36.9  
    63        2668           1781.2              1           18.9  
    64        2697          1780.64              1           16.8  
    65        2726          1780.35              1           20.5  
    66        2755          1780.09              1           24.4  
    67        2784          1779.66              1           26.3  
    68        2813          1779.24              1           22.7  
    69        2842          1778.93              1           15.2  
    70        2871          1778.72              1           8.97  
    71        2900          1778.49              1           9.15  
    72        2929          1778.28              1           8.84  
    73        2958          1778.12              1           8.17  
    74        2987          1778.05              1           8.26  
    75        3016          1778.01              1           8.34  
    76        3045          1777.97              1           8.43  
    77        3074          1777.91              1           8.51  
    78        3103          1777.83              1           8.52  
    79        3132          1777.73              1           8.43  
                                                        First-order 
 Iteration  Func-count       f(x)        Step-size       optimality
    80        3161          1777.61              1           8.23  
    81        3190          1777.52              1           8.01  
    82        3219          1777.49              1            7.9  
    83        3248          1777.47              1            7.9  
    84        3277          1777.46              1           7.92  
    85        3306          1777.43              1           7.98  
    86        3335          1777.37              1           8.09  
    87        3364          1777.28              1           8.27  
    88        3393           1777.2              1           8.36  
    89        3422          1777.17              1           8.39  
    90        3451          1777.15              1           8.37  
    91        3480          1777.14              1           8.34  
    92        3509          1777.09              1           8.32  
    93        3538          1777.01              1           10.6  
    94        3567          1776.92              1           10.6  
    95        3596          1776.86              1           8.54  
    96        3625          1776.84              1            8.6  
    97        3654          1776.83              1           8.61  
    98        3683          1776.82              1           8.59  
    99        3712          1776.79              1           8.53  
                                                        First-order 
 Iteration  Func-count       f(x)        Step-size       optimality
   100        3741          1776.73              1           10.5  
   101        3770          1776.67              1           10.1  
   102        3799          1776.63              1           7.84  
   103        3828          1776.61              1           7.79  
   104        3857          1776.61              1           7.78  
   105        3886           1776.6              1           7.77  
   106        3915          1776.58              1           7.76  
   107        3944          1776.53              1           12.2  
   108        3973          1776.46              1             14  
   109        4002           1776.4              1           9.41  
   110        4031          1776.38              1           6.65  
   111        4060          1776.38              1           6.66  
   112        4089          1776.38              1           6.67  
   113        4118          1776.37              1           6.69  
   114        4147          1776.36              1           6.67  
   115        4176          1776.35              1           6.58  
   116        4205          1776.33              1           6.45  
   117        4234          1776.33              1           6.36  
   118        4263          1776.33              1           6.35  
   119        4292          1776.33              1           6.35  
                                                        First-order 
 Iteration  Func-count       f(x)        Step-size       optimality
   120        4321          1776.33              1           6.36  
   121        4350          1776.32              1           6.39  
   122        4379          1776.32              1           6.44  
   123        4408          1776.32              1           6.49  
   124        4437          1776.32              1           6.51  
   125        4466          1776.32              1           6.51  
   126        4495          1776.31              1            6.5  
   127        4524          1776.31              1           6.48  
   128        4553          1776.31              1           6.45  
   129        4582           1776.3              1           6.39  
   130        4611          1776.29              1           6.31  
   131        4640          1776.28              1           6.25  
   132        4669          1776.28              1           6.25  
   133        4698          1776.28              1           6.28  
   134        4727          1776.28              1           6.29  
   135        4756          1776.27              1           6.31  
   136        4785          1776.27              1           6.34  
   137        4814          1776.27              1           6.39  
   138        4843          1776.26              1           6.43  
   139        4872          1776.25              1           6.43  
                                                        First-order 
 Iteration  Func-count       f(x)        Step-size       optimality
   140        4901          1776.24              1           6.39  
   141        4930          1776.24              1           6.35  
   142        4959          1776.24              1           6.34  
   143        4988          1776.24              1           6.34  
   144        5017          1776.24              1           6.33  
   145        5046          1776.24              1           6.33  
   146        5075          1776.24              1           6.33  
   147        5104          1776.23              1           6.35  
   148        5133          1776.23              1           6.38  
   149        5162          1776.23              1           6.41  
   150        5191          1776.23              1           6.42  
   151        5220          1776.23              1           6.42  
   152        5249          1776.23              1           6.42  
   153        5278          1776.23              1           6.41  
   154        5307          1776.23              1            6.4  
   155        5336          1776.23              1           6.38  
   156        5365          1776.22              1           6.32  
   157        5394          1776.21              1            6.2  
   158        5423           1776.2              1           5.99  
   159        5452          1776.18              1           5.77  
                                                        First-order 
 Iteration  Func-count       f(x)        Step-size       optimality
   160        5481          1776.18              1           5.69  
   161        5510          1776.18              1           5.71  
   162        5539          1776.18              1           5.73  
   163        5568          1776.18              1           5.74  
   164        5597          1776.18              1           5.76  
   165        5626          1776.18              1           5.78  
   166        5655          1776.17              1           5.79  
   167        5684          1776.17              1           5.73  
   168        5713          1776.15              1           5.48  
   169        5742          1776.12              1           4.75  
   170        5771          1776.08              1           3.21  
   171        5800          1776.02              1           1.53  
   172        5829             1776              1          0.967  
   173        5858             1776              1           1.01  
   174        5887             1776              1           1.01  
   175        5916             1776              1           1.01  
   176        5945             1776              1           1.01  
   177        5974             1776              1              1  
   178        6003             1776              1              1  
   179        6032             1776              1          0.996  
                                                        First-order 
 Iteration  Func-count       f(x)        Step-size       optimality
   180        6061          1775.99              1          0.995  
   181        6090          1775.99              1              1  
   182        6119          1775.99              1           1.01  
   183        6148          1775.99              1           1.02  
   184        6177          1775.99              1           1.02  
   185        6206          1775.99              1           1.02  
   186        6235          1775.99              1           1.02  
   187        6264          1775.99              1           1.02  
   188        6293          1775.99              1           1.02  
   189        6322          1775.99              1           1.02  
   190        6351          1775.99              1           1.02  
   191        6380          1775.99              1           1.01  
   192        6409          1775.99              1           1.01  
   193        6438          1775.99              1          0.991  
   194        6467          1775.99              1           1.38  
   195        6496          1775.99              1           2.22  
   196        6525          1775.98              1           3.46  
   197        6554          1775.97              1           4.94  
   198        6583          1775.94              1            5.8  
   199        6612          1775.91              1           4.57  
                                                        First-order 
 Iteration  Func-count       f(x)        Step-size       optimality
   200        6641          1775.89              1            1.8  
   201        6670          1775.89              1          0.247  
   202        6699          1775.89              1        0.00922  
   203        6728          1775.89              1        0.00241  
   204        6757          1775.89              1       0.000763  
   205        6786          1775.89              1        0.00163  
   206        6815          1775.89              1       0.000366  
   207        6902          1775.89      0.0625145       0.000275  
   208        6960          1775.89       0.174037       0.000214  
   209        7163          1775.89     6.3686e-05       0.000214  
   210        7366          1775.89    0.000238851        0.00029  

Local minimum possible.

fminunc stopped because the size of the current step is less than
the selected value of the step size tolerance.




Local minimum possible.

fminunc stopped because it cannot decrease the objective function
along the current search direction.




Computing finite-difference Hessian using objective function.
Predicted change in objective function too small.
Warning: File: /data/scratch/m1pac03/mcrcache_15792035_139/.mcrCache9.2/OOS_sl0/functions/fPredDensityIteratedFull.m Line: 115 Column: 83
The temporary variable f_t_comp will be cleared at the beginning of each iteration of the parfor loop.
Any value assigned to it before the loop will be lost.  If f_t_comp is used before it is assigned in the parfor loop, a runtime error will occur.
See Parallel for Loops in MATLAB, "Temporary Variables".
> In msreg_2reg_endoprob_SVAR_FULL_OOS (line 320)
  In OOS_slurm_IF (line 2)
Warning: File: /data/scratch/m1pac03/mcrcache_15792035_139/.mcrCache9.2/OOS_sl0/functions/fPredDensityIteratedFull.m Line: 115 Column: 92
The temporary variable m_t_comp will be cleared at the beginning of each iteration of the parfor loop.
Any value assigned to it before the loop will be lost.  If m_t_comp is used before it is assigned in the parfor loop, a runtime error will occur.
See Parallel for Loops in MATLAB, "Temporary Variables".
> In msreg_2reg_endoprob_SVAR_FULL_OOS (line 320)
  In OOS_slurm_IF (line 2)
Warning: File: /data/scratch/m1pac03/mcrcache_15792035_139/.mcrCache9.2/OOS_sl0/functions/fPredDensityIteratedFull.m Line: 115 Column: 101
The temporary variable gdp_t_comp will be cleared at the beginning of each iteration of the parfor loop.
Any value assigned to it before the loop will be lost.  If gdp_t_comp is used before it is assigned in the parfor loop, a runtime error will occur.
See Parallel for Loops in MATLAB, "Temporary Variables".
> In msreg_2reg_endoprob_SVAR_FULL_OOS (line 320)
  In OOS_slurm_IF (line 2)
Warning: File: /data/scratch/m1pac03/mcrcache_15792035_139/.mcrCache9.2/OOS_sl0/functions/fPredDensityIteratedFull.m Line: 113 Column: 66
The temporary variable st_sim will be cleared at the beginning of each iteration of the parfor loop.
Any value assigned to it before the loop will be lost.  If st_sim is used before it is assigned in the parfor loop, a runtime error will occur.
See Parallel for Loops in MATLAB, "Temporary Variables".
> In msreg_2reg_endoprob_SVAR_FULL_OOS (line 320)
  In OOS_slurm_IF (line 2)
Warning: File: /data/scratch/m1pac03/mcrcache_15792035_139/.mcrCache9.2/OOS_sl0/functions/fPredDensityIteratedFull.m Line: 107 Column: 49
The temporary variable p11 will be cleared at the beginning of each iteration of the parfor loop.
Any value assigned to it before the loop will be lost.  If p11 is used before it is assigned in the parfor loop, a runtime error will occur.
See Parallel for Loops in MATLAB, "Temporary Variables".
> In msreg_2reg_endoprob_SVAR_FULL_OOS (line 320)
  In OOS_slurm_IF (line 2)
Warning: File: /data/scratch/m1pac03/mcrcache_15792035_139/.mcrCache9.2/OOS_sl0/functions/fPredDensityIteratedFull.m Line: 107 Column: 53
The temporary variable p22 will be cleared at the beginning of each iteration of the parfor loop.
Any value assigned to it before the loop will be lost.  If p22 is used before it is assigned in the parfor loop, a runtime error will occur.
See Parallel for Loops in MATLAB, "Temporary Variables".
> In msreg_2reg_endoprob_SVAR_FULL_OOS (line 320)
  In OOS_slurm_IF (line 2)
Warning: File: /data/scratch/m1pac03/mcrcache_15792035_139/.mcrCache9.2/OOS_sl0/functions/fPredDensityIteratedFull.m Line: 107 Column: 42
The temporary variable st_lag will be cleared at the beginning of each iteration of the parfor loop.
Any value assigned to it before the loop will be lost.  If st_lag is used before it is assigned in the parfor loop, a runtime error will occur.
See Parallel for Loops in MATLAB, "Temporary Variables".
> In msreg_2reg_endoprob_SVAR_FULL_OOS (line 320)
  In OOS_slurm_IF (line 2)
Current draw: 5000 of 5000
Current draw: 4000 of 5000
Current draw: 3000 of 5000
Current draw: 2000 of 5000
Current draw: 1000 of 5000
Elapsed time is 714.346638 seconds.
Ran Forecast Type 2for Model 11 and Horizon 12
