113
------------------------------------------
Setting up environment variables
---
LD_LIBRARY_PATH is .:/opt/MATLAB/R2017a/runtime/glnxa64:/opt/MATLAB/R2017a/bin/glnxa64:/opt/MATLAB/R2017a/sys/os/glnxa64:/opt/MATLAB/R2017a/sys/opengl/lib/glnxa64
Warning: Method directories not allowed in MATLAB path: /data/scratch/m1pac03/mcrcache_15792035_113/.mcrCache9.2/OOS_sl0/if/gms_research_gar/GAR/MS-VAR/RISE_toolbox2/classes/models/@dsge/private
Running on SLURM; using 1 cores as assigned on this node.

Performing iteration ending on 2008M5 of model 11
Warning: This should be expanded with the country names in case of panel
> In abstvar/abstvar/check_inputs
  In abstvar
  In svar
  In scriptEstimateMode_FULL (line 79)
  In run (line 86)
  In msreg_2reg_endoprob_SVAR_FULL_OOS (line 217)
  In OOS_slurm_IF (line 2)
    'c(3,1,sync,1)>=c(3,1,sync,2)'
    'a0(1,GDPGH,sync,1)=0'
    'a0(1,MF,sync,1)=0'
    'a0(2,GDPGH,sync,1)=0'
    'a0(1,GDPGH,sync,2)=0'
    'a0(1,MF,sync,2)=0'
    'a0(2,GDPGH,sync,2)=0'
    'a1(1,GDPGH)=0'
    'a1(2,GDPGH)=0'
    'a1(3,GDPGH)=0'
    's(3,3,sync,1)<=s(3,3,sync,2)'

 parameter: A12, density:BETA, hyperparameters: [4.3661e-06 3.9294e-05],convergence 3.9293e-06
 parameter: A21, density:BETA, hyperparameters: [4.3661e-06 3.9294e-05],convergence 3.9293e-06
                                                        First-order 
 Iteration  Func-count       f(x)        Step-size       optimality
     0          27          5914.35                      4.02e+03
     1          54          1941.99    0.000248946            425  
     2          81          1829.09              1            285  
     3         108          1725.01              1            108  
     4         135          1710.67              1           96.8  
     5         162          1691.97              1           91.7  
     6         189          1681.37              1             94  
     7         216          1667.57              1           90.9  
     8         243          1646.39              1            179  
     9         270          1620.37              1            135  
    10         297           1592.5              1            141  
    11         324          1584.95              1           68.2  
    12         351          1578.93              1           49.3  
    13         378          1573.36              1           60.9  
    14         405          1570.61              1           60.8  
    15         432          1559.21              1           71.7  
    16         459          1552.77              1             72  
    17         486           1547.3              1           71.6  
    18         513          1541.53              1           58.3  
    19         540          1525.26              1           75.3  
                                                        First-order 
 Iteration  Func-count       f(x)        Step-size       optimality
    20         567          1514.75              1             66  
    21         594          1505.36              1           51.8  
    22         621          1498.89              1           43.6  
    23         648          1492.36              1           47.6  
    24         675          1486.39              1           37.2  
    25         702             1483              1           36.1  
    26         729          1480.87              1           29.9  
    27         756          1479.35              1           24.7  
    28         783          1477.96              1           18.3  
    29         810          1477.12              1           11.6  
    30         837          1476.59              1           15.2  
    31         864          1475.96              1           17.6  
    32         891          1475.28              1           17.6  
    33         918          1474.81              1           11.5  
    34         945          1474.56              1           9.99  
    35         972           1474.4              1            9.5  
    36         999          1474.24              1           8.43  
    37        1026          1474.09              1           6.81  
    38        1053             1474              1            5.7  
    39        1080          1473.95              1           5.53  
                                                        First-order 
 Iteration  Func-count       f(x)        Step-size       optimality
    40        1107          1473.91              1           4.37  
    41        1134          1473.87              1           4.29  
    42        1161          1473.84              1           4.31  
    43        1188          1473.81              1           2.93  
    44        1215          1473.79              1           2.85  
    45        1242          1473.77              1            2.4  
    46        1269          1473.75              1           2.95  
    47        1296          1473.73              1           3.21  
    48        1323          1473.71              1           2.66  
    49        1350          1473.67              1           3.84  
    50        1377          1473.63              1            4.3  
    51        1404          1473.58              1           3.02  
    52        1431          1473.56              1           3.41  
    53        1458          1473.54              1           3.12  
    54        1485          1473.51              1           3.31  
    55        1512          1473.49              1           2.68  
    56        1539          1473.48              1           1.98  
    57        1566          1473.47              1           1.88  
    58        1593          1473.46              1           1.66  
    59        1620          1473.45              1           2.01  
                                                        First-order 
 Iteration  Func-count       f(x)        Step-size       optimality
    60        1647          1473.44              1           1.99  
    61        1674          1473.43              1            1.6  
    62        1701          1473.42              1           1.62  
    63        1728          1473.42              1            1.2  
    64        1755          1473.41              1           1.17  
    65        1782          1473.41              1          0.972  
    66        1809          1473.41              1           1.19  
    67        1836           1473.4              1           1.17  
    68        1863           1473.4              1           1.08  
    69        1890           1473.4              1          0.844  
    70        1917           1473.4              1           0.54  
    71        1944           1473.4              1          0.512  
    72        1971          1473.39              1          0.562  
    73        1998          1473.39              1          0.855  
    74        2025          1473.39              1          0.849  
    75        2052          1473.39              1          0.433  
    76        2079          1473.39              1          0.448  
    77        2106          1473.39              1          0.435  
    78        2133          1473.39              1          0.506  
    79        2160          1473.39              1          0.728  
                                                        First-order 
 Iteration  Func-count       f(x)        Step-size       optimality
    80        2187          1473.39              1           0.67  
    81        2214          1473.39              1          0.369  
    82        2241          1473.39              1          0.344  
    83        2268          1473.38              1          0.285  
    84        2295          1473.38              1          0.188  
    85        2322          1473.38              1          0.158  
    86        2349          1473.38              1         0.0582  
    87        2376          1473.38              1         0.0421  
    88        2403          1473.38              1         0.0415  
    89        2430          1473.38              1         0.0395  
    90        2457          1473.38              1         0.0401  
    91        2484          1473.38              1         0.0674  
    92        2511          1473.38              1         0.0849  
    93        2538          1473.38              1         0.0781  
    94        2565          1473.38              1         0.0573  
    95        2592          1473.38              1         0.0409  
    96        2619          1473.38              1         0.0343  
    97        2646          1473.38              1         0.0199  
    98        2673          1473.38              1         0.0103  
    99        2700          1473.38              1         0.0111  
                                                        First-order 
 Iteration  Func-count       f(x)        Step-size       optimality
   100        2727          1473.38              1         0.0108  
   101        2754          1473.38              1        0.00912  
   102        2781          1473.38              1        0.00821  
   103        2808          1473.38              1        0.00444  
   104        2835          1473.38              1       0.000977  
   105        2862          1473.38              1       0.000473  
   106        2916          1473.38       0.265833       0.000549  
   107        2943          1473.38              1       0.000443  
   108        2970          1473.38              1       0.000473  
   109        3024          1473.38       0.450322       0.000641  
   110        3051          1473.38              1       0.000504  
   111        3078          1473.38              1       0.000504  
   112        3132          1473.38       0.325155       0.000443  
   113        3159          1473.38              1       0.000534  
   114        3213          1473.38       0.418428       0.000427  
   115        3240          1473.38              1       0.000702  
   116        3267          1473.38              1       0.000351  
   117        3294          1473.38              1       0.000534  
   118        3348          1473.38       0.366977       0.000793  
   119        3375          1473.38              1       0.000687  
                                                        First-order 
 Iteration  Func-count       f(x)        Step-size       optimality
   120        3402          1473.38              1        0.00061  
   121        3429          1473.38              1       0.000473  
   122        3456          1473.38              1       0.000549  
   123        3483          1473.38              1       0.000534  
   124        3537          1473.38       0.540619       0.000519  
   125        3564          1473.38              1       0.000275  
   126        3591          1473.38              1       0.000183  
   127        3618          1473.38              1       0.000275  
   128        3699          1473.38      0.0394777       0.000198  
   129        3753          1473.38       0.452236       0.000244  
   130        3834          1473.38        0.08208       0.000259  
   131        3888          1473.38       0.173037       0.000214  
   132        3942          1473.38       0.352636       0.000229  
   133        3996          1473.38       0.360073       0.000168  
   134        4050          1473.38       0.340951       0.000107  
   135        4077          1473.38              1       0.000183  

Local minimum possible.

fminunc stopped because it cannot decrease the objective function
along the current search direction.




Computing finite-difference Hessian using objective function.
Predicted change in objective function too small.
Warning: File: /data/scratch/m1pac03/mcrcache_15792035_113/.mcrCache9.2/OOS_sl0/functions/fPredDensityDirectFull.m Line: 97 Column: 26
The temporary variable st_temp will be cleared at the beginning of each iteration of the parfor loop.
Any value assigned to it before the loop will be lost.  If st_temp is used before it is assigned in the parfor loop, a runtime error will occur.
See Parallel for Loops in MATLAB, "Temporary Variables".
> In msreg_2reg_endoprob_SVAR_FULL_OOS (line 317)
  In OOS_slurm_IF (line 2)
Starting parallel pool (parpool) using the 'local' profile ...
connected to 1 workers.
Current draw: 3000 of 5000
Current draw: 2000 of 5000
Current draw: 1000 of 5000
Current draw: 5000 of 5000
Current draw: 4000 of 5000
Elapsed time is 252.799277 seconds.
Ran Forecast Type 1for Model 11 and Horizon 12
Performing iteration ending on 2008M5 of model 11
Warning: This should be expanded with the country names in case of panel
> In abstvar/abstvar/check_inputs
  In abstvar
  In svar
  In scriptEstimateMode_FULL (line 79)
  In run (line 86)
  In msreg_2reg_endoprob_SVAR_FULL_OOS (line 217)
  In OOS_slurm_IF (line 2)
    'c(3,1,sync,1)>=c(3,1,sync,2)'
    'a0(1,GDPG,sync,1)=0'
    'a0(2,GDPG,sync,1)=0'
    'a0(1,MF,sync,1)=0'
    'a0(1,GDPG,sync,2)=0'
    'a0(2,GDPG,sync,2)=0'
    'a0(1,MF,sync,2)=0'
    'a1(3,GDPG)=0'
    's(3,3,sync,1)<=s(3,3,sync,2)'

 parameter: A12, density:BETA, hyperparameters: [4.3661e-06 3.9294e-05],convergence 3.9293e-06
 parameter: A21, density:BETA, hyperparameters: [4.3661e-06 3.9294e-05],convergence 3.9293e-06
                                                        First-order 
 Iteration  Func-count       f(x)        Step-size       optimality
     0          29          12125.8                      1.02e+04
     1          58           3234.6    9.77674e-05        2.5e+03  
     2          87          2621.53              1       2.03e+03  
     3         116          2247.32              1            675  
     4         145          1965.27              1            278  
     5         174           1901.9              1            173  
     6         203          1882.13              1           95.9  
     7         232          1873.31              1            112  
     8         261          1861.42              1            134  
     9         290          1843.68              1            141  
    10         319          1824.56              1            155  
    11         348          1812.21              1            165  
    12         377          1802.96              1            107  
    13         406          1794.22              1            149  
    14         435          1787.16              1            166  
    15         464          1777.68              1            155  
    16         493          1768.92              1            158  
    17         522          1758.67              1            218  
    18         551          1748.32              1            243  
    19         580          1742.18              1            118  
                                                        First-order 
 Iteration  Func-count       f(x)        Step-size       optimality
    20         609          1740.12              1           41.7  
    21         638          1737.87              1           90.4  
    22         667          1734.03              1            203  
    23         696          1727.81              1            284  
    24         725          1720.04              1            249  
    25         754          1714.67              1            100  
    26         783          1711.71              1           86.5  
    27         812          1708.91              1            148  
    28         841          1704.51              1            242  
    29         870          1699.38              1            204  
    30         899          1694.77              1             96  
    31         928          1691.87              1           57.1  
    32         957           1689.2              1            131  
    33         986          1685.16              1            198  
    34        1015          1680.32              1            185  
    35        1044          1676.43              1           91.3  
    36        1073          1674.44              1           59.2  
    37        1102          1672.95              1           62.4  
    38        1131          1671.11              1            102  
    39        1189          1670.07       0.460838           97.1  
                                                        First-order 
 Iteration  Func-count       f(x)        Step-size       optimality
    40        1305          1669.64       0.130175           89.3  
    41        1827          1669.56      0.0195268            561  
    42        2117          1669.56    1.59913e-07            997  
    43        2204          1668.41      0.0432911            997  
    44        2262          1667.54       0.261954           52.3  
    45        2291          1666.86              1           40.3  
    46        2320          1665.22              1           29.2  
    47        2349           1663.7              1           30.5  
    48        2378          1662.09              1           31.1  
    49        2407          1661.04              1             30  
    50        2436           1660.1              1             30  
    51        2465          1658.96              1           37.2  
    52        2494          1657.35              1           39.7  
    53        2523           1654.9              1           35.2  
    54        2552          1651.29              1           31.9  
    55        2581          1646.54              1           38.9  
    56        2610           1641.7              1           32.7  
    57        2639          1639.21              1           33.4  
    58        2668          1638.38              1           29.6  
    59        2697          1637.77              1           25.4  
                                                        First-order 
 Iteration  Func-count       f(x)        Step-size       optimality
    60        2726          1636.74              1           21.3  
    61        2755           1635.2              1           25.9  
    62        2784          1633.94              1             20  
    63        2813           1633.5              1             10  
    64        2842          1633.38              1           9.08  
    65        2871           1633.3              1           8.23  
    66        2900           1633.1              1           11.4  
    67        2929          1632.76              1           16.1  
    68        2958          1632.32              1           15.4  
    69        2987          1632.03              1           7.85  
    70        3016          1631.96              1           4.68  
    71        3045          1631.94              1           4.54  
    72        3074          1631.92              1           4.22  
    73        3103          1631.87              1           5.83  
    74        3132          1631.77              1           8.19  
    75        3161          1631.65              1           8.04  
    76        3190          1631.54              1           4.46  
    77        3219          1631.48              1           2.57  
    78        3248          1631.46              1           2.35  
    79        3277          1631.46              1           2.63  
                                                        First-order 
 Iteration  Func-count       f(x)        Step-size       optimality
    80        3306          1631.45              1           2.71  
    81        3335          1631.42              1           3.54  
    82        3364          1631.39              1           4.81  
    83        3393          1631.33              1            4.5  
    84        3422           1631.3              1           2.58  
    85        3451          1631.28              1           2.79  
    86        3480          1631.28              1            2.6  
    87        3509          1631.27              1           2.24  
    88        3538          1631.25              1           2.92  
    89        3567          1631.22              1           3.51  
    90        3596          1631.19              1            2.7  
    91        3625          1631.17              1           2.46  
    92        3654          1631.17              1           2.13  
    93        3683          1631.17              1           1.74  
    94        3712          1631.16              1           1.71  
    95        3741          1631.14              1           2.15  
    96        3770          1631.12              1           2.34  
    97        3799          1631.09              1           3.06  
    98        3828          1631.08              1           2.99  
    99        3857          1631.08              1           2.44  
                                                        First-order 
 Iteration  Func-count       f(x)        Step-size       optimality
   100        3886          1631.07              1           1.72  
   101        3915          1631.06              1           2.35  
   102        3944          1631.04              1            3.1  
   103        3973             1631              1           3.48  
   104        4002          1630.97              1           3.52  
   105        4031          1630.95              1           2.57  
   106        4060          1630.95              1           2.35  
   107        4089          1630.94              1           2.46  
   108        4118          1630.91              1           3.25  
   109        4147          1630.85              1           4.68  
   110        4176          1630.78              1           5.51  
   111        4205          1630.71              1           4.68  
   112        4234          1630.69              1           4.81  
   113        4263          1630.68              1            4.4  
   114        4292          1630.68              1           4.51  
   115        4321          1630.67              1           4.57  
   116        4350          1630.66              1           4.75  
   117        4379          1630.65              1           5.01  
   118        4408          1630.64              1           5.38  
   119        4437          1630.62              1           5.63  
                                                        First-order 
 Iteration  Func-count       f(x)        Step-size       optimality
   120        4466          1630.62              1           5.67  
   121        4495          1630.62              1           5.63  
   122        4524          1630.62              1           5.59  
   123        4553          1630.62              1           5.52  
   124        4582          1630.62              1           5.42  
   125        4611          1630.61              1           5.27  
   126        4640           1630.6              1           5.13  
   127        4669           1630.6              1            5.1  
   128        4698           1630.6              1           5.16  
   129        4727           1630.6              1           5.21  
   130        4756           1630.6              1           5.27  
   131        4785          1630.59              1           5.35  
   132        4814          1630.59              1           5.45  
   133        4843          1630.57              1            5.5  
   134        4872          1630.55              1            5.4  
   135        5191          1630.55       0.151258           5.35  
   136        6670          1630.55     0.00459873          1e+03  

Local minimum possible.

fminunc stopped because it cannot decrease the objective function
along the current search direction.




Computing finite-difference Hessian using objective function.
Predicted change in objective function too small.
Warning: File: /data/scratch/m1pac03/mcrcache_15792035_113/.mcrCache9.2/OOS_sl0/functions/fPredDensityIteratedFull.m Line: 115 Column: 83
The temporary variable f_t_comp will be cleared at the beginning of each iteration of the parfor loop.
Any value assigned to it before the loop will be lost.  If f_t_comp is used before it is assigned in the parfor loop, a runtime error will occur.
See Parallel for Loops in MATLAB, "Temporary Variables".
> In msreg_2reg_endoprob_SVAR_FULL_OOS (line 320)
  In OOS_slurm_IF (line 2)
Warning: File: /data/scratch/m1pac03/mcrcache_15792035_113/.mcrCache9.2/OOS_sl0/functions/fPredDensityIteratedFull.m Line: 115 Column: 92
The temporary variable m_t_comp will be cleared at the beginning of each iteration of the parfor loop.
Any value assigned to it before the loop will be lost.  If m_t_comp is used before it is assigned in the parfor loop, a runtime error will occur.
See Parallel for Loops in MATLAB, "Temporary Variables".
> In msreg_2reg_endoprob_SVAR_FULL_OOS (line 320)
  In OOS_slurm_IF (line 2)
Warning: File: /data/scratch/m1pac03/mcrcache_15792035_113/.mcrCache9.2/OOS_sl0/functions/fPredDensityIteratedFull.m Line: 115 Column: 101
The temporary variable gdp_t_comp will be cleared at the beginning of each iteration of the parfor loop.
Any value assigned to it before the loop will be lost.  If gdp_t_comp is used before it is assigned in the parfor loop, a runtime error will occur.
See Parallel for Loops in MATLAB, "Temporary Variables".
> In msreg_2reg_endoprob_SVAR_FULL_OOS (line 320)
  In OOS_slurm_IF (line 2)
Warning: File: /data/scratch/m1pac03/mcrcache_15792035_113/.mcrCache9.2/OOS_sl0/functions/fPredDensityIteratedFull.m Line: 113 Column: 66
The temporary variable st_sim will be cleared at the beginning of each iteration of the parfor loop.
Any value assigned to it before the loop will be lost.  If st_sim is used before it is assigned in the parfor loop, a runtime error will occur.
See Parallel for Loops in MATLAB, "Temporary Variables".
> In msreg_2reg_endoprob_SVAR_FULL_OOS (line 320)
  In OOS_slurm_IF (line 2)
Warning: File: /data/scratch/m1pac03/mcrcache_15792035_113/.mcrCache9.2/OOS_sl0/functions/fPredDensityIteratedFull.m Line: 107 Column: 49
The temporary variable p11 will be cleared at the beginning of each iteration of the parfor loop.
Any value assigned to it before the loop will be lost.  If p11 is used before it is assigned in the parfor loop, a runtime error will occur.
See Parallel for Loops in MATLAB, "Temporary Variables".
> In msreg_2reg_endoprob_SVAR_FULL_OOS (line 320)
  In OOS_slurm_IF (line 2)
Warning: File: /data/scratch/m1pac03/mcrcache_15792035_113/.mcrCache9.2/OOS_sl0/functions/fPredDensityIteratedFull.m Line: 107 Column: 53
The temporary variable p22 will be cleared at the beginning of each iteration of the parfor loop.
Any value assigned to it before the loop will be lost.  If p22 is used before it is assigned in the parfor loop, a runtime error will occur.
See Parallel for Loops in MATLAB, "Temporary Variables".
> In msreg_2reg_endoprob_SVAR_FULL_OOS (line 320)
  In OOS_slurm_IF (line 2)
Warning: File: /data/scratch/m1pac03/mcrcache_15792035_113/.mcrCache9.2/OOS_sl0/functions/fPredDensityIteratedFull.m Line: 107 Column: 42
The temporary variable st_lag will be cleared at the beginning of each iteration of the parfor loop.
Any value assigned to it before the loop will be lost.  If st_lag is used before it is assigned in the parfor loop, a runtime error will occur.
See Parallel for Loops in MATLAB, "Temporary Variables".
> In msreg_2reg_endoprob_SVAR_FULL_OOS (line 320)
  In OOS_slurm_IF (line 2)
Current draw: 5000 of 5000
Current draw: 4000 of 5000
Current draw: 3000 of 5000
Current draw: 2000 of 5000
Current draw: 1000 of 5000
Elapsed time is 698.993162 seconds.
Ran Forecast Type 2for Model 11 and Horizon 12
