163
------------------------------------------
Setting up environment variables
---
LD_LIBRARY_PATH is .:/opt/MATLAB/R2017a/runtime/glnxa64:/opt/MATLAB/R2017a/bin/glnxa64:/opt/MATLAB/R2017a/sys/os/glnxa64:/opt/MATLAB/R2017a/sys/opengl/lib/glnxa64
Warning: Method directories not allowed in MATLAB path: /data/scratch/m1pac03/mcrcache_15792035_163/.mcrCache9.2/OOS_sl0/if/gms_research_gar/GAR/MS-VAR/RISE_toolbox2/classes/models/@dsge/private
Running on SLURM; using 1 cores as assigned on this node.

Performing iteration ending on 2012M7 of model 11
Warning: This should be expanded with the country names in case of panel
> In abstvar/abstvar/check_inputs
  In abstvar
  In svar
  In scriptEstimateMode_FULL (line 79)
  In run (line 86)
  In msreg_2reg_endoprob_SVAR_FULL_OOS (line 217)
  In OOS_slurm_IF (line 2)
    'c(3,1,sync,1)>=c(3,1,sync,2)'
    'a0(1,GDPGH,sync,1)=0'
    'a0(1,MF,sync,1)=0'
    'a0(2,GDPGH,sync,1)=0'
    'a0(1,GDPGH,sync,2)=0'
    'a0(1,MF,sync,2)=0'
    'a0(2,GDPGH,sync,2)=0'
    'a1(1,GDPGH)=0'
    'a1(2,GDPGH)=0'
    'a1(3,GDPGH)=0'
    's(3,3,sync,1)<=s(3,3,sync,2)'

 parameter: A12, density:BETA, hyperparameters: [4.3661e-06 3.9294e-05],convergence 3.9293e-06
 parameter: A21, density:BETA, hyperparameters: [4.3661e-06 3.9294e-05],convergence 3.9293e-06
                                                        First-order 
 Iteration  Func-count       f(x)        Step-size       optimality
     0          27          7233.94                      4.36e+03
     1          54           2189.1    0.000229551            509  
     2          81          2075.98              1            295  
     3         108          2003.92              1            174  
     4         135          1957.18              1            104  
     5         162             1944              1            111  
     6         189          1930.78              1            116  
     7         216           1904.8              1            147  
     8         243          1881.95              1            194  
     9         270          1850.03              1            152  
    10         297          1805.76              1            131  
    11         324          1794.52              1           57.6  
    12         351          1791.81              1           56.9  
    13         378          1780.03              1           48.7  
    14         405          1775.55              1           66.5  
    15         432          1764.89              1           82.8  
    16         459          1757.25              1           74.8  
    17         486          1742.21              1           82.5  
    18         513          1735.67              1             64  
    19         540          1722.64              1           51.5  
                                                        First-order 
 Iteration  Func-count       f(x)        Step-size       optimality
    20         567          1715.88              1           64.2  
    21         594          1702.29              1           76.3  
    22         621          1694.47              1             69  
    23         648           1686.3              1           56.8  
    24         675           1680.6              1           52.9  
    25         702          1676.09              1           39.9  
    26         729           1673.2              1           28.4  
    27         756          1670.98              1           38.8  
    28         783          1669.35              1             33  
    29         810          1667.93              1             22  
    30         837          1666.87              1           24.7  
    31         864          1666.01              1           21.2  
    32         891           1665.1              1             27  
    33         918          1664.31              1           21.3  
    34         945           1663.8              1           12.4  
    35         972          1663.47              1           11.9  
    36         999          1663.17              1           14.4  
    37        1026          1662.91              1           14.9  
    38        1053          1662.77              1           7.77  
    39        1080          1662.71              1           4.68  
                                                        First-order 
 Iteration  Func-count       f(x)        Step-size       optimality
    40        1107          1662.67              1           4.17  
    41        1134          1662.63              1           5.48  
    42        1161          1662.59              1           4.04  
    43        1188          1662.56              1           2.47  
    44        1215          1662.55              1           2.21  
    45        1242          1662.53              1           3.19  
    46        1269           1662.5              1           3.78  
    47        1296          1662.46              1           4.96  
    48        1323          1662.42              1           6.18  
    49        1350          1662.37              1           5.25  
    50        1377          1662.34              1           2.96  
    51        1404          1662.32              1           2.59  
    52        1431           1662.3              1           2.93  
    53        1458          1662.28              1           3.58  
    54        1485          1662.26              1           2.61  
    55        1512          1662.25              1           2.72  
    56        1539          1662.23              1           2.35  
    57        1566          1662.22              1           2.65  
    58        1593           1662.2              1           2.78  
    59        1620          1662.18              1           1.92  
                                                        First-order 
 Iteration  Func-count       f(x)        Step-size       optimality
    60        1647          1662.17              1           1.39  
    61        1674          1662.17              1           1.22  
    62        1701          1662.16              1           1.16  
    63        1728          1662.16              1          0.925  
    64        1755          1662.16              1          0.927  
    65        1782          1662.15              1           1.06  
    66        1809          1662.15              1          0.865  
    67        1836          1662.15              1           0.74  
    68        1863          1662.14              1           0.68  
    69        1890          1662.14              1          0.904  
    70        1917          1662.14              1           1.41  
    71        1944          1662.14              1           1.35  
    72        1971          1662.13              1          0.632  
    73        1998          1662.13              1          0.617  
    74        2025          1662.13              1           0.63  
    75        2052          1662.13              1           1.07  
    76        2079          1662.13              1           1.64  
    77        2106          1662.12              1            1.9  
    78        2133          1662.12              1           1.37  
    79        2160          1662.12              1          0.825  
                                                        First-order 
 Iteration  Func-count       f(x)        Step-size       optimality
    80        2187          1662.12              1          0.704  
    81        2214          1662.12              1           0.55  
    82        2241          1662.12              1          0.749  
    83        2268          1662.12              1          0.558  
    84        2295          1662.11              1          0.277  
    85        2322          1662.11              1          0.234  
    86        2349          1662.11              1          0.247  
    87        2376          1662.11              1          0.424  
    88        2403          1662.11              1          0.451  
    89        2430          1662.11              1           0.29  
    90        2457          1662.11              1           0.25  
    91        2484          1662.11              1          0.299  
    92        2511          1662.11              1          0.369  
    93        2538          1662.11              1          0.585  
    94        2565          1662.11              1          0.649  
    95        2592          1662.11              1          0.426  
    96        2619          1662.11              1          0.201  
    97        2646          1662.11              1          0.192  
    98        2673          1662.11              1          0.184  
    99        2700          1662.11              1          0.212  
                                                        First-order 
 Iteration  Func-count       f(x)        Step-size       optimality
   100        2727          1662.11              1          0.152  
   101        2754          1662.11              1         0.0452  
   102        2781          1662.11              1         0.0349  
   103        2808          1662.11              1         0.0307  
   104        2835          1662.11              1         0.0372  
   105        2862          1662.11              1         0.0401  
   106        2889          1662.11              1         0.0245  
   107        2916          1662.11              1         0.0188  
   108        2943          1662.11              1          0.019  
   109        2970          1662.11              1         0.0192  
   110        2997          1662.11              1         0.0275  
   111        3024          1662.11              1         0.0402  
   112        3051          1662.11              1         0.0472  
   113        3078          1662.11              1         0.0372  
   114        3105          1662.11              1         0.0151  
   115        3132          1662.11              1        0.00604  
   116        3159          1662.11              1        0.00555  
   117        3186          1662.11              1          0.005  
   118        3213          1662.11              1        0.00262  
   119        3240          1662.11              1         0.0015  
                                                        First-order 
 Iteration  Func-count       f(x)        Step-size       optimality
   120        3267          1662.11              1       0.000458  
   121        3294          1662.11              1       0.000275  
   122        3321          1662.11              1       0.000198  
   123        3375          1662.11       0.448097        0.00029  
   124        3429          1662.11       0.418268        0.00029  
   125        3483          1662.11       0.217413       0.000229  
   126        3537          1662.11       0.267484       0.000275  
   127        3618          1662.11      0.0426137       0.000427  
   128        3726          1662.11      0.0106036       0.000229  
   129        3753          1662.11              1       0.000198  
   130        3780          1662.11              1       0.000229  
   131        3969          1662.11    0.000963638       0.000244  

Local minimum possible.

fminunc stopped because the size of the current step is less than
the selected value of the step size tolerance.




Computing finite-difference Hessian using objective function.
Change in X too small.
Warning: File: /data/scratch/m1pac03/mcrcache_15792035_163/.mcrCache9.2/OOS_sl0/functions/fPredDensityDirectFull.m Line: 97 Column: 26
The temporary variable st_temp will be cleared at the beginning of each iteration of the parfor loop.
Any value assigned to it before the loop will be lost.  If st_temp is used before it is assigned in the parfor loop, a runtime error will occur.
See Parallel for Loops in MATLAB, "Temporary Variables".
> In msreg_2reg_endoprob_SVAR_FULL_OOS (line 317)
  In OOS_slurm_IF (line 2)
Starting parallel pool (parpool) using the 'local' profile ...
connected to 1 workers.
Current draw: 3000 of 5000
Current draw: 2000 of 5000
Current draw: 1000 of 5000
Current draw: 5000 of 5000
Current draw: 4000 of 5000
Elapsed time is 258.935211 seconds.
Ran Forecast Type 1for Model 11 and Horizon 12
Performing iteration ending on 2012M7 of model 11
Warning: This should be expanded with the country names in case of panel
> In abstvar/abstvar/check_inputs
  In abstvar
  In svar
  In scriptEstimateMode_FULL (line 79)
  In run (line 86)
  In msreg_2reg_endoprob_SVAR_FULL_OOS (line 217)
  In OOS_slurm_IF (line 2)
    'c(3,1,sync,1)>=c(3,1,sync,2)'
    'a0(1,GDPG,sync,1)=0'
    'a0(2,GDPG,sync,1)=0'
    'a0(1,MF,sync,1)=0'
    'a0(1,GDPG,sync,2)=0'
    'a0(2,GDPG,sync,2)=0'
    'a0(1,MF,sync,2)=0'
    'a1(3,GDPG)=0'
    's(3,3,sync,1)<=s(3,3,sync,2)'

 parameter: A12, density:BETA, hyperparameters: [4.3661e-06 3.9294e-05],convergence 3.9293e-06
 parameter: A21, density:BETA, hyperparameters: [4.3661e-06 3.9294e-05],convergence 3.9293e-06
                                                        First-order 
 Iteration  Func-count       f(x)        Step-size       optimality
     0          29          14429.3                      1.16e+04
     1          58          3857.39    8.65675e-05       3.44e+03  
     2          87          2867.26              1       2.15e+03  
     3         116          2530.81              1            810  
     4         145          2264.89              1            385  
     5         174          2175.23              1            252  
     6         203          2145.84              1            118  
     7         232          2133.52              1            159  
     8         261             2119              1            172  
     9         290          2096.76              1            161  
    10         319          2071.03              1            178  
    11         348          2056.53              1            181  
    12         377          2048.19              1            112  
    13         406          2037.97              1            162  
    14         435           2030.5              1            161  
    15         464          2017.71              1            206  
    16         493          2006.54              1            205  
    17         522          1993.44              1            226  
    18         551          1984.99              1            202  
    19         580          1979.68              1           67.7  
                                                        First-order 
 Iteration  Func-count       f(x)        Step-size       optimality
    20         609          1977.69              1           46.7  
    21         638          1975.06              1            108  
    22         667          1970.98              1            182  
    23         696          1965.65              1            186  
    24         725          1960.79              1            101  
    25         754          1956.98              1            111  
    26         783          1951.99              1            181  
    27         812          1944.09              1            303  
    28         841          1934.97              1            290  
    29         870          1928.33              1            144  
    30         899          1925.38              1           51.5  
    31         928          1923.34              1            101  
    32         957          1919.33              1            219  
    33         986          1912.99              1            284  
    34        1015          1906.91              1            228  
    35        1044           1903.1              1           82.6  
    36        1073          1900.72              1           67.4  
    37        1102          1898.88              1            121  
    38        1131          1896.51              1            141  
    39        1160           1894.9              1           83.4  
                                                        First-order 
 Iteration  Func-count       f(x)        Step-size       optimality
    40        1189          1894.16              1           33.2  
    41        1218           1893.7              1           32.9  
    42        1247          1892.82              1           84.5  
    43        1276          1891.07              1            137  
    44        1305             1888              1            164  
    45        1334          1884.59              1            127  
    46        1363           1882.4              1           49.2  
    47        1392          1881.24              1           48.5  
    48        1421          1880.34              1           46.7  
    49        1450          1878.62              1           82.1  
    50        1479           1875.1              1            115  
    51        1508          1869.68              1            120  
    52        1537          1864.94              1           74.9  
    53        1566          1863.04              1           25.5  
    54        1595           1862.6              1           25.5  
    55        1624          1862.25              1             25  
    56        1653          1861.42              1           40.2  
    57        1682          1860.25              1           50.7  
    58        1711          1859.04              1           39.9  
    59        1740          1858.34              1           28.4  
                                                        First-order 
 Iteration  Func-count       f(x)        Step-size       optimality
    60        1769          1858.12              1           24.1  
    61        1798          1857.93              1           19.9  
    62        1827          1857.42              1           26.4  
    63        1856          1856.75              1           33.5  
    64        1885          1856.16              1           22.6  
    65        1914          1855.92              1           5.41  
    66        1943          1855.88              1           5.34  
    67        1972          1855.85              1           5.08  
    68        2001          1855.76              1           8.73  
    69        2030          1855.62              1           12.9  
    70        2059          1855.45              1           12.3  
    71        2088          1855.35              1           6.27  
    72        2117          1855.32              1           4.75  
    73        2146           1855.3              1           4.54  
    74        2175          1855.28              1           4.44  
    75        2204          1855.22              1           7.59  
    76        2233          1855.13              1           9.72  
    77        2262          1855.05              1           9.29  
    78        2291          1855.02              1            4.6  
    79        2320             1855              1           4.26  
                                                        First-order 
 Iteration  Func-count       f(x)        Step-size       optimality
    80        2349          1854.99              1           3.92  
    81        2378          1854.96              1           8.54  
    82        2407          1854.89              1           15.1  
    83        2436          1854.79              1             19  
    84        2465          1854.69              1           14.4  
    85        2494          1854.65              1           4.79  
    86        2523          1854.64              1           3.88  
    87        2552          1854.63              1           3.86  
    88        2581          1854.61              1           8.38  
    89        2610          1854.57              1           13.3  
    90        2639          1854.51              1           15.7  
    91        2668          1854.45              1           11.2  
    92        2697          1854.42              1           3.49  
    93        2726          1854.41              1            3.1  
    94        2755          1854.41              1           3.36  
    95        2784          1854.39              1            7.2  
    96        2813          1854.36              1           12.3  
    97        2842          1854.29              1           17.6  
    98        2871          1854.18              1           18.7  
    99        2900           1854.1              1           11.8  
                                                        First-order 
 Iteration  Func-count       f(x)        Step-size       optimality
   100        2929          1854.07              1            3.2  
   101        2958          1854.06              1           2.82  
   102        2987          1854.06              1           3.06  
   103        3016          1854.05              1           3.23  
   104        3045          1854.03              1           4.67  
   105        3074          1854.01              1           4.46  
   106        3103             1854              1           2.26  
   107        3132          1853.99              1           1.39  
   108        3161          1853.99              1           1.46  
   109        3190          1853.99              1           1.42  
   110        3219          1853.99              1           1.24  
   111        3248          1853.98              1           1.67  
   112        3277          1853.97              1           1.53  
   113        3306          1853.97              1           1.05  
   114        3335          1853.96              1           1.07  
   115        3364          1853.96              1           1.08  
   116        3393          1853.96              1           1.08  
   117        3422          1853.96              1           1.08  
   118        3451          1853.95              1           1.12  
   119        3480          1853.94              1           1.77  
                                                        First-order 
 Iteration  Func-count       f(x)        Step-size       optimality
   120        3509          1853.92              1           2.25  
   121        3538          1853.89              1           1.91  
   122        3567          1853.87              1           1.86  
   123        3596          1853.87              1              2  
   124        3625          1853.87              1           1.98  
   125        3654          1853.87              1           1.91  
   126        3683          1853.87              1           1.77  
   127        3712          1853.86              1           1.48  
   128        3741          1853.84              1           1.85  
   129        3770          1853.82              1            1.8  
   130        3799          1853.81              1          0.955  
   131        3828           1853.8              1          0.422  
   132        3857           1853.8              1          0.399  
   133        3886           1853.8              1          0.383  
   134        3915           1853.8              1          0.355  
   135        3944           1853.8              1          0.296  
   136        3973           1853.8              1          0.229  
   137        4002           1853.8              1          0.216  
   138        4031           1853.8              1          0.166  
   139        4060           1853.8              1          0.192  
                                                        First-order 
 Iteration  Func-count       f(x)        Step-size       optimality
   140        4089           1853.8              1          0.163  
   141        4118           1853.8              1           0.16  
   142        4147           1853.8              1          0.158  
   143        4176           1853.8              1          0.156  
   144        4205           1853.8              1          0.154  
   145        4234           1853.8              1          0.232  
   146        4263           1853.8              1          0.336  
   147        4292           1853.8              1          0.336  
   148        4321           1853.8              1          0.185  
   149        4350           1853.8              1          0.172  
   150        4379           1853.8              1           0.17  
   151        4408           1853.8              1          0.166  
   152        4437           1853.8              1          0.155  
   153        4466           1853.8              1          0.136  
   154        4495           1853.8              1          0.163  
   155        4524           1853.8              1          0.193  
   156        4553           1853.8              1          0.139  
   157        4582           1853.8              1         0.0499  
   158        4611           1853.8              1         0.0378  
   159        4640           1853.8              1          0.038  
                                                        First-order 
 Iteration  Func-count       f(x)        Step-size       optimality
   160        4669           1853.8              1         0.0375  
   161        4698           1853.8              1         0.0374  
   162        4727           1853.8              1         0.0366  
   163        4756           1853.8              1         0.0711  
   164        4785           1853.8              1          0.111  
   165        4814           1853.8              1          0.149  
   166        4843           1853.8              1          0.134  
   167        4872           1853.8              1         0.0649  
   168        4901           1853.8              1         0.0148  
   169        4930           1853.8              1         0.0137  
   170        4959           1853.8              1         0.0132  
   171        4988           1853.8              1         0.0125  
   172        5017           1853.8              1         0.0122  
   173        5046           1853.8              1          0.017  
   174        5075           1853.8              1         0.0261  
   175        5104           1853.8              1         0.0364  
   176        5133           1853.8              1         0.0372  
   177        5162           1853.8              1         0.0199  
   178        5191           1853.8              1        0.00415  
   179        5220           1853.8              1       0.000336  
                                                        First-order 
 Iteration  Func-count       f(x)        Step-size       optimality
   180        5249           1853.8              1       0.000305  
   181        5452           1853.8       0.321911       0.000259  

Local minimum possible.

fminunc stopped because it cannot decrease the objective function
along the current search direction.




Computing finite-difference Hessian using objective function.
Predicted change in objective function too small.
Warning: File: /data/scratch/m1pac03/mcrcache_15792035_163/.mcrCache9.2/OOS_sl0/functions/fPredDensityIteratedFull.m Line: 115 Column: 83
The temporary variable f_t_comp will be cleared at the beginning of each iteration of the parfor loop.
Any value assigned to it before the loop will be lost.  If f_t_comp is used before it is assigned in the parfor loop, a runtime error will occur.
See Parallel for Loops in MATLAB, "Temporary Variables".
> In msreg_2reg_endoprob_SVAR_FULL_OOS (line 320)
  In OOS_slurm_IF (line 2)
Warning: File: /data/scratch/m1pac03/mcrcache_15792035_163/.mcrCache9.2/OOS_sl0/functions/fPredDensityIteratedFull.m Line: 115 Column: 92
The temporary variable m_t_comp will be cleared at the beginning of each iteration of the parfor loop.
Any value assigned to it before the loop will be lost.  If m_t_comp is used before it is assigned in the parfor loop, a runtime error will occur.
See Parallel for Loops in MATLAB, "Temporary Variables".
> In msreg_2reg_endoprob_SVAR_FULL_OOS (line 320)
  In OOS_slurm_IF (line 2)
Warning: File: /data/scratch/m1pac03/mcrcache_15792035_163/.mcrCache9.2/OOS_sl0/functions/fPredDensityIteratedFull.m Line: 115 Column: 101
The temporary variable gdp_t_comp will be cleared at the beginning of each iteration of the parfor loop.
Any value assigned to it before the loop will be lost.  If gdp_t_comp is used before it is assigned in the parfor loop, a runtime error will occur.
See Parallel for Loops in MATLAB, "Temporary Variables".
> In msreg_2reg_endoprob_SVAR_FULL_OOS (line 320)
  In OOS_slurm_IF (line 2)
Warning: File: /data/scratch/m1pac03/mcrcache_15792035_163/.mcrCache9.2/OOS_sl0/functions/fPredDensityIteratedFull.m Line: 113 Column: 66
The temporary variable st_sim will be cleared at the beginning of each iteration of the parfor loop.
Any value assigned to it before the loop will be lost.  If st_sim is used before it is assigned in the parfor loop, a runtime error will occur.
See Parallel for Loops in MATLAB, "Temporary Variables".
> In msreg_2reg_endoprob_SVAR_FULL_OOS (line 320)
  In OOS_slurm_IF (line 2)
Warning: File: /data/scratch/m1pac03/mcrcache_15792035_163/.mcrCache9.2/OOS_sl0/functions/fPredDensityIteratedFull.m Line: 107 Column: 49
The temporary variable p11 will be cleared at the beginning of each iteration of the parfor loop.
Any value assigned to it before the loop will be lost.  If p11 is used before it is assigned in the parfor loop, a runtime error will occur.
See Parallel for Loops in MATLAB, "Temporary Variables".
> In msreg_2reg_endoprob_SVAR_FULL_OOS (line 320)
  In OOS_slurm_IF (line 2)
Warning: File: /data/scratch/m1pac03/mcrcache_15792035_163/.mcrCache9.2/OOS_sl0/functions/fPredDensityIteratedFull.m Line: 107 Column: 53
The temporary variable p22 will be cleared at the beginning of each iteration of the parfor loop.
Any value assigned to it before the loop will be lost.  If p22 is used before it is assigned in the parfor loop, a runtime error will occur.
See Parallel for Loops in MATLAB, "Temporary Variables".
> In msreg_2reg_endoprob_SVAR_FULL_OOS (line 320)
  In OOS_slurm_IF (line 2)
Warning: File: /data/scratch/m1pac03/mcrcache_15792035_163/.mcrCache9.2/OOS_sl0/functions/fPredDensityIteratedFull.m Line: 107 Column: 42
The temporary variable st_lag will be cleared at the beginning of each iteration of the parfor loop.
Any value assigned to it before the loop will be lost.  If st_lag is used before it is assigned in the parfor loop, a runtime error will occur.
See Parallel for Loops in MATLAB, "Temporary Variables".
> In msreg_2reg_endoprob_SVAR_FULL_OOS (line 320)
  In OOS_slurm_IF (line 2)
Current draw: 5000 of 5000
Current draw: 4000 of 5000
Current draw: 3000 of 5000
Current draw: 2000 of 5000
Current draw: 1000 of 5000
Elapsed time is 693.230241 seconds.
Ran Forecast Type 2for Model 11 and Horizon 12
