202
------------------------------------------
Setting up environment variables
---
LD_LIBRARY_PATH is .:/opt/MATLAB/R2017a/runtime/glnxa64:/opt/MATLAB/R2017a/bin/glnxa64:/opt/MATLAB/R2017a/sys/os/glnxa64:/opt/MATLAB/R2017a/sys/opengl/lib/glnxa64
Warning: Method directories not allowed in MATLAB path: /data/scratch/m1pac03/mcrcache_15792035_202/.mcrCache9.2/OOS_sl0/if/gms_research_gar/GAR/MS-VAR/RISE_toolbox2/classes/models/@dsge/private
Running on SLURM; using 1 cores as assigned on this node.

Performing iteration ending on 2015M10 of model 11
Warning: This should be expanded with the country names in case of panel
> In abstvar/abstvar/check_inputs
  In abstvar
  In svar
  In scriptEstimateMode_FULL (line 79)
  In run (line 86)
  In msreg_2reg_endoprob_SVAR_FULL_OOS (line 217)
  In OOS_slurm_IF (line 2)
    'c(3,1,sync,1)>=c(3,1,sync,2)'
    'a0(1,GDPGH,sync,1)=0'
    'a0(1,MF,sync,1)=0'
    'a0(2,GDPGH,sync,1)=0'
    'a0(1,GDPGH,sync,2)=0'
    'a0(1,MF,sync,2)=0'
    'a0(2,GDPGH,sync,2)=0'
    'a1(1,GDPGH)=0'
    'a1(2,GDPGH)=0'
    'a1(3,GDPGH)=0'
    's(3,3,sync,1)<=s(3,3,sync,2)'

 parameter: A12, density:BETA, hyperparameters: [4.3661e-06 3.9294e-05],convergence 3.9293e-06
 parameter: A21, density:BETA, hyperparameters: [4.3661e-06 3.9294e-05],convergence 3.9293e-06
                                                        First-order 
 Iteration  Func-count       f(x)        Step-size       optimality
     0          27          7485.33                      4.42e+03
     1          54          2317.25    0.000226423            583  
     2          81          2193.21              1            288  
     3         108          2122.19              1            188  
     4         135          2068.57              1            124  
     5         162          2053.07              1            130  
     6         189          2033.38              1            134  
     7         216          2002.02              1            178  
     8         243          1974.94              1            200  
     9         270          1919.47              1            136  
    10         297           1877.3              1           70.4  
    11         324          1873.31              1           64.6  
    12         351          1868.48              1           63.9  
    13         378          1858.49              1           65.6  
    14         405          1849.97              1           87.2  
    15         432          1840.67              1           86.5  
    16         459          1830.42              1           65.2  
    17         486           1820.2              1           94.5  
    18         513          1806.63              1            112  
    19         540          1793.78              1           71.2  
                                                        First-order 
 Iteration  Func-count       f(x)        Step-size       optimality
    20         567          1784.12              1           60.5  
    21         594          1776.24              1           57.3  
    22         621          1765.41              1           92.5  
    23         648          1756.69              1           69.5  
    24         675          1750.87              1           71.3  
    25         702          1745.85              1           59.1  
    26         729          1742.15              1           47.6  
    27         756          1739.59              1           34.3  
    28         783          1738.21              1           19.6  
    29         810          1737.35              1           22.9  
    30         837          1736.49              1             21  
    31         864          1735.58              1           20.7  
    32         891          1734.77              1             19  
    33         918           1734.2              1           18.4  
    34         945          1733.72              1           15.6  
    35         972           1733.3              1           12.2  
    36         999          1733.03              1           12.1  
    37        1026          1732.88              1           9.48  
    38        1053          1732.76              1           9.18  
    39        1080          1732.68              1           5.94  
                                                        First-order 
 Iteration  Func-count       f(x)        Step-size       optimality
    40        1107          1732.62              1           7.13  
    41        1134          1732.57              1           5.45  
    42        1161          1732.54              1           3.52  
    43        1188          1732.52              1            3.8  
    44        1215          1732.49              1           4.77  
    45        1242          1732.46              1           5.46  
    46        1269          1732.43              1           4.06  
    47        1296          1732.39              1           3.85  
    48        1323          1732.36              1           3.47  
    49        1350          1732.33              1            4.9  
    50        1377          1732.29              1           5.22  
    51        1404          1732.25              1           4.47  
    52        1431          1732.22              1            3.8  
    53        1458           1732.2              1            3.8  
    54        1485          1732.18              1            3.6  
    55        1512          1732.16              1           3.21  
    56        1539          1732.13              1           3.81  
    57        1566           1732.1              1           3.17  
    58        1593          1732.07              1           3.61  
    59        1620          1732.05              1           3.32  
                                                        First-order 
 Iteration  Func-count       f(x)        Step-size       optimality
    60        1647          1732.04              1           2.51  
    61        1674          1732.03              1           1.52  
    62        1701          1732.02              1           2.25  
    63        1728          1732.02              1           2.37  
    64        1755          1732.01              1           1.44  
    65        1782          1732.01              1          0.897  
    66        1809          1732.01              1           1.19  
    67        1836          1732.01              1           1.82  
    68        1863             1732              1           1.94  
    69        1890             1732              1           1.32  
    70        1917             1732              1            0.8  
    71        1944          1731.99              1           0.83  
    72        1971          1731.99              1          0.943  
    73        1998          1731.99              1           1.17  
    74        2025          1731.98              1           1.13  
    75        2052          1731.98              1           1.09  
    76        2079          1731.98              1           1.19  
    77        2106          1731.97              1           1.31  
    78        2133          1731.97              1           1.17  
    79        2160          1731.97              1          0.788  
                                                        First-order 
 Iteration  Func-count       f(x)        Step-size       optimality
    80        2187          1731.97              1          0.771  
    81        2214          1731.97              1          0.488  
    82        2241          1731.97              1          0.317  
    83        2268          1731.97              1          0.312  
    84        2295          1731.97              1          0.366  
    85        2322          1731.97              1          0.592  
    86        2349          1731.96              1          0.633  
    87        2376          1731.96              1           0.43  
    88        2403          1731.96              1           0.24  
    89        2430          1731.96              1          0.235  
    90        2457          1731.96              1          0.461  
    91        2484          1731.96              1          0.734  
    92        2511          1731.96              1          0.936  
    93        2538          1731.96              1          0.803  
    94        2565          1731.96              1          0.366  
    95        2592          1731.96              1          0.168  
    96        2619          1731.96              1          0.142  
    97        2646          1731.96              1          0.122  
    98        2673          1731.96              1           0.13  
    99        2700          1731.96              1         0.0784  
                                                        First-order 
 Iteration  Func-count       f(x)        Step-size       optimality
   100        2727          1731.96              1         0.0245  
   101        2754          1731.96              1         0.0249  
   102        2781          1731.96              1         0.0256  
   103        2808          1731.96              1         0.0389  
   104        2835          1731.96              1         0.0408  
   105        2862          1731.96              1         0.0287  
   106        2889          1731.96              1         0.0254  
   107        2916          1731.96              1         0.0272  
   108        2943          1731.96              1         0.0326  
   109        2970          1731.96              1         0.0494  
   110        2997          1731.96              1         0.0637  
   111        3024          1731.96              1          0.054  
   112        3051          1731.96              1         0.0232  
   113        3078          1731.96              1         0.0102  
   114        3105          1731.96              1        0.00926  
   115        3132          1731.96              1        0.00874  
   116        3159          1731.96              1        0.00749  
   117        3186          1731.96              1        0.00249  
   118        3213          1731.96              1         0.0015  
   119        3240          1731.96              1       0.000824  
                                                        First-order 
 Iteration  Func-count       f(x)        Step-size       optimality
   120        3267          1731.96              1       0.000473  
   121        3321          1731.96       0.350846       0.000427  
   122        3348          1731.96              1       0.000366  
   123        3402          1731.96       0.584261       0.000443  
   124        3429          1731.96              1       0.000275  
   125        3483          1731.96       0.571012       0.000275  
   126        3510          1731.96              1       0.000366  
   127        3564          1731.96       0.218411       0.000198  

Local minimum possible.

fminunc stopped because it cannot decrease the objective function
along the current search direction.




Computing finite-difference Hessian using objective function.
Predicted change in objective function too small.
Warning: File: /data/scratch/m1pac03/mcrcache_15792035_202/.mcrCache9.2/OOS_sl0/functions/fPredDensityDirectFull.m Line: 97 Column: 26
The temporary variable st_temp will be cleared at the beginning of each iteration of the parfor loop.
Any value assigned to it before the loop will be lost.  If st_temp is used before it is assigned in the parfor loop, a runtime error will occur.
See Parallel for Loops in MATLAB, "Temporary Variables".
> In msreg_2reg_endoprob_SVAR_FULL_OOS (line 317)
  In OOS_slurm_IF (line 2)
Starting parallel pool (parpool) using the 'local' profile ...
connected to 1 workers.
Current draw: 3000 of 5000
Current draw: 2000 of 5000
Current draw: 1000 of 5000
Current draw: 5000 of 5000
Current draw: 4000 of 5000
Elapsed time is 259.514461 seconds.
Ran Forecast Type 1for Model 11 and Horizon 12
Performing iteration ending on 2015M10 of model 11
Warning: This should be expanded with the country names in case of panel
> In abstvar/abstvar/check_inputs
  In abstvar
  In svar
  In scriptEstimateMode_FULL (line 79)
  In run (line 86)
  In msreg_2reg_endoprob_SVAR_FULL_OOS (line 217)
  In OOS_slurm_IF (line 2)
    'c(3,1,sync,1)>=c(3,1,sync,2)'
    'a0(1,GDPG,sync,1)=0'
    'a0(2,GDPG,sync,1)=0'
    'a0(1,MF,sync,1)=0'
    'a0(1,GDPG,sync,2)=0'
    'a0(2,GDPG,sync,2)=0'
    'a0(1,MF,sync,2)=0'
    'a1(3,GDPG)=0'
    's(3,3,sync,1)<=s(3,3,sync,2)'

 parameter: A12, density:BETA, hyperparameters: [4.3661e-06 3.9294e-05],convergence 3.9293e-06
 parameter: A21, density:BETA, hyperparameters: [4.3661e-06 3.9294e-05],convergence 3.9293e-06
                                                        First-order 
 Iteration  Func-count       f(x)        Step-size       optimality
     0          29          14965.7                      1.19e+04
     1          58          4030.42    8.40556e-05       3.58e+03  
     2          87          3020.07              1       2.21e+03  
     3         116          2676.34              1            843  
     4         145          2408.65              1            397  
     5         174          2317.46              1            259  
     6         203          2288.17              1            132  
     7         232          2274.71              1            175  
     8         261          2257.22              1            187  
     9         290          2230.34              1            187  
    10         319          2200.58              1            205  
    11         348          2185.89              1            189  
    12         377          2176.38              1            117  
    13         406          2164.56              1            203  
    14         435          2156.12              1            188  
    15         464          2138.61              1            242  
    16         493          2126.23              1            211  
    17         522          2112.49              1            249  
    18         551          2104.96              1            176  
    19         580          2101.29              1           53.4  
                                                        First-order 
 Iteration  Func-count       f(x)        Step-size       optimality
    20         609          2099.19              1           54.7  
    21         638          2095.16              1            176  
    22         667          2090.68              1            219  
    23         696          2085.69              1            155  
    24         725          2081.92              1             98  
    25         754           2077.8              1            151  
    26         783           2071.4              1            308  
    27         812          2062.48              1            335  
    28         841          2055.27              1            215  
    29         870          2051.57              1           60.8  
    30         899          2049.33              1            101  
    31         928          2044.95              1            245  
    32         957          2037.16              1            366  
    33         986          2027.74              1            353  
    34        1015          2021.33              1            186  
    35        1044          2018.84              1           44.5  
    36        1073          2017.76              1           58.1  
    37        1102          2016.26              1            121  
    38        1131          2014.37              1            138  
    39        1160          2012.79              1           85.6  
                                                        First-order 
 Iteration  Func-count       f(x)        Step-size       optimality
    40        1189           2011.9              1           40.1  
    41        1218          2011.14              1           47.2  
    42        1247          2009.97              1            104  
    43        1276          2008.17              1            135  
    44        1305          2006.37              1            103  
    45        1334          2005.26              1           36.9  
    46        1363          2004.51              1           37.8  
    47        1392          2003.41              1           91.7  
    48        1421          2001.02              1            168  
    49        1450          1996.62              1            227  
    50        1479          1991.15              1            210  
    51        1508          1987.46              1            114  
    52        1537          1986.16              1           25.2  
    53        1566          1985.69              1           26.8  
    54        1595          1985.15              1           65.6  
    55        1624          1984.06              1            106  
    56        1653          1982.53              1            117  
    57        1682           1981.3              1           73.7  
    58        1711          1980.73              1           26.6  
    59        1740          1980.46              1           21.4  
                                                        First-order 
 Iteration  Func-count       f(x)        Step-size       optimality
    60        1769          1980.12              1           49.2  
    61        1798          1979.43              1           84.8  
    62        1827          1978.43              1            101  
    63        1856          1977.44              1           67.5  
    64        1885          1977.06              1           11.4  
    65        1914          1977.01              1           8.25  
    66        1943          1976.97              1           9.35  
    67        1972          1976.86              1           18.3  
    68        2001          1976.69              1           24.5  
    69        2030          1976.47              1           21.6  
    70        2059          1976.34              1           9.97  
    71        2088          1976.28              1           5.37  
    72        2117          1976.26              1           5.08  
    73        2146          1976.22              1            7.1  
    74        2175          1976.16              1           7.56  
    75        2204          1976.09              1           4.23  
    76        2233          1976.05              1           3.95  
    77        2262          1976.04              1           3.87  
    78        2291          1976.03              1           3.82  
    79        2320          1976.01              1           3.73  
                                                        First-order 
 Iteration  Func-count       f(x)        Step-size       optimality
    80        2349          1975.97              1           4.57  
    81        2378          1975.88              1           7.21  
    82        2407          1975.76              1            8.4  
    83        2436          1975.65              1           6.23  
    84        2465          1975.61              1           4.14  
    85        2494           1975.6              1            4.2  
    86        2523          1975.59              1           4.05  
    87        2552          1975.57              1           3.58  
    88        2581          1975.54              1           6.73  
    89        2610          1975.48              1           8.28  
    90        2639          1975.44              1           5.83  
    91        2668          1975.43              1           2.98  
    92        2697          1975.42              1              3  
    93        2726          1975.42              1           2.88  
    94        2755           1975.4              1           5.51  
    95        2784          1975.36              1           9.69  
    96        2813          1975.29              1           13.2  
    97        2842           1975.2              1             12  
    98        2871          1975.16              1            5.8  
    99        2900          1975.14              1           1.94  
                                                        First-order 
 Iteration  Func-count       f(x)        Step-size       optimality
   100        2929          1975.14              1           1.91  
   101        2958          1975.14              1           1.86  
   102        2987          1975.13              1           3.16  
   103        3016          1975.12              1           4.48  
   104        3045           1975.1              1           4.32  
   105        3074          1975.08              1           2.23  
   106        3103          1975.08              1           1.71  
   107        3132          1975.08              1            1.7  
   108        3161          1975.08              1           1.64  
   109        3190          1975.07              1           2.11  
   110        3219          1975.06              1           2.83  
   111        3248          1975.06              1           2.52  
   112        3277          1975.05              1           1.14  
   113        3306          1975.05              1          0.723  
   114        3335          1975.05              1          0.769  
   115        3364          1975.05              1          0.787  
   116        3393          1975.05              1          0.852  
   117        3422          1975.04              1           1.23  
   118        3451          1975.04              1           1.31  
   119        3480          1975.04              1          0.808  
                                                        First-order 
 Iteration  Func-count       f(x)        Step-size       optimality
   120        3509          1975.03              1          0.415  
   121        3538          1975.03              1          0.423  
   122        3567          1975.03              1          0.445  
   123        3596          1975.03              1          0.471  
   124        3625          1975.03              1          0.548  
   125        3654          1975.03              1          0.786  
   126        3683          1975.03              1          0.872  
   127        3712          1975.02              1           0.62  
   128        3741          1975.02              1          0.448  
   129        3770          1975.02              1          0.423  
   130        3799          1975.02              1          0.399  
   131        3828          1975.02              1          0.359  
   132        3857          1975.02              1          0.314  
   133        3886          1975.02              1          0.376  
   134        3915          1975.02              1          0.539  
   135        3944          1975.01              1          0.679  
   136        3973          1975.01              1          0.545  
   137        4002          1975.01              1           0.43  
   138        4031          1975.01              1          0.371  
   139        4060          1975.01              1          0.339  
                                                        First-order 
 Iteration  Func-count       f(x)        Step-size       optimality
   140        4089          1975.01              1          0.348  
   141        4118          1975.01              1          0.355  
   142        4147          1975.01              1          0.341  
   143        4176          1975.01              1          0.269  
   144        4205             1975              1          0.265  
   145        4234             1975              1          0.201  
   146        4263             1975              1          0.151  
   147        4292             1975              1          0.154  
   148        4321             1975              1          0.154  
   149        4350             1975              1          0.156  
   150        4379             1975              1          0.167  
   151        4408             1975              1           0.19  
   152        4437             1975              1          0.209  
   153        4466             1975              1          0.251  
   154        4495             1975              1          0.234  
   155        4524             1975              1          0.112  
   156        4553             1975              1           0.05  
   157        4582             1975              1         0.0452  
   158        4611             1975              1         0.0438  
   159        4640             1975              1         0.0419  
                                                        First-order 
 Iteration  Func-count       f(x)        Step-size       optimality
   160        4669             1975              1         0.0396  
   161        4698             1975              1         0.0409  
   162        4727             1975              1         0.0392  
   163        4756             1975              1          0.037  
   164        4785             1975              1         0.0343  
   165        4814             1975              1         0.0156  
   166        4843             1975              1        0.00521  
   167        4872             1975              1        0.00427  
   168        4901             1975              1        0.00409  
   169        4930             1975              1        0.00455  
   170        4959             1975              1        0.00449  
   171        5017             1975       0.337362        0.00424  
   172        5046             1975              1        0.00436  
   173        5075             1975              1        0.00389  
   174        5104             1975              1        0.00397  
   175        5133             1975              1         0.0047  
   176        5162             1975              1        0.00755  
   177        5191             1975              1        0.00569  
   178        5220             1975              1        0.00246  
   179        5249             1975              1        0.00536  
                                                        First-order 
 Iteration  Func-count       f(x)        Step-size       optimality
   180        5278             1975              1        0.00775  
   181        5307             1975              1        0.00533  
   182        5365             1975       0.406333        0.00204  
   183        5394             1975              1       0.000534  
   184        5423             1975              1       0.000961  
   185        5452             1975              1       0.000412  
   186        5510             1975            0.5       0.000229  
   187        5626             1975     0.00375661       0.000168  

Local minimum found.

Optimization completed because the size of the gradient is less than
the selected value of the optimality tolerance.




Computing finite-difference Hessian using objective function.
First order optimality conditions satisfied.
Warning: File: /data/scratch/m1pac03/mcrcache_15792035_202/.mcrCache9.2/OOS_sl0/functions/fPredDensityIteratedFull.m Line: 115 Column: 83
The temporary variable f_t_comp will be cleared at the beginning of each iteration of the parfor loop.
Any value assigned to it before the loop will be lost.  If f_t_comp is used before it is assigned in the parfor loop, a runtime error will occur.
See Parallel for Loops in MATLAB, "Temporary Variables".
> In msreg_2reg_endoprob_SVAR_FULL_OOS (line 320)
  In OOS_slurm_IF (line 2)
Warning: File: /data/scratch/m1pac03/mcrcache_15792035_202/.mcrCache9.2/OOS_sl0/functions/fPredDensityIteratedFull.m Line: 115 Column: 92
The temporary variable m_t_comp will be cleared at the beginning of each iteration of the parfor loop.
Any value assigned to it before the loop will be lost.  If m_t_comp is used before it is assigned in the parfor loop, a runtime error will occur.
See Parallel for Loops in MATLAB, "Temporary Variables".
> In msreg_2reg_endoprob_SVAR_FULL_OOS (line 320)
  In OOS_slurm_IF (line 2)
Warning: File: /data/scratch/m1pac03/mcrcache_15792035_202/.mcrCache9.2/OOS_sl0/functions/fPredDensityIteratedFull.m Line: 115 Column: 101
The temporary variable gdp_t_comp will be cleared at the beginning of each iteration of the parfor loop.
Any value assigned to it before the loop will be lost.  If gdp_t_comp is used before it is assigned in the parfor loop, a runtime error will occur.
See Parallel for Loops in MATLAB, "Temporary Variables".
> In msreg_2reg_endoprob_SVAR_FULL_OOS (line 320)
  In OOS_slurm_IF (line 2)
Warning: File: /data/scratch/m1pac03/mcrcache_15792035_202/.mcrCache9.2/OOS_sl0/functions/fPredDensityIteratedFull.m Line: 113 Column: 66
The temporary variable st_sim will be cleared at the beginning of each iteration of the parfor loop.
Any value assigned to it before the loop will be lost.  If st_sim is used before it is assigned in the parfor loop, a runtime error will occur.
See Parallel for Loops in MATLAB, "Temporary Variables".
> In msreg_2reg_endoprob_SVAR_FULL_OOS (line 320)
  In OOS_slurm_IF (line 2)
Warning: File: /data/scratch/m1pac03/mcrcache_15792035_202/.mcrCache9.2/OOS_sl0/functions/fPredDensityIteratedFull.m Line: 107 Column: 49
The temporary variable p11 will be cleared at the beginning of each iteration of the parfor loop.
Any value assigned to it before the loop will be lost.  If p11 is used before it is assigned in the parfor loop, a runtime error will occur.
See Parallel for Loops in MATLAB, "Temporary Variables".
> In msreg_2reg_endoprob_SVAR_FULL_OOS (line 320)
  In OOS_slurm_IF (line 2)
Warning: File: /data/scratch/m1pac03/mcrcache_15792035_202/.mcrCache9.2/OOS_sl0/functions/fPredDensityIteratedFull.m Line: 107 Column: 53
The temporary variable p22 will be cleared at the beginning of each iteration of the parfor loop.
Any value assigned to it before the loop will be lost.  If p22 is used before it is assigned in the parfor loop, a runtime error will occur.
See Parallel for Loops in MATLAB, "Temporary Variables".
> In msreg_2reg_endoprob_SVAR_FULL_OOS (line 320)
  In OOS_slurm_IF (line 2)
Warning: File: /data/scratch/m1pac03/mcrcache_15792035_202/.mcrCache9.2/OOS_sl0/functions/fPredDensityIteratedFull.m Line: 107 Column: 42
The temporary variable st_lag will be cleared at the beginning of each iteration of the parfor loop.
Any value assigned to it before the loop will be lost.  If st_lag is used before it is assigned in the parfor loop, a runtime error will occur.
See Parallel for Loops in MATLAB, "Temporary Variables".
> In msreg_2reg_endoprob_SVAR_FULL_OOS (line 320)
  In OOS_slurm_IF (line 2)
Current draw: 5000 of 5000
Current draw: 4000 of 5000
Current draw: 3000 of 5000
Current draw: 2000 of 5000
Current draw: 1000 of 5000
Elapsed time is 724.628207 seconds.
Ran Forecast Type 2for Model 11 and Horizon 12
