238
------------------------------------------
Setting up environment variables
---
LD_LIBRARY_PATH is .:/opt/MATLAB/R2017a/runtime/glnxa64:/opt/MATLAB/R2017a/bin/glnxa64:/opt/MATLAB/R2017a/sys/os/glnxa64:/opt/MATLAB/R2017a/sys/opengl/lib/glnxa64
Warning: Method directories not allowed in MATLAB path: /data/scratch/m1pac03/mcrcache_15792035_238/.mcrCache9.2/OOS_sl0/if/gms_research_gar/GAR/MS-VAR/RISE_toolbox2/classes/models/@dsge/private
Running on SLURM; using 1 cores as assigned on this node.

Performing iteration ending on 2018M10 of model 11
Warning: This should be expanded with the country names in case of panel
> In abstvar/abstvar/check_inputs
  In abstvar
  In svar
  In scriptEstimateMode_FULL (line 79)
  In run (line 86)
  In msreg_2reg_endoprob_SVAR_FULL_OOS (line 217)
  In OOS_slurm_IF (line 2)
    'c(3,1,sync,1)>=c(3,1,sync,2)'
    'a0(1,GDPGH,sync,1)=0'
    'a0(1,MF,sync,1)=0'
    'a0(2,GDPGH,sync,1)=0'
    'a0(1,GDPGH,sync,2)=0'
    'a0(1,MF,sync,2)=0'
    'a0(2,GDPGH,sync,2)=0'
    'a1(1,GDPGH)=0'
    'a1(2,GDPGH)=0'
    'a1(3,GDPGH)=0'
    's(3,3,sync,1)<=s(3,3,sync,2)'

 parameter: A12, density:BETA, hyperparameters: [4.3661e-06 3.9294e-05],convergence 3.9293e-06
 parameter: A21, density:BETA, hyperparameters: [4.3661e-06 3.9294e-05],convergence 3.9293e-06
                                                        First-order 
 Iteration  Func-count       f(x)        Step-size       optimality
     0          27          7643.65                      4.43e+03
     1          54          2436.17    0.000225691            644  
     2          81          2301.89              1            280  
     3         108          2231.98              1            194  
     4         135          2172.75              1            141  
     5         162          2154.45              1            145  
     6         189           2126.1              1            145  
     7         216          2093.23              1            197  
     8         243          2061.67              1            196  
     9         270          1976.17              1           90.2  
    10         297          1958.23              1           70.2  
    11         324          1955.16              1           70.2  
    12         351          1944.58              1           76.4  
    13         378          1931.61              1            106  
    14         405          1920.12              1           93.5  
    15         432          1909.64              1           86.5  
    16         459           1898.2              1           86.8  
    17         486          1883.64              1            152  
    18         513          1866.51              1            155  
    19         540          1852.41              1           73.6  
                                                        First-order 
 Iteration  Func-count       f(x)        Step-size       optimality
    20         567          1844.91              1           74.8  
    21         594          1837.46              1           84.6  
    22         621          1827.81              1            120  
    23         648          1819.24              1           94.2  
    24         675          1813.63              1           63.6  
    25         702          1810.33              1           35.3  
    26         729          1808.61              1           36.2  
    27         756          1806.86              1           36.5  
    28         783           1805.4              1           29.9  
    29         810          1804.19              1           21.4  
    30         837           1803.1              1           23.4  
    31         864          1802.17              1           22.2  
    32         891          1801.51              1           19.2  
    33         918          1800.95              1           20.7  
    34         945          1800.49              1           13.9  
    35         972          1800.24              1           8.35  
    36         999          1800.12              1           7.03  
    37        1026          1800.02              1           7.78  
    38        1053          1799.93              1           7.78  
    39        1080          1799.87              1           5.24  
                                                        First-order 
 Iteration  Func-count       f(x)        Step-size       optimality
    40        1107          1799.82              1           3.75  
    41        1134          1799.79              1           4.69  
    42        1161          1799.74              1            5.2  
    43        1188          1799.68              1           6.07  
    44        1215          1799.63              1           4.25  
    45        1242          1799.59              1           3.86  
    46        1269          1799.54              1           5.45  
    47        1296          1799.49              1           5.64  
    48        1323          1799.42              1           4.87  
    49        1350          1799.37              1           4.63  
    50        1377          1799.33              1           4.43  
    51        1404          1799.29              1           4.39  
    52        1431          1799.25              1           5.12  
    53        1458           1799.2              1           5.07  
    54        1485          1799.17              1           3.83  
    55        1512          1799.15              1           2.73  
    56        1539          1799.13              1           2.43  
    57        1566          1799.11              1           2.62  
    58        1593           1799.1              1           3.07  
    59        1620          1799.08              1           3.99  
                                                        First-order 
 Iteration  Func-count       f(x)        Step-size       optimality
    60        1647          1799.07              1           2.82  
    61        1674          1799.06              1           1.27  
    62        1701          1799.06              1           1.15  
    63        1728          1799.05              1           2.01  
    64        1755          1799.04              1           2.88  
    65        1782          1799.03              1           3.21  
    66        1809          1799.02              1           2.32  
    67        1836          1799.02              1           1.65  
    68        1863          1799.01              1           1.86  
    69        1890             1799              1            2.1  
    70        1917             1799              1           2.69  
    71        1944          1798.98              1           2.29  
    72        1971          1798.97              1           1.87  
    73        1998          1798.97              1           1.65  
    74        2025          1798.96              1           1.04  
    75        2052          1798.96              1          0.752  
    76        2079          1798.96              1          0.799  
    77        2106          1798.96              1          0.993  
    78        2133          1798.96              1          0.693  
    79        2160          1798.96              1          0.507  
                                                        First-order 
 Iteration  Func-count       f(x)        Step-size       optimality
    80        2187          1798.96              1          0.497  
    81        2214          1798.95              1          0.786  
    82        2241          1798.95              1           1.12  
    83        2268          1798.95              1          0.995  
    84        2295          1798.95              1          0.504  
    85        2322          1798.95              1          0.514  
    86        2349          1798.95              1           0.48  
    87        2376          1798.95              1          0.866  
    88        2403          1798.95              1           1.27  
    89        2430          1798.95              1           1.33  
    90        2457          1798.95              1          0.793  
    91        2484          1798.95              1          0.245  
    92        2511          1798.95              1          0.144  
    93        2538          1798.94              1          0.173  
    94        2565          1798.94              1          0.174  
    95        2592          1798.94              1          0.122  
    96        2619          1798.94              1         0.0583  
    97        2646          1798.94              1         0.0419  
    98        2673          1798.94              1         0.0354  
    99        2700          1798.94              1         0.0374  
                                                        First-order 
 Iteration  Func-count       f(x)        Step-size       optimality
   100        2727          1798.94              1         0.0453  
   101        2754          1798.94              1         0.0572  
   102        2781          1798.94              1         0.0388  
   103        2808          1798.94              1         0.0326  
   104        2835          1798.94              1         0.0304  
   105        2862          1798.94              1         0.0444  
   106        2889          1798.94              1         0.0794  
   107        2916          1798.94              1          0.117  
   108        2943          1798.94              1          0.101  
   109        2970          1798.94              1         0.0428  
   110        2997          1798.94              1         0.0369  
   111        3024          1798.94              1         0.0309  
   112        3051          1798.94              1         0.0223  
   113        3078          1798.94              1         0.0266  
   114        3105          1798.94              1         0.0185  
   115        3132          1798.94              1        0.00594  
   116        3159          1798.94              1       0.000809  
   117        3186          1798.94              1       0.000217  
   118        3240          1798.94       0.264612       0.000275  
   119        3294          1798.94       0.493322       0.000244  
                                                        First-order 
 Iteration  Func-count       f(x)        Step-size       optimality
   120        3321          1798.94              1       0.000229  

Local minimum possible.

fminunc stopped because it cannot decrease the objective function
along the current search direction.




Computing finite-difference Hessian using objective function.
Predicted change in objective function too small.
Warning: File: /data/scratch/m1pac03/mcrcache_15792035_238/.mcrCache9.2/OOS_sl0/functions/fPredDensityDirectFull.m Line: 97 Column: 26
The temporary variable st_temp will be cleared at the beginning of each iteration of the parfor loop.
Any value assigned to it before the loop will be lost.  If st_temp is used before it is assigned in the parfor loop, a runtime error will occur.
See Parallel for Loops in MATLAB, "Temporary Variables".
> In msreg_2reg_endoprob_SVAR_FULL_OOS (line 317)
  In OOS_slurm_IF (line 2)
Starting parallel pool (parpool) using the 'local' profile ...
connected to 1 workers.
Current draw: 3000 of 5000
Current draw: 2000 of 5000
Current draw: 1000 of 5000
Current draw: 5000 of 5000
Current draw: 4000 of 5000
Elapsed time is 360.713835 seconds.
Ran Forecast Type 1for Model 11 and Horizon 12
Performing iteration ending on 2018M10 of model 11
Warning: This should be expanded with the country names in case of panel
> In abstvar/abstvar/check_inputs
  In abstvar
  In svar
  In scriptEstimateMode_FULL (line 79)
  In run (line 86)
  In msreg_2reg_endoprob_SVAR_FULL_OOS (line 217)
  In OOS_slurm_IF (line 2)
    'c(3,1,sync,1)>=c(3,1,sync,2)'
    'a0(1,GDPG,sync,1)=0'
    'a0(2,GDPG,sync,1)=0'
    'a0(1,MF,sync,1)=0'
    'a0(1,GDPG,sync,2)=0'
    'a0(2,GDPG,sync,2)=0'
    'a0(1,MF,sync,2)=0'
    'a1(3,GDPG)=0'
    's(3,3,sync,1)<=s(3,3,sync,2)'

 parameter: A12, density:BETA, hyperparameters: [4.3661e-06 3.9294e-05],convergence 3.9293e-06
 parameter: A21, density:BETA, hyperparameters: [4.3661e-06 3.9294e-05],convergence 3.9293e-06
                                                        First-order 
 Iteration  Func-count       f(x)        Step-size       optimality
     0          29          15219.5                       1.2e+04
     1          58          4159.58    8.32869e-05       3.66e+03  
     2          87          3129.41              1       2.25e+03  
     3         116          2789.28              1            856  
     4         145          2530.31              1            405  
     5         174          2438.45              1            271  
     6         203          2409.61              1            145  
     7         232          2395.41              1            182  
     8         261          2375.65              1            196  
     9         290          2345.01              1            217  
    10         319          2312.34              1            227  
    11         348          2297.69              1            192  
    12         377          2287.16              1            124  
    13         406          2275.34              1            217  
    14         435          2265.48              1            206  
    15         464          2247.33              1            259  
    16         493          2233.82              1            216  
    17         522          2220.78              1            232  
    18         551          2214.08              1            162  
    19         580          2210.92              1           53.5  
                                                        First-order 
 Iteration  Func-count       f(x)        Step-size       optimality
    20         609          2208.25              1           74.3  
    21         638          2204.28              1            194  
    22         667          2199.51              1            239  
    23         696             2194              1            164  
    24         725          2189.83              1            106  
    25         754          2185.39              1            161  
    26         783          2178.35              1            318  
    27         812          2168.72              1            347  
    28         841          2161.26              1            220  
    29         870          2157.49              1           93.2  
    30         899          2155.04              1            107  
    31         928          2150.12              1            251  
    32         957          2141.07              1            378  
    33         986          2130.76              1            361  
    34        1015          2123.79              1            187  
    35        1044          2121.39              1             44  
    36        1073           2120.6              1           46.1  
    37        1102          2119.46              1           96.1  
    38        1131          2117.55              1            134  
    39        1160          2115.29              1            120  
                                                        First-order 
 Iteration  Func-count       f(x)        Step-size       optimality
    40        1189          2113.67              1           52.8  
    41        1218          2112.69              1             47  
    42        1247          2111.61              1           69.1  
    43        1276          2109.92              1            114  
    44        1305          2107.77              1            117  
    45        1334          2105.82              1             65  
    46        1363          2104.29              1           59.9  
    47        1392          2102.47              1           79.6  
    48        1421          2099.12              1            160  
    49        1450          2093.91              1            203  
    50        1479          2088.99              1            154  
    51        1508          2086.79              1           60.9  
    52        1537          2086.16              1           28.1  
    53        1566          2085.83              1           34.4  
    54        1595          2085.28              1           68.2  
    55        1624          2084.06              1            109  
    56        1653          2082.14              1            125  
    57        1682          2080.33              1           80.6  
    58        1711          2079.55              1           23.6  
    59        1740          2079.31              1           23.1  
                                                        First-order 
 Iteration  Func-count       f(x)        Step-size       optimality
    60        1769          2079.08              1           33.8  
    61        1798          2078.63              1           54.8  
    62        1827          2078.05              1           57.9  
    63        1856          2077.62              1           33.1  
    64        1885          2077.47              1           8.24  
    65        1914          2077.43              1           7.46  
    66        1943          2077.36              1           13.8  
    67        1972          2077.22              1           24.1  
    68        2001             2077              1           29.8  
    69        2030          2076.78              1           22.9  
    70        2059          2076.68              1           8.78  
    71        2088          2076.65              1           4.91  
    72        2117          2076.64              1            5.2  
    73        2146          2076.61              1           7.07  
    74        2175          2076.57              1             11  
    75        2204          2076.49              1             12  
    76        2233          2076.42              1           8.85  
    77        2262          2076.39              1           8.12  
    78        2291          2076.37              1           6.71  
    79        2320          2076.34              1           5.62  
                                                        First-order 
 Iteration  Func-count       f(x)        Step-size       optimality
    80        2349          2076.28              1           8.72  
    81        2378           2076.2              1           9.46  
    82        2407          2076.12              1           6.99  
    83        2436          2076.08              1           7.16  
    84        2465          2076.05              1           5.85  
    85        2494          2076.01              1              6  
    86        2523          2075.94              1           8.82  
    87        2552          2075.83              1           9.29  
    88        2581          2075.72              1           5.41  
    89        2610          2075.68              1           3.15  
    90        2639          2075.67              1           3.04  
    91        2668          2075.66              1           3.04  
    92        2697          2075.64              1           2.88  
    93        2726          2075.61              1           3.67  
    94        2755          2075.54              1            4.5  
    95        2784          2075.46              1           5.23  
    96        2813           2075.4              1           3.59  
    97        2842          2075.38              1           3.81  
    98        2871          2075.38              1            3.7  
    99        2900          2075.37              1           3.45  
                                                        First-order 
 Iteration  Func-count       f(x)        Step-size       optimality
   100        2929          2075.35              1           3.16  
   101        2958          2075.33              1           4.65  
   102        2987           2075.3              1           4.15  
   103        3016          2075.29              1           2.24  
   104        3045          2075.29              1           2.31  
   105        3074          2075.29              1           2.28  
   106        3103          2075.29              1           2.16  
   107        3132          2075.28              1           3.24  
   108        3161          2075.27              1           4.55  
   109        3190          2075.25              1           4.31  
   110        3219          2075.25              1           2.18  
   111        3248          2075.24              1          0.771  
   112        3277          2075.24              1          0.724  
   113        3306          2075.24              1          0.704  
   114        3335          2075.24              1           1.08  
   115        3364          2075.24              1           1.76  
   116        3393          2075.24              1           2.28  
   117        3422          2075.23              1              2  
   118        3451          2075.23              1          0.887  
   119        3480          2075.23              1          0.619  
                                                        First-order 
 Iteration  Func-count       f(x)        Step-size       optimality
   120        3509          2075.23              1          0.665  
   121        3538          2075.23              1          0.711  
   122        3567          2075.22              1           1.29  
   123        3596          2075.22              1           2.14  
   124        3625          2075.21              1           3.05  
   125        3654           2075.2              1           3.33  
   126        3683          2075.19              1           2.23  
   127        3712          2075.18              1           1.04  
   128        3741          2075.18              1          0.924  
   129        3770          2075.18              1           0.87  
   130        3799          2075.18              1          0.785  
   131        3828          2075.18              1          0.633  
   132        3857          2075.18              1          0.906  
   133        3886          2075.17              1           1.13  
   134        3915          2075.17              1          0.948  
   135        3944          2075.17              1          0.408  
   136        3973          2075.17              1          0.288  
   137        4002          2075.17              1          0.299  
   138        4031          2075.17              1          0.301  
   139        4060          2075.17              1          0.298  
                                                        First-order 
 Iteration  Func-count       f(x)        Step-size       optimality
   140        4089          2075.17              1          0.275  
   141        4118          2075.17              1          0.254  
   142        4147          2075.17              1          0.274  
   143        4176          2075.17              1          0.239  
   144        4205          2075.16              1          0.209  
   145        4234          2075.16              1          0.221  
   146        4263          2075.16              1          0.224  
   147        4292          2075.16              1          0.229  
   148        4321          2075.16              1          0.233  
   149        4350          2075.16              1          0.234  
   150        4379          2075.16              1           0.25  
   151        4408          2075.16              1          0.337  
   152        4437          2075.16              1          0.294  
   153        4466          2075.16              1           0.13  
   154        4495          2075.16              1          0.061  
   155        4524          2075.16              1         0.0601  
   156        4553          2075.16              1         0.0594  
   157        4582          2075.16              1         0.0577  
   158        4611          2075.16              1         0.0544  
   159        4640          2075.16              1         0.0487  
                                                        First-order 
 Iteration  Func-count       f(x)        Step-size       optimality
   160        4669          2075.16              1         0.0359  
   161        4698          2075.16              1          0.032  
   162        4727          2075.16              1          0.029  
   163        4756          2075.16              1         0.0189  
   164        4785          2075.16              1         0.0175  
   165        4814          2075.16              1         0.0175  
   166        4843          2075.16              1         0.0178  
   167        4872          2075.16              1          0.018  
   168        4901          2075.16              1         0.0184  
   169        4930          2075.16              1         0.0182  
   170        4959          2075.16              1         0.0175  
   171        4988          2075.16              1         0.0148  
   172        5017          2075.16              1         0.0149  
   173        5046          2075.16              1         0.0102  
   174        5075          2075.16              1        0.00378  
   175        5104          2075.16              1       0.000519  
   176        5133          2075.16              1       0.000336  
   177        5365          2075.16       0.249254       0.000366  

Local minimum possible.

fminunc stopped because it cannot decrease the objective function
along the current search direction.




Computing finite-difference Hessian using objective function.
Predicted change in objective function too small.
Warning: File: /data/scratch/m1pac03/mcrcache_15792035_238/.mcrCache9.2/OOS_sl0/functions/fPredDensityIteratedFull.m Line: 115 Column: 83
The temporary variable f_t_comp will be cleared at the beginning of each iteration of the parfor loop.
Any value assigned to it before the loop will be lost.  If f_t_comp is used before it is assigned in the parfor loop, a runtime error will occur.
See Parallel for Loops in MATLAB, "Temporary Variables".
> In msreg_2reg_endoprob_SVAR_FULL_OOS (line 320)
  In OOS_slurm_IF (line 2)
Warning: File: /data/scratch/m1pac03/mcrcache_15792035_238/.mcrCache9.2/OOS_sl0/functions/fPredDensityIteratedFull.m Line: 115 Column: 92
The temporary variable m_t_comp will be cleared at the beginning of each iteration of the parfor loop.
Any value assigned to it before the loop will be lost.  If m_t_comp is used before it is assigned in the parfor loop, a runtime error will occur.
See Parallel for Loops in MATLAB, "Temporary Variables".
> In msreg_2reg_endoprob_SVAR_FULL_OOS (line 320)
  In OOS_slurm_IF (line 2)
Warning: File: /data/scratch/m1pac03/mcrcache_15792035_238/.mcrCache9.2/OOS_sl0/functions/fPredDensityIteratedFull.m Line: 115 Column: 101
The temporary variable gdp_t_comp will be cleared at the beginning of each iteration of the parfor loop.
Any value assigned to it before the loop will be lost.  If gdp_t_comp is used before it is assigned in the parfor loop, a runtime error will occur.
See Parallel for Loops in MATLAB, "Temporary Variables".
> In msreg_2reg_endoprob_SVAR_FULL_OOS (line 320)
  In OOS_slurm_IF (line 2)
Warning: File: /data/scratch/m1pac03/mcrcache_15792035_238/.mcrCache9.2/OOS_sl0/functions/fPredDensityIteratedFull.m Line: 113 Column: 66
The temporary variable st_sim will be cleared at the beginning of each iteration of the parfor loop.
Any value assigned to it before the loop will be lost.  If st_sim is used before it is assigned in the parfor loop, a runtime error will occur.
See Parallel for Loops in MATLAB, "Temporary Variables".
> In msreg_2reg_endoprob_SVAR_FULL_OOS (line 320)
  In OOS_slurm_IF (line 2)
Warning: File: /data/scratch/m1pac03/mcrcache_15792035_238/.mcrCache9.2/OOS_sl0/functions/fPredDensityIteratedFull.m Line: 107 Column: 49
The temporary variable p11 will be cleared at the beginning of each iteration of the parfor loop.
Any value assigned to it before the loop will be lost.  If p11 is used before it is assigned in the parfor loop, a runtime error will occur.
See Parallel for Loops in MATLAB, "Temporary Variables".
> In msreg_2reg_endoprob_SVAR_FULL_OOS (line 320)
  In OOS_slurm_IF (line 2)
Warning: File: /data/scratch/m1pac03/mcrcache_15792035_238/.mcrCache9.2/OOS_sl0/functions/fPredDensityIteratedFull.m Line: 107 Column: 53
The temporary variable p22 will be cleared at the beginning of each iteration of the parfor loop.
Any value assigned to it before the loop will be lost.  If p22 is used before it is assigned in the parfor loop, a runtime error will occur.
See Parallel for Loops in MATLAB, "Temporary Variables".
> In msreg_2reg_endoprob_SVAR_FULL_OOS (line 320)
  In OOS_slurm_IF (line 2)
Warning: File: /data/scratch/m1pac03/mcrcache_15792035_238/.mcrCache9.2/OOS_sl0/functions/fPredDensityIteratedFull.m Line: 107 Column: 42
The temporary variable st_lag will be cleared at the beginning of each iteration of the parfor loop.
Any value assigned to it before the loop will be lost.  If st_lag is used before it is assigned in the parfor loop, a runtime error will occur.
See Parallel for Loops in MATLAB, "Temporary Variables".
> In msreg_2reg_endoprob_SVAR_FULL_OOS (line 320)
  In OOS_slurm_IF (line 2)
Current draw: 5000 of 5000
Current draw: 4000 of 5000
Current draw: 3000 of 5000
Current draw: 2000 of 5000
Current draw: 1000 of 5000
Elapsed time is 1006.117359 seconds.
Ran Forecast Type 2for Model 11 and Horizon 12
