44
------------------------------------------
Setting up environment variables
---
LD_LIBRARY_PATH is .:/opt/MATLAB/R2017a/runtime/glnxa64:/opt/MATLAB/R2017a/bin/glnxa64:/opt/MATLAB/R2017a/sys/os/glnxa64:/opt/MATLAB/R2017a/sys/opengl/lib/glnxa64
Warning: Method directories not allowed in MATLAB path: /data/scratch/m1pac03/mcrcache_15792035_44/.mcrCache9.2/OOS_sl0/if/gms_research_gar/GAR/MS-VAR/RISE_toolbox2/classes/models/@dsge/private
Running on SLURM; using 1 cores as assigned on this node.

Performing iteration ending on 2002M8 of model 11
Warning: This should be expanded with the country names in case of panel
> In abstvar/abstvar/check_inputs
  In abstvar
  In svar
  In scriptEstimateMode_FULL (line 79)
  In run (line 86)
  In msreg_2reg_endoprob_SVAR_FULL_OOS (line 217)
  In OOS_slurm_IF (line 2)
    'c(3,1,sync,1)>=c(3,1,sync,2)'
    'a0(1,GDPGH,sync,1)=0'
    'a0(1,MF,sync,1)=0'
    'a0(2,GDPGH,sync,1)=0'
    'a0(1,GDPGH,sync,2)=0'
    'a0(1,MF,sync,2)=0'
    'a0(2,GDPGH,sync,2)=0'
    'a1(1,GDPGH)=0'
    'a1(2,GDPGH)=0'
    'a1(3,GDPGH)=0'
    's(3,3,sync,1)<=s(3,3,sync,2)'

 parameter: A12, density:BETA, hyperparameters: [4.3661e-06 3.9294e-05],convergence 3.9293e-06
 parameter: A21, density:BETA, hyperparameters: [4.3661e-06 3.9294e-05],convergence 3.9293e-06
                                                        First-order 
 Iteration  Func-count       f(x)        Step-size       optimality
     0          27          5085.97                      3.65e+03
     1          54          1729.17    0.000273892            463  
     2          81          1590.26              1            278  
     3         108          1484.26              1            115  
     4         135          1467.86              1           73.7  
     5         162          1453.46              1           74.8  
     6         189          1441.76              1           79.9  
     7         216          1430.92              1           75.7  
     8         243           1417.1              1           97.5  
     9         270          1396.72              1            126  
    10         297          1375.53              1             87  
    11         324          1363.44              1           69.9  
    12         351          1357.05              1           46.2  
    13         378          1351.88              1           36.7  
    14         405           1349.5              1           36.9  
    15         432          1342.37              1           70.6  
    16         459          1337.35              1             46  
    17         486          1334.21              1           45.8  
    18         513          1329.93              1           48.6  
    19         540          1322.96              1             91  
                                                        First-order 
 Iteration  Func-count       f(x)        Step-size       optimality
    20         567          1315.06              1           91.3  
    21         594          1307.61              1           60.2  
    22         621          1300.91              1           51.1  
    23         648          1295.93              1           51.2  
    24         675          1290.81              1           67.7  
    25         702          1286.14              1           42.1  
    26         729          1282.85              1           44.2  
    27         756          1280.29              1             40  
    28         783          1278.16              1           36.4  
    29         810          1276.54              1           31.7  
    30         837          1275.62              1           16.3  
    31         864          1274.99              1           14.3  
    32         891          1274.29              1             26  
    33         918           1273.6              1           29.4  
    34         945          1273.14              1           16.7  
    35         972          1272.94              1           5.47  
    36         999          1272.86              1           5.45  
    37        1026          1272.75              1           9.85  
    38        1053          1272.64              1             10  
    39        1080          1272.56              1           4.96  
                                                        First-order 
 Iteration  Func-count       f(x)        Step-size       optimality
    40        1107          1272.52              1           3.93  
    41        1134          1272.48              1           3.91  
    42        1161          1272.44              1           6.14  
    43        1188          1272.39              1           5.24  
    44        1215          1272.36              1           3.26  
    45        1242          1272.34              1           3.78  
    46        1269          1272.31              1           3.61  
    47        1296          1272.29              1           4.03  
    48        1323          1272.26              1           2.49  
    49        1350          1272.25              1           2.25  
    50        1377          1272.24              1           2.17  
    51        1404          1272.22              1           3.18  
    52        1431          1272.21              1           2.41  
    53        1458           1272.2              1           1.81  
    54        1485           1272.2              1            1.6  
    55        1512          1272.19              1           2.37  
    56        1539          1272.18              1           2.71  
    57        1566          1272.17              1           1.59  
    58        1593          1272.17              1          0.885  
    59        1620          1272.17              1          0.859  
                                                        First-order 
 Iteration  Func-count       f(x)        Step-size       optimality
    60        1647          1272.16              1           1.58  
    61        1674          1272.16              1           2.49  
    62        1701          1272.15              1           2.67  
    63        1728          1272.14              1           1.59  
    64        1755          1272.14              1          0.719  
    65        1782          1272.14              1          0.617  
    66        1809          1272.14              1          0.559  
    67        1836          1272.14              1           0.69  
    68        1863          1272.13              1          0.459  
    69        1890          1272.13              1          0.209  
    70        1917          1272.13              1          0.207  
    71        1944          1272.13              1          0.223  
    72        1971          1272.13              1          0.353  
    73        1998          1272.13              1          0.401  
    74        2025          1272.13              1          0.399  
    75        2052          1272.13              1          0.512  
    76        2079          1272.13              1          0.516  
    77        2106          1272.13              1          0.501  
    78        2133          1272.13              1          0.659  
    79        2160          1272.13              1          0.567  
                                                        First-order 
 Iteration  Func-count       f(x)        Step-size       optimality
    80        2187          1272.13              1          0.308  
    81        2214          1272.13              1          0.221  
    82        2241          1272.13              1           0.27  
    83        2268          1272.13              1          0.291  
    84        2295          1272.13              1          0.232  
    85        2322          1272.13              1          0.137  
    86        2349          1272.13              1          0.119  
    87        2376          1272.13              1          0.107  
    88        2403          1272.13              1          0.142  
    89        2430          1272.13              1           0.13  
    90        2457          1272.13              1          0.063  
    91        2484          1272.13              1         0.0612  
    92        2511          1272.13              1         0.0607  
    93        2538          1272.13              1         0.0694  
    94        2565          1272.13              1         0.0866  
    95        2592          1272.13              1         0.0723  
    96        2619          1272.13              1         0.0679  
    97        2646          1272.13              1         0.0718  
    98        2673          1272.13              1         0.0653  
    99        2700          1272.13              1         0.0876  
                                                        First-order 
 Iteration  Func-count       f(x)        Step-size       optimality
   100        2727          1272.13              1          0.105  
   101        2754          1272.13              1         0.0677  
   102        2781          1272.13              1         0.0186  
   103        2808          1272.13              1         0.0161  
   104        2835          1272.13              1         0.0182  
   105        2862          1272.13              1         0.0205  
   106        2889          1272.13              1         0.0209  
   107        2916          1272.13              1         0.0229  
   108        2943          1272.13              1         0.0128  
   109        2970          1272.13              1        0.00554  
   110        2997          1272.13              1        0.00487  
   111        3024          1272.13              1        0.00438  
   112        3051          1272.13              1        0.00414  
   113        3078          1272.13              1        0.00322  
   114        3105          1272.13              1        0.00354  
   115        3132          1272.13              1        0.00317  
   116        3159          1272.13              1        0.00354  
   117        3186          1272.13              1        0.00322  
   118        3213          1272.13              1        0.00256  
   119        3240          1272.13              1         0.0022  
                                                        First-order 
 Iteration  Func-count       f(x)        Step-size       optimality
   120        3267          1272.13              1        0.00145  
   121        3294          1272.13              1       0.000595  
   122        3321          1272.13              1       0.000229  
   123        3375          1272.13       0.430817        0.00032  
   124        3402          1272.13              1       0.000458  
   125        3429          1272.13              1        0.00029  
   126        3510          1272.13       0.068369       0.000168  
   127        3537          1272.13              1       0.000137  
   128        3591          1272.13       0.246355       0.000153  
   129        3645          1272.13       0.201489       0.000153  
   130        3834          1272.13    4.39243e-05       0.000153  

Local minimum possible.

fminunc stopped because the size of the current step is less than
the selected value of the step size tolerance.




Computing finite-difference Hessian using objective function.
Change in X too small.
Warning: File: /data/scratch/m1pac03/mcrcache_15792035_44/.mcrCache9.2/OOS_sl0/functions/fPredDensityDirectFull.m Line: 97 Column: 26
The temporary variable st_temp will be cleared at the beginning of each iteration of the parfor loop.
Any value assigned to it before the loop will be lost.  If st_temp is used before it is assigned in the parfor loop, a runtime error will occur.
See Parallel for Loops in MATLAB, "Temporary Variables".
> In msreg_2reg_endoprob_SVAR_FULL_OOS (line 317)
  In OOS_slurm_IF (line 2)
Starting parallel pool (parpool) using the 'local' profile ...
connected to 1 workers.
Current draw: 3000 of 5000
Current draw: 2000 of 5000
Current draw: 1000 of 5000
Current draw: 5000 of 5000
Current draw: 4000 of 5000
Elapsed time is 206.299765 seconds.
Ran Forecast Type 1for Model 11 and Horizon 12
Performing iteration ending on 2002M8 of model 11
Warning: This should be expanded with the country names in case of panel
> In abstvar/abstvar/check_inputs
  In abstvar
  In svar
  In scriptEstimateMode_FULL (line 79)
  In run (line 86)
  In msreg_2reg_endoprob_SVAR_FULL_OOS (line 217)
  In OOS_slurm_IF (line 2)
    'c(3,1,sync,1)>=c(3,1,sync,2)'
    'a0(1,GDPG,sync,1)=0'
    'a0(2,GDPG,sync,1)=0'
    'a0(1,MF,sync,1)=0'
    'a0(1,GDPG,sync,2)=0'
    'a0(2,GDPG,sync,2)=0'
    'a0(1,MF,sync,2)=0'
    'a1(3,GDPG)=0'
    's(3,3,sync,1)<=s(3,3,sync,2)'

 parameter: A12, density:BETA, hyperparameters: [4.3661e-06 3.9294e-05],convergence 3.9293e-06
 parameter: A21, density:BETA, hyperparameters: [4.3661e-06 3.9294e-05],convergence 3.9293e-06
                                                        First-order 
 Iteration  Func-count       f(x)        Step-size       optimality
     0          29          11121.5                      9.69e+03
     1          58          2869.85    0.000103236       2.37e+03  
     2          87          2345.45              1       1.95e+03  
     3         116          1982.33              1            637  
     4         145          1698.05              1            255  
     5         174          1630.53              1            157  
     6         203           1609.3              1           80.2  
     7         232          1602.16              1           81.9  
     8         261          1594.43              1             95  
     9         290          1581.88              1            108  
    10         319           1565.8              1            134  
    11         348          1552.41              1            145  
    12         377          1542.74              1            139  
    13         406          1534.12              1            104  
    14         435          1526.78              1            138  
    15         464          1518.72              1            138  
    16         493          1512.64              1            107  
    17         522          1507.07              1            101  
    18         551          1499.43              1            197  
    19         580          1489.01              1            258  
                                                        First-order 
 Iteration  Func-count       f(x)        Step-size       optimality
    20         609          1481.51              1            169  
    21         638          1478.26              1           40.7  
    22         667          1476.39              1           58.8  
    23         696          1474.05              1            129  
    24         725          1468.55              1            206  
    25         754          1461.99              1            199  
    26         783          1457.37              1            100  
    27         812          1453.96              1           81.8  
    28         841             1451              1            140  
    29         870          1447.59              1            152  
    30         899          1444.55              1           91.2  
    31         928          1441.68              1           85.8  
    32         957          1439.09              1           98.3  
    33         986          1435.85              1            155  
    34        1015          1432.12              1            139  
    35        1044          1429.73              1           64.5  
    36        1073          1428.58              1           50.2  
    37        1102          1427.37              1           60.7  
    38        1131          1425.44              1            112  
    39        1160          1423.13              1            119  
                                                        First-order 
 Iteration  Func-count       f(x)        Step-size       optimality
    40        1189          1421.45              1           68.5  
    41        1218          1420.53              1             27  
    42        1247          1419.94              1           35.7  
    43        1276          1418.95              1             78  
    44        1305          1416.89              1            121  
    45        1334           1414.1              1            122  
    46        1421          1413.55       0.207003            110  
    47        1508          1412.92           0.19             90  
    48        1624          1412.52       0.137079           75.6  
    49        2349          1412.44      0.0294271            183  
    50        2813          1412.44          1e-07          1e+03  

Local minimum possible.

fminunc stopped because it cannot decrease the objective function
along the current search direction.




Computing finite-difference Hessian using objective function.
Predicted change in objective function too small.
Warning: File: /data/scratch/m1pac03/mcrcache_15792035_44/.mcrCache9.2/OOS_sl0/functions/fPredDensityIteratedFull.m Line: 115 Column: 83
The temporary variable f_t_comp will be cleared at the beginning of each iteration of the parfor loop.
Any value assigned to it before the loop will be lost.  If f_t_comp is used before it is assigned in the parfor loop, a runtime error will occur.
See Parallel for Loops in MATLAB, "Temporary Variables".
> In msreg_2reg_endoprob_SVAR_FULL_OOS (line 320)
  In OOS_slurm_IF (line 2)
Warning: File: /data/scratch/m1pac03/mcrcache_15792035_44/.mcrCache9.2/OOS_sl0/functions/fPredDensityIteratedFull.m Line: 115 Column: 92
The temporary variable m_t_comp will be cleared at the beginning of each iteration of the parfor loop.
Any value assigned to it before the loop will be lost.  If m_t_comp is used before it is assigned in the parfor loop, a runtime error will occur.
See Parallel for Loops in MATLAB, "Temporary Variables".
> In msreg_2reg_endoprob_SVAR_FULL_OOS (line 320)
  In OOS_slurm_IF (line 2)
Warning: File: /data/scratch/m1pac03/mcrcache_15792035_44/.mcrCache9.2/OOS_sl0/functions/fPredDensityIteratedFull.m Line: 115 Column: 101
The temporary variable gdp_t_comp will be cleared at the beginning of each iteration of the parfor loop.
Any value assigned to it before the loop will be lost.  If gdp_t_comp is used before it is assigned in the parfor loop, a runtime error will occur.
See Parallel for Loops in MATLAB, "Temporary Variables".
> In msreg_2reg_endoprob_SVAR_FULL_OOS (line 320)
  In OOS_slurm_IF (line 2)
Warning: File: /data/scratch/m1pac03/mcrcache_15792035_44/.mcrCache9.2/OOS_sl0/functions/fPredDensityIteratedFull.m Line: 113 Column: 66
The temporary variable st_sim will be cleared at the beginning of each iteration of the parfor loop.
Any value assigned to it before the loop will be lost.  If st_sim is used before it is assigned in the parfor loop, a runtime error will occur.
See Parallel for Loops in MATLAB, "Temporary Variables".
> In msreg_2reg_endoprob_SVAR_FULL_OOS (line 320)
  In OOS_slurm_IF (line 2)
Warning: File: /data/scratch/m1pac03/mcrcache_15792035_44/.mcrCache9.2/OOS_sl0/functions/fPredDensityIteratedFull.m Line: 107 Column: 49
The temporary variable p11 will be cleared at the beginning of each iteration of the parfor loop.
Any value assigned to it before the loop will be lost.  If p11 is used before it is assigned in the parfor loop, a runtime error will occur.
See Parallel for Loops in MATLAB, "Temporary Variables".
> In msreg_2reg_endoprob_SVAR_FULL_OOS (line 320)
  In OOS_slurm_IF (line 2)
Warning: File: /data/scratch/m1pac03/mcrcache_15792035_44/.mcrCache9.2/OOS_sl0/functions/fPredDensityIteratedFull.m Line: 107 Column: 53
The temporary variable p22 will be cleared at the beginning of each iteration of the parfor loop.
Any value assigned to it before the loop will be lost.  If p22 is used before it is assigned in the parfor loop, a runtime error will occur.
See Parallel for Loops in MATLAB, "Temporary Variables".
> In msreg_2reg_endoprob_SVAR_FULL_OOS (line 320)
  In OOS_slurm_IF (line 2)
Warning: File: /data/scratch/m1pac03/mcrcache_15792035_44/.mcrCache9.2/OOS_sl0/functions/fPredDensityIteratedFull.m Line: 107 Column: 42
The temporary variable st_lag will be cleared at the beginning of each iteration of the parfor loop.
Any value assigned to it before the loop will be lost.  If st_lag is used before it is assigned in the parfor loop, a runtime error will occur.
See Parallel for Loops in MATLAB, "Temporary Variables".
> In msreg_2reg_endoprob_SVAR_FULL_OOS (line 320)
  In OOS_slurm_IF (line 2)
Current draw: 5000 of 5000
Current draw: 4000 of 5000
Current draw: 3000 of 5000
Current draw: 2000 of 5000
Current draw: 1000 of 5000
Elapsed time is 467.397724 seconds.
Ran Forecast Type 2for Model 11 and Horizon 12
