7
------------------------------------------
Setting up environment variables
---
LD_LIBRARY_PATH is .:/opt/MATLAB/R2017a/runtime/glnxa64:/opt/MATLAB/R2017a/bin/glnxa64:/opt/MATLAB/R2017a/sys/os/glnxa64:/opt/MATLAB/R2017a/sys/opengl/lib/glnxa64
Warning: Method directories not allowed in MATLAB path: /data/scratch/m1pac03/mcrcache_15792035_7/.mcrCache9.2/OOS_sl0/if/gms_research_gar/GAR/MS-VAR/RISE_toolbox2/classes/models/@dsge/private
Running on SLURM; using 1 cores as assigned on this node.

Performing iteration ending on 1999M7 of model 11
Warning: This should be expanded with the country names in case of panel
> In abstvar/abstvar/check_inputs
  In abstvar
  In svar
  In scriptEstimateMode_FULL (line 79)
  In run (line 86)
  In msreg_2reg_endoprob_SVAR_FULL_OOS (line 217)
  In OOS_slurm_IF (line 2)
    'c(3,1,sync,1)>=c(3,1,sync,2)'
    'a0(1,GDPGH,sync,1)=0'
    'a0(1,MF,sync,1)=0'
    'a0(2,GDPGH,sync,1)=0'
    'a0(1,GDPGH,sync,2)=0'
    'a0(1,MF,sync,2)=0'
    'a0(2,GDPGH,sync,2)=0'
    'a1(1,GDPGH)=0'
    'a1(2,GDPGH)=0'
    'a1(3,GDPGH)=0'
    's(3,3,sync,1)<=s(3,3,sync,2)'

 parameter: A12, density:BETA, hyperparameters: [4.3661e-06 3.9294e-05],convergence 3.9293e-06
 parameter: A21, density:BETA, hyperparameters: [4.3661e-06 3.9294e-05],convergence 3.9293e-06
                                                        First-order 
 Iteration  Func-count       f(x)        Step-size       optimality
     0          27          4753.59                      3.51e+03
     1          54          1625.12    0.000284882            471  
     2          81          1471.61              1            283  
     3         108          1359.88              1            117  
     4         135          1341.34              1             72  
     5         162          1326.63              1           76.3  
     6         189          1312.97              1           81.6  
     7         216          1300.33              1           76.7  
     8         243           1286.9              1           87.5  
     9         270          1266.34              1            111  
    10         297           1245.2              1            109  
    11         324          1232.25              1           77.9  
    12         351          1224.21              1           51.8  
    13         378          1215.92              1           39.6  
    14         405          1213.31              1           35.2  
    15         432          1202.71              1             56  
    16         459          1198.81              1           39.6  
    17         486          1193.36              1           46.5  
    18         513          1189.84              1           50.8  
    19         540          1177.87              1           56.5  
                                                        First-order 
 Iteration  Func-count       f(x)        Step-size       optimality
    20         567          1170.14              1           61.2  
    21         594          1161.66              1           43.2  
    22         621          1157.31              1           43.8  
    23         648          1152.57              1           32.9  
    24         675          1147.48              1           42.1  
    25         702          1144.11              1           35.2  
    26         729          1142.68              1             17  
    27         756          1142.03              1           14.3  
    28         783          1141.65              1           16.6  
    29         810          1141.07              1           15.7  
    30         837          1140.73              1           8.05  
    31         864          1140.47              1           9.56  
    32         891          1140.23              1           9.37  
    33         918          1139.98              1           10.2  
    34         945          1139.79              1           8.04  
    35         972          1139.69              1           5.38  
    36         999          1139.62              1           4.77  
    37        1026          1139.55              1           7.12  
    38        1053          1139.47              1           6.01  
    39        1080          1139.43              1           2.58  
                                                        First-order 
 Iteration  Func-count       f(x)        Step-size       optimality
    40        1107          1139.41              1           2.14  
    41        1134          1139.39              1           2.44  
    42        1161          1139.37              1           3.43  
    43        1188          1139.35              1           2.94  
    44        1215          1139.33              1              2  
    45        1242          1139.32              1            1.6  
    46        1269          1139.31              1           1.59  
    47        1296          1139.29              1           2.49  
    48        1323          1139.28              1            2.4  
    49        1350          1139.27              1           1.23  
    50        1377          1139.26              1           1.24  
    51        1404          1139.26              1           1.58  
    52        1431          1139.25              1           2.47  
    53        1458          1139.24              1           2.26  
    54        1485          1139.23              1           1.11  
    55        1512          1139.23              1           1.59  
    56        1539          1139.22              1           1.77  
    57        1566          1139.21              1            2.6  
    58        1593           1139.2              1           2.29  
    59        1620          1139.19              1            1.3  
                                                        First-order 
 Iteration  Func-count       f(x)        Step-size       optimality
    60        1647          1139.19              1           1.94  
    61        1674          1139.18              1           1.99  
    62        1701          1139.17              1           2.08  
    63        1728          1139.17              1           1.15  
    64        1755          1139.16              1          0.741  
    65        1782          1139.16              1          0.875  
    66        1809          1139.16              1           1.18  
    67        1836          1139.16              1          0.951  
    68        1863          1139.16              1          0.386  
    69        1890          1139.15              1          0.415  
    70        1917          1139.15              1          0.628  
    71        1944          1139.15              1           0.89  
    72        1971          1139.15              1          0.716  
    73        1998          1139.15              1          0.253  
    74        2025          1139.15              1          0.185  
    75        2052          1139.15              1          0.247  
    76        2079          1139.15              1          0.416  
    77        2106          1139.15              1          0.411  
    78        2133          1139.15              1            0.2  
    79        2160          1139.15              1          0.101  
                                                        First-order 
 Iteration  Func-count       f(x)        Step-size       optimality
    80        2187          1139.15              1          0.101  
    81        2214          1139.15              1          0.194  
    82        2241          1139.15              1            0.3  
    83        2268          1139.15              1          0.326  
    84        2295          1139.15              1          0.221  
    85        2322          1139.15              1          0.226  
    86        2349          1139.15              1          0.187  
    87        2376          1139.15              1           0.13  
    88        2403          1139.15              1          0.131  
    89        2430          1139.15              1         0.0664  
    90        2457          1139.15              1          0.021  
    91        2484          1139.15              1         0.0212  
    92        2511          1139.15              1         0.0208  
    93        2538          1139.15              1          0.033  
    94        2565          1139.15              1         0.0362  
    95        2592          1139.15              1         0.0247  
    96        2619          1139.15              1         0.0195  
    97        2646          1139.15              1         0.0136  
    98        2673          1139.15              1         0.0136  
    99        2700          1139.15              1          0.012  
                                                        First-order 
 Iteration  Func-count       f(x)        Step-size       optimality
   100        2727          1139.15              1         0.0113  
   101        2754          1139.15              1         0.0111  
   102        2781          1139.15              1         0.0109  
   103        2808          1139.15              1         0.0105  
   104        2835          1139.15              1          0.013  
   105        2862          1139.15              1         0.0155  
   106        2889          1139.15              1         0.0116  
   107        2916          1139.15              1        0.00623  
   108        2943          1139.15              1        0.00459  
   109        2970          1139.15              1        0.00354  
   110        2997          1139.15              1        0.00229  
   111        3024          1139.15              1       0.000687  
   112        3051          1139.15              1       0.000626  
   113        3078          1139.15              1        0.00061  
   114        3105          1139.15              1       0.000687  
   115        3186          1139.15      0.0487688       0.000626  
   116        3213          1139.15              1       0.000626  
   117        3240          1139.15              1       0.000549  
   118        3267          1139.15              1       0.000671  
   119        3294          1139.15              1       0.000702  
                                                        First-order 
 Iteration  Func-count       f(x)        Step-size       optimality
   120        3321          1139.15              1       0.000519  
   121        3348          1139.15              1       0.000488  
   122        3375          1139.15              1       0.000366  
   123        3402          1139.15              1       0.000259  
   124        3429          1139.15              1       0.000259  
   125        3456          1139.15              1       0.000183  
   126        3510          1139.15       0.304952       0.000214  
   127        3591          1139.15      0.0215358       0.000122  
   128        3645          1139.15            0.5       0.000122  
   129        3726          1139.15       0.086678       0.000244  
   130        3807          1139.15      0.0389373       0.000168  
   131        3861          1139.15       0.199442       0.000183  
   132        3915          1139.15       0.322905       0.000168  
   133        3969          1139.15       0.218896       0.000244  
   134        4023          1139.15       0.245824       0.000153  

Local minimum possible.

fminunc stopped because it cannot decrease the objective function
along the current search direction.




Computing finite-difference Hessian using objective function.
Predicted change in objective function too small.
Warning: File: /data/scratch/m1pac03/mcrcache_15792035_7/.mcrCache9.2/OOS_sl0/functions/fPredDensityDirectFull.m Line: 97 Column: 26
The temporary variable st_temp will be cleared at the beginning of each iteration of the parfor loop.
Any value assigned to it before the loop will be lost.  If st_temp is used before it is assigned in the parfor loop, a runtime error will occur.
See Parallel for Loops in MATLAB, "Temporary Variables".
> In msreg_2reg_endoprob_SVAR_FULL_OOS (line 317)
  In OOS_slurm_IF (line 2)
Starting parallel pool (parpool) using the 'local' profile ...
connected to 1 workers.
Current draw: 3000 of 5000
Current draw: 2000 of 5000
Current draw: 1000 of 5000
Current draw: 5000 of 5000
Current draw: 4000 of 5000
Elapsed time is 191.958497 seconds.
Ran Forecast Type 1for Model 11 and Horizon 12
Performing iteration ending on 1999M7 of model 11
Warning: This should be expanded with the country names in case of panel
> In abstvar/abstvar/check_inputs
  In abstvar
  In svar
  In scriptEstimateMode_FULL (line 79)
  In run (line 86)
  In msreg_2reg_endoprob_SVAR_FULL_OOS (line 217)
  In OOS_slurm_IF (line 2)
    'c(3,1,sync,1)>=c(3,1,sync,2)'
    'a0(1,GDPG,sync,1)=0'
    'a0(2,GDPG,sync,1)=0'
    'a0(1,MF,sync,1)=0'
    'a0(1,GDPG,sync,2)=0'
    'a0(2,GDPG,sync,2)=0'
    'a0(1,MF,sync,2)=0'
    'a1(3,GDPG)=0'
    's(3,3,sync,1)<=s(3,3,sync,2)'

 parameter: A12, density:BETA, hyperparameters: [4.3661e-06 3.9294e-05],convergence 3.9293e-06
 parameter: A21, density:BETA, hyperparameters: [4.3661e-06 3.9294e-05],convergence 3.9293e-06
                                                        First-order 
 Iteration  Func-count       f(x)        Step-size       optimality
     0          29          10393.6                      9.15e+03
     1          58          2652.27    0.000109287       2.21e+03  
     2          87          2162.34              1       1.79e+03  
     3         116           1822.4              1            605  
     4         145          1547.97              1            236  
     5         174          1479.53              1            143  
     6         203          1457.39              1           77.5  
     7         232          1450.77              1           79.6  
     8         261          1444.71              1             80  
     9         290          1434.35              1             96  
    10         319          1419.45              1            125  
    11         348          1405.09              1            121  
    12         377          1395.32              1            130  
    13         406          1387.23              1            103  
    14         435          1380.51              1            108  
    15         464          1371.49              1            166  
    16         493          1364.65              1            133  
    17         522          1359.21              1           92.2  
    18         551          1354.68              1            106  
    19         580          1346.66              1            240  
                                                        First-order 
 Iteration  Func-count       f(x)        Step-size       optimality
    20         609          1336.84              1            282  
    21         638          1330.94              1            157  
    22         667           1328.1              1           34.9  
    23         696          1326.04              1           79.8  
    24         725          1323.59              1            148  
    25         754          1319.58              1            222  
    26         783          1314.32              1            174  
    27         812          1309.43              1            101  
    28         841          1306.76              1           80.3  
    29         870          1303.92              1            126  
    30         899          1300.96              1            101  
    31         928          1298.42              1           68.8  
    32         957          1295.79              1           88.4  
    33         986          1291.99              1            128  
    34        1015          1286.82              1            159  
    35        1044          1282.68              1            110  
    36        1073          1280.88              1           37.3  
    37        1102          1279.91              1           37.8  
    38        1131          1278.64              1           63.7  
    39        1160          1276.71              1            101  
                                                        First-order 
 Iteration  Func-count       f(x)        Step-size       optimality
    40        1189          1274.62              1             95  
    41        1218          1273.28              1           45.9  
    42        1247          1272.61              1           25.3  
    43        1276          1272.02              1           37.9  
    44        1305          1270.86              1           80.7  
    45        1334          1268.68              1            119  
    46        1363          1265.78              1            117  
    47        1392           1263.8              1           61.4  
    48        1421          1262.91              1           30.9  
    49        1450          1262.24              1           35.2  
    50        1479          1261.24              1           76.7  
    51        1508          1259.03              1            130  
    52        1537           1255.1              1            169  
    53        1566          1250.02              1            134  
    54        1624          1248.22            0.5           81.5  
    55        1682          1247.72       0.229906           60.9  
    56        1769          1247.39           0.19           45.8  
    57        1856          1247.09           0.19           31.7  
    58        1943           1246.8           0.19           21.1  
    59        2842          1246.77      0.0165273            846  

Local minimum possible.

fminunc stopped because it cannot decrease the objective function
along the current search direction.




Computing finite-difference Hessian using objective function.
Predicted change in objective function too small.
Warning: File: /data/scratch/m1pac03/mcrcache_15792035_7/.mcrCache9.2/OOS_sl0/functions/fPredDensityIteratedFull.m Line: 115 Column: 83
The temporary variable f_t_comp will be cleared at the beginning of each iteration of the parfor loop.
Any value assigned to it before the loop will be lost.  If f_t_comp is used before it is assigned in the parfor loop, a runtime error will occur.
See Parallel for Loops in MATLAB, "Temporary Variables".
> In msreg_2reg_endoprob_SVAR_FULL_OOS (line 320)
  In OOS_slurm_IF (line 2)
Warning: File: /data/scratch/m1pac03/mcrcache_15792035_7/.mcrCache9.2/OOS_sl0/functions/fPredDensityIteratedFull.m Line: 115 Column: 92
The temporary variable m_t_comp will be cleared at the beginning of each iteration of the parfor loop.
Any value assigned to it before the loop will be lost.  If m_t_comp is used before it is assigned in the parfor loop, a runtime error will occur.
See Parallel for Loops in MATLAB, "Temporary Variables".
> In msreg_2reg_endoprob_SVAR_FULL_OOS (line 320)
  In OOS_slurm_IF (line 2)
Warning: File: /data/scratch/m1pac03/mcrcache_15792035_7/.mcrCache9.2/OOS_sl0/functions/fPredDensityIteratedFull.m Line: 115 Column: 101
The temporary variable gdp_t_comp will be cleared at the beginning of each iteration of the parfor loop.
Any value assigned to it before the loop will be lost.  If gdp_t_comp is used before it is assigned in the parfor loop, a runtime error will occur.
See Parallel for Loops in MATLAB, "Temporary Variables".
> In msreg_2reg_endoprob_SVAR_FULL_OOS (line 320)
  In OOS_slurm_IF (line 2)
Warning: File: /data/scratch/m1pac03/mcrcache_15792035_7/.mcrCache9.2/OOS_sl0/functions/fPredDensityIteratedFull.m Line: 113 Column: 66
The temporary variable st_sim will be cleared at the beginning of each iteration of the parfor loop.
Any value assigned to it before the loop will be lost.  If st_sim is used before it is assigned in the parfor loop, a runtime error will occur.
See Parallel for Loops in MATLAB, "Temporary Variables".
> In msreg_2reg_endoprob_SVAR_FULL_OOS (line 320)
  In OOS_slurm_IF (line 2)
Warning: File: /data/scratch/m1pac03/mcrcache_15792035_7/.mcrCache9.2/OOS_sl0/functions/fPredDensityIteratedFull.m Line: 107 Column: 49
The temporary variable p11 will be cleared at the beginning of each iteration of the parfor loop.
Any value assigned to it before the loop will be lost.  If p11 is used before it is assigned in the parfor loop, a runtime error will occur.
See Parallel for Loops in MATLAB, "Temporary Variables".
> In msreg_2reg_endoprob_SVAR_FULL_OOS (line 320)
  In OOS_slurm_IF (line 2)
Warning: File: /data/scratch/m1pac03/mcrcache_15792035_7/.mcrCache9.2/OOS_sl0/functions/fPredDensityIteratedFull.m Line: 107 Column: 53
The temporary variable p22 will be cleared at the beginning of each iteration of the parfor loop.
Any value assigned to it before the loop will be lost.  If p22 is used before it is assigned in the parfor loop, a runtime error will occur.
See Parallel for Loops in MATLAB, "Temporary Variables".
> In msreg_2reg_endoprob_SVAR_FULL_OOS (line 320)
  In OOS_slurm_IF (line 2)
Warning: File: /data/scratch/m1pac03/mcrcache_15792035_7/.mcrCache9.2/OOS_sl0/functions/fPredDensityIteratedFull.m Line: 107 Column: 42
The temporary variable st_lag will be cleared at the beginning of each iteration of the parfor loop.
Any value assigned to it before the loop will be lost.  If st_lag is used before it is assigned in the parfor loop, a runtime error will occur.
See Parallel for Loops in MATLAB, "Temporary Variables".
> In msreg_2reg_endoprob_SVAR_FULL_OOS (line 320)
  In OOS_slurm_IF (line 2)
Current draw: 5000 of 5000
Current draw: 4000 of 5000
Current draw: 3000 of 5000
Current draw: 2000 of 5000
Current draw: 1000 of 5000
Elapsed time is 422.908311 seconds.
Ran Forecast Type 2for Model 11 and Horizon 12
