141
------------------------------------------
Setting up environment variables
---
LD_LIBRARY_PATH is .:/opt/MATLAB/R2017a/runtime/glnxa64:/opt/MATLAB/R2017a/bin/glnxa64:/opt/MATLAB/R2017a/sys/os/glnxa64:/opt/MATLAB/R2017a/sys/opengl/lib/glnxa64
Warning: Method directories not allowed in MATLAB path: /data/scratch/m1pac03/mcrcache_15792035_141/.mcrCache9.2/OOS_sl0/if/gms_research_gar/GAR/MS-VAR/RISE_toolbox2/classes/models/@dsge/private
Running on SLURM; using 1 cores as assigned on this node.

Performing iteration ending on 2010M9 of model 11
Warning: This should be expanded with the country names in case of panel
> In abstvar/abstvar/check_inputs
  In abstvar
  In svar
  In scriptEstimateMode_FULL (line 79)
  In run (line 86)
  In msreg_2reg_endoprob_SVAR_FULL_OOS (line 217)
  In OOS_slurm_IF (line 2)
    'c(3,1,sync,1)>=c(3,1,sync,2)'
    'a0(1,GDPGH,sync,1)=0'
    'a0(1,MF,sync,1)=0'
    'a0(2,GDPGH,sync,1)=0'
    'a0(1,GDPGH,sync,2)=0'
    'a0(1,MF,sync,2)=0'
    'a0(2,GDPGH,sync,2)=0'
    'a1(1,GDPGH)=0'
    'a1(2,GDPGH)=0'
    'a1(3,GDPGH)=0'
    's(3,3,sync,1)<=s(3,3,sync,2)'

 parameter: A12, density:BETA, hyperparameters: [4.3661e-06 3.9294e-05],convergence 3.9293e-06
 parameter: A21, density:BETA, hyperparameters: [4.3661e-06 3.9294e-05],convergence 3.9293e-06
                                                        First-order 
 Iteration  Func-count       f(x)        Step-size       optimality
     0          27          7159.03                      4.35e+03
     1          54          2123.39     0.00022974            482  
     2          81          2011.83              1            301  
     3         108             1936              1            169  
     4         135          1891.29              1             97  
     5         162          1878.82              1            105  
     6         189          1867.78              1            110  
     7         216          1844.71              1            130  
     8         243          1822.34              1            191  
     9         270          1796.13              1            154  
    10         297          1744.45              1            126  
    11         324           1735.2              1           53.8  
    12         351          1732.15              1           53.9  
    13         378          1725.88              1           50.6  
    14         405          1718.98              1           49.7  
    15         432          1713.74              1           67.2  
    16         459          1707.22              1           72.3  
    17         486          1697.55              1           85.8  
    18         513          1686.43              1           76.4  
    19         540           1679.1              1           58.2  
                                                        First-order 
 Iteration  Func-count       f(x)        Step-size       optimality
    20         567           1669.6              1           46.6  
    21         594          1663.36              1           49.7  
    22         621          1653.67              1           63.4  
    23         648          1644.82              1           77.1  
    24         675          1636.73              1             62  
    25         702          1631.58              1           38.9  
    26         729           1628.2              1             35  
    27         756          1625.61              1           27.7  
    28         783          1623.15              1           34.7  
    29         810          1620.03              1           44.1  
    30         837          1617.78              1           35.7  
    31         864          1615.65              1           23.5  
    32         891          1614.62              1           22.7  
    33         918          1613.65              1           20.7  
    34         945          1612.65              1           27.6  
    35         972          1611.82              1           23.2  
    36         999          1611.38              1           11.7  
    37        1026           1611.2              1           7.59  
    38        1053          1611.05              1            9.4  
    39        1080          1610.86              1           13.7  
                                                        First-order 
 Iteration  Func-count       f(x)        Step-size       optimality
    40        1107           1610.7              1           11.3  
    41        1134           1610.6              1           5.78  
    42        1161          1610.55              1           3.49  
    43        1188          1610.52              1           2.67  
    44        1215          1610.51              1           2.25  
    45        1242           1610.5              1              2  
    46        1269          1610.49              1           1.89  
    47        1296          1610.48              1           2.52  
    48        1323          1610.47              1           2.37  
    49        1350          1610.45              1           2.68  
    50        1377          1610.44              1           3.26  
    51        1404          1610.43              1           2.98  
    52        1431          1610.41              1           3.26  
    53        1458           1610.4              1           2.68  
    54        1485          1610.39              1           1.61  
    55        1512          1610.38              1           2.01  
    56        1539          1610.37              1           2.53  
    57        1566          1610.35              1           2.99  
    58        1593          1610.33              1           2.45  
    59        1620          1610.32              1           2.69  
                                                        First-order 
 Iteration  Func-count       f(x)        Step-size       optimality
    60        1647          1610.32              1           2.17  
    61        1674          1610.31              1           1.61  
    62        1701          1610.31              1           1.22  
    63        1728          1610.31              1           0.64  
    64        1755          1610.31              1          0.694  
    65        1782          1610.31              1          0.544  
    66        1809           1610.3              1          0.673  
    67        1836           1610.3              1          0.566  
    68        1863           1610.3              1          0.339  
    69        1890           1610.3              1          0.309  
    70        1917           1610.3              1          0.276  
    71        1944           1610.3              1          0.458  
    72        1971           1610.3              1          0.555  
    73        1998           1610.3              1          0.483  
    74        2025           1610.3              1           0.42  
    75        2052           1610.3              1          0.419  
    76        2079           1610.3              1          0.641  
    77        2106           1610.3              1          0.796  
    78        2133           1610.3              1          0.657  
    79        2160          1610.29              1          0.304  
                                                        First-order 
 Iteration  Func-count       f(x)        Step-size       optimality
    80        2187          1610.29              1          0.276  
    81        2214          1610.29              1           0.26  
    82        2241          1610.29              1          0.245  
    83        2268          1610.29              1          0.259  
    84        2295          1610.29              1          0.157  
    85        2322          1610.29              1          0.147  
    86        2349          1610.29              1          0.146  
    87        2376          1610.29              1          0.143  
    88        2403          1610.29              1          0.153  
    89        2430          1610.29              1           0.14  
    90        2457          1610.29              1          0.109  
    91        2484          1610.29              1         0.0972  
    92        2511          1610.29              1         0.0919  
    93        2538          1610.29              1         0.0906  
    94        2565          1610.29              1         0.0885  
    95        2592          1610.29              1         0.0826  
    96        2619          1610.29              1         0.0735  
    97        2646          1610.29              1         0.0896  
    98        2673          1610.29              1            0.1  
    99        2700          1610.29              1         0.0933  
                                                        First-order 
 Iteration  Func-count       f(x)        Step-size       optimality
   100        2727          1610.29              1         0.0884  
   101        2754          1610.29              1         0.0748  
   102        2781          1610.29              1          0.056  
   103        2808          1610.29              1         0.0533  
   104        2835          1610.29              1         0.0466  
   105        2862          1610.29              1         0.0409  
   106        2889          1610.29              1         0.0315  
   107        2916          1610.29              1          0.019  
   108        2943          1610.29              1         0.0116  
   109        2970          1610.29              1         0.0126  
   110        2997          1610.29              1         0.0123  
   111        3024          1610.29              1         0.0119  
   112        3051          1610.29              1         0.0116  
   113        3078          1610.29              1         0.0131  
   114        3105          1610.29              1         0.0183  
   115        3132          1610.29              1         0.0187  
   116        3159          1610.29              1        0.00996  
   117        3186          1610.29              1        0.00511  
   118        3213          1610.29              1        0.00453  
   119        3240          1610.29              1        0.00395  
                                                        First-order 
 Iteration  Func-count       f(x)        Step-size       optimality
   120        3267          1610.29              1        0.00288  
   121        3294          1610.29              1         0.0014  
   122        3321          1610.29              1       0.000839  
   123        3348          1610.29              1       0.000427  
   124        3402          1610.29       0.224067       0.000234  
   125        3429          1610.29              1       0.000293  
   126        3456          1610.29              1       0.000244  
   127        3510          1610.29       0.337573       0.000259  
   128        3564          1610.29       0.217878       0.000305  
   129        3645          1610.29      0.0603474       0.000244  
   130        3699          1610.29        0.29783       0.000229  
   131        3780          1610.29      0.0570204       0.000168  
   132        3861          1610.29      0.0507391       0.000214  
   133        3915          1610.29         0.4184        0.00029  
   134        4050          1610.29     0.00286648       0.000183  

Local minimum possible.

fminunc stopped because the size of the current step is less than
the selected value of the step size tolerance.




Computing finite-difference Hessian using objective function.
Change in X too small.
Warning: File: /data/scratch/m1pac03/mcrcache_15792035_141/.mcrCache9.2/OOS_sl0/functions/fPredDensityDirectFull.m Line: 97 Column: 26
The temporary variable st_temp will be cleared at the beginning of each iteration of the parfor loop.
Any value assigned to it before the loop will be lost.  If st_temp is used before it is assigned in the parfor loop, a runtime error will occur.
See Parallel for Loops in MATLAB, "Temporary Variables".
> In msreg_2reg_endoprob_SVAR_FULL_OOS (line 317)
  In OOS_slurm_IF (line 2)
Starting parallel pool (parpool) using the 'local' profile ...
connected to 1 workers.
Current draw: 3000 of 5000
Current draw: 2000 of 5000
Current draw: 1000 of 5000
Current draw: 5000 of 5000
Current draw: 4000 of 5000
Elapsed time is 252.175438 seconds.
Ran Forecast Type 1for Model 11 and Horizon 12
Performing iteration ending on 2010M9 of model 11
Warning: This should be expanded with the country names in case of panel
> In abstvar/abstvar/check_inputs
  In abstvar
  In svar
  In scriptEstimateMode_FULL (line 79)
  In run (line 86)
  In msreg_2reg_endoprob_SVAR_FULL_OOS (line 217)
  In OOS_slurm_IF (line 2)
    'c(3,1,sync,1)>=c(3,1,sync,2)'
    'a0(1,GDPG,sync,1)=0'
    'a0(2,GDPG,sync,1)=0'
    'a0(1,MF,sync,1)=0'
    'a0(1,GDPG,sync,2)=0'
    'a0(2,GDPG,sync,2)=0'
    'a0(1,MF,sync,2)=0'
    'a1(3,GDPG)=0'
    's(3,3,sync,1)<=s(3,3,sync,2)'

 parameter: A12, density:BETA, hyperparameters: [4.3661e-06 3.9294e-05],convergence 3.9293e-06
 parameter: A21, density:BETA, hyperparameters: [4.3661e-06 3.9294e-05],convergence 3.9293e-06
                                                        First-order 
 Iteration  Func-count       f(x)        Step-size       optimality
     0          29          14197.3                      1.14e+04
     1          58          3769.56    8.77884e-05       3.44e+03  
     2          87          2778.96              1       2.09e+03  
     3         116           2449.5              1            798  
     4         145          2184.63              1            379  
     5         174          2093.97              1            252  
     6         203          2064.23              1            113  
     7         232          2052.16              1            154  
     8         261          2038.62              1            167  
     9         290          2017.75              1            153  
    10         319          1992.79              1            168  
    11         348          1977.79              1            179  
    12         377          1969.77              1            117  
    13         406          1960.06              1            152  
    14         435          1952.77              1            156  
    15         464          1940.71              1            195  
    16         493          1930.08              1            203  
    17         522           1916.4              1            225  
    18         551          1907.37              1            215  
    19         580          1901.22              1           88.1  
                                                        First-order 
 Iteration  Func-count       f(x)        Step-size       optimality
    20         609          1899.17              1           43.2  
    21         638           1897.1              1           84.5  
    22         667           1893.4              1            164  
    23         696          1888.18              1            191  
    24         725          1882.82              1            123  
    25         754          1878.97              1            106  
    26         783          1874.98              1            124  
    27         812          1868.68              1            247  
    28         841          1861.13              1            267  
    29         870          1854.61              1            159  
    30         899          1851.25              1           62.7  
    31         928          1849.29              1           78.3  
    32         957          1846.01              1            177  
    33         986          1840.58              1            239  
    34        1015          1835.47              1            197  
    35        1044           1831.9              1           88.2  
    36        1073          1829.09              1           73.7  
    37        1102          1826.62              1            136  
    38        1131          1823.68              1            159  
    39        1160          1821.73              1           93.9  
                                                        First-order 
 Iteration  Func-count       f(x)        Step-size       optimality
    40        1189          1820.95              1             32  
    41        1218          1820.55              1           31.4  
    42        1247           1819.8              1           77.5  
    43        1276          1818.27              1            130  
    44        1305          1815.51              1            163  
    45        1334          1812.31              1            131  
    46        1363           1810.2              1           53.7  
    47        1392          1809.06              1           47.6  
    48        1421          1808.31              1           44.8  
    49        1450          1807.01              1           64.3  
    50        1479          1804.13              1           86.9  
    51        1508          1799.13              1           93.1  
    52        1537          1793.76              1           75.9  
    53        1595           1791.9            0.5           53.5  
    54        1653          1791.14       0.257817           38.9  
    55        1711          1790.78       0.169036           30.6  
    56        1769          1790.55       0.123518           25.2  
    57        1856          1790.22       0.192909           23.6  
    58        1972          1790.03       0.124176           23.6  
    59        2349          1789.98      0.0283165           49.1  
                                                        First-order 
 Iteration  Func-count       f(x)        Step-size       optimality
    60        2436          1789.75      0.0282961       1.01e+03  
    61        2552          1789.43     0.00585107           61.9  
    62        2581           1788.8              1           34.6  
    63        2610          1788.42              1           21.9  
    64        2639          1787.63              1           20.9  
    65        2668           1786.7              1           19.4  
    66        2697          1786.03              1           18.9  
    67        2726           1785.7              1           21.6  
    68        2755          1785.43              1             24  
    69        2784           1785.1              1           23.3  
    70        2813          1784.75              1           18.6  
    71        2842          1784.51              1           12.7  
    72        2871          1784.34              1           8.43  
    73        2900          1784.16              1           12.8  
    74        2929          1783.98              1           12.6  
    75        2958          1783.85              1           8.32  
    76        2987          1783.78              1           8.35  
    77        3016          1783.74              1            8.4  
    78        3045          1783.69              1           8.46  
    79        3074          1783.63              1           8.52  
                                                        First-order 
 Iteration  Func-count       f(x)        Step-size       optimality
    80        3103          1783.54              1           8.51  
    81        3132          1783.44              1           8.38  
    82        3161          1783.32              1           8.39  
    83        3190          1783.25              1           7.85  
    84        3219          1783.22              1            7.7  
    85        3248           1783.2              1           7.66  
    86        3277          1783.18              1           7.64  
    87        3306          1783.14              1           8.78  
    88        3335          1783.06              1           12.5  
    89        3364          1782.96              1           11.9  
    90        3393          1782.88              1           7.71  
    91        3422          1782.85              1           7.73  
    92        3451          1782.83              1           7.73  
    93        3480           1782.8              1           7.71  
    94        3509          1782.74              1           10.3  
    95        3538          1782.64              1           14.2  
    96        3567          1782.52              1           13.2  
    97        3596          1782.46              1            7.3  
    98        3625          1782.44              1           7.27  
    99        3654          1782.43              1           7.26  
                                                        First-order 
 Iteration  Func-count       f(x)        Step-size       optimality
   100        3683          1782.41              1           7.21  
   101        3712          1782.38              1           10.1  
   102        3741          1782.31              1           13.9  
   103        3770          1782.23              1           12.4  
   104        3799          1782.19              1           5.84  
   105        3828          1782.18              1           5.77  
   106        3857          1782.18              1           5.76  
   107        3886          1782.16              1           5.73  
   108        3915          1782.13              1           10.6  
   109        3944          1782.07              1           15.8  
   110        3973          1781.99              1           16.5  
   111        4002          1781.93              1           9.62  
   112        4031          1781.91              1           3.81  
   113        4060          1781.91              1           3.84  
   114        4089          1781.91              1           3.86  
   115        4118           1781.9              1           4.14  
   116        4147          1781.89              1           5.98  
   117        4176          1781.87              1           6.04  
   118        4205          1781.86              1           3.43  
   119        4234          1781.86              1           3.31  
                                                        First-order 
 Iteration  Func-count       f(x)        Step-size       optimality
   120        4263          1781.86              1           3.29  
   121        4292          1781.86              1           3.29  
   122        4321          1781.86              1           3.29  
   123        4350          1781.85              1           3.45  
   124        4379          1781.85              1           3.75  
   125        4408          1781.84              1           3.34  
   126        4437          1781.84              1           3.35  
   127        4466          1781.84              1           3.35  
   128        4495          1781.84              1           3.34  
   129        4524          1781.84              1           3.32  
   130        4553          1781.83              1           4.97  
   131        4582          1781.82              1           7.36  
   132        4611          1781.79              1           8.62  
   133        4640          1781.77              1           6.53  
   134        4669          1781.76              1           2.33  
   135        4698          1781.76              1           2.23  
   136        4727          1781.76              1           2.25  
   137        4756          1781.75              1           2.28  
   138        4785          1781.75              1           2.32  
   139        4814          1781.75              1           3.14  
                                                        First-order 
 Iteration  Func-count       f(x)        Step-size       optimality
   140        4843          1781.74              1           3.97  
   141        4872          1781.73              1            3.4  
   142        4901          1781.72              1           1.91  
   143        4930          1781.72              1           1.82  
   144        4959          1781.72              1           1.81  
   145        4988          1781.72              1           1.81  
   146        5017          1781.72              1           1.81  
   147        5046          1781.72              1           1.81  
   148        5075          1781.72              1            1.8  
   149        5104          1781.72              1           1.79  
   150        5133          1781.72              1           1.76  
   151        5162          1781.71              1           1.73  
   152        5191          1781.71              1           1.71  
   153        5220          1781.71              1           1.71  
   154        5249          1781.71              1           1.71  
   155        5278          1781.71              1           1.71  
   156        5307          1781.71              1           1.71  
   157        5336          1781.71              1           1.68  
   158        5365          1781.71              1           1.61  
   159        5394          1781.71              1           1.48  
                                                        First-order 
 Iteration  Func-count       f(x)        Step-size       optimality
   160        5423          1781.71              1           1.36  
   161        5452          1781.71              1           1.31  
   162        5481          1781.71              1           1.32  
   163        5510          1781.71              1           1.33  
   164        5539          1781.71              1           1.33  
   165        5568          1781.71              1           1.34  
   166        5597          1781.71              1           1.35  
   167        5626          1781.71              1           1.35  
   168        5655          1781.71              1           1.34  
   169        5684          1781.71              1           1.28  
   170        5713           1781.7              1           1.18  
   171        5742           1781.7              1           1.19  
   172        5771           1781.7              1           1.22  
   173        5800           1781.7              1           1.22  
   174        5829           1781.7              1           1.22  
   175        5858           1781.7              1           1.22  
   176        5887           1781.7              1           1.22  
   177        5916           1781.7              1           1.22  
   178        5945           1781.7              1           1.23  
   179        5974           1781.7              1           1.23  
                                                        First-order 
 Iteration  Func-count       f(x)        Step-size       optimality
   180        6003           1781.7              1           1.23  
   181        6032           1781.7              1           1.23  
   182        6061           1781.7              1           1.22  
   183        6090           1781.7              1           1.22  
   184        6119           1781.7              1           1.22  
   185        6148           1781.7              1           1.22  
   186        6177           1781.7              1           1.22  
   187        6206           1781.7              1           1.22  
   188        6235           1781.7              1           1.22  
   189        6264           1781.7              1           1.22  
   190        6293           1781.7              1           1.21  
   191        6322           1781.7              1            1.2  
   192        6351          1781.69              1           1.17  
   193        6380          1781.69              1           1.11  
   194        6409          1781.67              1           1.13  
   195        6438          1781.63              1           1.27  
   196        6467          1781.59              1           1.06  
   197        6496          1781.55              1          0.508  
   198        6525          1781.55              1          0.109  
   199        6554          1781.54              1         0.0387  
                                                        First-order 
 Iteration  Func-count       f(x)        Step-size       optimality
   200        6583          1781.54              1         0.0167  
   201        6612          1781.54              1         0.0065  
   202        6641          1781.54              1        0.00162  
   203        6670          1781.54              1       0.000793  
   204        6699          1781.54              1       0.000198  
   205        6786          1781.54      0.0460983       0.000275  
   206        6844          1781.54       0.117039       0.000305  
   207        6931          1781.54        0.15363       0.000641  
   208        7076          1781.54     0.00207135       0.000626  
   209        7221          1781.54       0.378592       0.000488  
   210        7424          1781.54    0.000181202       0.000504  

Local minimum possible.

fminunc stopped because the size of the current step is less than
the selected value of the step size tolerance.




Computing finite-difference Hessian using objective function.
Change in X too small.
Warning: File: /data/scratch/m1pac03/mcrcache_15792035_141/.mcrCache9.2/OOS_sl0/functions/fPredDensityIteratedFull.m Line: 115 Column: 83
The temporary variable f_t_comp will be cleared at the beginning of each iteration of the parfor loop.
Any value assigned to it before the loop will be lost.  If f_t_comp is used before it is assigned in the parfor loop, a runtime error will occur.
See Parallel for Loops in MATLAB, "Temporary Variables".
> In msreg_2reg_endoprob_SVAR_FULL_OOS (line 320)
  In OOS_slurm_IF (line 2)
Warning: File: /data/scratch/m1pac03/mcrcache_15792035_141/.mcrCache9.2/OOS_sl0/functions/fPredDensityIteratedFull.m Line: 115 Column: 92
The temporary variable m_t_comp will be cleared at the beginning of each iteration of the parfor loop.
Any value assigned to it before the loop will be lost.  If m_t_comp is used before it is assigned in the parfor loop, a runtime error will occur.
See Parallel for Loops in MATLAB, "Temporary Variables".
> In msreg_2reg_endoprob_SVAR_FULL_OOS (line 320)
  In OOS_slurm_IF (line 2)
Warning: File: /data/scratch/m1pac03/mcrcache_15792035_141/.mcrCache9.2/OOS_sl0/functions/fPredDensityIteratedFull.m Line: 115 Column: 101
The temporary variable gdp_t_comp will be cleared at the beginning of each iteration of the parfor loop.
Any value assigned to it before the loop will be lost.  If gdp_t_comp is used before it is assigned in the parfor loop, a runtime error will occur.
See Parallel for Loops in MATLAB, "Temporary Variables".
> In msreg_2reg_endoprob_SVAR_FULL_OOS (line 320)
  In OOS_slurm_IF (line 2)
Warning: File: /data/scratch/m1pac03/mcrcache_15792035_141/.mcrCache9.2/OOS_sl0/functions/fPredDensityIteratedFull.m Line: 113 Column: 66
The temporary variable st_sim will be cleared at the beginning of each iteration of the parfor loop.
Any value assigned to it before the loop will be lost.  If st_sim is used before it is assigned in the parfor loop, a runtime error will occur.
See Parallel for Loops in MATLAB, "Temporary Variables".
> In msreg_2reg_endoprob_SVAR_FULL_OOS (line 320)
  In OOS_slurm_IF (line 2)
Warning: File: /data/scratch/m1pac03/mcrcache_15792035_141/.mcrCache9.2/OOS_sl0/functions/fPredDensityIteratedFull.m Line: 107 Column: 49
The temporary variable p11 will be cleared at the beginning of each iteration of the parfor loop.
Any value assigned to it before the loop will be lost.  If p11 is used before it is assigned in the parfor loop, a runtime error will occur.
See Parallel for Loops in MATLAB, "Temporary Variables".
> In msreg_2reg_endoprob_SVAR_FULL_OOS (line 320)
  In OOS_slurm_IF (line 2)
Warning: File: /data/scratch/m1pac03/mcrcache_15792035_141/.mcrCache9.2/OOS_sl0/functions/fPredDensityIteratedFull.m Line: 107 Column: 53
The temporary variable p22 will be cleared at the beginning of each iteration of the parfor loop.
Any value assigned to it before the loop will be lost.  If p22 is used before it is assigned in the parfor loop, a runtime error will occur.
See Parallel for Loops in MATLAB, "Temporary Variables".
> In msreg_2reg_endoprob_SVAR_FULL_OOS (line 320)
  In OOS_slurm_IF (line 2)
Warning: File: /data/scratch/m1pac03/mcrcache_15792035_141/.mcrCache9.2/OOS_sl0/functions/fPredDensityIteratedFull.m Line: 107 Column: 42
The temporary variable st_lag will be cleared at the beginning of each iteration of the parfor loop.
Any value assigned to it before the loop will be lost.  If st_lag is used before it is assigned in the parfor loop, a runtime error will occur.
See Parallel for Loops in MATLAB, "Temporary Variables".
> In msreg_2reg_endoprob_SVAR_FULL_OOS (line 320)
  In OOS_slurm_IF (line 2)
Current draw: 5000 of 5000
Current draw: 4000 of 5000
Current draw: 3000 of 5000
Current draw: 2000 of 5000
Current draw: 1000 of 5000
Elapsed time is 738.621190 seconds.
Ran Forecast Type 2for Model 11 and Horizon 12
