130
------------------------------------------
Setting up environment variables
---
LD_LIBRARY_PATH is .:/opt/MATLAB/R2017a/runtime/glnxa64:/opt/MATLAB/R2017a/bin/glnxa64:/opt/MATLAB/R2017a/sys/os/glnxa64:/opt/MATLAB/R2017a/sys/opengl/lib/glnxa64
Warning: Method directories not allowed in MATLAB path: /data/scratch/m1pac03/mcrcache_15793277_130/.mcrCache9.2/OOS_sl0/if/gms_research_gar/GAR/MS-VAR/RISE_toolbox2/classes/models/@dsge/private
Running on SLURM; using 1 cores as assigned on this node.

Performing iteration ending on 2009M10 of model 11
Warning: This should be expanded with the country names in case of panel
> In abstvar/abstvar/check_inputs
  In abstvar
  In svar
  In scriptEstimateMode_FULL (line 79)
  In run (line 86)
  In msreg_2reg_endoprob_SVAR_FULL_OOS (line 217)
  In OOS_slurm_IF (line 2)
    'c(3,1,sync,1)>=c(3,1,sync,2)'
    'a0(1,GDPGH,sync,1)=0'
    'a0(1,MF,sync,1)=0'
    'a0(2,GDPGH,sync,1)=0'
    'a0(1,GDPGH,sync,2)=0'
    'a0(1,MF,sync,2)=0'
    'a0(2,GDPGH,sync,2)=0'
    'a1(1,GDPGH)=0'
    'a1(2,GDPGH)=0'
    'a1(3,GDPGH)=0'
    's(3,3,sync,1)<=s(3,3,sync,2)'

 parameter: A12, density:NORMAL, hyperparameters: [0.5 0.5],convergence 0
 parameter: A21, density:NORMAL, hyperparameters: [0.5 0.5],convergence 0
 parameter: B12, density:GAMMA, hyperparameters: [4 0.125],convergence 0
 parameter: C12, density:GAMMA, hyperparameters: [4 0.125],convergence 0
 parameter: B21, density:GAMMA, hyperparameters: [4 0.125],convergence 0
 parameter: C21, density:GAMMA, hyperparameters: [4 0.125],convergence 0
                                                        First-order 
 Iteration  Func-count       f(x)        Step-size       optimality
     0          31          7091.37                      5.01e+03
     1          62          2013.31    0.000199506            591  
     2          93          1878.73              1            404  
     3         124          1750.11              1            153  
     4         155          1700.31              1            122  
     5         186          1674.69              1            110  
     6         217          1661.01              1           91.7  
     7         248          1649.51              1           82.9  
     8         279          1635.37              1           73.4  
     9         310          1619.82              1           64.2  
    10         341          1612.49              1           61.7  
    11         372          1608.64              1           59.9  
    12         403          1603.59              1           51.1  
    13         434          1599.12              1           37.9  
    14         465          1596.82              1           33.6  
    15         496          1595.05              1           36.2  
    16         527          1592.82              1           28.8  
    17         558          1591.18              1           27.9  
    18         589          1589.34              1           28.1  
    19         620          1587.18              1           39.4  
                                                        First-order 
 Iteration  Func-count       f(x)        Step-size       optimality
    20         651          1584.85              1           36.7  
    21         682          1582.89              1             27  
    22         713           1581.5              1           20.9  
    23         744          1580.57              1             18  
    24         775          1579.68              1           23.5  
    25         806          1578.58              1           26.6  
    26         837          1577.64              1           17.4  
    27         868          1577.09              1           16.5  
    28         899          1576.71              1             14  
    29         930          1576.38              1           13.3  
    30         961          1576.12              1           10.5  
    31         992          1575.97              1           6.74  
    32        1023          1575.87              1           7.21  
    33        1054          1575.75              1           9.77  
    34        1085          1575.59              1             11  
    35        1116          1575.45              1           8.01  
    36        1147          1575.34              1           6.58  
    37        1178          1575.26              1           6.54  
    38        1209          1575.18              1           5.83  
    39        1240          1575.11              1           7.29  
                                                        First-order 
 Iteration  Func-count       f(x)        Step-size       optimality
    40        1271          1575.02              1           6.18  
    41        1302          1574.93              1           9.03  
    42        1333          1574.82              1           9.91  
    43        1364          1574.72              1           6.99  
    44        1395          1574.67              1           4.83  
    45        1426          1574.64              1           3.27  
    46        1457           1574.6              1           5.64  
    47        1488          1574.54              1            7.5  
    48        1519          1574.48              1           6.37  
    49        1550          1574.42              1           5.97  
    50        1581          1574.38              1           5.03  
    51        1612          1574.34              1           4.68  
    52        1643          1574.29              1           5.99  
    53        1674          1574.25              1           4.33  
    54        1705          1574.22              1           3.02  
    55        1736           1574.2              1            2.6  
    56        1767          1574.17              1           4.27  
    57        1798          1574.12              1           5.71  
    58        1829          1574.08              1           4.28  
    59        1860          1574.06              1           2.09  
                                                        First-order 
 Iteration  Func-count       f(x)        Step-size       optimality
    60        1891          1574.05              1           1.41  
    61        1922          1574.05              1           1.66  
    62        1953          1574.04              1           2.68  
    63        1984          1574.03              1           3.14  
    64        2015          1574.01              1           2.62  
    65        2046             1574              1            2.1  
    66        2077             1574              1           1.79  
    67        2108          1573.99              1           2.46  
    68        2139          1573.97              1           3.73  
    69        2170          1573.94              1           4.41  
    70        2201          1573.92              1           3.34  
    71        2232          1573.91              1           2.29  
    72        2263           1573.9              1           2.27  
    73        2294          1573.88              1           2.52  
    74        2325          1573.86              1           3.58  
    75        2356          1573.82              1           3.87  
    76        2387          1573.78              1           2.91  
    77        2418          1573.77              1           1.33  
    78        2449          1573.77              1            1.4  
    79        2480          1573.77              1           1.34  
                                                        First-order 
 Iteration  Func-count       f(x)        Step-size       optimality
    80        2511          1573.76              1           1.75  
    81        2542          1573.75              1           2.02  
    82        2573          1573.74              1           1.53  
    83        2604          1573.74              1          0.953  
    84        2635          1573.74              1          0.802  
    85        2666          1573.74              1          0.635  
    86        2697          1573.73              1          0.995  
    87        2728          1573.73              1           1.15  
    88        2759          1573.73              1          0.857  
    89        2790          1573.73              1          0.415  
    90        2821          1573.73              1          0.409  
    91        2852          1573.73              1          0.399  
    92        2883          1573.72              1          0.451  
    93        2914          1573.72              1          0.674  
    94        2945          1573.72              1          0.623  
    95        2976          1573.72              1          0.511  
    96        3007          1573.72              1          0.526  
    97        3038          1573.72              1          0.459  
    98        3069          1573.72              1          0.405  
    99        3100          1573.72              1          0.538  
                                                        First-order 
 Iteration  Func-count       f(x)        Step-size       optimality
   100        3131          1573.72              1          0.407  
   101        3162          1573.72              1          0.353  
   102        3193          1573.72              1           0.34  
   103        3224          1573.72              1           0.43  
   104        3255          1573.72              1          0.508  
   105        3286          1573.72              1          0.427  
   106        3317          1573.72              1          0.222  
   107        3348          1573.72              1          0.206  
   108        3379          1573.72              1          0.186  
   109        3410          1573.71              1          0.138  
   110        3441          1573.71              1          0.202  
   111        3472          1573.71              1          0.237  
   112        3503          1573.71              1          0.239  
   113        3534          1573.71              1          0.277  
   114        3565          1573.71              1          0.266  
   115        3596          1573.71              1          0.233  
   116        3627          1573.71              1          0.318  
   117        3658          1573.71              1          0.506  
   118        3689          1573.71              1          0.616  
   119        3720          1573.71              1          0.481  
                                                        First-order 
 Iteration  Func-count       f(x)        Step-size       optimality
   120        3751          1573.71              1          0.187  
   121        3782          1573.71              1          0.141  
   122        3813          1573.71              1          0.138  
   123        3844          1573.71              1          0.132  
   124        3875          1573.71              1          0.134  
   125        3906          1573.71              1          0.199  
   126        3937          1573.71              1          0.208  
   127        3968          1573.71              1          0.193  
   128        3999          1573.71              1          0.245  
   129        4030          1573.71              1          0.254  
   130        4061          1573.71              1          0.242  
   131        4092          1573.71              1          0.195  
   132        4123          1573.71              1          0.172  
   133        4154          1573.71              1          0.103  
   134        4185          1573.71              1         0.0413  
   135        4216          1573.71              1         0.0385  
   136        4247          1573.71              1         0.0376  
   137        4278          1573.71              1         0.0356  
   138        4309          1573.71              1         0.0318  
   139        4340          1573.71              1         0.0239  
                                                        First-order 
 Iteration  Func-count       f(x)        Step-size       optimality
   140        4371          1573.71              1         0.0289  
   141        4402          1573.71              1         0.0254  
   142        4433          1573.71              1         0.0119  
   143        4464          1573.71              1         0.0118  
   144        4495          1573.71              1         0.0121  
   145        4526          1573.71              1          0.012  
   146        4557          1573.71              1         0.0122  
   147        4588          1573.71              1          0.012  
   148        4619          1573.71              1         0.0116  
   149        4650          1573.71              1          0.015  
   150        4681          1573.71              1          0.018  
   151        4712          1573.71              1         0.0139  
   152        4743          1573.71              1        0.00563  
   153        4774          1573.71              1       0.000763  
   154        4805          1573.71              1       0.000259  
   155        4836          1573.71              1       0.000168  
   156        4898          1573.71       0.491742       0.000183  
   157        4991          1573.71       0.043139       0.000198  
   158        5208          1573.71     0.00374925       0.000137  

Local minimum possible.

fminunc stopped because it cannot decrease the objective function
along the current search direction.




Computing finite-difference Hessian using objective function.
Predicted change in objective function too small.
Warning: File: /data/scratch/m1pac03/mcrcache_15793277_130/.mcrCache9.2/OOS_sl0/functions/fPredDensityDirectFull.m Line: 97 Column: 26
The temporary variable st_temp will be cleared at the beginning of each iteration of the parfor loop.
Any value assigned to it before the loop will be lost.  If st_temp is used before it is assigned in the parfor loop, a runtime error will occur.
See Parallel for Loops in MATLAB, "Temporary Variables".
> In msreg_2reg_endoprob_SVAR_FULL_OOS (line 317)
  In OOS_slurm_IF (line 2)
Starting parallel pool (parpool) using the 'local' profile ...
connected to 1 workers.
Current draw: 3000 of 5000
Current draw: 2000 of 5000
Current draw: 1000 of 5000
Current draw: 5000 of 5000
Current draw: 4000 of 5000
Elapsed time is 449.550043 seconds.
Ran Forecast Type 1for Model 11 and Horizon 12
Performing iteration ending on 2009M10 of model 11
Warning: This should be expanded with the country names in case of panel
> In abstvar/abstvar/check_inputs
  In abstvar
  In svar
  In scriptEstimateMode_FULL (line 79)
  In run (line 86)
  In msreg_2reg_endoprob_SVAR_FULL_OOS (line 217)
  In OOS_slurm_IF (line 2)
    'c(3,1,sync,1)>=c(3,1,sync,2)'
    'a0(1,GDPG,sync,1)=0'
    'a0(2,GDPG,sync,1)=0'
    'a0(1,MF,sync,1)=0'
    'a0(1,GDPG,sync,2)=0'
    'a0(2,GDPG,sync,2)=0'
    'a0(1,MF,sync,2)=0'
    'a1(3,GDPG)=0'
    's(3,3,sync,1)<=s(3,3,sync,2)'

 parameter: A12, density:NORMAL, hyperparameters: [0.5 0.5],convergence 0
 parameter: A21, density:NORMAL, hyperparameters: [0.5 0.5],convergence 0
 parameter: B12, density:GAMMA, hyperparameters: [4 0.125],convergence 0
 parameter: C12, density:GAMMA, hyperparameters: [4 0.125],convergence 0
 parameter: B21, density:GAMMA, hyperparameters: [4 0.125],convergence 0
 parameter: C21, density:GAMMA, hyperparameters: [4 0.125],convergence 0
                                                        First-order 
 Iteration  Func-count       f(x)        Step-size       optimality
     0          33          14057.3                      1.33e+04
     1          66          3475.89    7.52504e-05       2.47e+03  
     2          99          2664.53              1        1.3e+03  
     3         132          2326.51              1            733  
     4         165          2049.85              1            286  
     5         198          1974.25              1            128  
     6         231          1953.46              1            112  
     7         264          1944.17              1            142  
     8         297          1930.07              1            182  
     9         330          1906.37              1            190  
    10         363          1877.45              1            149  
    11         396          1865.95              1            158  
    12         429          1859.05              1            116  
    13         462          1847.47              1            132  
    14         495          1842.36              1            130  
    15         528          1830.68              1            147  
    16         561          1825.77              1            140  
    17         594          1815.21              1            106  
    18         627          1807.16              1            107  
    19         660          1803.66              1           65.1  
                                                        First-order 
 Iteration  Func-count       f(x)        Step-size       optimality
    20         693          1802.01              1           57.1  
    21         726           1797.6              1           41.7  
    22         759          1794.82              1           60.9  
    23         792          1792.93              1           58.6  
    24         825          1791.65              1           52.1  
    25         858           1789.2              1           87.6  
    26         891          1784.61              1            115  
    27         924          1777.71              1            105  
    28         957          1772.36              1           85.8  
    29         990           1769.9              1           56.3  
    30        1023          1768.09              1           55.7  
    31        1056           1765.8              1           76.2  
    32        1089          1762.46              1           81.7  
    33        1122          1759.49              1           61.7  
    34        1155          1757.47              1           51.4  
    35        1188          1755.86              1           42.4  
    36        1221          1753.98              1           48.9  
    37        1254           1751.4              1             58  
    38        1287          1749.04              1           46.8  
    39        1320             1748              1           20.1  
                                                        First-order 
 Iteration  Func-count       f(x)        Step-size       optimality
    40        1353          1747.66              1           19.3  
    41        1386           1747.4              1           17.9  
    42        1419          1746.91              1           23.1  
    43        1452          1745.95              1           35.7  
    44        1485          1744.56              1           43.1  
    45        1518          1743.32              1           32.8  
    46        1551          1742.67              1             27  
    47        1584           1742.3              1           29.5  
    48        1617          1741.77              1           30.2  
    49        1650           1740.6              1           44.3  
    50        1683          1738.34              1           62.3  
    51        1782          1737.59           0.19           60.6  
    52        1947           1736.8         0.1171           55.6  
    53        2838          1736.69      0.0168513            314  
    54        3960          1736.69     2.2544e-08          1e+03  

Local minimum possible.

fminunc stopped because the size of the current step is less than
the selected value of the step size tolerance.




Local minimum possible.

fminunc stopped because it cannot decrease the objective function
along the current search direction.




Computing finite-difference Hessian using objective function.
Predicted change in objective function too small.
Warning: File: /data/scratch/m1pac03/mcrcache_15793277_130/.mcrCache9.2/OOS_sl0/functions/fPredDensityIteratedFull.m Line: 115 Column: 83
The temporary variable f_t_comp will be cleared at the beginning of each iteration of the parfor loop.
Any value assigned to it before the loop will be lost.  If f_t_comp is used before it is assigned in the parfor loop, a runtime error will occur.
See Parallel for Loops in MATLAB, "Temporary Variables".
> In msreg_2reg_endoprob_SVAR_FULL_OOS (line 320)
  In OOS_slurm_IF (line 2)
Warning: File: /data/scratch/m1pac03/mcrcache_15793277_130/.mcrCache9.2/OOS_sl0/functions/fPredDensityIteratedFull.m Line: 115 Column: 92
The temporary variable m_t_comp will be cleared at the beginning of each iteration of the parfor loop.
Any value assigned to it before the loop will be lost.  If m_t_comp is used before it is assigned in the parfor loop, a runtime error will occur.
See Parallel for Loops in MATLAB, "Temporary Variables".
> In msreg_2reg_endoprob_SVAR_FULL_OOS (line 320)
  In OOS_slurm_IF (line 2)
Warning: File: /data/scratch/m1pac03/mcrcache_15793277_130/.mcrCache9.2/OOS_sl0/functions/fPredDensityIteratedFull.m Line: 115 Column: 101
The temporary variable gdp_t_comp will be cleared at the beginning of each iteration of the parfor loop.
Any value assigned to it before the loop will be lost.  If gdp_t_comp is used before it is assigned in the parfor loop, a runtime error will occur.
See Parallel for Loops in MATLAB, "Temporary Variables".
> In msreg_2reg_endoprob_SVAR_FULL_OOS (line 320)
  In OOS_slurm_IF (line 2)
Warning: File: /data/scratch/m1pac03/mcrcache_15793277_130/.mcrCache9.2/OOS_sl0/functions/fPredDensityIteratedFull.m Line: 113 Column: 66
The temporary variable st_sim will be cleared at the beginning of each iteration of the parfor loop.
Any value assigned to it before the loop will be lost.  If st_sim is used before it is assigned in the parfor loop, a runtime error will occur.
See Parallel for Loops in MATLAB, "Temporary Variables".
> In msreg_2reg_endoprob_SVAR_FULL_OOS (line 320)
  In OOS_slurm_IF (line 2)
Warning: File: /data/scratch/m1pac03/mcrcache_15793277_130/.mcrCache9.2/OOS_sl0/functions/fPredDensityIteratedFull.m Line: 107 Column: 49
The temporary variable p11 will be cleared at the beginning of each iteration of the parfor loop.
Any value assigned to it before the loop will be lost.  If p11 is used before it is assigned in the parfor loop, a runtime error will occur.
See Parallel for Loops in MATLAB, "Temporary Variables".
> In msreg_2reg_endoprob_SVAR_FULL_OOS (line 320)
  In OOS_slurm_IF (line 2)
Warning: File: /data/scratch/m1pac03/mcrcache_15793277_130/.mcrCache9.2/OOS_sl0/functions/fPredDensityIteratedFull.m Line: 107 Column: 53
The temporary variable p22 will be cleared at the beginning of each iteration of the parfor loop.
Any value assigned to it before the loop will be lost.  If p22 is used before it is assigned in the parfor loop, a runtime error will occur.
See Parallel for Loops in MATLAB, "Temporary Variables".
> In msreg_2reg_endoprob_SVAR_FULL_OOS (line 320)
  In OOS_slurm_IF (line 2)
Warning: File: /data/scratch/m1pac03/mcrcache_15793277_130/.mcrCache9.2/OOS_sl0/functions/fPredDensityIteratedFull.m Line: 107 Column: 42
The temporary variable st_lag will be cleared at the beginning of each iteration of the parfor loop.
Any value assigned to it before the loop will be lost.  If st_lag is used before it is assigned in the parfor loop, a runtime error will occur.
See Parallel for Loops in MATLAB, "Temporary Variables".
> In msreg_2reg_endoprob_SVAR_FULL_OOS (line 320)
  In OOS_slurm_IF (line 2)
Current draw: 5000 of 5000
Current draw: 4000 of 5000
Current draw: 3000 of 5000
Current draw: 2000 of 5000
Current draw: 1000 of 5000
Elapsed time is 1115.425101 seconds.
Ran Forecast Type 2for Model 11 and Horizon 12
