132
------------------------------------------
Setting up environment variables
---
LD_LIBRARY_PATH is .:/opt/MATLAB/R2017a/runtime/glnxa64:/opt/MATLAB/R2017a/bin/glnxa64:/opt/MATLAB/R2017a/sys/os/glnxa64:/opt/MATLAB/R2017a/sys/opengl/lib/glnxa64
Warning: Method directories not allowed in MATLAB path: /data/scratch/m1pac03/mcrcache_15793277_132/.mcrCache9.2/OOS_sl0/if/gms_research_gar/GAR/MS-VAR/RISE_toolbox2/classes/models/@dsge/private
Running on SLURM; using 1 cores as assigned on this node.

Performing iteration ending on 2009M12 of model 11
Warning: This should be expanded with the country names in case of panel
> In abstvar/abstvar/check_inputs
  In abstvar
  In svar
  In scriptEstimateMode_FULL (line 79)
  In run (line 86)
  In msreg_2reg_endoprob_SVAR_FULL_OOS (line 217)
  In OOS_slurm_IF (line 2)
    'c(3,1,sync,1)>=c(3,1,sync,2)'
    'a0(1,GDPGH,sync,1)=0'
    'a0(1,MF,sync,1)=0'
    'a0(2,GDPGH,sync,1)=0'
    'a0(1,GDPGH,sync,2)=0'
    'a0(1,MF,sync,2)=0'
    'a0(2,GDPGH,sync,2)=0'
    'a1(1,GDPGH)=0'
    'a1(2,GDPGH)=0'
    'a1(3,GDPGH)=0'
    's(3,3,sync,1)<=s(3,3,sync,2)'

 parameter: A12, density:NORMAL, hyperparameters: [0.5 0.5],convergence 0
 parameter: A21, density:NORMAL, hyperparameters: [0.5 0.5],convergence 0
 parameter: B12, density:GAMMA, hyperparameters: [4 0.125],convergence 0
 parameter: C12, density:GAMMA, hyperparameters: [4 0.125],convergence 0
 parameter: B21, density:GAMMA, hyperparameters: [4 0.125],convergence 0
 parameter: C21, density:GAMMA, hyperparameters: [4 0.125],convergence 0
                                                        First-order 
 Iteration  Func-count       f(x)        Step-size       optimality
     0          31          7103.09                      5.01e+03
     1          62          2018.07     0.00019941            591  
     2          93          1883.41              1            405  
     3         124          1754.72              1            153  
     4         155           1704.6              1            122  
     5         186          1678.79              1            110  
     6         217          1665.06              1           90.9  
     7         248          1653.51              1           83.3  
     8         279          1639.39              1           73.2  
     9         310          1624.18              1           63.7  
    10         341          1617.03              1             63  
    11         372          1613.19              1           60.5  
    12         403           1608.1              1           51.1  
    13         434          1603.61              1           37.5  
    14         465          1601.29              1           32.1  
    15         496           1599.5              1           35.7  
    16         527          1597.19              1           28.8  
    17         558           1595.5              1           28.5  
    18         589          1593.63              1           29.4  
    19         620          1591.41              1           38.6  
                                                        First-order 
 Iteration  Func-count       f(x)        Step-size       optimality
    20         651          1589.02              1             37  
    21         682          1587.05              1             27  
    22         713          1585.66              1           20.8  
    23         744          1584.74              1           17.9  
    24         775          1583.85              1           22.9  
    25         806          1582.72              1           25.7  
    26         837          1581.78              1           17.3  
    27         868          1581.24              1           16.3  
    28         899          1580.89              1           13.7  
    29         930          1580.56              1           12.8  
    30         961           1580.3              1           9.73  
    31         992          1580.16              1           7.48  
    32        1023          1580.06              1           7.37  
    33        1054          1579.93              1           9.62  
    34        1085          1579.77              1           11.4  
    35        1116           1579.6              1           7.88  
    36        1147           1579.5              1           5.34  
    37        1178          1579.43              1           5.54  
    38        1209          1579.36              1           5.63  
    39        1240          1579.27              1            7.7  
                                                        First-order 
 Iteration  Func-count       f(x)        Step-size       optimality
    40        1271          1579.18              1           7.05  
    41        1302          1579.08              1           8.75  
    42        1333          1578.98              1           9.49  
    43        1364           1578.9              1           6.68  
    44        1395          1578.85              1           4.66  
    45        1426          1578.82              1           3.47  
    46        1457          1578.78              1           5.41  
    47        1488          1578.72              1            7.6  
    48        1519          1578.64              1           6.92  
    49        1550          1578.58              1           5.61  
    50        1581          1578.54              1           4.45  
    51        1612          1578.51              1           4.29  
    52        1643          1578.47              1           5.33  
    53        1674          1578.43              1           4.43  
    54        1705           1578.4              1           3.99  
    55        1736          1578.37              1           3.71  
    56        1767          1578.34              1           3.96  
    57        1798           1578.3              1            5.3  
    58        1829          1578.26              1           3.87  
    59        1860          1578.24              1           2.02  
                                                        First-order 
 Iteration  Func-count       f(x)        Step-size       optimality
    60        1891          1578.23              1           1.41  
    61        1922          1578.23              1           1.78  
    62        1953          1578.22              1            2.8  
    63        1984          1578.21              1            3.2  
    64        2015          1578.19              1            2.6  
    65        2046          1578.18              1           2.08  
    66        2077          1578.17              1           1.93  
    67        2108          1578.16              1           2.65  
    68        2139          1578.14              1           4.14  
    69        2170          1578.11              1           4.77  
    70        2201          1578.09              1           3.47  
    71        2232          1578.08              1           2.63  
    72        2263          1578.07              1           2.52  
    73        2294          1578.05              1           2.77  
    74        2325          1578.03              1              4  
    75        2356          1577.98              1           4.36  
    76        2387          1577.94              1           3.01  
    77        2418          1577.93              1           1.39  
    78        2449          1577.93              1           1.36  
    79        2480          1577.92              1           1.32  
                                                        First-order 
 Iteration  Func-count       f(x)        Step-size       optimality
    80        2511          1577.92              1           1.59  
    81        2542          1577.91              1           1.95  
    82        2573           1577.9              1           1.59  
    83        2604           1577.9              1          0.958  
    84        2635           1577.9              1          0.577  
    85        2666           1577.9              1          0.573  
    86        2697           1577.9              1            0.8  
    87        2728           1577.9              1          0.931  
    88        2759          1577.89              1          0.715  
    89        2790          1577.89              1          0.458  
    90        2821          1577.89              1          0.485  
    91        2852          1577.89              1          0.432  
    92        2883          1577.89              1           0.38  
    93        2914          1577.89              1          0.522  
    94        2945          1577.89              1          0.387  
    95        2976          1577.89              1            0.3  
    96        3007          1577.89              1          0.265  
    97        3038          1577.89              1          0.261  
    98        3069          1577.89              1           0.44  
    99        3100          1577.89              1          0.529  
                                                        First-order 
 Iteration  Func-count       f(x)        Step-size       optimality
   100        3131          1577.89              1          0.368  
   101        3162          1577.89              1          0.382  
   102        3193          1577.89              1          0.356  
   103        3224          1577.89              1          0.419  
   104        3255          1577.88              1          0.498  
   105        3286          1577.88              1          0.446  
   106        3317          1577.88              1          0.246  
   107        3348          1577.88              1          0.138  
   108        3379          1577.88              1          0.138  
   109        3410          1577.88              1          0.137  
   110        3441          1577.88              1          0.179  
   111        3472          1577.88              1          0.267  
   112        3503          1577.88              1          0.274  
   113        3534          1577.88              1          0.331  
   114        3565          1577.88              1          0.365  
   115        3596          1577.88              1          0.358  
   116        3627          1577.88              1          0.322  
   117        3658          1577.88              1          0.423  
   118        3689          1577.88              1          0.549  
   119        3720          1577.88              1           0.45  
                                                        First-order 
 Iteration  Func-count       f(x)        Step-size       optimality
   120        3751          1577.88              1          0.177  
   121        3782          1577.88              1          0.129  
   122        3813          1577.88              1          0.128  
   123        3844          1577.88              1          0.125  
   124        3875          1577.88              1          0.116  
   125        3906          1577.88              1          0.181  
   126        3937          1577.88              1          0.224  
   127        3968          1577.88              1          0.241  
   128        3999          1577.88              1          0.224  
   129        4030          1577.88              1          0.177  
   130        4061          1577.88              1          0.143  
   131        4092          1577.88              1         0.0927  
   132        4123          1577.88              1         0.0892  
   133        4154          1577.88              1         0.0648  
   134        4185          1577.88              1         0.0284  
   135        4216          1577.88              1         0.0273  
   136        4247          1577.88              1         0.0277  
   137        4278          1577.88              1         0.0285  
   138        4309          1577.88              1         0.0291  
   139        4340          1577.88              1         0.0313  
                                                        First-order 
 Iteration  Func-count       f(x)        Step-size       optimality
   140        4371          1577.88              1         0.0459  
   141        4402          1577.88              1         0.0461  
   142        4433          1577.88              1         0.0255  
   143        4464          1577.88              1         0.0114  
   144        4495          1577.88              1         0.0118  
   145        4526          1577.88              1         0.0118  
   146        4557          1577.88              1         0.0118  
   147        4588          1577.88              1         0.0116  
   148        4619          1577.88              1         0.0111  
   149        4650          1577.88              1         0.0121  
   150        4681          1577.88              1         0.0158  
   151        4712          1577.88              1         0.0145  
   152        4743          1577.88              1        0.00812  
   153        4774          1577.88              1        0.00192  
   154        4805          1577.88              1       0.000321  
   155        4836          1577.88              1       0.000351  
   156        4898          1577.88       0.300311       0.000263  
   157        4960          1577.88       0.265805       0.000307  
   158        5053          1577.88      0.0308404       0.000234  
   159        5177          1577.88       0.863374       0.000234  
                                                        First-order 
 Iteration  Func-count       f(x)        Step-size       optimality
   160        5239          1577.88       0.274248       0.000292  
   161        5270          1577.88              1       0.000351  
   162        5332          1577.88       0.193507       0.000305  
   163        5487          1577.88     0.00423434       0.000255  
   164        5611          1577.88     0.00466578       0.000305  
   165        5735          1577.88      0.0145234       0.000336  
   166        5797          1577.88       0.365266       0.000226  
   167        5859          1577.88       0.282119       0.000336  
   168        5921          1577.88       0.453201       0.000275  
   169        6138          1577.88     0.00154372       0.000305  
   170        6169          1577.88              1       0.000255  
   171        6231          1577.88       0.358888       0.000275  
   172        6386          1577.88      0.0171379       0.000229  
   173        6479          1577.88      0.0759592       0.000307  
   174        6572          1577.88      0.0399962       0.000226  
   175        6665          1577.88      0.0458439       0.000229  
   176        6727          1577.88       0.251756       0.000259  
   177        6789          1577.88       0.396643        0.00019  
   178        6820          1577.88              1       0.000336  
   179        6882          1577.88       0.283937       0.000259  
                                                        First-order 
 Iteration  Func-count       f(x)        Step-size       optimality
   180        6944          1577.88       0.474312       0.000292  
   181        6975          1577.88              1        0.00032  
   182        7099          1577.88      0.0190302       0.000328  
   183        7161          1577.88       0.216473       0.000299  
   184        7192          1577.88              1       0.000259  
   185        7254          1577.88       0.428724       0.000328  
   186        7285          1577.88              1        0.00032  
   187        7316          1577.88              1       0.000248  
   188        7378          1577.88       0.406624        0.00027  
   189        7440          1577.88       0.353699       0.000275  
   190        7471          1577.88              1       0.000305  
   191        7502          1577.88              1       0.000534  
   192        7533          1577.88              1       0.000427  
   193        7564          1577.88              1       0.000397  
   194        7595          1577.88              1       0.000275  
   195        7657          1577.88       0.374551       0.000549  
   196        7688          1577.88              1       0.000412  
   197        7719          1577.88              1       0.000427  
   198        7781          1577.88        0.25107       0.000458  
   199        7812          1577.88              1        0.00029  
                                                        First-order 
 Iteration  Func-count       f(x)        Step-size       optimality
   200        7843          1577.88              1       0.000732  
   201        7874          1577.88              1       0.000534  
   202        7936          1577.88       0.186241       0.000351  
   203        7967          1577.88              1       0.000458  
   204        7998          1577.88              1       0.000427  
   205        8060          1577.88        0.37437       0.000443  
   206        8091          1577.88              1       0.000305  
   207        8122          1577.88              1       0.000519  
   208        8153          1577.88              1       0.000351  
   209        8184          1577.88              1       0.000565  
   210        8215          1577.88              1       0.000488  
   211        8246          1577.88              1       0.000381  
   212        8277          1577.88              1       0.000336  
   213        8308          1577.88              1       0.000473  
   214        8339          1577.88              1       0.000443  
   215        8370          1577.88              1       0.000488  
   216        8401          1577.88              1       0.000458  
   217        8463          1577.88        0.32971       0.000336  
   218        8494          1577.88              1       0.000473  
   219        8525          1577.88              1       0.000427  
                                                        First-order 
 Iteration  Func-count       f(x)        Step-size       optimality
   220        8556          1577.88              1        0.00032  
   221        8587          1577.88              1       0.000397  
   222        8618          1577.88              1       0.000412  
   223        8649          1577.88              1       0.000473  
   224        8680          1577.88              1       0.000366  
   225        8711          1577.88              1       0.000381  
   226        8742          1577.88              1        0.00032  
   227        8773          1577.88              1       0.000504  
   228        8804          1577.88              1       0.000397  
   229        8835          1577.88              1       0.000366  
   230        8897          1577.88       0.348375       0.000443  
   231        8990          1577.88      0.0576069       0.000336  
   232        9021          1577.88              1       0.000275  
   233        9052          1577.88              1       0.000275  
   234        9114          1577.88       0.281996        0.00029  
   235        9145          1577.88              1        0.00032  
   236        9176          1577.88              1       0.000214  
   237        9207          1577.88              1       0.000412  
   238        9238          1577.88              1       0.000504  
   239        9269          1577.88              1         0.0002  
                                                        First-order 
 Iteration  Func-count       f(x)        Step-size       optimality
   240        9331          1577.88       0.314728       0.000229  
   241        9393          1577.88       0.246864        0.00032  
   242        9424          1577.88              1       0.000244  
   243        9486          1577.88       0.304475       0.000412  
   244        9548          1577.88       0.247793       0.000305  
   245        9579          1577.88              1       0.000259  
   246        9610          1577.88              1       0.000198  
   247        9672          1577.88       0.302011       0.000214  
   248        9765          1577.88       0.098485       0.000183  
   249        9858          1577.88      0.0585925       0.000168  
   250        9889          1577.88              1       0.000259  
   251        9920          1577.88              1       0.000244  

Local minimum possible.

fminunc stopped because it cannot decrease the objective function
along the current search direction.




Computing finite-difference Hessian using objective function.
Predicted change in objective function too small.
Warning: File: /data/scratch/m1pac03/mcrcache_15793277_132/.mcrCache9.2/OOS_sl0/functions/fPredDensityDirectFull.m Line: 97 Column: 26
The temporary variable st_temp will be cleared at the beginning of each iteration of the parfor loop.
Any value assigned to it before the loop will be lost.  If st_temp is used before it is assigned in the parfor loop, a runtime error will occur.
See Parallel for Loops in MATLAB, "Temporary Variables".
> In msreg_2reg_endoprob_SVAR_FULL_OOS (line 317)
  In OOS_slurm_IF (line 2)
Starting parallel pool (parpool) using the 'local' profile ...
connected to 1 workers.
Current draw: 3000 of 5000
Current draw: 2000 of 5000
Current draw: 1000 of 5000
Current draw: 5000 of 5000
Current draw: 4000 of 5000
Elapsed time is 790.002261 seconds.
Ran Forecast Type 1for Model 11 and Horizon 12
Performing iteration ending on 2009M12 of model 11
Warning: This should be expanded with the country names in case of panel
> In abstvar/abstvar/check_inputs
  In abstvar
  In svar
  In scriptEstimateMode_FULL (line 79)
  In run (line 86)
  In msreg_2reg_endoprob_SVAR_FULL_OOS (line 217)
  In OOS_slurm_IF (line 2)
    'c(3,1,sync,1)>=c(3,1,sync,2)'
    'a0(1,GDPG,sync,1)=0'
    'a0(2,GDPG,sync,1)=0'
    'a0(1,MF,sync,1)=0'
    'a0(1,GDPG,sync,2)=0'
    'a0(2,GDPG,sync,2)=0'
    'a0(1,MF,sync,2)=0'
    'a1(3,GDPG)=0'
    's(3,3,sync,1)<=s(3,3,sync,2)'

 parameter: A12, density:NORMAL, hyperparameters: [0.5 0.5],convergence 0
 parameter: A21, density:NORMAL, hyperparameters: [0.5 0.5],convergence 0
 parameter: B12, density:GAMMA, hyperparameters: [4 0.125],convergence 0
 parameter: C12, density:GAMMA, hyperparameters: [4 0.125],convergence 0
 parameter: B21, density:GAMMA, hyperparameters: [4 0.125],convergence 0
 parameter: C21, density:GAMMA, hyperparameters: [4 0.125],convergence 0
                                                        First-order 
 Iteration  Func-count       f(x)        Step-size       optimality
     0          33          14097.2                      1.33e+04
     1          66          3488.36    7.51425e-05       2.49e+03  
     2          99          2673.49              1       1.31e+03  
     3         132             2336              1            736  
     4         165          2058.22              1            286  
     5         198          1981.86              1            128  
     6         231          1960.74              1            113  
     7         264          1951.28              1            144  
     8         297          1936.95              1            184  
     9         330          1912.82              1            194  
    10         363          1883.29              1            152  
    11         396          1871.61              1            159  
    12         429          1864.52              1            115  
    13         462          1853.94              1            129  
    14         495          1848.86              1            129  
    15         528          1837.75              1            145  
    16         561          1832.68              1            143  
    17         594          1823.67              1           97.5  
    18         627          1814.97              1            110  
    19         660          1810.57              1           71.6  
                                                        First-order 
 Iteration  Func-count       f(x)        Step-size       optimality
    20         693          1808.95              1             59  
    21         726          1805.03              1           40.5  
    22         759          1802.04              1           55.4  
    23         792          1799.84              1           61.4  
    24         825          1798.51              1           47.6  
    25         858          1796.52              1           77.5  
    26         891          1792.58              1            107  
    27         924          1785.88              1            116  
    28         957          1779.26              1            103  
    29         990           1776.1              1           65.3  
    30        1023          1774.34              1           45.1  
    31        1056          1772.44              1           64.3  
    32        1089          1769.47              1           88.6  
    33        1122          1766.18              1           74.6  
    34        1155          1763.79              1           64.6  
    35        1188          1762.12              1           44.6  
    36        1221           1760.5              1           41.3  
    37        1254          1758.41              1           54.9  
    38        1287          1756.03              1           45.9  
    39        1320          1754.69              1           26.5  
                                                        First-order 
 Iteration  Func-count       f(x)        Step-size       optimality
    40        1353          1754.25              1           19.6  
    41        1386          1754.01              1           17.9  
    42        1419          1753.64              1           17.8  
    43        1452          1752.86              1           29.4  
    44        1485          1751.57              1           42.9  
    45        1518           1750.1              1           40.7  
    46        1551          1749.12              1           24.9  
    47        1584          1748.65              1           29.8  
    48        1617          1748.23              1             31  
    49        1650          1747.32              1           35.3  
    50        1683          1745.53              1           55.2  
    51        1749          1743.84            0.5           56.3  
    52        1848          1742.83           0.19           50.8  
    53        2772          1742.52       0.057501            513  
    54        4059          1742.52    1.62407e-08          1e+03  

Local minimum possible.

fminunc stopped because the size of the current step is less than
the selected value of the step size tolerance.




Local minimum possible.

fminunc stopped because it cannot decrease the objective function
along the current search direction.




Computing finite-difference Hessian using objective function.
Predicted change in objective function too small.
Warning: File: /data/scratch/m1pac03/mcrcache_15793277_132/.mcrCache9.2/OOS_sl0/functions/fPredDensityIteratedFull.m Line: 115 Column: 83
The temporary variable f_t_comp will be cleared at the beginning of each iteration of the parfor loop.
Any value assigned to it before the loop will be lost.  If f_t_comp is used before it is assigned in the parfor loop, a runtime error will occur.
See Parallel for Loops in MATLAB, "Temporary Variables".
> In msreg_2reg_endoprob_SVAR_FULL_OOS (line 320)
  In OOS_slurm_IF (line 2)
Warning: File: /data/scratch/m1pac03/mcrcache_15793277_132/.mcrCache9.2/OOS_sl0/functions/fPredDensityIteratedFull.m Line: 115 Column: 92
The temporary variable m_t_comp will be cleared at the beginning of each iteration of the parfor loop.
Any value assigned to it before the loop will be lost.  If m_t_comp is used before it is assigned in the parfor loop, a runtime error will occur.
See Parallel for Loops in MATLAB, "Temporary Variables".
> In msreg_2reg_endoprob_SVAR_FULL_OOS (line 320)
  In OOS_slurm_IF (line 2)
Warning: File: /data/scratch/m1pac03/mcrcache_15793277_132/.mcrCache9.2/OOS_sl0/functions/fPredDensityIteratedFull.m Line: 115 Column: 101
The temporary variable gdp_t_comp will be cleared at the beginning of each iteration of the parfor loop.
Any value assigned to it before the loop will be lost.  If gdp_t_comp is used before it is assigned in the parfor loop, a runtime error will occur.
See Parallel for Loops in MATLAB, "Temporary Variables".
> In msreg_2reg_endoprob_SVAR_FULL_OOS (line 320)
  In OOS_slurm_IF (line 2)
Warning: File: /data/scratch/m1pac03/mcrcache_15793277_132/.mcrCache9.2/OOS_sl0/functions/fPredDensityIteratedFull.m Line: 113 Column: 66
The temporary variable st_sim will be cleared at the beginning of each iteration of the parfor loop.
Any value assigned to it before the loop will be lost.  If st_sim is used before it is assigned in the parfor loop, a runtime error will occur.
See Parallel for Loops in MATLAB, "Temporary Variables".
> In msreg_2reg_endoprob_SVAR_FULL_OOS (line 320)
  In OOS_slurm_IF (line 2)
Warning: File: /data/scratch/m1pac03/mcrcache_15793277_132/.mcrCache9.2/OOS_sl0/functions/fPredDensityIteratedFull.m Line: 107 Column: 49
The temporary variable p11 will be cleared at the beginning of each iteration of the parfor loop.
Any value assigned to it before the loop will be lost.  If p11 is used before it is assigned in the parfor loop, a runtime error will occur.
See Parallel for Loops in MATLAB, "Temporary Variables".
> In msreg_2reg_endoprob_SVAR_FULL_OOS (line 320)
  In OOS_slurm_IF (line 2)
Warning: File: /data/scratch/m1pac03/mcrcache_15793277_132/.mcrCache9.2/OOS_sl0/functions/fPredDensityIteratedFull.m Line: 107 Column: 53
The temporary variable p22 will be cleared at the beginning of each iteration of the parfor loop.
Any value assigned to it before the loop will be lost.  If p22 is used before it is assigned in the parfor loop, a runtime error will occur.
See Parallel for Loops in MATLAB, "Temporary Variables".
> In msreg_2reg_endoprob_SVAR_FULL_OOS (line 320)
  In OOS_slurm_IF (line 2)
Warning: File: /data/scratch/m1pac03/mcrcache_15793277_132/.mcrCache9.2/OOS_sl0/functions/fPredDensityIteratedFull.m Line: 107 Column: 42
The temporary variable st_lag will be cleared at the beginning of each iteration of the parfor loop.
Any value assigned to it before the loop will be lost.  If st_lag is used before it is assigned in the parfor loop, a runtime error will occur.
See Parallel for Loops in MATLAB, "Temporary Variables".
> In msreg_2reg_endoprob_SVAR_FULL_OOS (line 320)
  In OOS_slurm_IF (line 2)
Current draw: 5000 of 5000
Current draw: 4000 of 5000
Current draw: 3000 of 5000
Current draw: 2000 of 5000
Current draw: 1000 of 5000
Elapsed time is 1441.112683 seconds.
Ran Forecast Type 2for Model 11 and Horizon 12
