191
------------------------------------------
Setting up environment variables
---
LD_LIBRARY_PATH is .:/opt/MATLAB/R2017a/runtime/glnxa64:/opt/MATLAB/R2017a/bin/glnxa64:/opt/MATLAB/R2017a/sys/os/glnxa64:/opt/MATLAB/R2017a/sys/opengl/lib/glnxa64
Warning: Method directories not allowed in MATLAB path: /data/scratch/m1pac03/mcrcache_15793277_191/.mcrCache9.2/OOS_sl0/if/gms_research_gar/GAR/MS-VAR/RISE_toolbox2/classes/models/@dsge/private
Running on SLURM; using 1 cores as assigned on this node.

Performing iteration ending on 2014M11 of model 11
Warning: This should be expanded with the country names in case of panel
> In abstvar/abstvar/check_inputs
  In abstvar
  In svar
  In scriptEstimateMode_FULL (line 79)
  In run (line 86)
  In msreg_2reg_endoprob_SVAR_FULL_OOS (line 217)
  In OOS_slurm_IF (line 2)
    'c(3,1,sync,1)>=c(3,1,sync,2)'
    'a0(1,GDPGH,sync,1)=0'
    'a0(1,MF,sync,1)=0'
    'a0(2,GDPGH,sync,1)=0'
    'a0(1,GDPGH,sync,2)=0'
    'a0(1,MF,sync,2)=0'
    'a0(2,GDPGH,sync,2)=0'
    'a1(1,GDPGH)=0'
    'a1(2,GDPGH)=0'
    'a1(3,GDPGH)=0'
    's(3,3,sync,1)<=s(3,3,sync,2)'

 parameter: A12, density:NORMAL, hyperparameters: [0.5 0.5],convergence 0
 parameter: A21, density:NORMAL, hyperparameters: [0.5 0.5],convergence 0
 parameter: B12, density:GAMMA, hyperparameters: [4 0.125],convergence 0
 parameter: C12, density:GAMMA, hyperparameters: [4 0.125],convergence 0
 parameter: B21, density:GAMMA, hyperparameters: [4 0.125],convergence 0
 parameter: C21, density:GAMMA, hyperparameters: [4 0.125],convergence 0
                                                        First-order 
 Iteration  Func-count       f(x)        Step-size       optimality
     0          31          7426.41                      5.05e+03
     1          62          2175.18    0.000198159            587  
     2          93          2033.47              1            406  
     3         124          1907.81              1            170  
     4         155          1841.21              1            149  
     5         186          1808.87              1            124  
     6         217          1793.66              1           95.1  
     7         248          1778.36              1           99.9  
     8         279          1760.95              1           76.5  
     9         310          1748.81              1           63.1  
    10         341          1742.76              1           66.5  
    11         372          1738.62              1           63.2  
    12         403           1732.1              1           60.8  
    13         434          1727.79              1           42.6  
    14         465          1725.55              1             28  
    15         496          1723.78              1           31.4  
    16         527          1721.59              1           29.5  
    17         558          1719.72              1           48.1  
    18         589          1717.14              1           53.8  
    19         620          1714.08              1           40.6  
                                                        First-order 
 Iteration  Func-count       f(x)        Step-size       optimality
    20         651          1711.56              1           28.7  
    21         682          1710.05              1           25.4  
    22         713          1709.03              1             24  
    23         744          1708.15              1           23.2  
    24         775          1707.01              1           26.1  
    25         806          1705.92              1             21  
    26         837          1705.34              1           18.3  
    27         868          1705.08              1           13.3  
    28         899          1704.88              1             11  
    29         930          1704.69              1           10.4  
    30         961          1704.55              1           12.7  
    31         992          1704.42              1           11.8  
    32        1023          1704.28              1           12.6  
    33        1054           1704.1              1           9.49  
    34        1085          1703.95              1           8.25  
    35        1116          1703.86              1           5.49  
    36        1147          1703.79              1           8.57  
    37        1178           1703.7              1            9.7  
    38        1209           1703.6              1           7.04  
    39        1240          1703.53              1           8.18  
                                                        First-order 
 Iteration  Func-count       f(x)        Step-size       optimality
    40        1271          1703.48              1           6.86  
    41        1302          1703.44              1           4.81  
    42        1333          1703.38              1           5.61  
    43        1364          1703.33              1              4  
    44        1395           1703.3              1           5.18  
    45        1426          1703.27              1           4.69  
    46        1457          1703.23              1           4.45  
    47        1488          1703.17              1           5.48  
    48        1519          1703.11              1           4.79  
    49        1550          1703.07              1           3.85  
    50        1581          1703.04              1           3.45  
    51        1612          1703.01              1           4.31  
    52        1643          1702.97              1           6.03  
    53        1674          1702.91              1           8.12  
    54        1705          1702.85              1           7.17  
    55        1736          1702.82              1           3.81  
    56        1767           1702.8              1            3.1  
    57        1798          1702.79              1           2.12  
    58        1829          1702.78              1            2.4  
    59        1860          1702.77              1           2.64  
                                                        First-order 
 Iteration  Func-count       f(x)        Step-size       optimality
    60        1891          1702.75              1           3.18  
    61        1922          1702.73              1           2.41  
    62        1953          1702.72              1           1.71  
    63        1984          1702.71              1            1.6  
    64        2015           1702.7              1           2.16  
    65        2046          1702.69              1           3.41  
    66        2077          1702.67              1            4.3  
    67        2108          1702.63              1           4.71  
    68        2139           1702.6              1           3.37  
    69        2170          1702.58              1           3.11  
    70        2201          1702.57              1           2.79  
    71        2232          1702.55              1           4.16  
    72        2263          1702.52              1            4.8  
    73        2294          1702.48              1           3.78  
    74        2325          1702.47              1           2.35  
    75        2356          1702.46              1           2.05  
    76        2387          1702.45              1           2.38  
    77        2418          1702.43              1           3.03  
    78        2449          1702.42              1           2.52  
    79        2480           1702.4              1           1.26  
                                                        First-order 
 Iteration  Func-count       f(x)        Step-size       optimality
    80        2511           1702.4              1            1.1  
    81        2542           1702.4              1           1.03  
    82        2573           1702.4              1          0.905  
    83        2604           1702.4              1          0.967  
    84        2635          1702.39              1          0.875  
    85        2666          1702.39              1          0.644  
    86        2697          1702.39              1           0.55  
    87        2728          1702.39              1          0.431  
    88        2759          1702.39              1          0.529  
    89        2790          1702.39              1           0.56  
    90        2821          1702.39              1          0.356  
    91        2852          1702.39              1          0.224  
    92        2883          1702.39              1          0.184  
    93        2914          1702.39              1          0.181  
    94        2945          1702.39              1          0.234  
    95        2976          1702.39              1          0.379  
    96        3007          1702.39              1          0.452  
    97        3038          1702.39              1           0.44  
    98        3069          1702.39              1          0.492  
    99        3100          1702.39              1          0.476  
                                                        First-order 
 Iteration  Func-count       f(x)        Step-size       optimality
   100        3131          1702.39              1          0.418  
   101        3162          1702.38              1          0.493  
   102        3193          1702.38              1          0.456  
   103        3224          1702.38              1          0.428  
   104        3255          1702.38              1          0.379  
   105        3286          1702.38              1          0.298  
   106        3317          1702.38              1          0.226  
   107        3348          1702.38              1          0.184  
   108        3379          1702.38              1          0.172  
   109        3410          1702.38              1          0.219  
   110        3441          1702.38              1          0.202  
   111        3472          1702.38              1          0.186  
   112        3503          1702.38              1            0.3  
   113        3534          1702.38              1          0.445  
   114        3565          1702.38              1          0.558  
   115        3596          1702.38              1          0.504  
   116        3627          1702.38              1          0.394  
   117        3658          1702.38              1          0.383  
   118        3689          1702.38              1          0.354  
   119        3720          1702.38              1          0.296  
                                                        First-order 
 Iteration  Func-count       f(x)        Step-size       optimality
   120        3751          1702.38              1          0.181  
   121        3782          1702.38              1          0.137  
   122        3813          1702.38              1         0.0701  
   123        3844          1702.38              1         0.0562  
   124        3875          1702.38              1         0.0574  
   125        3906          1702.38              1         0.0579  
   126        3937          1702.38              1         0.0566  
   127        3968          1702.38              1         0.0642  
   128        3999          1702.38              1          0.087  
   129        4030          1702.38              1          0.077  
   130        4061          1702.38              1         0.0376  
   131        4092          1702.38              1         0.0254  
   132        4123          1702.38              1         0.0248  
   133        4154          1702.38              1         0.0246  
   134        4185          1702.38              1         0.0242  
   135        4216          1702.38              1          0.024  
   136        4247          1702.38              1          0.032  
   137        4278          1702.38              1         0.0472  
   138        4309          1702.38              1         0.0494  
   139        4340          1702.38              1         0.0302  
                                                        First-order 
 Iteration  Func-count       f(x)        Step-size       optimality
   140        4371          1702.38              1         0.0341  
   141        4402          1702.38              1         0.0331  
   142        4433          1702.38              1          0.032  
   143        4464          1702.38              1         0.0301  
   144        4495          1702.38              1         0.0259  
   145        4526          1702.38              1         0.0203  
   146        4557          1702.38              1         0.0199  
   147        4588          1702.38              1         0.0185  
   148        4619          1702.38              1        0.00926  
   149        4650          1702.38              1         0.0046  
   150        4681          1702.38              1        0.00446  
   151        4712          1702.38              1        0.00447  
   152        4743          1702.38              1        0.00453  
   153        4774          1702.38              1        0.00432  
   154        4805          1702.38              1        0.00432  
   155        4836          1702.38              1         0.0041  
   156        4867          1702.38              1        0.00418  
   157        4898          1702.38              1        0.00468  
   158        4929          1702.38              1        0.00305  
   159        4960          1702.38              1        0.00148  
                                                        First-order 
 Iteration  Func-count       f(x)        Step-size       optimality
   160        4991          1702.38              1       0.000885  
   161        5022          1702.38              1       0.000488  
   162        5053          1702.38              1       0.000473  
   163        5084          1702.38              1       0.000336  
   164        5146          1702.38       0.408346       0.000259  
   165        5208          1702.38       0.523218       0.000229  

Local minimum possible.

fminunc stopped because it cannot decrease the objective function
along the current search direction.




Computing finite-difference Hessian using objective function.
Predicted change in objective function too small.
Warning: File: /data/scratch/m1pac03/mcrcache_15793277_191/.mcrCache9.2/OOS_sl0/functions/fPredDensityDirectFull.m Line: 97 Column: 26
The temporary variable st_temp will be cleared at the beginning of each iteration of the parfor loop.
Any value assigned to it before the loop will be lost.  If st_temp is used before it is assigned in the parfor loop, a runtime error will occur.
See Parallel for Loops in MATLAB, "Temporary Variables".
> In msreg_2reg_endoprob_SVAR_FULL_OOS (line 317)
  In OOS_slurm_IF (line 2)
Starting parallel pool (parpool) using the 'local' profile ...
connected to 1 workers.
Current draw: 3000 of 5000
Current draw: 2000 of 5000
Current draw: 1000 of 5000
Current draw: 5000 of 5000
Current draw: 4000 of 5000
Elapsed time is 325.444347 seconds.
Ran Forecast Type 1for Model 11 and Horizon 12
Performing iteration ending on 2014M11 of model 11
Warning: This should be expanded with the country names in case of panel
> In abstvar/abstvar/check_inputs
  In abstvar
  In svar
  In scriptEstimateMode_FULL (line 79)
  In run (line 86)
  In msreg_2reg_endoprob_SVAR_FULL_OOS (line 217)
  In OOS_slurm_IF (line 2)
    'c(3,1,sync,1)>=c(3,1,sync,2)'
    'a0(1,GDPG,sync,1)=0'
    'a0(2,GDPG,sync,1)=0'
    'a0(1,MF,sync,1)=0'
    'a0(1,GDPG,sync,2)=0'
    'a0(2,GDPG,sync,2)=0'
    'a0(1,MF,sync,2)=0'
    'a1(3,GDPG)=0'
    's(3,3,sync,1)<=s(3,3,sync,2)'

 parameter: A12, density:NORMAL, hyperparameters: [0.5 0.5],convergence 0
 parameter: A21, density:NORMAL, hyperparameters: [0.5 0.5],convergence 0
 parameter: B12, density:GAMMA, hyperparameters: [4 0.125],convergence 0
 parameter: C12, density:GAMMA, hyperparameters: [4 0.125],convergence 0
 parameter: B21, density:GAMMA, hyperparameters: [4 0.125],convergence 0
 parameter: C21, density:GAMMA, hyperparameters: [4 0.125],convergence 0
                                                        First-order 
 Iteration  Func-count       f(x)        Step-size       optimality
     0          33          14866.1                      1.36e+04
     1          66             3778    7.34335e-05       2.66e+03  
     2          99          2900.54              1       1.48e+03  
     3         132           2548.5              1            787  
     4         165          2262.89              1            301  
     5         198          2188.32              1            142  
     6         231          2167.19              1            141  
     7         264          2154.05              1            190  
     8         297          2130.86              1            236  
     9         330          2095.46              1            219  
    10         363          2068.83              1            198  
    11         396          2060.29              1            154  
    12         429          2047.97              1            115  
    13         462          2042.56              1            128  
    14         495          2029.36              1            163  
    15         528          2021.98              1            173  
    16         561          2012.27              1            121  
    17         594          2003.37              1            131  
    18         627          1998.82              1           91.6  
    19         660          1996.21              1           76.1  
                                                        First-order 
 Iteration  Func-count       f(x)        Step-size       optimality
    20         693             1991              1           85.6  
    21         726          1987.44              1           76.8  
    22         759          1985.47              1           39.1  
    23         792          1984.41              1           47.4  
    24         825          1982.43              1             81  
    25         858          1978.34              1            168  
    26         891          1971.01              1            243  
    27         924          1963.05              1            215  
    28         957          1958.64              1           88.4  
    29         990          1956.73              1           61.4  
    30        1023          1955.21              1           76.3  
    31        1056          1951.85              1            133  
    32        1089          1946.65              1            160  
    33        1122           1941.9              1            111  
    34        1155          1939.98              1           36.7  
    35        1188          1939.39              1           29.3  
    36        1221          1938.98              1           27.4  
    37        1254          1938.24              1           44.4  
    38        1287          1936.92              1           51.3  
    39        1320           1935.2              1           41.2  
                                                        First-order 
 Iteration  Func-count       f(x)        Step-size       optimality
    40        1353           1934.1              1           19.1  
    41        1386           1933.7              1           16.6  
    42        1419          1933.42              1           18.8  
    43        1452          1932.89              1           22.8  
    44        1485          1931.72              1           36.7  
    45        1518          1929.49              1             51  
    46        1551          1926.46              1             56  
    47        1650          1925.82           0.19           52.4  
    48        1749          1924.98           0.19           44.9  
    49        2409          1924.69      0.0804787             52  
    50        3201          1924.69    4.51038e-07          1e+03  

Local minimum possible.

fminunc stopped because it cannot decrease the objective function
along the current search direction.




Computing finite-difference Hessian using objective function.
Predicted change in objective function too small.
Warning: File: /data/scratch/m1pac03/mcrcache_15793277_191/.mcrCache9.2/OOS_sl0/functions/fPredDensityIteratedFull.m Line: 115 Column: 83
The temporary variable f_t_comp will be cleared at the beginning of each iteration of the parfor loop.
Any value assigned to it before the loop will be lost.  If f_t_comp is used before it is assigned in the parfor loop, a runtime error will occur.
See Parallel for Loops in MATLAB, "Temporary Variables".
> In msreg_2reg_endoprob_SVAR_FULL_OOS (line 320)
  In OOS_slurm_IF (line 2)
Warning: File: /data/scratch/m1pac03/mcrcache_15793277_191/.mcrCache9.2/OOS_sl0/functions/fPredDensityIteratedFull.m Line: 115 Column: 92
The temporary variable m_t_comp will be cleared at the beginning of each iteration of the parfor loop.
Any value assigned to it before the loop will be lost.  If m_t_comp is used before it is assigned in the parfor loop, a runtime error will occur.
See Parallel for Loops in MATLAB, "Temporary Variables".
> In msreg_2reg_endoprob_SVAR_FULL_OOS (line 320)
  In OOS_slurm_IF (line 2)
Warning: File: /data/scratch/m1pac03/mcrcache_15793277_191/.mcrCache9.2/OOS_sl0/functions/fPredDensityIteratedFull.m Line: 115 Column: 101
The temporary variable gdp_t_comp will be cleared at the beginning of each iteration of the parfor loop.
Any value assigned to it before the loop will be lost.  If gdp_t_comp is used before it is assigned in the parfor loop, a runtime error will occur.
See Parallel for Loops in MATLAB, "Temporary Variables".
> In msreg_2reg_endoprob_SVAR_FULL_OOS (line 320)
  In OOS_slurm_IF (line 2)
Warning: File: /data/scratch/m1pac03/mcrcache_15793277_191/.mcrCache9.2/OOS_sl0/functions/fPredDensityIteratedFull.m Line: 113 Column: 66
The temporary variable st_sim will be cleared at the beginning of each iteration of the parfor loop.
Any value assigned to it before the loop will be lost.  If st_sim is used before it is assigned in the parfor loop, a runtime error will occur.
See Parallel for Loops in MATLAB, "Temporary Variables".
> In msreg_2reg_endoprob_SVAR_FULL_OOS (line 320)
  In OOS_slurm_IF (line 2)
Warning: File: /data/scratch/m1pac03/mcrcache_15793277_191/.mcrCache9.2/OOS_sl0/functions/fPredDensityIteratedFull.m Line: 107 Column: 49
The temporary variable p11 will be cleared at the beginning of each iteration of the parfor loop.
Any value assigned to it before the loop will be lost.  If p11 is used before it is assigned in the parfor loop, a runtime error will occur.
See Parallel for Loops in MATLAB, "Temporary Variables".
> In msreg_2reg_endoprob_SVAR_FULL_OOS (line 320)
  In OOS_slurm_IF (line 2)
Warning: File: /data/scratch/m1pac03/mcrcache_15793277_191/.mcrCache9.2/OOS_sl0/functions/fPredDensityIteratedFull.m Line: 107 Column: 53
The temporary variable p22 will be cleared at the beginning of each iteration of the parfor loop.
Any value assigned to it before the loop will be lost.  If p22 is used before it is assigned in the parfor loop, a runtime error will occur.
See Parallel for Loops in MATLAB, "Temporary Variables".
> In msreg_2reg_endoprob_SVAR_FULL_OOS (line 320)
  In OOS_slurm_IF (line 2)
Warning: File: /data/scratch/m1pac03/mcrcache_15793277_191/.mcrCache9.2/OOS_sl0/functions/fPredDensityIteratedFull.m Line: 107 Column: 42
The temporary variable st_lag will be cleared at the beginning of each iteration of the parfor loop.
Any value assigned to it before the loop will be lost.  If st_lag is used before it is assigned in the parfor loop, a runtime error will occur.
See Parallel for Loops in MATLAB, "Temporary Variables".
> In msreg_2reg_endoprob_SVAR_FULL_OOS (line 320)
  In OOS_slurm_IF (line 2)
Current draw: 5000 of 5000
Current draw: 4000 of 5000
Current draw: 3000 of 5000
Current draw: 2000 of 5000
Current draw: 1000 of 5000
Elapsed time is 768.257558 seconds.
Ran Forecast Type 2for Model 11 and Horizon 12
