201
------------------------------------------
Setting up environment variables
---
LD_LIBRARY_PATH is .:/opt/MATLAB/R2017a/runtime/glnxa64:/opt/MATLAB/R2017a/bin/glnxa64:/opt/MATLAB/R2017a/sys/os/glnxa64:/opt/MATLAB/R2017a/sys/opengl/lib/glnxa64
Warning: Method directories not allowed in MATLAB path: /data/scratch/m1pac03/mcrcache_15793277_201/.mcrCache9.2/OOS_sl0/if/gms_research_gar/GAR/MS-VAR/RISE_toolbox2/classes/models/@dsge/private
Running on SLURM; using 1 cores as assigned on this node.

Performing iteration ending on 2015M9 of model 11
Warning: This should be expanded with the country names in case of panel
> In abstvar/abstvar/check_inputs
  In abstvar
  In svar
  In scriptEstimateMode_FULL (line 79)
  In run (line 86)
  In msreg_2reg_endoprob_SVAR_FULL_OOS (line 217)
  In OOS_slurm_IF (line 2)
    'c(3,1,sync,1)>=c(3,1,sync,2)'
    'a0(1,GDPGH,sync,1)=0'
    'a0(1,MF,sync,1)=0'
    'a0(2,GDPGH,sync,1)=0'
    'a0(1,GDPGH,sync,2)=0'
    'a0(1,MF,sync,2)=0'
    'a0(2,GDPGH,sync,2)=0'
    'a1(1,GDPGH)=0'
    'a1(2,GDPGH)=0'
    'a1(3,GDPGH)=0'
    's(3,3,sync,1)<=s(3,3,sync,2)'

 parameter: A12, density:NORMAL, hyperparameters: [0.5 0.5],convergence 0
 parameter: A21, density:NORMAL, hyperparameters: [0.5 0.5],convergence 0
 parameter: B12, density:GAMMA, hyperparameters: [4 0.125],convergence 0
 parameter: C12, density:GAMMA, hyperparameters: [4 0.125],convergence 0
 parameter: B21, density:GAMMA, hyperparameters: [4 0.125],convergence 0
 parameter: C21, density:GAMMA, hyperparameters: [4 0.125],convergence 0
                                                        First-order 
 Iteration  Func-count       f(x)        Step-size       optimality
     0          31           7460.1                      5.04e+03
     1          62             2204    0.000198243            585  
     2          93          2060.58              1            405  
     3         124          1933.68              1            173  
     4         155          1864.81              1            154  
     5         186          1831.12              1            127  
     6         217          1815.34              1           95.8  
     7         248          1799.65              1            103  
     8         279          1781.69              1           76.8  
     9         310          1769.29              1           62.1  
    10         341          1763.47              1           59.1  
    11         372          1759.49              1           59.4  
    12         403           1752.5              1           62.5  
    13         434          1748.35              1             41  
    14         465          1746.16              1           27.8  
    15         496          1744.44              1             30  
    16         527          1742.05              1             34  
    17         558          1739.84              1           51.3  
    18         589          1737.08              1           51.7  
    19         620          1734.22              1           35.4  
                                                        First-order 
 Iteration  Func-count       f(x)        Step-size       optimality
    20         651          1731.95              1           25.1  
    21         682          1730.38              1           23.6  
    22         713          1729.24              1           28.9  
    23         744          1728.32              1           23.3  
    24         775          1727.31              1             23  
    25         806          1726.42              1             23  
    26         837          1725.91              1           18.4  
    27         868          1725.61              1             12  
    28         899          1725.39              1           12.4  
    29         930          1725.23              1           10.9  
    30         961          1725.11              1           11.4  
    31         992          1724.99              1             12  
    32        1023          1724.83              1           12.7  
    33        1054          1724.64              1           9.95  
    34        1085          1724.49              1           8.11  
    35        1116           1724.4              1           6.84  
    36        1147          1724.33              1           9.74  
    37        1178          1724.24              1           9.26  
    38        1209          1724.16              1           7.17  
    39        1240           1724.1              1           7.62  
                                                        First-order 
 Iteration  Func-count       f(x)        Step-size       optimality
    40        1271          1724.05              1            5.8  
    41        1302             1724              1            5.7  
    42        1333          1723.95              1           5.48  
    43        1364          1723.91              1           4.28  
    44        1395          1723.88              1           4.89  
    45        1426          1723.84              1            4.4  
    46        1457          1723.78              1           7.35  
    47        1488           1723.7              1           7.69  
    48        1519          1723.64              1           4.11  
    49        1550          1723.61              1           3.72  
    50        1581          1723.58              1           3.73  
    51        1612          1723.55              1           6.91  
    52        1643          1723.49              1           9.11  
    53        1674          1723.42              1           7.78  
    54        1705          1723.38              1           3.58  
    55        1736          1723.37              1           2.06  
    56        1767          1723.36              1           2.38  
    57        1798          1723.35              1           2.12  
    58        1829          1723.34              1           3.59  
    59        1860          1723.32              1            4.1  
                                                        First-order 
 Iteration  Func-count       f(x)        Step-size       optimality
    60        1891           1723.3              1           3.19  
    61        1922          1723.29              1           2.39  
    62        1953          1723.27              1           1.82  
    63        1984          1723.26              1           2.11  
    64        2015          1723.25              1           2.65  
    65        2046          1723.23              1           3.83  
    66        2077           1723.2              1            4.4  
    67        2108          1723.18              1           3.92  
    68        2139          1723.16              1           3.05  
    69        2170          1723.15              1           2.73  
    70        2201          1723.13              1           3.12  
    71        2232          1723.11              1            4.1  
    72        2263          1723.08              1           3.85  
    73        2294          1723.05              1           2.46  
    74        2325          1723.04              1           2.39  
    75        2356          1723.03              1           2.43  
    76        2387          1723.01              1           3.27  
    77        2418          1722.99              1              4  
    78        2449          1722.97              1            2.7  
    79        2480          1722.96              1           1.28  
                                                        First-order 
 Iteration  Func-count       f(x)        Step-size       optimality
    80        2511          1722.96              1          0.872  
    81        2542          1722.95              1           1.14  
    82        2573          1722.95              1           1.58  
    83        2604          1722.95              1           1.52  
    84        2635          1722.94              1          0.849  
    85        2666          1722.94              1          0.398  
    86        2697          1722.94              1          0.325  
    87        2728          1722.94              1          0.445  
    88        2759          1722.94              1          0.529  
    89        2790          1722.94              1           0.53  
    90        2821          1722.94              1           0.28  
    91        2852          1722.94              1           0.24  
    92        2883          1722.94              1          0.264  
    93        2914          1722.94              1           0.35  
    94        2945          1722.94              1          0.508  
    95        2976          1722.94              1          0.613  
    96        3007          1722.94              1          0.617  
    97        3038          1722.94              1          0.615  
    98        3069          1722.94              1          0.535  
    99        3100          1722.94              1          0.476  
                                                        First-order 
 Iteration  Func-count       f(x)        Step-size       optimality
   100        3131          1722.94              1          0.544  
   101        3162          1722.93              1          0.438  
   102        3193          1722.93              1           0.29  
   103        3224          1722.93              1          0.253  
   104        3255          1722.93              1          0.213  
   105        3286          1722.93              1          0.187  
   106        3317          1722.93              1          0.265  
   107        3348          1722.93              1          0.249  
   108        3379          1722.93              1          0.246  
   109        3410          1722.93              1          0.292  
   110        3441          1722.93              1          0.317  
   111        3472          1722.93              1          0.336  
   112        3503          1722.93              1          0.459  
   113        3534          1722.93              1          0.623  
   114        3565          1722.93              1          0.635  
   115        3596          1722.93              1          0.383  
   116        3627          1722.93              1          0.122  
   117        3658          1722.93              1           0.11  
   118        3689          1722.93              1          0.103  
   119        3720          1722.93              1         0.0818  
                                                        First-order 
 Iteration  Func-count       f(x)        Step-size       optimality
   120        3751          1722.93              1         0.0639  
   121        3782          1722.93              1         0.0632  
   122        3813          1722.93              1          0.121  
   123        3844          1722.93              1          0.149  
   124        3875          1722.93              1          0.144  
   125        3906          1722.93              1          0.129  
   126        3937          1722.93              1         0.0975  
   127        3968          1722.93              1         0.0659  
   128        3999          1722.93              1         0.0656  
   129        4030          1722.93              1         0.0363  
   130        4061          1722.93              1         0.0304  
   131        4092          1722.93              1          0.029  
   132        4123          1722.93              1         0.0286  
   133        4154          1722.93              1         0.0275  
   134        4185          1722.93              1         0.0259  
   135        4216          1722.93              1         0.0389  
   136        4247          1722.93              1         0.0571  
   137        4278          1722.93              1         0.0574  
   138        4309          1722.93              1         0.0317  
   139        4340          1722.93              1          0.033  
                                                        First-order 
 Iteration  Func-count       f(x)        Step-size       optimality
   140        4371          1722.93              1         0.0327  
   141        4402          1722.93              1         0.0321  
   142        4433          1722.93              1         0.0305  
   143        4464          1722.93              1         0.0274  
   144        4495          1722.93              1         0.0294  
   145        4526          1722.93              1         0.0392  
   146        4557          1722.93              1         0.0364  
   147        4588          1722.93              1         0.0185  
   148        4619          1722.93              1        0.00499  
   149        4650          1722.93              1        0.00473  
   150        4681          1722.93              1        0.00479  
   151        4712          1722.93              1        0.00484  
   152        4743          1722.93              1        0.00482  
   153        4774          1722.93              1         0.0046  
   154        4805          1722.93              1        0.00437  
   155        4836          1722.93              1        0.00438  
   156        4867          1722.93              1        0.00473  
   157        4898          1722.93              1        0.00287  
   158        4929          1722.93              1        0.00189  
   159        4960          1722.93              1         0.0009  
                                                        First-order 
 Iteration  Func-count       f(x)        Step-size       optimality
   160        4991          1722.93              1       0.000488  
   161        5053          1722.93       0.456091        0.00029  
   162        5115          1722.93            0.5       0.000229  
   163        5177          1722.93       0.247087       0.000183  
   164        5239          1722.93       0.372727       0.000229  

Local minimum possible.

fminunc stopped because it cannot decrease the objective function
along the current search direction.




Computing finite-difference Hessian using objective function.
Predicted change in objective function too small.
Warning: File: /data/scratch/m1pac03/mcrcache_15793277_201/.mcrCache9.2/OOS_sl0/functions/fPredDensityDirectFull.m Line: 97 Column: 26
The temporary variable st_temp will be cleared at the beginning of each iteration of the parfor loop.
Any value assigned to it before the loop will be lost.  If st_temp is used before it is assigned in the parfor loop, a runtime error will occur.
See Parallel for Loops in MATLAB, "Temporary Variables".
> In msreg_2reg_endoprob_SVAR_FULL_OOS (line 317)
  In OOS_slurm_IF (line 2)
Starting parallel pool (parpool) using the 'local' profile ...
connected to 1 workers.
Current draw: 3000 of 5000
Current draw: 2000 of 5000
Current draw: 1000 of 5000
Current draw: 5000 of 5000
Current draw: 4000 of 5000
Elapsed time is 344.324536 seconds.
Ran Forecast Type 1for Model 11 and Horizon 12
Performing iteration ending on 2015M9 of model 11
Warning: This should be expanded with the country names in case of panel
> In abstvar/abstvar/check_inputs
  In abstvar
  In svar
  In scriptEstimateMode_FULL (line 79)
  In run (line 86)
  In msreg_2reg_endoprob_SVAR_FULL_OOS (line 217)
  In OOS_slurm_IF (line 2)
    'c(3,1,sync,1)>=c(3,1,sync,2)'
    'a0(1,GDPG,sync,1)=0'
    'a0(2,GDPG,sync,1)=0'
    'a0(1,MF,sync,1)=0'
    'a0(1,GDPG,sync,2)=0'
    'a0(2,GDPG,sync,2)=0'
    'a0(1,MF,sync,2)=0'
    'a1(3,GDPG)=0'
    's(3,3,sync,1)<=s(3,3,sync,2)'

 parameter: A12, density:NORMAL, hyperparameters: [0.5 0.5],convergence 0
 parameter: A21, density:NORMAL, hyperparameters: [0.5 0.5],convergence 0
 parameter: B12, density:GAMMA, hyperparameters: [4 0.125],convergence 0
 parameter: C12, density:GAMMA, hyperparameters: [4 0.125],convergence 0
 parameter: B21, density:GAMMA, hyperparameters: [4 0.125],convergence 0
 parameter: C21, density:GAMMA, hyperparameters: [4 0.125],convergence 0
                                                        First-order 
 Iteration  Func-count       f(x)        Step-size       optimality
     0          33          14934.2                      1.36e+04
     1          66          3815.97     7.3289e-05       2.65e+03  
     2          99          2935.63              1       1.47e+03  
     3         132          2583.57              1            792  
     4         165          2297.08              1            301  
     5         198          2222.35              1            148  
     6         231          2201.11              1            145  
     7         264          2187.31              1            197  
     8         297          2162.44              1            244  
     9         330          2125.04              1            221  
    10         363          2099.52              1            197  
    11         396          2090.98              1            146  
    12         429          2078.65              1            108  
    13         462          2073.33              1            123  
    14         495          2059.85              1            167  
    15         528          2052.65              1            168  
    16         561          2042.55              1            120  
    17         594           2034.2              1            133  
    18         627          2030.31              1           95.2  
    19         660          2027.87              1           63.1  
                                                        First-order 
 Iteration  Func-count       f(x)        Step-size       optimality
    20         693          2023.08              1           94.5  
    21         726          2019.84              1           84.4  
    22         759          2018.02              1           38.2  
    23         792          2016.96              1           43.5  
    24         825          2015.08              1           92.3  
    25         858           2011.2              1            182  
    26         891          2004.04              1            252  
    27         924          1996.47              1            200  
    28         957          1992.76              1           71.6  
    29         990          1991.04              1           59.4  
    30        1023          1989.19              1            103  
    31        1056          1985.72              1            171  
    32        1089          1980.83              1            174  
    33        1122           1977.3              1           99.3  
    34        1155          1976.08              1           30.8  
    35        1188          1975.63              1           28.4  
    36        1221          1975.09              1           48.1  
    37        1254          1974.13              1           66.5  
    38        1287          1972.75              1           63.3  
    39        1320          1971.54              1           31.8  
                                                        First-order 
 Iteration  Func-count       f(x)        Step-size       optimality
    40        1353          1970.92              1           22.8  
    41        1386          1970.53              1           23.7  
    42        1419          1970.02              1           38.8  
    43        1452          1969.22              1           43.7  
    44        1485          1968.26              1           30.5  
    45        1518          1967.47              1           31.2  
    46        1551          1966.88              1           32.9  
    47        1584          1966.02              1           43.5  
    48        1617          1964.36              1           69.6  
    49        1650          1961.87              1           79.1  
    50        1683          1959.81              1           53.1  
    51        1716          1958.96              1           18.6  
    52        1749          1958.67              1           18.8  
    53        1782          1958.41              1           19.2  
    54        1815          1957.74              1           39.4  
    55        1848          1956.52              1           57.7  
    56        1947          1955.98       0.247878           58.2  
    57        2079           1955.4          0.145           54.6  
    58        2904          1955.29      0.0266868            496  
    59        4257          1955.29    4.23368e-08          1e+03  

Local minimum possible.

fminunc stopped because it cannot decrease the objective function
along the current search direction.




Computing finite-difference Hessian using objective function.
Predicted change in objective function too small.
Warning: File: /data/scratch/m1pac03/mcrcache_15793277_201/.mcrCache9.2/OOS_sl0/functions/fPredDensityIteratedFull.m Line: 115 Column: 83
The temporary variable f_t_comp will be cleared at the beginning of each iteration of the parfor loop.
Any value assigned to it before the loop will be lost.  If f_t_comp is used before it is assigned in the parfor loop, a runtime error will occur.
See Parallel for Loops in MATLAB, "Temporary Variables".
> In msreg_2reg_endoprob_SVAR_FULL_OOS (line 320)
  In OOS_slurm_IF (line 2)
Warning: File: /data/scratch/m1pac03/mcrcache_15793277_201/.mcrCache9.2/OOS_sl0/functions/fPredDensityIteratedFull.m Line: 115 Column: 92
The temporary variable m_t_comp will be cleared at the beginning of each iteration of the parfor loop.
Any value assigned to it before the loop will be lost.  If m_t_comp is used before it is assigned in the parfor loop, a runtime error will occur.
See Parallel for Loops in MATLAB, "Temporary Variables".
> In msreg_2reg_endoprob_SVAR_FULL_OOS (line 320)
  In OOS_slurm_IF (line 2)
Warning: File: /data/scratch/m1pac03/mcrcache_15793277_201/.mcrCache9.2/OOS_sl0/functions/fPredDensityIteratedFull.m Line: 115 Column: 101
The temporary variable gdp_t_comp will be cleared at the beginning of each iteration of the parfor loop.
Any value assigned to it before the loop will be lost.  If gdp_t_comp is used before it is assigned in the parfor loop, a runtime error will occur.
See Parallel for Loops in MATLAB, "Temporary Variables".
> In msreg_2reg_endoprob_SVAR_FULL_OOS (line 320)
  In OOS_slurm_IF (line 2)
Warning: File: /data/scratch/m1pac03/mcrcache_15793277_201/.mcrCache9.2/OOS_sl0/functions/fPredDensityIteratedFull.m Line: 113 Column: 66
The temporary variable st_sim will be cleared at the beginning of each iteration of the parfor loop.
Any value assigned to it before the loop will be lost.  If st_sim is used before it is assigned in the parfor loop, a runtime error will occur.
See Parallel for Loops in MATLAB, "Temporary Variables".
> In msreg_2reg_endoprob_SVAR_FULL_OOS (line 320)
  In OOS_slurm_IF (line 2)
Warning: File: /data/scratch/m1pac03/mcrcache_15793277_201/.mcrCache9.2/OOS_sl0/functions/fPredDensityIteratedFull.m Line: 107 Column: 49
The temporary variable p11 will be cleared at the beginning of each iteration of the parfor loop.
Any value assigned to it before the loop will be lost.  If p11 is used before it is assigned in the parfor loop, a runtime error will occur.
See Parallel for Loops in MATLAB, "Temporary Variables".
> In msreg_2reg_endoprob_SVAR_FULL_OOS (line 320)
  In OOS_slurm_IF (line 2)
Warning: File: /data/scratch/m1pac03/mcrcache_15793277_201/.mcrCache9.2/OOS_sl0/functions/fPredDensityIteratedFull.m Line: 107 Column: 53
The temporary variable p22 will be cleared at the beginning of each iteration of the parfor loop.
Any value assigned to it before the loop will be lost.  If p22 is used before it is assigned in the parfor loop, a runtime error will occur.
See Parallel for Loops in MATLAB, "Temporary Variables".
> In msreg_2reg_endoprob_SVAR_FULL_OOS (line 320)
  In OOS_slurm_IF (line 2)
Warning: File: /data/scratch/m1pac03/mcrcache_15793277_201/.mcrCache9.2/OOS_sl0/functions/fPredDensityIteratedFull.m Line: 107 Column: 42
The temporary variable st_lag will be cleared at the beginning of each iteration of the parfor loop.
Any value assigned to it before the loop will be lost.  If st_lag is used before it is assigned in the parfor loop, a runtime error will occur.
See Parallel for Loops in MATLAB, "Temporary Variables".
> In msreg_2reg_endoprob_SVAR_FULL_OOS (line 320)
  In OOS_slurm_IF (line 2)
Current draw: 5000 of 5000
Current draw: 4000 of 5000
Current draw: 3000 of 5000
Current draw: 2000 of 5000
Current draw: 1000 of 5000
Elapsed time is 856.904970 seconds.
Ran Forecast Type 2for Model 11 and Horizon 12
