220
------------------------------------------
Setting up environment variables
---
LD_LIBRARY_PATH is .:/opt/MATLAB/R2017a/runtime/glnxa64:/opt/MATLAB/R2017a/bin/glnxa64:/opt/MATLAB/R2017a/sys/os/glnxa64:/opt/MATLAB/R2017a/sys/opengl/lib/glnxa64
Warning: Method directories not allowed in MATLAB path: /data/scratch/m1pac03/mcrcache_15793277_220/.mcrCache9.2/OOS_sl0/if/gms_research_gar/GAR/MS-VAR/RISE_toolbox2/classes/models/@dsge/private
Running on SLURM; using 1 cores as assigned on this node.

Performing iteration ending on 2017M4 of model 11
Warning: This should be expanded with the country names in case of panel
> In abstvar/abstvar/check_inputs
  In abstvar
  In svar
  In scriptEstimateMode_FULL (line 79)
  In run (line 86)
  In msreg_2reg_endoprob_SVAR_FULL_OOS (line 217)
  In OOS_slurm_IF (line 2)
    'c(3,1,sync,1)>=c(3,1,sync,2)'
    'a0(1,GDPGH,sync,1)=0'
    'a0(1,MF,sync,1)=0'
    'a0(2,GDPGH,sync,1)=0'
    'a0(1,GDPGH,sync,2)=0'
    'a0(1,MF,sync,2)=0'
    'a0(2,GDPGH,sync,2)=0'
    'a1(1,GDPGH)=0'
    'a1(2,GDPGH)=0'
    'a1(3,GDPGH)=0'
    's(3,3,sync,1)<=s(3,3,sync,2)'

 parameter: A12, density:NORMAL, hyperparameters: [0.5 0.5],convergence 0
 parameter: A21, density:NORMAL, hyperparameters: [0.5 0.5],convergence 0
 parameter: B12, density:GAMMA, hyperparameters: [4 0.125],convergence 0
 parameter: C12, density:GAMMA, hyperparameters: [4 0.125],convergence 0
 parameter: B21, density:GAMMA, hyperparameters: [4 0.125],convergence 0
 parameter: C21, density:GAMMA, hyperparameters: [4 0.125],convergence 0
                                                        First-order 
 Iteration  Func-count       f(x)        Step-size       optimality
     0          31          7518.04                      5.04e+03
     1          62          2253.92    0.000198319            583  
     2          93          2108.65              1            404  
     3         124          1981.18              1            184  
     4         155          1908.03              1            159  
     5         186          1871.84              1            127  
     6         217          1855.37              1           91.3  
     7         248          1839.23              1            105  
     8         279           1821.1              1           75.6  
     9         310          1808.94              1             61  
    10         341          1803.21              1           55.9  
    11         372          1798.84              1           57.3  
    12         403          1791.78              1           65.8  
    13         434          1787.77              1           42.5  
    14         465          1785.53              1           28.4  
    15         496          1783.54              1           30.7  
    16         527          1780.92              1           36.6  
    17         558          1778.46              1           50.1  
    18         589          1775.65              1             45  
    19         620          1772.78              1           33.3  
                                                        First-order 
 Iteration  Func-count       f(x)        Step-size       optimality
    20         651          1770.25              1             32  
    21         682           1768.3              1           32.5  
    22         713          1767.03              1           32.3  
    23         744          1766.14              1           20.8  
    24         775          1765.21              1           25.6  
    25         806          1764.39              1           24.6  
    26         837          1763.87              1           16.6  
    27         868          1763.54              1           13.9  
    28         899          1763.31              1           13.1  
    29         930          1763.13              1           12.3  
    30         961          1762.97              1           12.2  
    31         992          1762.79              1           14.7  
    32        1023          1762.57              1           11.5  
    33        1054           1762.4              1           9.51  
    34        1085          1762.29              1           6.34  
    35        1116           1762.2              1            9.9  
    36        1147          1762.12              1             11  
    37        1178          1762.03              1            7.8  
    38        1209          1761.97              1            7.2  
    39        1240          1761.93              1           5.71  
                                                        First-order 
 Iteration  Func-count       f(x)        Step-size       optimality
    40        1271           1761.9              1           4.84  
    41        1302          1761.86              1           5.71  
    42        1333          1761.82              1           4.29  
    43        1364          1761.78              1            5.9  
    44        1395          1761.74              1           5.97  
    45        1426          1761.67              1           6.87  
    46        1457          1761.58              1              9  
    47        1488          1761.49              1           6.59  
    48        1519          1761.44              1            3.3  
    49        1550          1761.42              1           2.91  
    50        1581          1761.39              1           5.66  
    51        1612          1761.34              1           8.75  
    52        1643          1761.27              1           9.07  
    53        1674          1761.22              1           5.24  
    54        1705           1761.2              1           2.38  
    55        1736          1761.19              1           2.24  
    56        1767          1761.18              1           3.52  
    57        1798          1761.15              1           5.53  
    58        1829          1761.11              1           5.66  
    59        1860          1761.08              1           3.13  
                                                        First-order 
 Iteration  Func-count       f(x)        Step-size       optimality
    60        1891          1761.07              1           2.52  
    61        1922          1761.06              1           2.15  
    62        1953          1761.05              1           2.95  
    63        1984          1761.03              1           3.44  
    64        2015             1761              1           2.67  
    65        2046          1760.99              1           2.58  
    66        2077          1760.98              1           2.73  
    67        2108          1760.96              1           3.37  
    68        2139          1760.93              1           4.23  
    69        2170          1760.89              1           4.93  
    70        2201          1760.85              1           5.63  
    71        2232          1760.81              1           4.02  
    72        2263          1760.79              1           3.05  
    73        2294          1760.78              1           2.83  
    74        2325          1760.76              1           3.34  
    75        2356          1760.74              1           4.41  
    76        2387          1760.72              1            3.9  
    77        2418          1760.71              1           2.72  
    78        2449           1760.7              1            1.2  
    79        2480           1760.7              1          0.772  
                                                        First-order 
 Iteration  Func-count       f(x)        Step-size       optimality
    80        2511           1760.7              1          0.786  
    81        2542           1760.7              1          0.864  
    82        2573           1760.7              1           1.14  
    83        2604           1760.7              1           1.02  
    84        2635          1760.69              1          0.824  
    85        2666          1760.69              1           0.88  
    86        2697          1760.69              1          0.795  
    87        2728          1760.69              1           1.14  
    88        2759          1760.69              1           1.34  
    89        2790          1760.68              1              1  
    90        2821          1760.68              1          0.627  
    91        2852          1760.68              1          0.672  
    92        2883          1760.68              1          0.681  
    93        2914          1760.68              1          0.809  
    94        2945          1760.68              1          0.898  
    95        2976          1760.68              1          0.549  
    96        3007          1760.68              1          0.189  
    97        3038          1760.68              1          0.187  
    98        3069          1760.68              1          0.187  
    99        3100          1760.68              1          0.192  
                                                        First-order 
 Iteration  Func-count       f(x)        Step-size       optimality
   100        3131          1760.68              1          0.216  
   101        3162          1760.68              1           0.21  
   102        3193          1760.68              1          0.281  
   103        3224          1760.68              1          0.313  
   104        3255          1760.68              1          0.321  
   105        3286          1760.68              1          0.447  
   106        3317          1760.67              1          0.676  
   107        3348          1760.67              1          0.813  
   108        3379          1760.67              1          0.681  
   109        3410          1760.67              1          0.394  
   110        3441          1760.67              1          0.368  
   111        3472          1760.67              1          0.389  
   112        3503          1760.67              1           0.39  
   113        3534          1760.67              1          0.337  
   114        3565          1760.67              1          0.238  
   115        3596          1760.67              1          0.148  
   116        3627          1760.67              1          0.159  
   117        3658          1760.67              1          0.165  
   118        3689          1760.67              1          0.173  
   119        3720          1760.67              1           0.18  
                                                        First-order 
 Iteration  Func-count       f(x)        Step-size       optimality
   120        3751          1760.67              1          0.188  
   121        3782          1760.67              1          0.222  
   122        3813          1760.67              1          0.274  
   123        3844          1760.67              1          0.263  
   124        3875          1760.67              1          0.232  
   125        3906          1760.67              1          0.197  
   126        3937          1760.67              1          0.238  
   127        3968          1760.67              1          0.187  
   128        3999          1760.67              1         0.0732  
   129        4030          1760.67              1         0.0351  
   130        4061          1760.67              1         0.0345  
   131        4092          1760.67              1         0.0345  
   132        4123          1760.67              1         0.0338  
   133        4154          1760.67              1         0.0331  
   134        4185          1760.67              1         0.0439  
   135        4216          1760.67              1          0.072  
   136        4247          1760.67              1         0.0943  
   137        4278          1760.67              1         0.0862  
   138        4309          1760.67              1          0.042  
   139        4340          1760.67              1        0.00977  
                                                        First-order 
 Iteration  Func-count       f(x)        Step-size       optimality
   140        4371          1760.67              1        0.00856  
   141        4402          1760.67              1        0.00838  
   142        4433          1760.67              1        0.00819  
   143        4464          1760.67              1        0.00781  
   144        4495          1760.67              1        0.00607  
   145        4526          1760.67              1        0.00455  
   146        4557          1760.67              1        0.00399  
   147        4588          1760.67              1        0.00424  
   148        4619          1760.67              1        0.00434  
   149        4650          1760.67              1        0.00429  
   150        4681          1760.67              1        0.00429  
   151        4712          1760.67              1        0.00433  
   152        4743          1760.67              1        0.00417  
   153        4774          1760.67              1        0.00411  
   154        4805          1760.67              1        0.00627  
   155        4836          1760.67              1         0.0056  
   156        4867          1760.67              1         0.0043  
   157        4898          1760.67              1        0.00259  
   158        4929          1760.67              1        0.00125  
   159        4960          1760.67              1       0.000427  
                                                        First-order 
 Iteration  Func-count       f(x)        Step-size       optimality
   160        4991          1760.67              1       0.000244  
   161        5053          1760.67        0.35856       0.000259  
   162        5239          1760.67       0.141768        0.00032  

Local minimum possible.

fminunc stopped because it cannot decrease the objective function
along the current search direction.




Computing finite-difference Hessian using objective function.
Predicted change in objective function too small.
Warning: File: /data/scratch/m1pac03/mcrcache_15793277_220/.mcrCache9.2/OOS_sl0/functions/fPredDensityDirectFull.m Line: 97 Column: 26
The temporary variable st_temp will be cleared at the beginning of each iteration of the parfor loop.
Any value assigned to it before the loop will be lost.  If st_temp is used before it is assigned in the parfor loop, a runtime error will occur.
See Parallel for Loops in MATLAB, "Temporary Variables".
> In msreg_2reg_endoprob_SVAR_FULL_OOS (line 317)
  In OOS_slurm_IF (line 2)
Starting parallel pool (parpool) using the 'local' profile ...
connected to 1 workers.
Current draw: 3000 of 5000
Current draw: 2000 of 5000
Current draw: 1000 of 5000
Current draw: 5000 of 5000
Current draw: 4000 of 5000
Elapsed time is 360.885916 seconds.
Ran Forecast Type 1for Model 11 and Horizon 12
Performing iteration ending on 2017M4 of model 11
Warning: This should be expanded with the country names in case of panel
> In abstvar/abstvar/check_inputs
  In abstvar
  In svar
  In scriptEstimateMode_FULL (line 79)
  In run (line 86)
  In msreg_2reg_endoprob_SVAR_FULL_OOS (line 217)
  In OOS_slurm_IF (line 2)
    'c(3,1,sync,1)>=c(3,1,sync,2)'
    'a0(1,GDPG,sync,1)=0'
    'a0(2,GDPG,sync,1)=0'
    'a0(1,MF,sync,1)=0'
    'a0(1,GDPG,sync,2)=0'
    'a0(2,GDPG,sync,2)=0'
    'a0(1,MF,sync,2)=0'
    'a1(3,GDPG)=0'
    's(3,3,sync,1)<=s(3,3,sync,2)'

 parameter: A12, density:NORMAL, hyperparameters: [0.5 0.5],convergence 0
 parameter: A21, density:NORMAL, hyperparameters: [0.5 0.5],convergence 0
 parameter: B12, density:GAMMA, hyperparameters: [4 0.125],convergence 0
 parameter: C12, density:GAMMA, hyperparameters: [4 0.125],convergence 0
 parameter: B21, density:GAMMA, hyperparameters: [4 0.125],convergence 0
 parameter: C21, density:GAMMA, hyperparameters: [4 0.125],convergence 0
                                                        First-order 
 Iteration  Func-count       f(x)        Step-size       optimality
     0          33          15027.3                      1.37e+04
     1          66          3874.08    7.30762e-05       2.68e+03  
     2          99           2990.5              1       1.49e+03  
     3         132          2637.86              1            798  
     4         165          2351.68              1            302  
     5         198          2278.65              1            156  
     6         231          2257.74              1            152  
     7         264           2243.2              1            205  
     8         297          2216.53              1            252  
     9         330          2177.66              1            217  
    10         363          2154.06              1            198  
    11         396          2145.87              1            142  
    12         429          2132.84              1            106  
    13         462          2127.43              1            118  
    14         495          2113.56              1            175  
    15         528          2106.02              1            165  
    16         561          2095.02              1            133  
    17         594          2087.56              1            130  
    18         627          2084.25              1           96.5  
    19         660          2081.21              1           60.8  
                                                        First-order 
 Iteration  Func-count       f(x)        Step-size       optimality
    20         693          2076.71              1            109  
    21         726          2073.61              1           86.5  
    22         759          2072.01              1           46.3  
    23         792          2070.93              1           43.5  
    24         825          2068.99              1            104  
    25         858          2063.65              1            216  
    26         891           2055.7              1            278  
    27         924          2048.37              1            197  
    28         957          2045.11              1             67  
    29         990          2043.51              1           56.9  
    30        1023          2041.51              1            122  
    31        1056             2038              1            190  
    32        1089          2033.31              1            183  
    33        1122          2030.22              1           96.5  
    34        1155          2029.25              1           32.1  
    35        1188          2028.85              1           29.6  
    36        1221          2028.28              1           56.7  
    37        1254          2027.27              1           80.5  
    38        1287          2025.75              1           81.3  
    39        1320          2024.42              1           46.2  
                                                        First-order 
 Iteration  Func-count       f(x)        Step-size       optimality
    40        1353          2023.81              1           17.6  
    41        1386           2023.5              1           18.9  
    42        1419          2023.09              1           38.8  
    43        1452          2022.32              1           55.1  
    44        1485          2021.07              1           57.1  
    45        1518          2019.61              1           43.8  
    46        1551          2018.44              1           46.3  
    47        1584          2017.47              1           39.5  
    48        1617          2016.04              1           67.3  
    49        1650          2014.09              1           81.5  
    50        1683          2012.53              1           55.1  
    51        1716          2011.86              1           18.5  
    52        1749          2011.57              1           17.7  
    53        1782          2011.23              1           30.8  
    54        1848           2010.8            0.5           43.4  
    55        2640           2010.6      0.0874493            353  
    56        4059           2010.6    1.62157e-08          1e+03  

Local minimum possible.

fminunc stopped because it cannot decrease the objective function
along the current search direction.




Computing finite-difference Hessian using objective function.
Predicted change in objective function too small.
Warning: File: /data/scratch/m1pac03/mcrcache_15793277_220/.mcrCache9.2/OOS_sl0/functions/fPredDensityIteratedFull.m Line: 115 Column: 83
The temporary variable f_t_comp will be cleared at the beginning of each iteration of the parfor loop.
Any value assigned to it before the loop will be lost.  If f_t_comp is used before it is assigned in the parfor loop, a runtime error will occur.
See Parallel for Loops in MATLAB, "Temporary Variables".
> In msreg_2reg_endoprob_SVAR_FULL_OOS (line 320)
  In OOS_slurm_IF (line 2)
Warning: File: /data/scratch/m1pac03/mcrcache_15793277_220/.mcrCache9.2/OOS_sl0/functions/fPredDensityIteratedFull.m Line: 115 Column: 92
The temporary variable m_t_comp will be cleared at the beginning of each iteration of the parfor loop.
Any value assigned to it before the loop will be lost.  If m_t_comp is used before it is assigned in the parfor loop, a runtime error will occur.
See Parallel for Loops in MATLAB, "Temporary Variables".
> In msreg_2reg_endoprob_SVAR_FULL_OOS (line 320)
  In OOS_slurm_IF (line 2)
Warning: File: /data/scratch/m1pac03/mcrcache_15793277_220/.mcrCache9.2/OOS_sl0/functions/fPredDensityIteratedFull.m Line: 115 Column: 101
The temporary variable gdp_t_comp will be cleared at the beginning of each iteration of the parfor loop.
Any value assigned to it before the loop will be lost.  If gdp_t_comp is used before it is assigned in the parfor loop, a runtime error will occur.
See Parallel for Loops in MATLAB, "Temporary Variables".
> In msreg_2reg_endoprob_SVAR_FULL_OOS (line 320)
  In OOS_slurm_IF (line 2)
Warning: File: /data/scratch/m1pac03/mcrcache_15793277_220/.mcrCache9.2/OOS_sl0/functions/fPredDensityIteratedFull.m Line: 113 Column: 66
The temporary variable st_sim will be cleared at the beginning of each iteration of the parfor loop.
Any value assigned to it before the loop will be lost.  If st_sim is used before it is assigned in the parfor loop, a runtime error will occur.
See Parallel for Loops in MATLAB, "Temporary Variables".
> In msreg_2reg_endoprob_SVAR_FULL_OOS (line 320)
  In OOS_slurm_IF (line 2)
Warning: File: /data/scratch/m1pac03/mcrcache_15793277_220/.mcrCache9.2/OOS_sl0/functions/fPredDensityIteratedFull.m Line: 107 Column: 49
The temporary variable p11 will be cleared at the beginning of each iteration of the parfor loop.
Any value assigned to it before the loop will be lost.  If p11 is used before it is assigned in the parfor loop, a runtime error will occur.
See Parallel for Loops in MATLAB, "Temporary Variables".
> In msreg_2reg_endoprob_SVAR_FULL_OOS (line 320)
  In OOS_slurm_IF (line 2)
Warning: File: /data/scratch/m1pac03/mcrcache_15793277_220/.mcrCache9.2/OOS_sl0/functions/fPredDensityIteratedFull.m Line: 107 Column: 53
The temporary variable p22 will be cleared at the beginning of each iteration of the parfor loop.
Any value assigned to it before the loop will be lost.  If p22 is used before it is assigned in the parfor loop, a runtime error will occur.
See Parallel for Loops in MATLAB, "Temporary Variables".
> In msreg_2reg_endoprob_SVAR_FULL_OOS (line 320)
  In OOS_slurm_IF (line 2)
Warning: File: /data/scratch/m1pac03/mcrcache_15793277_220/.mcrCache9.2/OOS_sl0/functions/fPredDensityIteratedFull.m Line: 107 Column: 42
The temporary variable st_lag will be cleared at the beginning of each iteration of the parfor loop.
Any value assigned to it before the loop will be lost.  If st_lag is used before it is assigned in the parfor loop, a runtime error will occur.
See Parallel for Loops in MATLAB, "Temporary Variables".
> In msreg_2reg_endoprob_SVAR_FULL_OOS (line 320)
  In OOS_slurm_IF (line 2)
Current draw: 5000 of 5000
Current draw: 4000 of 5000
Current draw: 3000 of 5000
Current draw: 2000 of 5000
Current draw: 1000 of 5000
Elapsed time is 879.816484 seconds.
Ran Forecast Type 2for Model 11 and Horizon 12
