228
------------------------------------------
Setting up environment variables
---
LD_LIBRARY_PATH is .:/opt/MATLAB/R2017a/runtime/glnxa64:/opt/MATLAB/R2017a/bin/glnxa64:/opt/MATLAB/R2017a/sys/os/glnxa64:/opt/MATLAB/R2017a/sys/opengl/lib/glnxa64
Warning: Method directories not allowed in MATLAB path: /data/scratch/m1pac03/mcrcache_15793277_228/.mcrCache9.2/OOS_sl0/if/gms_research_gar/GAR/MS-VAR/RISE_toolbox2/classes/models/@dsge/private
Running on SLURM; using 1 cores as assigned on this node.

Performing iteration ending on 2017M12 of model 11
Warning: This should be expanded with the country names in case of panel
> In abstvar/abstvar/check_inputs
  In abstvar
  In svar
  In scriptEstimateMode_FULL (line 79)
  In run (line 86)
  In msreg_2reg_endoprob_SVAR_FULL_OOS (line 217)
  In OOS_slurm_IF (line 2)
    'c(3,1,sync,1)>=c(3,1,sync,2)'
    'a0(1,GDPGH,sync,1)=0'
    'a0(1,MF,sync,1)=0'
    'a0(2,GDPGH,sync,1)=0'
    'a0(1,GDPGH,sync,2)=0'
    'a0(1,MF,sync,2)=0'
    'a0(2,GDPGH,sync,2)=0'
    'a1(1,GDPGH)=0'
    'a1(2,GDPGH)=0'
    'a1(3,GDPGH)=0'
    's(3,3,sync,1)<=s(3,3,sync,2)'

 parameter: A12, density:NORMAL, hyperparameters: [0.5 0.5],convergence 0
 parameter: A21, density:NORMAL, hyperparameters: [0.5 0.5],convergence 0
 parameter: B12, density:GAMMA, hyperparameters: [4 0.125],convergence 0
 parameter: C12, density:GAMMA, hyperparameters: [4 0.125],convergence 0
 parameter: B21, density:GAMMA, hyperparameters: [4 0.125],convergence 0
 parameter: C21, density:GAMMA, hyperparameters: [4 0.125],convergence 0
                                                        First-order 
 Iteration  Func-count       f(x)        Step-size       optimality
     0          31          7584.63                      5.05e+03
     1          62          2279.72    0.000197921            584  
     2          93          2131.41              1            405  
     3         124          2004.27              1            189  
     4         155           1927.2              1            165  
     5         186          1889.46              1            131  
     6         217           1872.2              1           94.3  
     7         248           1855.4              1            108  
     8         279          1837.07              1           76.3  
     9         310          1824.63              1           61.4  
    10         341          1818.92              1           53.8  
    11         372          1814.35              1             58  
    12         403          1807.29              1           67.9  
    13         434          1803.28              1           44.6  
    14         465          1800.95              1           29.4  
    15         496          1798.76              1           31.1  
    16         527          1796.06              1           38.1  
    17         558          1793.67              1             47  
    18         589          1791.01              1           42.1  
    19         620          1788.11              1           33.3  
                                                        First-order 
 Iteration  Func-count       f(x)        Step-size       optimality
    20         651          1785.36              1           37.3  
    21         682          1783.24              1             34  
    22         713          1781.96              1           30.5  
    23         744          1781.15              1           22.3  
    24         775          1780.27              1           26.4  
    25         806          1779.41              1           26.5  
    26         837          1778.81              1           18.6  
    27         868          1778.46              1           14.2  
    28         899          1778.21              1           12.6  
    29         930          1778.03              1           12.1  
    30         961          1777.84              1           12.9  
    31         992          1777.63              1           15.3  
    32        1023          1777.39              1           11.6  
    33        1054           1777.2              1           9.61  
    34        1085          1777.09              1           6.24  
    35        1116             1777              1           9.97  
    36        1147          1776.92              1           10.8  
    37        1178          1776.84              1           7.45  
    38        1209          1776.78              1           6.88  
    39        1240          1776.74              1           5.34  
                                                        First-order 
 Iteration  Func-count       f(x)        Step-size       optimality
    40        1271          1776.71              1           4.82  
    41        1302          1776.67              1           5.62  
    42        1333          1776.63              1           4.39  
    43        1364           1776.6              1           6.12  
    44        1395          1776.55              1           6.45  
    45        1426          1776.48              1           6.53  
    46        1457          1776.37              1           8.11  
    47        1488          1776.28              1           6.48  
    48        1519          1776.23              1              3  
    49        1550          1776.21              1           3.16  
    50        1581          1776.18              1           5.02  
    51        1612          1776.13              1           6.96  
    52        1643          1776.07              1           6.22  
    53        1674          1776.03              1           3.61  
    54        1705          1776.01              1           2.55  
    55        1736             1776              1           2.21  
    56        1767          1775.98              1           2.81  
    57        1798          1775.96              1           4.23  
    58        1829          1775.93              1           5.96  
    59        1860           1775.9              1           5.52  
                                                        First-order 
 Iteration  Func-count       f(x)        Step-size       optimality
    60        1891          1775.88              1           3.24  
    61        1922          1775.86              1           2.07  
    62        1953          1775.85              1           1.56  
    63        1984          1775.84              1           2.49  
    64        2015          1775.83              1           3.76  
    65        2046          1775.81              1           5.12  
    66        2077          1775.78              1           4.64  
    67        2108          1775.75              1           3.94  
    68        2139          1775.73              1           3.73  
    69        2170          1775.71              1            3.8  
    70        2201          1775.67              1           6.62  
    71        2232          1775.62              1           7.59  
    72        2263          1775.58              1           5.09  
    73        2294          1775.56              1           3.25  
    74        2325          1775.55              1           2.76  
    75        2356          1775.54              1           2.38  
    76        2387          1775.52              1           3.46  
    77        2418          1775.51              1           2.72  
    78        2449           1775.5              1          0.899  
    79        2480           1775.5              1          0.777  
                                                        First-order 
 Iteration  Func-count       f(x)        Step-size       optimality
    80        2511           1775.5              1          0.798  
    81        2542           1775.5              1          0.814  
    82        2573           1775.5              1           1.07  
    83        2604          1775.49              1            1.1  
    84        2635          1775.49              1           1.36  
    85        2666          1775.49              1           1.29  
    86        2697          1775.49              1           1.01  
    87        2728          1775.48              1           1.49  
    88        2759          1775.48              1           1.61  
    89        2790          1775.48              1           1.01  
    90        2821          1775.48              1          0.675  
    91        2852          1775.48              1           0.63  
    92        2883          1775.48              1          0.542  
    93        2914          1775.47              1          0.614  
    94        2945          1775.47              1          0.553  
    95        2976          1775.47              1          0.281  
    96        3007          1775.47              1          0.256  
    97        3038          1775.47              1          0.226  
    98        3069          1775.47              1          0.261  
    99        3100          1775.47              1          0.284  
                                                        First-order 
 Iteration  Func-count       f(x)        Step-size       optimality
   100        3131          1775.47              1          0.182  
   101        3162          1775.47              1          0.181  
   102        3193          1775.47              1          0.181  
   103        3224          1775.47              1           0.25  
   104        3255          1775.47              1           0.45  
   105        3286          1775.47              1          0.724  
   106        3317          1775.47              1          0.974  
   107        3348          1775.47              1          0.965  
   108        3379          1775.47              1           0.59  
   109        3410          1775.47              1          0.317  
   110        3441          1775.47              1          0.287  
   111        3472          1775.47              1          0.311  
   112        3503          1775.47              1          0.329  
   113        3534          1775.46              1          0.285  
   114        3565          1775.46              1          0.168  
   115        3596          1775.46              1          0.182  
   116        3627          1775.46              1          0.184  
   117        3658          1775.46              1          0.183  
   118        3689          1775.46              1          0.177  
   119        3720          1775.46              1          0.204  
                                                        First-order 
 Iteration  Func-count       f(x)        Step-size       optimality
   120        3751          1775.46              1          0.194  
   121        3782          1775.46              1          0.198  
   122        3813          1775.46              1           0.19  
   123        3844          1775.46              1          0.187  
   124        3875          1775.46              1          0.247  
   125        3906          1775.46              1          0.294  
   126        3937          1775.46              1          0.273  
   127        3968          1775.46              1          0.152  
   128        3999          1775.46              1         0.0369  
   129        4030          1775.46              1         0.0384  
   130        4061          1775.46              1         0.0381  
   131        4092          1775.46              1         0.0379  
   132        4123          1775.46              1         0.0375  
   133        4154          1775.46              1         0.0359  
   134        4185          1775.46              1         0.0417  
   135        4216          1775.46              1         0.0618  
   136        4247          1775.46              1         0.0714  
   137        4278          1775.46              1         0.0535  
   138        4309          1775.46              1         0.0199  
   139        4340          1775.46              1          0.021  
                                                        First-order 
 Iteration  Func-count       f(x)        Step-size       optimality
   140        4371          1775.46              1         0.0204  
   141        4402          1775.46              1         0.0197  
   142        4433          1775.46              1         0.0183  
   143        4464          1775.46              1         0.0148  
   144        4495          1775.46              1         0.0101  
   145        4526          1775.46              1        0.00726  
   146        4557          1775.46              1        0.00451  
   147        4588          1775.46              1        0.00487  
   148        4619          1775.46              1        0.00485  
   149        4650          1775.46              1        0.00493  
   150        4681          1775.46              1        0.00496  
   151        4712          1775.46              1        0.00494  
   152        4743          1775.46              1        0.00486  
   153        4774          1775.46              1        0.00454  
   154        4805          1775.46              1        0.00444  
   155        4836          1775.46              1        0.00558  
   156        4867          1775.46              1        0.00339  
   157        4898          1775.46              1         0.0022  
   158        4929          1775.46              1        0.00116  
   159        4960          1775.46              1       0.000381  
                                                        First-order 
 Iteration  Func-count       f(x)        Step-size       optimality
   160        4991          1775.46              1       0.000244  
   161        5022          1775.46              1       0.000275  

Local minimum possible.

fminunc stopped because it cannot decrease the objective function
along the current search direction.




Computing finite-difference Hessian using objective function.
Predicted change in objective function too small.
Warning: File: /data/scratch/m1pac03/mcrcache_15793277_228/.mcrCache9.2/OOS_sl0/functions/fPredDensityDirectFull.m Line: 97 Column: 26
The temporary variable st_temp will be cleared at the beginning of each iteration of the parfor loop.
Any value assigned to it before the loop will be lost.  If st_temp is used before it is assigned in the parfor loop, a runtime error will occur.
See Parallel for Loops in MATLAB, "Temporary Variables".
> In msreg_2reg_endoprob_SVAR_FULL_OOS (line 317)
  In OOS_slurm_IF (line 2)
Starting parallel pool (parpool) using the 'local' profile ...
connected to 1 workers.
Current draw: 3000 of 5000
Current draw: 2000 of 5000
Current draw: 1000 of 5000
Current draw: 5000 of 5000
Current draw: 4000 of 5000
Elapsed time is 346.480281 seconds.
Ran Forecast Type 1for Model 11 and Horizon 12
Performing iteration ending on 2017M12 of model 11
Warning: This should be expanded with the country names in case of panel
> In abstvar/abstvar/check_inputs
  In abstvar
  In svar
  In scriptEstimateMode_FULL (line 79)
  In run (line 86)
  In msreg_2reg_endoprob_SVAR_FULL_OOS (line 217)
  In OOS_slurm_IF (line 2)
    'c(3,1,sync,1)>=c(3,1,sync,2)'
    'a0(1,GDPG,sync,1)=0'
    'a0(2,GDPG,sync,1)=0'
    'a0(1,MF,sync,1)=0'
    'a0(1,GDPG,sync,2)=0'
    'a0(2,GDPG,sync,2)=0'
    'a0(1,MF,sync,2)=0'
    'a1(3,GDPG)=0'
    's(3,3,sync,1)<=s(3,3,sync,2)'

 parameter: A12, density:NORMAL, hyperparameters: [0.5 0.5],convergence 0
 parameter: A21, density:NORMAL, hyperparameters: [0.5 0.5],convergence 0
 parameter: B12, density:GAMMA, hyperparameters: [4 0.125],convergence 0
 parameter: C12, density:GAMMA, hyperparameters: [4 0.125],convergence 0
 parameter: B21, density:GAMMA, hyperparameters: [4 0.125],convergence 0
 parameter: C21, density:GAMMA, hyperparameters: [4 0.125],convergence 0
                                                        First-order 
 Iteration  Func-count       f(x)        Step-size       optimality
     0          33          15119.6                      1.37e+04
     1          66          3911.26    7.29268e-05       2.72e+03  
     2          99          3015.78              1        1.5e+03  
     3         132          2663.48              1            806  
     4         165          2376.95              1            304  
     5         198          2304.17              1            161  
     6         231          2283.27              1            157  
     7         264          2267.99              1            212  
     8         297          2239.66              1            259  
     9         330          2199.39              1            214  
    10         363          2177.07              1            198  
    11         396          2168.86              1            138  
    12         429          2155.72              1            104  
    13         462          2150.16              1            114  
    14         495          2135.97              1            182  
    15         528             2128              1            167  
    16         561          2116.73              1            135  
    17         594          2109.79              1            124  
    18         627           2106.7              1           95.3  
    19         660          2103.47              1           70.8  
                                                        First-order 
 Iteration  Func-count       f(x)        Step-size       optimality
    20         693          2099.21              1            120  
    21         726          2096.25              1           91.7  
    22         759          2094.75              1           52.9  
    23         792          2093.68              1           45.4  
    24         825           2091.6              1            117  
    25         858          2086.27              1            235  
    26         891          2078.58              1            297  
    27         924          2071.16              1            209  
    28         957          2067.78              1           71.7  
    29         990          2066.14              1           57.7  
    30        1023          2064.18              1            128  
    31        1056          2060.63              1            191  
    32        1089          2055.78              1            179  
    33        1122          2052.87              1           87.3  
    34        1155          2051.97              1           32.6  
    35        1188          2051.54              1           30.1  
    36        1221           2050.9              1           63.5  
    37        1254          2049.78              1           87.4  
    38        1287          2048.23              1           81.9  
    39        1320          2046.99              1           40.1  
                                                        First-order 
 Iteration  Func-count       f(x)        Step-size       optimality
    40        1353          2046.41              1             21  
    41        1386          2046.04              1           29.1  
    42        1419          2045.48              1           51.4  
    43        1452          2044.59              1           61.4  
    44        1485           2043.5              1           46.5  
    45        1518          2042.56              1           39.2  
    46        1551          2041.78              1           39.4  
    47        1584          2040.68              1           65.1  
    48        1617          2038.74              1            102  
    49        1650          2036.27              1            105  
    50        1683          2034.61              1           58.3  
    51        1716          2033.98              1           20.2  
    52        1749          2033.71              1           20.3  
    53        1782          2033.34              1           36.7  
    54        1815          2032.49              1           64.1  
    55        1881          2031.65            0.5           73.1  
    56        2145          2031.18       0.136856           72.4  
    57        2805          2031.18     0.00148824            505  
    58        4125          2031.18    4.37249e-08          1e+03  

Local minimum possible.

fminunc stopped because it cannot decrease the objective function
along the current search direction.




Computing finite-difference Hessian using objective function.
Predicted change in objective function too small.
Warning: File: /data/scratch/m1pac03/mcrcache_15793277_228/.mcrCache9.2/OOS_sl0/functions/fPredDensityIteratedFull.m Line: 115 Column: 83
The temporary variable f_t_comp will be cleared at the beginning of each iteration of the parfor loop.
Any value assigned to it before the loop will be lost.  If f_t_comp is used before it is assigned in the parfor loop, a runtime error will occur.
See Parallel for Loops in MATLAB, "Temporary Variables".
> In msreg_2reg_endoprob_SVAR_FULL_OOS (line 320)
  In OOS_slurm_IF (line 2)
Warning: File: /data/scratch/m1pac03/mcrcache_15793277_228/.mcrCache9.2/OOS_sl0/functions/fPredDensityIteratedFull.m Line: 115 Column: 92
The temporary variable m_t_comp will be cleared at the beginning of each iteration of the parfor loop.
Any value assigned to it before the loop will be lost.  If m_t_comp is used before it is assigned in the parfor loop, a runtime error will occur.
See Parallel for Loops in MATLAB, "Temporary Variables".
> In msreg_2reg_endoprob_SVAR_FULL_OOS (line 320)
  In OOS_slurm_IF (line 2)
Warning: File: /data/scratch/m1pac03/mcrcache_15793277_228/.mcrCache9.2/OOS_sl0/functions/fPredDensityIteratedFull.m Line: 115 Column: 101
The temporary variable gdp_t_comp will be cleared at the beginning of each iteration of the parfor loop.
Any value assigned to it before the loop will be lost.  If gdp_t_comp is used before it is assigned in the parfor loop, a runtime error will occur.
See Parallel for Loops in MATLAB, "Temporary Variables".
> In msreg_2reg_endoprob_SVAR_FULL_OOS (line 320)
  In OOS_slurm_IF (line 2)
Warning: File: /data/scratch/m1pac03/mcrcache_15793277_228/.mcrCache9.2/OOS_sl0/functions/fPredDensityIteratedFull.m Line: 113 Column: 66
The temporary variable st_sim will be cleared at the beginning of each iteration of the parfor loop.
Any value assigned to it before the loop will be lost.  If st_sim is used before it is assigned in the parfor loop, a runtime error will occur.
See Parallel for Loops in MATLAB, "Temporary Variables".
> In msreg_2reg_endoprob_SVAR_FULL_OOS (line 320)
  In OOS_slurm_IF (line 2)
Warning: File: /data/scratch/m1pac03/mcrcache_15793277_228/.mcrCache9.2/OOS_sl0/functions/fPredDensityIteratedFull.m Line: 107 Column: 49
The temporary variable p11 will be cleared at the beginning of each iteration of the parfor loop.
Any value assigned to it before the loop will be lost.  If p11 is used before it is assigned in the parfor loop, a runtime error will occur.
See Parallel for Loops in MATLAB, "Temporary Variables".
> In msreg_2reg_endoprob_SVAR_FULL_OOS (line 320)
  In OOS_slurm_IF (line 2)
Warning: File: /data/scratch/m1pac03/mcrcache_15793277_228/.mcrCache9.2/OOS_sl0/functions/fPredDensityIteratedFull.m Line: 107 Column: 53
The temporary variable p22 will be cleared at the beginning of each iteration of the parfor loop.
Any value assigned to it before the loop will be lost.  If p22 is used before it is assigned in the parfor loop, a runtime error will occur.
See Parallel for Loops in MATLAB, "Temporary Variables".
> In msreg_2reg_endoprob_SVAR_FULL_OOS (line 320)
  In OOS_slurm_IF (line 2)
Warning: File: /data/scratch/m1pac03/mcrcache_15793277_228/.mcrCache9.2/OOS_sl0/functions/fPredDensityIteratedFull.m Line: 107 Column: 42
The temporary variable st_lag will be cleared at the beginning of each iteration of the parfor loop.
Any value assigned to it before the loop will be lost.  If st_lag is used before it is assigned in the parfor loop, a runtime error will occur.
See Parallel for Loops in MATLAB, "Temporary Variables".
> In msreg_2reg_endoprob_SVAR_FULL_OOS (line 320)
  In OOS_slurm_IF (line 2)
Current draw: 5000 of 5000
Current draw: 4000 of 5000
Current draw: 3000 of 5000
Current draw: 2000 of 5000
Current draw: 1000 of 5000
Elapsed time is 867.457843 seconds.
Ran Forecast Type 2for Model 11 and Horizon 12
