103
------------------------------------------
Setting up environment variables
---
LD_LIBRARY_PATH is .:/opt/MATLAB/R2017a/runtime/glnxa64:/opt/MATLAB/R2017a/bin/glnxa64:/opt/MATLAB/R2017a/sys/os/glnxa64:/opt/MATLAB/R2017a/sys/opengl/lib/glnxa64
Warning: Method directories not allowed in MATLAB path: /if/home/m1pac03/.mcrCache9.2/OOS_sl0/if/gms_research_gar/GAR/MS-VAR/RISE_toolbox2/classes/models/@dsge/private

	Personal pathdef has been created in your preference directory:
	/if/home/m1pac03/.mcrCache9.2/OOS_sl0/.matlab

Running on SLURM; using 1 cores as assigned on this node.

Performing iteration ending on 2007M7 of model 101
Warning: This should be expanded with the country names in case of panel
> In abstvar/abstvar/check_inputs
  In abstvar
  In svar
  In scriptEstimateMode_FULL (line 96)
  In run (line 86)
  In msreg_2reg_endoprob_SVAR_FULL_OOS (line 231)
  In OOS_slurm_IF (line 4)
    'c(3,1,sync,1)>=c(3,1,sync,2)'
    'a0(1,GDPG)=0'
    'a0(1,MF)=0'
    'a0(2,GDPG)=0'
    'a1(3,GDPG)=0'

 parameter: A12, density:NORMAL, hyperparameters: [0.5 0.5],convergence 0
 parameter: A21, density:NORMAL, hyperparameters: [0.5 0.5],convergence 0
 parameter: B12, density:GAMMA, hyperparameters: [4 0.125],convergence 0
 parameter: C12, density:GAMMA, hyperparameters: [4 0.125],convergence 0
 parameter: B21, density:GAMMA, hyperparameters: [4 0.125],convergence 0
 parameter: C21, density:GAMMA, hyperparameters: [4 0.125],convergence 0
                                                        First-order 
 Iteration  Func-count       f(x)        Step-size       optimality
     0          27          12115.9                      1.95e+04
     1          54          3108.93    5.13685e-05       1.88e+03  
     2          81             2698              1       1.37e+03  
     3         108          2117.07              1            499  
     4         135          1986.16              1            248  
     5         162          1943.61              1            181  
     6         189           1932.5              1            196  
     7         216          1924.28              1            194  
     8         243           1911.8              1            172  
     9         270          1895.84              1            119  
    10         297          1879.71              1            139  
    11         324          1870.79              1            155  
    12         351          1866.47              1            127  
    13         378          1858.01              1             74  
    14         405          1853.97              1           71.2  
    15         432          1851.47              1           72.4  
    16         459          1849.03              1           76.4  
    17         486          1842.46              1           95.9  
    18         513          1831.79              1            122  
    19         540          1820.75              1           93.8  
                                                        First-order 
 Iteration  Func-count       f(x)        Step-size       optimality
    20         567          1814.57              1           74.2  
    21         594          1811.24              1           73.9  
    22         621          1809.46              1           68.4  
    23         648          1805.65              1           78.8  
    24         675          1798.39              1           98.7  
    25         702          1789.23              1             92  
    26         729          1782.33              1           92.4  
    27         756          1779.17              1           77.7  
    28         783          1777.49              1             75  
    29         810          1773.54              1           76.9  
    30         837          1767.68              1           81.6  
    31         864          1759.89              1           56.3  
    32         891          1755.81              1           36.5  
    33         918          1754.79              1           25.9  
    34         945          1754.46              1           21.5  
    35         972          1754.28              1           22.7  
    36         999          1753.78              1           20.7  
    37        1026          1753.06              1           14.1  
    38        1053          1752.32              1           20.7  
    39        1080          1751.98              1           17.4  
                                                        First-order 
 Iteration  Func-count       f(x)        Step-size       optimality
    40        1107          1751.85              1           20.1  
    41        1134          1751.69              1           20.1  
    42        1161          1751.38              1           16.8  
    43        1188          1750.97              1           14.3  
    44        1215          1750.64              1             13  
    45        1242           1750.5              1           11.7  
    46        1269          1750.44              1             11  
    47        1296          1750.36              1           10.3  
    48        1323          1750.15              1           10.9  
    49        1350          1749.68              1           17.8  
    50        1377           1748.7              1           27.5  
    51        1404          1747.27              1           29.9  
    52        1431           1746.1              1           26.8  
    53        1458          1745.65              1           28.2  
    54        1485           1745.5              1           26.7  
    55        1512          1745.31              1           23.8  
    56        1539          1744.92              1           17.8  
    57        1566          1744.39              1           15.8  
    58        1593          1743.95              1           10.7  
    59        1620           1743.8              1           8.56  
                                                        First-order 
 Iteration  Func-count       f(x)        Step-size       optimality
    60        1647          1743.77              1           7.69  
    61        1674          1743.76              1           6.82  
    62        1701          1743.72              1           5.09  
    63        1728          1743.63              1            6.4  
    64        1755          1743.43              1           9.59  
    65        1782          1743.13              1           10.7  
    66        1809           1742.9              1           10.3  
    67        1836          1742.78              1           11.9  
    68        1863          1742.74              1           11.5  
    69        1890           1742.7              1             11  
    70        1917          1742.57              1           9.46  
    71        1944          1742.28              1           9.44  
    72        1971          1741.64              1           15.5  
    73        1998          1740.94              1           18.2  
    74        2025          1740.21              1           16.6  
    75        2052          1739.82              1           22.9  
    76        2079          1739.71              1           19.5  
    77        2106          1739.59              1           19.6  
    78        2133          1738.37              1           26.8  
    79        2160          1736.69              1           45.6  
                                                        First-order 
 Iteration  Func-count       f(x)        Step-size       optimality
    80        2187          1733.99              1           70.9  
    81        2214          1732.18              1           60.7  
    82        2241          1730.79              1           49.3  
    83        2268          1730.51              1             44  
    84        2295          1730.02              1           40.8  
    85        2322          1728.55              1           30.8  
    86        2349          1725.89              1           28.4  
    87        2376          1723.46              1           19.7  
    88        2403          1722.26              1           18.3  
    89        2430          1721.97              1           14.1  
    90        2457          1721.88              1           13.5  
    91        2484          1721.72              1           15.4  
    92        2511          1721.58              1           15.7  
    93        2538          1721.26              1           15.3  
    94        2565          1720.29              1             29  
    95        2592          1719.73              1           24.2  
    96        2619          1719.36              1           8.41  
    97        2646           1719.3              1              6  
    98        2673          1719.28              1           5.85  
    99        2700          1719.26              1            5.8  
                                                        First-order 
 Iteration  Func-count       f(x)        Step-size       optimality
   100        2727          1719.14              1           5.53  
   101        2754          1718.91              1           10.7  
   102        2781          1718.46              1           15.1  
   103        2808          1717.96              1           13.2  
   104        2835          1717.68              1           7.57  
   105        2862          1717.61              1           7.61  
   106        2889          1717.58              1           7.48  
   107        2916          1717.53              1           7.09  
   108        2943           1717.4              1            8.8  
   109        2970          1717.12              1           13.9  
   110        2997           1716.6              1           17.7  
   111        3024          1716.03              1           14.5  
   112        3051          1715.73              1           5.95  
   113        3078          1715.66              1           5.69  
   114        3105          1715.65              1           5.64  
   115        3132          1715.65              1           5.55  
   116        3159          1715.62              1           5.34  
   117        3186          1715.57              1           4.93  
   118        3213          1715.43              1           5.21  
   119        3240          1715.13              1           7.96  
                                                        First-order 
 Iteration  Func-count       f(x)        Step-size       optimality
   120        3267          1714.66              1           8.09  
   121        3294          1714.18              1           6.81  
   122        3321          1713.97              1              3  
   123        3348          1713.94              1           2.66  
   124        3375          1713.94              1           2.66  
   125        3402          1713.94              1           2.63  
   126        3429          1713.92              1           2.39  
   127        3456           1713.9              1           2.13  
   128        3483          1713.84              1           1.95  
   129        3510          1713.74              1           2.46  
   130        3537          1713.65              1           1.88  
   131        3564          1713.61              1           2.31  
   132        3591           1713.6              1           2.11  
   133        3618           1713.6              1              2  
   134        3645           1713.6              1           1.87  
   135        3672          1713.59              1           1.64  
   136        3699          1713.59              1           1.45  
   137        3726          1713.56              1            1.6  
   138        3753          1713.52              1           1.66  
   139        3780          1713.45              1            1.4  
                                                        First-order 
 Iteration  Func-count       f(x)        Step-size       optimality
   140        3807          1713.38              1           1.09  
   141        3834          1713.35              1          0.502  
   142        3861          1713.35              1          0.247  
   143        3888          1713.35              1          0.213  
   144        3915          1713.35              1          0.211  
   145        3942          1713.35              1          0.209  
   146        3969          1713.35              1          0.206  
   147        3996          1713.35              1            0.2  
   148        4023          1713.35              1          0.199  
   149        4050          1713.35              1          0.307  
   150        4077          1713.35              1          0.381  
   151        4104          1713.34              1          0.318  
   152        4131          1713.34              1          0.131  
   153        4158          1713.34              1          0.133  
   154        4185          1713.34              1          0.136  
   155        4212          1713.34              1          0.137  
   156        4239          1713.34              1          0.139  
   157        4266          1713.34              1          0.142  
   158        4293          1713.34              1          0.146  
   159        4320          1713.34              1          0.149  
                                                        First-order 
 Iteration  Func-count       f(x)        Step-size       optimality
   160        4347          1713.34              1          0.146  
   161        4374          1713.34              1          0.136  
   162        4401          1713.34              1           0.15  
   163        4428          1713.34              1         0.0948  
   164        4455          1713.34              1         0.0259  
   165        4482          1713.34              1         0.0152  
   166        4509          1713.34              1         0.0153  
   167        4536          1713.34              1         0.0153  
   168        4563          1713.34              1         0.0154  
   169        4590          1713.34              1         0.0155  
   170        4617          1713.34              1         0.0156  
   171        4644          1713.34              1         0.0156  
   172        4671          1713.34              1         0.0237  
   173        4698          1713.34              1         0.0373  
   174        4725          1713.34              1         0.0456  
   175        4752          1713.34              1         0.0374  
   176        4779          1713.34              1         0.0161  
   177        4806          1713.34              1        0.00217  
   178        4833          1713.34              1       0.000371  
   179        4860          1713.34              1       0.000293  
                                                        First-order 
 Iteration  Func-count       f(x)        Step-size       optimality
   180        4914          1713.34       0.235898       0.000305  
   181        4995          1713.34      0.0409364       0.000258  

Local minimum found.

Optimization completed because the size of the gradient is less than
the selected value of the optimality tolerance.




Computing finite-difference Hessian using objective function.
First order optimality conditions satisfied.
Current draw: 1000 of 5000
Current draw: 2000 of 5000
Current draw: 3000 of 5000
Current draw: 4000 of 5000
Current draw: 5000 of 5000
Elapsed time is 643.608197 seconds.
Ran Forecast Type 2for Model 101 and Horizon 12
Performing iteration ending on 2007M7 of model 102
Warning: This should be expanded with the country names in case of panel
> In abstvar/abstvar/check_inputs
  In abstvar
  In svar
  In scriptEstimateMode_FULL (line 96)
  In run (line 86)
  In msreg_2reg_endoprob_SVAR_FULL_OOS (line 231)
  In OOS_slurm_IF (line 4)
    'c(3,1,sync,1)>=c(3,1,sync,2)'
    'a0(1,GDPG)=0'
    'a0(1,MF)=0'
    'a0(2,GDPG)=0'
    'a1(3,GDPG)=0'
    's(3,3,sync,1)<=s(3,3,sync,2)'

 parameter: A12, density:NORMAL, hyperparameters: [0.5 0.5],convergence 0
 parameter: A21, density:NORMAL, hyperparameters: [0.5 0.5],convergence 0
 parameter: B12, density:GAMMA, hyperparameters: [4 0.125],convergence 0
 parameter: C12, density:GAMMA, hyperparameters: [4 0.125],convergence 0
 parameter: B21, density:GAMMA, hyperparameters: [4 0.125],convergence 0
 parameter: C21, density:GAMMA, hyperparameters: [4 0.125],convergence 0
                                                        First-order 
 Iteration  Func-count       f(x)        Step-size       optimality
     0          30          12115.9                      1.12e+04
     1          60          3116.08    8.94509e-05       2.13e+03  
     2          90          2492.21              1        1.5e+03  
     3         120          2142.11              1            622  
     4         150          1885.64              1            227  
     5         180          1829.18              1            118  
     6         210          1810.53              1            120  
     7         240          1800.61              1            126  
     8         270          1785.08              1            161  
     9         300          1760.96              1            163  
    10         330          1737.49              1            166  
    11         360          1726.03              1            139  
    12         390          1716.88              1           96.5  
    13         420          1711.28              1           93.8  
    14         450          1704.37              1           93.2  
    15         480          1697.02              1            136  
    16         510          1689.63              1            131  
    17         540          1679.51              1            141  
    18         570          1671.01              1            143  
    19         600          1667.02              1           94.8  
                                                        First-order 
 Iteration  Func-count       f(x)        Step-size       optimality
    20         630          1663.73              1           55.6  
    21         660          1660.24              1            120  
    22         690          1656.94              1            142  
    23         720          1654.71              1           94.1  
    24         750          1653.04              1           59.8  
    25         780          1650.89              1            106  
    26         810          1645.22              1            248  
    27         840          1638.27              1            300  
    28         870          1631.94              1            193  
    29         900          1629.82              1           44.7  
    30         930          1629.14              1           32.4  
    31         960          1628.29              1           80.4  
    32         990          1626.82              1            128  
    33        1020          1624.98              1            130  
    34        1050          1623.74              1             73  
    35        1080          1623.31              1           19.6  
    36        1110          1623.13              1           19.4  
    37        1140          1622.91              1             39  
    38        1170          1622.52              1             58  
    39        1200          1622.04              1           54.7  
                                                        First-order 
 Iteration  Func-count       f(x)        Step-size       optimality
    40        1230          1621.69              1           26.8  
    41        1260          1621.51              1           22.1  
    42        1290          1621.32              1           24.9  
    43        1320          1620.96              1           53.3  
    44        1350           1620.3              1           79.5  
    45        1380           1619.4              1           81.4  
    46        2250          1619.38      0.0200677            461  

Local minimum possible.

fminunc stopped because it cannot decrease the objective function
along the current search direction.




Computing finite-difference Hessian using objective function.
Predicted change in objective function too small.
Current draw: 1000 of 5000
Current draw: 2000 of 5000
Current draw: 3000 of 5000
Current draw: 4000 of 5000
Current draw: 5000 of 5000
Elapsed time is 482.262985 seconds.
Ran Forecast Type 2for Model 102 and Horizon 12
Performing iteration ending on 2007M7 of model 103
Warning: This should be expanded with the country names in case of panel
> In abstvar/abstvar/check_inputs
  In abstvar
  In svar
  In scriptEstimateMode_FULL (line 96)
  In run (line 86)
  In msreg_2reg_endoprob_SVAR_FULL_OOS (line 231)
  In OOS_slurm_IF (line 4)
    'c(3,1,sync,1)>=c(3,1,sync,2)'
    'a0(1,GDPG,sync,1)=0'
    'a0(2,GDPG,sync,1)=0'
    'a0(1,MF,sync,1)=0'
    'a0(1,GDPG,sync,2)=0'
    'a0(2,GDPG,sync,2)=0'
    'a0(1,MF,sync,2)=0'
    'a1(3,GDPG)=0'

 parameter: A12, density:NORMAL, hyperparameters: [0.5 0.5],convergence 0
 parameter: A21, density:NORMAL, hyperparameters: [0.5 0.5],convergence 0
 parameter: B12, density:GAMMA, hyperparameters: [4 0.125],convergence 0
 parameter: C12, density:GAMMA, hyperparameters: [4 0.125],convergence 0
 parameter: B21, density:GAMMA, hyperparameters: [4 0.125],convergence 0
 parameter: C21, density:GAMMA, hyperparameters: [4 0.125],convergence 0
                                                        First-order 
 Iteration  Func-count       f(x)        Step-size       optimality
     0          30          12115.9                      1.95e+04
     1          60          3152.31    5.13685e-05       1.97e+03  
     2          90          2725.36              1       1.42e+03  
     3         120          2130.52              1            517  
     4         150          1996.07              1            250  
     5         180          1953.75              1            178  
     6         210          1943.53              1            193  
     7         240           1936.1              1            191  
     8         270          1923.76              1            169  
     9         300          1907.65              1            112  
    10         330          1891.32              1            119  
    11         360          1882.64              1            124  
    12         390          1880.26              1            108  
    13         420          1874.32              1           53.5  
    14         450          1869.75              1           52.3  
    15         480          1866.24              1           66.3  
    16         510          1864.16              1           77.4  
    17         540          1861.15              1           79.3  
    18         570          1854.66              1           85.8  
    19         600          1845.41              1           97.6  
                                                        First-order 
 Iteration  Func-count       f(x)        Step-size       optimality
    20         630          1838.47              1           64.6  
    21         660           1835.1              1           62.7  
    22         690          1833.33              1           58.6  
    23         720          1831.66              1           53.3  
    24         750          1827.57              1           71.7  
    25         780          1820.73              1           84.2  
    26         810          1812.61              1           87.6  
    27         840          1806.74              1           79.6  
    28         870          1804.38              1             77  
    29         900          1802.75              1           72.9  
    30         930          1798.62              1           77.3  
    31         960          1792.75              1             77  
    32         990          1785.44              1           43.8  
    33        1020          1782.13              1           40.2  
srun: error: slurm_receive_msg: Transport endpoint is not connected
srun: error: slurm_receive_msg[10.26.24.30]: Transport endpoint is not connected
srun: error: invalid type trying to be freed 65534
srun: error: slurm_receive_msg: Transport endpoint is not connected
srun: error: slurm_receive_msg[10.26.24.30]: Transport endpoint is not connected
srun: error: invalid type trying to be freed 65534
    34        1050          1781.18              1           38.4  
    35        1080          1780.57              1           37.1  
    36        1110          1779.81              1           39.9  
    37        1140          1777.86              1             44  
    38        1170          1774.69              1           39.2  
    39        1200          1770.88              1           54.3  
srun: error: slurm_receive_msg: Transport endpoint is not connected
srun: error: slurm_receive_msg[10.26.24.30]: Transport endpoint is not connected
srun: error: invalid type trying to be freed 65534
srun: error: slurm_receive_msg: Transport endpoint is not connected
srun: error: slurm_receive_msg[10.26.24.30]: Transport endpoint is not connected
srun: error: invalid type trying to be freed 65534
                                                        First-order 
 Iteration  Func-count       f(x)        Step-size       optimality
    40        1230          1768.59              1           40.4  
    41        1260          1767.97              1           43.6  
    42        1290          1767.48              1           45.1  
    43        1320          1766.35              1           38.6  
srun: error: slurm_receive_msg: Transport endpoint is not connected
srun: error: slurm_receive_msg[10.26.24.30]: Transport endpoint is not connected
srun: error: invalid type trying to be freed 65534
srun: error: slurm_receive_msg: Transport endpoint is not connected
srun: error: slurm_receive_msg[10.26.24.30]: Transport endpoint is not connected
srun: error: invalid type trying to be freed 65534
    44        1350          1765.17              1           21.4  
    45        1380          1764.39              1             18  
srun: error: slurm_receive_msg: Transport endpoint is not connected
srun: error: slurm_receive_msg[10.26.24.30]: Transport endpoint is not connected
srun: error: invalid type trying to be freed 65534
srun: error: slurm_receive_msg: Transport endpoint is not connected
srun: error: slurm_receive_msg[10.26.24.30]: Transport endpoint is not connected
srun: error: invalid type trying to be freed 65534
    46        1410          1764.13              1           16.8  
    47        1440          1764.02              1             16  
    48        1470          1763.86              1           15.2  
srun: error: slurm_receive_msg: Transport endpoint is not connected
srun: error: slurm_receive_msg[10.26.24.30]: Transport endpoint is not connected
srun: error: invalid type trying to be freed 65534
srun: error: slurm_receive_msg: Transport endpoint is not connected
srun: error: slurm_receive_msg[10.26.24.30]: Transport endpoint is not connected
srun: error: invalid type trying to be freed 65534
    49        1500          1763.46              1           15.4  
    50        1530          1762.53              1           25.9  
    51        1560          1760.65              1           39.5  
    52        1590          1758.11              1           40.3  
    53        1620          1756.38              1           39.2  
    54        1650          1755.65              1           40.7  
    55        1680           1755.2              1           38.8  
    56        1710          1754.45              1             35  
    57        1740          1752.92              1           30.8  
    58        1770          1750.57              1           37.7  
    59        1800          1748.31              1           29.1  
                                                        First-order 
 Iteration  Func-count       f(x)        Step-size       optimality
    60        1830          1747.26              1           32.5  
    61        1860          1746.93              1           32.1  
    62        1890          1746.64              1           30.2  
    63        1920             1746              1           26.5  
    64        1950          1744.76              1             27  
    65        1980          1743.07              1           27.9  
    66        2010          1741.98              1           20.9  
srun: error: slurm_receive_msg: Transport endpoint is not connected
srun: error: slurm_receive_msg[10.26.24.30]: Transport endpoint is not connected
srun: error: invalid type trying to be freed 65534
srun: error: slurm_receive_msg: Transport endpoint is not connected
srun: error: slurm_receive_msg[10.26.24.30]: Transport endpoint is not connected
srun: error: invalid type trying to be freed 65534
srun: error: slurm_receive_msg: Transport endpoint is not connected
srun: error: unpackmem: Buffer to be unpacked is too large (3107945535 > 1073741824)
srun: error: unpack error in io_init_msg_unpack
srun: error: Invalid IO init header version
srun: error: slurm_receive_msg[10.26.24.30]: Transport endpoint is not connected
srun: error: invalid type trying to be freed 65534
srun: error: slurm_receive_msg: Transport endpoint is not connected
    67        2040          1741.61              1           20.6  
    68        2070          1741.44              1           20.3  
    69        2100          1741.21              1             21  
    70        2130          1740.74              1           19.9  
    71        2160          1739.93              1           15.7  
    72        2190          1738.99              1           17.4  
    73        2220          1738.44              1             17  
    74        2250          1738.27              1           14.7  
    75        2280          1738.15              1           14.2  
    76        2310          1737.91              1           12.7  
srun: error: slurm_receive_msg[10.26.24.30]: Transport endpoint is not connected
srun: error: invalid type trying to be freed 65534
    77        2340          1737.43              1           12.5  
    78        2370          1736.69              1           13.2  
    79        2400           1736.1              1           10.5  
                                                        First-order 
 Iteration  Func-count       f(x)        Step-size       optimality
    80        2430          1735.88              1           9.92  
    81        2460          1735.81              1           9.62  
srun: error: slurm_receive_msg: Transport endpoint is not connected
srun: error: slurm_receive_msg[10.26.24.30]: Transport endpoint is not connected
srun: error: invalid type trying to be freed 65534
srun: error: slurm_receive_msg: Transport endpoint is not connected
srun: error: slurm_receive_msg[10.26.24.30]: Transport endpoint is not connected
srun: error: invalid type trying to be freed 65534
srun: error: slurm_receive_msg: Insane message length
srun: error: slurm_receive_msg[10.26.24.30]: Insane message length
srun: error: invalid type trying to be freed 65534
srun: error: slurm_receive_msg: Transport endpoint is not connected
srun: error: slurm_receive_msg[10.26.24.30]: Transport endpoint is not connected
srun: error: invalid type trying to be freed 65534
srun: error: slurm_receive_msg: Insane message length
srun: error: slurm_receive_msg[10.26.24.30]: Insane message length
srun: error: invalid type trying to be freed 65534
srun: error: unpackmem: Buffer to be unpacked is too large (2025591891 > 1073741824)
srun: error: unpack error in io_init_msg_unpack
srun: error: Invalid IO init header version
    82        2490          1735.77              1           9.46  
    83        2520          1735.65              1           9.16  
    84        2550          1735.36              1           8.62  
    85        2580          1734.64              1           13.4  
    86        2610          1733.19              1           21.9  
srun: error: io_init_msg_read too small
srun: error: failed reading io init message
srun: error: slurm_receive_msg: Insane message length
srun: error: slurm_receive_msg[10.26.24.30]: Insane message length
srun: error: invalid type trying to be freed 65534
srun: error: unpackmem: Buffer to be unpacked is too large (2143813097 > 1073741824)
srun: error: unpack error in io_init_msg_unpack
srun: error: Invalid IO init header version
srun: error: unpackmem: Buffer to be unpacked is too large (3469636811 > 1073741824)
srun: error: unpack error in io_init_msg_unpack
srun: error: Invalid IO init header version
    87        2640          1731.24              1           26.4  
    88        2670          1729.57              1           20.9  
    89        2700          1728.89              1             14  
    90        2730          1728.81              1             13  
    91        2760          1728.77              1           12.7  
    92        2790          1728.67              1           11.7  
    93        2820          1728.36              1           11.5  
    94        2850          1727.81              1           23.2  
    95        2880          1727.17              1           29.1  
    96        2910          1726.58              1           17.8  
    97        2940          1726.32              1            8.4  
    98        2970           1726.3              1           8.11  
    99        3000          1726.24              1           7.83  
                                                        First-order 
 Iteration  Func-count       f(x)        Step-size       optimality
   100        3030          1726.12              1           15.7  
   101        3060          1725.87              1           24.9  
srun: error: unpack error in io_init_msg_unpack
srun: error: Invalid IO init header version
   102        3090          1725.52              1           27.5  
srun: error: unpackmem: Buffer to be unpacked is too large (1883783778 > 1073741824)
srun: error: unpack error in io_init_msg_unpack
srun: error: Invalid IO init header version
srun: error: unpackmem: Buffer to be unpacked is too large (1899261293 > 1073741824)
srun: error: unpack error in io_init_msg_unpack
srun: error: Invalid IO init header version
   103        3120          1725.24              1             17  
srun: error: unpack error in io_init_msg_unpack
srun: error: Invalid IO init header version
srun: error: io_init_msg_read too small
srun: error: failed reading io init message
   104        3150          1725.13              1            7.2  
   105        3180           1725.1              1           6.66  
   106        3210          1725.07              1           6.17  
   107        3240          1724.99              1           12.5  
   108        3270          1724.81              1           21.2  
   109        3300          1724.38              1           33.1  
   110        3330          1723.63              1           41.2  
   111        3360          1722.92              1           33.4  
   112        3390          1722.57              1           13.1  
   113        3420          1722.49              1           5.73  
   114        3450          1722.48              1           5.44  
   115        3480          1722.46              1           4.88  
   116        3510          1722.42              1           4.25  
   117        3540          1722.32              1           3.92  
   118        3570          1722.09              1           4.71  
   119        3600          1721.69              1           6.39  
                                                        First-order 
 Iteration  Func-count       f(x)        Step-size       optimality
   120        3630          1721.24              1           5.63  
   121        3660          1721.04              1            3.3  
   122        3690          1721.01              1           3.59  
   123        3720          1721.01              1           3.33  
   124        3750             1721              1           3.18  
   125        3780          1720.97              1           2.89  
   126        3870          1716.54            1.1           29.6  
srun: error: unpackmem_xmalloc: Buffer to be unpacked is too large (1684369920 > 1073741824)
srun: error: unpacking header
srun: error: destroy_forward: no init
srun: error: slurm_receive_msg: Message receive failure
srun: error: slurm_receive_msg[10.26.24.30]: Message receive failure
srun: error: invalid type trying to be freed 65534
srun: error: slurm_receive_msg: Insane message length
srun: error: slurm_receive_msg[10.26.24.30]: Insane message length
srun: error: invalid type trying to be freed 65534
srun: error: unpackmem_xmalloc: Buffer to be unpacked is too large (1885828912 > 1073741824)
srun: error: unpacking header
srun: error: destroy_forward: no init
srun: error: slurm_receive_msg: Message receive failure
srun: error: slurm_receive_msg[10.26.24.30]: Message receive failure
srun: error: invalid type trying to be freed 65534
   127        3960          1716.54           0.01           32.6  
   128        3990          1715.85              1           30.2  
srun: error: unpackmem_xmalloc: Buffer to be unpacked is too large (1684369920 > 1073741824)
srun: error: unpacking header
srun: error: destroy_forward: no init
srun: error: slurm_receive_msg: Message receive failure
srun: error: slurm_receive_msg[10.26.24.30]: Message receive failure
srun: error: invalid type trying to be freed 65534
srun: error: unpackmem_xmalloc: Buffer to be unpacked is too large (1885828912 > 1073741824)
srun: error: unpacking header
srun: error: destroy_forward: no init
srun: error: slurm_receive_msg: Message receive failure
srun: error: slurm_receive_msg[10.26.24.30]: Message receive failure
srun: error: invalid type trying to be freed 65534
srun: error: slurm_receive_msg: Insane message length
srun: error: slurm_receive_msg[10.26.24.30]: Insane message length
srun: error: invalid type trying to be freed 65534
   129        4020           1714.2              1           21.4  
   130        4050          1713.63              1           7.16  
   131        4080          1713.45              1           5.19  
srun: error: unpackmem: Buffer to be unpacked is too large (1951163745 > 1073741824)
srun: error: unpack error in io_init_msg_unpack
srun: error: Invalid IO init header version
srun: error: io_init_msg_read too small
srun: error: failed reading io init message
srun: error: unpackmem: Buffer to be unpacked is too large (1935765607 > 1073741824)
srun: error: unpack error in io_init_msg_unpack
srun: error: Invalid IO init header version
srun: error: io_init_msg_read too small
srun: error: failed reading io init message
   132        4110          1713.37              1           5.23  
   133        4140          1713.32              1           4.92  
   134        4170          1713.28              1            4.9  
srun: error: slurm_receive_msg: Insane message length
srun: error: slurm_receive_msg[10.26.24.30]: Insane message length
srun: error: invalid type trying to be freed 65534
   135        4200           1713.2              1           4.65  
   136        4230          1713.14              1           4.61  
   137        4260          1713.11              1           4.63  
srun: error: slurm_receive_msg: Insane message length
srun: error: slurm_receive_msg[10.26.24.30]: Insane message length
srun: error: invalid type trying to be freed 65534
   138        4290           1713.1              1           4.65  
   139        4320          1713.08              1           4.67  
                                                        First-order 
 Iteration  Func-count       f(x)        Step-size       optimality
   140        4350          1713.04              1           4.69  
   141        4380          1712.94              1           6.87  
   142        4410          1712.69              1           11.6  
   143        4440          1712.11              1           16.7  
   144        4470          1711.11              1           19.3  
   145        4500          1710.06              1           12.5  
   146        4530          1709.64              1           4.12  
   147        4560          1709.58              1           3.54  
   148        4590          1709.58              1           3.34  
   149        4620          1709.57              1           3.28  
srun: error: slurm_receive_msg: Transport endpoint is not connected
srun: error: slurm_receive_msg[10.26.24.30]: Transport endpoint is not connected
srun: error: invalid type trying to be freed 65534
   150        4650          1709.56              1           3.07  
   151        4680          1709.53              1           2.74  
   152        4710          1709.46              1           2.02  
   153        4740          1709.34              1           2.23  
   154        4770          1709.19              1           2.01  
   155        4800          1709.11              1           1.67  
srun: error: slurm_receive_msg: Transport endpoint is not connected
srun: error: slurm_receive_msg[10.26.24.30]: Transport endpoint is not connected
srun: error: invalid type trying to be freed 65534
   156        4830          1709.09              1            1.6  
   157        4860          1709.09              1           1.52  
   158        4890          1709.08              1           1.49  
   159        4920          1709.08              1           1.43  
srun: error: unpack error in io_init_msg_unpack
srun: error: Invalid IO init header version
                                                        First-order 
 Iteration  Func-count       f(x)        Step-size       optimality
   160        4950          1709.08              1           1.35  
   161        4980          1709.07              1           1.19  
   162        5010          1709.04              1           1.35  
   163        5040          1708.98              1           1.48  
   164        5070           1708.9              1           1.58  
   165        5100          1708.84              1           1.61  
   166        5130          1708.82              1           1.27  
   167        5160          1708.82              1           1.08  
   168        5190          1708.82              1           1.02  
   169        5220          1708.82              1           1.03  
srun: error: slurm_receive_msg: Insane message length
srun: error: slurm_receive_msg[10.26.24.30]: Insane message length
srun: error: invalid type trying to be freed 65534
srun: error: slurm_receive_msg: Insane message length
srun: error: slurm_receive_msg[10.26.24.30]: Insane message length
srun: error: invalid type trying to be freed 65534
   170        5250          1708.82              1           1.01  
   171        5280          1708.81              1          0.924  
   172        5310           1708.8              1          0.668  
   173        5340          1708.79              1           0.38  
   174        5370          1708.79              1          0.391  
   175        5400          1708.78              1          0.276  
   176        5430          1708.78              1          0.252  
   177        5460          1708.78              1          0.258  
   178        5490          1708.78              1          0.268  
   179        5520          1708.78              1          0.281  
                                                        First-order 
 Iteration  Func-count       f(x)        Step-size       optimality
   180        5550          1708.78              1          0.297  
   181        5580          1708.78              1          0.309  
   182        5610          1708.78              1          0.306  
srun: error: slurm_receive_msg: Insane message length
srun: error: slurm_receive_msg[10.26.24.30]: Insane message length
srun: error: invalid type trying to be freed 65534
srun: error: slurm_receive_msg: Insane message length
srun: error: slurm_receive_msg[10.26.24.30]: Insane message length
srun: error: invalid type trying to be freed 65534
srun: error: unpack error in io_init_msg_unpack
srun: error: Invalid IO init header version
srun: error: unpackmem: Buffer to be unpacked is too large (1681731632 > 1073741824)
srun: error: unpack error in io_init_msg_unpack
srun: error: Invalid IO init header version
   183        5640          1708.78              1          0.251  
   184        5670          1708.78              1          0.192  
srun: error: unpack error in io_init_msg_unpack
srun: error: Invalid IO init header version
srun: error: unpackmem: Buffer to be unpacked is too large (1918035750 > 1073741824)
srun: error: unpack error in io_init_msg_unpack
srun: error: Invalid IO init header version
srun: error: unpackmem: Buffer to be unpacked is too large (2783316959 > 1073741824)
srun: error: unpack error in io_init_msg_unpack
srun: error: Invalid IO init header version
   185        5700          1708.78              1         0.0659  
   186        5730          1708.78              1         0.0588  
   187        5760          1708.78              1         0.0588  
   188        5790          1708.78              1         0.0589  
   189        5820          1708.78              1         0.0588  
   190        5850          1708.78              1         0.0585  
   191        5880          1708.78              1         0.0579  
   192        5910          1708.78              1         0.0558  
   193        5940          1708.78              1         0.0507  
   194        5970          1708.78              1         0.0476  
   195        6000          1708.78              1         0.0523  
   196        6030          1708.78              1          0.034  
   197        6060          1708.78              1        0.00934  
srun: error: slurm_receive_msg: Transport endpoint is not connected
srun: error: slurm_receive_msg[10.26.24.30]: Transport endpoint is not connected
srun: error: invalid type trying to be freed 65534
   198        6090          1708.78              1        0.00818  
   199        6120          1708.78              1        0.00801  
                                                        First-order 
 Iteration  Func-count       f(x)        Step-size       optimality
   200        6150          1708.78              1        0.00791  
   201        6180          1708.78              1        0.00798  
   202        6210          1708.78              1         0.0079  
   203        6240          1708.78              1        0.00802  
   204        6270          1708.78              1        0.00813  
   205        6300          1708.78              1        0.00827  
   206        6330          1708.78              1        0.00864  
   207        6360          1708.78              1        0.00836  
srun: error: slurm_receive_msg: Transport endpoint is not connected
srun: error: slurm_receive_msg[10.26.24.30]: Transport endpoint is not connected
srun: error: invalid type trying to be freed 65534
   208        6390          1708.78              1         0.0111  
   209        6420          1708.78              1         0.0113  
   210        6450          1708.78              1         0.0097  
   211        6480          1708.78              1        0.00327  
   212        6510          1708.78              1       0.000504  
   213        6540          1708.78              1       0.000351  
   214        6600          1708.78       0.382806       0.000168  

Local minimum found.

Optimization completed because the size of the gradient is less than
the selected value of the optimality tolerance.




Computing finite-difference Hessian using objective function.
srun: error: slurm_receive_msg: Insane message length
srun: error: slurm_receive_msg[10.26.24.30]: Insane message length
srun: error: invalid type trying to be freed 65534
srun: error: slurm_receive_msg: Transport endpoint is not connected
srun: error: slurm_receive_msg[10.26.24.30]: Transport endpoint is not connected
srun: error: invalid type trying to be freed 65534
First order optimality conditions satisfied.
srun: error: slurm_receive_msg: Insane message length
srun: error: slurm_receive_msg[10.26.24.30]: Insane message length
srun: error: invalid type trying to be freed 65534
srun: error: slurm_receive_msg: Transport endpoint is not connected
srun: error: slurm_receive_msg[10.26.24.30]: Transport endpoint is not connected
srun: error: invalid type trying to be freed 65534
Current draw: 1000 of 5000
srun: error: io_init_msg_read too small
srun: error: failed reading io init message
Current draw: 2000 of 5000
Current draw: 3000 of 5000
Current draw: 4000 of 5000
Current draw: 5000 of 5000
Elapsed time is 731.229632 seconds.
Ran Forecast Type 2for Model 103 and Horizon 12
Performing iteration ending on 2007M7 of model 104
Warning: This should be expanded with the country names in case of panel
> In abstvar/abstvar/check_inputs
  In abstvar
  In svar
  In scriptEstimateMode_FULL (line 96)
  In run (line 86)
  In msreg_2reg_endoprob_SVAR_FULL_OOS (line 231)
  In OOS_slurm_IF (line 4)
    'c(3,1,sync,1)>=c(3,1,sync,2)'
    'a0(1,GDPG)=0'
    'a0(1,MF)=0'
    'a0(2,GDPG)=0'
    'a1(3,GDPG,sync,1)=0'
    'a1(3,GDPG,sync,2)=0'

 parameter: A12, density:NORMAL, hyperparameters: [0.5 0.5],convergence 0
 parameter: A21, density:NORMAL, hyperparameters: [0.5 0.5],convergence 0
 parameter: B12, density:GAMMA, hyperparameters: [4 0.125],convergence 0
 parameter: C12, density:GAMMA, hyperparameters: [4 0.125],convergence 0
 parameter: B21, density:GAMMA, hyperparameters: [4 0.125],convergence 0
 parameter: C21, density:GAMMA, hyperparameters: [4 0.125],convergence 0
                                                        First-order 
 Iteration  Func-count       f(x)        Step-size       optimality
     0          35          12115.9                      1.95e+04
     1          70          3221.99    5.13685e-05       1.94e+03  
     2         105          2761.87              1        1.4e+03  
     3         140          2256.81              1            589  
     4         175          2129.54              1            344  
     5         210          2049.13              1            305  
     6         245          2015.56              1            265  
     7         280          1997.07              1            201  
     8         315          1981.47              1            207  
     9         350          1965.16              1            201  
    10         385          1949.09              1            239  
    11         420          1929.62              1            346  
    12         455          1907.99              1            343  
    13         490          1881.34              1            291  
    14         525          1861.51              1            273  
    15         560          1849.98              1            139  
    16         595          1844.24              1           77.6  
    17         630          1841.47              1           72.4  
    18         665          1838.24              1           95.5  
    19         700          1833.68              1            104  
                                                        First-order 
 Iteration  Func-count       f(x)        Step-size       optimality
    20         735          1826.28              1            146  
    21         770          1816.23              1            191  
    22         805          1806.09              1            140  
    23         840          1800.13              1            113  
    24         875          1795.53              1           93.8  
    25         910          1789.97              1            118  
    26         945          1784.65              1            143  
    27         980          1780.08              1            123  
    28        1015          1775.64              1           90.3  
    29        1050           1771.4              1           81.6  
    30        1085          1767.33              1            124  
    31        1120          1761.96              1            147  
    32        1155          1757.64              1           89.9  
    33        1190          1755.08              1           50.7  
    34        1225          1753.15              1             47  
    35        1260          1751.05              1           65.3  
    36        1295          1747.83              1            104  
    37        1330          1742.58              1            151  
    38        1365          1735.88              1            142  
    39        1400          1728.75              1           88.7  
                                                        First-order 
 Iteration  Func-count       f(x)        Step-size       optimality
    40        1435          1724.95              1           65.2  
    41        1470           1723.1              1           51.7  
    42        1505           1722.3              1           34.1  
    43        1540          1720.89              1           32.9  
    44        1575          1719.01              1           74.1  
    45        1610          1715.95              1            120  
    46        1645          1713.31              1             93  
    47        1715          1713.03       0.152326           84.1  
    48        1785          1712.79       0.112777           74.7  
    49        1890          1712.44           0.19           59.8  
    50        1995          1712.18           0.19           46.7  
    51        2940          1712.14      0.0404543            466  

Local minimum possible.

fminunc stopped because it cannot decrease the objective function
along the current search direction.




Computing finite-difference Hessian using objective function.
Predicted change in objective function too small.
Current draw: 1000 of 5000
Current draw: 2000 of 5000
Current draw: 3000 of 5000
Current draw: 4000 of 5000
Current draw: 5000 of 5000
Elapsed time is 533.697497 seconds.
Ran Forecast Type 2for Model 104 and Horizon 12
Performing iteration ending on 2007M7 of model 105
Warning: This should be expanded with the country names in case of panel
> In abstvar/abstvar/check_inputs
  In abstvar
  In svar
  In scriptEstimateMode_FULL (line 96)
  In run (line 86)
  In msreg_2reg_endoprob_SVAR_FULL_OOS (line 231)
  In OOS_slurm_IF (line 4)
    'c(3,1,sync,1)>=c(3,1,sync,2)'
    'a0(1,GDPG,sync,1)=0'
    'a0(2,GDPG,sync,1)=0'
    'a0(1,MF,sync,1)=0'
    'a0(1,GDPG,sync,2)=0'
    'a0(2,GDPG,sync,2)=0'
    'a0(1,MF,sync,2)=0'
    'a1(3,GDPG)=0'
    's(3,3,sync,1)<=s(3,3,sync,2)'

 parameter: A12, density:NORMAL, hyperparameters: [0.5 0.5],convergence 0
 parameter: A21, density:NORMAL, hyperparameters: [0.5 0.5],convergence 0
 parameter: B12, density:GAMMA, hyperparameters: [4 0.125],convergence 0
 parameter: C12, density:GAMMA, hyperparameters: [4 0.125],convergence 0
 parameter: B21, density:GAMMA, hyperparameters: [4 0.125],convergence 0
 parameter: C21, density:GAMMA, hyperparameters: [4 0.125],convergence 0
                                                        First-order 
 Iteration  Func-count       f(x)        Step-size       optimality
     0          33          12115.9                      1.12e+04
     1          66          3172.29    8.94509e-05        2.1e+03  
     2          99          2512.92              1       1.48e+03  
     3         132          2148.13              1            612  
     4         165          1899.48              1            224  
     5         198          1843.58              1            113  
     6         231          1826.12              1            116  
     7         264          1817.19              1            114  
     8         297          1802.82              1            151  
     9         330          1780.25              1            158  
    10         363          1758.07              1            148  
    11         396          1747.74              1            135  
    12         429          1739.59              1           94.5  
    13         462          1733.77              1            102  
    14         495           1725.4              1            122  
    15         528          1717.69              1            136  
    16         561          1711.63              1            130  
    17         594          1704.59              1            122  
    18         627          1697.26              1            155  
    19         660          1693.36              1           82.7  
                                                        First-order 
 Iteration  Func-count       f(x)        Step-size       optimality
    20         693          1690.92              1           49.1  
    21         726           1688.2              1            102  
    22         759          1685.35              1            151  
    23         792          1682.79              1            102  
    24         825          1680.93              1           70.1  
    25         858          1679.05              1           83.3  
    26         891          1675.16              1            208  
    27         924          1668.59              1            302  
    28         957          1661.82              1            252  
    29         990          1657.96              1             86  
    30        1023          1656.38              1           39.3  
    31        1056          1654.61              1            121  
    32        1089          1651.27              1            214  
    33        1122          1646.74              1            240  
    34        1155          1643.08              1            154  
    35        1188          1641.49              1           41.2  
    36        1221          1640.75              1           39.4  
    37        1254          1639.95              1             83  
    38        1287          1638.78              1            113  
    39        1320          1637.58              1           89.4  
                                                        First-order 
 Iteration  Func-count       f(x)        Step-size       optimality
    40        1353          1636.85              1           30.6  
    41        1386          1636.42              1           23.2  
    42        1419           1635.9              1             60  
    43        1452          1634.93              1            104  
    44        1485          1633.44              1            125  
    45        1518          1631.97              1             92  
    46        1584          1631.44            0.5           59.2  
    47        1683          1631.22           0.19           43.6  
    48        1782          1630.95           0.19           25.9  
    49        2508           1630.9      0.0288393           69.3  
    50        3069           1630.9    3.16298e-07            999  

Local minimum possible.

fminunc stopped because it cannot decrease the objective function
along the current search direction.




Computing finite-difference Hessian using objective function.
Predicted change in objective function too small.
Current draw: 1000 of 5000
Current draw: 2000 of 5000
Current draw: 3000 of 5000
Current draw: 4000 of 5000
Current draw: 5000 of 5000
Elapsed time is 538.008965 seconds.
Ran Forecast Type 2for Model 105 and Horizon 12
Performing iteration ending on 2007M7 of model 106
Warning: This should be expanded with the country names in case of panel
> In abstvar/abstvar/check_inputs
  In abstvar
  In svar
  In scriptEstimateMode_FULL (line 96)
  In run (line 86)
  In msreg_2reg_endoprob_SVAR_FULL_OOS (line 231)
  In OOS_slurm_IF (line 4)
    'c(3,1,sync,1)>=c(3,1,sync,2)'
    'a0(1,GDPG)=0'
    'a0(1,MF)=0'
    'a0(2,GDPG)=0'
    'a1(3,GDPG,sync,1)=0'
    'a1(3,GDPG,sync,2)=0'
    's(3,3,sync,1)<=s(3,3,sync,2)'

 parameter: A12, density:NORMAL, hyperparameters: [0.5 0.5],convergence 0
 parameter: A21, density:NORMAL, hyperparameters: [0.5 0.5],convergence 0
 parameter: B12, density:GAMMA, hyperparameters: [4 0.125],convergence 0
 parameter: C12, density:GAMMA, hyperparameters: [4 0.125],convergence 0
 parameter: B21, density:GAMMA, hyperparameters: [4 0.125],convergence 0
 parameter: C21, density:GAMMA, hyperparameters: [4 0.125],convergence 0
                                                        First-order 
 Iteration  Func-count       f(x)        Step-size       optimality
     0          38          12115.9                      1.12e+04
     1          76          3073.52    8.94509e-05        1.7e+03  
     2         114          2558.29              1       1.06e+03  
     3         152          2072.24              1            367  
     4         190          1945.07              1            199  
     5         228          1889.06              1            188  
     6         266          1865.94              1            171  
     7         304          1848.38              1            142  
     8         342          1831.92              1            102  
     9         380          1816.16              1            113  
    10         418           1794.2              1            169  
    11         456           1770.5              1            227  
    12         494          1756.72              1            206  
    13         532          1739.63              1            141  
    14         570          1717.74              1            183  
    15         608          1710.99              1           90.4  
    16         646          1703.94              1           75.6  
    17         684           1687.5              1            133  
    18         722          1681.69              1            116  
    19         760          1675.92              1            108  
                                                        First-order 
 Iteration  Func-count       f(x)        Step-size       optimality
    20         798          1671.16              1            119  
    21         836          1657.64              1           94.7  
    22         874          1653.74              1           96.2  
    23         912          1650.81              1           56.5  
    24         950          1649.19              1           37.9  
    25         988          1647.31              1           36.6  
    26        1026          1645.08              1           52.4  
    27        1064          1641.91              1           87.8  
    28        1102          1637.55              1            105  
    29        1140          1631.68              1           97.4  
    30        1178          1624.67              1           70.4  
    31        1216          1619.83              1             45  
    32        1254          1618.43              1           30.9  
    33        1292          1617.46              1           32.8  
    34        1330          1615.31              1           38.7  
    35        1368          1612.66              1           44.3  
    36        1444          1612.09       0.181488           41.7  
    37        1558           1611.2           0.19           35.9  
    38        2166          1610.85       0.084308           53.4  
    39        2546          1610.85    5.13838e-06            995  
                                                        First-order 
 Iteration  Func-count       f(x)        Step-size       optimality
    40        2660          1609.37      0.0277239           9.25  
    41        2698          1609.18              1           9.17  
    42        2736          1608.98              1            996  
    43        2774          1608.89              1           9.17  
    44        2812          1608.67              1           8.59  
    45        2850          1608.55              1           8.05  
    46        2888          1608.45              1           7.59  
    47        2926          1608.22              1           9.45  
    48        2964          1608.02              1           9.26  
    49        3002          1607.88              1           9.55  
    50        3040          1607.81              1            8.6  
    51        3078          1607.71              1           6.39  
    52        3116          1607.58              1           5.19  
    53        3154          1607.44              1           6.66  
    54        3192          1607.36              1           6.22  
    55        3230          1607.32              1           6.58  
    56        3268          1607.27              1           6.39  
    57        3306          1607.17              1           5.59  
    58        3344          1607.03              1           6.39  
    59        3382          1606.91              1           6.46  
                                                        First-order 
 Iteration  Func-count       f(x)        Step-size       optimality
    60        3420          1606.87              1           6.72  
    61        3458          1606.85              1           6.69  
    62        3496          1606.84              1           6.65  
    63        3534           1606.8              1           6.65  
    64        3572          1606.73              1           6.81  
    65        3610          1606.65              1           7.22  
    66        3648           1606.6              1           7.66  
    67        3686          1606.58              1           7.83  
    68        3724          1606.58              1           7.85  
    69        3762          1606.56              1           7.82  
    70        3800          1606.53              1           7.68  
    71        3838          1606.47              1            7.3  
    72        3876          1606.39              1           6.65  
    73        3914          1606.33              1           6.07  
    74        3952           1606.3              1           5.86  
    75        3990          1606.29              1           5.83  
    76        4028          1606.27              1           5.78  
    77        4066          1606.23              1           5.61  
    78        4104          1606.17              1           5.19  
    79        4142           1606.1              1           4.94  
                                                        First-order 
 Iteration  Func-count       f(x)        Step-size       optimality
    80        4180          1606.07              1           4.17  
    81        4218          1606.06              1           4.04  
    82        4256          1606.04              1           3.98  
    83        4294          1606.02              1           3.86  
    84        4332          1605.97              1           3.63  
    85        4370          1605.92              1           3.77  
    86        4408          1605.88              1           3.07  
    87        4446          1605.87              1           3.03  
    88        4484          1605.86              1           3.05  
    89        4522          1605.85              1           3.08  
    90        4560          1605.83              1           3.09  
    91        4598           1605.8              1           3.33  
    92        4636          1605.78              1           3.33  
    93        4674          1605.77              1           3.38  
    94        4712          1605.77              1           3.37  
    95        4750          1605.77              1           3.35  
    96        4788          1605.76              1           3.32  
    97        4826          1605.76              1           3.27  
    98        4864          1605.74              1           3.23  
    99        4902          1605.73              1           3.23  
                                                        First-order 
 Iteration  Func-count       f(x)        Step-size       optimality
   100        4940          1605.73              1           3.26  
   101        4978          1605.72              1           3.28  
   102        5016          1605.72              1            3.3  
   103        5054          1605.72              1           3.33  
   104        5092          1605.71              1           3.35  
   105        5130           1605.7              1           3.35  
   106        5168          1605.69              1           3.31  
   107        5206          1605.68              1           3.27  
   108        5244          1605.68              1           3.25  
   109        5282          1605.68              1           3.24  
   110        5320          1605.68              1           3.22  
   111        5358          1605.67              1           3.22  
   112        5396          1605.66              1           3.25  
   113        5434          1605.65              1           3.29  
   114        5472          1605.65              1           3.31  
   115        5510          1605.65              1           3.32  
   116        5548          1605.65              1           3.32  
   117        5586          1605.65              1           3.32  
   118        5624          1605.65              1           3.31  
   119        5662          1605.65              1           3.29  
                                                        First-order 
 Iteration  Func-count       f(x)        Step-size       optimality
   120        5700          1605.64              1           3.26  
   121        5738          1605.64              1           3.24  
   122        5776          1605.64              1           3.24  
   123        5814          1605.64              1           3.24  
   124        5852          1605.64              1           3.23  
   125        5890          1605.64              1           3.21  
   126        5928          1605.63              1           3.19  
   127        5966          1605.63              1           3.16  
   128        6004          1605.63              1           3.15  
   129        6042          1605.63              1           3.15  
   130        6080          1605.62              1           3.15  
   131        6118          1605.62              1           3.14  
   132        6156          1605.62              1           3.62  
   133        6194          1605.61              1           3.94  
   134        6232           1605.6              1           3.08  
   135        6270           1605.6              1           3.12  
   136        6308           1605.6              1           3.12  
   137        6346           1605.6              1           3.11  
   138        6384           1605.6              1            3.1  
   139        6422          1605.59              1            3.1  
                                                        First-order 
 Iteration  Func-count       f(x)        Step-size       optimality
   140        6460          1605.59              1            3.1  
   141        6498          1605.59              1           3.12  
   142        6536          1605.59              1           3.14  
   143        6574          1605.59              1           3.15  
   144        6612          1605.59              1           3.16  
   145        6650          1605.59              1           3.17  
   146        6688          1605.59              1            3.2  
   147        6726          1605.59              1           3.23  
   148        6764          1605.59              1           3.25  
   149        6802          1605.59              1           3.24  
   150        6840          1605.59              1           3.24  
   151        6878          1605.59              1           3.23  
   152        6916          1605.59              1           3.22  
   153        6954          1605.59              1           3.21  
   154        6992          1605.59              1           3.19  
   155        7030          1605.58              1           3.17  
   156        7068          1605.58              1           3.16  
   157        7106          1605.58              1           3.17  
   158        7144          1605.58              1           3.18  
   159        7182          1605.58              1           3.19  
                                                        First-order 
 Iteration  Func-count       f(x)        Step-size       optimality
   160        7220          1605.58              1           3.19  
   161        7258          1605.58              1            3.2  
   162        7296          1605.58              1           3.21  
   163        7334          1605.58              1            3.2  
   164        7372          1605.58              1           3.19  
   165        7410          1605.58              1           3.18  
   166        7448          1605.58              1           3.18  
   167        7486          1605.58              1           3.18  
   168        7524          1605.58              1           3.18  
   169        7562          1605.58              1           3.17  
   170        7600          1605.58              1           3.16  
   171        7638          1605.58              1           3.15  
   172        7676          1605.58              1           3.15  
   173        7714          1605.58              1           3.15  
   174        7752          1605.58              1           3.15  
   175        7790          1605.58              1           3.15  
   176        7828          1605.58              1           3.15  
   177        7866          1605.58              1           3.16  
   178        7904          1605.58              1           3.17  
   179        7942          1605.58              1           3.18  
                                                        First-order 
 Iteration  Func-count       f(x)        Step-size       optimality
   180        7980          1605.58              1           3.18  
   181        8018          1605.58              1           3.18  
   182        8056          1605.58              1           3.18  
   183        8094          1605.58              1           3.18  
   184        8132          1605.58              1           3.17  
   185        8170          1605.58              1           3.17  
   186        8208          1605.58              1           3.17  
   187        8246          1605.58              1           3.17  
   188        8284          1605.58              1           3.16  
   189        8322          1605.58              1           3.16  
   190        8360          1605.58              1           3.16  
   191        8398          1605.58              1           3.16  
   192        8436          1605.58              1           3.16  
   193        8474          1605.58              1           3.16  
   194        8512          1605.58              1           3.16  
   195        8550          1605.58              1           3.16  
   196        8588          1605.58              1           3.16  
   197        8626          1605.58              1           3.15  
   198        8664          1605.58              1           3.13  
   199        8702          1605.58              1           3.12  
                                                        First-order 
 Iteration  Func-count       f(x)        Step-size       optimality
   200        8740          1605.58              1           3.11  
   201        8778          1605.58              1           3.11  
   202        8816          1605.58              1           3.11  
   203        8854          1605.58              1           3.12  
   204        8892          1605.58              1           3.12  
   205        8930          1605.58              1           3.12  
   206        8968          1605.58              1           3.13  
   207        9006          1605.58              1           3.13  
   208        9044          1605.58              1           3.14  
   209        9082          1605.58              1           3.15  
   210        9120          1605.58              1           3.14  
   211        9158          1605.58              1           3.14  
   212        9196          1605.58              1           3.14  
   213        9234          1605.58              1           3.14  
   214        9272          1605.58              1           3.14  
   215        9310          1605.58              1           3.14  
   216        9348          1605.58              1           3.14  
   217        9386          1605.58              1           3.14  
   218        9424          1605.58              1           3.14  
   219        9462          1605.58              1           3.14  
                                                        First-order 
 Iteration  Func-count       f(x)        Step-size       optimality
   220        9500          1605.58              1           3.14  
   221        9538          1605.58              1           3.14  
   222        9576          1605.58              1           3.14  
   223        9614          1605.58              1           3.14  
   224        9652          1605.58              1           3.14  
   225        9690          1605.58              1           3.14  
   226        9728          1605.58              1           3.14  
   227        9766          1605.58              1           3.14  
   228        9842          1605.58       0.409402           3.14  
   229        9880          1605.58              1           3.14  
   230        9994          1605.58      0.0374215           3.14  
   231       10032          1605.58              1           3.14  
   232       10070          1605.58              1           3.14  
   233       10146          1605.58       0.360341           3.14  
   234       10184          1605.58              1           3.14  
   235       10222          1605.58              1           3.14  
   236       10260          1605.58              1           3.14  
   237       10298          1605.58              1           3.14  
   238       10336          1605.58              1           3.14  
   239       10374          1605.58              1           3.14  
                                                        First-order 
 Iteration  Func-count       f(x)        Step-size       optimality
   240       10450          1605.58       0.380562           3.14  
   241       10488          1605.58              1           3.14  
   242       10526          1605.58              1           3.14  
   243       10564          1605.58              1           3.14  
   244       10602          1605.58              1           3.14  
   245       10640          1605.58              1           3.14  
   246       10678          1605.58              1           3.14  
   247       10716          1605.58              1           3.14  
   248       10754          1605.58              1           3.14  
   249       10792          1605.58              1           3.14  
   250       10830          1605.58              1           3.14  
   251       10868          1605.58              1           3.14  
   252       10906          1605.58              1           3.14  
   253       10944          1605.58              1           3.14  
   254       10982          1605.58              1           3.14  
   255       11020          1605.58              1           3.14  
   256       11058          1605.58              1           3.14  
   257       11096          1605.58              1           3.14  
   258       11134          1605.58              1           3.14  
   259       11172          1605.58              1           3.14  
                                                        First-order 
 Iteration  Func-count       f(x)        Step-size       optimality
   260       11210          1605.58              1           3.14  
   261       11248          1605.58              1           3.14  
   262       11286          1605.58              1           3.14  
   263       11324          1605.58              1           3.14  
   264       11362          1605.58              1           3.14  
   265       11400          1605.58              1           3.14  
   266       11438          1605.58              1           3.14  
   267       11476          1605.58              1           3.14  
   268       11514          1605.58              1           3.13  
   269       11552          1605.58              1           3.12  
   270       11590          1605.58              1           3.11  
   271       11628          1605.58              1           3.09  
   272       11666          1605.58              1           3.05  
   273       11704          1605.58              1           2.99  
   274       11742          1605.57              1           2.98  
   275       11894          1605.57          0.271           2.98  
   276       13300          1605.57      0.0531719            325  

Local minimum possible.

fminunc stopped because it cannot decrease the objective function
along the current search direction.




Computing finite-difference Hessian using objective function.
Predicted change in objective function too small.
Current draw: 1000 of 5000
Current draw: 2000 of 5000
Current draw: 3000 of 5000
Current draw: 4000 of 5000
Current draw: 5000 of 5000
Elapsed time is 1166.191009 seconds.
Ran Forecast Type 2for Model 106 and Horizon 12
Performing iteration ending on 2007M7 of model 107
Warning: This should be expanded with the country names in case of panel
> In abstvar/abstvar/check_inputs
  In abstvar
  In svar
  In scriptEstimateMode_FULL (line 96)
  In run (line 86)
  In msreg_2reg_endoprob_SVAR_FULL_OOS (line 231)
  In OOS_slurm_IF (line 4)
    'c(3,1,sync,1)>=c(3,1,sync,2)'
    'a0(1,GDPG,sync,1)=0'
    'a0(2,GDPG,sync,1)=0'
    'a0(1,MF,sync,1)=0'
    'a0(1,GDPG,sync,2)=0'
    'a0(2,GDPG,sync,2)=0'
    'a0(1,MF,sync,2)=0'
    'a1(3,GDPG,sync,1)=0'
    'a1(3,GDPG,sync,2)=0'
    's(3,3,sync,1)<=s(3,3,sync,2)'

 parameter: A12, density:NORMAL, hyperparameters: [0.5 0.5],convergence 0
 parameter: A21, density:NORMAL, hyperparameters: [0.5 0.5],convergence 0
 parameter: B12, density:GAMMA, hyperparameters: [4 0.125],convergence 0
 parameter: C12, density:GAMMA, hyperparameters: [4 0.125],convergence 0
 parameter: B21, density:GAMMA, hyperparameters: [4 0.125],convergence 0
 parameter: C21, density:GAMMA, hyperparameters: [4 0.125],convergence 0
                                                        First-order 
 Iteration  Func-count       f(x)        Step-size       optimality
     0          41          12115.9                      1.12e+04
     1          82          3132.18    8.94509e-05       1.81e+03  
     2         123          2577.86              1       1.09e+03  
     3         164          2092.65              1            378  
     4         205          1964.47              1            191  
     5         246          1909.11              1            183  
     6         287          1885.61              1            169  
     7         328          1868.28              1            145  
     8         369           1853.2              1            108  
     9         410          1838.48              1            106  
    10         451          1814.16              1            166  
    11         492          1789.51              1            212  
    12         533          1777.48              1            183  
    13         574          1761.95              1            102  
    14         615          1742.61              1            161  
    15         656          1737.35              1            113  
    16         697          1719.97              1           94.2  
    17         738          1711.72              1            107  
    18         779          1706.57              1            135  
    19         820          1702.47              1            129  
                                                        First-order 
 Iteration  Func-count       f(x)        Step-size       optimality
    20         861          1693.69              1            129  
    21         902          1686.47              1            121  
    22         943          1680.18              1           54.4  
    23         984          1677.97              1           40.9  
    24        1025          1676.51              1           46.4  
    25        1066          1675.21              1           43.9  
    26        1107          1670.29              1           45.1  
    27        1148          1667.52              1           49.9  
    28        1189          1663.99              1           57.9  
    29        1230          1659.54              1           58.9  
    30        1271          1652.04              1           60.7  
    31        1312          1644.86              1           52.4  
    32        1353          1640.71              1             64  
    33        1394           1638.3              1           58.4  
    34        1435          1635.09              1           51.2  
    35        1476          1631.17              1           50.5  
    36        1517          1627.23              1           45.1  
    37        1558          1624.43              1           40.2  
    38        1599          1622.82              1           34.9  
    39        1640          1621.53              1           23.9  
                                                        First-order 
 Iteration  Func-count       f(x)        Step-size       optimality
    40        1681          1620.23              1           30.6  
    41        1722          1619.36              1           21.6  
    42        1763          1618.89              1           23.2  
    43        1804          1618.53              1           20.4  
    44        1968          1618.35          0.271           18.8  
    45        3731          1618.17      0.0890362            340  

Local minimum possible.

fminunc stopped because it cannot decrease the objective function
along the current search direction.




Computing finite-difference Hessian using objective function.
Predicted change in objective function too small.
Current draw: 1000 of 5000
Current draw: 2000 of 5000
Current draw: 3000 of 5000
Current draw: 4000 of 5000
Current draw: 5000 of 5000
Elapsed time is 608.610873 seconds.
Ran Forecast Type 2for Model 107 and Horizon 12
Performing iteration ending on 2007M7 of model 108
Warning: This should be expanded with the country names in case of panel
> In abstvar/abstvar/check_inputs
  In abstvar
  In svar
  In scriptEstimateMode_FULL (line 96)
  In run (line 86)
  In msreg_2reg_endoprob_SVAR_FULL_OOS (line 231)
  In OOS_slurm_IF (line 4)
    'c(3,1,sync,1)>=c(3,1,sync,2)'
    'a0(1,GDPG)=0'
    'a0(1,MF)=0'
    'a0(2,GDPG)=0'
    'a1(3,GDPG)=0'
    's(3,3,sync,1)<=s(3,3,sync,2)'

 parameter: A12, density:NORMAL, hyperparameters: [0.5 0.5],convergence 0
 parameter: A21, density:NORMAL, hyperparameters: [0.5 0.5],convergence 0
 parameter: B12, density:GAMMA, hyperparameters: [4 0.125],convergence 0
 parameter: C12, density:GAMMA, hyperparameters: [4 0.125],convergence 0
 parameter: B21, density:GAMMA, hyperparameters: [4 0.125],convergence 0
 parameter: C21, density:GAMMA, hyperparameters: [4 0.125],convergence 0
                                                        First-order 
 Iteration  Func-count       f(x)        Step-size       optimality
     0          28          12115.9                      1.12e+04
     1          56          3103.84    8.94509e-05       2.03e+03  
     2          84          2500.12              1       1.36e+03  
     3         112          2185.55              1            600  
     4         140          1969.24              1            244  
     5         168          1915.17              1            183  
     6         196          1895.16              1            194  
     7         224           1884.9              1            181  
     8         252          1872.62              1            144  
     9         280          1857.44              1            130  
    10         308          1842.65              1            102  
    11         336          1836.29              1           86.9  
    12         364          1833.84              1           51.4  
    13         392          1830.29              1           50.7  
    14         420          1827.85              1           68.5  
    15         448          1824.34              1           97.4  
    16         476           1819.5              1            106  
    17         504           1812.4              1            107  
    18         532          1806.06              1           99.7  
    19         560          1802.45              1           58.3  
                                                        First-order 
 Iteration  Func-count       f(x)        Step-size       optimality
    20         588          1800.36              1             61  
    21         616          1797.67              1           61.1  
    22         644          1792.35              1            105  
    23         672          1783.44              1            139  
    24         700          1773.19              1            126  
    25         728          1766.55              1           84.4  
    26         756          1763.41              1           79.4  
    27         784          1760.15              1           75.7  
    28         812          1755.35              1            149  
    29         840          1749.59              1            156  
    30         868          1746.09              1           58.9  
    31         896          1745.15              1             42  
    32         924          1744.53              1             36  
    33         952          1743.73              1           52.2  
    34         980          1742.62              1           51.3  
    35        1008           1741.6              1           33.7  
    36        1036          1740.92              1           37.9  
    37        1064          1740.39              1           33.2  
    38        1092          1739.63              1           33.3  
    39        1204          1739.18          0.271             36  
                                                        First-order 
 Iteration  Func-count       f(x)        Step-size       optimality
    40        2212           1738.8      0.0849531           63.1  
    41        3052           1738.8    2.96139e-07            996  

Local minimum possible.

fminunc stopped because it cannot decrease the objective function
along the current search direction.




Computing finite-difference Hessian using objective function.
Predicted change in objective function too small.
Current draw: 1000 of 5000
Current draw: 2000 of 5000
Current draw: 3000 of 5000
Current draw: 4000 of 5000
Current draw: 5000 of 5000
Elapsed time is 528.941705 seconds.
Ran Forecast Type 2for Model 108 and Horizon 12
