105
------------------------------------------
Setting up environment variables
---
LD_LIBRARY_PATH is .:/opt/MATLAB/R2017a/runtime/glnxa64:/opt/MATLAB/R2017a/bin/glnxa64:/opt/MATLAB/R2017a/sys/os/glnxa64:/opt/MATLAB/R2017a/sys/opengl/lib/glnxa64
Warning: Method directories not allowed in MATLAB path: /if/home/m1pac03/.mcrCache9.2/OOS_sl0/if/gms_research_gar/GAR/MS-VAR/RISE_toolbox2/classes/models/@dsge/private

	Personal pathdef has been created in your preference directory:
	/if/home/m1pac03/.mcrCache9.2/OOS_sl0/.matlab

Running on SLURM; using 1 cores as assigned on this node.

Performing iteration ending on 2007M9 of model 101
Warning: This should be expanded with the country names in case of panel
> In abstvar/abstvar/check_inputs
  In abstvar
  In svar
  In scriptEstimateMode_FULL (line 96)
  In run (line 86)
  In msreg_2reg_endoprob_SVAR_FULL_OOS (line 231)
  In OOS_slurm_IF (line 4)
    'c(3,1,sync,1)>=c(3,1,sync,2)'
    'a0(1,GDPG)=0'
    'a0(1,MF)=0'
    'a0(2,GDPG)=0'
    'a1(3,GDPG)=0'

 parameter: A12, density:NORMAL, hyperparameters: [0.5 0.5],convergence 0
 parameter: A21, density:NORMAL, hyperparameters: [0.5 0.5],convergence 0
 parameter: B12, density:GAMMA, hyperparameters: [4 0.125],convergence 0
 parameter: C12, density:GAMMA, hyperparameters: [4 0.125],convergence 0
 parameter: B21, density:GAMMA, hyperparameters: [4 0.125],convergence 0
 parameter: C21, density:GAMMA, hyperparameters: [4 0.125],convergence 0
                                                        First-order 
 Iteration  Func-count       f(x)        Step-size       optimality
     0          27          12178.7                      1.95e+04
     1          54           3131.9    5.12452e-05       1.88e+03  
     2          81          2713.61              1       1.37e+03  
     3         108          2129.42              1            503  
     4         135          1997.57              1            249  
     5         162          1954.55              1            183  
     6         189          1943.13              1            198  
     7         216          1934.65              1            196  
     8         243          1922.06              1            174  
     9         270          1906.14              1            122  
    10         297           1890.2              1            147  
    11         324          1881.38              1            162  
    12         351          1876.63              1            132  
    13         378          1867.72              1           74.1  
    14         405          1863.74              1             71  
    15         432          1861.42              1           72.8  
    16         459          1858.91              1           75.6  
    17         486          1852.16              1           99.1  
    18         513          1841.39              1            124  
    19         540          1830.62              1           94.4  
                                                        First-order 
 Iteration  Func-count       f(x)        Step-size       optimality
    20         567           1824.6              1           73.6  
    21         594          1821.38              1           75.4  
    22         621          1819.64              1           69.5  
    23         648          1815.53              1           80.4  
    24         675          1808.02              1            100  
    25         702          1798.73              1             94  
    26         729          1792.08              1             91  
    27         756          1789.08              1           79.4  
    28         783          1787.34              1             76  
    29         810           1783.3              1           77.1  
    30         837          1777.27              1           82.2  
    31         864           1769.4              1           56.9  
    32         891          1765.36              1           36.1  
    33         918          1764.36              1           25.3  
    34         945          1764.06              1           21.2  
    35         972          1763.89              1           22.3  
    36         999           1763.4              1           20.1  
    37        1026          1762.74              1           13.6  
    38        1053          1762.07              1           19.8  
    39        1080          1761.78              1           17.2  
                                                        First-order 
 Iteration  Func-count       f(x)        Step-size       optimality
    40        1107          1761.66              1           19.8  
    41        1134           1761.5              1           19.9  
    42        1161           1761.2              1           16.7  
    43        1188           1760.8              1             14  
    44        1215          1760.48              1           12.7  
    45        1242          1760.34              1           11.4  
    46        1269          1760.28              1           10.7  
    47        1296           1760.2              1           10.1  
    48        1323          1759.99              1             11  
    49        1350           1759.5              1           17.8  
    50        1377          1758.52              1           27.1  
    51        1404          1757.15              1           28.4  
    52        1431           1756.1              1           27.2  
    53        1458          1755.71              1           28.2  
    54        1485          1755.57              1           26.6  
    55        1512          1755.35              1           23.5  
    56        1539          1754.94              1           17.2  
    57        1566          1754.38              1           15.8  
    58        1593          1753.95              1           10.2  
    59        1620          1753.81              1           8.54  
                                                        First-order 
 Iteration  Func-count       f(x)        Step-size       optimality
    60        1647          1753.79              1           7.59  
    61        1674          1753.77              1           6.67  
    62        1701          1753.73              1           5.13  
    63        1728          1753.64              1           6.63  
    64        1755          1753.43              1           9.82  
    65        1782          1753.11              1           11.2  
    66        1809          1752.85              1           10.3  
    67        1836          1752.71              1             12  
    68        1863          1752.67              1           11.6  
    69        1890          1752.63              1           11.2  
    70        1917          1752.48              1            9.7  
    71        1944          1752.18              1           9.36  
    72        1971           1751.5              1           15.8  
    73        1998          1750.74              1           18.3  
    74        2025          1749.88              1           19.3  
    75        2052           1749.4              1           27.8  
    76        2079          1749.26              1           24.2  
    77        2106          1749.11              1           24.6  
    78        2133          1748.32              1           25.4  
    79        2160          1747.07              1           26.5  
                                                        First-order 
 Iteration  Func-count       f(x)        Step-size       optimality
    80        2187          1744.54              1           45.5  
    81        2214          1742.17              1             52  
    82        2241          1740.55              1           50.5  
    83        2268          1739.96              1           46.5  
    84        2295          1739.65              1           43.7  
    85        2322          1738.52              1           35.1  
    86        2349          1736.68              1           31.6  
    87        2376          1733.78              1           26.4  
    88        2403          1731.73              1           18.9  
    89        2430          1731.26              1           15.9  
    90        2457          1730.61              1           13.6  
    91        2484          1730.54              1           12.3  
    92        2511           1730.4              1           12.3  
    93        2538          1730.25              1           13.3  
    94        2565          1729.97              1           13.7  
    95        2592          1729.23              1           24.6  
    96        2619          1728.56              1           23.7  
    97        2646           1728.3              1           7.45  
    98        2673          1728.26              1           5.48  
    99        2700          1728.24              1           5.89  
                                                        First-order 
 Iteration  Func-count       f(x)        Step-size       optimality
   100        2727          1728.21              1           7.13  
   101        2754          1728.09              1             16  
   102        2781          1727.82              1           26.4  
   103        2808          1727.31              1           36.1  
   104        2835          1726.68              1           33.3  
   105        2862          1726.29              1           16.2  
   106        2889          1726.17              1           8.36  
   107        2916          1726.14              1           8.21  
   108        2943           1726.1              1           8.18  
   109        2970          1725.99              1           10.6  
   110        2997          1725.76              1           16.8  
   111        3024          1725.34              1           19.7  
   112        3051           1724.9              1           15.8  
   113        3078          1724.67              1           5.19  
   114        3105          1724.62              1           5.51  
   115        3132          1724.62              1           5.53  
   116        3159          1724.61              1            5.5  
   117        3186          1724.58              1           5.39  
   118        3213          1724.51              1           5.88  
   119        3240          1724.35              1           9.85  
                                                        First-order 
 Iteration  Func-count       f(x)        Step-size       optimality
   120        3267          1724.01              1           13.9  
   121        3294           1723.5              1             15  
   122        3321          1723.05              1           9.76  
   123        3348          1722.87              1           2.87  
   124        3375          1722.85              1            2.7  
   125        3402          1722.85              1            2.6  
   126        3429          1722.84              1            2.5  
   127        3456          1722.84              1           2.34  
   128        3483          1722.82              1           2.06  
   129        3510          1722.79              1           1.64  
   130        3537          1722.72              1           2.06  
   131        3564          1722.63              1           1.83  
   132        3591          1722.58              1           2.36  
   133        3618          1722.57              1           2.34  
   134        3645          1722.57              1            2.2  
   135        3672          1722.57              1           2.12  
   136        3699          1722.56              1           1.92  
   137        3726          1722.56              1           1.63  
   138        3753          1722.54              1            1.4  
   139        3780           1722.5              1           1.51  
                                                        First-order 
 Iteration  Func-count       f(x)        Step-size       optimality
   140        3807          1722.44              1           1.37  
   141        3834          1722.38              1          0.966  
   142        3861          1722.35              1          0.527  
   143        3888          1722.35              1          0.232  
   144        3915          1722.35              1          0.222  
   145        3942          1722.35              1          0.221  
   146        3969          1722.35              1          0.219  
   147        3996          1722.35              1          0.216  
   148        4023          1722.35              1          0.211  
   149        4050          1722.34              1          0.225  
   150        4077          1722.34              1          0.367  
   151        4104          1722.34              1          0.504  
   152        4131          1722.34              1          0.491  
   153        4158          1722.34              1          0.265  
   154        4185          1722.34              1          0.152  
   155        4212          1722.34              1          0.132  
   156        4239          1722.34              1          0.132  
   157        4266          1722.34              1          0.135  
   158        4293          1722.34              1          0.138  
   159        4320          1722.34              1          0.144  
                                                        First-order 
 Iteration  Func-count       f(x)        Step-size       optimality
   160        4347          1722.34              1          0.149  
   161        4374          1722.34              1          0.196  
   162        4401          1722.34              1           0.26  
   163        4428          1722.33              1          0.254  
   164        4455          1722.33              1          0.142  
   165        4482          1722.33              1         0.0323  
   166        4509          1722.33              1          0.017  
   167        4536          1722.33              1         0.0176  
   168        4563          1722.33              1         0.0176  
   169        4590          1722.33              1         0.0174  
   170        4644          1722.33        8.04281         0.0172  
   171        4671          1722.33              1          0.016  
   172        4698          1722.33              1         0.0303  
   173        4725          1722.33              1         0.0478  
   174        4752          1722.33              1         0.0523  
   175        4779          1722.33              1         0.0342  
   176        4806          1722.33              1        0.00816  
   177        4833          1722.33              1         0.0009  
   178        4860          1722.33              1       0.000348  
   179        4887          1722.33              1       0.000384  

Local minimum possible.

fminunc stopped because it cannot decrease the objective function
along the current search direction.




Computing finite-difference Hessian using objective function.
Predicted change in objective function too small.
Current draw: 1000 of 5000
Current draw: 2000 of 5000
Current draw: 3000 of 5000
Current draw: 4000 of 5000
Current draw: 5000 of 5000
Elapsed time is 702.507838 seconds.
Ran Forecast Type 2for Model 101 and Horizon 12
Performing iteration ending on 2007M9 of model 102
Warning: This should be expanded with the country names in case of panel
> In abstvar/abstvar/check_inputs
  In abstvar
  In svar
  In scriptEstimateMode_FULL (line 96)
  In run (line 86)
  In msreg_2reg_endoprob_SVAR_FULL_OOS (line 231)
  In OOS_slurm_IF (line 4)
    'c(3,1,sync,1)>=c(3,1,sync,2)'
    'a0(1,GDPG)=0'
    'a0(1,MF)=0'
    'a0(2,GDPG)=0'
    'a1(3,GDPG)=0'
    's(3,3,sync,1)<=s(3,3,sync,2)'

 parameter: A12, density:NORMAL, hyperparameters: [0.5 0.5],convergence 0
 parameter: A21, density:NORMAL, hyperparameters: [0.5 0.5],convergence 0
 parameter: B12, density:GAMMA, hyperparameters: [4 0.125],convergence 0
 parameter: C12, density:GAMMA, hyperparameters: [4 0.125],convergence 0
 parameter: B21, density:GAMMA, hyperparameters: [4 0.125],convergence 0
 parameter: C21, density:GAMMA, hyperparameters: [4 0.125],convergence 0
                                                        First-order 
 Iteration  Func-count       f(x)        Step-size       optimality
     0          30          12178.7                      1.12e+04
     1          60          3128.63    8.91196e-05       2.12e+03  
     2          90          2501.63              1       1.48e+03  
     3         120          2148.33              1            618  
     4         150          1895.25              1            227  
     5         180          1839.66              1            117  
     6         210          1821.22              1            119  
     7         240          1811.12              1            129  
     8         270          1795.26              1            163  
     9         300          1771.04              1            161  
    10         330          1748.03              1            168  
    11         360          1736.87              1            139  
    12         390          1727.54              1           96.2  
    13         420          1721.82              1           95.9  
    14         450          1714.88              1           96.5  
    15         480          1707.56              1            137  
    16         510          1699.98              1            129  
    17         540          1689.28              1            144  
    18         570          1680.69              1            139  
    19         600          1676.95              1           93.7  
                                                        First-order 
 Iteration  Func-count       f(x)        Step-size       optimality
    20         630          1673.67              1           51.8  
    21         660          1670.25              1            123  
    22         690             1667              1            141  
    23         720          1664.81              1           93.6  
    24         750          1663.11              1           58.3  
    25         780          1660.72              1            117  
    26         810           1655.1              1            248  
    27         840           1647.9              1            293  
    28         870          1641.84              1            180  
    29         900          1639.84              1           37.9  
    30         930          1639.16              1           33.5  
    31         960          1638.28              1           82.3  
    32         990          1636.74              1            128  
    33        1020          1634.81              1            129  
    34        1050          1633.54              1           71.8  
    35        1080          1633.12              1           15.3  
    36        1110          1632.96              1           14.8  
    37        1140          1632.78              1           32.8  
    38        1170          1632.43              1           52.4  
    39        1200          1631.95              1           55.7  
                                                        First-order 
 Iteration  Func-count       f(x)        Step-size       optimality
    40        1230          1631.53              1           33.6  
    41        1260          1631.29              1           23.8  
    42        1290          1631.11              1           23.6  
    43        1320          1630.78              1           43.7  
    44        1350          1630.18              1           68.6  
    45        1410          1629.91       0.256973           69.9  
    46        1500          1629.53           0.19           65.2  
    47        2490          1629.36      0.0821088           61.4  
    48        2700          1629.36          1e-06            810  
    49        4050          1629.36    1.58254e-08            998  

Local minimum possible.

fminunc stopped because the size of the current step is less than
the selected value of the step size tolerance.




Local minimum possible.

fminunc stopped because it cannot decrease the objective function
along the current search direction.




Computing finite-difference Hessian using objective function.
Predicted change in objective function too small.
Current draw: 1000 of 5000
Current draw: 2000 of 5000
Current draw: 3000 of 5000
Current draw: 4000 of 5000
Current draw: 5000 of 5000
Elapsed time is 625.414834 seconds.
Ran Forecast Type 2for Model 102 and Horizon 12
Performing iteration ending on 2007M9 of model 103
Warning: This should be expanded with the country names in case of panel
> In abstvar/abstvar/check_inputs
  In abstvar
  In svar
  In scriptEstimateMode_FULL (line 96)
  In run (line 86)
  In msreg_2reg_endoprob_SVAR_FULL_OOS (line 231)
  In OOS_slurm_IF (line 4)
    'c(3,1,sync,1)>=c(3,1,sync,2)'
    'a0(1,GDPG,sync,1)=0'
    'a0(2,GDPG,sync,1)=0'
    'a0(1,MF,sync,1)=0'
    'a0(1,GDPG,sync,2)=0'
    'a0(2,GDPG,sync,2)=0'
    'a0(1,MF,sync,2)=0'
    'a1(3,GDPG)=0'

 parameter: A12, density:NORMAL, hyperparameters: [0.5 0.5],convergence 0
 parameter: A21, density:NORMAL, hyperparameters: [0.5 0.5],convergence 0
 parameter: B12, density:GAMMA, hyperparameters: [4 0.125],convergence 0
 parameter: C12, density:GAMMA, hyperparameters: [4 0.125],convergence 0
 parameter: B21, density:GAMMA, hyperparameters: [4 0.125],convergence 0
 parameter: C21, density:GAMMA, hyperparameters: [4 0.125],convergence 0
                                                        First-order 
 Iteration  Func-count       f(x)        Step-size       optimality
     0          30          12178.7                      1.95e+04
     1          60          3175.78    5.12452e-05       1.97e+03  
     2          90          2741.09              1       1.42e+03  
     3         120          2142.28              1            521  
     4         150          2006.83              1            251  
     5         180          1964.19              1            180  
     6         210          1953.77              1            194  
     7         240          1946.11              1            193  
     8         270          1933.57              1            170  
     9         300          1917.34              1            113  
    10         330          1901.04              1            117  
    11         360          1892.56              1            131  
    12         390          1890.01              1            114  
    13         420          1883.45              1           53.6  
    14         450          1878.96              1           52.2  
    15         480          1875.68              1           63.3  
    16         510          1873.76              1           72.5  
    17         540          1870.45              1           79.5  
    18         570          1863.64              1           91.1  
    19         600          1854.35              1           98.4  
                                                        First-order 
 Iteration  Func-count       f(x)        Step-size       optimality
    20         630          1847.89              1           63.7  
    21         660          1844.77              1             62  
    22         690          1843.13              1           59.7  
    23         720          1841.36              1           53.5  
    24         750          1836.98              1           74.2  
    25         780          1829.85              1           86.4  
    26         810          1821.77              1           87.6  
    27         840          1816.23              1           75.8  
    28         870          1814.06              1           78.4  
    29         900          1812.34              1           73.4  
    30         930          1808.16              1           77.5  
    31         960          1802.05              1           78.5  
    32         990          1794.75              1           45.8  
    33        1020          1791.53              1           39.6  
    34        1050          1790.57              1           38.1  
    35        1080          1789.97              1           36.8  
    36        1110          1789.19              1             40  
    37        1140          1787.18              1           45.2  
    38        1170          1783.94              1           39.6  
    39        1200          1780.12              1           54.3  
                                                        First-order 
 Iteration  Func-count       f(x)        Step-size       optimality
    40        1230          1777.87              1           40.4  
    41        1260           1777.3              1             42  
    42        1290          1776.87              1           43.3  
    43        1320          1775.86              1           36.8  
    44        1350           1774.8              1           19.9  
    45        1380           1774.1              1           17.8  
    46        1410          1773.86              1           16.6  
    47        1440          1773.75              1           15.8  
    48        1470          1773.57              1             15  
    49        1500          1773.14              1           15.7  
    50        1530          1772.15              1           26.2  
    51        1560          1770.19              1             40  
    52        1590          1767.63              1             40  
    53        1620          1765.97              1           39.6  
    54        1650          1765.29              1           40.8  
    55        1680          1764.83              1             39  
    56        1710          1764.02              1             35  
    57        1740          1762.41              1           31.8  
    58        1770          1760.01              1             38  
    59        1800          1757.82              1           28.3  
                                                        First-order 
 Iteration  Func-count       f(x)        Step-size       optimality
    60        1830          1756.84              1             32  
    61        1860          1756.54              1           31.5  
    62        1890          1756.23              1           29.5  
    63        1920          1755.55              1           25.8  
    64        1950          1754.25              1           28.1  
    65        1980          1752.53              1             28  
    66        2010          1751.49              1           22.1  
    67        2040          1751.14              1           21.7  
    68        2070          1750.96              1           20.6  
    69        2100          1750.72              1           21.3  
    70        2130           1750.2              1           20.1  
    71        2160          1749.35              1           16.2  
    72        2190          1748.37              1           16.6  
    73        2220          1747.84              1           15.1  
    74        2250          1747.68              1           15.2  
    75        2280          1747.56              1             15  
    76        2310          1747.31              1           13.8  
    77        2340          1746.82              1           12.6  
    78        2370          1746.07              1             13  
    79        2400           1745.5              1           10.1  
                                                        First-order 
 Iteration  Func-count       f(x)        Step-size       optimality
    80        2430          1745.29              1           9.45  
    81        2460          1745.23              1           9.13  
    82        2490           1745.2              1           8.98  
    83        2520          1745.08              1           8.67  
    84        2550          1744.81              1           8.14  
    85        2580          1744.15              1           13.2  
    86        2610          1742.86              1           21.1  
    87        2640          1741.13              1           24.8  
    88        2670          1739.87              1           19.9  
    89        2700           1739.4              1             14  
    90        2730          1739.34              1           14.6  
    91        2760          1739.29              1           14.4  
    92        2790          1739.13              1           13.2  
    93        2820          1738.72              1           10.1  
    94        2850             1738              1           19.9  
    95        2880          1737.22              1           23.4  
    96        2910          1736.68              1           14.7  
    97        2940          1736.52              1           10.4  
    98        2970          1736.49              1           9.81  
    99        3000          1736.41              1           8.47  
                                                        First-order 
 Iteration  Func-count       f(x)        Step-size       optimality
   100        3030          1736.26              1           11.5  
   101        3060          1735.93              1             18  
   102        3090          1735.52              1             18  
   103        3120          1735.27              1           10.9  
   104        3150          1735.18              1           6.21  
   105        3180          1735.16              1           5.57  
   106        3210          1735.13              1           5.51  
   107        3240          1735.05              1            7.8  
   108        3270          1734.83              1           13.4  
   109        3300          1734.33              1           21.2  
   110        3330          1733.46              1           26.6  
   111        3360          1732.72              1           21.8  
   112        3390          1732.34              1           9.76  
   113        3420          1732.26              1           5.97  
   114        3450          1732.25              1           5.83  
   115        3480          1732.22              1           5.31  
   116        3510          1732.15              1           4.48  
   117        3540          1732.01              1           4.16  
   118        3570          1731.72              1           5.27  
   119        3600          1731.27              1           6.17  
                                                        First-order 
 Iteration  Func-count       f(x)        Step-size       optimality
   120        3630          1730.86              1           5.79  
   121        3780          1726.74        3.52957           32.4  
   122        3870          1726.68      0.0242361           35.6  
   123        3900           1725.4              1           32.4  
   124        3930          1723.22              1           12.7  
   125        3960          1722.45              1           5.08  
   126        3990          1722.39              1           4.66  
   127        4020          1722.36              1           4.64  
   128        4050          1722.35              1           4.64  
   129        4080          1722.28              1           4.58  
   130        4110          1722.16              1           8.82  
   131        4140           1721.9              1           13.3  
   132        4170          1721.54              1           13.8  
   133        4200          1721.27              1           8.84  
   134        4230           1721.2              1           4.56  
   135        4260          1721.19              1           4.43  
   136        4290          1721.18              1           4.35  
   137        4320          1721.14              1           4.35  
   138        4350          1721.02              1           5.58  
   139        4380          1720.76              1           8.73  
                                                        First-order 
 Iteration  Func-count       f(x)        Step-size       optimality
   140        4410          1720.19              1           12.2  
   141        4440          1719.29              1           12.8  
   142        4470          1718.44              1            7.9  
   143        4500          1718.14              1           4.24  
   144        4530          1718.11              1           4.42  
   145        4560           1718.1              1           4.35  
   146        4590          1718.09              1           4.25  
   147        4620          1718.08              1              4  
   148        4650          1718.04              1           3.48  
   149        4680          1717.96              1           2.63  
   150        4710          1717.82              1           3.01  
   151        4740           1717.7              1           2.13  
   152        4770          1717.65              1           1.53  
   153        4800          1717.64              1           1.29  
   154        4830          1717.64              1           1.28  
   155        4860          1717.64              1           1.28  
   156        4890          1717.63              1           1.28  
   157        4920          1717.63              1           1.35  
   158        4950          1717.62              1           1.47  
   159        4980          1717.59              1           1.57  
                                                        First-order 
 Iteration  Func-count       f(x)        Step-size       optimality
   160        5010          1717.53              1           1.54  
   161        5040          1717.46              1            1.7  
   162        5070          1717.41              1           1.01  
   163        5100           1717.4              1          0.593  
   164        5130           1717.4              1          0.687  
   165        5160           1717.4              1          0.688  
   166        5190           1717.4              1          0.683  
   167        5220           1717.4              1          0.665  
   168        5250           1717.4              1          0.618  
   169        5280           1717.4              1          0.506  
   170        5310          1717.39              1          0.302  
   171        5340          1717.39              1          0.192  
   172        5370          1717.39              1          0.189  
   173        5400          1717.39              1          0.193  
   174        5430          1717.39              1          0.188  
   175        5460          1717.39              1          0.185  
   176        5490          1717.39              1          0.177  
   177        5520          1717.39              1          0.165  
   178        5550          1717.39              1          0.138  
   179        5580          1717.39              1          0.136  
                                                        First-order 
 Iteration  Func-count       f(x)        Step-size       optimality
   180        5610          1717.39              1          0.155  
   181        5640          1717.39              1          0.119  
   182        5670          1717.39              1         0.0469  
   183        5700          1717.39              1         0.0426  
   184        5730          1717.39              1         0.0432  
   185        5760          1717.39              1         0.0434  
   186        5790          1717.39              1         0.0438  
   187        5820          1717.39              1         0.0444  
   188        5850          1717.39              1         0.0452  
   189        5880          1717.39              1         0.0457  
   190        5910          1717.39              1         0.0458  
   191        5940          1717.39              1         0.0429  
   192        5970          1717.39              1          0.043  
   193        6000          1717.39              1          0.042  
   194        6030          1717.39              1         0.0211  
   195        6060          1717.39              1        0.00566  
   196        6090          1717.39              1        0.00532  
   197        6120          1717.39              1        0.00522  
   198        6150          1717.39              1        0.00528  
   199        6180          1717.39              1        0.00522  
                                                        First-order 
 Iteration  Func-count       f(x)        Step-size       optimality
   200        6210          1717.39              1        0.00521  
   201        6240          1717.39              1        0.00547  
   202        6270          1717.39              1        0.00539  
   203        6300          1717.39              1        0.00505  
   204        6330          1717.39              1         0.0048  
   205        6360          1717.39              1        0.00433  
   206        6390          1717.39              1        0.00699  
   207        6420          1717.39              1        0.00778  
   208        6450          1717.39              1        0.00603  
   209        6480          1717.39              1        0.00441  
   210        6510          1717.39              1        0.00191  
   211        6540          1717.39              1       0.000336  
   212        6570          1717.39              1       0.000305  
   213        6690          1717.39     0.00409161       0.000244  

Local minimum found.

Optimization completed because the size of the gradient is less than
the selected value of the optimality tolerance.




Computing finite-difference Hessian using objective function.
First order optimality conditions satisfied.
Current draw: 1000 of 5000
Current draw: 2000 of 5000
Current draw: 3000 of 5000
Current draw: 4000 of 5000
Current draw: 5000 of 5000
Elapsed time is 780.013366 seconds.
Ran Forecast Type 2for Model 103 and Horizon 12
Performing iteration ending on 2007M9 of model 104
Warning: This should be expanded with the country names in case of panel
> In abstvar/abstvar/check_inputs
  In abstvar
  In svar
  In scriptEstimateMode_FULL (line 96)
  In run (line 86)
  In msreg_2reg_endoprob_SVAR_FULL_OOS (line 231)
  In OOS_slurm_IF (line 4)
    'c(3,1,sync,1)>=c(3,1,sync,2)'
    'a0(1,GDPG)=0'
    'a0(1,MF)=0'
    'a0(2,GDPG)=0'
    'a1(3,GDPG,sync,1)=0'
    'a1(3,GDPG,sync,2)=0'

 parameter: A12, density:NORMAL, hyperparameters: [0.5 0.5],convergence 0
 parameter: A21, density:NORMAL, hyperparameters: [0.5 0.5],convergence 0
 parameter: B12, density:GAMMA, hyperparameters: [4 0.125],convergence 0
 parameter: C12, density:GAMMA, hyperparameters: [4 0.125],convergence 0
 parameter: B21, density:GAMMA, hyperparameters: [4 0.125],convergence 0
 parameter: C21, density:GAMMA, hyperparameters: [4 0.125],convergence 0
                                                        First-order 
 Iteration  Func-count       f(x)        Step-size       optimality
     0          35          12178.7                      1.95e+04
     1          70          3248.03    5.12452e-05       1.94e+03  
     2         105          2781.58              1        1.4e+03  
     3         140          2269.54              1            590  
     4         175          2138.94              1            351  
     5         210          2058.55              1            299  
     6         245          2025.37              1            257  
     7         280          2007.24              1            193  
     8         315          1992.15              1            210  
     9         350          1975.82              1            203  
    10         385          1959.35              1            245  
    11         420          1939.48              1            354  
    12         455          1916.96              1            355  
    13         490          1890.09              1            287  
    14         525          1870.81              1            272  
    15         560          1859.52              1            143  
    16         595           1854.1              1           81.6  
    17         630          1851.22              1           75.1  
    18         665          1847.95              1             97  
    19         700          1843.13              1            115  
                                                        First-order 
 Iteration  Func-count       f(x)        Step-size       optimality
    20         735           1835.5              1            145  
    21         770          1825.25              1            204  
    22         805          1814.39              1            169  
    23         840          1808.65              1           87.7  
    24         875          1805.23              1           81.2  
    25         910          1800.54              1            106  
    26         945          1795.39              1            154  
    27         980          1789.86              1            160  
    28        1015          1784.68              1            129  
    29        1050           1778.6              1           83.8  
    30        1085          1774.07              1           84.2  
    31        1120          1771.35              1            100  
    32        1155          1767.81              1           59.5  
    33        1190          1765.54              1             48  
    34        1225          1762.39              1           62.8  
    35        1260          1759.53              1           92.3  
    36        1295           1755.7              1            113  
    37        1330          1750.35              1            115  
    38        1365          1744.01              1           92.5  
    39        1400          1738.12              1           71.2  
                                                        First-order 
 Iteration  Func-count       f(x)        Step-size       optimality
    40        1435          1734.37              1           51.3  
    41        1470          1733.33              1           46.6  
    42        1505          1732.34              1           42.3  
    43        1540          1730.38              1             43  
    44        1575          1727.16              1             71  
    45        1645          1724.55        0.67415           91.9  
    46        1750          1723.74           0.19           83.5  
    47        1995          1723.29        0.10321           77.9  
    48        2800          1723.28     0.00248311            467  

Local minimum possible.

fminunc stopped because it cannot decrease the objective function
along the current search direction.




Computing finite-difference Hessian using objective function.
Predicted change in objective function too small.
Current draw: 1000 of 5000
Current draw: 2000 of 5000
Current draw: 3000 of 5000
Current draw: 4000 of 5000
Current draw: 5000 of 5000
Elapsed time is 559.220297 seconds.
Ran Forecast Type 2for Model 104 and Horizon 12
Performing iteration ending on 2007M9 of model 105
Warning: This should be expanded with the country names in case of panel
> In abstvar/abstvar/check_inputs
  In abstvar
  In svar
  In scriptEstimateMode_FULL (line 96)
  In run (line 86)
  In msreg_2reg_endoprob_SVAR_FULL_OOS (line 231)
  In OOS_slurm_IF (line 4)
    'c(3,1,sync,1)>=c(3,1,sync,2)'
    'a0(1,GDPG,sync,1)=0'
    'a0(2,GDPG,sync,1)=0'
    'a0(1,MF,sync,1)=0'
    'a0(1,GDPG,sync,2)=0'
    'a0(2,GDPG,sync,2)=0'
    'a0(1,MF,sync,2)=0'
    'a1(3,GDPG)=0'
    's(3,3,sync,1)<=s(3,3,sync,2)'

 parameter: A12, density:NORMAL, hyperparameters: [0.5 0.5],convergence 0
 parameter: A21, density:NORMAL, hyperparameters: [0.5 0.5],convergence 0
 parameter: B12, density:GAMMA, hyperparameters: [4 0.125],convergence 0
 parameter: C12, density:GAMMA, hyperparameters: [4 0.125],convergence 0
 parameter: B21, density:GAMMA, hyperparameters: [4 0.125],convergence 0
 parameter: C21, density:GAMMA, hyperparameters: [4 0.125],convergence 0
                                                        First-order 
 Iteration  Func-count       f(x)        Step-size       optimality
     0          33          12178.7                      1.12e+04
     1          66           3184.9    8.91196e-05       2.08e+03  
     2          99          2522.13              1       1.46e+03  
     3         132           2153.9              1            608  
     4         165          1908.79              1            224  
     5         198           1853.8              1            113  
     6         231          1836.61              1            115  
     7         264          1827.52              1            117  
     8         297           1812.8              1            153  
     9         330          1790.22              1            156  
    10         363          1768.65              1            151  
    11         396           1758.7              1            137  
    12         429          1750.43              1           94.7  
    13         462          1744.27              1            106  
    14         495          1735.82              1            115  
    15         528          1728.18              1            138  
    16         561           1722.1              1            129  
    17         594          1714.64              1            128  
    18         627          1707.16              1            150  
    19         660          1703.43              1           74.2  
                                                        First-order 
 Iteration  Func-count       f(x)        Step-size       optimality
    20         693          1701.08              1           47.8  
    21         726          1698.29              1            108  
    22         759          1695.41              1            152  
    23         792          1692.86              1             96  
    24         825          1691.01              1           72.7  
    25         858          1689.04              1           90.9  
    26         891          1684.81              1            219  
    27         924          1678.11              1            300  
    28         957          1671.62              1            232  
    29         990          1668.14              1           67.3  
    30        1023          1666.59              1           40.4  
    31        1056          1664.53              1            138  
    32        1089          1660.81              1            229  
    33        1122          1655.98              1            240  
    34        1155          1652.46              1            141  
    35        1188          1650.99              1           39.1  
    36        1221          1650.24              1           39.5  
    37        1254          1649.36              1           90.3  
    38        1287          1648.14              1            113  
    39        1320          1646.99              1           79.9  
                                                        First-order 
 Iteration  Func-count       f(x)        Step-size       optimality
    40        1353          1646.33              1           26.4  
    41        1386          1645.91              1           24.6  
    42        1419          1645.32              1           68.2  
    43        1452          1644.25              1            110  
    44        1485          1642.71              1            122  
    45        1551          1642.07       0.368859            106  
    46        1650          1641.63           0.19           88.5  
    47        1782          1641.34       0.129339           75.2  
    48        2739          1641.26      0.0343643            369  

Local minimum possible.

fminunc stopped because it cannot decrease the objective function
along the current search direction.




Computing finite-difference Hessian using objective function.
Predicted change in objective function too small.
Current draw: 1000 of 5000
Current draw: 2000 of 5000
Current draw: 3000 of 5000
Current draw: 4000 of 5000
Current draw: 5000 of 5000
Elapsed time is 549.872930 seconds.
Ran Forecast Type 2for Model 105 and Horizon 12
Performing iteration ending on 2007M9 of model 106
Warning: This should be expanded with the country names in case of panel
> In abstvar/abstvar/check_inputs
  In abstvar
  In svar
  In scriptEstimateMode_FULL (line 96)
  In run (line 86)
  In msreg_2reg_endoprob_SVAR_FULL_OOS (line 231)
  In OOS_slurm_IF (line 4)
    'c(3,1,sync,1)>=c(3,1,sync,2)'
    'a0(1,GDPG)=0'
    'a0(1,MF)=0'
    'a0(2,GDPG)=0'
    'a1(3,GDPG,sync,1)=0'
    'a1(3,GDPG,sync,2)=0'
    's(3,3,sync,1)<=s(3,3,sync,2)'

 parameter: A12, density:NORMAL, hyperparameters: [0.5 0.5],convergence 0
 parameter: A21, density:NORMAL, hyperparameters: [0.5 0.5],convergence 0
 parameter: B12, density:GAMMA, hyperparameters: [4 0.125],convergence 0
 parameter: C12, density:GAMMA, hyperparameters: [4 0.125],convergence 0
 parameter: B21, density:GAMMA, hyperparameters: [4 0.125],convergence 0
 parameter: C21, density:GAMMA, hyperparameters: [4 0.125],convergence 0
                                                        First-order 
 Iteration  Func-count       f(x)        Step-size       optimality
     0          38          12178.7                      1.12e+04
     1          76           3093.1    8.91196e-05        1.7e+03  
     2         114          2569.96              1       1.06e+03  
     3         152          2085.53              1            372  
     4         190          1956.83              1            198  
     5         228          1900.15              1            190  
     6         266          1877.37              1            174  
     7         304          1860.12              1            146  
     8         342          1842.96              1            100  
     9         380          1826.35              1            112  
    10         418          1805.05              1            154  
    11         456          1779.74              1            225  
    12         494          1767.66              1            205  
    13         532           1748.6              1            128  
    14         570          1727.63              1            151  
    15         608             1722              1            103  
    16         646          1708.93              1           80.6  
    17         684          1697.32              1           67.4  
    18         722          1691.46              1            119  
    19         760          1686.49              1            137  
                                                        First-order 
 Iteration  Func-count       f(x)        Step-size       optimality
    20         798          1677.94              1            133  
    21         836          1671.16              1            116  
    22         874          1662.65              1           73.7  
    23         912          1660.13              1             50  
    24         950          1658.31              1           36.8  
    25         988          1657.29              1           70.5  
    26        1026          1655.42              1           67.4  
    27        1064          1649.87              1           90.4  
    28        1102           1645.4              1            108  
    29        1140          1639.96              1           99.9  
    30        1178          1633.16              1           51.8  
    31        1216          1628.82              1           42.8  
    32        1254          1627.58              1           31.8  
    33        1292          1626.44              1           35.9  
    34        1330          1624.39              1           39.8  
    35        2584          1623.93       0.131242            944  

Local minimum possible.

fminunc stopped because it cannot decrease the objective function
along the current search direction.




Computing finite-difference Hessian using objective function.
Predicted change in objective function too small.
Current draw: 1000 of 5000
Current draw: 2000 of 5000
Current draw: 3000 of 5000
Current draw: 4000 of 5000
Current draw: 5000 of 5000
Elapsed time is 553.381036 seconds.
Ran Forecast Type 2for Model 106 and Horizon 12
Performing iteration ending on 2007M9 of model 107
Warning: This should be expanded with the country names in case of panel
> In abstvar/abstvar/check_inputs
  In abstvar
  In svar
  In scriptEstimateMode_FULL (line 96)
  In run (line 86)
  In msreg_2reg_endoprob_SVAR_FULL_OOS (line 231)
  In OOS_slurm_IF (line 4)
    'c(3,1,sync,1)>=c(3,1,sync,2)'
    'a0(1,GDPG,sync,1)=0'
    'a0(2,GDPG,sync,1)=0'
    'a0(1,MF,sync,1)=0'
    'a0(1,GDPG,sync,2)=0'
    'a0(2,GDPG,sync,2)=0'
    'a0(1,MF,sync,2)=0'
    'a1(3,GDPG,sync,1)=0'
    'a1(3,GDPG,sync,2)=0'
    's(3,3,sync,1)<=s(3,3,sync,2)'

 parameter: A12, density:NORMAL, hyperparameters: [0.5 0.5],convergence 0
 parameter: A21, density:NORMAL, hyperparameters: [0.5 0.5],convergence 0
 parameter: B12, density:GAMMA, hyperparameters: [4 0.125],convergence 0
 parameter: C12, density:GAMMA, hyperparameters: [4 0.125],convergence 0
 parameter: B21, density:GAMMA, hyperparameters: [4 0.125],convergence 0
 parameter: C21, density:GAMMA, hyperparameters: [4 0.125],convergence 0
                                                        First-order 
 Iteration  Func-count       f(x)        Step-size       optimality
     0          41          12178.7                      1.12e+04
     1          82             3152    8.91196e-05       1.81e+03  
     2         123          2589.35              1       1.09e+03  
     3         164          2105.57              1            382  
     4         205          1976.07              1            191  
     5         246          1920.61              1            184  
     6         287          1897.29              1            171  
     7         328          1879.98              1            148  
     8         369          1864.31              1            110  
     9         410          1848.97              1            106  
    10         451          1824.92              1            161  
    11         492          1800.98              1            204  
    12         533          1788.87              1            178  
    13         574          1774.15              1            106  
    14         615          1753.94              1            167  
    15         656           1748.7              1            112  
    16         697          1731.15              1            103  
    17         738          1722.35              1            117  
    18         779          1717.17              1            130  
    19         820          1713.15              1            127  
                                                        First-order 
 Iteration  Func-count       f(x)        Step-size       optimality
    20         861          1704.67              1            134  
    21         902          1696.72              1            138  
    22         943          1690.62              1           66.1  
    23         984          1688.13              1           47.1  
    24        1025           1686.5              1           49.3  
    25        1066          1685.22              1           48.4  
    26        1107          1680.65              1             39  
    27        1148          1678.31              1           47.4  
    28        1189          1674.96              1           59.8  
    29        1230          1670.49              1           69.8  
    30        1271          1662.81              1           71.6  
    31        1312          1654.91              1           54.6  
    32        1353          1650.27              1             61  
    33        1394          1647.95              1           56.5  
    34        1435          1644.95              1           51.2  
    35        1476          1640.92              1           62.5  
    36        1517          1636.69              1           51.4  
    37        1558          1633.68              1           43.6  
    38        1599          1632.01              1           37.8  
    39        1640           1630.7              1           26.1  
                                                        First-order 
 Iteration  Func-count       f(x)        Step-size       optimality
    40        1681          1629.52              1           33.7  
    41        1804           1629.3           0.19           31.3  
    42        3157          1629.14      0.0898783            600  

Local minimum possible.

fminunc stopped because it cannot decrease the objective function
along the current search direction.




Computing finite-difference Hessian using objective function.
Predicted change in objective function too small.
Current draw: 1000 of 5000
Current draw: 2000 of 5000
Current draw: 3000 of 5000
Current draw: 4000 of 5000
Current draw: 5000 of 5000
Elapsed time is 594.202706 seconds.
Ran Forecast Type 2for Model 107 and Horizon 12
Performing iteration ending on 2007M9 of model 108
Warning: This should be expanded with the country names in case of panel
> In abstvar/abstvar/check_inputs
  In abstvar
  In svar
  In scriptEstimateMode_FULL (line 96)
  In run (line 86)
  In msreg_2reg_endoprob_SVAR_FULL_OOS (line 231)
  In OOS_slurm_IF (line 4)
    'c(3,1,sync,1)>=c(3,1,sync,2)'
    'a0(1,GDPG)=0'
    'a0(1,MF)=0'
    'a0(2,GDPG)=0'
    'a1(3,GDPG)=0'
    's(3,3,sync,1)<=s(3,3,sync,2)'

 parameter: A12, density:NORMAL, hyperparameters: [0.5 0.5],convergence 0
 parameter: A21, density:NORMAL, hyperparameters: [0.5 0.5],convergence 0
 parameter: B12, density:GAMMA, hyperparameters: [4 0.125],convergence 0
 parameter: C12, density:GAMMA, hyperparameters: [4 0.125],convergence 0
 parameter: B21, density:GAMMA, hyperparameters: [4 0.125],convergence 0
 parameter: C21, density:GAMMA, hyperparameters: [4 0.125],convergence 0
                                                        First-order 
 Iteration  Func-count       f(x)        Step-size       optimality
     0          28          12178.7                      1.12e+04
     1          56          3115.58    8.91196e-05       2.01e+03  
     2          84          2511.18              1       1.34e+03  
     3         112          2193.85              1            597  
     4         140          1979.68              1            243  
     5         168          1925.86              1            185  
     6         196          1906.01              1            195  
     7         224          1895.61              1            182  
     8         252          1883.04              1            143  
     9         280          1867.61              1            132  
    10         308          1852.83              1            103  
    11         336          1846.61              1           89.4  
    12         364             1844              1           50.9  
    13         392          1840.45              1             48  
    14         420          1838.05              1           69.2  
    15         448          1834.53              1           97.1  
    16         476          1829.56              1            105  
    17         504           1822.3              1            106  
    18         532          1816.02              1           94.1  
    19         560          1812.56              1           58.9  
                                                        First-order 
 Iteration  Func-count       f(x)        Step-size       optimality
    20         588           1810.5              1           60.9  
    21         616          1807.72              1           60.3  
    22         644          1802.23              1            102  
    23         672          1793.21              1            131  
    24         700          1783.27              1            114  
    25         728           1777.1              1           87.9  
    26         756          1773.99              1           82.5  
    27         784          1770.46              1           79.9  
    28         812           1765.4              1            148  
    29         840          1759.44              1            148  
    30         868           1756.1              1           50.5  
    31         896          1755.18              1             42  
    32         924          1754.53              1           36.9  
    33         952          1753.67              1           51.2  
    34         980           1752.5              1           48.4  
    35        1008          1751.48              1           34.2  
    36        1036          1750.83              1           36.5  
    37        1064          1750.32              1           30.8  
    38        1092          1749.54              1           31.9  
    39        1204          1749.07          0.271           34.3  
                                                        First-order 
 Iteration  Func-count       f(x)        Step-size       optimality
    40        2156          1748.97      0.0229981            569  

Local minimum possible.

fminunc stopped because it cannot decrease the objective function
along the current search direction.




Computing finite-difference Hessian using objective function.
Predicted change in objective function too small.
Current draw: 1000 of 5000
Current draw: 2000 of 5000
Current draw: 3000 of 5000
Current draw: 4000 of 5000
Current draw: 5000 of 5000
Elapsed time is 507.529881 seconds.
Ran Forecast Type 2for Model 108 and Horizon 12
