116
------------------------------------------
Setting up environment variables
---
LD_LIBRARY_PATH is .:/opt/MATLAB/R2017a/runtime/glnxa64:/opt/MATLAB/R2017a/bin/glnxa64:/opt/MATLAB/R2017a/sys/os/glnxa64:/opt/MATLAB/R2017a/sys/opengl/lib/glnxa64
Warning: Method directories not allowed in MATLAB path: /if/home/m1pac03/.mcrCache9.2/OOS_sl0/if/gms_research_gar/GAR/MS-VAR/RISE_toolbox2/classes/models/@dsge/private

	Personal pathdef has been created in your preference directory:
	/if/home/m1pac03/.mcrCache9.2/OOS_sl0/.matlab

Running on SLURM; using 1 cores as assigned on this node.

Performing iteration ending on 2008M8 of model 101
Warning: This should be expanded with the country names in case of panel
> In abstvar/abstvar/check_inputs
  In abstvar
  In svar
  In scriptEstimateMode_FULL (line 96)
  In run (line 86)
  In msreg_2reg_endoprob_SVAR_FULL_OOS (line 231)
  In OOS_slurm_IF (line 4)
    'c(3,1,sync,1)>=c(3,1,sync,2)'
    'a0(1,GDPG)=0'
    'a0(1,MF)=0'
    'a0(2,GDPG)=0'
    'a1(3,GDPG)=0'

 parameter: A12, density:NORMAL, hyperparameters: [0.5 0.5],convergence 0
 parameter: A21, density:NORMAL, hyperparameters: [0.5 0.5],convergence 0
 parameter: B12, density:GAMMA, hyperparameters: [4 0.125],convergence 0
 parameter: C12, density:GAMMA, hyperparameters: [4 0.125],convergence 0
 parameter: B21, density:GAMMA, hyperparameters: [4 0.125],convergence 0
 parameter: C21, density:GAMMA, hyperparameters: [4 0.125],convergence 0
                                                        First-order 
 Iteration  Func-count       f(x)        Step-size       optimality
     0          27          14035.1                      2.16e+04
     1          54          3372.07    4.62646e-05       1.95e+03  
     2          81          2897.17              1       1.43e+03  
     3         108             2268              1            577  
     4         135          2117.29              1            263  
     5         162          2067.38              1            165  
     6         189          2055.21              1            181  
     7         216          2048.36              1            179  
     8         243             2039              1            162  
     9         270           2026.5              1            122  
    10         297          2013.35              1            164  
    11         324          2005.35              1            177  
    12         351          1999.91              1            140  
    13         378          1992.35              1           71.7  
    14         405             1989              1           68.6  
    15         432          1987.11              1           67.5  
    16         459          1984.72              1           69.3  
    17         486          1979.08              1            100  
    18         513          1969.26              1            143  
    19         540          1959.07              1            131  
                                                        First-order 
 Iteration  Func-count       f(x)        Step-size       optimality
    20         567          1953.07              1             74  
    21         594          1949.92              1           78.3  
    22         621           1948.6              1           73.4  
    23         648          1944.82              1           71.2  
    24         675          1937.27              1            122  
    25         702          1925.79              1            145  
    26         729          1917.09              1            108  
    27         756          1912.32              1           99.8  
    28         783          1910.39              1           98.4  
    29         810          1908.38              1           87.8  
    30         837          1904.12              1           65.6  
    31         864           1898.2              1             89  
    32         891          1893.42              1           70.5  
    33         918          1892.02              1           33.9  
    34         945          1891.81              1           16.5  
    35         972          1891.75              1           13.2  
    36         999          1891.54              1           12.5  
    37        1026          1891.27              1           13.9  
    38        1053          1891.01              1           20.2  
    39        1080          1890.87              1           17.4  
                                                        First-order 
 Iteration  Func-count       f(x)        Step-size       optimality
    40        1107          1890.79              1             17  
    41        1134          1890.68              1           18.3  
    42        1161           1890.4              1           18.9  
    43        1188          1889.81              1           18.9  
    44        1215          1888.82              1           30.6  
    45        1242          1887.82              1           27.4  
    46        1269          1887.37              1           18.9  
    47        1296          1887.25              1             18  
    48        1323           1887.2              1           16.9  
    49        1350          1887.06              1           14.5  
    50        1377          1886.77              1           18.9  
    51        1404          1886.27              1           24.8  
    52        1431          1885.76              1           21.1  
    53        1458          1885.52              1           15.1  
    54        1485          1885.45              1           16.3  
    55        1512          1885.42              1           16.2  
    56        1539          1885.35              1           15.5  
    57        1566           1885.2              1           13.5  
    58        1593          1884.91              1           13.8  
    59        1620          1884.54              1           14.1  
                                                        First-order 
 Iteration  Func-count       f(x)        Step-size       optimality
    60        1647           1884.3              1           7.87  
    61        1674          1884.23              1           5.23  
    62        1701          1884.22              1           4.39  
    63        1728           1884.2              1           4.33  
    64        1755          1884.17              1           4.03  
    65        1782          1884.11              1            4.8  
    66        1809          1884.03              1           4.72  
    67        1836          1883.98              1           3.15  
    68        1863          1883.96              1           2.86  
    69        1890          1883.96              1           2.87  
    70        1917          1883.95              1           2.89  
    71        1944          1883.93              1           2.94  
    72        1971           1883.9              1           3.77  
    73        1998          1883.82              1           5.04  
    74        2025          1883.71              1           7.62  
    75        2052           1883.6              1           9.69  
    76        2079          1883.55              1           9.42  
    77        2106          1883.51              1           8.38  
    78        2133          1883.45              1           9.16  
    79        2160          1883.27              1           12.2  
                                                        First-order 
 Iteration  Func-count       f(x)        Step-size       optimality
    80        2187          1882.73              1           18.2  
    81        2214          1881.55              1             33  
    82        2241          1880.02              1           32.4  
    83        2268          1875.32              1           50.3  
    84        2295          1873.74              1           27.4  
    85        2322          1872.11              1           25.2  
    86        2349          1871.61              1           22.8  
    87        2376          1871.31              1           22.6  
    88        2403          1870.73              1           25.9  
    89        2430          1869.49              1           48.1  
    90        2457          1867.73              1           53.6  
    91        2484          1866.23              1           35.1  
    92        2511           1865.6              1           18.9  
    93        2538          1865.47              1           19.3  
    94        2565          1865.38              1           19.2  
    95        2592          1865.18              1           18.9  
    96        2619          1864.42              1           18.9  
    97        2646          1863.21              1           27.6  
    98        2673          1861.37              1             30  
    99        2700          1860.11              1           18.9  
                                                        First-order 
 Iteration  Func-count       f(x)        Step-size       optimality
   100        2727          1859.76              1           11.4  
   101        2754           1859.7              1           12.4  
   102        2781          1859.66              1           12.4  
   103        2808          1859.57              1           12.3  
   104        2835          1859.37              1             11  
   105        2862          1859.01              1           17.1  
   106        2889          1858.56              1           19.3  
   107        2916          1858.25              1           11.3  
   108        2943          1858.17              1           5.01  
   109        2970          1858.15              1           5.64  
   110        2997          1858.13              1           6.08  
   111        3024          1858.05              1           8.85  
   112        3051          1857.87              1           17.7  
   113        3078          1857.42              1           30.7  
   114        3105           1856.5              1             45  
   115        3132          1855.25              1           46.4  
   116        3159          1854.45              1           24.9  
   117        3186          1854.18              1           4.84  
   118        3213          1854.16              1           4.73  
   119        3240          1854.15              1           4.62  
                                                        First-order 
 Iteration  Func-count       f(x)        Step-size       optimality
   120        3267          1854.14              1           4.42  
   121        3294           1854.1              1            4.1  
   122        3321          1854.01              1           6.63  
   123        3348          1853.82              1           9.51  
   124        3375          1853.55              1            9.7  
   125        3402          1853.33              1           8.88  
   126        3429          1853.26              1           7.78  
   127        3456          1853.24              1           7.14  
   128        3483          1853.21              1           6.46  
   129        3510          1853.15              1           7.13  
   130        3537          1853.01              1           8.23  
   131        3564          1852.73              1           8.86  
   132        3591           1852.3              1           7.73  
   133        3618          1851.99              1           4.61  
   134        3645          1851.91              1           1.92  
   135        3672           1851.9              1           1.97  
   136        3699          1851.89              1           1.92  
   137        3726          1851.89              1           1.87  
   138        3753          1851.89              1           1.76  
   139        3780          1851.88              1           1.62  
                                                        First-order 
 Iteration  Func-count       f(x)        Step-size       optimality
   140        3807          1851.86              1           1.36  
   141        3834          1851.82              1           1.63  
   142        3861          1851.76              1           1.46  
   143        3888          1851.73              1          0.845  
   144        3915          1851.72              1           0.78  
   145        3942          1851.72              1           0.73  
   146        3969          1851.72              1          0.715  
   147        3996          1851.72              1          0.684  
   148        4023          1851.72              1          0.688  
   149        4050          1851.72              1          0.755  
   150        4077          1851.71              1          0.845  
   151        4104           1851.7              1          0.936  
   152        4131          1851.67              1          0.949  
   153        4158          1851.63              1          0.967  
   154        4185          1851.59              1          0.656  
   155        4212          1851.57              1          0.313  
   156        4239          1851.57              1           0.14  
   157        4266          1851.56              1          0.196  
   158        4401          1851.54        2.09548           1.35  
   159        4482          1851.54      0.0462262           1.55  
                                                        First-order 
 Iteration  Func-count       f(x)        Step-size       optimality
   160        4509          1851.53              1           1.02  
   161        4536          1851.52              1          0.557  
   162        4563          1851.52              1           0.56  
   163        4590          1851.52              1           0.56  
   164        4617          1851.52              1          0.562  
   165        4644          1851.52              1          0.563  
   166        4671          1851.52              1          0.564  
   167        4698          1851.51              1          0.828  
   168        4725          1851.51              1           1.41  
   169        4752           1851.5              1           2.24  
   170        4779          1851.48              1            3.1  
   171        4806          1851.45              1            3.5  
   172        4833          1851.41              1           2.46  
   173        4860          1851.39              1          0.923  
   174        4887          1851.39              1          0.395  
   175        4914          1851.39              1          0.106  
   176        4941          1851.39              1         0.0987  
   177        4968          1851.39              1         0.0992  
   178        4995          1851.39              1         0.0996  
   179        5022          1851.39              1            0.1  
                                                        First-order 
 Iteration  Func-count       f(x)        Step-size       optimality
   180        5049          1851.39              1            0.1  
   181        5076          1851.39              1           0.13  
   182        5103          1851.39              1          0.224  
   183        5130          1851.39              1          0.366  
   184        5157          1851.39              1          0.554  
   185        5184          1851.39              1           0.74  
   186        5211          1851.39              1          0.756  
   187        5238          1851.39              1          0.457  
   188        5265          1851.39              1           0.12  
   189        5292          1851.39              1        0.00601  
   190        5319          1851.39              1        0.00414  
   191        5346          1851.39              1        0.00409  
   192        5373          1851.39              1        0.00408  
   193        5400          1851.39              1        0.00406  
   194        5427          1851.39              1          0.004  
   195        5481          1851.39       0.377045        0.00412  
   196        5508          1851.39              1        0.00409  
   197        5535          1851.39              1        0.00389  
   198        5562          1851.39              1        0.00562  
   199        5589          1851.39              1        0.00713  
                                                        First-order 
 Iteration  Func-count       f(x)        Step-size       optimality
   200        5616          1851.39              1        0.00674  
   201        5643          1851.39              1        0.00336  
   202        5670          1851.39              1        0.00751  
   203        5697          1851.39              1         0.0105  
   204        5724          1851.39              1         0.0088  
   205        5751          1851.39              1        0.00374  
   206        5778          1851.39              1       0.000809  
   207        5805          1851.39              1        0.00121  
   208        5832          1851.39              1       0.000946  
   209        5859          1851.39              1        0.00032  

Local minimum found.

Optimization completed because the size of the gradient is less than
the selected value of the optimality tolerance.




Computing finite-difference Hessian using objective function.
First order optimality conditions satisfied.
Current draw: 1000 of 5000
Current draw: 2000 of 5000
Current draw: 3000 of 5000
Current draw: 4000 of 5000
Current draw: 5000 of 5000
Elapsed time is 752.219032 seconds.
Ran Forecast Type 2for Model 101 and Horizon 12
Performing iteration ending on 2008M8 of model 102
Warning: This should be expanded with the country names in case of panel
> In abstvar/abstvar/check_inputs
  In abstvar
  In svar
  In scriptEstimateMode_FULL (line 96)
  In run (line 86)
  In msreg_2reg_endoprob_SVAR_FULL_OOS (line 231)
  In OOS_slurm_IF (line 4)
    'c(3,1,sync,1)>=c(3,1,sync,2)'
    'a0(1,GDPG)=0'
    'a0(1,MF)=0'
    'a0(2,GDPG)=0'
    'a1(3,GDPG)=0'
    's(3,3,sync,1)<=s(3,3,sync,2)'

 parameter: A12, density:NORMAL, hyperparameters: [0.5 0.5],convergence 0
 parameter: A21, density:NORMAL, hyperparameters: [0.5 0.5],convergence 0
 parameter: B12, density:GAMMA, hyperparameters: [4 0.125],convergence 0
 parameter: C12, density:GAMMA, hyperparameters: [4 0.125],convergence 0
 parameter: B21, density:GAMMA, hyperparameters: [4 0.125],convergence 0
 parameter: C21, density:GAMMA, hyperparameters: [4 0.125],convergence 0
                                                        First-order 
 Iteration  Func-count       f(x)        Step-size       optimality
     0          30          14035.1                      1.33e+04
     1          60          3418.61    7.52761e-05       2.53e+03  
     2          90           2636.1              1       1.35e+03  
     3         120          2310.81              1            742  
     4         150          2030.99              1            292  
     5         180          1953.71              1            133  
     6         210          1931.84              1            115  
     7         240           1921.9              1            151  
     8         270          1906.84              1            192  
     9         300          1880.47              1            204  
    10         330          1848.75              1            178  
    11         360          1835.01              1            166  
    12         390          1825.38              1           92.4  
    13         420          1818.48              1            117  
    14         450           1813.5              1            111  
    15         480          1805.46              1            135  
    16         510          1798.23              1            154  
    17         540          1788.27              1            129  
    18         570          1775.08              1            151  
    19         600          1768.06              1            110  
                                                        First-order 
 Iteration  Func-count       f(x)        Step-size       optimality
    20         630          1766.15              1           75.8  
    21         660          1762.51              1           64.7  
    22         690          1759.36              1           93.8  
    23         720          1756.26              1           79.1  
    24         750          1754.15              1           78.4  
    25         780          1751.92              1           67.9  
    26         810          1748.45              1            128  
    27         840          1742.32              1            197  
    28         870          1735.79              1            188  
    29         900          1732.47              1           76.8  
    30         930          1731.38              1           36.7  
    31         960          1730.63              1           47.2  
    32         990          1728.95              1            105  
    33        1020          1726.21              1            144  
    34        1050          1723.67              1            115  
    35        1080          1722.52              1           44.1  
    36        1110          1722.18              1           28.2  
    37        1140          1721.99              1           25.1  
    38        1170          1721.69              1           36.8  
    39        1200          1721.28              1           38.5  
                                                        First-order 
 Iteration  Func-count       f(x)        Step-size       optimality
    40        1230          1720.95              1           22.1  
    41        1260           1720.8              1           15.8  
    42        1290          1720.72              1           15.5  
    43        1320          1720.58              1           17.7  
    44        1350           1720.3              1             30  
    45        1380          1719.77              1             39  
    46        1410          1719.08              1           34.5  
    47        1440          1718.59              1           18.1  
    48        1470          1718.38              1             23  
    49        1500          1718.24              1             24  
    50        1530          1717.96              1           23.4  
    51        1560          1717.41              1           29.3  
    52        1590          1716.53              1           33.7  
    53        1620          1715.76              1             24  
    54        1740           1715.7          0.145           21.7  
    55        2760          1715.68      0.0375948            295  

Local minimum possible.

fminunc stopped because it cannot decrease the objective function
along the current search direction.




Computing finite-difference Hessian using objective function.
Predicted change in objective function too small.
Current draw: 1000 of 5000
Current draw: 2000 of 5000
Current draw: 3000 of 5000
Current draw: 4000 of 5000
Current draw: 5000 of 5000
Elapsed time is 569.558722 seconds.
Ran Forecast Type 2for Model 102 and Horizon 12
Performing iteration ending on 2008M8 of model 103
Warning: This should be expanded with the country names in case of panel
> In abstvar/abstvar/check_inputs
  In abstvar
  In svar
  In scriptEstimateMode_FULL (line 96)
  In run (line 86)
  In msreg_2reg_endoprob_SVAR_FULL_OOS (line 231)
  In OOS_slurm_IF (line 4)
    'c(3,1,sync,1)>=c(3,1,sync,2)'
    'a0(1,GDPG,sync,1)=0'
    'a0(2,GDPG,sync,1)=0'
    'a0(1,MF,sync,1)=0'
    'a0(1,GDPG,sync,2)=0'
    'a0(2,GDPG,sync,2)=0'
    'a0(1,MF,sync,2)=0'
    'a1(3,GDPG)=0'

 parameter: A12, density:NORMAL, hyperparameters: [0.5 0.5],convergence 0
 parameter: A21, density:NORMAL, hyperparameters: [0.5 0.5],convergence 0
 parameter: B12, density:GAMMA, hyperparameters: [4 0.125],convergence 0
 parameter: C12, density:GAMMA, hyperparameters: [4 0.125],convergence 0
 parameter: B21, density:GAMMA, hyperparameters: [4 0.125],convergence 0
 parameter: C21, density:GAMMA, hyperparameters: [4 0.125],convergence 0
                                                        First-order 
 Iteration  Func-count       f(x)        Step-size       optimality
     0          30          14035.1                      2.16e+04
     1          60           3419.2    4.62646e-05       2.03e+03  
     2          90          2925.41              1       1.48e+03  
     3         120          2280.01              1            594  
     4         150           2126.6              1            272  
     5         180          2077.07              1            161  
     6         210          2065.52              1            177  
     7         240          2059.03              1            175  
     8         270           2049.4              1            158  
     9         300          2036.51              1            117  
    10         330          2023.71              1            136  
    11         360          2016.98              1            166  
    12         390          2013.29              1            145  
    13         420          2006.87              1           73.9  
    14         450          2001.44              1             60  
    15         480          1998.42              1           71.2  
    16         510          1996.65              1           74.8  
    17         540          1993.02              1           74.6  
    18         570          1986.59              1            112  
    19         600          1977.51              1            126  
                                                        First-order 
 Iteration  Func-count       f(x)        Step-size       optimality
    20         630          1971.49              1           83.6  
    21         660          1968.43              1           56.2  
    22         690          1967.32              1           54.7  
    23         720          1966.29              1           50.4  
    24         750           1962.8              1           72.3  
    25         780          1956.35              1            112  
    26         810          1946.67              1            123  
    27         840          1939.72              1           80.1  
    28         870          1936.17              1           92.7  
    29         900          1934.56              1           89.1  
    30         930          1932.49              1             77  
    31         960          1928.24              1             74  
    32         990          1921.78              1           94.1  
    33        1020          1915.86              1           74.9  
    34        1050          1913.45              1           42.6  
    35        1080          1912.77              1           41.7  
    36        1110          1912.27              1           38.1  
    37        1140          1910.89              1           31.4  
    38        1170          1908.88              1           47.3  
    39        1200          1906.76              1           44.4  
                                                        First-order 
 Iteration  Func-count       f(x)        Step-size       optimality
    40        1230          1905.68              1           33.1  
    41        1260          1905.25              1           34.8  
    42        1290          1904.87              1             32  
    43        1320          1904.15              1           23.3  
    44        1350          1903.05              1           33.9  
    45        1380          1901.89              1           35.3  
    46        1410           1901.3              1           22.7  
    47        1440          1901.11              1           16.7  
    48        1470          1900.93              1           16.9  
    49        1500           1900.5              1           16.9  
    50        1530          1899.65              1           30.5  
    51        1560          1898.28              1           49.5  
    52        1590          1896.93              1           53.3  
    53        1620          1896.18              1           40.4  
    54        1650          1895.86              1           26.2  
    55        1680          1895.54              1           22.1  
    56        1710          1894.84              1           18.3  
    57        1740          1893.64              1           31.8  
    58        1770          1892.22              1           43.5  
    59        1800          1891.37              1           32.9  
srun: error: slurm_receive_msg: Transport endpoint is not connected
srun: error: slurm_receive_msg[10.26.24.30]: Transport endpoint is not connected
srun: error: invalid type trying to be freed 65534
                                                        First-order 
 Iteration  Func-count       f(x)        Step-size       optimality
    60        1830          1890.98              1           28.5  
    61        1860          1890.61              1           26.5  
srun: error: slurm_receive_msg: Transport endpoint is not connected
srun: error: slurm_receive_msg[10.26.24.30]: Transport endpoint is not connected
srun: error: invalid type trying to be freed 65534
    62        1890          1889.82              1           26.6  
srun: error: slurm_receive_msg: Transport endpoint is not connected
srun: error: slurm_receive_msg[10.26.24.30]: Transport endpoint is not connected
srun: error: invalid type trying to be freed 65534
    63        1920          1888.22              1           40.1  
    64        1950          1885.67              1           56.7  
srun: error: slurm_receive_msg: Transport endpoint is not connected
srun: error: slurm_receive_msg[10.26.24.30]: Transport endpoint is not connected
srun: error: invalid type trying to be freed 65534
    65        1980          1883.31              1           47.4  
    66        2010          1882.27              1           30.4  
    67        2040          1881.95              1           30.2  
srun: error: slurm_receive_msg: Transport endpoint is not connected
srun: error: slurm_receive_msg[10.26.24.30]: Transport endpoint is not connected
srun: error: invalid type trying to be freed 65534
    68        2070          1881.65              1           28.3  
    69        2100          1880.94              1           25.4  
    70        2130          1879.53              1             43  
    71        2160           1877.2              1           53.6  
    72        2190          1874.85              1           42.1  
    73        2220          1873.89              1           15.4  
    74        2250          1873.77              1           10.8  
    75        2280          1873.73              1           10.2  
    76        2310          1873.66              1           8.93  
    77        2340          1873.52              1           11.2  
    78        2370          1873.22              1           16.4  
srun: error: slurm_receive_msg: Transport endpoint is not connected
srun: error: slurm_receive_msg[10.26.24.30]: Transport endpoint is not connected
srun: error: invalid type trying to be freed 65534
    79        2400          1872.84              1           16.5  
                                                        First-order 
 Iteration  Func-count       f(x)        Step-size       optimality
    80        2430          1872.58              1           9.79  
    81        2460          1872.49              1           10.6  
    82        2490          1872.46              1           10.2  
    83        2520          1872.41              1            9.3  
    84        2550          1872.29              1           8.34  
    85        2580          1872.04              1           13.5  
    86        2610          1871.56              1           17.4  
    87        2640          1870.87              1             21  
    88        2700          1870.28            0.5           22.9  
    89        2730          1870.03              1           24.8  
    90        2760          1869.86              1           18.6  
    91        2790          1869.76              1           16.9  
srun: error: slurm_receive_msg: Transport endpoint is not connected
srun: error: slurm_receive_msg[10.26.24.30]: Transport endpoint is not connected
srun: error: invalid type trying to be freed 65534
    92        2820          1869.43              1           19.2  
    93        2850          1868.73              1             37  
    94        2880          1867.21              1           60.6  
    95        2910          1866.03              1           94.3  
    96        2940          1864.92              1           32.9  
    97        2970          1864.21              1           11.8  
    98        3000          1864.07              1           12.6  
    99        3030          1864.02              1           12.4  
                                                        First-order 
 Iteration  Func-count       f(x)        Step-size       optimality
   100        3060          1863.87              1             13  
   101        3090           1863.6              1             16  
   102        3120          1863.06              1           18.1  
   103        3150           1862.2              1           16.9  
   104        3180          1861.24              1           11.5  
srun: error: slurm_receive_msg: Transport endpoint is not connected
srun: error: slurm_receive_msg[10.26.24.30]: Transport endpoint is not connected
srun: error: invalid type trying to be freed 65534
   105        3210          1860.65              1           11.8  
   106        3240          1860.49              1           10.8  
   107        3270          1860.45              1           9.95  
   108        3300          1860.41              1           9.12  
   109        3330          1860.33              1           8.32  
   110        3360          1860.16              1           16.6  
   111        3390          1859.84              1             26  
   112        3420          1859.37              1           29.1  
srun: error: slurm_receive_msg: Insane message length
srun: error: slurm_receive_msg[10.26.24.30]: Insane message length
srun: error: invalid type trying to be freed 65534
   113        3450          1858.99              1           19.5  
   114        3480          1858.83              1           7.32  
   115        3510           1858.8              1           6.66  
   116        3540          1858.78              1           6.52  
   117        3570          1858.72              1           7.75  
   118        3600           1858.6              1           13.4  
   119        3630          1858.31              1             20  
                                                        First-order 
 Iteration  Func-count       f(x)        Step-size       optimality
   120        3660          1857.85              1           23.4  
   121        3690          1857.38              1           17.3  
   122        3720          1857.16              1           6.35  
srun: error: slurm_receive_msg: Insane message length
srun: error: slurm_receive_msg[10.26.24.30]: Insane message length
srun: error: invalid type trying to be freed 65534
   123        3750          1857.12              1           2.33  
   124        3780          1857.12              1           2.34  
srun: error: slurm_receive_msg: Transport endpoint is not connected
srun: error: slurm_receive_msg[10.26.24.30]: Transport endpoint is not connected
srun: error: invalid type trying to be freed 65534
   125        3810          1857.12              1           2.36  
   126        3840          1857.11              1           2.39  
   127        3870           1857.1              1           2.43  
srun: error: slurm_receive_msg: Transport endpoint is not connected
srun: error: slurm_receive_msg[10.26.24.30]: Transport endpoint is not connected
srun: error: invalid type trying to be freed 65534
   128        3900          1857.06              1           3.16  
srun: error: slurm_receive_msg: Transport endpoint is not connected
srun: error: slurm_receive_msg[10.26.24.30]: Transport endpoint is not connected
srun: error: invalid type trying to be freed 65534
   129        3930          1856.99              1           4.44  
   130        3960          1856.87              1           5.14  
srun: error: slurm_receive_msg: Transport endpoint is not connected
srun: error: slurm_receive_msg[10.26.24.30]: Transport endpoint is not connected
srun: error: invalid type trying to be freed 65534
   131        3990          1856.77              1           3.67  
   132        4020          1856.73              1           2.05  
   133        4050          1856.72              1            2.1  
   134        4080          1856.72              1           2.13  
srun: error: slurm_receive_msg: Transport endpoint is not connected
srun: error: slurm_receive_msg[10.26.24.30]: Transport endpoint is not connected
srun: error: invalid type trying to be freed 65534
   135        4110          1856.71              1           2.14  
   136        4140           1856.7              1           2.12  
   137        4170          1856.68              1           2.03  
srun: error: slurm_receive_msg: Transport endpoint is not connected
srun: error: slurm_receive_msg[10.26.24.30]: Transport endpoint is not connected
srun: error: invalid type trying to be freed 65534
   138        4200          1856.62              1              3  
   139        4230           1856.5              1           3.88  
                                                        First-order 
 Iteration  Func-count       f(x)        Step-size       optimality
   140        4260          1856.33              1           3.69  
   141        4290          1856.21              1           2.03  
   142        4320          1856.18              1           1.39  
   143        4350          1856.17              1           1.51  
   144        4380          1856.17              1           1.52  
   145        4410          1856.17              1           1.52  
   146        4440          1856.17              1            1.5  
   147        4470          1856.17              1           1.47  
   148        4500          1856.16              1           2.08  
srun: error: slurm_receive_msg: Transport endpoint is not connected
srun: error: slurm_receive_msg[10.26.24.30]: Transport endpoint is not connected
srun: error: invalid type trying to be freed 65534
   149        4530          1856.15              1           3.17  
   150        4560          1856.12              1            3.8  
   151        4590          1856.09              1            2.9  
   152        4620          1856.08              1           1.09  
   153        4650          1856.08              1           0.31  
   154        4680          1856.08              1          0.301  
   155        4710          1856.08              1          0.304  
   156        4740          1856.08              1          0.309  
   157        4770          1856.08              1          0.317  
   158        4800          1856.08              1          0.326  
   159        4830          1856.08              1          0.445  
srun: error: slurm_receive_msg: Transport endpoint is not connected
srun: error: slurm_receive_msg[10.26.24.30]: Transport endpoint is not connected
srun: error: invalid type trying to be freed 65534
                                                        First-order 
 Iteration  Func-count       f(x)        Step-size       optimality
   160        4860          1856.07              1          0.714  
   161        4890          1856.06              1          0.997  
   162        4920          1856.05              1           1.05  
   163        4950          1856.04              1          0.634  
   164        4980          1856.04              1          0.171  
srun: error: slurm_receive_msg: Insane message length
srun: error: slurm_receive_msg[10.26.24.30]: Insane message length
srun: error: invalid type trying to be freed 65534
   165        5010          1856.04              1          0.171  
   166        5040          1856.04              1           0.17  
   167        5070          1856.04              1          0.167  
   168        5100          1856.04              1          0.164  
   169        5130          1856.04              1          0.167  
   170        5160          1856.04              1          0.174  
   171        5190          1856.04              1          0.326  
   172        5220          1856.04              1          0.554  
   173        5250          1856.04              1          0.846  
srun: error: slurm_receive_msg: Insane message length
srun: error: slurm_receive_msg[10.26.24.30]: Insane message length
srun: error: invalid type trying to be freed 65534
   174        5280          1856.03              1           1.06  
   175        5310          1856.03              1          0.889  
srun: error: unpack error in io_init_msg_unpack
srun: error: Invalid IO init header version
   176        5340          1856.03              1          0.384  
   177        5370          1856.03              1            0.3  
srun: error: unpackmem: Buffer to be unpacked is too large (2631522586 > 1073741824)
srun: error: unpack error in io_init_msg_unpack
srun: error: Invalid IO init header version
srun: error: io_init_msg_read too small
srun: error: failed reading io init message
   178        5400          1856.03              1           0.29  
   179        5430          1856.03              1          0.286  
                                                        First-order 
 Iteration  Func-count       f(x)        Step-size       optimality
   180        5460          1856.03              1          0.278  
srun: error: unpackmem: Buffer to be unpacked is too large (3430031499 > 1073741824)
srun: error: unpack error in io_init_msg_unpack
srun: error: Invalid IO init header version
srun: error: unpack error in io_init_msg_unpack
srun: error: Invalid IO init header version
srun: error: unpackmem: Buffer to be unpacked is too large (2529286454 > 1073741824)
srun: error: unpack error in io_init_msg_unpack
srun: error: Invalid IO init header version
   181        5490          1856.03              1          0.266  
   182        5520          1856.03              1          0.246  
srun: error: unpack error in io_init_msg_unpack
srun: error: Invalid IO init header version
   183        5550          1856.02              1          0.214  
srun: error: unpack error in io_init_msg_unpack
srun: error: Invalid IO init header version
srun: error: unpack error in io_init_msg_unpack
srun: error: Invalid IO init header version
   184        5580          1856.02              1            0.2  
srun: error: io_init_msg_read too small
srun: error: failed reading io init message
   185        5610          1856.01              1          0.391  
   186        7080          1855.97       0.371955            693  

Local minimum possible.

fminunc stopped because it cannot decrease the objective function
along the current search direction.




Computing finite-difference Hessian using objective function.
Predicted change in objective function too small.
Current draw: 1000 of 5000
Current draw: 2000 of 5000
Current draw: 3000 of 5000
Current draw: 4000 of 5000
srun: error: unpackmem_xmalloc: Buffer to be unpacked is too large (1885828912 > 1073741824)
srun: error: unpacking header
srun: error: destroy_forward: no init
srun: error: slurm_receive_msg: Message receive failure
srun: error: slurm_receive_msg[10.26.24.30]: Message receive failure
srun: error: invalid type trying to be freed 65534
srun: error: unpackmem_xmalloc: Buffer to be unpacked is too large (1684369920 > 1073741824)
srun: error: unpacking header
srun: error: destroy_forward: no init
srun: error: slurm_receive_msg: Message receive failure
srun: error: slurm_receive_msg[10.26.24.30]: Message receive failure
srun: error: invalid type trying to be freed 65534
srun: error: slurm_receive_msg: Insane message length
srun: error: slurm_receive_msg[10.26.24.30]: Insane message length
srun: error: invalid type trying to be freed 65534
srun: error: io_init_msg_read too small
srun: error: failed reading io init message
srun: error: slurm_receive_msg: Insane message length
srun: error: slurm_receive_msg[10.26.24.30]: Insane message length
srun: error: invalid type trying to be freed 65534
srun: error: slurm_receive_msg: Insane message length
srun: error: slurm_receive_msg[10.26.24.30]: Insane message length
srun: error: invalid type trying to be freed 65534
srun: error: unpackmem_xmalloc: Buffer to be unpacked is too large (1684369920 > 1073741824)
srun: error: unpacking header
srun: error: destroy_forward: no init
srun: error: slurm_receive_msg: Message receive failure
srun: error: slurm_receive_msg[10.26.24.30]: Message receive failure
srun: error: invalid type trying to be freed 65534
srun: error: slurm_receive_msg: Insane message length
srun: error: slurm_receive_msg[10.26.24.30]: Insane message length
srun: error: invalid type trying to be freed 65534
srun: error: unpackmem_xmalloc: Buffer to be unpacked is too large (1885828912 > 1073741824)
srun: error: unpacking header
srun: error: destroy_forward: no init
srun: error: slurm_receive_msg: Message receive failure
srun: error: slurm_receive_msg[10.26.24.30]: Message receive failure
srun: error: invalid type trying to be freed 65534
srun: error: unpackmem: Buffer to be unpacked is too large (1951163745 > 1073741824)
srun: error: unpack error in io_init_msg_unpack
srun: error: Invalid IO init header version
srun: error: io_init_msg_read too small
srun: error: failed reading io init message
srun: error: unpackmem: Buffer to be unpacked is too large (1935765607 > 1073741824)
srun: error: unpack error in io_init_msg_unpack
srun: error: Invalid IO init header version
srun: error: slurm_receive_msg: Transport endpoint is not connected
srun: error: slurm_receive_msg[10.26.24.30]: Transport endpoint is not connected
srun: error: invalid type trying to be freed 65534
Current draw: 5000 of 5000
Elapsed time is 826.926948 seconds.
Ran Forecast Type 2for Model 103 and Horizon 12
Performing iteration ending on 2008M8 of model 104
Warning: This should be expanded with the country names in case of panel
> In abstvar/abstvar/check_inputs
  In abstvar
  In svar
  In scriptEstimateMode_FULL (line 96)
  In run (line 86)
  In msreg_2reg_endoprob_SVAR_FULL_OOS (line 231)
  In OOS_slurm_IF (line 4)
    'c(3,1,sync,1)>=c(3,1,sync,2)'
    'a0(1,GDPG)=0'
    'a0(1,MF)=0'
    'a0(2,GDPG)=0'
    'a1(3,GDPG,sync,1)=0'
    'a1(3,GDPG,sync,2)=0'

 parameter: A12, density:NORMAL, hyperparameters: [0.5 0.5],convergence 0
 parameter: A21, density:NORMAL, hyperparameters: [0.5 0.5],convergence 0
 parameter: B12, density:GAMMA, hyperparameters: [4 0.125],convergence 0
 parameter: C12, density:GAMMA, hyperparameters: [4 0.125],convergence 0
 parameter: B21, density:GAMMA, hyperparameters: [4 0.125],convergence 0
 parameter: C21, density:GAMMA, hyperparameters: [4 0.125],convergence 0
                                                        First-order 
 Iteration  Func-count       f(x)        Step-size       optimality
     0          35          14035.1                      2.16e+04
     1          70          3439.07    4.62646e-05       2.01e+03  
srun: error: slurm_receive_msg: Transport endpoint is not connected
srun: error: slurm_receive_msg[10.26.24.30]: Transport endpoint is not connected
srun: error: invalid type trying to be freed 65534
     2         105          2923.15              1       1.47e+03  
     3         140          2458.16              1            742  
     4         175          2283.03              1            449  
     5         210          2186.65              1            457  
     6         245           2146.3              1            388  
srun: error: unpack error in io_init_msg_unpack
srun: error: Invalid IO init header version
     7         280          2123.99              1            287  
     8         315          2104.72              1            195  
     9         350          2088.87              1            194  
    10         385          2078.43              1            178  
    11         420          2066.19              1            240  
    12         455          2053.06              1            204  
    13         490          2028.04              1            162  
    14         525          2007.78              1            180  
    15         560          1997.08              1            158  
    16         595          1991.43              1            116  
    17         630          1986.44              1            117  
    18         665          1980.51              1            107  
    19         700          1976.19              1            135  
                                                        First-order 
 Iteration  Func-count       f(x)        Step-size       optimality
    20         735          1970.95              1            147  
    21         770          1965.97              1            112  
    22         805          1957.85              1            182  
    23         840          1950.19              1            186  
    24         875          1944.98              1            114  
    25         910          1941.69              1           74.1  
    26         945          1938.06              1           76.2  
    27         980          1933.94              1            140  
    28        1015          1929.23              1            163  
    29        1050          1922.31              1            181  
    30        1190           1918.2      0.0251476            216  
    31        1225          1914.53              1            198  
    32        1260          1899.42              1            172  
    33        1295          1892.56              1            188  
    34        1330          1882.77              1           96.4  
    35        1365          1880.07              1           84.7  
    36        1400          1876.18              1            105  
    37        1435          1869.08              1            173  
    38        1470          1859.23              1            202  
    39        1505          1851.51              1            169  
                                                        First-order 
 Iteration  Func-count       f(x)        Step-size       optimality
    40        1540           1845.5              1            104  
srun: error: unpack error in io_init_msg_unpack
srun: error: Invalid IO init header version
srun: error: unpackmem: Buffer to be unpacked is too large (1681731632 > 1073741824)
srun: error: unpack error in io_init_msg_unpack
srun: error: Invalid IO init header version
    41        1575          1843.62              1           69.8  
srun: error: slurm_receive_msg: Insane message length
srun: error: slurm_receive_msg[10.26.24.30]: Insane message length
srun: error: invalid type trying to be freed 65534
srun: error: slurm_receive_msg: Insane message length
srun: error: slurm_receive_msg[10.26.24.30]: Insane message length
srun: error: invalid type trying to be freed 65534
    42        1610          1841.84              1           95.3  
    43        1645          1839.69              1           84.7  
    44        1680          1837.29              1           67.8  
    45        1715          1835.44              1           81.2  
    46        1750          1833.67              1           94.8  
    47        1785          1831.78              1           87.7  
    48        1820          1829.53              1             75  
srun: error: slurm_receive_msg: Insane message length
srun: error: slurm_receive_msg[10.26.24.30]: Insane message length
srun: error: invalid type trying to be freed 65534
srun: error: slurm_receive_msg: Insane message length
srun: error: slurm_receive_msg[10.26.24.30]: Insane message length
srun: error: invalid type trying to be freed 65534
    49        1855           1827.3              1           85.2  
    50        1890          1825.44              1           69.4  
    51        1925          1823.98              1           39.4  
    52        1960          1822.87              1           33.5  
    53        1995          1821.99              1           34.4  
    54        2030          1821.26              1           51.6  
    55        2065          1820.63              1           47.2  
    56        2100          1819.75              1           36.8  
    57        2135          1818.33              1             34  
    58        2170          1816.68              1           27.8  
    59        2205           1815.7              1           22.8  
                                                        First-order 
 Iteration  Func-count       f(x)        Step-size       optimality
    60        2240           1815.4              1           21.7  
    61        2275          1815.25              1           20.7  
    62        2310          1814.96              1           18.2  
    63        2345          1814.39              1             24  
    64        2380           1813.5              1           30.9  
    65        2415          1812.65              1           24.4  
    66        2450          1812.21              1           27.1  
    67        2485          1812.03              1           25.5  
    68        2520          1811.83              1           21.8  
    69        2555          1811.39              1           24.7  
    70        2695          1811.12          0.271           27.4  
    71        3990          1811.05      0.0255807            497  

Local minimum possible.

fminunc stopped because it cannot decrease the objective function
along the current search direction.




Computing finite-difference Hessian using objective function.
srun: error: unpackmem: Buffer to be unpacked is too large (2347688980 > 1073741824)
srun: error: unpack error in io_init_msg_unpack
srun: error: Invalid IO init header version
srun: error: slurm_receive_msg: Transport endpoint is not connected
srun: error: slurm_receive_msg[10.26.24.30]: Transport endpoint is not connected
srun: error: invalid type trying to be freed 65534
Predicted change in objective function too small.
srun: error: slurm_receive_msg: Transport endpoint is not connected
srun: error: slurm_receive_msg[10.26.24.30]: Transport endpoint is not connected
srun: error: invalid type trying to be freed 65534
Current draw: 1000 of 5000
Current draw: 2000 of 5000
Current draw: 3000 of 5000
Current draw: 4000 of 5000
Current draw: 5000 of 5000
Elapsed time is 657.106369 seconds.
Ran Forecast Type 2for Model 104 and Horizon 12
Performing iteration ending on 2008M8 of model 105
Warning: This should be expanded with the country names in case of panel
> In abstvar/abstvar/check_inputs
  In abstvar
  In svar
  In scriptEstimateMode_FULL (line 96)
  In run (line 86)
  In msreg_2reg_endoprob_SVAR_FULL_OOS (line 231)
  In OOS_slurm_IF (line 4)
    'c(3,1,sync,1)>=c(3,1,sync,2)'
    'a0(1,GDPG,sync,1)=0'
    'a0(2,GDPG,sync,1)=0'
    'a0(1,MF,sync,1)=0'
    'a0(1,GDPG,sync,2)=0'
    'a0(2,GDPG,sync,2)=0'
    'a0(1,MF,sync,2)=0'
    'a1(3,GDPG)=0'
    's(3,3,sync,1)<=s(3,3,sync,2)'

 parameter: A12, density:NORMAL, hyperparameters: [0.5 0.5],convergence 0
 parameter: A21, density:NORMAL, hyperparameters: [0.5 0.5],convergence 0
 parameter: B12, density:GAMMA, hyperparameters: [4 0.125],convergence 0
 parameter: C12, density:GAMMA, hyperparameters: [4 0.125],convergence 0
 parameter: B21, density:GAMMA, hyperparameters: [4 0.125],convergence 0
 parameter: C21, density:GAMMA, hyperparameters: [4 0.125],convergence 0
                                                        First-order 
 Iteration  Func-count       f(x)        Step-size       optimality
     0          33          14035.1                      1.33e+04
     1          66          3463.69    7.52761e-05       2.47e+03  
     2          99          2652.87              1        1.3e+03  
     3         132          2315.58              1            733  
     4         165          2039.76              1            286  
     5         198          1964.13              1            128  
     6         231          1943.43              1            110  
     7         264          1934.33              1            140  
     8         297          1920.65              1            180  
     9         330          1897.49              1            189  
    10         363          1868.77              1            150  
    11         396          1856.84              1            160  
    12         429          1850.02              1            117  
    13         462          1838.87              1            129  
    14         495           1833.9              1            128  
    15         528          1822.35              1            148  
    16         561          1817.22              1            144  
    17         594          1807.07              1            103  
    18         627          1798.39              1            109  
    19         660          1794.51              1           67.5  
                                                        First-order 
 Iteration  Func-count       f(x)        Step-size       optimality
    20         693          1792.99              1           53.4  
    21         726          1788.87              1           40.4  
    22         759          1786.01              1           60.4  
    23         792          1783.88              1           64.7  
    24         825          1782.49              1           50.3  
    25         858           1780.2              1           83.4  
    26         891          1775.79              1            112  
    27         924          1768.79              1            117  
    28         957          1762.75              1           93.1  
    29         990          1760.07              1           58.8  
    30        1023          1758.33              1           50.7  
    31        1056          1756.22              1           68.7  
    32        1089          1752.91              1           95.4  
    33        1122          1749.59              1             73  
    34        1155          1747.24              1           62.3  
    35        1188           1745.5              1           48.5  
    36        1221          1743.66              1           51.1  
    37        1254          1741.16              1             63  
    38        1287          1738.59              1           46.2  
    39        1320          1737.35              1           23.8  
                                                        First-order 
 Iteration  Func-count       f(x)        Step-size       optimality
    40        1353          1736.96              1           18.7  
    41        1386          1736.72              1           17.1  
    42        1419           1736.3              1           19.5  
    43        1452          1735.43              1           32.1  
    44        1485          1734.01              1             45  
    45        1518          1732.47              1           40.7  
    46        1551          1731.49              1             27  
    47        1584          1731.03              1           31.1  
    48        1617           1730.6              1           31.6  
    49        1650          1729.66              1           36.1  
    50        1683           1727.8              1           54.7  
    51        1782           1727.1           0.19           54.5  
    52        1881          1725.81           0.19           48.7  
    53        3069          1725.66      0.0220799            775  

Local minimum possible.

fminunc stopped because it cannot decrease the objective function
along the current search direction.




Computing finite-difference Hessian using objective function.
Predicted change in objective function too small.
Current draw: 1000 of 5000
Current draw: 2000 of 5000
Current draw: 3000 of 5000
Current draw: 4000 of 5000
Current draw: 5000 of 5000
Elapsed time is 596.396753 seconds.
Ran Forecast Type 2for Model 105 and Horizon 12
Performing iteration ending on 2008M8 of model 106
Warning: This should be expanded with the country names in case of panel
> In abstvar/abstvar/check_inputs
  In abstvar
  In svar
  In scriptEstimateMode_FULL (line 96)
  In run (line 86)
  In msreg_2reg_endoprob_SVAR_FULL_OOS (line 231)
  In OOS_slurm_IF (line 4)
    'c(3,1,sync,1)>=c(3,1,sync,2)'
    'a0(1,GDPG)=0'
    'a0(1,MF)=0'
    'a0(2,GDPG)=0'
    'a1(3,GDPG,sync,1)=0'
    'a1(3,GDPG,sync,2)=0'
    's(3,3,sync,1)<=s(3,3,sync,2)'

 parameter: A12, density:NORMAL, hyperparameters: [0.5 0.5],convergence 0
 parameter: A21, density:NORMAL, hyperparameters: [0.5 0.5],convergence 0
 parameter: B12, density:GAMMA, hyperparameters: [4 0.125],convergence 0
 parameter: C12, density:GAMMA, hyperparameters: [4 0.125],convergence 0
 parameter: B21, density:GAMMA, hyperparameters: [4 0.125],convergence 0
 parameter: C21, density:GAMMA, hyperparameters: [4 0.125],convergence 0
                                                        First-order 
 Iteration  Func-count       f(x)        Step-size       optimality
     0          38          14035.1                      1.33e+04
     1          76          3277.21    7.52761e-05       1.75e+03  
     2         114          2743.33              1       1.16e+03  
     3         152          2230.64              1            440  
     4         190          2091.42              1            196  
     5         228           2027.3              1            206  
     6         266          2001.78              1            211  
     7         304          1984.05              1            200  
     8         342          1965.48              1            163  
     9         380          1945.49              1            141  
    10         418          1921.85              1            125  
    11         456           1892.7              1            170  
    12         494          1881.92              1            177  
    13         532          1872.09              1            142  
    14         570          1844.14              1            214  
    15         608          1835.53              1            157  
    16         646          1820.88              1            117  
    17         684          1808.89              1            132  
    18         722          1793.27              1            202  
    19         760          1786.44              1            102  
                                                        First-order 
 Iteration  Func-count       f(x)        Step-size       optimality
    20         798          1782.26              1            122  
    21         836          1778.45              1            130  
    22         874          1767.73              1            136  
    23         912          1759.05              1            149  
    24         950          1752.82              1            117  
    25         988          1749.94              1           51.9  
    26        1026          1748.43              1             43  
    27        1064          1747.34              1           44.2  
    28        1102          1745.65              1           64.2  
    29        1140          1742.02              1           80.9  
    30        1178           1736.7              1            113  
    31        1216          1730.76              1            115  
    32        1254          1728.04              1           58.2  
    33        1292          1726.58              1           46.4  
    34        1330          1724.94              1           55.4  
    35        1368          1722.15              1            107  
    36        1406          1718.24              1            127  
    37        1444          1714.69              1           85.4  
    38        1482          1712.82              1             40  
    39        1520          1712.13              1           29.4  
                                                        First-order 
 Iteration  Func-count       f(x)        Step-size       optimality
    40        1558          1711.64              1           35.1  
    41        1596           1711.1              1           26.9  
    42        1634           1710.7              1           29.4  
    43        1672          1710.44              1           20.8  
    44        1710          1710.23              1           26.7  
    45        1748          1710.04              1           22.7  
    46        1824          1709.95            0.5           15.2  
    47        1938          1709.91           0.19             11  
    48        2166          1709.88        0.12439           9.68  
    49        2698          1709.88     0.00116812           65.7  
    50        3534          1709.88    1.11312e-08            999  

Local minimum possible.

fminunc stopped because the size of the current step is less than
the selected value of the step size tolerance.




Local minimum possible.

fminunc stopped because it cannot decrease the objective function
along the current search direction.




Computing finite-difference Hessian using objective function.
Predicted change in objective function too small.
Current draw: 1000 of 5000
Current draw: 2000 of 5000
Current draw: 3000 of 5000
Current draw: 4000 of 5000
Current draw: 5000 of 5000
Elapsed time is 636.397152 seconds.
Ran Forecast Type 2for Model 106 and Horizon 12
Performing iteration ending on 2008M8 of model 107
Warning: This should be expanded with the country names in case of panel
> In abstvar/abstvar/check_inputs
  In abstvar
  In svar
  In scriptEstimateMode_FULL (line 96)
  In run (line 86)
  In msreg_2reg_endoprob_SVAR_FULL_OOS (line 231)
  In OOS_slurm_IF (line 4)
    'c(3,1,sync,1)>=c(3,1,sync,2)'
    'a0(1,GDPG,sync,1)=0'
    'a0(2,GDPG,sync,1)=0'
    'a0(1,MF,sync,1)=0'
    'a0(1,GDPG,sync,2)=0'
    'a0(2,GDPG,sync,2)=0'
    'a0(1,MF,sync,2)=0'
    'a1(3,GDPG,sync,1)=0'
    'a1(3,GDPG,sync,2)=0'
    's(3,3,sync,1)<=s(3,3,sync,2)'

 parameter: A12, density:NORMAL, hyperparameters: [0.5 0.5],convergence 0
 parameter: A21, density:NORMAL, hyperparameters: [0.5 0.5],convergence 0
 parameter: B12, density:GAMMA, hyperparameters: [4 0.125],convergence 0
 parameter: C12, density:GAMMA, hyperparameters: [4 0.125],convergence 0
 parameter: B21, density:GAMMA, hyperparameters: [4 0.125],convergence 0
 parameter: C21, density:GAMMA, hyperparameters: [4 0.125],convergence 0
                                                        First-order 
 Iteration  Func-count       f(x)        Step-size       optimality
     0          41          14035.1                      1.33e+04
     1          82          3323.59    7.52761e-05       1.83e+03  
     2         123          2766.51              1        1.2e+03  
     3         164          2240.05              1            438  
     4         205          2103.19              1            194  
     5         246          2041.77              1            192  
     6         287          2018.84              1            195  
     7         328          2002.91              1            186  
     8         369          1985.27              1            157  
     9         410          1965.76              1            137  
    10         451          1943.68              1            112  
    11         492          1918.79              1            146  
    12         533          1907.43              1            150  
    13         574          1897.75              1            123  
    14         615          1873.45              1            179  
    15         656          1865.39              1            116  
    16         697          1854.34              1            113  
    17         738          1839.43              1            117  
    18         779          1821.64              1            124  
    19         820             1815              1            100  
                                                        First-order 
 Iteration  Func-count       f(x)        Step-size       optimality
    20         861          1809.76              1            123  
    21         902          1806.75              1            117  
    22         943          1797.42              1            155  
    23         984          1788.73              1            209  
    24        1025          1782.46              1            161  
    25        1066          1778.62              1           69.2  
    26        1107          1777.31              1           44.1  
    27        1148          1775.91              1             44  
    28        1189           1774.6              1             37  
    29        1230          1770.57              1             77  
    30        1271          1766.94              1           76.5  
    31        1312          1763.19              1           79.3  
    32        1353          1760.48              1           75.7  
    33        1394           1757.2              1           69.6  
    34        1435           1752.7              1           61.5  
    35        1476          1749.03              1           75.3  
    36        1517          1745.84              1           78.6  
    37        1558          1743.13              1           71.3  
    38        1599          1740.03              1           82.6  
    39        1640          1735.58              1            108  
                                                        First-order 
 Iteration  Func-count       f(x)        Step-size       optimality
    40        1681           1730.2              1            101  
    41        1722          1726.56              1           52.9  
    42        1763          1724.96              1           28.8  
    43        1804          1724.39              1           19.2  
    44        1845          1723.88              1           27.1  
    45        1886             1723              1           40.2  
    46        1927          1721.86              1           51.6  
    47        2009          1721.19            0.5           46.2  
    48        2132          1720.86           0.19           40.2  
    49        2337          1720.64         0.1171           35.4  
    50        3239          1720.58      0.0291864            280  
    51        5002          1720.58    1.44308e-08          1e+03  

Local minimum possible.

fminunc stopped because the size of the current step is less than
the selected value of the step size tolerance.




Local minimum possible.

fminunc stopped because it cannot decrease the objective function
along the current search direction.




Computing finite-difference Hessian using objective function.
Predicted change in objective function too small.
Current draw: 1000 of 5000
Current draw: 2000 of 5000
Current draw: 3000 of 5000
Current draw: 4000 of 5000
Current draw: 5000 of 5000
Elapsed time is 734.159684 seconds.
Ran Forecast Type 2for Model 107 and Horizon 12
Performing iteration ending on 2008M8 of model 108
Warning: This should be expanded with the country names in case of panel
> In abstvar/abstvar/check_inputs
  In abstvar
  In svar
  In scriptEstimateMode_FULL (line 96)
  In run (line 86)
  In msreg_2reg_endoprob_SVAR_FULL_OOS (line 231)
  In OOS_slurm_IF (line 4)
    'c(3,1,sync,1)>=c(3,1,sync,2)'
    'a0(1,GDPG)=0'
    'a0(1,MF)=0'
    'a0(2,GDPG)=0'
    'a1(3,GDPG)=0'
    's(3,3,sync,1)<=s(3,3,sync,2)'

 parameter: A12, density:NORMAL, hyperparameters: [0.5 0.5],convergence 0
 parameter: A21, density:NORMAL, hyperparameters: [0.5 0.5],convergence 0
 parameter: B12, density:GAMMA, hyperparameters: [4 0.125],convergence 0
 parameter: C12, density:GAMMA, hyperparameters: [4 0.125],convergence 0
 parameter: B21, density:GAMMA, hyperparameters: [4 0.125],convergence 0
 parameter: C21, density:GAMMA, hyperparameters: [4 0.125],convergence 0
                                                        First-order 
 Iteration  Func-count       f(x)        Step-size       optimality
     0          28          14035.1                      1.33e+04
     1          56          3384.88    7.52761e-05       2.42e+03  
     2          84          2658.33              1       1.26e+03  
     3         112          2357.97              1            699  
     4         140           2128.3              1            327  
     5         168          2054.19              1            168  
     6         196          2032.32              1            187  
     7         224           2023.9              1            180  
     8         252          2014.06              1            155  
     9         280          1999.27              1            142  
    10         308          1983.58              1            130  
    11         336           1975.1              1            115  
    12         364          1971.62              1           69.9  
    13         392          1968.78              1           47.3  
    14         420          1966.56              1           56.6  
    15         448          1963.54              1             97  
    16         476          1959.49              1            115  
    17         504          1952.74              1            111  
    18         532          1945.26              1           83.8  
    19         560          1940.26              1           57.9  
                                                        First-order 
 Iteration  Func-count       f(x)        Step-size       optimality
    20         588          1937.78              1           59.2  
    21         616          1936.06              1           56.8  
    22         644          1933.16              1             56  
    23         672          1927.46              1           75.2  
    24         700          1919.01              1           70.1  
    25         728          1911.53              1             82  
    26         756          1908.32              1           92.6  
    27         784          1906.26              1           88.2  
    28         812          1901.91              1           70.1  
    29         868          1896.65       0.675902           89.8  
    30        1484          1896.15      0.0319025            927  

Local minimum possible.

fminunc stopped because it cannot decrease the objective function
along the current search direction.




Computing finite-difference Hessian using objective function.
Predicted change in objective function too small.
Current draw: 1000 of 5000
Current draw: 2000 of 5000
Current draw: 3000 of 5000
Current draw: 4000 of 5000
Current draw: 5000 of 5000
Elapsed time is 489.763960 seconds.
Ran Forecast Type 2for Model 108 and Horizon 12
