121
------------------------------------------
Setting up environment variables
---
LD_LIBRARY_PATH is .:/opt/MATLAB/R2017a/runtime/glnxa64:/opt/MATLAB/R2017a/bin/glnxa64:/opt/MATLAB/R2017a/sys/os/glnxa64:/opt/MATLAB/R2017a/sys/opengl/lib/glnxa64
Warning: Method directories not allowed in MATLAB path: /if/home/m1pac03/.mcrCache9.2/OOS_sl0/if/gms_research_gar/GAR/MS-VAR/RISE_toolbox2/classes/models/@dsge/private

	Personal pathdef has been created in your preference directory:
	/if/home/m1pac03/.mcrCache9.2/OOS_sl0/.matlab

Running on SLURM; using 1 cores as assigned on this node.

Performing iteration ending on 2009M1 of model 101
Warning: This should be expanded with the country names in case of panel
> In abstvar/abstvar/check_inputs
  In abstvar
  In svar
  In scriptEstimateMode_FULL (line 96)
  In run (line 86)
  In msreg_2reg_endoprob_SVAR_FULL_OOS (line 231)
  In OOS_slurm_IF (line 4)
    'c(3,1,sync,1)>=c(3,1,sync,2)'
    'a0(1,GDPG)=0'
    'a0(1,MF)=0'
    'a0(2,GDPG)=0'
    'a1(3,GDPG)=0'

 parameter: A12, density:NORMAL, hyperparameters: [0.5 0.5],convergence 0
 parameter: A21, density:NORMAL, hyperparameters: [0.5 0.5],convergence 0
 parameter: B12, density:GAMMA, hyperparameters: [4 0.125],convergence 0
 parameter: C12, density:GAMMA, hyperparameters: [4 0.125],convergence 0
 parameter: B21, density:GAMMA, hyperparameters: [4 0.125],convergence 0
 parameter: C21, density:GAMMA, hyperparameters: [4 0.125],convergence 0
                                                        First-order 
 Iteration  Func-count       f(x)        Step-size       optimality
     0          27          14097.2                      2.17e+04
     1          54          3393.78    4.60869e-05       1.95e+03  
     2          81          2918.56              1       1.43e+03  
     3         108           2287.5              1            576  
     4         135          2136.68              1            262  
     5         162          2086.72              1            168  
     6         189          2074.43              1            184  
     7         216          2067.38              1            182  
     8         243          2057.71              1            164  
     9         270          2044.87              1            123  
    10         297          2031.46              1            166  
    11         324          2023.35              1            178  
    12         351          2017.78              1            141  
    13         378          2010.08              1           72.2  
    14         405          2006.69              1             69  
    15         432          2004.78              1           68.7  
    16         459          2002.36              1           70.2  
    17         486          1996.63              1            101  
    18         513          1986.87              1            142  
    19         540          1977.05              1            126  
                                                        First-order 
 Iteration  Func-count       f(x)        Step-size       optimality
    20         567          1971.32              1           74.2  
    21         594          1968.37              1           77.6  
    22         621          1967.06              1           72.8  
    23         648          1963.05              1           74.9  
    24         675          1955.35              1            124  
    25         702          1943.89              1            143  
    26         729          1935.45              1            101  
    27         756          1930.89              1            100  
    28         783          1929.09              1           97.9  
    29         810          1926.96              1           85.9  
    30         837          1922.69              1           68.4  
    31         864           1916.8              1           87.4  
    32         891          1912.28              1           65.3  
    33         918          1911.02              1           29.6  
    34         945          1910.84              1           14.1  
    35         972          1910.79              1           12.6  
    36         999           1910.6              1           12.4  
    37        1026          1910.36              1           14.3  
    38        1053          1910.08              1           22.1  
    39        1080          1909.92              1           20.6  
                                                        First-order 
 Iteration  Func-count       f(x)        Step-size       optimality
    40        1107          1909.82              1             19  
    41        1134          1909.69              1           20.5  
    42        1161          1909.41              1           21.3  
    43        1188          1908.83              1           20.1  
    44        1215          1907.84              1           27.6  
    45        1242          1906.87              1           25.5  
    46        1269          1906.45              1             19  
    47        1296          1906.35              1           18.1  
    48        1323          1906.29              1             17  
    49        1350          1906.15              1           14.6  
    50        1377          1905.85              1           18.8  
    51        1404          1905.35              1           24.9  
    52        1431          1904.83              1           21.5  
    53        1458          1904.58              1           16.5  
    54        1485          1904.51              1           17.7  
    55        1512          1904.48              1           17.6  
    56        1539           1904.4              1           16.7  
    57        1566          1904.24              1           14.3  
    58        1593          1903.93              1           13.8  
    59        1620          1903.59              1           12.8  
                                                        First-order 
 Iteration  Func-count       f(x)        Step-size       optimality
    60        1647          1903.39              1           7.42  
    61        1674          1903.34              1           5.66  
    62        1701          1903.33              1           5.85  
    63        1728          1903.31              1           5.86  
    64        1755          1903.26              1           5.44  
    65        1782          1903.17              1           6.28  
    66        1809          1903.06              1           5.38  
    67        1836             1903              1           3.95  
    68        1863          1902.99              1           3.54  
    69        1890          1902.98              1           3.55  
    70        1917          1902.97              1           3.57  
    71        1944          1902.95              1           3.61  
    72        1971           1902.9              1           4.33  
    73        1998          1902.81              1            6.1  
    74        2025           1902.7              1           9.32  
    75        2052          1902.62              1           10.5  
    76        2079          1902.58              1           9.87  
    77        2106          1902.53              1           11.5  
    78        2133          1902.43              1           14.1  
    79        2160          1902.13              1             19  
                                                        First-order 
 Iteration  Func-count       f(x)        Step-size       optimality
    80        2187          1900.82              1           32.6  
    81        2241          1899.92            0.1           41.5  
    82        2268          1898.87              1           46.7  
    83        2295          1896.53              1           43.1  
    84        2322          1891.01              1           40.8  
    85        2349          1887.53              1           41.7  
    86        2376           1886.3              1           23.5  
    87        2403          1885.98              1           24.7  
    88        2430          1885.81              1           23.8  
    89        2457          1885.54              1           23.3  
    90        2484          1884.85              1           25.5  
    91        2511           1883.7              1           29.6  
    92        2538          1882.66              1           22.5  
    93        2565          1882.12              1           15.3  
    94        2592             1882              1           15.4  
    95        2619          1881.94              1           15.4  
    96        2646          1881.79              1           15.1  
    97        2673          1881.47              1           16.2  
    98        2700          1880.75              1           26.3  
    99        2727          1879.54              1             33  
                                                        First-order 
 Iteration  Func-count       f(x)        Step-size       optimality
   100        2754          1878.27              1           26.5  
   101        2781          1877.67              1           10.8  
   102        2808          1877.55              1           7.58  
   103        2835          1877.53              1           7.83  
   104        2862          1877.51              1            7.8  
   105        2889          1877.44              1           7.45  
   106        2916          1877.29              1           9.07  
   107        2943             1877              1           14.1  
   108        2970          1876.59              1           16.6  
   109        2997          1876.25              1           11.6  
   110        3024          1876.13              1           9.87  
   111        3051           1876.1              1           9.87  
   112        3078          1876.06              1           9.52  
   113        3105          1875.96              1           8.85  
   114        3132          1875.69              1           15.6  
   115        3159          1875.07              1           25.7  
   116        3186          1873.99              1           32.9  
   117        3213          1872.97              1           24.8  
   118        3240          1872.48              1           8.46  
   119        3267          1872.39              1            5.2  
                                                        First-order 
 Iteration  Func-count       f(x)        Step-size       optimality
   120        3294          1872.38              1           4.66  
   121        3321          1872.36              1           4.55  
   122        3348          1872.33              1            4.4  
   123        3375          1872.24              1           4.19  
   124        3402          1872.08              1            6.1  
   125        3429          1871.89              1           7.58  
   126        3456          1871.79              1           6.25  
   127        3483          1871.77              1            4.6  
   128        3510          1871.76              1           4.77  
   129        3537          1871.74              1            4.8  
   130        3564          1871.69              1           4.78  
   131        3591          1871.57              1           5.13  
   132        3618          1871.32              1           7.09  
   133        3645          1870.89              1           9.83  
   134        3672          1870.49              1           8.31  
   135        3699          1870.33              1           3.84  
   136        3726          1870.29              1           2.12  
   137        3753          1870.29              1           2.04  
   138        3780          1870.29              1           2.03  
   139        3807          1870.29              1           1.96  
                                                        First-order 
 Iteration  Func-count       f(x)        Step-size       optimality
   140        3834          1870.28              1           1.88  
   141        3861          1870.26              1           2.05  
   142        3888          1870.22              1           3.29  
   143        3915          1870.17              1           3.92  
   144        3942          1870.12              1           2.75  
   145        3969           1870.1              1           1.09  
   146        3996           1870.1              1           1.02  
   147        4023          1870.09              1          0.973  
   148        4050          1870.09              1          0.938  
   149        4077          1870.09              1          0.894  
   150        4104          1870.09              1          0.831  
   151        4131          1870.08              1          0.918  
   152        4158          1870.07              1           1.01  
   153        4185          1870.04              1           1.12  
   154        4212          1869.99              1           1.04  
   155        4239          1869.95              1           0.62  
   156        4266          1869.94              1          0.163  
   157        4293          1869.94              1          0.124  
   158        4320          1869.94              1          0.127  
   159        4347          1869.94              1          0.128  
                                                        First-order 
 Iteration  Func-count       f(x)        Step-size       optimality
   160        4374          1869.94              1          0.128  
   161        4401          1869.94              1           0.13  
   162        4428          1869.94              1          0.131  
   163        4455          1869.94              1          0.133  
   164        4482          1869.94              1          0.134  
   165        4509          1869.94              1          0.187  
   166        4536          1869.94              1          0.291  
   167        4563          1869.94              1           0.36  
   168        4590          1869.94              1          0.284  
   169        4617          1869.94              1          0.108  
   170        4644          1869.94              1         0.0189  
   171        4671          1869.94              1         0.0174  
   172        4698          1869.94              1         0.0175  
   173        4725          1869.94              1         0.0174  
   174        4752          1869.94              1         0.0176  
   175        4779          1869.94              1         0.0175  
   176        4806          1869.94              1         0.0289  
   177        4833          1869.94              1         0.0528  
   178        4860          1869.94              1         0.0699  
   179        4887          1869.94              1         0.0755  
                                                        First-order 
 Iteration  Func-count       f(x)        Step-size       optimality
   180        4914          1869.94              1         0.0537  
   181        4941          1869.94              1         0.0166  
   182        4968          1869.94              1        0.00337  
   183        4995          1869.94              1        0.00235  
   184        5022          1869.94              1       0.000839  
   185        5049          1869.94              1       0.000412  
   186        5265          1869.94       0.267843       0.000244  

Local minimum found.

Optimization completed because the size of the gradient is less than
the selected value of the optimality tolerance.




Local minimum possible.

fminunc stopped because it cannot decrease the objective function
along the current search direction.




Computing finite-difference Hessian using objective function.
Predicted change in objective function too small.
Current draw: 1000 of 5000
Current draw: 2000 of 5000
Current draw: 3000 of 5000
Current draw: 4000 of 5000
Current draw: 5000 of 5000
Elapsed time is 725.797871 seconds.
Ran Forecast Type 2for Model 101 and Horizon 12
Performing iteration ending on 2009M1 of model 102
Warning: This should be expanded with the country names in case of panel
> In abstvar/abstvar/check_inputs
  In abstvar
  In svar
  In scriptEstimateMode_FULL (line 96)
  In run (line 86)
  In msreg_2reg_endoprob_SVAR_FULL_OOS (line 231)
  In OOS_slurm_IF (line 4)
    'c(3,1,sync,1)>=c(3,1,sync,2)'
    'a0(1,GDPG)=0'
    'a0(1,MF)=0'
    'a0(2,GDPG)=0'
    'a1(3,GDPG)=0'
    's(3,3,sync,1)<=s(3,3,sync,2)'

 parameter: A12, density:NORMAL, hyperparameters: [0.5 0.5],convergence 0
 parameter: A21, density:NORMAL, hyperparameters: [0.5 0.5],convergence 0
 parameter: B12, density:GAMMA, hyperparameters: [4 0.125],convergence 0
 parameter: C12, density:GAMMA, hyperparameters: [4 0.125],convergence 0
 parameter: B21, density:GAMMA, hyperparameters: [4 0.125],convergence 0
 parameter: C21, density:GAMMA, hyperparameters: [4 0.125],convergence 0
                                                        First-order 
 Iteration  Func-count       f(x)        Step-size       optimality
     0          30          14097.2                      1.33e+04
     1          60          3442.28    7.51425e-05       2.54e+03  
     2          90          2656.02              1       1.35e+03  
     3         120          2330.65              1            746  
     4         150          2048.84              1            292  
     5         180          1970.84              1            133  
     6         210           1948.6              1            117  
     7         240          1938.34              1            154  
     8         270          1922.71              1            196  
     9         300          1895.56              1            208  
    10         330          1863.83              1            179  
    11         360          1850.17              1            165  
    12         390          1840.43              1           89.9  
    13         420          1833.83              1            116  
    14         450          1828.74              1            110  
    15         480          1820.93              1            134  
    16         510          1813.91              1            151  
    17         540          1804.26              1            125  
    18         570          1791.65              1            149  
    19         600          1785.04              1            109  
                                                        First-order 
 Iteration  Func-count       f(x)        Step-size       optimality
    20         630          1783.12              1           75.7  
    21         660          1779.34              1           67.8  
    22         690          1776.16              1           94.3  
    23         720          1773.18              1           75.8  
    24         750          1771.21              1           72.9  
    25         780          1769.09              1           68.1  
    26         810          1765.67              1            131  
    27         840          1759.62              1            199  
    28         870          1753.23              1            186  
    29         900          1749.95              1           76.8  
    30         930          1748.79              1           38.6  
    31         960          1747.96              1           50.6  
    32         990          1746.23              1            105  
    33        1020          1743.61              1            133  
    34        1050          1741.47              1           94.3  
    35        1080          1740.56              1           34.5  
    36        1110          1740.24              1           34.1  
    37        1140          1739.94              1           32.1  
    38        1170          1739.47              1           47.1  
    39        1200          1738.93              1             41  
                                                        First-order 
 Iteration  Func-count       f(x)        Step-size       optimality
    40        1230          1738.62              1           17.7  
    41        1260           1738.5              1           13.4  
    42        1290          1738.42              1             13  
    43        1320          1738.28              1           20.3  
    44        1350          1737.97              1           32.2  
    45        1380           1737.4              1           39.6  
    46        1410          1736.71              1           32.2  
    47        1440          1736.25              1           19.5  
    48        1470          1736.06              1           23.3  
    49        1500          1735.92              1           23.7  
    50        1530          1735.63              1           22.3  
    51        1560          1735.04              1           29.8  
    52        1590          1734.13              1             33  
    53        1620          1733.39              1           22.5  
    54        1650          1733.14              1            7.2  
    55        1680           1733.1              1           5.32  
    56        1710          1733.08              1           5.08  
    57        1740          1733.03              1           8.14  
    58        1770          1732.93              1             13  
    59        1800          1732.79              1           14.7  
                                                        First-order 
 Iteration  Func-count       f(x)        Step-size       optimality
    60        1830          1732.68              1           9.27  
    61        1860          1732.64              1           3.21  
    62        1890          1732.63              1            2.9  
    63        1920          1732.62              1           2.58  
    64        1950           1732.6              1           3.93  
    65        1980          1732.57              1           5.99  
    66        2010          1732.51              1            6.9  
    67        2040          1732.46              1           4.94  
    68        2070          1732.44              1           2.93  
    69        2100          1732.44              1           2.61  
    70        2130          1732.43              1           2.44  
    71        2160          1732.42              1           2.42  
    72        2190           1732.4              1           3.81  
    73        2220          1732.36              1           4.87  
    74        2250          1732.32              1           3.96  
    75        2280           1732.3              1           2.45  
    76        2310           1732.3              1           2.11  
    77        2340          1732.29              1           2.11  
    78        2370          1732.29              1            2.1  
    79        2400          1732.26              1           3.06  
                                                        First-order 
 Iteration  Func-count       f(x)        Step-size       optimality
    80        2430          1732.22              1           4.75  
    81        2460          1732.16              1           5.32  
    82        2490           1732.1              1           3.64  
    83        2520          1732.08              1           2.77  
    84        2550          1732.08              1            2.8  
    85        2580          1732.07              1           2.79  
    86        2610          1732.05              1           2.73  
    87        2640          1732.02              1           3.51  
    88        2730             1732           0.19           3.66  
    89        2820          1731.98           0.19           3.56  
    90        3780          1731.98      0.0032669            323  

Local minimum possible.

fminunc stopped because it cannot decrease the objective function
along the current search direction.




Computing finite-difference Hessian using objective function.
Predicted change in objective function too small.
Current draw: 1000 of 5000
Current draw: 2000 of 5000
Current draw: 3000 of 5000
Current draw: 4000 of 5000
Current draw: 5000 of 5000
Elapsed time is 644.007771 seconds.
Ran Forecast Type 2for Model 102 and Horizon 12
Performing iteration ending on 2009M1 of model 103
Warning: This should be expanded with the country names in case of panel
> In abstvar/abstvar/check_inputs
  In abstvar
  In svar
  In scriptEstimateMode_FULL (line 96)
  In run (line 86)
  In msreg_2reg_endoprob_SVAR_FULL_OOS (line 231)
  In OOS_slurm_IF (line 4)
    'c(3,1,sync,1)>=c(3,1,sync,2)'
    'a0(1,GDPG,sync,1)=0'
    'a0(2,GDPG,sync,1)=0'
    'a0(1,MF,sync,1)=0'
    'a0(1,GDPG,sync,2)=0'
    'a0(2,GDPG,sync,2)=0'
    'a0(1,MF,sync,2)=0'
    'a1(3,GDPG)=0'

 parameter: A12, density:NORMAL, hyperparameters: [0.5 0.5],convergence 0
 parameter: A21, density:NORMAL, hyperparameters: [0.5 0.5],convergence 0
 parameter: B12, density:GAMMA, hyperparameters: [4 0.125],convergence 0
 parameter: C12, density:GAMMA, hyperparameters: [4 0.125],convergence 0
 parameter: B21, density:GAMMA, hyperparameters: [4 0.125],convergence 0
 parameter: C21, density:GAMMA, hyperparameters: [4 0.125],convergence 0
                                                        First-order 
 Iteration  Func-count       f(x)        Step-size       optimality
     0          30          14097.2                      2.17e+04
     1          60          3441.86    4.60869e-05       2.04e+03  
     2          90          2947.48              1       1.49e+03  
     3         120          2299.82              1            594  
     4         150          2146.19              1            270  
     5         180          2096.62              1            164  
     6         210          2084.96              1            179  
     7         240          2078.26              1            178  
     8         270          2068.28              1            160  
     9         300          2054.98              1            117  
    10         330          2041.84              1            138  
    11         360          2034.96              1            168  
    12         390          2031.19              1            146  
    13         420          2024.54              1           73.2  
    14         450          2018.96              1           60.8  
    15         480          2015.94              1           72.8  
    16         510          2014.08              1           76.4  
    17         540           2010.5              1           75.7  
    18         570          2003.91              1            112  
    19         600             1995              1            124  
                                                        First-order 
 Iteration  Func-count       f(x)        Step-size       optimality
    20         630          1989.16              1           79.6  
    21         660          1986.22              1           55.8  
    22         690          1985.15              1           54.2  
    23         720          1984.07              1           49.8  
    24         750          1980.53              1           74.2  
    25         780          1973.96              1            113  
    26         810          1964.21              1            121  
    27         840          1957.22              1           77.9  
    28         870           1953.7              1             91  
    29         900          1952.16              1           86.8  
    30         930          1950.11              1           74.1  
    31         960             1946              1           73.6  
    32         990          1939.73              1             89  
    33        1020          1934.03              1           66.9  
    34        1050          1931.77              1           39.9  
    35        1080          1931.12              1           39.5  
    36        1110           1930.6              1           36.3  
    37        1140           1929.3              1           33.4  
    38        1170          1927.27              1           47.2  
    39        1200          1925.03              1           42.4  
                                                        First-order 
 Iteration  Func-count       f(x)        Step-size       optimality
    40        1230          1923.83              1           33.5  
    41        1260          1923.38              1             36  
    42        1290          1923.04              1           33.3  
    43        1320           1922.4              1           24.4  
    44        1350          1921.41              1           31.4  
    45        1380          1920.34              1           32.2  
srun: error: unpack error in io_init_msg_unpack
srun: error: Invalid IO init header version
    46        1410          1919.75              1           20.9  
srun: error: unpackmem: Buffer to be unpacked is too large (2591853736 > 1073741824)
srun: error: unpack error in io_init_msg_unpack
srun: error: Invalid IO init header version
    47        1440          1919.56              1           16.3  
srun: error: io_init_msg_read too small
srun: error: failed reading io init message
    48        1470          1919.39              1           16.5  
srun: error: unpackmem: Buffer to be unpacked is too large (3734584306 > 1073741824)
srun: error: unpack error in io_init_msg_unpack
srun: error: Invalid IO init header version
    49        1500          1918.97              1           16.6  
srun: error: unpackmem: Buffer to be unpacked is too large (2880861599 > 1073741824)
srun: error: unpack error in io_init_msg_unpack
srun: error: Invalid IO init header version
srun: error: unpackmem: Buffer to be unpacked is too large (4286576471 > 1073741824)
srun: error: unpack error in io_init_msg_unpack
srun: error: Invalid IO init header version
    50        1530          1918.14              1           28.2  
srun: error: unpack error in io_init_msg_unpack
srun: error: Invalid IO init header version
    51        1560           1916.8              1           46.6  
srun: error: unpack error in io_init_msg_unpack
srun: error: Invalid IO init header version
srun: error: unpack error in io_init_msg_unpack
srun: error: Invalid IO init header version
    52        1590          1915.48              1           51.3  
srun: error: io_init_msg_read too small
srun: error: failed reading io init message
    53        1620          1914.75              1           40.3  
    54        1650          1914.44              1           27.4  
    55        1680          1914.13              1           22.9  
    56        1710          1913.47              1           18.2  
    57        1740          1912.33              1           28.3  
    58        1770             1911              1           41.7  
    59        1800          1910.21              1           33.5  
                                                        First-order 
 Iteration  Func-count       f(x)        Step-size       optimality
    60        1830          1909.85              1           28.5  
    61        1860          1909.47              1           26.7  
    62        1890          1908.67              1           24.7  
    63        1920          1907.04              1           36.5  
    64        1950          1904.54              1           52.8  
    65        1980          1902.28              1           44.4  
    66        2010          1901.31              1             32  
    67        2040          1900.99              1           31.9  
    68        2070          1900.67              1           29.9  
    69        2100          1899.91              1           25.4  
    70        2130           1898.4              1             42  
    71        2160          1895.97              1           52.4  
    72        2190          1893.62              1             40  
    73        2220          1892.74              1           13.7  
    74        2250          1892.63              1           11.7  
    75        2280           1892.6              1           11.3  
    76        2310          1892.51              1            9.9  
    77        2340          1892.33              1           13.3  
    78        2370          1891.98              1           18.7  
    79        2400          1891.57              1           17.4  
                                                        First-order 
 Iteration  Func-count       f(x)        Step-size       optimality
    80        2430          1891.31              1           9.47  
    81        2460          1891.24              1           9.91  
    82        2490          1891.21              1            9.5  
    83        2520          1891.15              1           8.55  
    84        2550          1891.02              1           9.52  
    85        2580          1890.74              1           14.8  
    86        2610          1890.25              1           18.1  
    87        2640          1889.61              1           19.3  
    88        2670          1889.04              1           30.7  
    89        2700          1888.75              1           24.2  
    90        2730          1888.55              1           22.2  
    91        2760          1888.37              1             21  
    92        2790          1888.13              1           19.7  
    93        2820          1887.26              1             35  
    94        2850          1886.42              1           92.4  
    95        2880          1884.91              1           53.9  
    96        2910          1882.92              1           13.2  
    97        2940          1881.93              1           16.5  
    98        2970          1881.79              1           14.1  
    99        3000          1881.73              1           13.6  
                                                        First-order 
 Iteration  Func-count       f(x)        Step-size       optimality
   100        3030          1881.54              1           13.6  
   101        3060          1881.23              1             16  
   102        3090          1880.52              1           20.5  
   103        3120          1879.51              1             19  
   104        3150          1878.62              1             15  
   105        3180          1878.26              1             11  
   106        3210          1878.19              1           9.33  
   107        3240          1878.16              1           8.31  
   108        3270          1878.11              1           7.46  
   109        3300          1878.01              1           8.99  
   110        3330          1877.81              1           17.8  
   111        3360          1877.46              1             26  
   112        3390          1877.01              1           26.6  
   113        3420          1876.69              1             15  
   114        3450          1876.58              1           6.41  
   115        3480          1876.56              1           6.29  
   116        3510          1876.53              1            6.7  
   117        3540          1876.47              1           8.41  
   118        3570          1876.33              1           13.9  
   119        3600          1876.03              1           19.9  
                                                        First-order 
 Iteration  Func-count       f(x)        Step-size       optimality
   120        3630          1875.58              1           20.8  
   121        3660          1875.21              1           13.2  
   122        3690          1875.08              1           3.62  
   123        3720          1875.07              1           2.42  
   124        3750          1875.06              1           2.44  
   125        3780          1875.06              1           2.46  
   126        3810          1875.06              1           2.49  
   127        3840          1875.04              1           2.68  
   128        3870             1875              1           4.33  
   129        3900          1874.91              1           5.87  
   130        3930          1874.79              1           6.04  
   131        3960          1874.68              1           3.63  
   132        3990          1874.65              1           2.41  
   133        4020          1874.64              1           2.26  
   134        4050          1874.64              1           2.29  
   135        4080          1874.63              1            2.3  
   136        4110          1874.62              1           2.29  
   137        4140          1874.59              1           2.19  
   138        4170          1874.52              1            2.8  
   139        4200          1874.39              1           3.47  
                                                        First-order 
 Iteration  Func-count       f(x)        Step-size       optimality
   140        4230          1874.24              1           2.96  
   141        4260          1874.15              1           1.32  
   142        4290          1874.13              1          0.564  
   143        4320          1874.13              1          0.523  
   144        4350          1874.13              1          0.537  
   145        4380          1874.13              1          0.547  
   146        4410          1874.13              1          0.559  
   147        4440          1874.13              1          0.566  
   148        4470          1874.12              1          0.571  
   149        4500          1874.12              1          0.903  
   150        4530          1874.11              1           1.14  
   151        4560          1874.09              1          0.986  
   152        4590          1874.09              1          0.451  
   153        4620          1874.08              1          0.454  
   154        4650          1874.08              1           0.44  
   155        4680          1874.08              1          0.432  
   156        4710          1874.08              1           0.41  
   157        4740          1874.08              1          0.378  
   158        4770          1874.08              1          0.319  
   159        4800          1874.08              1          0.473  
                                                        First-order 
 Iteration  Func-count       f(x)        Step-size       optimality
   160        4830          1874.08              1          0.666  
   161        4860          1874.07              1           0.72  
   162        4890          1874.06              1           0.47  
   163        4920          1874.06              1          0.162  
   164        4950          1874.06              1          0.162  
   165        4980          1874.06              1          0.158  
   166        5010          1874.06              1          0.157  
   167        5040          1874.06              1          0.158  
   168        5070          1874.06              1           0.16  
   169        5100          1874.06              1          0.162  
   170        5130          1874.06              1          0.164  
   171        5160          1874.06              1          0.161  
   172        5190          1874.06              1          0.158  
   173        5220          1874.06              1          0.202  
   174        5250          1874.05              1          0.168  
   175        5280          1874.05              1          0.107  
   176        5310          1874.05              1         0.0874  
   177        5340          1874.05              1         0.0865  
   178        5370          1874.05              1         0.0854  
   179        5400          1874.05              1          0.083  
                                                        First-order 
 Iteration  Func-count       f(x)        Step-size       optimality
   180        5430          1874.05              1         0.0789  
   181        5460          1874.05              1         0.0708  
   182        5490          1874.05              1         0.0936  
   183        5520          1874.05              1          0.123  
   184        5550          1874.05              1          0.103  
   185        5580          1874.05              1         0.0611  
   186        5610          1874.05              1         0.0541  
   187        5640          1874.05              1         0.0557  
   188        5670          1874.05              1         0.0561  
   189        5700          1874.05              1         0.0566  
   190        5730          1874.05              1         0.0576  
   191        5760          1874.05              1         0.0586  
   192        5790          1874.05              1         0.0595  
   193        5820          1874.05              1         0.0594  
   194        5850          1874.05              1         0.0703  
   195        5880          1874.05              1         0.0814  
   196        5910          1874.05              1         0.0614  
   197        5940          1874.05              1         0.0252  
   198        5970          1874.05              1         0.0176  
   199        6000          1874.05              1         0.0155  
                                                        First-order 
 Iteration  Func-count       f(x)        Step-size       optimality
   200        6030          1874.05              1         0.0153  
   201        6060          1874.05              1         0.0151  
   202        6120          1874.05       0.608613         0.0147  
   203        6150          1874.05              1         0.0145  
   204        6180          1874.05              1         0.0148  
   205        6210          1874.05              1         0.0144  
   206        6240          1874.05              1         0.0127  
srun: error: slurm_receive_msg: Transport endpoint is not connected
srun: error: slurm_receive_msg[10.26.24.30]: Transport endpoint is not connected
srun: error: invalid type trying to be freed 65534
   207        6270          1874.05              1         0.0172  
   208        6300          1874.05              1         0.0172  
   209        6330          1874.05              1         0.0122  
   210        6360          1874.05              1        0.00719  
   211        6390          1874.05              1        0.00395  
   212        6420          1874.05              1        0.00192  
   213        6450          1874.05              1         0.0013  
srun: error: slurm_receive_msg: Transport endpoint is not connected
srun: error: slurm_receive_msg[10.26.24.30]: Transport endpoint is not connected
srun: error: invalid type trying to be freed 65534
srun: error: slurm_receive_msg: Transport endpoint is not connected
srun: error: slurm_receive_msg[10.26.24.30]: Transport endpoint is not connected
srun: error: invalid type trying to be freed 65534
   214        6570          1874.05        1.43978        0.00127  
srun: error: slurm_receive_msg: Transport endpoint is not connected
srun: error: slurm_receive_msg[10.26.24.30]: Transport endpoint is not connected
srun: error: invalid type trying to be freed 65534
   215        6630          1874.05       0.209834        0.00124  
   216        6660          1874.05              1        0.00131  
   217        6780          1874.05      0.0311079        0.00125  
   218        6810          1874.05              1         0.0013  
   219        6840          1874.05              1        0.00126  
                                                        First-order 
 Iteration  Func-count       f(x)        Step-size       optimality
   220        6870          1874.05              1        0.00125  
srun: error: slurm_receive_msg: Transport endpoint is not connected
srun: error: slurm_receive_msg[10.26.24.30]: Transport endpoint is not connected
srun: error: invalid type trying to be freed 65534
   221        6930          1874.05       0.392743         0.0012  
   222        6960          1874.05              1         0.0013  
   223        6990          1874.05              1        0.00124  
   224        7050          1874.05       0.198359        0.00127  
   225        7080          1874.05              1        0.00128  
   226        7110          1874.05              1        0.00125  
   227        7140          1874.05              1        0.00133  
   228        7170          1874.05              1        0.00135  
   229        7200          1874.05              1        0.00134  
   230        7230          1874.05              1        0.00136  
   231        7260          1874.05              1        0.00186  
   232        7320          1874.05        0.10224        0.00304  
srun: error: slurm_receive_msg: Transport endpoint is not connected
srun: error: slurm_receive_msg[10.26.24.30]: Transport endpoint is not connected
srun: error: invalid type trying to be freed 65534
   233        7350          1874.05              1        0.00204  
   234        7410          1874.05       0.111345        0.00174  
   235        7440          1874.05              1        0.00116  
   236        7470          1874.05              1        0.00211  
   237        7500          1874.05              1        0.00104  
   238        7530          1874.05              1        0.00117  
   239        7560          1874.05              1        0.00191  
                                                        First-order 
 Iteration  Func-count       f(x)        Step-size       optimality
   240        7590          1874.05              1        0.00301  
   241        7620          1874.05              1        0.00386  
   242        7650          1874.05              1        0.00417  
   243        7680          1874.05              1        0.00369  
srun: error: slurm_receive_msg: Transport endpoint is not connected
srun: error: slurm_receive_msg[10.26.24.30]: Transport endpoint is not connected
srun: error: invalid type trying to be freed 65534
   244        7710          1874.05              1        0.00214  
   245        7740          1874.05              1        0.00279  
   246        7770          1874.05              1        0.00253  
   247        7830          1874.05       0.370551        0.00191  
   248        7860          1874.05              1        0.00139  
   249        7890          1874.05              1        0.00183  
srun: error: slurm_receive_msg: Transport endpoint is not connected
srun: error: slurm_receive_msg[10.26.24.30]: Transport endpoint is not connected
srun: error: invalid type trying to be freed 65534
   250        7920          1874.05              1       0.000763  
   251        7980          1874.05       0.477173       0.000427  
   252        8010          1874.05              1       0.000885  
   253        8040          1874.05              1       0.000671  
   254        8070          1874.05              1       0.000351  
srun: error: slurm_receive_msg: Insane message length
srun: error: slurm_receive_msg[10.26.24.30]: Insane message length
srun: error: invalid type trying to be freed 65534
   255        8100          1874.05              1       0.000214  

Local minimum found.

Optimization completed because the size of the gradient is less than
the selected value of the optimality tolerance.




Computing finite-difference Hessian using objective function.
srun: error: slurm_receive_msg: Insane message length
srun: error: slurm_receive_msg[10.26.24.30]: Insane message length
srun: error: invalid type trying to be freed 65534
First order optimality conditions satisfied.
Current draw: 1000 of 5000
srun: error: slurm_receive_msg: Transport endpoint is not connected
srun: error: slurm_receive_msg[10.26.24.30]: Transport endpoint is not connected
srun: error: invalid type trying to be freed 65534
Current draw: 2000 of 5000
srun: error: slurm_receive_msg: Transport endpoint is not connected
srun: error: slurm_receive_msg[10.26.24.30]: Transport endpoint is not connected
srun: error: invalid type trying to be freed 65534
srun: error: slurm_receive_msg: Transport endpoint is not connected
srun: error: slurm_receive_msg[10.26.24.30]: Transport endpoint is not connected
srun: error: invalid type trying to be freed 65534
srun: error: slurm_receive_msg: Transport endpoint is not connected
srun: error: slurm_receive_msg[10.26.24.30]: Transport endpoint is not connected
srun: error: invalid type trying to be freed 65534
srun: error: slurm_receive_msg: Transport endpoint is not connected
srun: error: slurm_receive_msg[10.26.24.30]: Transport endpoint is not connected
srun: error: invalid type trying to be freed 65534
srun: error: slurm_receive_msg: Transport endpoint is not connected
srun: error: slurm_receive_msg[10.26.24.30]: Transport endpoint is not connected
srun: error: invalid type trying to be freed 65534
srun: error: slurm_receive_msg: Transport endpoint is not connected
srun: error: slurm_receive_msg[10.26.24.30]: Transport endpoint is not connected
srun: error: invalid type trying to be freed 65534
srun: error: slurm_receive_msg: Transport endpoint is not connected
srun: error: slurm_receive_msg[10.26.24.30]: Transport endpoint is not connected
srun: error: invalid type trying to be freed 65534
srun: error: slurm_receive_msg: Insane message length
srun: error: slurm_receive_msg[10.26.24.30]: Insane message length
srun: error: invalid type trying to be freed 65534
srun: error: slurm_receive_msg: Insane message length
srun: error: slurm_receive_msg[10.26.24.30]: Insane message length
srun: error: invalid type trying to be freed 65534
srun: error: unpackmem: Buffer to be unpacked is too large (1951163745 > 1073741824)
srun: error: unpack error in io_init_msg_unpack
srun: error: Invalid IO init header version
srun: error: io_init_msg_read too small
srun: error: failed reading io init message
srun: error: unpackmem: Buffer to be unpacked is too large (1935765607 > 1073741824)
srun: error: unpack error in io_init_msg_unpack
srun: error: Invalid IO init header version
Current draw: 3000 of 5000
srun: error: slurm_receive_msg: Insane message length
srun: error: slurm_receive_msg[10.26.24.30]: Insane message length
srun: error: invalid type trying to be freed 65534
srun: error: slurm_receive_msg: Insane message length
srun: error: slurm_receive_msg[10.26.24.30]: Insane message length
srun: error: invalid type trying to be freed 65534
srun: error: io_init_msg_read too small
srun: error: failed reading io init message
srun: error: unpack error in io_init_msg_unpack
srun: error: Invalid IO init header version
srun: error: slurm_receive_msg: Insane message length
srun: error: slurm_receive_msg[10.26.24.30]: Insane message length
srun: error: invalid type trying to be freed 65534
srun: error: slurm_receive_msg: Insane message length
srun: error: slurm_receive_msg[10.26.24.30]: Insane message length
srun: error: invalid type trying to be freed 65534
srun: error: slurm_receive_msg: Insane message length
srun: error: slurm_receive_msg[10.26.24.30]: Insane message length
srun: error: invalid type trying to be freed 65534
srun: error: unpackmem_xmalloc: Buffer to be unpacked is too large (1885828912 > 1073741824)
srun: error: unpacking header
srun: error: destroy_forward: no init
srun: error: slurm_receive_msg: Message receive failure
srun: error: slurm_receive_msg[10.26.24.30]: Message receive failure
srun: error: invalid type trying to be freed 65534
srun: error: unpackmem_xmalloc: Buffer to be unpacked is too large (1684369920 > 1073741824)
srun: error: unpacking header
srun: error: destroy_forward: no init
srun: error: slurm_receive_msg: Message receive failure
srun: error: slurm_receive_msg[10.26.24.30]: Message receive failure
srun: error: invalid type trying to be freed 65534
srun: error: slurm_receive_msg: Insane message length
srun: error: slurm_receive_msg[10.26.24.30]: Insane message length
srun: error: invalid type trying to be freed 65534
srun: error: unpackmem_xmalloc: Buffer to be unpacked is too large (1684369920 > 1073741824)
srun: error: unpacking header
srun: error: destroy_forward: no init
srun: error: slurm_receive_msg: Message receive failure
srun: error: slurm_receive_msg[10.26.24.30]: Message receive failure
srun: error: invalid type trying to be freed 65534
srun: error: unpackmem_xmalloc: Buffer to be unpacked is too large (1885828912 > 1073741824)
srun: error: unpacking header
srun: error: destroy_forward: no init
srun: error: slurm_receive_msg: Message receive failure
srun: error: slurm_receive_msg[10.26.24.30]: Message receive failure
srun: error: invalid type trying to be freed 65534
Current draw: 4000 of 5000
srun: error: slurm_receive_msg: Transport endpoint is not connected
srun: error: slurm_receive_msg[10.26.24.30]: Transport endpoint is not connected
srun: error: invalid type trying to be freed 65534
srun: error: slurm_receive_msg: Transport endpoint is not connected
srun: error: slurm_receive_msg[10.26.24.30]: Transport endpoint is not connected
srun: error: invalid type trying to be freed 65534
srun: error: slurm_receive_msg: Insane message length
srun: error: slurm_receive_msg[10.26.24.30]: Insane message length
srun: error: invalid type trying to be freed 65534
srun: error: slurm_receive_msg: Transport endpoint is not connected
srun: error: slurm_receive_msg[10.26.24.30]: Transport endpoint is not connected
srun: error: invalid type trying to be freed 65534
Current draw: 5000 of 5000
Elapsed time is 908.794304 seconds.
Ran Forecast Type 2for Model 103 and Horizon 12
Performing iteration ending on 2009M1 of model 104
Warning: This should be expanded with the country names in case of panel
> In abstvar/abstvar/check_inputs
  In abstvar
  In svar
  In scriptEstimateMode_FULL (line 96)
  In run (line 86)
  In msreg_2reg_endoprob_SVAR_FULL_OOS (line 231)
  In OOS_slurm_IF (line 4)
    'c(3,1,sync,1)>=c(3,1,sync,2)'
    'a0(1,GDPG)=0'
    'a0(1,MF)=0'
    'a0(2,GDPG)=0'
    'a1(3,GDPG,sync,1)=0'
    'a1(3,GDPG,sync,2)=0'

 parameter: A12, density:NORMAL, hyperparameters: [0.5 0.5],convergence 0
 parameter: A21, density:NORMAL, hyperparameters: [0.5 0.5],convergence 0
 parameter: B12, density:GAMMA, hyperparameters: [4 0.125],convergence 0
 parameter: C12, density:GAMMA, hyperparameters: [4 0.125],convergence 0
 parameter: B21, density:GAMMA, hyperparameters: [4 0.125],convergence 0
 parameter: C21, density:GAMMA, hyperparameters: [4 0.125],convergence 0
                                                        First-order 
 Iteration  Func-count       f(x)        Step-size       optimality
     0          35          14097.2                      2.17e+04
     1          70          3464.12    4.60869e-05       2.01e+03  
     2         105          2946.52              1       1.47e+03  
     3         140          2480.18              1            743  
     4         175          2305.05              1            449  
srun: error: slurm_receive_msg: Transport endpoint is not connected
srun: error: slurm_receive_msg[10.26.24.30]: Transport endpoint is not connected
srun: error: invalid type trying to be freed 65534
     5         210          2208.53              1            459  
     6         245          2167.92              1            391  
     7         280          2145.24              1            290  
     8         315          2125.52              1            198  
     9         350          2109.24              1            198  
    10         385          2098.53              1            181  
    11         420          2085.84              1            245  
    12         455           2072.4              1            208  
    13         490          2046.56              1            164  
    14         525          2026.04              1            180  
    15         560          2015.24              1            157  
srun: error: unpack error in io_init_msg_unpack
srun: error: Invalid IO init header version
srun: error: unpackmem: Buffer to be unpacked is too large (1681731632 > 1073741824)
srun: error: unpack error in io_init_msg_unpack
srun: error: Invalid IO init header version
    16         595          2009.65              1            116  
    17         630          2004.67              1            117  
    18         665          1998.79              1            107  
    19         700          1994.46              1            136  
                                                        First-order 
 Iteration  Func-count       f(x)        Step-size       optimality
    20         735          1989.15              1            149  
srun: error: slurm_receive_msg: Insane message length
srun: error: slurm_receive_msg[10.26.24.30]: Insane message length
srun: error: invalid type trying to be freed 65534
srun: error: slurm_receive_msg: Insane message length
srun: error: slurm_receive_msg[10.26.24.30]: Insane message length
srun: error: invalid type trying to be freed 65534
    21         770          1984.08              1            115  
    22         805          1976.03              1            187  
    23         840          1968.52              1            188  
    24         875          1963.37              1            114  
    25         910          1960.07              1           76.1  
    26         945          1956.43              1           77.7  
    27         980          1952.31              1            144  
    28        1015          1947.77              1            159  
srun: error: slurm_receive_msg: Transport endpoint is not connected
srun: error: slurm_receive_msg[10.26.24.30]: Transport endpoint is not connected
srun: error: invalid type trying to be freed 65534
    29        1050          1941.98              1            176  
    30        1190          1937.61      0.0255917            221  
    31        1225          1934.08              1            203  
    32        1260          1916.74              1            194  
    33        1295          1910.63              1            181  
    34        1330          1901.74              1           86.7  
    35        1365          1899.79              1           88.9  
    36        1400          1888.46              1            186  
    37        1435          1879.36              1            187  
    38        1470          1869.01              1            164  
    39        1505          1863.89              1            105  
                                                        First-order 
 Iteration  Func-count       f(x)        Step-size       optimality
    40        1540          1861.17              1           64.8  
srun: error: slurm_receive_msg: Insane message length
srun: error: slurm_receive_msg[10.26.24.30]: Insane message length
srun: error: invalid type trying to be freed 65534
    41        1575          1859.59              1           88.5  
    42        1610           1858.1              1           68.6  
srun: error: slurm_receive_msg: Transport endpoint is not connected
srun: error: slurm_receive_msg[10.26.24.30]: Transport endpoint is not connected
srun: error: invalid type trying to be freed 65534
    43        1645          1854.81              1           59.2  
    44        1680          1852.75              1           81.9  
    45        1715          1850.93              1           92.4  
    46        1750          1849.03              1           70.8  
    47        1785          1847.01              1           62.1  
    48        1820          1844.84              1           68.3  
    49        1855          1843.24              1           56.3  
    50        1890          1842.12              1           36.4  
    51        1925          1841.08              1           31.1  
    52        1960           1840.1              1           33.1  
    53        1995          1839.34              1           50.4  
    54        2030          1838.71              1           52.3  
    55        2065          1837.92              1             44  
    56        2100          1836.64              1           40.7  
    57        2135          1835.12              1           45.2  
    58        2170          1834.14              1           23.7  
    59        2205          1833.84              1           22.5  
                                                        First-order 
 Iteration  Func-count       f(x)        Step-size       optimality
    60        2240          1833.69              1           21.8  
    61        2275          1833.39              1             20  
    62        2310          1832.82              1           30.9  
    63        2345           1831.9              1           37.8  
    64        2380          1831.01              1           28.9  
    65        2415          1830.55              1           28.1  
    66        2450          1830.35              1           25.9  
    67        2485          1830.15              1           21.7  
    68        2520           1829.7              1             29  
    69        2555          1828.89              1           40.7  
    70        2590          1827.89              1           35.7  
    71        2695          1827.72       0.199792           31.4  
    72        2800          1827.52           0.19           25.2  
    73        2905          1827.35           0.19           19.6  
    74        3920          1827.32      0.0377766           73.5  
    75        4165          1827.32     6.6521e-06          1e+03  
    76        4305          1827.16     0.00274777          1e+03  
    77        4375             1827       0.223844           19.8  
    78        4410          1826.88              1           16.3  
    79        4445          1826.69              1             14  
                                                        First-order 
 Iteration  Func-count       f(x)        Step-size       optimality
    80        4480          1826.47              1           11.1  
    81        4515          1826.05              1           15.9  
    82        4550          1825.54              1           16.4  
    83        4585          1825.07              1           10.7  
    84        4620          1824.83              1             12  
    85        4655          1824.73              1           10.8  
    86        4690          1824.66              1           9.23  
    87        4725          1824.59              1          1e+03  
    88        4760          1824.41              1            8.5  
    89        4795          1824.25              1           7.44  
    90        4830          1823.98              1           7.89  
    91        4865          1823.95              1           7.83  
    92        4900           1823.9              1           7.55  
    93        4935          1823.81              1           9.55  
    94        4970          1823.64              1           14.7  
    95        5005          1823.41              1           16.9  
    96        5040          1823.22              1           11.5  
    97        5075          1823.16              1           4.74  
    98        5110          1823.14              1           4.25  
    99        5145          1823.13              1           4.08  
                                                        First-order 
 Iteration  Func-count       f(x)        Step-size       optimality
   100        5180          1823.11              1           5.81  
   101        5215          1823.05              1           9.79  
   102        5250          1822.94              1           13.9  
   103        5285          1822.77              1           14.7  
   104        5320          1822.61              1           9.03  
   105        5355          1822.53              1           8.46  
   106        5390          1822.51              1           8.41  
   107        5425          1822.49              1            8.1  
   108        5460          1822.44              1           8.62  
   109        5495          1822.34              1             12  
   110        5530          1822.16              1           13.6  
   111        5565          1821.94              1             10  
   112        5600          1821.83              1          1e+03  
   113        5635          1821.77              1           6.35  
   114        5670          1821.75              1            6.1  
   115        5705          1821.71              1           5.76  
   116        5740          1821.67              1           5.72  
   117        5775          1821.58              1            5.1  
   118        5810           1821.5              1           4.83  
   119        5845          1821.44              1           4.83  
                                                        First-order 
 Iteration  Func-count       f(x)        Step-size       optimality
   120        5880          1821.42              1           4.77  
   121        5915          1821.41              1           4.73  
   122        5950          1821.41              1           4.69  
   123        5985          1821.39              1           4.62  
   124        6020          1821.35              1            6.4  
   125        6055          1821.25              1           10.5  
   126        6090           1821.1              1           12.9  
   127        6125          1821.02              1          1e+03  
   128        6160          1820.92              1          1e+03  
   129        6195          1820.89              1            7.4  
   130        6230          1820.86              1           7.17  
   131        6265          1820.84              1           7.17  
   132        6300          1820.83              1           6.99  
   133        6335          1820.78              1           5.91  
   134        6370          1820.72              1           6.93  
   135        6405          1820.64              1           6.58  
   136        6440           1820.6              1           3.94  
   137        6475          1820.59              1           3.96  
   138        6510          1820.59              1           3.98  
   139        6545          1820.59              1              4  
                                                        First-order 
 Iteration  Func-count       f(x)        Step-size       optimality
   140        6580          1820.58              1           4.02  
   141        6615          1820.56              1           4.26  
   142        6650          1820.53              1           5.76  
   143        6685          1820.48              1           5.44  
   144        6720          1820.45              1           4.09  
   145        6755          1820.44              1           4.06  
   146        6790          1820.44              1           4.05  
   147        6825          1820.44              1           4.04  
   148        6860          1820.43              1           4.04  
   149        6895          1820.42              1           4.03  
   150        6930          1820.39              1           4.03  
   151        7700          1820.38       0.178245          1e+03  

Local minimum possible.

fminunc stopped because it cannot decrease the objective function
along the current search direction.




Computing finite-difference Hessian using objective function.
Predicted change in objective function too small.
Current draw: 1000 of 5000
Current draw: 2000 of 5000
Current draw: 3000 of 5000
Current draw: 4000 of 5000
Current draw: 5000 of 5000
Elapsed time is 894.754411 seconds.
Ran Forecast Type 2for Model 104 and Horizon 12
Performing iteration ending on 2009M1 of model 105
Warning: This should be expanded with the country names in case of panel
> In abstvar/abstvar/check_inputs
  In abstvar
  In svar
  In scriptEstimateMode_FULL (line 96)
  In run (line 86)
  In msreg_2reg_endoprob_SVAR_FULL_OOS (line 231)
  In OOS_slurm_IF (line 4)
    'c(3,1,sync,1)>=c(3,1,sync,2)'
    'a0(1,GDPG,sync,1)=0'
    'a0(2,GDPG,sync,1)=0'
    'a0(1,MF,sync,1)=0'
    'a0(1,GDPG,sync,2)=0'
    'a0(2,GDPG,sync,2)=0'
    'a0(1,MF,sync,2)=0'
    'a1(3,GDPG)=0'
    's(3,3,sync,1)<=s(3,3,sync,2)'

 parameter: A12, density:NORMAL, hyperparameters: [0.5 0.5],convergence 0
 parameter: A21, density:NORMAL, hyperparameters: [0.5 0.5],convergence 0
 parameter: B12, density:GAMMA, hyperparameters: [4 0.125],convergence 0
 parameter: C12, density:GAMMA, hyperparameters: [4 0.125],convergence 0
 parameter: B21, density:GAMMA, hyperparameters: [4 0.125],convergence 0
 parameter: C21, density:GAMMA, hyperparameters: [4 0.125],convergence 0
                                                        First-order 
 Iteration  Func-count       f(x)        Step-size       optimality
     0          33          14097.2                      1.33e+04
     1          66          3488.36    7.51425e-05       2.49e+03  
     2          99          2673.49              1       1.31e+03  
     3         132             2336              1            736  
     4         165          2058.22              1            286  
     5         198          1981.86              1            128  
     6         231          1960.74              1            113  
     7         264          1951.28              1            144  
     8         297          1936.95              1            184  
     9         330          1912.82              1            194  
    10         363          1883.29              1            152  
    11         396          1871.61              1            159  
    12         429          1864.52              1            115  
    13         462          1853.94              1            129  
    14         495          1848.86              1            129  
    15         528          1837.75              1            145  
    16         561          1832.68              1            143  
    17         594          1823.67              1           97.5  
    18         627          1814.97              1            110  
    19         660          1810.57              1           71.6  
                                                        First-order 
 Iteration  Func-count       f(x)        Step-size       optimality
    20         693          1808.95              1             59  
    21         726          1805.03              1           40.5  
    22         759          1802.04              1           55.4  
    23         792          1799.84              1           61.4  
    24         825          1798.51              1           47.6  
    25         858          1796.52              1           77.5  
    26         891          1792.58              1            107  
    27         924          1785.88              1            116  
    28         957          1779.26              1            103  
    29         990           1776.1              1           65.3  
    30        1023          1774.34              1           45.1  
    31        1056          1772.44              1           64.3  
    32        1089          1769.47              1           88.6  
    33        1122          1766.18              1           74.6  
    34        1155          1763.79              1           64.6  
    35        1188          1762.12              1           44.6  
    36        1221           1760.5              1           41.3  
    37        1254          1758.41              1           54.9  
    38        1287          1756.03              1           45.9  
    39        1320          1754.69              1           26.5  
                                                        First-order 
 Iteration  Func-count       f(x)        Step-size       optimality
    40        1353          1754.25              1           19.6  
    41        1386          1754.01              1           17.9  
    42        1419          1753.64              1           17.8  
    43        1452          1752.86              1           29.4  
    44        1485          1751.57              1           42.9  
    45        1518           1750.1              1           40.7  
    46        1551          1749.12              1           24.9  
    47        1584          1748.65              1           29.8  
    48        1617          1748.23              1             31  
    49        1650          1747.32              1           35.3  
    50        1683          1745.53              1           55.2  
    51        1749          1743.84            0.5           56.3  
    52        1848          1742.83           0.19           50.8  
    53        2772          1742.52       0.057501            513  
    54        4059          1742.52    1.62407e-08          1e+03  

Local minimum possible.

fminunc stopped because the size of the current step is less than
the selected value of the step size tolerance.




Local minimum possible.

fminunc stopped because it cannot decrease the objective function
along the current search direction.




Computing finite-difference Hessian using objective function.
Predicted change in objective function too small.
Current draw: 1000 of 5000
Current draw: 2000 of 5000
Current draw: 3000 of 5000
Current draw: 4000 of 5000
Current draw: 5000 of 5000
Elapsed time is 668.226215 seconds.
Ran Forecast Type 2for Model 105 and Horizon 12
Performing iteration ending on 2009M1 of model 106
Warning: This should be expanded with the country names in case of panel
> In abstvar/abstvar/check_inputs
  In abstvar
  In svar
  In scriptEstimateMode_FULL (line 96)
  In run (line 86)
  In msreg_2reg_endoprob_SVAR_FULL_OOS (line 231)
  In OOS_slurm_IF (line 4)
    'c(3,1,sync,1)>=c(3,1,sync,2)'
    'a0(1,GDPG)=0'
    'a0(1,MF)=0'
    'a0(2,GDPG)=0'
    'a1(3,GDPG,sync,1)=0'
    'a1(3,GDPG,sync,2)=0'
    's(3,3,sync,1)<=s(3,3,sync,2)'

 parameter: A12, density:NORMAL, hyperparameters: [0.5 0.5],convergence 0
 parameter: A21, density:NORMAL, hyperparameters: [0.5 0.5],convergence 0
 parameter: B12, density:GAMMA, hyperparameters: [4 0.125],convergence 0
 parameter: C12, density:GAMMA, hyperparameters: [4 0.125],convergence 0
 parameter: B21, density:GAMMA, hyperparameters: [4 0.125],convergence 0
 parameter: C21, density:GAMMA, hyperparameters: [4 0.125],convergence 0
                                                        First-order 
 Iteration  Func-count       f(x)        Step-size       optimality
     0          38          14097.2                      1.33e+04
     1          76          3299.67    7.51425e-05       1.75e+03  
     2         114          2766.07              1       1.16e+03  
     3         152          2250.87              1            439  
     4         190          2111.53              1            195  
     5         228          2046.83              1            209  
     6         266          2020.79              1            212  
     7         304          2002.61              1            199  
     8         342          1983.89              1            160  
     9         380          1964.12              1            140  
    10         418          1940.05              1            130  
    11         456          1910.91              1            182  
    12         494           1900.1              1            185  
    13         532          1889.02              1            147  
    14         570          1861.89              1            221  
    15         608          1853.03              1            159  
    16         646          1838.19              1            116  
    17         684           1825.9              1            129  
    18         722          1810.27              1            218  
    19         760          1802.97              1            103  
                                                        First-order 
 Iteration  Func-count       f(x)        Step-size       optimality
    20         798          1798.96              1            121  
    21         836          1795.12              1            129  
    22         874          1784.01              1            149  
    23         912          1775.47              1            134  
    24         950          1769.81              1            106  
    25         988          1767.58              1           61.5  
    26        1026          1766.14              1           46.9  
    27        1064          1765.08              1           48.7  
    28        1102          1762.47              1           85.5  
    29        1140          1758.74              1            114  
    30        1178          1752.74              1            114  
    31        1216          1747.51              1            111  
    32        1254          1744.63              1           61.7  
    33        1292          1743.23              1           42.7  
    34        1330          1741.67              1           48.3  
    35        1368          1738.99              1            103  
    36        1406          1734.98              1            141  
    37        1444          1731.39              1            115  
    38        1482          1729.74              1             49  
    39        1520          1729.26              1           20.8  
                                                        First-order 
 Iteration  Func-count       f(x)        Step-size       optimality
    40        1558          1729.01              1           18.8  
    41        1596          1728.67              1             28  
    42        1634          1728.34              1           27.2  
    43        1672          1728.06              1           18.7  
    44        1710          1727.87              1           20.8  
    45        1748          1727.72              1           15.3  
    46        1786           1727.6              1           11.2  
    47        1824          1727.52              1           11.9  
    48        1862          1727.45              1           10.5  
    49        1900          1727.37              1           13.7  
    50        1938          1727.27              1           13.1  
    51        1976          1727.18              1           7.95  
    52        2014          1727.13              1           7.03  
    53        2052          1727.08              1           8.19  
    54        2090          1727.01              1            9.2  
    55        2242          1726.98          0.271           9.05  
    56        4332          1726.98     0.00589447          1e+03  

Local minimum possible.

fminunc stopped because it cannot decrease the objective function
along the current search direction.




Computing finite-difference Hessian using objective function.
Predicted change in objective function too small.
Current draw: 1000 of 5000
Current draw: 2000 of 5000
Current draw: 3000 of 5000
Current draw: 4000 of 5000
Current draw: 5000 of 5000
Elapsed time is 698.501790 seconds.
Ran Forecast Type 2for Model 106 and Horizon 12
Performing iteration ending on 2009M1 of model 107
Warning: This should be expanded with the country names in case of panel
> In abstvar/abstvar/check_inputs
  In abstvar
  In svar
  In scriptEstimateMode_FULL (line 96)
  In run (line 86)
  In msreg_2reg_endoprob_SVAR_FULL_OOS (line 231)
  In OOS_slurm_IF (line 4)
    'c(3,1,sync,1)>=c(3,1,sync,2)'
    'a0(1,GDPG,sync,1)=0'
    'a0(2,GDPG,sync,1)=0'
    'a0(1,MF,sync,1)=0'
    'a0(1,GDPG,sync,2)=0'
    'a0(2,GDPG,sync,2)=0'
    'a0(1,MF,sync,2)=0'
    'a1(3,GDPG,sync,1)=0'
    'a1(3,GDPG,sync,2)=0'
    's(3,3,sync,1)<=s(3,3,sync,2)'

 parameter: A12, density:NORMAL, hyperparameters: [0.5 0.5],convergence 0
 parameter: A21, density:NORMAL, hyperparameters: [0.5 0.5],convergence 0
 parameter: B12, density:GAMMA, hyperparameters: [4 0.125],convergence 0
 parameter: C12, density:GAMMA, hyperparameters: [4 0.125],convergence 0
 parameter: B21, density:GAMMA, hyperparameters: [4 0.125],convergence 0
 parameter: C21, density:GAMMA, hyperparameters: [4 0.125],convergence 0
                                                        First-order 
 Iteration  Func-count       f(x)        Step-size       optimality
     0          41          14097.2                      1.33e+04
     1          82          3347.14    7.51425e-05       1.84e+03  
     2         123          2789.63              1        1.2e+03  
     3         164          2260.77              1            437  
     4         205          2123.87              1            194  
     5         246          2062.21              1            193  
     6         287          2039.03              1            196  
     7         328          2022.83              1            186  
     8         369          2004.95              1            156  
     9         410          1985.26              1            138  
    10         451          1963.02              1            112  
    11         492          1937.61              1            152  
    12         533          1926.15              1            155  
    13         574          1915.58              1            124  
    14         615          1890.64              1            181  
    15         656          1882.66              1            123  
    16         697          1869.91              1            118  
    17         738          1854.75              1            119  
    18         779          1837.18              1            127  
    19         820          1830.75              1           91.7  
                                                        First-order 
 Iteration  Func-count       f(x)        Step-size       optimality
    20         861          1825.23              1            116  
    21         902          1822.44              1            117  
    22         943          1808.97              1            172  
    23         984          1802.71              1            180  
    24        1025          1797.82              1            109  
    25        1066             1795              1           43.3  
    26        1107          1793.71              1           33.4  
    27        1148          1792.45              1           46.4  
    28        1189          1788.81              1            100  
    29        1230          1785.45              1            101  
    30        1271          1781.36              1           83.4  
    31        1312          1778.14              1           52.5  
    32        1353          1775.19              1             61  
    33        1394          1771.62              1           94.9  
    34        1435          1767.54              1           87.7  
    35        1476          1763.81              1           78.8  
    36        1517          1760.81              1           74.3  
    37        1558          1757.94              1           66.6  
    38        1599           1754.1              1           94.3  
    39        1640          1749.11              1           90.9  
                                                        First-order 
 Iteration  Func-count       f(x)        Step-size       optimality
    40        1681          1745.03              1           66.1  
    41        1722          1742.98              1           25.4  
    42        1763          1742.18              1           20.2  
    43        1804          1741.69              1           22.5  
    44        1845          1740.85              1           39.2  
    45        1886          1739.67              1           46.5  
    46        1927          1738.37              1           36.9  
    47        1968          1737.48              1           24.1  
    48        2009          1737.01              1           21.6  
    49        2050          1736.72              1           15.8  
    50        2091          1736.44              1           21.7  
    51        3157          1736.37       0.170733          1e+03  

Local minimum possible.

fminunc stopped because it cannot decrease the objective function
along the current search direction.




Computing finite-difference Hessian using objective function.
Predicted change in objective function too small.
Current draw: 1000 of 5000
Current draw: 2000 of 5000
Current draw: 3000 of 5000
Current draw: 4000 of 5000
Current draw: 5000 of 5000
Elapsed time is 674.836784 seconds.
Ran Forecast Type 2for Model 107 and Horizon 12
Performing iteration ending on 2009M1 of model 108
Warning: This should be expanded with the country names in case of panel
> In abstvar/abstvar/check_inputs
  In abstvar
  In svar
  In scriptEstimateMode_FULL (line 96)
  In run (line 86)
  In msreg_2reg_endoprob_SVAR_FULL_OOS (line 231)
  In OOS_slurm_IF (line 4)
    'c(3,1,sync,1)>=c(3,1,sync,2)'
    'a0(1,GDPG)=0'
    'a0(1,MF)=0'
    'a0(2,GDPG)=0'
    'a1(3,GDPG)=0'
    's(3,3,sync,1)<=s(3,3,sync,2)'

 parameter: A12, density:NORMAL, hyperparameters: [0.5 0.5],convergence 0
 parameter: A21, density:NORMAL, hyperparameters: [0.5 0.5],convergence 0
 parameter: B12, density:GAMMA, hyperparameters: [4 0.125],convergence 0
 parameter: C12, density:GAMMA, hyperparameters: [4 0.125],convergence 0
 parameter: B21, density:GAMMA, hyperparameters: [4 0.125],convergence 0
 parameter: C21, density:GAMMA, hyperparameters: [4 0.125],convergence 0
                                                        First-order 
 Iteration  Func-count       f(x)        Step-size       optimality
     0          28          14097.2                      1.33e+04
     1          56          3408.58    7.51425e-05       2.44e+03  
     2          84          2678.83              1       1.26e+03  
     3         112          2378.67              1            700  
     4         140           2148.1              1            330  
     5         168          2073.34              1            171  
     6         196          2051.09              1            190  
     7         224           2042.4              1            182  
     8         252          2032.21              1            157  
     9         280          2017.01              1            146  
    10         308          2000.98              1            132  
    11         336          1992.38              1            116  
    12         364          1988.86              1           70.1  
    13         392          1985.99              1           47.5  
    14         420          1983.75              1           57.5  
    15         448          1980.76              1             97  
    16         476          1976.72              1            114  
    17         504          1970.11              1            107  
    18         532          1962.97              1           81.5  
    19         560          1958.32              1           57.5  
                                                        First-order 
 Iteration  Func-count       f(x)        Step-size       optimality
    20         588          1956.01              1           58.1  
    21         616          1954.33              1           55.6  
    22         644          1951.38              1           57.3  
    23         672          1945.68              1           74.8  
    24         700          1937.34              1           68.5  
    25         728          1930.23              1           81.3  
    26         756          1927.27              1           89.9  
    27         784          1925.23              1           85.1  
    28         812          1920.84              1           70.5  
    29         840          1913.83              1            108  
    30         868          1905.86              1            106  
    31         924          1904.05        0.33781           82.2  
    32         980           1902.9       0.184394           63.9  
    33        1064          1902.89      0.0292371            998  
    34        1120          1901.49            0.1           93.7  
    35        1148          1899.68              1           25.7  
    36        1176          1899.39              1           25.9  
    37        1204          1896.87              1           42.5  
    38        1232          1895.34              1           48.6  
    39        1260          1894.44              1           26.7  
                                                        First-order 
 Iteration  Func-count       f(x)        Step-size       optimality
    40        1288          1894.05              1           26.2  
    41        1316          1893.59              1             32  
    42        1344          1892.86              1           45.9  
    43        1372          1891.62              1           55.3  
    44        1400          1890.08              1           40.1  
    45        1428             1889              1            999  
    46        1456           1888.6              1           26.1  
    47        1484          1888.34              1           22.1  
    48        1512          1887.35              1           23.8  
    49        1540          1886.08              1           25.2  
    50        1568          1882.94              1           50.2  
    51        1596          1878.75              1           70.3  
    52        1624           1875.1              1           57.4  
    53        1652          1873.57              1           30.8  
    54        1680          1873.22              1           25.2  
    55        1708          1873.08              1           20.4  
    56        1736          1872.83              1           17.4  
    57        1764          1872.59              1           17.2  
    58        1792          1872.45              1            9.8  
    59        1820           1872.4              1           9.82  
                                                        First-order 
 Iteration  Func-count       f(x)        Step-size       optimality
    60        1848          1872.36              1           9.79  
    61        1876          1872.27              1             13  
    62        1904           1872.1              1           19.6  
    63        1932          1871.82              1           21.6  
    64        1960          1871.53              1           14.3  
    65        1988          1871.38              1           10.1  
    66        2016          1871.32              1           9.61  
    67        2044          1871.25              1           10.1  
    68        2072          1871.09              1           13.6  
    69        2100          1870.75              1           19.3  
    70        2128          1870.22              1           21.6  
    71        2156          1869.71              1           25.2  
    72        2184          1869.32              1           26.8  
    73        2212          1869.06              1           24.1  
    74        2240          1868.75              1           18.5  
    75        2268          1868.25              1           16.2  
    76        2296          1867.73              1           12.1  
    77        2324          1867.45              1           11.8  
    78        2352          1867.36              1           11.2  
    79        2380           1867.3              1           10.8  
                                                        First-order 
 Iteration  Func-count       f(x)        Step-size       optimality
    80        2408          1867.12              1            9.5  
    81        2436          1866.77              1           10.8  
    82        2464          1866.13              1           16.4  
    83        2492          1865.43              1           15.3  
    84        2520          1864.97              1           16.8  
    85        2548          1864.81              1           16.6  
    86        2576          1864.72              1           15.9  
    87        2604          1864.52              1           13.4  
    88        2632          1864.11              1           12.5  
    89        2660          1863.35              1             16  
    90        2688          1862.49              1           13.5  
    91        2716          1862.03              1           9.65  
    92        2744          1861.94              1           10.5  
    93        2772          1861.92              1             10  
    94        2800          1861.92              1           9.86  
    95        2828          1861.89              1           9.31  
    96        2856          1861.82              1           8.38  
    97        2884          1861.68              1           6.54  
    98        2912          1861.45              1           5.12  
    99        2940          1861.21              1           5.58  
                                                        First-order 
 Iteration  Func-count       f(x)        Step-size       optimality
   100        2968           1861.1              1           5.43  
   101        2996          1861.09              1            5.2  
   102        3024          1861.08              1           5.11  
   103        3052          1861.08              1              5  
   104        3080          1861.06              1           4.83  
   105        3108          1861.02              1           4.62  
   106        3136          1860.95              1           4.56  
   107        3164          1860.85              1           6.59  
   108        3192          1860.79              1           8.63  
   109        3220          1860.76              1           8.54  
   110        3248          1860.75              1           7.93  
   111        3276          1860.73              1           6.81  
   112        3304          1860.68              1           5.57  
   113        3332          1860.59              1           5.68  
   114        3360          1860.48              1            5.5  
   115        3388          1860.41              1           5.07  
   116        3416           1860.4              1           4.79  
   117        3444           1860.4              1           4.73  
   118        3472          1860.39              1           4.73  
   119        3500          1860.39              1           4.72  
                                                        First-order 
 Iteration  Func-count       f(x)        Step-size       optimality
   120        3528          1860.39              1           4.73  
   121        3556          1860.38              1           4.75  
   122        3584          1860.36              1           4.77  
   123        3612          1860.33              1           4.77  
   124        3640          1860.28              1           4.73  
   125        3668          1860.26              1           4.67  
   126        3696          1860.25              1           4.64  
   127        3724          1860.25              1           4.64  
   128        3752          1860.25              1           4.64  
   129        3780          1860.25              1           4.64  
   130        3808          1860.25              1           4.64  
   131        3836          1860.25              1           4.64  
   132        3864          1860.24              1           4.63  
   133        3892          1860.24              1           4.64  
   134        3920          1860.23              1           4.65  
   135        3948          1860.23              1           4.64  
   136        3976          1860.23              1           4.63  
   137        4004          1860.23              1           4.62  
   138        4032          1860.23              1           4.62  
   139        4060          1860.23              1           4.62  
                                                        First-order 
 Iteration  Func-count       f(x)        Step-size       optimality
   140        4088          1860.23              1           4.62  
   141        4116          1860.23              1           4.61  
   142        4144          1860.23              1            4.6  
   143        4172          1860.22              1           4.62  
   144        4200          1860.22              1           4.64  
   145        4228          1860.22              1           4.66  
   146        4312          1860.22           0.19           4.67  
   147        4424          1860.22       0.134115           4.67  
   148        5908          1860.22      0.0448277            995  

Local minimum possible.

fminunc stopped because it cannot decrease the objective function
along the current search direction.




Computing finite-difference Hessian using objective function.
Predicted change in objective function too small.
Current draw: 1000 of 5000
Current draw: 2000 of 5000
Current draw: 3000 of 5000
Current draw: 4000 of 5000
Current draw: 5000 of 5000
Elapsed time is 752.636406 seconds.
Ran Forecast Type 2for Model 108 and Horizon 12
