123
------------------------------------------
Setting up environment variables
---
LD_LIBRARY_PATH is .:/opt/MATLAB/R2017a/runtime/glnxa64:/opt/MATLAB/R2017a/bin/glnxa64:/opt/MATLAB/R2017a/sys/os/glnxa64:/opt/MATLAB/R2017a/sys/opengl/lib/glnxa64
Warning: Method directories not allowed in MATLAB path: /if/home/m1pac03/.mcrCache9.2/OOS_sl0/if/gms_research_gar/GAR/MS-VAR/RISE_toolbox2/classes/models/@dsge/private

	Personal pathdef has been created in your preference directory:
	/if/home/m1pac03/.mcrCache9.2/OOS_sl0/.matlab

Running on SLURM; using 1 cores as assigned on this node.

Performing iteration ending on 2009M3 of model 101
Warning: This should be expanded with the country names in case of panel
> In abstvar/abstvar/check_inputs
  In abstvar
  In svar
  In scriptEstimateMode_FULL (line 96)
  In run (line 86)
  In msreg_2reg_endoprob_SVAR_FULL_OOS (line 231)
  In OOS_slurm_IF (line 4)
    'c(3,1,sync,1)>=c(3,1,sync,2)'
    'a0(1,GDPG)=0'
    'a0(1,MF)=0'
    'a0(2,GDPG)=0'
    'a1(3,GDPG)=0'

 parameter: A12, density:NORMAL, hyperparameters: [0.5 0.5],convergence 0
 parameter: A21, density:NORMAL, hyperparameters: [0.5 0.5],convergence 0
 parameter: B12, density:GAMMA, hyperparameters: [4 0.125],convergence 0
 parameter: C12, density:GAMMA, hyperparameters: [4 0.125],convergence 0
 parameter: B21, density:GAMMA, hyperparameters: [4 0.125],convergence 0
 parameter: C21, density:GAMMA, hyperparameters: [4 0.125],convergence 0
                                                        First-order 
 Iteration  Func-count       f(x)        Step-size       optimality
     0          27          14110.6                      2.17e+04
     1          54          3399.64    4.60693e-05       1.95e+03  
     2          81          2924.54              1       1.43e+03  
     3         108          2294.24              1            576  
     4         135          2143.72              1            262  
     5         162          2093.93              1            169  
     6         189          2081.66              1            185  
     7         216          2074.56              1            183  
     8         243          2064.81              1            165  
     9         270          2051.92              1            123  
    10         297          2038.51              1            167  
    11         324          2030.45              1            179  
    12         351          2024.86              1            140  
    13         378          2017.19              1           72.2  
    14         405          2013.86              1             69  
    15         432          2011.98              1           68.5  
    16         459          2009.54              1             70  
    17         486           2003.8              1            102  
    18         513          1994.06              1            142  
    19         540          1984.39              1            125  
                                                        First-order 
 Iteration  Func-count       f(x)        Step-size       optimality
    20         567          1978.77              1           74.4  
    21         594          1975.89              1           77.5  
    22         621          1974.59              1           72.6  
    23         648          1970.51              1           76.2  
    24         675          1962.77              1            124  
    25         702          1951.41              1            142  
    26         729          1943.19              1           98.8  
    27         756          1938.78              1            100  
    28         783          1937.03              1           97.5  
    29         810          1934.83              1           84.9  
    30         837          1930.54              1           69.8  
    31         864          1924.65              1           87.6  
    32         891          1920.26              1             64  
    33         918          1919.07              1           28.6  
    34         945          1918.91              1           13.7  
    35         972          1918.85              1           12.6  
    36         999          1918.67              1           12.4  
    37        1026          1918.42              1           14.7  
    38        1053          1918.14              1           22.5  
    39        1080          1917.98              1             21  
                                                        First-order 
 Iteration  Func-count       f(x)        Step-size       optimality
    40        1107          1917.88              1           19.3  
    41        1134          1917.75              1           20.8  
    42        1161          1917.46              1           21.6  
    43        1188          1916.86              1           20.1  
    44        1215          1915.88              1           27.4  
    45        1242          1914.95              1           24.7  
    46        1269          1914.55              1           18.2  
    47        1296          1914.46              1           17.3  
    48        1323           1914.4              1           16.3  
    49        1350          1914.25              1           13.9  
    50        1377          1913.94              1           19.5  
    51        1404          1913.43              1           25.2  
    52        1431          1912.94              1           20.8  
    53        1458          1912.71              1             16  
    54        1485          1912.65              1           17.2  
    55        1512          1912.61              1             17  
    56        1539          1912.52              1           16.2  
    57        1566          1912.34              1           13.9  
    58        1593          1912.02              1           14.1  
    59        1620           1911.7              1           11.8  
                                                        First-order 
 Iteration  Func-count       f(x)        Step-size       optimality
    60        1647          1911.54              1           6.77  
    61        1674           1911.5              1           5.99  
    62        1701          1911.49              1            6.1  
    63        1728          1911.46              1           6.02  
    64        1755           1911.4              1           5.67  
    65        1782          1911.29              1           6.84  
    66        1809          1911.19              1            4.9  
    67        1836          1911.15              1           3.79  
    68        1863          1911.14              1           3.43  
    69        1890          1911.13              1           3.44  
    70        1917          1911.12              1           3.46  
    71        1944           1911.1              1            3.5  
    72        1971          1911.05              1           4.16  
    73        1998          1910.98              1            5.9  
    74        2025          1910.92              1           6.66  
    75        2052          1910.88              1           8.03  
    76        2079          1910.86              1           9.06  
    77        2106          1910.83              1           9.99  
    78        2133          1910.74              1           11.6  
    79        2160          1910.47              1           14.8  
                                                        First-order 
 Iteration  Func-count       f(x)        Step-size       optimality
    80        2187          1909.24              1           24.4  
    81        2268          1908.27      0.0248039           30.9  
    82        2322          1907.65       0.416614           41.1  
    83        2349          1906.55              1           43.6  
    84        2376          1902.39              1           47.6  
    85        2403          1898.64              1           38.4  
    86        2430          1895.49              1           28.9  
    87        2484          1894.22       0.419504           23.8  
    88        2511           1893.6              1           23.5  
    89        2538           1893.4              1           24.2  
    90        2565          1893.12              1           24.4  
    91        2592          1892.69              1           22.9  
    92        2619          1891.97              1           23.4  
    93        2646             1891              1           26.9  
    94        2673          1890.21              1           18.1  
    95        2700           1889.9              1             14  
    96        2727          1889.82              1             14  
    97        2754          1889.76              1           13.9  
    98        2781          1889.61              1           13.4  
    99        2808          1889.27              1           21.5  
                                                        First-order 
 Iteration  Func-count       f(x)        Step-size       optimality
   100        2835          1888.54              1           34.7  
   101        2862          1887.42              1           42.4  
   102        2889          1886.35              1           32.5  
   103        2916           1885.9              1           11.1  
   104        2943          1885.84              1           9.83  
   105        2970          1885.81              1             10  
   106        2997          1885.78              1            9.9  
   107        3024          1885.69              1           9.24  
   108        3051          1885.49              1           12.1  
   109        3078          1885.15              1           16.7  
   110        3105          1884.74              1           15.5  
   111        3132          1884.48              1            8.5  
   112        3159          1884.42              1           9.28  
   113        3186           1884.4              1              9  
   114        3213          1884.34              1           8.25  
   115        3240          1884.21              1           7.55  
   116        3267          1883.89              1           13.8  
   117        3294          1883.21              1             21  
   118        3321          1882.14              1           24.2  
   119        3348           1881.3              1           16.4  
                                                        First-order 
 Iteration  Func-count       f(x)        Step-size       optimality
   120        3375          1880.97              1            8.9  
   121        3402          1880.92              1           6.89  
   122        3429          1880.91              1           5.97  
   123        3456          1880.88              1           5.08  
   124        3483          1880.81              1           5.35  
   125        3510          1880.66              1           4.42  
   126        3537          1880.45              1           5.24  
   127        3564           1880.3              1            5.8  
   128        3591          1880.25              1           4.66  
   129        3618          1880.24              1           4.73  
   130        3645          1880.23              1           4.78  
   131        3672           1880.2              1           4.83  
   132        3699          1880.13              1           4.82  
   133        3726          1879.95              1           4.83  
   134        3753          1879.58              1           8.46  
   135        3780          1879.05              1           9.89  
   136        3807          1878.65              1           7.01  
   137        3834          1878.52              1           2.63  
   138        3861           1878.5              1           1.88  
   139        3888           1878.5              1           1.82  
                                                        First-order 
 Iteration  Func-count       f(x)        Step-size       optimality
   140        3915           1878.5              1           1.79  
   141        3942          1878.49              1           1.71  
   142        3969          1878.49              1            1.6  
   143        3996          1878.47              1           1.39  
   144        4023          1878.44              1           2.07  
   145        4050          1878.39              1           2.33  
   146        4077          1878.35              1           1.54  
   147        4104          1878.34              1          0.873  
   148        4131          1878.34              1          0.798  
   149        4158          1878.34              1          0.764  
   150        4185          1878.34              1          0.732  
   151        4212          1878.34              1           0.71  
   152        4239          1878.34              1          0.765  
   153        4266          1878.33              1          0.837  
   154        4293          1878.32              1          0.908  
   155        4320           1878.3              1          0.902  
   156        4347          1878.26              1          0.846  
   157        4374          1878.23              1          0.555  
   158        4401          1878.22              1          0.185  
   159        4428          1878.22              1          0.123  
                                                        First-order 
 Iteration  Func-count       f(x)        Step-size       optimality
   160        4455          1878.22              1          0.127  
   161        4482          1878.22              1          0.129  
   162        4509          1878.22              1          0.129  
   163        4536          1878.22              1           0.13  
   164        4563          1878.22              1          0.131  
   165        4590          1878.22              1          0.133  
   166        4617          1878.22              1           0.14  
   167        4644          1878.22              1          0.232  
   168        4671          1878.22              1          0.343  
   169        4698          1878.22              1          0.396  
   170        4725          1878.22              1          0.288  
   171        4752          1878.22              1         0.0939  
   172        4779          1878.22              1         0.0166  
   173        4806          1878.22              1         0.0166  
   174        4833          1878.22              1         0.0167  
   175        4860          1878.22              1         0.0167  
   176        4887          1878.22              1         0.0169  
   177        4914          1878.22              1         0.0167  
   178        4941          1878.22              1         0.0165  
   179        4968          1878.22              1         0.0198  
                                                        First-order 
 Iteration  Func-count       f(x)        Step-size       optimality
   180        4995          1878.22              1         0.0399  
   181        5022          1878.22              1         0.0483  
   182        5049          1878.22              1         0.0413  
   183        5076          1878.22              1         0.0174  
   184        5103          1878.22              1        0.00311  
   185        5130          1878.22              1        0.00131  
   186        5157          1878.22              1       0.000702  
   187        5184          1878.22              1       0.000336  
   188        5211          1878.22              1       0.000275  

Local minimum found.

Optimization completed because the size of the gradient is less than
the selected value of the optimality tolerance.




Computing finite-difference Hessian using objective function.
First order optimality conditions satisfied.
Current draw: 1000 of 5000
Current draw: 2000 of 5000
Current draw: 3000 of 5000
Current draw: 4000 of 5000
Current draw: 5000 of 5000
Elapsed time is 747.784175 seconds.
Ran Forecast Type 2for Model 101 and Horizon 12
Performing iteration ending on 2009M3 of model 102
Warning: This should be expanded with the country names in case of panel
> In abstvar/abstvar/check_inputs
  In abstvar
  In svar
  In scriptEstimateMode_FULL (line 96)
  In run (line 86)
  In msreg_2reg_endoprob_SVAR_FULL_OOS (line 231)
  In OOS_slurm_IF (line 4)
    'c(3,1,sync,1)>=c(3,1,sync,2)'
    'a0(1,GDPG)=0'
    'a0(1,MF)=0'
    'a0(2,GDPG)=0'
    'a1(3,GDPG)=0'
    's(3,3,sync,1)<=s(3,3,sync,2)'

 parameter: A12, density:NORMAL, hyperparameters: [0.5 0.5],convergence 0
 parameter: A21, density:NORMAL, hyperparameters: [0.5 0.5],convergence 0
 parameter: B12, density:GAMMA, hyperparameters: [4 0.125],convergence 0
 parameter: C12, density:GAMMA, hyperparameters: [4 0.125],convergence 0
 parameter: B21, density:GAMMA, hyperparameters: [4 0.125],convergence 0
 parameter: C21, density:GAMMA, hyperparameters: [4 0.125],convergence 0
                                                        First-order 
 Iteration  Func-count       f(x)        Step-size       optimality
     0          30          14110.6                      1.33e+04
     1          60          3452.74    7.51314e-05       2.56e+03  
     2          90          2662.42              1       1.36e+03  
     3         120          2338.11              1            748  
     4         150          2056.13              1            293  
     5         180          1977.99              1            134  
     6         210          1955.71              1            118  
     7         240          1945.34              1            155  
     8         270          1929.45              1            197  
     9         300          1901.97              1            210  
    10         330          1870.49              1            180  
    11         360          1856.98              1            165  
    12         390          1847.19              1           87.7  
    13         420          1840.73              1            115  
    14         450          1835.52              1            109  
    15         480          1827.75              1            134  
    16         510          1820.79              1            150  
    17         540          1811.29              1            122  
    18         570          1798.99              1            148  
    19         600          1792.72              1            109  
                                                        First-order 
 Iteration  Func-count       f(x)        Step-size       optimality
    20         630          1790.75              1           76.3  
    21         660          1786.77              1           73.8  
    22         690          1783.59              1           99.1  
    23         720           1780.7              1           72.6  
    24         750          1778.85              1           67.6  
    25         780           1776.8              1           67.4  
    26         810          1773.37              1            142  
    27         840          1767.36              1            212  
    28         870          1761.12              1            194  
    29         900          1757.94              1           77.4  
    30         930          1756.76              1           38.8  
    31         960          1755.88              1           56.8  
    32         990          1753.99              1            115  
    33        1020          1751.32              1            139  
    34        1050          1749.24              1           92.8  
    35        1080          1748.38              1           35.9  
    36        1110          1748.06              1           35.2  
    37        1140          1747.72              1           37.7  
    38        1170          1747.17              1           53.4  
    39        1200           1746.6              1           44.4  
                                                        First-order 
 Iteration  Func-count       f(x)        Step-size       optimality
    40        1230          1746.29              1           17.9  
    41        1260          1746.18              1           13.2  
    42        1290          1746.11              1           12.9  
    43        1320          1745.96              1           22.5  
    44        1350          1745.65              1           35.3  
    45        1380          1745.09              1           42.5  
    46        1410          1744.44              1           33.2  
    47        1440          1744.04              1           19.8  
    48        1470          1743.87              1           22.8  
    49        1500          1743.73              1             23  
    50        1530          1743.42              1           24.2  
    51        1560           1742.8              1           35.6  
    52        1590          1741.88              1           38.6  
    53        1620          1741.16              1           25.3  
    54        1650          1740.93              1           7.47  
    55        1680          1740.89              1           5.42  
    56        1710          1740.87              1           5.15  
    57        1740          1740.81              1           9.92  
    58        1770           1740.7              1           15.3  
    59        1800          1740.55              1           16.4  
                                                        First-order 
 Iteration  Func-count       f(x)        Step-size       optimality
    60        1830          1740.44              1           9.47  
    61        1860           1740.4              1           2.83  
    62        1890           1740.4              1            2.7  
    63        1920          1740.39              1           2.74  
    64        1950          1740.37              1           4.76  
    65        1980          1740.33              1           7.02  
    66        2010          1740.27              1           7.61  
    67        2040          1740.22              1           4.93  
    68        2070           1740.2              1           2.91  
    69        2100           1740.2              1           2.58  
    70        2130          1740.19              1           2.45  
    71        2160          1740.18              1           2.68  
    72        2190          1740.15              1           4.43  
    73        2220          1740.11              1           5.33  
    74        2250          1740.07              1           3.97  
    75        2280          1740.06              1           2.14  
    76        2310          1740.05              1           2.26  
    77        2340          1740.05              1           2.22  
    78        2370          1740.04              1           2.12  
    79        2400          1740.02              1           3.39  
                                                        First-order 
 Iteration  Func-count       f(x)        Step-size       optimality
    80        2430          1739.97              1           5.14  
    81        2460          1739.91              1           5.58  
    82        2490          1739.86              1           3.67  
    83        2520          1739.84              1           3.21  
    84        2550          1739.83              1           3.01  
    85        2580          1739.82              1           2.84  
    86        2610          1739.81              1           2.79  
    87        2640          1739.77              1           3.86  
    88        3720          1739.77      0.0267813            309  

Local minimum possible.

fminunc stopped because it cannot decrease the objective function
along the current search direction.




Computing finite-difference Hessian using objective function.
Predicted change in objective function too small.
Current draw: 1000 of 5000
Current draw: 2000 of 5000
Current draw: 3000 of 5000
Current draw: 4000 of 5000
Current draw: 5000 of 5000
Elapsed time is 634.227567 seconds.
Ran Forecast Type 2for Model 102 and Horizon 12
Performing iteration ending on 2009M3 of model 103
Warning: This should be expanded with the country names in case of panel
> In abstvar/abstvar/check_inputs
  In abstvar
  In svar
  In scriptEstimateMode_FULL (line 96)
  In run (line 86)
  In msreg_2reg_endoprob_SVAR_FULL_OOS (line 231)
  In OOS_slurm_IF (line 4)
    'c(3,1,sync,1)>=c(3,1,sync,2)'
    'a0(1,GDPG,sync,1)=0'
    'a0(2,GDPG,sync,1)=0'
    'a0(1,MF,sync,1)=0'
    'a0(1,GDPG,sync,2)=0'
    'a0(2,GDPG,sync,2)=0'
    'a0(1,MF,sync,2)=0'
    'a1(3,GDPG)=0'

 parameter: A12, density:NORMAL, hyperparameters: [0.5 0.5],convergence 0
 parameter: A21, density:NORMAL, hyperparameters: [0.5 0.5],convergence 0
 parameter: B12, density:GAMMA, hyperparameters: [4 0.125],convergence 0
 parameter: C12, density:GAMMA, hyperparameters: [4 0.125],convergence 0
 parameter: B21, density:GAMMA, hyperparameters: [4 0.125],convergence 0
 parameter: C21, density:GAMMA, hyperparameters: [4 0.125],convergence 0
                                                        First-order 
 Iteration  Func-count       f(x)        Step-size       optimality
     0          30          14110.6                      2.17e+04
     1          60          3447.76    4.60693e-05       2.04e+03  
     2          90          2953.55              1       1.49e+03  
     3         120          2306.58              1            593  
     4         150          2153.27              1            270  
     5         180           2103.9              1            165  
     6         210          2092.26              1            181  
     7         240          2085.51              1            179  
     8         270          2075.44              1            161  
     9         300           2062.1              1            118  
    10         330          2049.05              1            140  
    11         360          2042.22              1            169  
    12         390           2038.4              1            146  
    13         420          2031.75              1           71.7  
    14         450          2026.26              1           60.7  
    15         480          2023.27              1           73.2  
    16         510          2021.48              1           76.3  
    17         540          2017.54              1           75.3  
    18         570          2010.87              1            114  
    19         600          2001.93              1            122  
                                                        First-order 
 Iteration  Func-count       f(x)        Step-size       optimality
    20         630          1996.35              1             76  
    21         660          1993.55              1           55.2  
    22         690          1992.55              1           53.3  
    23         720          1991.38              1           48.6  
    24         750           1987.8              1           76.2  
    25         780          1981.07              1            114  
    26         810          1971.37              1            119  
    27         840          1964.53              1           77.8  
    28         870          1961.13              1           89.8  
    29         900          1959.64              1           85.2  
    30         930          1957.55              1           71.8  
    31         960          1953.44              1           74.1  
    32         990          1947.16              1           87.3  
    33        1020          1941.57              1           63.2  
    34        1050          1939.42              1           36.3  
    35        1080          1938.81              1           36.7  
    36        1110          1938.31              1             34  
    37        1140          1937.06              1           33.6  
    38        1170          1935.07              1           46.3  
    39        1200          1932.83              1           40.8  
                                                        First-order 
 Iteration  Func-count       f(x)        Step-size       optimality
    40        1230          1931.59              1           33.4  
    41        1260          1931.15              1           35.9  
    42        1290          1930.82              1           33.7  
    43        1320          1930.21              1           25.3  
    44        1350          1929.28              1           30.3  
    45        1380          1928.25              1           30.5  
    46        1410          1927.67              1           19.5  
    47        1440          1927.48              1           15.9  
    48        1470          1927.31              1           16.1  
    49        1500           1926.9              1           16.2  
    50        1530          1926.08              1           27.3  
    51        1560          1924.75              1           45.2  
    52        1590          1923.44              1           50.2  
    53        1620           1922.7              1           39.9  
    54        1650          1922.39              1           27.3  
    55        1680           1922.1              1           22.6  
    56        1710          1921.47              1           18.6  
    57        1740          1920.38              1           26.8  
    58        1770          1919.08              1           41.4  
    59        1800          1918.29              1           34.9  
                                                        First-order 
 Iteration  Func-count       f(x)        Step-size       optimality
    60        1830          1917.92              1           28.6  
    61        1860          1917.53              1           27.7  
    62        1890          1916.73              1           24.2  
    63        1920          1915.11              1           33.8  
    64        1950          1912.65              1           50.1  
    65        1980          1910.46              1           42.6  
    66        2010          1909.54              1             31  
    67        2040          1909.23              1           30.9  
    68        2070          1908.91              1             29  
    69        2100          1908.17              1           24.5  
    70        2130          1906.71              1           39.9  
    71        2160          1904.41              1           49.2  
    72        2190          1902.27              1           36.3  
    73        2220          1901.53              1           11.7  
    74        2250          1901.45              1           10.8  
    75        2280          1901.42              1           10.5  
    76        2310          1901.33              1           9.25  
    77        2340          1901.15              1           13.7  
    78        2370          1900.81              1             19  
    79        2400          1900.41              1           17.5  
                                                        First-order 
 Iteration  Func-count       f(x)        Step-size       optimality
    80        2430          1900.17              1           8.96  
    81        2460           1900.1              1           9.41  
    82        2490          1900.07              1           9.05  
    83        2520          1900.01              1           8.14  
    84        2550          1899.88              1             10  
    85        2580           1899.6              1           15.6  
    86        2610          1899.11              1           18.9  
    87        2640          1898.53              1           16.8  
    88        2670          1897.87              1           24.8  
    89        2730          1897.68       0.457392           29.4  
    90        2760          1897.46              1           26.6  
    91        2790          1897.26              1           21.5  
    92        2820          1897.03              1           19.9  
    93        2850           1896.1              1           27.4  
    94        2880          1894.75              1             83  
    95        2910           1893.4              1             43  
    96        2940          1891.49              1           20.8  
    97        2970          1890.29              1           15.6  
    98        3000          1890.17              1           14.1  
    99        3030          1890.06              1           13.1  
                                                        First-order 
 Iteration  Func-count       f(x)        Step-size       optimality
   100        3060          1889.95              1           12.4  
   101        3090           1889.7              1             20  
   102        3120          1889.23              1           36.6  
   103        3150          1888.36              1           51.7  
   104        3180          1887.37              1           47.7  
   105        3210          1886.77              1           23.7  
   106        3240          1886.61              1           9.86  
   107        3270          1886.58              1            9.4  
   108        3300          1886.53              1           8.72  
   109        3330          1886.43              1           14.4  
   110        3360           1886.2              1           23.5  
   111        3390          1885.76              1           30.9  
   112        3420          1885.22              1           27.3  
   113        3450          1884.89              1           13.5  
   114        3480           1884.8              1           6.74  
   115        3510          1884.77              1           6.51  
   116        3540          1884.75              1           7.07  
   117        3570          1884.67              1           7.66  
   118        3600          1884.47              1           10.5  
   119        3630          1884.09              1           12.4  
                                                        First-order 
 Iteration  Func-count       f(x)        Step-size       optimality
   120        3660          1883.61              1           11.7  
   121        3690          1883.33              1           4.58  
   122        3720          1883.26              1           2.64  
   123        3750          1883.25              1           2.66  
   124        3780          1883.25              1           2.67  
   125        3810          1883.25              1           2.69  
   126        3840          1883.23              1           2.71  
   127        3870          1883.19              1           2.85  
   128        3900          1883.11              1           4.22  
   129        3930          1882.98              1           4.63  
   130        3960          1882.86              1           2.97  
   131        3990          1882.82              1           2.21  
   132        4020          1882.81              1           2.26  
   133        4050          1882.81              1           2.23  
   134        4080          1882.81              1           2.15  
   135        4110           1882.8              1           2.02  
   136        4140          1882.77              1           2.03  
   137        4170          1882.71              1           2.98  
   138        4200          1882.59              1           4.01  
   139        4230          1882.39              1           4.22  
                                                        First-order 
 Iteration  Func-count       f(x)        Step-size       optimality
   140        4260          1882.22              1           2.78  
   141        4290          1882.16              1            1.1  
   142        4320          1882.15              1           1.24  
   143        4350          1882.15              1           1.29  
   144        4380          1882.15              1           1.29  
   145        4410          1882.15              1           1.29  
   146        4440          1882.15              1           1.26  
   147        4470          1882.14              1           1.19  
   148        4500          1882.13              1           1.58  
   149        4530          1882.11              1           2.03  
   150        4560          1882.09              1           1.78  
   151        4590          1882.07              1          0.829  
   152        4620          1882.07              1          0.299  
   153        4650          1882.07              1          0.307  
   154        4680          1882.07              1           0.31  
   155        4710          1882.07              1          0.315  
   156        4740          1882.07              1          0.322  
   157        4770          1882.07              1           0.33  
   158        4800          1882.07              1          0.338  
   159        4830          1882.06              1          0.535  
                                                        First-order 
 Iteration  Func-count       f(x)        Step-size       optimality
   160        4860          1882.06              1          0.701  
   161        4890          1882.05              1          0.652  
   162        4920          1882.05              1          0.328  
   163        4950          1882.05              1          0.161  
   164        4980          1882.05              1          0.164  
   165        5010          1882.05              1          0.165  
   166        5040          1882.05              1          0.165  
   167        5070          1882.05              1          0.167  
   168        5100          1882.05              1          0.167  
   169        5130          1882.05              1          0.167  
   170        5160          1882.05              1          0.164  
   171        5190          1882.04              1          0.157  
   172        5220          1882.04              1          0.166  
   173        5250          1882.04              1          0.171  
   174        5280          1882.04              1          0.194  
   175        5310          1882.04              1          0.194  
   176        5340          1882.04              1          0.192  
   177        5370          1882.04              1          0.192  
   178        5400          1882.04              1          0.189  
   179        5430          1882.04              1          0.183  
                                                        First-order 
 Iteration  Func-count       f(x)        Step-size       optimality
   180        5460          1882.04              1          0.171  
   181        5490          1882.04              1          0.142  
   182        5520          1882.04              1          0.119  
   183        5550          1882.04              1          0.113  
   184        5580          1882.04              1          0.057  
   185        5610          1882.04              1         0.0555  
   186        5640          1882.04              1          0.055  
   187        5670          1882.04              1         0.0547  
   188        5700          1882.04              1         0.0542  
   189        5730          1882.04              1         0.0537  
   190        5760          1882.04              1         0.0518  
   191        5790          1882.04              1         0.0487  
   192        5820          1882.04              1         0.0478  
   193        5850          1882.04              1         0.0457  
   194        5880          1882.04              1         0.0631  
   195        5910          1882.04              1         0.0608  
   196        5940          1882.03              1         0.0322  
   197        5970          1882.03              1        0.00978  
   198        6000          1882.03              1        0.00857  
   199        6030          1882.03              1        0.00817  
                                                        First-order 
 Iteration  Func-count       f(x)        Step-size       optimality
   200        6060          1882.03              1        0.00818  
   201        6090          1882.03              1        0.00812  
   202        6120          1882.03              1        0.00805  
   203        6150          1882.03              1        0.00781  
   204        6180          1882.03              1         0.0117  
   205        6210          1882.03              1         0.0152  
   206        6240          1882.03              1         0.0167  
   207        6270          1882.03              1         0.0139  
   208        6300          1882.03              1        0.00908  
   209        6330          1882.03              1         0.0098  
   210        6360          1882.03              1          0.007  
   211        6390          1882.03              1        0.00212  
   212        6420          1882.03              1       0.000641  
   213        6450          1882.03              1       0.000946  
   214        6480          1882.03              1       0.000977  
   215        6510          1882.03              1        0.00061  
   216        6570          1882.03       0.407626       0.000605  
   217        6630          1882.03       0.385269       0.000572  
   218        6720          1882.03      0.0164198        0.00061  
   219        6780          1882.03        0.14883        0.00068  
                                                        First-order 
 Iteration  Func-count       f(x)        Step-size       optimality
   220        6870          1882.03      0.0915592       0.000605  
   221        6900          1882.03              1       0.000615  
   222        7140          1882.03     0.00478036       0.000556  

Local minimum possible.

fminunc stopped because it cannot decrease the objective function
along the current search direction.




Computing finite-difference Hessian using objective function.
Predicted change in objective function too small.
Current draw: 1000 of 5000
Current draw: 2000 of 5000
Current draw: 3000 of 5000
Current draw: 4000 of 5000
Current draw: 5000 of 5000
Elapsed time is 839.911935 seconds.
Ran Forecast Type 2for Model 103 and Horizon 12
Performing iteration ending on 2009M3 of model 104
Warning: This should be expanded with the country names in case of panel
> In abstvar/abstvar/check_inputs
  In abstvar
  In svar
  In scriptEstimateMode_FULL (line 96)
  In run (line 86)
  In msreg_2reg_endoprob_SVAR_FULL_OOS (line 231)
  In OOS_slurm_IF (line 4)
    'c(3,1,sync,1)>=c(3,1,sync,2)'
    'a0(1,GDPG)=0'
    'a0(1,MF)=0'
    'a0(2,GDPG)=0'
    'a1(3,GDPG,sync,1)=0'
    'a1(3,GDPG,sync,2)=0'

 parameter: A12, density:NORMAL, hyperparameters: [0.5 0.5],convergence 0
 parameter: A21, density:NORMAL, hyperparameters: [0.5 0.5],convergence 0
 parameter: B12, density:GAMMA, hyperparameters: [4 0.125],convergence 0
 parameter: C12, density:GAMMA, hyperparameters: [4 0.125],convergence 0
 parameter: B21, density:GAMMA, hyperparameters: [4 0.125],convergence 0
 parameter: C21, density:GAMMA, hyperparameters: [4 0.125],convergence 0
                                                        First-order 
 Iteration  Func-count       f(x)        Step-size       optimality
     0          35          14110.6                      2.17e+04
     1          70          3471.18    4.60693e-05       2.01e+03  
     2         105          2953.36              1       1.47e+03  
     3         140          2487.77              1            743  
     4         175          2313.04              1            449  
     5         210          2216.53              1            459  
     6         245          2175.83              1            392  
     7         280          2153.01              1            291  
     8         315          2133.15              1            200  
     9         350          2116.74              1            199  
    10         385          2105.95              1            183  
    11         420          2093.07              1            247  
    12         455          2079.46              1            210  
    13         490          2053.31              1            166  
    14         525          2032.93              1            182  
    15         560          2022.19              1            158  
    16         595          2016.61              1            115  
    17         630          2011.63              1            116  
    18         665          2005.98              1            106  
    19         700          2001.69              1            137  
                                                        First-order 
 Iteration  Func-count       f(x)        Step-size       optimality
    20         735           1996.5              1            148  
    21         770          1991.31              1            116  
    22         805           1983.3              1            186  
    23         840          1975.84              1            187  
    24         875          1970.74              1            113  
    25         910          1967.39              1           77.6  
    26         945          1963.67              1           78.2  
    27         980          1959.48              1            143  
    28        1015          1955.04              1            152  
    29        1050          1950.61              1            149  
    30        1120          1944.52       0.219352            228  
    31        1155           1940.1              1            194  
    32        1190          1921.66              1            194  
    33        1225          1916.43              1            113  
    34        1260          1910.09              1           86.9  
    35        1295           1906.4              1           94.4  
    36        1330          1898.39              1            153  
    37        1365          1893.81              1            102  
    38        1400          1882.45              1            114  
    39        1435          1874.64              1            159  
                                                        First-order 
 Iteration  Func-count       f(x)        Step-size       optimality
    40        1470          1867.73              1            145  
    41        1505          1865.02              1           76.1  
    42        1540          1863.74              1           42.9  
    43        1575           1862.9              1           47.9  
    44        1610          1860.19              1            111  
    45        1645          1857.45              1            131  
    46        1680          1854.48              1           83.1  
    47        1715           1852.8              1           84.4  
    48        1750          1851.66              1             87  
    49        1785          1850.54              1           69.1  
    50        1820          1849.17              1             29  
    51        1855           1848.2              1           28.1  
    52        1890          1847.55              1           29.3  
    53        1925          1847.02              1           36.9  
    54        1960           1846.3              1           38.1  
    55        1995          1845.05              1           31.9  
    56        2030          1843.39              1           28.6  
    57        2065          1842.15              1             25  
    58        2100          1841.72              1           26.7  
    59        2135          1841.58              1           25.5  
                                                        First-order 
 Iteration  Func-count       f(x)        Step-size       optimality
    60        2170          1841.38              1           23.6  
    61        2205           1840.9              1           18.1  
    62        2240          1840.01              1           28.6  
    63        2275          1838.85              1           30.1  
    64        2310             1838              1           20.8  
    65        2345          1837.68              1           22.3  
    66        2380          1837.55              1           20.5  
    67        2415          1837.31              1           17.2  
    68        2450           1836.8              1             20  
    69        2485          1835.88              1           27.3  
    70        2590          1835.61           0.19           26.5  
    71        2695          1835.18           0.19           24.7  
    72        3850          1835.06      0.0590819           36.9  
    73        5040          1835.06    6.16143e-07          1e+03  

Local minimum possible.

fminunc stopped because it cannot decrease the objective function
along the current search direction.




Computing finite-difference Hessian using objective function.
Predicted change in objective function too small.
Current draw: 1000 of 5000
Current draw: 2000 of 5000
Current draw: 3000 of 5000
Current draw: 4000 of 5000
Current draw: 5000 of 5000
Elapsed time is 722.882918 seconds.
Ran Forecast Type 2for Model 104 and Horizon 12
Performing iteration ending on 2009M3 of model 105
Warning: This should be expanded with the country names in case of panel
> In abstvar/abstvar/check_inputs
  In abstvar
  In svar
  In scriptEstimateMode_FULL (line 96)
  In run (line 86)
  In msreg_2reg_endoprob_SVAR_FULL_OOS (line 231)
  In OOS_slurm_IF (line 4)
    'c(3,1,sync,1)>=c(3,1,sync,2)'
    'a0(1,GDPG,sync,1)=0'
    'a0(2,GDPG,sync,1)=0'
    'a0(1,MF,sync,1)=0'
    'a0(1,GDPG,sync,2)=0'
    'a0(2,GDPG,sync,2)=0'
    'a0(1,MF,sync,2)=0'
    'a1(3,GDPG)=0'
    's(3,3,sync,1)<=s(3,3,sync,2)'

 parameter: A12, density:NORMAL, hyperparameters: [0.5 0.5],convergence 0
 parameter: A21, density:NORMAL, hyperparameters: [0.5 0.5],convergence 0
 parameter: B12, density:GAMMA, hyperparameters: [4 0.125],convergence 0
 parameter: C12, density:GAMMA, hyperparameters: [4 0.125],convergence 0
 parameter: B21, density:GAMMA, hyperparameters: [4 0.125],convergence 0
 parameter: C21, density:GAMMA, hyperparameters: [4 0.125],convergence 0
                                                        First-order 
 Iteration  Func-count       f(x)        Step-size       optimality
     0          33          14110.6                      1.33e+04
     1          66          3498.34    7.51314e-05       2.51e+03  
     2          99          2679.48              1       1.31e+03  
     3         132          2343.03              1            739  
     4         165           2064.8              1            287  
     5         198          1988.41              1            129  
     6         231          1967.29              1            114  
     7         264          1957.74              1            145  
     8         297          1943.19              1            186  
     9         330          1918.82              1            194  
    10         363          1889.52              1            152  
    11         396           1878.2              1            158  
    12         429          1871.02              1            113  
    13         462          1860.55              1            129  
    14         495          1855.31              1            130  
    15         528          1844.33              1            144  
    16         561          1839.24              1            142  
    17         594          1830.65              1           96.1  
    18         627          1822.04              1            109  
    19         660          1817.58              1           73.2  
                                                        First-order 
 Iteration  Func-count       f(x)        Step-size       optimality
    20         693          1815.89              1           60.5  
    21         726          1811.98              1           44.9  
    22         759          1808.95              1           52.8  
    23         792          1806.78              1           58.6  
    24         825          1805.51              1           44.9  
    25         858          1803.62              1           75.4  
    26         891          1799.85              1            105  
    27         924          1793.38              1            135  
    28         957          1786.79              1            122  
    29         990          1783.48              1           65.4  
    30        1023          1781.68              1           43.3  
    31        1056          1779.84              1             65  
    32        1089          1776.92              1           99.4  
    33        1122          1773.62              1           86.8  
    34        1155          1771.21              1           62.7  
    35        1188          1769.56              1           44.1  
    36        1221          1767.96              1           46.7  
    37        1254          1765.89              1           65.3  
    38        1287          1763.53              1           51.8  
    39        1320          1762.12              1           27.6  
                                                        First-order 
 Iteration  Func-count       f(x)        Step-size       optimality
    40        1353          1761.65              1           19.8  
    41        1386          1761.41              1           17.9  
    42        1419          1761.05              1           17.3  
    43        1452           1760.3              1           28.8  
    44        1485          1759.04              1           41.4  
    45        1518           1757.6              1           39.7  
    46        1551          1756.65              1           25.2  
    47        1584          1756.19              1           29.9  
    48        1617          1755.78              1           30.9  
    49        1650           1754.9              1             34  
    50        1683          1753.14              1           54.1  
    51        1749          1751.48            0.5           55.7  
    52        1848          1750.48           0.19           50.6  
    53        2541          1750.36      0.0203061            491  
    54        4026          1750.36    1.62691e-08          1e+03  

Local minimum possible.

fminunc stopped because the size of the current step is less than
the selected value of the step size tolerance.




Local minimum possible.

fminunc stopped because it cannot decrease the objective function
along the current search direction.




Computing finite-difference Hessian using objective function.
Predicted change in objective function too small.
Current draw: 1000 of 5000
Current draw: 2000 of 5000
Current draw: 3000 of 5000
Current draw: 4000 of 5000
Current draw: 5000 of 5000
Elapsed time is 658.592949 seconds.
Ran Forecast Type 2for Model 105 and Horizon 12
Performing iteration ending on 2009M3 of model 106
Warning: This should be expanded with the country names in case of panel
> In abstvar/abstvar/check_inputs
  In abstvar
  In svar
  In scriptEstimateMode_FULL (line 96)
  In run (line 86)
  In msreg_2reg_endoprob_SVAR_FULL_OOS (line 231)
  In OOS_slurm_IF (line 4)
    'c(3,1,sync,1)>=c(3,1,sync,2)'
    'a0(1,GDPG)=0'
    'a0(1,MF)=0'
    'a0(2,GDPG)=0'
    'a1(3,GDPG,sync,1)=0'
    'a1(3,GDPG,sync,2)=0'
    's(3,3,sync,1)<=s(3,3,sync,2)'

 parameter: A12, density:NORMAL, hyperparameters: [0.5 0.5],convergence 0
 parameter: A21, density:NORMAL, hyperparameters: [0.5 0.5],convergence 0
 parameter: B12, density:GAMMA, hyperparameters: [4 0.125],convergence 0
 parameter: C12, density:GAMMA, hyperparameters: [4 0.125],convergence 0
 parameter: B21, density:GAMMA, hyperparameters: [4 0.125],convergence 0
 parameter: C21, density:GAMMA, hyperparameters: [4 0.125],convergence 0
                                                        First-order 
 Iteration  Func-count       f(x)        Step-size       optimality
     0          38          14110.6                      1.33e+04
     1          76          3306.99    7.51314e-05       1.75e+03  
     2         114          2773.66              1       1.16e+03  
     3         152          2258.42              1            438  
     4         190          2118.95              1            195  
     5         228          2053.84              1            211  
     6         266          2027.45              1            213  
     7         304          2009.04              1            199  
     8         342          1990.29              1            158  
     9         380          1970.64              1            139  
    10         418          1946.29              1            131  
    11         456          1917.28              1            188  
    12         494          1906.33              1            189  
    13         532          1894.92              1            148  
    14         570          1867.28              1            224  
    15         608          1858.53              1            159  
    16         646          1843.28              1            119  
    17         684          1831.12              1            129  
    18         722          1815.82              1            221  
    19         760          1809.01              1            108  
                                                        First-order 
 Iteration  Func-count       f(x)        Step-size       optimality
    20         798          1805.32              1            121  
    21         836          1800.92              1            129  
    22         874          1790.63              1            168  
    23         912          1782.08              1            150  
    24         950          1776.54              1           95.4  
    25         988          1774.45              1           50.9  
    26        1026          1773.08              1             44  
    27        1064          1771.98              1           49.3  
    28        1102          1769.36              1             87  
    29        1140           1765.7              1            118  
    30        1178          1759.75              1            118  
    31        1216          1754.57              1            109  
    32        1254          1751.67              1           68.1  
    33        1292          1750.19              1           43.9  
    34        1330          1748.61              1           46.1  
    35        1368          1746.09              1           95.9  
    36        1406          1742.58              1            130  
    37        1444          1739.43              1            106  
    38        1482          1737.67              1           47.9  
    39        1520          1736.82              1           37.9  
                                                        First-order 
 Iteration  Func-count       f(x)        Step-size       optimality
    40        1558          1736.35              1           23.8  
    41        1596          1736.01              1           23.2  
    42        1634          1735.79              1           18.4  
    43        1672           1735.6              1           20.9  
    44        1710          1735.38              1           21.3  
    45        1748          1735.13              1           21.8  
    46        1786          1734.97              1           11.6  
    47        1824          1734.89              1           11.7  
    48        1862          1734.84              1             10  
    49        1900          1734.77              1           14.6  
    50        1938          1734.67              1           15.2  
    51        1976          1734.58              1           9.24  
    52        2014          1734.51              1            6.8  
    53        2052          1734.46              1           7.43  
    54        4636          1734.45       0.163444          1e+03  

Local minimum possible.

fminunc stopped because it cannot decrease the objective function
along the current search direction.




Computing finite-difference Hessian using objective function.
Predicted change in objective function too small.
Current draw: 1000 of 5000
Current draw: 2000 of 5000
Current draw: 3000 of 5000
Current draw: 4000 of 5000
Current draw: 5000 of 5000
Elapsed time is 706.829985 seconds.
Ran Forecast Type 2for Model 106 and Horizon 12
Performing iteration ending on 2009M3 of model 107
Warning: This should be expanded with the country names in case of panel
> In abstvar/abstvar/check_inputs
  In abstvar
  In svar
  In scriptEstimateMode_FULL (line 96)
  In run (line 86)
  In msreg_2reg_endoprob_SVAR_FULL_OOS (line 231)
  In OOS_slurm_IF (line 4)
    'c(3,1,sync,1)>=c(3,1,sync,2)'
    'a0(1,GDPG,sync,1)=0'
    'a0(2,GDPG,sync,1)=0'
    'a0(1,MF,sync,1)=0'
    'a0(1,GDPG,sync,2)=0'
    'a0(2,GDPG,sync,2)=0'
    'a0(1,MF,sync,2)=0'
    'a1(3,GDPG,sync,1)=0'
    'a1(3,GDPG,sync,2)=0'
    's(3,3,sync,1)<=s(3,3,sync,2)'

 parameter: A12, density:NORMAL, hyperparameters: [0.5 0.5],convergence 0
 parameter: A21, density:NORMAL, hyperparameters: [0.5 0.5],convergence 0
 parameter: B12, density:GAMMA, hyperparameters: [4 0.125],convergence 0
 parameter: C12, density:GAMMA, hyperparameters: [4 0.125],convergence 0
 parameter: B21, density:GAMMA, hyperparameters: [4 0.125],convergence 0
 parameter: C21, density:GAMMA, hyperparameters: [4 0.125],convergence 0
                                                        First-order 
 Iteration  Func-count       f(x)        Step-size       optimality
     0          41          14110.6                      1.33e+04
     1          82          3354.38    7.51314e-05       1.83e+03  
     2         123           2797.1              1        1.2e+03  
     3         164          2268.22              1            436  
     4         205          2131.12              1            194  
     5         246          2069.09              1            196  
     6         287          2045.58              1            197  
     7         328          2029.15              1            186  
     8         369          2011.22              1            155  
     9         410          1991.57              1            137  
    10         451          1969.31              1            110  
    11         492          1943.84              1            154  
    12         533          1932.41              1            156  
    13         574          1921.54              1            126  
    14         615          1896.39              1            196  
    15         656          1888.13              1            128  
    16         697          1875.86              1            118  
    17         738          1860.31              1            115  
    18         779          1843.29              1            150  
    19         820          1836.67              1           92.8  
                                                        First-order 
 Iteration  Func-count       f(x)        Step-size       optimality
    20         861          1831.56              1            118  
    21         902          1828.63              1            118  
    22         943          1816.37              1            163  
    23         984          1809.25              1            183  
    24        1025          1804.23              1            122  
    25        1066          1801.21              1           37.1  
    26        1107           1800.1              1             35  
    27        1148           1798.9              1           66.8  
    28        1189          1796.95              1           75.9  
    29        1230          1791.42              1           88.7  
    30        1271          1788.34              1           95.9  
    31        1312          1785.21              1           62.1  
    32        1353          1781.89              1           65.6  
    33        1394          1777.82              1           76.5  
    34        1435          1773.62              1           89.2  
    35        1476          1770.08              1           80.9  
    36        1517          1767.35              1           74.4  
    37        1558          1764.62              1           61.3  
    38        1599          1760.82              1             89  
    39        1640          1755.74              1           97.6  
                                                        First-order 
 Iteration  Func-count       f(x)        Step-size       optimality
    40        1681          1751.58              1           68.1  
    41        1722          1749.53              1           26.7  
    42        1763          1748.77              1           20.7  
    43        1804          1748.27              1           23.3  
    44        1845          1747.51              1           36.1  
    45        1886          1746.43              1           39.4  
    46        1927           1745.2              1             40  
    47        1968          1744.28              1           26.8  
    48        2009          1743.78              1           21.8  
    49        2091          1743.64       0.415844           19.7  
    50        2214          1743.52           0.19           17.6  
    51        4715          1743.52     0.00660521          1e+03  

Local minimum possible.

fminunc stopped because it cannot decrease the objective function
along the current search direction.




Computing finite-difference Hessian using objective function.
Predicted change in objective function too small.
Current draw: 1000 of 5000
Current draw: 2000 of 5000
Current draw: 3000 of 5000
Current draw: 4000 of 5000
Current draw: 5000 of 5000
Elapsed time is 724.140834 seconds.
Ran Forecast Type 2for Model 107 and Horizon 12
Performing iteration ending on 2009M3 of model 108
Warning: This should be expanded with the country names in case of panel
> In abstvar/abstvar/check_inputs
  In abstvar
  In svar
  In scriptEstimateMode_FULL (line 96)
  In run (line 86)
  In msreg_2reg_endoprob_SVAR_FULL_OOS (line 231)
  In OOS_slurm_IF (line 4)
    'c(3,1,sync,1)>=c(3,1,sync,2)'
    'a0(1,GDPG)=0'
    'a0(1,MF)=0'
    'a0(2,GDPG)=0'
    'a1(3,GDPG)=0'
    's(3,3,sync,1)<=s(3,3,sync,2)'

 parameter: A12, density:NORMAL, hyperparameters: [0.5 0.5],convergence 0
 parameter: A21, density:NORMAL, hyperparameters: [0.5 0.5],convergence 0
 parameter: B12, density:GAMMA, hyperparameters: [4 0.125],convergence 0
 parameter: C12, density:GAMMA, hyperparameters: [4 0.125],convergence 0
 parameter: B21, density:GAMMA, hyperparameters: [4 0.125],convergence 0
 parameter: C21, density:GAMMA, hyperparameters: [4 0.125],convergence 0
                                                        First-order 
 Iteration  Func-count       f(x)        Step-size       optimality
     0          28          14110.6                      1.33e+04
     1          56          3418.38    7.51314e-05       2.46e+03  
     2          84          2685.21              1       1.27e+03  
     3         112          2386.21              1            701  
     4         140          2155.61              1            332  
     5         168          2080.54              1            173  
     6         196          2058.16              1            191  
     7         224          2049.42              1            184  
     8         252          2039.17              1            157  
     9         280          2023.91              1            147  
    10         308          2007.88              1            132  
    11         336          1999.33              1            116  
    12         364          1995.83              1           69.9  
    13         392          1992.99              1           47.1  
    14         420          1990.78              1           57.8  
    15         448          1987.85              1           96.4  
    16         476          1983.86              1            113  
    17         504          1977.35              1            106  
    18         532          1970.38              1           81.7  
    19         560          1965.87              1           56.5  
                                                        First-order 
 Iteration  Func-count       f(x)        Step-size       optimality
    20         588          1963.64              1           57.2  
    21         616          1961.99              1           54.8  
    22         644          1959.06              1           57.5  
    23         672           1953.4              1           74.5  
    24         700          1945.09              1             68  
    25         728          1937.99              1             81  
    26         756          1935.04              1           89.3  
    27         784          1932.98              1           84.3  
    28         812           1928.6              1           71.4  
    29         840          1921.59              1            111  
    30         896          1917.13       0.441854            110  
    31        1428           1915.8       0.102211            703  

Local minimum possible.

fminunc stopped because it cannot decrease the objective function
along the current search direction.




Computing finite-difference Hessian using objective function.
Predicted change in objective function too small.
Current draw: 1000 of 5000
Current draw: 2000 of 5000
Current draw: 3000 of 5000
Current draw: 4000 of 5000
Current draw: 5000 of 5000
Elapsed time is 495.392998 seconds.
Ran Forecast Type 2for Model 108 and Horizon 12
