131
------------------------------------------
Setting up environment variables
---
LD_LIBRARY_PATH is .:/opt/MATLAB/R2017a/runtime/glnxa64:/opt/MATLAB/R2017a/bin/glnxa64:/opt/MATLAB/R2017a/sys/os/glnxa64:/opt/MATLAB/R2017a/sys/opengl/lib/glnxa64
Warning: Method directories not allowed in MATLAB path: /if/home/m1pac03/.mcrCache9.2/OOS_sl0/if/gms_research_gar/GAR/MS-VAR/RISE_toolbox2/classes/models/@dsge/private

	Personal pathdef has been created in your preference directory:
	/if/home/m1pac03/.mcrCache9.2/OOS_sl0/.matlab

Running on SLURM; using 1 cores as assigned on this node.

Performing iteration ending on 2009M11 of model 101
Warning: This should be expanded with the country names in case of panel
> In abstvar/abstvar/check_inputs
  In abstvar
  In svar
  In scriptEstimateMode_FULL (line 96)
  In run (line 86)
  In msreg_2reg_endoprob_SVAR_FULL_OOS (line 231)
  In OOS_slurm_IF (line 4)
    'c(3,1,sync,1)>=c(3,1,sync,2)'
    'a0(1,GDPG)=0'
    'a0(1,MF)=0'
    'a0(2,GDPG)=0'
    'a1(3,GDPG)=0'

 parameter: A12, density:NORMAL, hyperparameters: [0.5 0.5],convergence 0
 parameter: A21, density:NORMAL, hyperparameters: [0.5 0.5],convergence 0
 parameter: B12, density:GAMMA, hyperparameters: [4 0.125],convergence 0
 parameter: C12, density:GAMMA, hyperparameters: [4 0.125],convergence 0
 parameter: B21, density:GAMMA, hyperparameters: [4 0.125],convergence 0
 parameter: C21, density:GAMMA, hyperparameters: [4 0.125],convergence 0
                                                        First-order 
 Iteration  Func-count       f(x)        Step-size       optimality
     0          27            14176                      2.18e+04
     1          54          3428.34    4.59119e-05       1.95e+03  
     2          81          2952.55              1       1.43e+03  
     3         108          2322.82              1            575  
     4         135          2172.95              1            260  
     5         162          2123.47              1            173  
     6         189          2111.14              1            188  
     7         216           2103.8              1            186  
     8         243          2093.72              1            167  
     9         270          2080.49              1            123  
    10         297          2066.86              1            171  
    11         324           2058.7              1            181  
    12         351          2052.92              1            141  
    13         378          2045.12              1           73.3  
    14         405          2041.82              1             70  
    15         432           2039.9              1           70.8  
    16         459          2037.27              1           71.8  
    17         486          2031.16              1            107  
    18         513          2021.09              1            143  
    19         540          2011.59              1            120  
                                                        First-order 
 Iteration  Func-count       f(x)        Step-size       optimality
    20         567          2006.12              1           75.9  
    21         594          2003.38              1           77.4  
    22         621          2002.03              1           72.4  
    23         648          1997.44              1           82.8  
    24         675          1989.18              1            130  
    25         702          1977.58              1            141  
    26         729          1969.58              1           91.3  
    27         756          1965.44              1            102  
    28         783           1963.8              1           98.2  
    29         810          1961.31              1           82.9  
    30         837          1956.88              1             74  
    31         864          1951.01              1           85.2  
    32         891          1947.17              1           56.4  
    33         918          1946.24              1           23.4  
    34         945          1946.12              1           13.2  
    35         972          1946.07              1             13  
    36         999          1945.89              1           12.7  
    37        1026          1945.62              1           16.6  
    38        1053          1945.31              1           25.5  
    39        1080           1945.1              1           24.6  
                                                        First-order 
 Iteration  Func-count       f(x)        Step-size       optimality
    40        1107          1944.98              1           21.4  
    41        1134          1944.84              1             23  
    42        1161          1944.53              1           23.4  
    43        1188           1943.9              1           20.9  
    44        1215          1942.94              1           26.4  
    45        1242           1942.1              1           23.3  
    46        1269          1941.78              1           16.2  
    47        1296          1941.69              1           15.4  
    48        1323          1941.61              1           14.4  
    49        1350          1941.42              1           13.1  
    50        1377          1941.04              1           22.1  
    51        1404          1940.51              1           25.7  
    52        1431          1940.11              1           17.8  
    53        1458          1939.97              1             14  
    54        1485          1939.92              1           14.7  
    55        1512          1939.87              1           14.8  
    56        1539          1939.74              1           14.4  
    57        1566          1939.48              1             14  
    58        1593          1939.12              1           15.8  
    59        1620          1938.84              1           9.77  
                                                        First-order 
 Iteration  Func-count       f(x)        Step-size       optimality
    60        1647          1938.74              1           6.42  
    61        1674          1938.72              1           6.69  
    62        1701           1938.7              1           6.64  
    63        1728          1938.65              1            6.2  
    64        1755          1938.56              1           8.37  
    65        1782          1938.43              1           8.53  
    66        1809          1938.33              1           4.69  
    67        1836           1938.3              1           3.84  
    68        1863          1938.29              1           3.72  
    69        1890          1938.28              1           3.73  
    70        1917          1938.27              1           3.75  
    71        1944          1938.24              1           3.95  
    72        1971          1938.19              1           4.76  
    73        1998          1938.12              1           5.16  
    74        2025          1938.07              1           8.24  
    75        2052          1938.05              1            9.3  
    76        2079          1938.03              1           9.53  
    77        2106          1937.99              1           9.68  
    78        2133          1937.88              1             10  
    79        2160          1937.52              1           14.3  
                                                        First-order 
 Iteration  Func-count       f(x)        Step-size       optimality
    80        2187          1935.58              1           33.9  
    81        2268          1934.86      0.0437065           44.2  
    82        2295          1933.56              1           50.2  
    83        2322           1928.1              1           67.7  
    84        2349          1924.52              1           48.3  
    85        2376          1920.12              1           29.5  
    86        2403          1918.93              1           20.9  
    87        2430          1918.59              1           22.3  
    88        2457          1918.37              1           23.6  
    89        2484          1918.19              1           23.6  
    90        2511          1917.92              1           22.3  
    91        2538          1917.43              1           22.2  
    92        2565          1916.69              1           31.1  
    93        2592          1916.05              1           22.8  
    94        2619          1915.77              1           11.8  
    95        2646          1915.71              1           11.8  
    96        2673          1915.67              1           11.1  
    97        2700          1915.58              1           10.6  
    98        2727           1915.3              1           17.4  
    99        2754          1914.78              1             27  
                                                        First-order 
 Iteration  Func-count       f(x)        Step-size       optimality
   100        2781          1913.91              1             33  
   101        2808          1913.04              1           25.2  
   102        2835          1912.68              1           12.3  
   103        2862          1912.61              1           12.8  
   104        2889          1912.57              1           12.8  
   105        2916           1912.5              1           12.4  
   106        2943          1912.33              1           11.2  
   107        2970          1911.98              1           15.8  
   108        2997          1911.44              1           19.8  
   109        3024          1910.95              1           14.6  
   110        3051          1910.74              1           5.65  
   111        3078          1910.71              1           5.98  
   112        3105          1910.69              1            6.1  
   113        3132          1910.63              1           6.26  
   114        3159           1910.5              1           9.68  
   115        3186          1910.18              1           16.6  
   116        3213          1909.51              1           24.1  
   117        3240          1908.47              1           26.3  
   118        3267          1907.65              1           16.3  
   119        3294          1907.37              1           5.92  
                                                        First-order 
 Iteration  Func-count       f(x)        Step-size       optimality
   120        3321          1907.33              1           5.82  
   121        3348          1907.32              1           5.67  
   122        3375          1907.31              1           5.45  
   123        3402          1907.28              1           5.12  
   124        3429          1907.21              1           4.51  
   125        3456          1907.04              1           6.39  
   126        3483          1906.69              1           9.32  
   127        3510           1906.2              1           10.9  
   128        3537          1905.83              1           10.6  
   129        3564          1905.72              1           8.66  
   130        3591          1905.69              1           8.35  
   131        3618          1905.67              1           8.53  
   132        3645           1905.6              1           8.48  
   133        3672          1905.47              1           7.64  
   134        3699          1905.25              1            6.3  
   135        3726             1905              1            4.6  
   136        3753          1904.91              1           2.14  
   137        3780          1904.89              1           1.59  
   138        3807          1904.89              1           1.58  
   139        3834          1904.89              1           1.55  
                                                        First-order 
 Iteration  Func-count       f(x)        Step-size       optimality
   140        3861          1904.89              1           1.49  
   141        3888          1904.88              1           1.43  
   142        3915          1904.86              1           1.65  
   143        3942          1904.83              1           2.38  
   144        3969          1904.79              1           2.31  
   145        3996          1904.77              1            1.2  
   146        4023          1904.76              1          0.641  
   147        4050          1904.76              1          0.561  
   148        4077          1904.76              1          0.538  
   149        4104          1904.76              1          0.556  
   150        4131          1904.76              1          0.584  
   151        4158          1904.76              1          0.622  
   152        4185          1904.75              1          0.671  
   153        4212          1904.75              1          0.705  
   154        4239          1904.73              1          0.769  
   155        4266           1904.7              1          0.761  
   156        4293          1904.68              1          0.442  
   157        4320          1904.67              1          0.169  
   158        4347          1904.67              1          0.124  
   159        4374          1904.67              1          0.128  
                                                        First-order 
 Iteration  Func-count       f(x)        Step-size       optimality
   160        4401          1904.67              1          0.129  
   161        4428          1904.67              1           0.13  
   162        4455          1904.67              1          0.132  
   163        4482          1904.67              1          0.134  
   164        4509          1904.67              1          0.136  
   165        4536          1904.67              1          0.139  
   166        4563          1904.67              1          0.203  
   167        4590          1904.67              1          0.305  
   168        4617          1904.67              1           0.36  
   169        4644          1904.67              1          0.269  
   170        4671          1904.67              1         0.0911  
   171        4698          1904.67              1         0.0148  
   172        4725          1904.67              1         0.0155  
   173        4752          1904.67              1         0.0157  
   174        4779          1904.67              1         0.0156  
   175        4806          1904.67              1         0.0156  
   176        4833          1904.67              1         0.0155  
   177        4860          1904.67              1         0.0154  
   178        4887          1904.67              1          0.027  
   179        4914          1904.67              1          0.039  
                                                        First-order 
 Iteration  Func-count       f(x)        Step-size       optimality
   180        4941          1904.67              1         0.0723  
   181        4968          1904.67              1         0.0804  
   182        4995          1904.67              1         0.0458  
   183        5022          1904.67              1          0.013  
   184        5049          1904.67              1        0.00087  
   185        5076          1904.67              1        0.00058  
   186        5103          1904.67              1       0.000308  

Local minimum found.

Optimization completed because the size of the gradient is less than
the selected value of the optimality tolerance.




Computing finite-difference Hessian using objective function.
First order optimality conditions satisfied.
Current draw: 1000 of 5000
Current draw: 2000 of 5000
Current draw: 3000 of 5000
Current draw: 4000 of 5000
Current draw: 5000 of 5000
Elapsed time is 746.683744 seconds.
Ran Forecast Type 2for Model 101 and Horizon 12
Performing iteration ending on 2009M11 of model 102
Warning: This should be expanded with the country names in case of panel
> In abstvar/abstvar/check_inputs
  In abstvar
  In svar
  In scriptEstimateMode_FULL (line 96)
  In run (line 86)
  In msreg_2reg_endoprob_SVAR_FULL_OOS (line 231)
  In OOS_slurm_IF (line 4)
    'c(3,1,sync,1)>=c(3,1,sync,2)'
    'a0(1,GDPG)=0'
    'a0(1,MF)=0'
    'a0(2,GDPG)=0'
    'a1(3,GDPG)=0'
    's(3,3,sync,1)<=s(3,3,sync,2)'

 parameter: A12, density:NORMAL, hyperparameters: [0.5 0.5],convergence 0
 parameter: A21, density:NORMAL, hyperparameters: [0.5 0.5],convergence 0
 parameter: B12, density:GAMMA, hyperparameters: [4 0.125],convergence 0
 parameter: C12, density:GAMMA, hyperparameters: [4 0.125],convergence 0
 parameter: B21, density:GAMMA, hyperparameters: [4 0.125],convergence 0
 parameter: C21, density:GAMMA, hyperparameters: [4 0.125],convergence 0
                                                        First-order 
 Iteration  Func-count       f(x)        Step-size       optimality
     0          30            14176                      1.33e+04
     1          60          3482.95    7.50134e-05       2.59e+03  
     2          90          2688.44              1       1.38e+03  
     3         120          2364.14              1            752  
     4         150          2081.13              1            294  
     5         180             2003              1            135  
     6         210          1980.64              1            120  
     7         240          1969.98              1            159  
     8         270          1953.52              1            201  
     9         300           1925.5              1            210  
    10         330           1894.6              1            182  
    11         360          1881.69              1            163  
    12         390          1871.98              1           85.5  
    13         420          1865.81              1            113  
    14         450          1860.59              1            106  
    15         480          1852.87              1            137  
    16         510          1845.74              1            151  
    17         540          1836.18              1            119  
    18         570          1824.48              1            148  
    19         600          1818.86              1            106  
                                                        First-order 
 Iteration  Func-count       f(x)        Step-size       optimality
    20         630          1816.83              1           74.6  
    21         660          1812.42              1           81.5  
    22         690          1809.09              1            102  
    23         720          1806.31              1           69.5  
    24         750          1804.57              1           61.6  
    25         780          1802.56              1           68.3  
    26         810          1799.01              1            150  
    27         840          1793.03              1            215  
    28         870          1787.21              1            184  
    29         900          1784.41              1           67.3  
    30         930          1783.32              1           37.5  
    31         960          1782.39              1             64  
    32         990          1780.45              1            119  
    33        1020          1777.84              1            134  
    34        1050          1775.97              1           81.8  
    35        1080          1775.23              1           37.6  
    36        1110           1774.9              1           36.2  
    37        1140           1774.5              1             43  
    38        1170          1773.91              1           54.8  
    39        1200          1773.34              1           40.1  
                                                        First-order 
 Iteration  Func-count       f(x)        Step-size       optimality
    40        1230          1773.06              1           14.1  
    41        1260          1772.97              1           13.5  
    42        1290          1772.89              1           13.2  
    43        1320          1772.73              1           22.9  
    44        1350          1772.38              1           33.8  
    45        1380          1771.78              1           38.3  
    46        1410          1771.11              1             28  
    47        1440          1770.71              1           20.4  
    48        1470          1770.54              1             23  
    49        1500           1770.4              1           22.9  
    50        1530          1770.07              1           20.6  
    51        1560          1769.44              1           27.9  
    52        1590          1768.54              1           29.8  
    53        1620           1767.9              1           17.5  
    54        1650          1767.72              1           5.95  
    55        1680          1767.68              1           5.55  
    56        1710          1767.66              1            5.2  
    57        1740           1767.6              1           8.14  
    58        1770           1767.5              1           12.3  
    59        1800          1767.35              1           12.4  
                                                        First-order 
 Iteration  Func-count       f(x)        Step-size       optimality
    60        1830          1767.26              1           6.57  
    61        1860          1767.23              1            3.2  
    62        1890          1767.22              1           3.02  
    63        1920          1767.21              1           2.82  
    64        1950          1767.19              1           4.09  
    65        1980          1767.14              1           5.86  
    66        2010          1767.08              1           6.01  
    67        2040          1767.03              1           3.64  
    68        2070          1767.02              1           3.08  
    69        2100          1767.01              1           2.73  
    70        2130          1767.01              1           2.47  
    71        2160          1766.99              1           2.46  
    72        2190          1766.96              1           3.39  
    73        2220          1766.93              1           3.79  
    74        2250           1766.9              1            2.5  
    75        2280          1766.89              1            2.2  
    76        2310          1766.88              1            2.2  
    77        2340          1766.88              1           2.19  
    78        2370          1766.87              1           2.17  
    79        2400          1766.85              1           3.15  
                                                        First-order 
 Iteration  Func-count       f(x)        Step-size       optimality
    80        2430           1766.8              1           4.09  
    81        2460          1766.75              1           3.82  
    82        2490          1766.71              1           3.03  
    83        2520           1766.7              1           3.24  
    84        2550          1766.69              1           3.09  
    85        2580          1766.68              1           2.68  
    86        2610          1766.66              1           2.58  
    87        2640          1766.61              1           3.55  
    88        2670          1766.56              1           3.44  
    89        2700          1766.52              1           3.67  
    90        2730          1766.51              1           3.59  
    91        2760           1766.5              1           3.21  
    92        2790          1766.49              1           2.58  
    93        2820          1766.48              1           2.37  
    94        4020          1766.47       0.183062            168  

Local minimum possible.

fminunc stopped because it cannot decrease the objective function
along the current search direction.




Computing finite-difference Hessian using objective function.
Predicted change in objective function too small.
Current draw: 1000 of 5000
Current draw: 2000 of 5000
Current draw: 3000 of 5000
Current draw: 4000 of 5000
Current draw: 5000 of 5000
Elapsed time is 685.040889 seconds.
Ran Forecast Type 2for Model 102 and Horizon 12
Performing iteration ending on 2009M11 of model 103
Warning: This should be expanded with the country names in case of panel
> In abstvar/abstvar/check_inputs
  In abstvar
  In svar
  In scriptEstimateMode_FULL (line 96)
  In run (line 86)
  In msreg_2reg_endoprob_SVAR_FULL_OOS (line 231)
  In OOS_slurm_IF (line 4)
    'c(3,1,sync,1)>=c(3,1,sync,2)'
    'a0(1,GDPG,sync,1)=0'
    'a0(2,GDPG,sync,1)=0'
    'a0(1,MF,sync,1)=0'
    'a0(1,GDPG,sync,2)=0'
    'a0(2,GDPG,sync,2)=0'
    'a0(1,MF,sync,2)=0'
    'a1(3,GDPG)=0'

 parameter: A12, density:NORMAL, hyperparameters: [0.5 0.5],convergence 0
 parameter: A21, density:NORMAL, hyperparameters: [0.5 0.5],convergence 0
 parameter: B12, density:GAMMA, hyperparameters: [4 0.125],convergence 0
 parameter: C12, density:GAMMA, hyperparameters: [4 0.125],convergence 0
 parameter: B21, density:GAMMA, hyperparameters: [4 0.125],convergence 0
 parameter: C21, density:GAMMA, hyperparameters: [4 0.125],convergence 0
                                                        First-order 
 Iteration  Func-count       f(x)        Step-size       optimality
     0          30            14176                      2.18e+04
     1          60          3477.28    4.59119e-05       2.04e+03  
     2          90          2982.18              1       1.49e+03  
     3         120          2335.45              1            592  
     4         150          2182.77              1            268  
     5         180          2133.79              1            169  
     6         210          2122.11              1            184  
     7         240          2115.11              1            182  
     8         270          2104.65              1            163  
     9         300             2091              1            118  
    10         330          2077.85              1            145  
    11         360          2070.97              1            172  
    12         390          2066.97              1            148  
    13         420          2060.06              1           69.1  
    14         450          2054.54              1           63.7  
    15         480          2051.57              1             76  
    16         510          2049.74              1           78.5  
    17         540          2045.17              1           76.4  
    18         570          2038.01              1            118  
    19         600          2029.02              1            119  
                                                        First-order 
 Iteration  Func-count       f(x)        Step-size       optimality
    20         630          2023.83              1           68.1  
    21         660          2021.28              1           54.5  
    22         690          2020.35              1           52.4  
    23         720          2018.92              1           46.7  
    24         750             2015              1           82.9  
    25         780          2007.54              1            119  
    26         810          1997.61              1            116  
    27         840          1990.92              1           78.5  
    28         870          1987.73              1             88  
    29         900          1986.31              1           82.6  
    30         930          1983.94              1             67  
    31         960          1979.63              1           76.5  
    32         990          1973.17              1           82.2  
    33        1020          1967.95              1           51.3  
    34        1050          1966.15              1             35  
    35        1080          1965.63              1           30.8  
    36        1110          1965.09              1           29.2  
    37        1140          1963.85              1           36.3  
    38        1170          1961.81              1             45  
    39        1200          1959.51              1           34.8  
                                                        First-order 
 Iteration  Func-count       f(x)        Step-size       optimality
    40        1230           1958.2              1           31.1  
    41        1260          1957.78              1           33.2  
    42        1290          1957.51              1           31.4  
    43        1320          1956.97              1           23.9  
    44        1350          1956.14              1           27.3  
    45        1380          1955.19              1           24.4  
    46        1410          1954.61              1           17.5  
    47        1440          1954.39              1           17.7  
    48        1470          1954.22              1           17.1  
    49        1500          1953.78              1           16.2  
    50        1530          1952.91              1             26  
    51        1560          1951.43              1           40.1  
    52        1590          1949.97              1           43.1  
    53        1620          1949.18              1           33.3  
    54        1650          1948.87              1           22.5  
    55        1680          1948.62              1           17.5  
    56        1710          1948.08              1             19  
    57        1740          1947.06              1           23.2  
    58        1770          1945.59              1           44.1  
    59        1800          1944.45              1           47.4  
                                                        First-order 
 Iteration  Func-count       f(x)        Step-size       optimality
    60        1830           1943.9              1           36.7  
    61        1860          1943.45              1           37.7  
    62        1890          1942.62              1           35.9  
    63        1920          1941.02              1           28.2  
    64        1950          1938.73              1           37.8  
    65        1980          1936.83              1           37.1  
    66        2010          1936.04              1           30.5  
    67        2040          1935.75              1           31.1  
    68        2070          1935.38              1           29.9  
    69        2100          1934.54              1           26.2  
    70        2130          1932.93              1           34.3  
    71        2160          1930.65              1           42.1  
    72        2190          1928.94              1           27.7  
    73        2220          1928.51              1           9.62  
    74        2250          1928.46              1           10.3  
    75        2280          1928.42              1           10.3  
    76        2310          1928.32              1           9.71  
    77        2340          1928.12              1           14.7  
    78        2370          1927.76              1           19.1  
    79        2400          1927.39              1           15.6  
                                                        First-order 
 Iteration  Func-count       f(x)        Step-size       optimality
    80        2430           1927.2              1           7.84  
    81        2460          1927.15              1           7.95  
    82        2490          1927.12              1           7.61  
    83        2520          1927.05              1           7.03  
    84        2550           1926.9              1           11.5  
    85        2580          1926.58              1           17.4  
    86        2610          1926.03              1           20.4  
    87        2640          1925.21              1           22.6  
    88        2700          1924.55       0.292521           32.7  
    89        2730          1924.23              1           35.7  
    90        2760          1923.94              1             30  
    91        2790          1923.72              1           27.6  
    92        2820          1923.19              1           22.4  
    93        2850          1922.28              1           58.4  
    94        2880          1921.05              1           55.3  
    95        2910          1918.76              1           33.6  
    96        2940          1916.63              1           16.8  
    97        2970          1916.34              1           16.3  
    98        3000          1916.17              1           14.4  
    99        3030          1916.09              1           13.1  
                                                        First-order 
 Iteration  Func-count       f(x)        Step-size       optimality
   100        3060          1915.93              1           13.2  
   101        3090          1915.66              1           12.3  
   102        3120          1915.14              1           30.7  
   103        3150           1914.3              1           37.7  
   104        3180          1913.36              1           34.4  
   105        3210          1912.98              1           10.9  
   106        3240          1912.91              1           8.28  
   107        3270          1912.89              1           8.05  
   108        3300          1912.83              1           8.97  
   109        3330           1912.7              1           17.9  
   110        3360          1912.41              1           28.5  
   111        3390           1911.9              1           34.9  
   112        3420          1911.39              1           27.2  
   113        3450          1911.13              1           10.6  
   114        3480          1911.07              1           6.48  
   115        3510          1911.05              1           6.76  
   116        3540          1911.01              1           7.34  
srun: error: slurm_receive_msg: Transport endpoint is not connected
srun: error: slurm_receive_msg[10.26.24.30]: Transport endpoint is not connected
srun: error: invalid type trying to be freed 65534
   117        3570          1910.92              1           9.81  
   118        3600          1910.72              1           14.9  
srun: error: slurm_receive_msg: Transport endpoint is not connected
srun: error: slurm_receive_msg[10.26.24.30]: Transport endpoint is not connected
srun: error: invalid type trying to be freed 65534
srun: error: slurm_receive_msg: Transport endpoint is not connected
srun: error: slurm_receive_msg[10.26.24.30]: Transport endpoint is not connected
srun: error: invalid type trying to be freed 65534
   119        3630          1910.37              1           17.7  
                                                        First-order 
 Iteration  Func-count       f(x)        Step-size       optimality
   120        3660          1910.01              1           13.9  
srun: error: slurm_receive_msg: Transport endpoint is not connected
srun: error: slurm_receive_msg[10.26.24.30]: Transport endpoint is not connected
srun: error: invalid type trying to be freed 65534
   121        3690          1909.84              1           5.28  
   122        3720           1909.8              1           2.76  
   123        3750           1909.8              1           2.78  
srun: error: slurm_receive_msg: Transport endpoint is not connected
srun: error: slurm_receive_msg[10.26.24.30]: Transport endpoint is not connected
srun: error: invalid type trying to be freed 65534
srun: error: unpackmem: Buffer to be unpacked is too large (3453828823 > 1073741824)
srun: error: unpack error in io_init_msg_unpack
srun: error: Invalid IO init header version
   124        3780           1909.8              1           2.79  
   125        3810          1909.78              1           2.81  
   126        3840          1909.75              1           3.16  
srun: error: slurm_receive_msg: Transport endpoint is not connected
srun: error: slurm_receive_msg[10.26.24.30]: Transport endpoint is not connected
srun: error: invalid type trying to be freed 65534
   127        3870          1909.68              1              5  
srun: error: slurm_receive_msg: Transport endpoint is not connected
srun: error: unpackmem: Buffer to be unpacked is too large (3350720852 > 1073741824)
srun: error: unpack error in io_init_msg_unpack
srun: error: Invalid IO init header version
srun: error: slurm_receive_msg[10.26.24.30]: Transport endpoint is not connected
srun: error: invalid type trying to be freed 65534
   128        3900          1909.56              1           6.33  
   129        3930          1909.41              1           5.42  
   130        3960          1909.32              1           2.39  
   131        3990          1909.31              1            2.2  
   132        4020           1909.3              1           2.23  
   133        4050           1909.3              1           2.22  
   134        4080          1909.29              1           2.17  
   135        4110          1909.28              1           2.07  
   136        4140          1909.23              1           2.32  
   137        4170          1909.14              1            3.5  
   138        4200          1908.96              1           4.39  
srun: error: slurm_receive_msg: Transport endpoint is not connected
srun: error: slurm_receive_msg[10.26.24.30]: Transport endpoint is not connected
srun: error: invalid type trying to be freed 65534
   139        4230          1908.74              1           3.66  
srun: error: slurm_receive_msg: Insane message length
srun: error: slurm_receive_msg[10.26.24.30]: Insane message length
srun: error: invalid type trying to be freed 65534
srun: error: io_init_msg_read too small
srun: error: failed reading io init message
                                                        First-order 
 Iteration  Func-count       f(x)        Step-size       optimality
   140        4260          1908.61              1           1.54  
   141        4290          1908.58              1          0.924  
   142        4320          1908.58              1          0.875  
   143        4350          1908.58              1          0.861  
   144        4380          1908.58              1          0.849  
   145        4410          1908.58              1          0.827  
   146        4440          1908.58              1          0.788  
srun: error: slurm_receive_msg: Insane message length
srun: error: slurm_receive_msg[10.26.24.30]: Insane message length
srun: error: invalid type trying to be freed 65534
srun: error: unpack error in io_init_msg_unpack
srun: error: Invalid IO init header version
   147        4470          1908.57              1          0.717  
   148        4500          1908.56              1          0.583  
   149        4530          1908.55              1          0.486  
   150        4560          1908.52              1          0.653  
   151        4590           1908.5              1          0.666  
   152        4620          1908.49              1          0.691  
   153        4650          1908.49              1          0.687  
   154        4680          1908.49              1          0.676  
srun: error: unpackmem: Buffer to be unpacked is too large (3308195286 > 1073741824)
srun: error: unpack error in io_init_msg_unpack
srun: error: Invalid IO init header version
   155        4710          1908.49              1          0.661  
srun: error: unpack error in io_init_msg_unpack
srun: error: Invalid IO init header version
srun: error: unpackmem: Buffer to be unpacked is too large (1516392761 > 1073741824)
srun: error: unpack error in io_init_msg_unpack
srun: error: Invalid IO init header version
srun: error: unpackmem: Buffer to be unpacked is too large (1515077978 > 1073741824)
srun: error: unpack error in io_init_msg_unpack
srun: error: Invalid IO init header version
srun: error: unpack error in io_init_msg_unpack
srun: error: Invalid IO init header version
   156        4740          1908.49              1          0.634  
   157        4770          1908.49              1          0.584  
srun: error: io_init_msg_read too small
srun: error: failed reading io init message
   158        4800          1908.49              1          0.547  
   159        4830          1908.48              1          0.845  
                                                        First-order 
 Iteration  Func-count       f(x)        Step-size       optimality
   160        4860          1908.48              1           1.06  
   161        4890          1908.47              1          0.882  
   162        4920          1908.46              1          0.361  
   163        4950          1908.46              1          0.217  
   164        4980          1908.46              1          0.221  
   165        5010          1908.46              1          0.223  
   166        5040          1908.46              1          0.229  
   167        5070          1908.46              1          0.235  
   168        5100          1908.46              1          0.245  
   169        5130          1908.46              1          0.256  
   170        5160          1908.46              1          0.264  
   171        5190          1908.45              1          0.275  
   172        5220          1908.45              1          0.328  
   173        5250          1908.44              1          0.207  
   174        5280          1908.44              1          0.112  
   175        5310          1908.44              1          0.108  
   176        5340          1908.44              1           0.11  
   177        5370          1908.44              1          0.112  
   178        5400          1908.44              1          0.116  
   179        5430          1908.44              1           0.12  
                                                        First-order 
 Iteration  Func-count       f(x)        Step-size       optimality
   180        5460          1908.44              1           0.18  
   181        5490          1908.44              1          0.284  
   182        5520          1908.44              1          0.381  
   183        5550          1908.44              1          0.345  
   184        5580          1908.44              1          0.161  
   185        5610          1908.44              1         0.0619  
   186        5640          1908.44              1         0.0621  
   187        5670          1908.44              1         0.0621  
   188        5700          1908.44              1          0.062  
   189        5730          1908.44              1         0.0625  
   190        5760          1908.44              1         0.0638  
   191        5790          1908.44              1          0.102  
   192        5820          1908.44              1          0.156  
   193        5850          1908.44              1          0.213  
   194        5880          1908.44              1          0.219  
   195        5910          1908.44              1          0.136  
   196        5940          1908.44              1          0.035  
   197        5970          1908.44              1        0.00358  
   198        6000          1908.44              1        0.00408  
   199        6030          1908.44              1        0.00412  
                                                        First-order 
 Iteration  Func-count       f(x)        Step-size       optimality
   200        6060          1908.44              1        0.00403  
   201        6120          1908.44       0.339855        0.00407  
   202        6150          1908.44              1        0.00413  
   203        6180          1908.44              1        0.00412  
   204        6210          1908.44              1        0.00407  
   205        6240          1908.44              1        0.00413  
   206        6270          1908.44              1         0.0079  
   207        6300          1908.44              1         0.0039  
   208        6330          1908.44              1        0.00418  
   209        6360          1908.44              1        0.00818  
   210        6390          1908.44              1        0.00977  
   211        6420          1908.44              1        0.00938  
   212        6450          1908.44              1         0.0063  
   213        6480          1908.44              1        0.00591  
   214        6510          1908.44              1        0.00517  
   215        6540          1908.44              1        0.00346  
   216        6570          1908.44              1        0.00305  
   217        6600          1908.44              1        0.00143  
   218        6630          1908.44              1       0.000595  
   219        6660          1908.44              1       0.000348  
                                                        First-order 
 Iteration  Func-count       f(x)        Step-size       optimality
   220        6690          1908.44              1       0.000397  
   221        6810          1908.44      0.0122641       0.000306  

Local minimum found.

Optimization completed because the size of the gradient is less than
the selected value of the optimality tolerance.




Computing finite-difference Hessian using objective function.
First order optimality conditions satisfied.
Current draw: 1000 of 5000
srun: error: slurm_receive_msg: Transport endpoint is not connected
srun: error: slurm_receive_msg[10.26.24.30]: Transport endpoint is not connected
srun: error: invalid type trying to be freed 65534
Current draw: 2000 of 5000
srun: error: slurm_receive_msg: Socket timed out on send/recv operation
srun: error: slurm_receive_msg[10.26.24.30]: Socket timed out on send/recv operation
srun: error: invalid type trying to be freed 65534
srun: error: slurm_receive_msg: Transport endpoint is not connected
srun: error: slurm_receive_msg[10.26.24.30]: Transport endpoint is not connected
srun: error: invalid type trying to be freed 65534
srun: error: slurm_receive_msg: Transport endpoint is not connected
srun: error: slurm_receive_msg[10.26.24.30]: Transport endpoint is not connected
srun: error: invalid type trying to be freed 65534
srun: error: slurm_receive_msg: Transport endpoint is not connected
srun: error: slurm_receive_msg[10.26.24.30]: Transport endpoint is not connected
srun: error: invalid type trying to be freed 65534
srun: error: slurm_receive_msg: Transport endpoint is not connected
srun: error: slurm_receive_msg[10.26.24.30]: Transport endpoint is not connected
srun: error: invalid type trying to be freed 65534
srun: error: slurm_receive_msg: Transport endpoint is not connected
srun: error: slurm_receive_msg[10.26.24.30]: Transport endpoint is not connected
srun: error: invalid type trying to be freed 65534
srun: error: slurm_receive_msg: Transport endpoint is not connected
srun: error: slurm_receive_msg[10.26.24.30]: Transport endpoint is not connected
srun: error: invalid type trying to be freed 65534
srun: error: slurm_receive_msg: Transport endpoint is not connected
srun: error: slurm_receive_msg[10.26.24.30]: Transport endpoint is not connected
srun: error: invalid type trying to be freed 65534
srun: error: slurm_receive_msg: Transport endpoint is not connected
srun: error: slurm_receive_msg[10.26.24.30]: Transport endpoint is not connected
srun: error: invalid type trying to be freed 65534
srun: error: slurm_receive_msg: Insane message length
srun: error: io_init_msg_read too small
srun: error: failed reading io init message
srun: error: slurm_receive_msg[10.26.24.30]: Insane message length
srun: error: invalid type trying to be freed 65534
srun: error: slurm_receive_msg: Insane message length
srun: error: slurm_receive_msg[10.26.24.30]: Insane message length
srun: error: invalid type trying to be freed 65534
srun: error: unpackmem_xmalloc: Buffer to be unpacked is too large (1684369920 > 1073741824)
srun: error: unpacking header
srun: error: destroy_forward: no init
srun: error: slurm_receive_msg: Message receive failure
srun: error: slurm_receive_msg[10.26.24.30]: Message receive failure
srun: error: invalid type trying to be freed 65534
srun: error: slurm_receive_msg: Insane message length
srun: error: slurm_receive_msg[10.26.24.30]: Insane message length
srun: error: invalid type trying to be freed 65534
srun: error: io_init_msg_read too small
srun: error: failed reading io init message
srun: error: unpackmem_xmalloc: Buffer to be unpacked is too large (1885828912 > 1073741824)
srun: error: unpacking header
srun: error: destroy_forward: no init
srun: error: slurm_receive_msg: Message receive failure
srun: error: slurm_receive_msg[10.26.24.30]: Message receive failure
srun: error: invalid type trying to be freed 65534
srun: error: unpackmem: Buffer to be unpacked is too large (1951163745 > 1073741824)
srun: error: unpack error in io_init_msg_unpack
srun: error: Invalid IO init header version
srun: error: unpackmem: Buffer to be unpacked is too large (1935765607 > 1073741824)
srun: error: unpack error in io_init_msg_unpack
srun: error: Invalid IO init header version
Current draw: 3000 of 5000
srun: error: slurm_receive_msg: Insane message length
srun: error: slurm_receive_msg[10.26.24.30]: Insane message length
srun: error: invalid type trying to be freed 65534
srun: error: unpackmem_xmalloc: Buffer to be unpacked is too large (1684369920 > 1073741824)
srun: error: unpacking header
srun: error: destroy_forward: no init
srun: error: slurm_receive_msg: Message receive failure
srun: error: slurm_receive_msg[10.26.24.30]: Message receive failure
srun: error: invalid type trying to be freed 65534
srun: error: unpackmem_xmalloc: Buffer to be unpacked is too large (1885828912 > 1073741824)
srun: error: unpacking header
srun: error: destroy_forward: no init
srun: error: slurm_receive_msg: Message receive failure
srun: error: slurm_receive_msg[10.26.24.30]: Message receive failure
srun: error: invalid type trying to be freed 65534
srun: error: slurm_receive_msg: Transport endpoint is not connected
srun: error: slurm_receive_msg[10.26.24.30]: Transport endpoint is not connected
srun: error: invalid type trying to be freed 65534
srun: error: unpack error in io_init_msg_unpack
srun: error: Invalid IO init header version
srun: error: slurm_receive_msg: Transport endpoint is not connected
srun: error: unpackmem: Buffer to be unpacked is too large (2538885225 > 1073741824)
srun: error: unpack error in io_init_msg_unpack
srun: error: Invalid IO init header version
srun: error: slurm_receive_msg[10.26.24.30]: Transport endpoint is not connected
srun: error: invalid type trying to be freed 65534
Current draw: 4000 of 5000
srun: error: slurm_receive_msg: Insane message length
srun: error: slurm_receive_msg[10.26.24.30]: Insane message length
srun: error: invalid type trying to be freed 65534
srun: error: unpack error in io_init_msg_unpack
srun: error: Invalid IO init header version
srun: error: unpack error in io_init_msg_unpack
srun: error: Invalid IO init header version
srun: error: slurm_receive_msg: Transport endpoint is not connected
srun: error: slurm_receive_msg[10.26.24.30]: Transport endpoint is not connected
srun: error: invalid type trying to be freed 65534
srun: error: slurm_receive_msg: Insane message length
srun: error: slurm_receive_msg[10.26.24.30]: Insane message length
srun: error: invalid type trying to be freed 65534
srun: error: slurm_receive_msg: Insane message length
srun: error: slurm_receive_msg[10.26.24.30]: Insane message length
srun: error: invalid type trying to be freed 65534
srun: error: slurm_receive_msg: Transport endpoint is not connected
srun: error: slurm_receive_msg[10.26.24.30]: Transport endpoint is not connected
srun: error: invalid type trying to be freed 65534
Current draw: 5000 of 5000
Elapsed time is 862.157873 seconds.
Ran Forecast Type 2for Model 103 and Horizon 12
Performing iteration ending on 2009M11 of model 104
Warning: This should be expanded with the country names in case of panel
> In abstvar/abstvar/check_inputs
  In abstvar
  In svar
  In scriptEstimateMode_FULL (line 96)
  In run (line 86)
  In msreg_2reg_endoprob_SVAR_FULL_OOS (line 231)
  In OOS_slurm_IF (line 4)
    'c(3,1,sync,1)>=c(3,1,sync,2)'
    'a0(1,GDPG)=0'
    'a0(1,MF)=0'
    'a0(2,GDPG)=0'
    'a1(3,GDPG,sync,1)=0'
    'a1(3,GDPG,sync,2)=0'

 parameter: A12, density:NORMAL, hyperparameters: [0.5 0.5],convergence 0
 parameter: A21, density:NORMAL, hyperparameters: [0.5 0.5],convergence 0
 parameter: B12, density:GAMMA, hyperparameters: [4 0.125],convergence 0
 parameter: C12, density:GAMMA, hyperparameters: [4 0.125],convergence 0
 parameter: B21, density:GAMMA, hyperparameters: [4 0.125],convergence 0
 parameter: C21, density:GAMMA, hyperparameters: [4 0.125],convergence 0
                                                        First-order 
 Iteration  Func-count       f(x)        Step-size       optimality
     0          35            14176                      2.18e+04
srun: error: unpack error in io_init_msg_unpack
srun: error: Invalid IO init header version
srun: error: unpackmem: Buffer to be unpacked is too large (1681731632 > 1073741824)
srun: error: unpack error in io_init_msg_unpack
srun: error: Invalid IO init header version
srun: error: slurm_receive_msg: Insane message length
srun: error: slurm_receive_msg[10.26.24.30]: Insane message length
srun: error: invalid type trying to be freed 65534
srun: error: slurm_receive_msg: Insane message length
srun: error: slurm_receive_msg[10.26.24.30]: Insane message length
srun: error: invalid type trying to be freed 65534
     1          70          3503.17    4.59119e-05       2.01e+03  
     2         105          2984.32              1       1.47e+03  
     3         140          2517.95              1            741  
     4         175          2343.67              1            447  
     5         210          2247.62              1            459  
     6         245          2206.97              1            394  
     7         280          2183.84              1            293  
     8         315          2163.43              1            204  
     9         350          2146.54              1            203  
    10         385          2135.41              1            188  
    11         420          2121.88              1            254  
    12         455          2107.76              1            215  
    13         490           2080.4              1            171  
    14         525          2060.06              1            185  
srun: error: slurm_receive_msg: Transport endpoint is not connected
srun: error: slurm_receive_msg[10.26.24.30]: Transport endpoint is not connected
srun: error: invalid type trying to be freed 65534
    15         560          2049.27              1            156  
    16         595          2043.79              1            116  
    17         630          2038.87              1            116  
    18         665          2033.58              1            104  
    19         700          2029.26              1            141  
                                                        First-order 
 Iteration  Func-count       f(x)        Step-size       optimality
    20         735          2023.95              1            154  
    21         770          2018.16              1            123  
    22         805          2009.94              1            192  
    23         840          2002.43              1            187  
    24         875          1997.42              1            108  
    25         910          1993.94              1           80.9  
    26         945          1990.09              1           83.3  
    27         980          1985.66              1            148  
    28        1015          1981.24              1            148  
srun: error: slurm_receive_msg: Insane message length
srun: error: slurm_receive_msg[10.26.24.30]: Insane message length
srun: error: invalid type trying to be freed 65534
    29        1050          1977.43              1            106  
    30        1085          1969.75              1            206  
srun: error: slurm_receive_msg: Transport endpoint is not connected
srun: error: slurm_receive_msg[10.26.24.30]: Transport endpoint is not connected
srun: error: invalid type trying to be freed 65534
    31        1190          1966.14      0.0475188            204  
    32        1225          1961.26              1            170  
    33        1260          1946.39              1            123  
    34        1295          1941.74              1           81.8  
    35        1330          1937.44              1           82.9  
    36        1365          1935.03              1            100  
    37        1400          1922.82              1            150  
    38        1435          1914.84              1            140  
    39        1470          1905.46              1            103  
                                                        First-order 
 Iteration  Func-count       f(x)        Step-size       optimality
    40        1505          1902.13              1            108  
    41        1575          1900.26       0.468342            106  
    42        1610          1898.26              1           88.9  
    43        1645          1893.43              1           45.1  
    44        1680          1891.52              1           54.6  
    45        1715          1890.08              1             66  
    46        1750          1888.53              1           59.6  
    47        1785          1886.58              1           64.8  
    48        1820          1883.83              1           82.4  
    49        1855          1881.12              1           73.7  
    50        1890           1879.4              1           42.8  
    51        1925           1878.5              1           29.8  
    52        1960          1877.82              1           27.7  
    53        1995          1877.07              1           38.7  
    54        2030          1876.27              1           47.2  
    55        2065          1875.33              1           47.5  
    56        2100          1874.08              1           43.6  
    57        2135          1872.49              1           33.3  
    58        2170          1871.24              1           26.8  
    59        2205          1870.74              1           25.5  
                                                        First-order 
 Iteration  Func-count       f(x)        Step-size       optimality
    60        2240          1870.56              1           23.8  
    61        2275          1870.35              1           21.6  
    62        2310          1869.91              1             18  
    63        2345          1869.08              1           18.1  
    64        2380           1867.9              1           21.8  
    65        2415          1866.95              1             22  
    66        2450          1866.51              1           25.1  
    67        2485           1866.3              1           23.8  
    68        2520          1866.03              1           21.2  
    69        2555          1865.46              1           19.2  
    70        2590          1864.46              1           33.1  
    71        2625          1863.32              1           35.7  
    72        4025          1863.28      0.0447208            715  

Local minimum possible.

fminunc stopped because it cannot decrease the objective function
along the current search direction.




Computing finite-difference Hessian using objective function.
Predicted change in objective function too small.
Current draw: 1000 of 5000
Current draw: 2000 of 5000
Current draw: 3000 of 5000
Current draw: 4000 of 5000
Current draw: 5000 of 5000
Elapsed time is 699.547290 seconds.
Ran Forecast Type 2for Model 104 and Horizon 12
Performing iteration ending on 2009M11 of model 105
Warning: This should be expanded with the country names in case of panel
> In abstvar/abstvar/check_inputs
  In abstvar
  In svar
  In scriptEstimateMode_FULL (line 96)
  In run (line 86)
  In msreg_2reg_endoprob_SVAR_FULL_OOS (line 231)
  In OOS_slurm_IF (line 4)
    'c(3,1,sync,1)>=c(3,1,sync,2)'
    'a0(1,GDPG,sync,1)=0'
    'a0(2,GDPG,sync,1)=0'
    'a0(1,MF,sync,1)=0'
    'a0(1,GDPG,sync,2)=0'
    'a0(2,GDPG,sync,2)=0'
    'a0(1,MF,sync,2)=0'
    'a1(3,GDPG)=0'
    's(3,3,sync,1)<=s(3,3,sync,2)'

 parameter: A12, density:NORMAL, hyperparameters: [0.5 0.5],convergence 0
 parameter: A21, density:NORMAL, hyperparameters: [0.5 0.5],convergence 0
 parameter: B12, density:GAMMA, hyperparameters: [4 0.125],convergence 0
 parameter: C12, density:GAMMA, hyperparameters: [4 0.125],convergence 0
 parameter: B21, density:GAMMA, hyperparameters: [4 0.125],convergence 0
 parameter: C21, density:GAMMA, hyperparameters: [4 0.125],convergence 0
                                                        First-order 
 Iteration  Func-count       f(x)        Step-size       optimality
     0          33            14176                      1.33e+04
     1          66          3529.35    7.50134e-05       2.54e+03  
     2          99          2705.93              1       1.33e+03  
     3         132          2369.21              1            743  
     4         165          2089.58              1            288  
     5         198          2013.27              1            129  
     6         231          1992.13              1            116  
     7         264          1982.31              1            148  
     8         297           1967.2              1            189  
     9         330          1942.28              1            195  
    10         363          1913.57              1            155  
    11         396          1902.91              1            158  
    12         429          1895.53              1            110  
    13         462          1885.55              1            130  
    14         495          1880.18              1            129  
    15         528          1869.79              1            145  
    16         561          1864.51              1            143  
    17         594          1856.46              1           95.4  
    18         627          1848.05              1            108  
    19         660          1843.58              1           73.9  
                                                        First-order 
 Iteration  Func-count       f(x)        Step-size       optimality
    20         693          1841.78              1           63.1  
    21         726          1837.86              1           47.4  
    22         759          1834.71              1           49.3  
    23         792          1832.53              1           54.2  
    24         825          1831.31              1           43.1  
    25         858           1829.5              1           73.2  
    26         891          1825.81              1            103  
    27         924          1819.34              1            141  
    28         957           1812.5              1            131  
    29         990          1809.02              1           60.6  
    30        1023          1807.32              1           41.7  
    31        1056          1805.79              1           57.9  
    32        1089          1803.19              1           93.7  
    33        1122          1799.78              1           94.1  
    34        1155          1796.99              1           66.4  
    35        1188          1795.17              1           55.4  
    36        1221          1793.67              1           40.7  
    37        1254          1791.99              1           52.2  
    38        1287          1790.05              1             46  
    39        1320          1788.67              1           27.4  
                                                        First-order 
 Iteration  Func-count       f(x)        Step-size       optimality
    40        1353          1788.12              1           19.3  
    41        1386          1787.87              1           18.3  
    42        1419          1787.54              1           16.6  
    43        1452          1786.86              1           28.2  
    44        1485          1785.66              1           39.9  
    45        1518          1784.16              1           43.4  
    46        1551          1783.03              1           27.4  
    47        1584          1782.48              1           31.1  
    48        1617          1782.07              1           33.5  
    49        1650          1781.29              1           34.1  
    50        1683          1779.72              1           51.1  
    51        1749          1778.77       0.281212           53.2  
    52        1848           1777.5           0.19           49.4  
    53        2706          1777.46     0.00572712           49.2  
    54        3333          1777.46     4.0951e-08          1e+03  

Local minimum possible.

fminunc stopped because the size of the current step is less than
the selected value of the step size tolerance.




Local minimum possible.

fminunc stopped because it cannot decrease the objective function
along the current search direction.




Computing finite-difference Hessian using objective function.
Predicted change in objective function too small.
Current draw: 1000 of 5000
Current draw: 2000 of 5000
Current draw: 3000 of 5000
Current draw: 4000 of 5000
Current draw: 5000 of 5000
Elapsed time is 646.812017 seconds.
Ran Forecast Type 2for Model 105 and Horizon 12
Performing iteration ending on 2009M11 of model 106
Warning: This should be expanded with the country names in case of panel
> In abstvar/abstvar/check_inputs
  In abstvar
  In svar
  In scriptEstimateMode_FULL (line 96)
  In run (line 86)
  In msreg_2reg_endoprob_SVAR_FULL_OOS (line 231)
  In OOS_slurm_IF (line 4)
    'c(3,1,sync,1)>=c(3,1,sync,2)'
    'a0(1,GDPG)=0'
    'a0(1,MF)=0'
    'a0(2,GDPG)=0'
    'a1(3,GDPG,sync,1)=0'
    'a1(3,GDPG,sync,2)=0'
    's(3,3,sync,1)<=s(3,3,sync,2)'

 parameter: A12, density:NORMAL, hyperparameters: [0.5 0.5],convergence 0
 parameter: A21, density:NORMAL, hyperparameters: [0.5 0.5],convergence 0
 parameter: B12, density:GAMMA, hyperparameters: [4 0.125],convergence 0
 parameter: C12, density:GAMMA, hyperparameters: [4 0.125],convergence 0
 parameter: B21, density:GAMMA, hyperparameters: [4 0.125],convergence 0
 parameter: C21, density:GAMMA, hyperparameters: [4 0.125],convergence 0
                                                        First-order 
 Iteration  Func-count       f(x)        Step-size       optimality
     0          38            14176                      1.33e+04
     1          76          3336.67    7.50134e-05       1.74e+03  
     2         114          2803.63              1       1.16e+03  
     3         152          2285.65              1            436  
     4         190          2145.35              1            200  
     5         228          2078.42              1            216  
     6         266          2050.92              1            215  
     7         304           2032.2              1            197  
     8         342          2013.81              1            153  
     9         380          1994.22              1            137  
    10         418          1969.27              1            129  
    11         456          1940.47              1            207  
    12         494          1928.94              1            200  
    13         532          1916.41              1            149  
    14         570          1889.47              1            211  
    15         608          1881.09              1            147  
    16         646          1864.56              1            125  
    17         684          1852.27              1            164  
    18         722          1837.95              1            208  
    19         760          1832.65              1            112  
                                                        First-order 
 Iteration  Func-count       f(x)        Step-size       optimality
    20         798          1829.29              1            121  
    21         836          1823.25              1            140  
    22         874          1813.63              1            212  
    23         912          1805.49              1            168  
    24         950          1800.97              1           64.7  
    25         988          1799.49              1           37.9  
    26        1026           1798.2              1           57.6  
    27        1064          1796.89              1           67.7  
    28        1102          1793.51              1            100  
    29        1140          1788.44              1            132  
    30        1178          1783.62              1            109  
    31        1216          1779.34              1            104  
    32        1254          1776.89              1           67.2  
    33        1292          1775.18              1           49.2  
    34        1330          1773.51              1           56.1  
    35        1368          1771.31              1           90.4  
    36        1406          1768.72              1           99.9  
    37        1444          1766.28              1           66.8  
    38        1482          1764.38              1           57.1  
    39        1520          1763.22              1           43.3  
                                                        First-order 
 Iteration  Func-count       f(x)        Step-size       optimality
    40        1558          1762.69              1           26.8  
    41        1596          1762.46              1             14  
    42        1634          1762.32              1           13.8  
    43        1672          1762.15              1           19.5  
    44        1710           1761.9              1           29.9  
    45        1748          1761.64              1             26  
    46        1786          1761.46              1           9.61  
    47        1824          1761.39              1           6.56  
    48        1862          1761.35              1           9.58  
    49        1900           1761.3              1           11.1  
    50        1938          1761.23              1           7.68  
    51        1976          1761.14              1           5.49  
    52        2014          1761.03              1           9.61  
    53        2128             1761           0.19           10.6  
    54        2280          1760.97       0.136618           10.8  
    55        4256          1760.96      0.0297788          1e+03  

Local minimum possible.

fminunc stopped because it cannot decrease the objective function
along the current search direction.




Computing finite-difference Hessian using objective function.
Predicted change in objective function too small.
Current draw: 1000 of 5000
Current draw: 2000 of 5000
Current draw: 3000 of 5000
Current draw: 4000 of 5000
Current draw: 5000 of 5000
Elapsed time is 718.726858 seconds.
Ran Forecast Type 2for Model 106 and Horizon 12
Performing iteration ending on 2009M11 of model 107
Warning: This should be expanded with the country names in case of panel
> In abstvar/abstvar/check_inputs
  In abstvar
  In svar
  In scriptEstimateMode_FULL (line 96)
  In run (line 86)
  In msreg_2reg_endoprob_SVAR_FULL_OOS (line 231)
  In OOS_slurm_IF (line 4)
    'c(3,1,sync,1)>=c(3,1,sync,2)'
    'a0(1,GDPG,sync,1)=0'
    'a0(2,GDPG,sync,1)=0'
    'a0(1,MF,sync,1)=0'
    'a0(1,GDPG,sync,2)=0'
    'a0(2,GDPG,sync,2)=0'
    'a0(1,MF,sync,2)=0'
    'a1(3,GDPG,sync,1)=0'
    'a1(3,GDPG,sync,2)=0'
    's(3,3,sync,1)<=s(3,3,sync,2)'

 parameter: A12, density:NORMAL, hyperparameters: [0.5 0.5],convergence 0
 parameter: A21, density:NORMAL, hyperparameters: [0.5 0.5],convergence 0
 parameter: B12, density:GAMMA, hyperparameters: [4 0.125],convergence 0
 parameter: C12, density:GAMMA, hyperparameters: [4 0.125],convergence 0
 parameter: B21, density:GAMMA, hyperparameters: [4 0.125],convergence 0
 parameter: C21, density:GAMMA, hyperparameters: [4 0.125],convergence 0
                                                        First-order 
 Iteration  Func-count       f(x)        Step-size       optimality
     0          41            14176                      1.33e+04
     1          82          3385.37    7.50134e-05       1.83e+03  
     2         123          2827.86              1        1.2e+03  
     3         164          2296.32              1            435  
     4         205          2158.51              1            193  
     5         246          2094.89              1            202  
     6         287          2070.26              1            200  
     7         328          2053.29              1            186  
     8         369          2035.52              1            151  
     9         410          2015.91              1            135  
    10         451          1993.19              1            117  
    11         492          1967.62              1            171  
    12         533          1955.78              1            167  
    13         574          1943.38              1            126  
    14         615          1919.09              1            189  
    15         656          1911.36              1            132  
    16         697          1895.94              1            121  
    17         738          1880.31              1            113  
    18         779          1865.63              1            136  
    19         820          1859.96              1           94.1  
                                                        First-order 
 Iteration  Func-count       f(x)        Step-size       optimality
    20         861          1855.27              1            109  
    21         902          1852.17              1            113  
    22         943          1839.95              1            131  
    23         984           1833.4              1            138  
    24        1025           1829.6              1           83.1  
    25        1066           1827.3              1           54.1  
    26        1107          1826.01              1           36.2  
    27        1148          1824.79              1           40.1  
    28        1189          1820.95              1           67.8  
    29        1230          1817.77              1           82.1  
    30        1271           1814.7              1           77.4  
    31        1312          1811.52              1           66.1  
    32        1353          1807.41              1           72.8  
    33        1394          1802.52              1            103  
    34        1435          1797.93              1           87.7  
    35        1476          1794.63              1           73.5  
    36        1517          1792.18              1           69.2  
    37        1558           1789.6              1           76.4  
    38        1599           1785.6              1            119  
    39        1640          1780.48              1            124  
                                                        First-order 
 Iteration  Func-count       f(x)        Step-size       optimality
    40        1681          1776.63              1             74  
    41        1722          1774.92              1           20.7  
    42        1763           1774.3              1           20.4  
    43        1804           1773.8              1           21.9  
    44        1845             1773              1           32.9  
    45        1886           1771.9              1           45.2  
    46        1927          1770.74              1           40.5  
    47        1968          1769.98              1           22.1  
    48        2009          1769.56              1           21.1  
    49        2050          1769.27              1           15.7  
    50        3936          1769.25      0.0679933          1e+03  

Local minimum possible.

fminunc stopped because it cannot decrease the objective function
along the current search direction.




Computing finite-difference Hessian using objective function.
Predicted change in objective function too small.
Current draw: 1000 of 5000
Current draw: 2000 of 5000
Current draw: 3000 of 5000
Current draw: 4000 of 5000
Current draw: 5000 of 5000
Elapsed time is 708.191257 seconds.
Ran Forecast Type 2for Model 107 and Horizon 12
Performing iteration ending on 2009M11 of model 108
Warning: This should be expanded with the country names in case of panel
> In abstvar/abstvar/check_inputs
  In abstvar
  In svar
  In scriptEstimateMode_FULL (line 96)
  In run (line 86)
  In msreg_2reg_endoprob_SVAR_FULL_OOS (line 231)
  In OOS_slurm_IF (line 4)
    'c(3,1,sync,1)>=c(3,1,sync,2)'
    'a0(1,GDPG)=0'
    'a0(1,MF)=0'
    'a0(2,GDPG)=0'
    'a1(3,GDPG)=0'
    's(3,3,sync,1)<=s(3,3,sync,2)'

 parameter: A12, density:NORMAL, hyperparameters: [0.5 0.5],convergence 0
 parameter: A21, density:NORMAL, hyperparameters: [0.5 0.5],convergence 0
 parameter: B12, density:GAMMA, hyperparameters: [4 0.125],convergence 0
 parameter: C12, density:GAMMA, hyperparameters: [4 0.125],convergence 0
 parameter: B21, density:GAMMA, hyperparameters: [4 0.125],convergence 0
 parameter: C21, density:GAMMA, hyperparameters: [4 0.125],convergence 0
                                                        First-order 
 Iteration  Func-count       f(x)        Step-size       optimality
     0          28            14176                      1.33e+04
     1          56             3448    7.50134e-05       2.48e+03  
     2          84          2712.17              1       1.28e+03  
     3         112          2413.95              1            703  
     4         140             2183              1            334  
     5         168          2107.48              1            177  
     6         196          2084.79              1            195  
     7         224          2075.77              1            187  
     8         252          2065.13              1            159  
     9         280          2049.45              1            151  
    10         308           2033.2              1            133  
    11         336          2024.69              1            117  
    12         364          2021.18              1           68.7  
    13         392          2018.31              1           47.9  
    14         420          2016.05              1           61.2  
    15         448          2013.01              1           99.5  
    16         476          2008.79              1            116  
    17         504          2002.05              1            107  
    18         532          1995.07              1           81.5  
    19         560          1990.71              1           58.6  
                                                        First-order 
 Iteration  Func-count       f(x)        Step-size       optimality
    20         588          1988.49              1           58.8  
    21         616          1986.72              1           56.1  
    22         644          1983.43              1           61.7  
    23         672          1977.25              1           77.3  
    24         700          1968.44              1           67.4  
    25         728          1961.38              1           84.1  
    26         756          1958.55              1             90  
    27         784          1956.35              1           83.7  
    28         812           1951.6              1           75.9  
    29         840          1944.34              1            117  
    30         868          1936.86              1            102  
    31         896          1933.47              1           44.3  
    32         924          1932.21              1             25  
    33         952           1931.8              1           23.5  
    34         980          1931.22              1             22  
    35        1036          1930.65       0.401827           21.7  
    36        1764          1930.38      0.0792655            994  

Local minimum possible.

fminunc stopped because it cannot decrease the objective function
along the current search direction.




Computing finite-difference Hessian using objective function.
Predicted change in objective function too small.
Current draw: 1000 of 5000
Current draw: 2000 of 5000
Current draw: 3000 of 5000
Current draw: 4000 of 5000
Current draw: 5000 of 5000
Elapsed time is 539.374390 seconds.
Ran Forecast Type 2for Model 108 and Horizon 12
