136
------------------------------------------
Setting up environment variables
---
LD_LIBRARY_PATH is .:/opt/MATLAB/R2017a/runtime/glnxa64:/opt/MATLAB/R2017a/bin/glnxa64:/opt/MATLAB/R2017a/sys/os/glnxa64:/opt/MATLAB/R2017a/sys/opengl/lib/glnxa64
Warning: Method directories not allowed in MATLAB path: /if/home/m1pac03/.mcrCache9.2/OOS_sl0/if/gms_research_gar/GAR/MS-VAR/RISE_toolbox2/classes/models/@dsge/private

	Personal pathdef has been created in your preference directory:
	/if/home/m1pac03/.mcrCache9.2/OOS_sl0/.matlab

Running on SLURM; using 1 cores as assigned on this node.

Performing iteration ending on 2010M4 of model 101
Warning: This should be expanded with the country names in case of panel
> In abstvar/abstvar/check_inputs
  In abstvar
  In svar
  In scriptEstimateMode_FULL (line 96)
  In run (line 86)
  In msreg_2reg_endoprob_SVAR_FULL_OOS (line 231)
  In OOS_slurm_IF (line 4)
    'c(3,1,sync,1)>=c(3,1,sync,2)'
    'a0(1,GDPG)=0'
    'a0(1,MF)=0'
    'a0(2,GDPG)=0'
    'a1(3,GDPG)=0'

 parameter: A12, density:NORMAL, hyperparameters: [0.5 0.5],convergence 0
 parameter: A21, density:NORMAL, hyperparameters: [0.5 0.5],convergence 0
 parameter: B12, density:GAMMA, hyperparameters: [4 0.125],convergence 0
 parameter: C12, density:GAMMA, hyperparameters: [4 0.125],convergence 0
 parameter: B21, density:GAMMA, hyperparameters: [4 0.125],convergence 0
 parameter: C21, density:GAMMA, hyperparameters: [4 0.125],convergence 0
                                                        First-order 
 Iteration  Func-count       f(x)        Step-size       optimality
     0          27          14249.2                      2.19e+04
     1          54          3460.02    4.57012e-05       1.96e+03  
     2          81          2977.91              1       1.44e+03  
     3         108          2344.56              1            580  
     4         135          2194.03              1            263  
     5         162          2144.38              1            176  
     6         189          2131.94              1            191  
     7         216          2124.48              1            188  
     8         243          2114.26              1            169  
     9         270          2100.91              1            124  
    10         297          2087.25              1            175  
    11         324          2079.11              1            183  
    12         351           2073.2              1            140  
    13         378          2065.45              1           73.6  
    14         405           2062.3              1           70.3  
    15         432          2060.43              1           70.3  
    16         459           2057.7              1           71.8  
    17         486          2051.41              1            109  
    18         513          2041.17              1            145  
    19         540          2031.75              1            120  
                                                        First-order 
 Iteration  Func-count       f(x)        Step-size       optimality
    20         567          2026.36              1           78.6  
    21         594           2023.7              1             79  
    22         621           2022.3              1           73.6  
    23         648          2017.39              1             86  
    24         675          2008.84              1            133  
    25         702          1997.28              1            140  
    26         729          1989.65              1           88.2  
    27         756          1985.75              1            104  
    28         783           1984.1              1           98.9  
    29         810          1981.36              1           82.1  
    30         837          1976.62              1           78.2  
    31         864          1970.47              1           87.9  
    32         891          1966.76              1           56.3  
    33         918           1965.9              1           23.3  
    34         945          1965.79              1           13.3  
    35         972          1965.73              1           13.1  
    36         999          1965.53              1           12.8  
    37        1026          1965.25              1           17.5  
    38        1053          1964.95              1           25.1  
    39        1080          1964.77              1             23  
                                                        First-order 
 Iteration  Func-count       f(x)        Step-size       optimality
    40        1107          1964.65              1           21.2  
    41        1134           1964.5              1           22.5  
    42        1161          1964.17              1           22.7  
    43        1188           1963.5              1           19.6  
    44        1215          1962.51              1             28  
    45        1242           1961.7              1           22.6  
    46        1269          1961.41              1           16.1  
    47        1296          1961.33              1           15.2  
    48        1323          1961.25              1           14.1  
    49        1350          1961.03              1           14.5  
    50        1377          1960.64              1           23.4  
    51        1404          1960.11              1           25.7  
    52        1431          1959.74              1           16.7  
    53        1458          1959.61              1           14.2  
    54        1485          1959.57              1           14.8  
    55        1512           1959.5              1           14.9  
    56        1539          1959.36              1           14.4  
    57        1566          1959.07              1           15.2  
    58        1593          1958.69              1           16.1  
    59        1620          1958.42              1           9.08  
                                                        First-order 
 Iteration  Func-count       f(x)        Step-size       optimality
    60        1647          1958.34              1           6.36  
    61        1674          1958.32              1           6.51  
    62        1701           1958.3              1           6.41  
    63        1728          1958.25              1           6.02  
    64        1755          1958.15              1           8.47  
    65        1782          1958.03              1           8.19  
    66        1809          1957.94              1           4.12  
    67        1836          1957.92              1           3.69  
    68        1863          1957.91              1           3.55  
    69        1890          1957.91              1           3.55  
    70        1917          1957.89              1           3.57  
    71        1944          1957.86              1           3.71  
    72        1971          1957.82              1           4.21  
    73        1998          1957.76              1           5.06  
    74        2025          1957.73              1           7.32  
    75        2052          1957.72              1           7.88  
    76        2079           1957.7              1           7.96  
    77        2106          1957.67              1           7.95  
    78        2133          1957.57              1           8.01  
    79        2160          1957.27              1           13.5  
                                                        First-order 
 Iteration  Func-count       f(x)        Step-size       optimality
    80        2241          1954.77        1.76477           43.9  
    81        2295          1954.12       0.280216           52.4  
    82        2322          1949.51              1           69.1  
    83        2349          1942.19              1           39.4  
    84        2376          1939.45              1           27.8  
    85        2403          1937.89              1           25.7  
    86        2430          1937.67              1           22.1  
    87        2457          1937.13              1           24.7  
    88        2484          1936.98              1           24.9  
    89        2511          1936.77              1           24.6  
    90        2538          1936.22              1           31.7  
    91        2565           1935.5              1             43  
    92        2592          1934.71              1           35.9  
    93        2619          1934.32              1           13.9  
    94        2646          1934.21              1           11.9  
    95        2673          1934.17              1           11.7  
    96        2700           1934.1              1           11.2  
    97        2727          1933.95              1           10.4  
    98        2754           1933.6              1           13.5  
    99        2781          1932.96              1           15.3  
                                                        First-order 
 Iteration  Func-count       f(x)        Step-size       optimality
   100        2808          1932.14              1             13  
   101        2835          1931.39              1           14.5  
   102        2862          1931.19              1             18  
   103        2889          1931.14              1           15.6  
   104        2916          1931.08              1           13.1  
   105        2943          1930.96              1           9.65  
   106        2970          1930.66              1           16.2  
   107        2997          1930.12              1           21.5  
   108        3024          1929.45              1           18.5  
   109        3051          1929.08              1           9.01  
   110        3078          1928.99              1           6.16  
   111        3105          1928.97              1           6.39  
   112        3132          1928.95              1           6.51  
   113        3159          1928.87              1           6.64  
   114        3186           1928.7              1           7.73  
   115        3213           1928.3              1           10.7  
   116        3240          1927.54              1           12.8  
   117        3267          1926.63              1           11.9  
   118        3294          1926.11              1           9.35  
   119        3321          1925.99              1           5.85  
                                                        First-order 
 Iteration  Func-count       f(x)        Step-size       optimality
   120        3348          1925.97              1            5.4  
   121        3375          1925.96              1           5.22  
   122        3402          1925.94              1           4.94  
   123        3429          1925.84              1           5.07  
   124        3456          1925.68              1           7.57  
   125        3483          1925.48              1           8.28  
   126        3510          1925.36              1           6.22  
   127        3537          1925.32              1           5.61  
   128        3564          1925.31              1           5.26  
   129        3591          1925.29              1           5.47  
   130        3618          1925.24              1           5.74  
   131        3645          1925.11              1           6.02  
   132        3672           1924.8              1           9.11  
   133        3699          1924.24              1             11  
   134        3726          1923.65              1           8.75  
   135        3753           1923.4              1           4.03  
   136        3780          1923.33              1           1.55  
   137        3807          1923.33              1            1.5  
   138        3834          1923.32              1           1.47  
   139        3861          1923.32              1           1.45  
                                                        First-order 
 Iteration  Func-count       f(x)        Step-size       optimality
   140        3888          1923.32              1            2.7  
   141        3915          1923.31              1           5.02  
   142        3942          1923.29              1           8.76  
   143        3969          1923.26              1           11.3  
   144        3996          1923.23              1           9.64  
   145        4023          1923.21              1           4.16  
   146        4050          1923.21              1          0.666  
   147        4077          1923.21              1          0.539  
   148        4104          1923.21              1           0.53  
   149        4131          1923.21              1          0.546  
   150        4158          1923.21              1          0.951  
   151        4185          1923.21              1           1.68  
   152        4212           1923.2              1           2.74  
   153        4239          1923.19              1           4.06  
   154        4266          1923.17              1           4.98  
   155        4293          1923.15              1           4.19  
   156        4320          1923.13              1           1.85  
   157        4347          1923.13              1          0.384  
   158        4374          1923.13              1          0.154  
   159        4401          1923.13              1          0.156  
                                                        First-order 
 Iteration  Func-count       f(x)        Step-size       optimality
   160        4428          1923.13              1          0.156  
   161        4455          1923.13              1          0.157  
   162        4482          1923.13              1          0.158  
   163        4509          1923.13              1           0.16  
   164        4536          1923.13              1          0.159  
   165        4563          1923.13              1          0.243  
   166        4590          1923.13              1          0.362  
   167        4617          1923.13              1          0.426  
   168        4644          1923.13              1          0.315  
   169        4671          1923.12              1          0.106  
   170        4698          1923.12              1         0.0197  
   171        4725          1923.12              1         0.0197  
   172        4752          1923.12              1         0.0197  
   173        4779          1923.12              1         0.0197  
   174        4806          1923.12              1         0.0198  
   175        4833          1923.12              1           0.02  
   176        4860          1923.12              1           0.02  
   177        4887          1923.12              1         0.0196  
   178        4914          1923.12              1         0.0239  
   179        4941          1923.12              1         0.0338  
                                                        First-order 
 Iteration  Func-count       f(x)        Step-size       optimality
   180        4968          1923.12              1         0.0327  
   181        4995          1923.12              1         0.0185  
   182        5022          1923.12              1        0.00363  
   183        5049          1923.12              1       0.000549  
   184        5076          1923.12              1        0.00061  
   185        5103          1923.12              1       0.000397  
   186        5157          1923.12       0.256884       0.000457  
   187        5292          1923.12        0.18637       0.000391  
   188        5373          1923.12      0.0320866       0.000386  
   189        5427          1923.12       0.557905       0.000402  
   190        5562          1923.12      0.0635935       0.000441  
   191        5616          1923.12        0.24691       0.000386  
   192        5643          1923.12              1       0.000419  
   193        5670          1923.12              1       0.000435  
   194        5724          1923.12       0.388334       0.000391  
   195        5751          1923.12              1       0.000408  
   196        5778          1923.12              1       0.000397  
   197        5832          1923.12       0.260052       0.000391  
   198        5886          1923.12       0.339951       0.000364  
   199        5994          1923.12     0.00836594       0.000441  
                                                        First-order 
 Iteration  Func-count       f(x)        Step-size       optimality
   200        6075          1923.12      0.0593393        0.00043  
   201        6129          1923.12       0.647228       0.000369  
   202        6183          1923.12       0.276345       0.000408  
   203        6237          1923.12       0.301423       0.000419  
   204        6291          1923.12       0.456878       0.000413  
   205        6318          1923.12              1       0.000386  
   206        6453          1923.12     0.00350853       0.000473  
   207        6480          1923.12              1       0.000419  
   208        6507          1923.12              1        0.00038  
   209        6561          1923.12         0.2849       0.000402  
   210        6615          1923.12       0.381217       0.000413  
   211        6642          1923.12              1       0.000397  
   212        6696          1923.12       0.189381       0.000397  
   213        6723          1923.12              1       0.000353  
   214        6750          1923.12              1       0.000435  
   215        6804          1923.12        0.38684       0.000351  
   216        6831          1923.12              1       0.000424  
   217        6858          1923.12              1       0.000424  
   218        6885          1923.12              1       0.000342  
   219        6939          1923.12       0.308708       0.000342  
                                                        First-order 
 Iteration  Func-count       f(x)        Step-size       optimality
   220        6966          1923.12              1       0.000443  
   221        6993          1923.12              1       0.000641  
   222        7020          1923.12              1       0.000369  
   223        7047          1923.12              1       0.000446  
   224        7101          1923.12       0.302363       0.000485  
   225        7155          1923.12            0.5        0.00058  
   226        7182          1923.12              1       0.000595  
   227        7236          1923.12       0.349007       0.000441  
   228        7263          1923.12              1       0.000424  
   229        7290          1923.12              1        0.00111  
   230        7317          1923.12              1        0.00122  
   231        7344          1923.12              1       0.000763  
   232        7371          1923.12              1       0.000549  
   233        7398          1923.12              1       0.000748  
   234        7425          1923.12              1       0.000839  
   235        7452          1923.12              1       0.000992  
   236        7479          1923.12              1       0.000778  
   237        7506          1923.12              1       0.000641  
   238        7533          1923.12              1        0.00172  
   239        7560          1923.12              1        0.00137  
                                                        First-order 
 Iteration  Func-count       f(x)        Step-size       optimality
   240        7587          1923.12              1       0.000809  
   241        7614          1923.12              1       0.000626  
   242        7641          1923.12              1        0.00121  
   243        7668          1923.12              1       0.000656  
   244        7695          1923.12              1       0.000748  
   245        7722          1923.12              1       0.000687  
   246        7776          1923.12       0.414976       0.000793  
   247        7803          1923.12              1       0.000595  
   248        7830          1923.12              1       0.000519  
   249        7857          1923.12              1       0.000793  
   250        7911          1923.12       0.209392       0.000977  
   251        7938          1923.12              1        0.00121  
   252        7965          1923.12              1       0.000595  
   253        7992          1923.12              1       0.000519  
   254        8019          1923.12              1       0.000916  
   255        8073          1923.12       0.171433        0.00208  
   256        8100          1923.12              1       0.000931  
   257        8154          1923.12       0.322375       0.000488  
   258        8181          1923.12              1       0.000443  
   259        8208          1923.12              1       0.000961  
                                                        First-order 
 Iteration  Func-count       f(x)        Step-size       optimality
   260        8235          1923.12              1       0.000961  
   261        8262          1923.12              1        0.00032  

Local minimum found.

Optimization completed because the size of the gradient is less than
the selected value of the optimality tolerance.




Computing finite-difference Hessian using objective function.
First order optimality conditions satisfied.
Current draw: 1000 of 5000
Current draw: 2000 of 5000
Current draw: 3000 of 5000
Current draw: 4000 of 5000
Current draw: 5000 of 5000
Elapsed time is 917.041174 seconds.
Ran Forecast Type 2for Model 101 and Horizon 12
Performing iteration ending on 2010M4 of model 102
Warning: This should be expanded with the country names in case of panel
> In abstvar/abstvar/check_inputs
  In abstvar
  In svar
  In scriptEstimateMode_FULL (line 96)
  In run (line 86)
  In msreg_2reg_endoprob_SVAR_FULL_OOS (line 231)
  In OOS_slurm_IF (line 4)
    'c(3,1,sync,1)>=c(3,1,sync,2)'
    'a0(1,GDPG)=0'
    'a0(1,MF)=0'
    'a0(2,GDPG)=0'
    'a1(3,GDPG)=0'
    's(3,3,sync,1)<=s(3,3,sync,2)'

 parameter: A12, density:NORMAL, hyperparameters: [0.5 0.5],convergence 0
 parameter: A21, density:NORMAL, hyperparameters: [0.5 0.5],convergence 0
 parameter: B12, density:GAMMA, hyperparameters: [4 0.125],convergence 0
 parameter: C12, density:GAMMA, hyperparameters: [4 0.125],convergence 0
 parameter: B21, density:GAMMA, hyperparameters: [4 0.125],convergence 0
 parameter: C21, density:GAMMA, hyperparameters: [4 0.125],convergence 0
                                                        First-order 
 Iteration  Func-count       f(x)        Step-size       optimality
     0          30          14249.2                      1.34e+04
     1          60          3511.53    7.48607e-05        2.6e+03  
     2          90          2712.23              1        1.4e+03  
     3         120          2383.73              1            755  
     4         150          2100.64              1            296  
     5         180          2023.46              1            136  
     6         210          2001.46              1            121  
     7         240          1990.73              1            161  
     8         270          1973.89              1            203  
     9         300          1945.49              1            208  
    10         330          1914.66              1            183  
    11         360           1902.5              1            160  
    12         390          1892.98              1           89.6  
    13         420          1886.41              1            115  
    14         450          1881.25              1            106  
    15         480          1872.76              1            145  
    16         510          1865.24              1            155  
    17         540          1854.94              1            128  
    18         570          1843.68              1            148  
    19         600          1839.22              1            100  
                                                        First-order 
 Iteration  Func-count       f(x)        Step-size       optimality
    20         630          1837.08              1             67  
    21         660          1832.29              1           86.3  
    22         690          1828.91              1           97.3  
    23         720          1826.33              1           68.8  
    24         750          1824.66              1           57.3  
    25         780          1822.43              1           78.6  
    26         810          1818.28              1            167  
    27         840          1811.75              1            222  
    28         870          1806.09              1            172  
    29         900          1803.58              1           52.6  
    30         930          1802.51              1           37.1  
    31         960          1801.45              1           74.7  
    32         990          1799.18              1            127  
    33        1020          1796.57              1            126  
    34        1050          1794.98              1           63.6  
    35        1080          1794.38              1           38.8  
    36        1110          1794.04              1           35.9  
    37        1140          1793.52              1           51.7  
    38        1170           1792.8              1           58.6  
    39        1200          1792.23              1           36.6  
                                                        First-order 
 Iteration  Func-count       f(x)        Step-size       optimality
    40        1230             1792              1           14.2  
    41        1260          1791.92              1           13.7  
    42        1290          1791.83              1           14.2  
    43        1320          1791.64              1           25.8  
    44        1350          1791.24              1           36.7  
    45        1380           1790.6              1             39  
    46        1410          1789.97              1           25.7  
    47        1440          1789.63              1           21.6  
    48        1470          1789.48              1           23.2  
    49        1500          1789.31              1           22.7  
    50        1530          1788.92              1           23.9  
    51        1560           1788.2              1           31.9  
    52        1590          1787.28              1           30.1  
    53        1620          1786.73              1           16.1  
    54        1650          1786.59              1            5.5  
    55        1680          1786.57              1           5.19  
    56        1710          1786.54              1           4.86  
    57        1740          1786.47              1           9.72  
    58        1770          1786.36              1           13.7  
    59        1800          1786.22              1           12.6  
                                                        First-order 
 Iteration  Func-count       f(x)        Step-size       optimality
    60        1830          1786.13              1           5.81  
    61        1860          1786.11              1           3.55  
    62        1890           1786.1              1            3.4  
    63        1920          1786.09              1           2.97  
    64        1950          1786.06              1           5.19  
    65        1980          1786.01              1           6.97  
    66        2010          1785.94              1           6.36  
    67        2040           1785.9              1           3.24  
    68        2070          1785.89              1           2.88  
    69        2100          1785.89              1           2.54  
    70        2130          1785.88              1           2.48  
    71        2160          1785.86              1           2.68  
    72        2190          1785.83              1              4  
    73        2220           1785.8              1           3.99  
    74        2250          1785.77              1           2.29  
    75        2280          1785.76              1           2.43  
    76        2310          1785.76              1           2.37  
    77        2340          1785.76              1            2.2  
    78        2370          1785.74              1           2.29  
    79        2400          1785.71              1           3.48  
                                                        First-order 
 Iteration  Func-count       f(x)        Step-size       optimality
    80        2430          1785.67              1           4.44  
    81        2460          1785.61              1           3.86  
    82        2490          1785.59              1           3.09  
    83        2520          1785.58              1           2.85  
    84        2550          1785.57              1           2.69  
    85        2580          1785.56              1           2.65  
    86        2610          1785.53              1           2.94  
    87        2640          1785.48              1           3.93  
    88        2670          1785.42              1           3.36  
    89        2700          1785.39              1           3.42  
    90        2730          1785.38              1           3.19  
    91        2760          1785.38              1           2.84  
    92        2790          1785.37              1           2.36  
    93        2910          1785.36          0.271           2.35  
    94        3690          1785.36      0.0454692           66.1  
    95        4530          1785.36    3.05271e-08          1e+03  

Local minimum possible.

fminunc stopped because the size of the current step is less than
the selected value of the step size tolerance.




Local minimum possible.

fminunc stopped because it cannot decrease the objective function
along the current search direction.




Computing finite-difference Hessian using objective function.
Predicted change in objective function too small.
Current draw: 1000 of 5000
Current draw: 2000 of 5000
Current draw: 3000 of 5000
Current draw: 4000 of 5000
Current draw: 5000 of 5000
Elapsed time is 695.001672 seconds.
Ran Forecast Type 2for Model 102 and Horizon 12
Performing iteration ending on 2010M4 of model 103
Warning: This should be expanded with the country names in case of panel
> In abstvar/abstvar/check_inputs
  In abstvar
  In svar
  In scriptEstimateMode_FULL (line 96)
  In run (line 86)
  In msreg_2reg_endoprob_SVAR_FULL_OOS (line 231)
  In OOS_slurm_IF (line 4)
    'c(3,1,sync,1)>=c(3,1,sync,2)'
    'a0(1,GDPG,sync,1)=0'
    'a0(2,GDPG,sync,1)=0'
    'a0(1,MF,sync,1)=0'
    'a0(1,GDPG,sync,2)=0'
    'a0(2,GDPG,sync,2)=0'
    'a0(1,MF,sync,2)=0'
    'a1(3,GDPG)=0'

 parameter: A12, density:NORMAL, hyperparameters: [0.5 0.5],convergence 0
 parameter: A21, density:NORMAL, hyperparameters: [0.5 0.5],convergence 0
 parameter: B12, density:GAMMA, hyperparameters: [4 0.125],convergence 0
 parameter: C12, density:GAMMA, hyperparameters: [4 0.125],convergence 0
 parameter: B21, density:GAMMA, hyperparameters: [4 0.125],convergence 0
 parameter: C21, density:GAMMA, hyperparameters: [4 0.125],convergence 0
                                                        First-order 
 Iteration  Func-count       f(x)        Step-size       optimality
     0          30          14249.2                      2.19e+04
     1          60          3508.37    4.57012e-05       2.05e+03  
     2          90          3007.08              1        1.5e+03  
     3         120          2356.81              1            597  
     4         150          2203.54              1            271  
     5         180          2154.48              1            172  
     6         210          2142.72              1            187  
     7         240          2135.55              1            185  
     8         270          2124.92              1            165  
     9         300          2111.19              1            119  
    10         330          2098.11              1            150  
    11         360          2091.31              1            175  
    12         390          2087.19              1            149  
    13         420          2080.16              1           66.3  
    14         450          2074.82              1             64  
    15         480          2071.98              1           76.1  
    16         510          2070.18              1           78.3  
    17         540           2065.1              1           79.5  
    18         570          2057.62              1            122  
    19         600          2048.66              1            116  
                                                        First-order 
 Iteration  Func-count       f(x)        Step-size       optimality
    20         630          2043.76              1           63.4  
    21         660          2041.41              1           54.7  
    22         690          2040.52              1           52.3  
    23         720          2038.84              1           47.1  
    24         750          2034.63              1           87.9  
    25         780          2026.66              1            122  
    26         810          2016.93              1            112  
    27         840          2010.74              1           80.4  
    28         870          2007.88              1           87.3  
    29         900          2006.48              1           81.2  
    30         930           2003.8              1           63.5  
    31         960          1999.15              1           80.1  
    32         990          1992.42              1           82.2  
    33        1020          1987.55              1             47  
    34        1050          1985.99              1           34.1  
    35        1080          1985.51              1           29.8  
    36        1110          1984.92              1           28.2  
    37        1140          1983.58              1           38.1  
    38        1170          1981.41              1           45.7  
    39        1200          1979.09              1           33.1  
                                                        First-order 
 Iteration  Func-count       f(x)        Step-size       optimality
    40        1230          1977.85              1           31.1  
    41        1260          1977.46              1           32.8  
    42        1290          1977.18              1             31  
    43        1320          1976.61              1           23.1  
    44        1350          1975.77              1           27.2  
    45        1380          1974.86              1           22.7  
    46        1410          1974.33              1           17.8  
    47        1440          1974.13              1           17.9  
    48        1470          1973.95              1           17.7  
    49        1500          1973.47              1           16.5  
    50        1530          1972.53              1           27.9  
    51        1560             1971              1           40.7  
    52        1590          1969.56              1           41.6  
    53        1620          1968.84              1           30.9  
    54        1650          1968.55              1           20.4  
    55        1680          1968.28              1           18.1  
    56        1710          1967.71              1           19.4  
    57        1740          1966.61              1           26.1  
    58        1770          1965.07              1           46.8  
    59        1800          1963.88              1           49.2  
                                                        First-order 
 Iteration  Func-count       f(x)        Step-size       optimality
    60        1830          1963.32              1           38.2  
    61        1860          1962.84              1           39.4  
    62        1890          1961.95              1           37.1  
    63        1920           1960.3              1           28.1  
    64        1950          1958.07              1           37.4  
    65        1980          1956.36              1           35.6  
    66        2010          1955.69              1           29.3  
    67        2040          1955.42              1           29.6  
    68        2070             1955              1           28.2  
    69        2100          1954.07              1           24.3  
    70        2130          1952.34              1           35.5  
    71        2160          1950.06              1             41  
    72        2190          1948.55              1           24.2  
    73        2220          1948.24              1           8.87  
    74        2250           1948.2              1           9.26  
    75        2280          1948.16              1           9.25  
    76        2310          1948.06              1           8.96  
    77        2340          1947.86              1             15  
srun: error: slurm_receive_msg: Transport endpoint is not connected
srun: error: slurm_receive_msg[10.26.24.30]: Transport endpoint is not connected
srun: error: invalid type trying to be freed 65534
    78        2370          1947.51              1             19  
    79        2400          1947.15              1           15.3  
                                                        First-order 
 Iteration  Func-count       f(x)        Step-size       optimality
    80        2430          1946.97              1           7.44  
    81        2460          1946.92              1            7.3  
    82        2490          1946.89              1           7.06  
    83        2520          1946.83              1            6.9  
srun: error: slurm_receive_msg: Transport endpoint is not connected
srun: error: slurm_receive_msg[10.26.24.30]: Transport endpoint is not connected
srun: error: invalid type trying to be freed 65534
    84        2550          1946.68              1           11.8  
    85        2580          1946.35              1           17.6  
    86        2610          1945.81              1           20.3  
    87        2640          1945.06              1           21.2  
    88        2700          1944.33       0.439271           34.3  
srun: error: slurm_receive_msg: Transport endpoint is not connected
srun: error: slurm_receive_msg[10.26.24.30]: Transport endpoint is not connected
srun: error: invalid type trying to be freed 65534
    89        2730          1944.02              1           36.5  
    90        2760          1943.74              1           30.2  
    91        2790          1943.52              1           28.4  
    92        2820          1943.01              1           23.2  
    93        2850          1941.97              1           54.2  
    94        2880          1940.59              1             59  
    95        2910          1938.24              1           29.4  
srun: error: slurm_receive_msg: Transport endpoint is not connected
srun: error: slurm_receive_msg[10.26.24.30]: Transport endpoint is not connected
srun: error: invalid type trying to be freed 65534
    96        2940          1936.95              1           17.7  
    97        2970          1936.74              1           20.4  
    98        3000          1936.56              1             15  
    99        3030          1936.46              1           13.5  
                                                        First-order 
 Iteration  Func-count       f(x)        Step-size       optimality
   100        3060          1936.32              1           12.4  
   101        3090          1936.07              1           21.2  
   102        3120          1935.55              1           34.2  
   103        3150          1934.68              1           46.9  
srun: error: slurm_receive_msg: Transport endpoint is not connected
srun: error: slurm_receive_msg[10.26.24.30]: Transport endpoint is not connected
srun: error: invalid type trying to be freed 65534
   104        3180          1933.73              1           39.3  
   105        3210           1933.2              1           18.7  
   106        3240          1933.06              1           10.2  
   107        3270          1933.02              1           9.62  
   108        3300          1932.97              1           8.97  
   109        3330          1932.83              1           13.1  
   110        3360          1932.52              1           20.6  
   111        3390          1931.95              1           25.6  
   112        3420          1931.28              1           22.2  
srun: error: slurm_receive_msg: Transport endpoint is not connected
srun: error: slurm_receive_msg[10.26.24.30]: Transport endpoint is not connected
srun: error: invalid type trying to be freed 65534
   113        3450           1930.9              1           9.88  
   114        3480          1930.79              1           6.97  
   115        3510          1930.76              1            6.9  
   116        3540          1930.73              1           7.04  
   117        3570          1930.64              1           7.42  
   118        3600          1930.44              1           9.26  
   119        3630          1930.04              1           10.6  
                                                        First-order 
 Iteration  Func-count       f(x)        Step-size       optimality
   120        3660          1929.56              1           9.78  
   121        3690          1929.27              1           4.85  
   122        3720          1929.21              1           3.45  
   123        3750           1929.2              1           2.99  
   124        3780           1929.2              1              3  
srun: error: slurm_receive_msg: Transport endpoint is not connected
srun: error: slurm_receive_msg[10.26.24.30]: Transport endpoint is not connected
srun: error: invalid type trying to be freed 65534
   125        3810          1929.18              1            3.2  
   126        3840          1929.14              1           3.48  
   127        3870          1929.04              1           3.59  
   128        3900          1928.87              1           4.78  
   129        3930          1928.68              1           4.16  
srun: error: slurm_receive_msg: Transport endpoint is not connected
srun: error: slurm_receive_msg[10.26.24.30]: Transport endpoint is not connected
srun: error: invalid type trying to be freed 65534
   130        3960          1928.58              1           1.89  
   131        3990          1928.56              1           2.23  
   132        4020          1928.56              1           2.24  
srun: error: slurm_receive_msg: Insane message length
srun: error: slurm_receive_msg[10.26.24.30]: Insane message length
srun: error: invalid type trying to be freed 65534
   133        4050          1928.56              1            2.2  
   134        4080          1928.55              1           2.13  
   135        4110          1928.53              1           2.15  
srun: error: slurm_receive_msg: Insane message length
srun: error: slurm_receive_msg[10.26.24.30]: Insane message length
srun: error: invalid type trying to be freed 65534
   136        4140          1928.49              1           2.31  
   137        4170          1928.39              1           3.06  
   138        4200          1928.19              1           4.05  
   139        4230          1927.92              1           3.96  
                                                        First-order 
 Iteration  Func-count       f(x)        Step-size       optimality
   140        4260          1927.73              1            2.3  
   141        4290          1927.68              1           1.45  
   142        4320          1927.67              1           1.66  
   143        4350          1927.67              1           1.68  
   144        4380          1927.67              1           1.68  
   145        4410          1927.67              1           1.68  
   146        4440          1927.67              1           1.64  
   147        4470          1927.66              1           1.54  
   148        4500          1927.64              1           1.73  
   149        4530           1927.6              1           2.09  
   150        4560          1927.57              1           1.59  
   151        4590          1927.55              1          0.594  
   152        4620          1927.55              1          0.224  
   153        4650          1927.55              1          0.216  
   154        4680          1927.55              1          0.215  
   155        4710          1927.55              1          0.212  
   156        4740          1927.55              1          0.218  
   157        4770          1927.55              1           0.23  
   158        4800          1927.55              1          0.328  
   159        4830          1927.55              1          0.486  
                                                        First-order 
 Iteration  Func-count       f(x)        Step-size       optimality
   160        4860          1927.54              1          0.578  
   161        4890          1927.54              1          0.428  
   162        4920          1927.54              1          0.215  
   163        4950          1927.54              1          0.173  
   164        4980          1927.54              1          0.166  
   165        5010          1927.54              1          0.167  
   166        5040          1927.54              1          0.168  
   167        5070          1927.54              1           0.17  
   168        5100          1927.54              1           0.17  
   169        5130          1927.54              1          0.166  
   170        5160          1927.53              1           0.16  
   171        5190          1927.53              1          0.163  
   172        5220          1927.53              1          0.117  
   173        5250          1927.53              1          0.129  
   174        5280          1927.53              1          0.117  
   175        5310          1927.53              1          0.112  
   176        5340          1927.53              1          0.109  
   177        5370          1927.53              1          0.102  
   178        5400          1927.53              1         0.0907  
   179        5430          1927.53              1         0.0897  
                                                        First-order 
 Iteration  Func-count       f(x)        Step-size       optimality
   180        5460          1927.53              1         0.0905  
   181        5490          1927.53              1          0.083  
   182        5520          1927.53              1           0.06  
   183        5550          1927.53              1         0.0623  
   184        5580          1927.53              1         0.0354  
   185        5610          1927.53              1         0.0266  
   186        5640          1927.53              1          0.026  
   187        5670          1927.53              1         0.0258  
   188        5700          1927.53              1         0.0262  
   189        5730          1927.53              1         0.0258  
   190        5760          1927.53              1         0.0255  
   191        5790          1927.53              1          0.025  
   192        5820          1927.53              1          0.024  
   193        5850          1927.53              1          0.036  
   194        5880          1927.53              1         0.0445  
   195        5910          1927.53              1         0.0356  
   196        5940          1927.53              1         0.0142  
   197        5970          1927.53              1        0.00725  
   198        6000          1927.53              1        0.00675  
   199        6030          1927.53              1        0.00654  
                                                        First-order 
 Iteration  Func-count       f(x)        Step-size       optimality
   200        6060          1927.53              1        0.00642  
   201        6090          1927.53              1        0.00656  
   202        6120          1927.53              1         0.0065  
   203        6150          1927.53              1        0.00621  
   204        6180          1927.53              1        0.00634  
   205        6210          1927.53              1         0.0062  
srun: error: unpackmem: Buffer to be unpacked is too large (4143637558 > 1073741824)
srun: error: unpack error in io_init_msg_unpack
srun: error: Invalid IO init header version
srun: error: unpackmem: Buffer to be unpacked is too large (2136524702 > 1073741824)
srun: error: unpack error in io_init_msg_unpack
srun: error: Invalid IO init header version
srun: error: io_init_msg_read too small
srun: error: failed reading io init message
srun: error: unpackmem: Buffer to be unpacked is too large (4270970521 > 1073741824)
srun: error: unpack error in io_init_msg_unpack
srun: error: Invalid IO init header version
   206        6240          1927.53              1        0.00594  
   207        6270          1927.53              1        0.00565  
   208        6300          1927.53              1        0.00882  
   209        6330          1927.53              1        0.00986  
   210        6360          1927.53              1        0.00601  
   211        6390          1927.53              1        0.00179  
   212        6420          1927.53              1         0.0011  
   213        6450          1927.53              1       0.000534  
   214        6480          1927.53              1       0.000331  
   215        6510          1927.53              1       0.000381  
   216        6600          1927.53      0.0485561       0.000363  
   217        6660          1927.53       0.301407       0.000348  
   218        6720          1927.53       0.294642       0.000353  
srun: error: unpackmem: Buffer to be unpacked is too large (3653342558 > 1073741824)
srun: error: unpack error in io_init_msg_unpack
srun: error: Invalid IO init header version
srun: error: unpackmem: Buffer to be unpacked is too large (1142653825 > 1073741824)
srun: error: unpack error in io_init_msg_unpack
srun: error: Invalid IO init header version
srun: error: unpackmem: Buffer to be unpacked is too large (2254780723 > 1073741824)
srun: error: unpack error in io_init_msg_unpack
srun: error: Invalid IO init header version
srun: error: unpackmem: Buffer to be unpacked is too large (2253944426 > 1073741824)
srun: error: unpack error in io_init_msg_unpack
srun: error: Invalid IO init header version
srun: error: unpack error in io_init_msg_unpack
srun: error: Invalid IO init header version
srun: error: io_init_msg_read too small
srun: error: failed reading io init message
srun: error: slurm_receive_msg: Transport endpoint is not connected
srun: error: slurm_receive_msg[10.26.24.30]: Transport endpoint is not connected
srun: error: invalid type trying to be freed 65534
   219        6900          1927.53    0.000555203       0.000333  
srun: error: slurm_receive_msg: Transport endpoint is not connected
srun: error: slurm_receive_msg[10.26.24.30]: Transport endpoint is not connected
srun: error: invalid type trying to be freed 65534
                                                        First-order 
 Iteration  Func-count       f(x)        Step-size       optimality
   220        6960          1927.53       0.177286       0.000317  

Local minimum found.

Optimization completed because the size of the gradient is less than
the selected value of the optimality tolerance.




Computing finite-difference Hessian using objective function.
srun: error: slurm_receive_msg: Transport endpoint is not connected
srun: error: slurm_receive_msg[10.26.24.30]: Transport endpoint is not connected
srun: error: invalid type trying to be freed 65534
srun: error: slurm_receive_msg: Transport endpoint is not connected
srun: error: slurm_receive_msg[10.26.24.30]: Transport endpoint is not connected
srun: error: invalid type trying to be freed 65534
srun: error: slurm_receive_msg: Transport endpoint is not connected
srun: error: slurm_receive_msg[10.26.24.30]: Transport endpoint is not connected
srun: error: invalid type trying to be freed 65534
srun: error: slurm_receive_msg: Transport endpoint is not connected
srun: error: slurm_receive_msg[10.26.24.30]: Transport endpoint is not connected
srun: error: invalid type trying to be freed 65534
srun: error: slurm_receive_msg: Transport endpoint is not connected
srun: error: slurm_receive_msg[10.26.24.30]: Transport endpoint is not connected
srun: error: invalid type trying to be freed 65534
First order optimality conditions satisfied.
srun: error: slurm_receive_msg: Transport endpoint is not connected
srun: error: slurm_receive_msg[10.26.24.30]: Transport endpoint is not connected
srun: error: invalid type trying to be freed 65534
srun: error: slurm_receive_msg: Insane message length
srun: error: slurm_receive_msg[10.26.24.30]: Insane message length
srun: error: invalid type trying to be freed 65534
srun: error: slurm_receive_msg: Insane message length
srun: error: slurm_receive_msg[10.26.24.30]: Insane message length
srun: error: invalid type trying to be freed 65534
srun: error: slurm_receive_msg: Insane message length
srun: error: slurm_receive_msg[10.26.24.30]: Insane message length
srun: error: invalid type trying to be freed 65534
srun: error: io_init_msg_read too small
srun: error: failed reading io init message
srun: error: slurm_receive_msg: Insane message length
srun: error: slurm_receive_msg[10.26.24.30]: Insane message length
srun: error: invalid type trying to be freed 65534
srun: error: slurm_receive_msg: Insane message length
srun: error: slurm_receive_msg[10.26.24.30]: Insane message length
srun: error: invalid type trying to be freed 65534
srun: error: slurm_receive_msg: Insane message length
srun: error: slurm_receive_msg[10.26.24.30]: Insane message length
srun: error: invalid type trying to be freed 65534
srun: error: slurm_receive_msg: Insane message length
srun: error: slurm_receive_msg[10.26.24.30]: Insane message length
srun: error: invalid type trying to be freed 65534
srun: error: unpackmem_xmalloc: Buffer to be unpacked is too large (1885828912 > 1073741824)
srun: error: unpacking header
srun: error: destroy_forward: no init
srun: error: slurm_receive_msg: Message receive failure
srun: error: slurm_receive_msg[10.26.24.30]: Message receive failure
srun: error: invalid type trying to be freed 65534
srun: error: unpackmem_xmalloc: Buffer to be unpacked is too large (1684369920 > 1073741824)
srun: error: unpacking header
srun: error: destroy_forward: no init
srun: error: slurm_receive_msg: Message receive failure
srun: error: slurm_receive_msg[10.26.24.30]: Message receive failure
srun: error: invalid type trying to be freed 65534
Current draw: 1000 of 5000
srun: error: unpack error in io_init_msg_unpack
srun: error: Invalid IO init header version
srun: error: unpackmem: Buffer to be unpacked is too large (1681731632 > 1073741824)
srun: error: unpack error in io_init_msg_unpack
srun: error: Invalid IO init header version
srun: error: io_init_msg_read too small
srun: error: failed reading io init message
srun: error: unpackmem: Buffer to be unpacked is too large (1951163745 > 1073741824)
srun: error: unpack error in io_init_msg_unpack
srun: error: Invalid IO init header version
srun: error: unpackmem: Buffer to be unpacked is too large (1935765607 > 1073741824)
srun: error: unpack error in io_init_msg_unpack
srun: error: Invalid IO init header version
srun: error: slurm_receive_msg: Insane message length
srun: error: slurm_receive_msg[10.26.24.30]: Insane message length
srun: error: invalid type trying to be freed 65534
srun: error: unpackmem_xmalloc: Buffer to be unpacked is too large (1684369920 > 1073741824)
srun: error: unpacking header
srun: error: destroy_forward: no init
srun: error: slurm_receive_msg: Message receive failure
srun: error: slurm_receive_msg[10.26.24.30]: Message receive failure
srun: error: invalid type trying to be freed 65534
srun: error: unpackmem_xmalloc: Buffer to be unpacked is too large (1885828912 > 1073741824)
srun: error: unpacking header
srun: error: destroy_forward: no init
srun: error: slurm_receive_msg: Message receive failure
srun: error: slurm_receive_msg[10.26.24.30]: Message receive failure
srun: error: invalid type trying to be freed 65534
srun: error: slurm_receive_msg: Insane message length
srun: error: slurm_receive_msg[10.26.24.30]: Insane message length
srun: error: invalid type trying to be freed 65534
srun: error: slurm_receive_msg: Insane message length
srun: error: slurm_receive_msg[10.26.24.30]: Insane message length
srun: error: invalid type trying to be freed 65534
srun: error: slurm_receive_msg: Transport endpoint is not connected
srun: error: slurm_receive_msg[10.26.24.30]: Transport endpoint is not connected
srun: error: invalid type trying to be freed 65534
Current draw: 2000 of 5000
srun: error: unpack error in io_init_msg_unpack
srun: error: Invalid IO init header version
srun: error: slurm_receive_msg: Transport endpoint is not connected
srun: error: slurm_receive_msg[10.26.24.30]: Transport endpoint is not connected
srun: error: invalid type trying to be freed 65534
srun: error: slurm_receive_msg: Transport endpoint is not connected
srun: error: slurm_receive_msg[10.26.24.30]: Transport endpoint is not connected
srun: error: invalid type trying to be freed 65534
Current draw: 3000 of 5000
srun: error: slurm_receive_msg: Insane message length
srun: error: slurm_receive_msg[10.26.24.30]: Insane message length
srun: error: invalid type trying to be freed 65534
srun: error: unpackmem: Buffer to be unpacked is too large (1223979920 > 1073741824)
srun: error: unpack error in io_init_msg_unpack
srun: error: Invalid IO init header version
srun: error: slurm_receive_msg: Transport endpoint is not connected
srun: error: slurm_receive_msg[10.26.24.30]: Transport endpoint is not connected
srun: error: invalid type trying to be freed 65534
srun: error: unpack error in io_init_msg_unpack
srun: error: Invalid IO init header version
srun: error: unpackmem: Buffer to be unpacked is too large (1166628829 > 1073741824)
srun: error: unpack error in io_init_msg_unpack
srun: error: Invalid IO init header version
srun: error: slurm_receive_msg: Transport endpoint is not connected
srun: error: slurm_receive_msg[10.26.24.30]: Transport endpoint is not connected
srun: error: invalid type trying to be freed 65534
Current draw: 4000 of 5000
srun: error: slurm_receive_msg: Insane message length
srun: error: slurm_receive_msg[10.26.24.30]: Insane message length
srun: error: invalid type trying to be freed 65534
srun: error: slurm_receive_msg: Transport endpoint is not connected
srun: error: slurm_receive_msg[10.26.24.30]: Transport endpoint is not connected
srun: error: invalid type trying to be freed 65534
Current draw: 5000 of 5000
Elapsed time is 848.570664 seconds.
Ran Forecast Type 2for Model 103 and Horizon 12
Performing iteration ending on 2010M4 of model 104
Warning: This should be expanded with the country names in case of panel
> In abstvar/abstvar/check_inputs
  In abstvar
  In svar
  In scriptEstimateMode_FULL (line 96)
  In run (line 86)
  In msreg_2reg_endoprob_SVAR_FULL_OOS (line 231)
  In OOS_slurm_IF (line 4)
    'c(3,1,sync,1)>=c(3,1,sync,2)'
    'a0(1,GDPG)=0'
    'a0(1,MF)=0'
    'a0(2,GDPG)=0'
    'a1(3,GDPG,sync,1)=0'
    'a1(3,GDPG,sync,2)=0'

 parameter: A12, density:NORMAL, hyperparameters: [0.5 0.5],convergence 0
 parameter: A21, density:NORMAL, hyperparameters: [0.5 0.5],convergence 0
 parameter: B12, density:GAMMA, hyperparameters: [4 0.125],convergence 0
 parameter: C12, density:GAMMA, hyperparameters: [4 0.125],convergence 0
 parameter: B21, density:GAMMA, hyperparameters: [4 0.125],convergence 0
 parameter: C21, density:GAMMA, hyperparameters: [4 0.125],convergence 0
                                                        First-order 
 Iteration  Func-count       f(x)        Step-size       optimality
     0          35          14249.2                      2.19e+04
     1          70          3535.78    4.57012e-05       2.02e+03  
     2         105          3010.91              1       1.48e+03  
     3         140          2541.07              1            745  
     4         175          2366.22              1            445  
     5         210          2269.88              1            458  
     6         245          2229.09              1            395  
     7         280          2205.68              1            295  
     8         315          2184.85              1            208  
     9         350          2167.48              1            207  
    10         385          2156.01              1            191  
    11         420          2142.08              1            259  
    12         455          2127.62              1            219  
    13         490          2099.63              1            174  
    14         525          2079.03              1            188  
    15         560          2068.11              1            155  
    16         595          2062.66              1            115  
    17         630          2057.92              1            115  
    18         665          2052.87              1            102  
    19         700          2048.71              1            140  
                                                        First-order 
 Iteration  Func-count       f(x)        Step-size       optimality
    20         735          2043.49              1            153  
    21         770          2037.58              1            126  
    22         805          2029.38              1            193  
    23         840          2021.95              1            186  
    24         875          2016.97              1            106  
    25         910          2013.35              1           82.3  
    26         945          2009.36              1           87.1  
    27         980          2004.73              1            151  
    28        1015           2000.1              1            150  
    29        1050          1995.89              1            132  
    30        1085          1987.94              1            228  
    31        1120          1982.17              1            173  
    32        1155          1969.52              1            116  
    33        1190          1964.01              1           86.5  
    34        1225          1957.13              1            109  
    35        1260          1952.75              1           86.8  
    36        1330          1948.73       0.522708            106  
    37        1365          1944.64              1           95.8  
    38        1400          1931.32              1            145  
    39        1435          1922.64              1            151  
                                                        First-order 
 Iteration  Func-count       f(x)        Step-size       optimality
    40        1470          1916.04              1             87  
    41        1505           1912.8              1           44.7  
    42        1540          1912.07              1           43.1  
    43        1575          1910.83              1           39.5  
    44        1610          1908.45              1           68.4  
    45        1645          1905.35              1            105  
    46        1680          1902.25              1           97.3  
    47        1715          1900.51              1           65.7  
    48        1750          1899.48              1           74.5  
    49        1785          1898.57              1           63.1  
    50        1820          1897.24              1           29.7  
    51        1855           1896.3              1           24.9  
    52        1890          1895.62              1           30.5  
    53        1925          1895.03              1           44.6  
    54        1960          1894.22              1             51  
    55        1995          1892.98              1           47.4  
    56        2030          1891.38              1           30.3  
    57        2065          1890.19              1           29.7  
    58        2100          1889.78              1           28.6  
    59        2135          1889.63              1           26.3  
                                                        First-order 
 Iteration  Func-count       f(x)        Step-size       optimality
    60        2170          1889.38              1           22.4  
    61        2205          1888.85              1           17.7  
    62        2240          1887.87              1           20.5  
    63        2275          1886.62              1             22  
    64        2310          1885.71              1           26.1  
    65        2345          1885.37              1           24.8  
    66        2380          1885.22              1           21.5  
    67        2415          1884.94              1           17.3  
    68        2450          1884.34              1             16  
    69        2590          1883.97          0.271           16.6  
    70        3640          1883.97      0.0015365            473  

Local minimum possible.

fminunc stopped because it cannot decrease the objective function
along the current search direction.




Computing finite-difference Hessian using objective function.
Predicted change in objective function too small.
Current draw: 1000 of 5000
Current draw: 2000 of 5000
Current draw: 3000 of 5000
Current draw: 4000 of 5000
Current draw: 5000 of 5000
Elapsed time is 653.799279 seconds.
Ran Forecast Type 2for Model 104 and Horizon 12
Performing iteration ending on 2010M4 of model 105
Warning: This should be expanded with the country names in case of panel
> In abstvar/abstvar/check_inputs
  In abstvar
  In svar
  In scriptEstimateMode_FULL (line 96)
  In run (line 86)
  In msreg_2reg_endoprob_SVAR_FULL_OOS (line 231)
  In OOS_slurm_IF (line 4)
    'c(3,1,sync,1)>=c(3,1,sync,2)'
    'a0(1,GDPG,sync,1)=0'
    'a0(2,GDPG,sync,1)=0'
    'a0(1,MF,sync,1)=0'
    'a0(1,GDPG,sync,2)=0'
    'a0(2,GDPG,sync,2)=0'
    'a0(1,MF,sync,2)=0'
    'a1(3,GDPG)=0'
    's(3,3,sync,1)<=s(3,3,sync,2)'

 parameter: A12, density:NORMAL, hyperparameters: [0.5 0.5],convergence 0
 parameter: A21, density:NORMAL, hyperparameters: [0.5 0.5],convergence 0
 parameter: B12, density:GAMMA, hyperparameters: [4 0.125],convergence 0
 parameter: C12, density:GAMMA, hyperparameters: [4 0.125],convergence 0
 parameter: B21, density:GAMMA, hyperparameters: [4 0.125],convergence 0
 parameter: C21, density:GAMMA, hyperparameters: [4 0.125],convergence 0
                                                        First-order 
 Iteration  Func-count       f(x)        Step-size       optimality
     0          33          14249.2                      1.34e+04
     1          66          3557.77    7.48607e-05       2.54e+03  
     2          99          2729.41              1       1.35e+03  
     3         132          2388.48              1            746  
     4         165          2108.93              1            289  
     5         198          2033.64              1            131  
     6         231          2012.89              1            118  
     7         264          2003.02              1            151  
     8         297          1987.57              1            191  
     9         330          1962.39              1            193  
    10         363          1934.11              1            154  
    11         396          1924.22              1            154  
    12         429           1916.9              1            106  
    13         462          1905.81              1            136  
    14         495          1900.33              1            131  
    15         528          1889.22              1            153  
    16         561          1883.95              1            143  
    17         594           1874.6              1            105  
    18         627          1867.18              1            103  
    19         660          1863.86              1           73.5  
                                                        First-order 
 Iteration  Func-count       f(x)        Step-size       optimality
    20         693          1861.84              1           63.8  
    21         726          1857.34              1           45.3  
    22         759          1854.36              1           53.8  
    23         792          1852.61              1           46.7  
    24         825          1851.48              1           50.2  
    25         858          1849.14              1           84.2  
    26         891          1844.59              1            113  
    27         924          1837.26              1            134  
    28         957          1830.95              1            104  
    29         990          1827.98              1           56.9  
    30        1023          1826.33              1             46  
    31        1056          1824.61              1           64.3  
    32        1089           1821.6              1           85.3  
    33        1122          1818.24              1           70.6  
    34        1155          1815.75              1           66.7  
    35        1188          1814.09              1           48.8  
    36        1221          1812.58              1           35.4  
    37        1254          1810.77              1           49.2  
    38        1287          1808.86              1           43.3  
    39        1320          1807.71              1           26.5  
                                                        First-order 
 Iteration  Func-count       f(x)        Step-size       optimality
    40        1353          1807.29              1             20  
    41        1386          1807.04              1           18.5  
    42        1419          1806.61              1           21.4  
    43        1452          1805.77              1           33.7  
    44        1485          1804.39              1           43.8  
    45        1518          1802.94              1           40.2  
    46        1551          1802.05              1           26.4  
    47        1584          1801.59              1           31.5  
    48        1617          1801.11              1           33.4  
    49        1650          1800.07              1           39.5  
    50        1683          1798.05              1           61.1  
    51        1782          1797.31           0.19           60.9  
    52        2904          1796.78      0.0711267           92.9  
    53        4158          1796.78    6.22095e-08          1e+03  

Local minimum possible.

fminunc stopped because it cannot decrease the objective function
along the current search direction.




Computing finite-difference Hessian using objective function.
Predicted change in objective function too small.
Current draw: 1000 of 5000
Current draw: 2000 of 5000
Current draw: 3000 of 5000
Current draw: 4000 of 5000
Current draw: 5000 of 5000
Elapsed time is 679.447287 seconds.
Ran Forecast Type 2for Model 105 and Horizon 12
Performing iteration ending on 2010M4 of model 106
Warning: This should be expanded with the country names in case of panel
> In abstvar/abstvar/check_inputs
  In abstvar
  In svar
  In scriptEstimateMode_FULL (line 96)
  In run (line 86)
  In msreg_2reg_endoprob_SVAR_FULL_OOS (line 231)
  In OOS_slurm_IF (line 4)
    'c(3,1,sync,1)>=c(3,1,sync,2)'
    'a0(1,GDPG)=0'
    'a0(1,MF)=0'
    'a0(2,GDPG)=0'
    'a1(3,GDPG,sync,1)=0'
    'a1(3,GDPG,sync,2)=0'
    's(3,3,sync,1)<=s(3,3,sync,2)'

 parameter: A12, density:NORMAL, hyperparameters: [0.5 0.5],convergence 0
 parameter: A21, density:NORMAL, hyperparameters: [0.5 0.5],convergence 0
 parameter: B12, density:GAMMA, hyperparameters: [4 0.125],convergence 0
 parameter: C12, density:GAMMA, hyperparameters: [4 0.125],convergence 0
 parameter: B21, density:GAMMA, hyperparameters: [4 0.125],convergence 0
 parameter: C21, density:GAMMA, hyperparameters: [4 0.125],convergence 0
                                                        First-order 
 Iteration  Func-count       f(x)        Step-size       optimality
     0          38          14249.2                      1.34e+04
     1          76          3369.05    7.48607e-05       1.76e+03  
     2         114          2829.97              1       1.17e+03  
     3         152          2306.65              1            438  
     4         190          2165.84              1            206  
     5         228          2098.11              1            220  
     6         266          2070.23              1            217  
     7         304          2051.38              1            196  
     8         342          2032.99              1            150  
     9         380          2013.47              1            136  
    10         418           1988.7              1            130  
    11         456          1960.59              1            211  
    12         494          1949.41              1            201  
    13         532          1935.22              1            144  
    14         570          1909.75              1            212  
    15         608          1900.95              1            153  
    16         646          1883.45              1            130  
    17         684          1871.12              1            160  
    18         722           1857.4              1            197  
    19         760          1852.04              1            115  
                                                        First-order 
 Iteration  Func-count       f(x)        Step-size       optimality
    20         798          1848.67              1            122  
    21         836          1842.52              1            136  
    22         874           1832.7              1            205  
    23         912          1824.42              1            157  
    24         950          1820.06              1           55.1  
    25         988          1818.79              1           38.1  
    26        1026          1817.55              1           59.9  
    27        1064          1816.11              1           74.5  
    28        1102          1811.42              1            116  
    29        1140          1806.25              1            150  
    30        1178          1801.14              1            133  
    31        1216          1797.11              1           84.8  
    32        1254          1794.91              1           66.2  
    33        1292          1793.33              1           51.7  
    34        1330          1791.66              1           68.6  
    35        1368          1789.24              1           95.1  
    36        1406          1786.16              1            122  
    37        1444          1783.44              1           91.7  
    38        1482          1781.87              1           39.5  
    39        1520          1781.17              1           34.1  
                                                        First-order 
 Iteration  Func-count       f(x)        Step-size       optimality
    40        1558          1780.84              1           22.4  
    41        1596          1780.63              1           17.1  
    42        1634           1780.5              1           13.1  
    43        1672          1780.36              1           17.1  
    44        1710          1780.14              1           23.7  
    45        1748          1779.88              1           27.6  
    46        1786           1779.7              1           16.3  
    47        1824          1779.64              1           5.26  
    48        1862          1779.61              1           4.84  
    49        1900          1779.57              1           10.6  
    50        1938          1779.49              1           16.5  
    51        2014          1779.41            0.5           17.8  
    52        2356          1779.36       0.150259           17.3  
    53        3268          1779.35     0.00921115           17.2  
    54        4446          1779.35       3.91e-08          1e+03  

Local minimum possible.

fminunc stopped because the size of the current step is less than
the selected value of the step size tolerance.




Local minimum possible.

fminunc stopped because it cannot decrease the objective function
along the current search direction.




Computing finite-difference Hessian using objective function.
Predicted change in objective function too small.
Current draw: 1000 of 5000
Current draw: 2000 of 5000
Current draw: 3000 of 5000
Current draw: 4000 of 5000
Current draw: 5000 of 5000
Elapsed time is 709.240761 seconds.
Ran Forecast Type 2for Model 106 and Horizon 12
Performing iteration ending on 2010M4 of model 107
Warning: This should be expanded with the country names in case of panel
> In abstvar/abstvar/check_inputs
  In abstvar
  In svar
  In scriptEstimateMode_FULL (line 96)
  In run (line 86)
  In msreg_2reg_endoprob_SVAR_FULL_OOS (line 231)
  In OOS_slurm_IF (line 4)
    'c(3,1,sync,1)>=c(3,1,sync,2)'
    'a0(1,GDPG,sync,1)=0'
    'a0(2,GDPG,sync,1)=0'
    'a0(1,MF,sync,1)=0'
    'a0(1,GDPG,sync,2)=0'
    'a0(2,GDPG,sync,2)=0'
    'a0(1,MF,sync,2)=0'
    'a1(3,GDPG,sync,1)=0'
    'a1(3,GDPG,sync,2)=0'
    's(3,3,sync,1)<=s(3,3,sync,2)'

 parameter: A12, density:NORMAL, hyperparameters: [0.5 0.5],convergence 0
 parameter: A21, density:NORMAL, hyperparameters: [0.5 0.5],convergence 0
 parameter: B12, density:GAMMA, hyperparameters: [4 0.125],convergence 0
 parameter: C12, density:GAMMA, hyperparameters: [4 0.125],convergence 0
 parameter: B21, density:GAMMA, hyperparameters: [4 0.125],convergence 0
 parameter: C21, density:GAMMA, hyperparameters: [4 0.125],convergence 0
                                                        First-order 
 Iteration  Func-count       f(x)        Step-size       optimality
     0          41          14249.2                      1.34e+04
     1          82          3416.93    7.48607e-05       1.84e+03  
     2         123          2854.22              1        1.2e+03  
     3         164          2316.48              1            435  
     4         205          2178.42              1            196  
     5         246          2114.14              1            205  
     6         287          2089.22              1            202  
     7         328          2072.02              1            185  
     8         369          2054.11              1            148  
     9         410          2034.64              1            134  
    10         451          2012.12              1            118  
    11         492           1987.3              1            176  
    12         533          1975.82              1            170  
    13         574          1961.87              1            120  
    14         615          1938.44              1            178  
    15         656          1930.56              1            134  
    16         697          1913.07              1            119  
    17         738          1897.45              1            116  
    18         779          1884.59              1            108  
    19         820          1878.99              1           97.5  
                                                        First-order 
 Iteration  Func-count       f(x)        Step-size       optimality
    20         861          1874.15              1            108  
    21         902             1871              1            111  
    22         943          1858.72              1            102  
    23         984          1852.45              1            105  
    24        1025          1848.97              1            121  
    25        1066          1846.64              1           42.5  
    26        1107          1845.59              1           26.9  
    27        1148          1843.66              1           45.7  
    28        1189          1840.64              1           75.6  
    29        1230          1837.71              1           84.7  
    30        1271          1834.63              1           80.2  
    31        1312          1830.29              1           67.1  
    32        1353          1826.81              1           72.1  
    33        1394          1820.93              1            113  
    34        1435           1816.1              1           98.1  
    35        1476          1812.88              1           63.3  
    36        1517          1810.52              1           66.6  
    37        1558          1808.01              1           79.4  
    38        1599          1803.86              1            133  
    39        1640          1798.78              1            145  
                                                        First-order 
 Iteration  Func-count       f(x)        Step-size       optimality
    40        1681          1794.91              1           93.2  
    41        1722          1793.21              1           25.8  
    42        1763          1792.61              1             19  
    43        1804           1792.1              1           28.4  
    44        1845          1791.41              1           39.1  
    45        1886          1790.55              1           44.2  
    46        1927          1789.61              1           48.4  
    47        1968          1788.86              1             33  
    48        2091          1788.72       0.219312             28  
    49        2214           1788.5           0.19           21.4  
    50        4715          1788.39      0.0907328          1e+03  

Local minimum possible.

fminunc stopped because it cannot decrease the objective function
along the current search direction.




Computing finite-difference Hessian using objective function.
Predicted change in objective function too small.
Current draw: 1000 of 5000
Current draw: 2000 of 5000
Current draw: 3000 of 5000
Current draw: 4000 of 5000
Current draw: 5000 of 5000
Elapsed time is 737.647873 seconds.
Ran Forecast Type 2for Model 107 and Horizon 12
Performing iteration ending on 2010M4 of model 108
Warning: This should be expanded with the country names in case of panel
> In abstvar/abstvar/check_inputs
  In abstvar
  In svar
  In scriptEstimateMode_FULL (line 96)
  In run (line 86)
  In msreg_2reg_endoprob_SVAR_FULL_OOS (line 231)
  In OOS_slurm_IF (line 4)
    'c(3,1,sync,1)>=c(3,1,sync,2)'
    'a0(1,GDPG)=0'
    'a0(1,MF)=0'
    'a0(2,GDPG)=0'
    'a1(3,GDPG)=0'
    's(3,3,sync,1)<=s(3,3,sync,2)'

 parameter: A12, density:NORMAL, hyperparameters: [0.5 0.5],convergence 0
 parameter: A21, density:NORMAL, hyperparameters: [0.5 0.5],convergence 0
 parameter: B12, density:GAMMA, hyperparameters: [4 0.125],convergence 0
 parameter: C12, density:GAMMA, hyperparameters: [4 0.125],convergence 0
 parameter: B21, density:GAMMA, hyperparameters: [4 0.125],convergence 0
 parameter: C21, density:GAMMA, hyperparameters: [4 0.125],convergence 0
                                                        First-order 
 Iteration  Func-count       f(x)        Step-size       optimality
     0          28          14249.2                      1.34e+04
     1          56          3474.39    7.48607e-05       2.49e+03  
     2          84          2735.97              1        1.3e+03  
     3         112          2434.41              1            706  
     4         140          2203.22              1            333  
     5         168          2127.81              1            180  
     6         196          2105.18              1            198  
     7         224          2096.09              1            189  
     8         252          2085.24              1            160  
     9         280          2069.41              1            153  
    10         308          2053.29              1            130  
    11         336           2045.1              1            115  
    12         364          2041.69              1             66  
    13         392          2038.92              1           47.2  
    14         420          2036.68              1           63.6  
    15         448          2033.63              1            101  
    16         476          2029.26              1            118  
    17         504          2022.35              1            108  
    18         532          2015.37              1           81.4  
    19         560          2011.12              1           60.4  
                                                        First-order 
 Iteration  Func-count       f(x)        Step-size       optimality
    20         588          2008.95              1           60.3  
    21         616           2007.1              1           57.5  
    22         644          2003.59              1           63.3  
    23         672          1997.11              1           78.3  
    24         700          1988.16              1           65.3  
    25         728          1981.42              1           87.7  
    26         756          1978.75              1           91.8  
    27         784          1976.46              1           84.3  
    28         812          1971.66              1           77.1  
    29         840          1964.39              1            124  
    30         868          1957.21              1            102  
    31         896          1954.05              1           42.3  
    32         924          1952.93              1           26.9  
    33         952          1952.53              1           25.2  
    34         980          1951.85              1           22.3  
    35        1008          1950.56              1             29  
    36        1092          1950.15           0.19           31.6  
    37        2044          1949.82      0.0785099            488  

Local minimum possible.

fminunc stopped because it cannot decrease the objective function
along the current search direction.




Computing finite-difference Hessian using objective function.
Predicted change in objective function too small.
Current draw: 1000 of 5000
Current draw: 2000 of 5000
Current draw: 3000 of 5000
Current draw: 4000 of 5000
Current draw: 5000 of 5000
Elapsed time is 536.879441 seconds.
Ran Forecast Type 2for Model 108 and Horizon 12
