137
------------------------------------------
Setting up environment variables
---
LD_LIBRARY_PATH is .:/opt/MATLAB/R2017a/runtime/glnxa64:/opt/MATLAB/R2017a/bin/glnxa64:/opt/MATLAB/R2017a/sys/os/glnxa64:/opt/MATLAB/R2017a/sys/opengl/lib/glnxa64
Warning: Method directories not allowed in MATLAB path: /if/home/m1pac03/.mcrCache9.2/OOS_sl0/if/gms_research_gar/GAR/MS-VAR/RISE_toolbox2/classes/models/@dsge/private

	Personal pathdef has been created in your preference directory:
	/if/home/m1pac03/.mcrCache9.2/OOS_sl0/.matlab

Running on SLURM; using 1 cores as assigned on this node.

Performing iteration ending on 2010M5 of model 101
Warning: This should be expanded with the country names in case of panel
> In abstvar/abstvar/check_inputs
  In abstvar
  In svar
  In scriptEstimateMode_FULL (line 96)
  In run (line 86)
  In msreg_2reg_endoprob_SVAR_FULL_OOS (line 231)
  In OOS_slurm_IF (line 4)
    'c(3,1,sync,1)>=c(3,1,sync,2)'
    'a0(1,GDPG)=0'
    'a0(1,MF)=0'
    'a0(2,GDPG)=0'
    'a1(3,GDPG)=0'

 parameter: A12, density:NORMAL, hyperparameters: [0.5 0.5],convergence 0
 parameter: A21, density:NORMAL, hyperparameters: [0.5 0.5],convergence 0
 parameter: B12, density:GAMMA, hyperparameters: [4 0.125],convergence 0
 parameter: C12, density:GAMMA, hyperparameters: [4 0.125],convergence 0
 parameter: B21, density:GAMMA, hyperparameters: [4 0.125],convergence 0
 parameter: C21, density:GAMMA, hyperparameters: [4 0.125],convergence 0
                                                        First-order 
 Iteration  Func-count       f(x)        Step-size       optimality
     0          27          14253.1                      2.19e+04
     1          54          3463.07    4.57036e-05       1.96e+03  
     2          81          2980.76              1       1.44e+03  
     3         108          2347.95              1            580  
     4         135          2197.56              1            263  
     5         162             2148              1            177  
     6         189          2135.58              1            192  
     7         216          2128.11              1            189  
     8         243          2117.85              1            169  
     9         270          2104.44              1            124  
    10         297          2090.74              1            175  
    11         324          2082.62              1            183  
    12         351          2076.74              1            139  
    13         378          2069.05              1           73.7  
    14         405          2065.94              1           70.4  
    15         432          2064.07              1           70.2  
    16         459          2061.31              1           72.3  
    17         486          2054.97              1            110  
    18         513          2044.66              1            146  
    19         540           2035.2              1            121  
                                                        First-order 
 Iteration  Func-count       f(x)        Step-size       optimality
    20         567          2029.78              1           79.1  
    21         594          2027.11              1           79.4  
    22         621           2025.7              1           73.9  
    23         648          2020.72              1           86.7  
    24         675           2012.1              1            133  
    25         702          2000.55              1            140  
    26         729          1992.96              1           88.6  
    27         756          1989.09              1            104  
    28         783          1987.45              1           99.1  
    29         810          1984.66              1           82.1  
    30         837          1979.89              1           78.7  
    31         864          1973.76              1           88.2  
    32         891          1970.13              1           56.1  
    33         918           1969.3              1           23.4  
    34         945          1969.19              1           13.2  
    35         972          1969.13              1             13  
    36         999          1968.92              1           12.8  
    37        1026          1968.64              1           17.8  
    38        1053          1968.35              1           24.9  
    39        1080          1968.17              1           22.4  
                                                        First-order 
 Iteration  Func-count       f(x)        Step-size       optimality
    40        1107          1968.06              1             21  
    41        1134          1967.91              1           22.3  
    42        1161          1967.57              1           22.3  
    43        1188          1966.89              1           19.2  
    44        1215          1965.89              1           28.7  
    45        1242          1965.09              1           22.4  
    46        1269          1964.81              1           15.9  
    47        1296          1964.73              1             15  
    48        1323          1964.64              1           13.9  
    49        1350          1964.43              1           14.9  
    50        1377          1964.04              1           23.7  
    51        1404           1963.5              1           25.9  
    52        1431          1963.14              1           16.7  
    53        1458          1963.01              1           14.3  
    54        1485          1962.96              1           14.9  
    55        1512           1962.9              1             15  
    56        1539          1962.75              1           14.5  
    57        1566          1962.47              1           15.2  
    58        1593          1962.09              1             16  
    59        1620          1961.82              1           8.86  
                                                        First-order 
 Iteration  Func-count       f(x)        Step-size       optimality
    60        1647          1961.74              1           6.38  
    61        1674          1961.73              1           6.55  
    62        1701          1961.71              1           6.46  
    63        1728          1961.65              1            6.1  
    64        1755          1961.56              1           8.54  
    65        1782          1961.43              1           8.19  
    66        1809          1961.35              1           4.07  
    67        1836          1961.32              1           3.61  
    68        1863          1961.32              1           3.54  
    69        1890          1961.31              1           3.55  
    70        1917           1961.3              1           3.57  
    71        1944          1961.27              1           3.67  
    72        1971          1961.22              1           4.17  
    73        1998          1961.17              1           5.07  
    74        2025          1961.14              1           7.39  
    75        2052          1961.13              1           8.01  
    76        2079          1961.11              1           8.13  
    77        2106          1961.08              1           8.18  
    78        2133          1960.98              1           8.34  
    79        2160          1960.66              1           13.5  
                                                        First-order 
 Iteration  Func-count       f(x)        Step-size       optimality
    80        2241          1958.21        1.67278           43.4  
    81        2295          1957.55       0.296618             52  
    82        2322             1953              1           68.7  
    83        2349           1946.2              1           38.4  
    84        2376          1943.46              1           31.1  
    85        2403          1941.82              1           27.3  
    86        2430          1941.31              1           27.7  
    87        2457          1941.18              1           25.2  
    88        2484          1940.92              1           26.3  
    89        2511           1940.7              1           26.1  
    90        2538          1939.93              1           22.9  
    91        2565          1939.02              1           26.4  
    92        2592          1938.21              1           20.4  
    93        2619          1937.95              1           11.2  
    94        2646           1937.9              1           11.3  
    95        2673          1937.86              1           11.1  
    96        2700          1937.76              1           11.2  
    97        2727          1937.53              1           20.4  
    98        2754          1937.02              1           31.4  
    99        2781           1936.2              1             37  
                                                        First-order 
 Iteration  Func-count       f(x)        Step-size       optimality
   100        2808          1935.32              1           27.8  
   101        2835          1934.89              1           15.6  
   102        2862          1934.79              1           15.8  
   103        2889          1934.75              1           15.1  
   104        2916          1934.67              1           14.1  
   105        2943          1934.47              1             12  
   106        2970          1934.07              1           14.6  
   107        2997          1933.45              1           19.5  
   108        3024          1932.88              1           15.6  
   109        3051          1932.61              1           5.98  
   110        3078          1932.57              1           6.35  
   111        3105          1932.56              1           6.42  
   112        3132          1932.51              1            6.5  
   113        3159           1932.4              1           8.43  
   114        3186          1932.14              1           14.8  
   115        3213          1931.57              1           21.6  
   116        3240          1930.65              1           24.5  
   117        3267          1929.86              1           16.3  
   118        3294          1929.58              1           6.15  
   119        3321          1929.53              1           5.72  
                                                        First-order 
 Iteration  Func-count       f(x)        Step-size       optimality
   120        3348          1929.52              1           5.54  
   121        3375          1929.51              1           5.36  
   122        3402          1929.47              1           4.98  
   123        3429          1929.37              1           4.59  
   124        3456          1929.19              1           6.95  
   125        3483          1928.95              1           8.31  
   126        3510          1928.81              1           8.73  
   127        3537          1928.76              1            7.5  
   128        3564          1928.75              1           6.51  
   129        3591          1928.71              1           5.75  
   130        3618          1928.64              1           6.99  
   131        3645          1928.45              1           13.2  
   132        3672          1928.07              1           19.9  
   133        3699          1927.48              1           22.2  
   134        3726          1927.03              1           14.3  
   135        3753           1926.9              1            4.4  
   136        3780          1926.89              1           1.57  
   137        3807          1926.88              1            1.5  
   138        3834          1926.88              1           1.46  
   139        3861          1926.88              1           1.37  
                                                        First-order 
 Iteration  Func-count       f(x)        Step-size       optimality
   140        3888          1926.88              1           1.25  
   141        3915          1926.86              1          0.995  
   142        3942          1926.84              1            1.2  
   143        3969           1926.8              1           1.18  
   144        3996          1926.78              1          0.803  
   145        4023          1926.77              1          0.529  
   146        4050          1926.77              1          0.475  
   147        4077          1926.77              1          0.493  
   148        4104          1926.77              1          0.508  
   149        4131          1926.77              1          0.535  
   150        4158          1926.77              1          0.573  
   151        4185          1926.76              1          0.624  
   152        4212          1926.76              1          0.675  
   153        4239          1926.75              1          0.913  
   154        4266          1926.73              1           1.03  
   155        4293          1926.71              1          0.755  
   156        4320           1926.7              1          0.301  
   157        4347           1926.7              1           0.13  
   158        4374           1926.7              1          0.135  
   159        4401           1926.7              1          0.137  
                                                        First-order 
 Iteration  Func-count       f(x)        Step-size       optimality
   160        4428           1926.7              1          0.137  
   161        4455           1926.7              1          0.138  
   162        4482           1926.7              1           0.14  
   163        4509           1926.7              1          0.142  
   164        4536           1926.7              1          0.149  
   165        4563           1926.7              1          0.249  
   166        4590           1926.7              1          0.363  
   167        4617           1926.7              1          0.408  
   168        4644          1926.69              1          0.276  
   169        4671          1926.69              1         0.0905  
   170        4698          1926.69              1         0.0169  
   171        4725          1926.69              1         0.0171  
   172        4752          1926.69              1         0.0171  
   173        4779          1926.69              1         0.0172  
   174        4833          1926.69             10         0.0172  
   175        4860          1926.69              1         0.0169  
   176        4887          1926.69              1         0.0491  
   177        4914          1926.69              1         0.0822  
   178        4941          1926.69              1          0.118  
   179        4968          1926.69              1          0.115  
                                                        First-order 
 Iteration  Func-count       f(x)        Step-size       optimality
   180        4995          1926.69              1         0.0632  
   181        5022          1926.69              1         0.0111  
   182        5049          1926.69              1       0.000443  
   183        5076          1926.69              1       0.000427  
   184        5103          1926.69              1       0.000248  

Local minimum found.

Optimization completed because the size of the gradient is less than
the selected value of the optimality tolerance.




Computing finite-difference Hessian using objective function.
First order optimality conditions satisfied.
Current draw: 1000 of 5000
Current draw: 2000 of 5000
Current draw: 3000 of 5000
Current draw: 4000 of 5000
Current draw: 5000 of 5000
Elapsed time is 745.225868 seconds.
Ran Forecast Type 2for Model 101 and Horizon 12
Performing iteration ending on 2010M5 of model 102
Warning: This should be expanded with the country names in case of panel
> In abstvar/abstvar/check_inputs
  In abstvar
  In svar
  In scriptEstimateMode_FULL (line 96)
  In run (line 86)
  In msreg_2reg_endoprob_SVAR_FULL_OOS (line 231)
  In OOS_slurm_IF (line 4)
    'c(3,1,sync,1)>=c(3,1,sync,2)'
    'a0(1,GDPG)=0'
    'a0(1,MF)=0'
    'a0(2,GDPG)=0'
    'a1(3,GDPG)=0'
    's(3,3,sync,1)<=s(3,3,sync,2)'

 parameter: A12, density:NORMAL, hyperparameters: [0.5 0.5],convergence 0
 parameter: A21, density:NORMAL, hyperparameters: [0.5 0.5],convergence 0
 parameter: B12, density:GAMMA, hyperparameters: [4 0.125],convergence 0
 parameter: C12, density:GAMMA, hyperparameters: [4 0.125],convergence 0
 parameter: B21, density:GAMMA, hyperparameters: [4 0.125],convergence 0
 parameter: C21, density:GAMMA, hyperparameters: [4 0.125],convergence 0
                                                        First-order 
 Iteration  Func-count       f(x)        Step-size       optimality
     0          30          14253.1                      1.34e+04
     1          60          3514.22    7.48622e-05        2.6e+03  
     2          90          2714.93              1        1.4e+03  
     3         120          2386.22              1            756  
     4         150          2103.31              1            296  
     5         180          2026.42              1            136  
     6         210          2004.55              1            122  
     7         240          1993.79              1            162  
     8         270          1976.78              1            204  
     9         300          1948.15              1            208  
    10         330          1917.37              1            183  
    11         360          1905.49              1            159  
    12         390          1895.96              1           90.9  
    13         420          1889.43              1            115  
    14         450          1884.19              1            105  
    15         480          1875.61              1            147  
    16         510          1867.96              1            155  
    17         540          1857.52              1            131  
    18         570          1846.28              1            149  
    19         600          1841.99              1            100  
                                                        First-order 
 Iteration  Func-count       f(x)        Step-size       optimality
    20         630          1839.79              1             66  
    21         660          1834.99              1           87.7  
    22         690          1831.59              1             98  
    23         720          1829.05              1           68.2  
    24         750          1827.39              1           56.7  
    25         780           1825.1              1           81.7  
    26         810          1820.84              1            171  
    27         840          1814.22              1            227  
    28         870          1808.56              1            173  
    29         900          1806.08              1           51.3  
    30         930          1805.03              1           37.5  
    31         960          1803.97              1           76.3  
    32         990          1801.69              1            129  
    33        1020          1799.05              1            128  
    34        1050          1797.44              1           64.5  
    35        1080          1796.85              1           38.6  
    36        1110          1796.51              1           35.6  
    37        1140             1796              1           51.4  
    38        1170          1795.31              1           58.2  
    39        1200          1794.75              1           36.4  
                                                        First-order 
 Iteration  Func-count       f(x)        Step-size       optimality
    40        1230          1794.53              1           14.1  
    41        1260          1794.45              1           13.6  
    42        1290          1794.36              1           14.6  
    43        1320          1794.16              1           26.6  
    44        1350          1793.77              1           37.5  
    45        1380          1793.13              1           39.2  
    46        1410          1792.53              1           24.6  
    47        1440          1792.22              1           21.9  
    48        1470          1792.07              1           23.4  
    49        1500          1791.89              1           22.9  
    50        1530          1791.48              1           25.6  
    51        1560          1790.74              1           33.6  
    52        1590          1789.82              1           30.8  
    53        1620           1789.3              1           15.6  
    54        1650          1789.18              1           5.39  
    55        1680          1789.16              1           5.09  
    56        1710          1789.13              1           5.24  
    57        1740          1789.06              1           10.3  
    58        1770          1788.94              1           14.2  
    59        1800           1788.8              1           12.5  
                                                        First-order 
 Iteration  Func-count       f(x)        Step-size       optimality
    60        1830          1788.73              1           5.36  
    61        1860          1788.71              1           3.43  
    62        1890           1788.7              1           3.26  
    63        1920          1788.69              1           3.15  
    64        1950          1788.66              1           5.36  
    65        1980           1788.6              1           7.05  
    66        2010          1788.54              1           6.25  
    67        2040           1788.5              1           3.08  
    68        2070          1788.49              1           2.85  
    69        2100          1788.49              1           2.51  
    70        2130          1788.48              1           2.49  
    71        2160          1788.46              1           2.81  
    72        2190          1788.43              1           4.11  
    73        2220          1788.39              1           3.98  
    74        2250          1788.37              1           2.23  
    75        2280          1788.36              1           2.51  
    76        2310          1788.36              1           2.46  
    77        2340          1788.35              1           2.24  
    78        2370          1788.34              1            2.4  
    79        2400          1788.31              1           3.59  
                                                        First-order 
 Iteration  Func-count       f(x)        Step-size       optimality
    80        2430          1788.26              1           4.46  
    81        2460          1788.21              1           3.73  
    82        2490          1788.18              1           3.18  
    83        2520          1788.17              1           2.94  
    84        2550          1788.17              1           2.73  
    85        2580          1788.15              1            2.7  
    86        2610          1788.12              1           3.06  
    87        2640          1788.07              1           4.01  
    88        2670          1788.01              1           3.33  
    89        2700          1787.98              1           3.39  
    90        2790          1787.98           0.19            3.3  
    91        2880          1787.98           0.19           3.16  
    92        3660          1787.97        0.10121             66  

Local minimum possible.

fminunc stopped because it cannot decrease the objective function
along the current search direction.




Computing finite-difference Hessian using objective function.
Predicted change in objective function too small.
Current draw: 1000 of 5000
Current draw: 2000 of 5000
Current draw: 3000 of 5000
Current draw: 4000 of 5000
Current draw: 5000 of 5000
Elapsed time is 663.911964 seconds.
Ran Forecast Type 2for Model 102 and Horizon 12
Performing iteration ending on 2010M5 of model 103
Warning: This should be expanded with the country names in case of panel
> In abstvar/abstvar/check_inputs
  In abstvar
  In svar
  In scriptEstimateMode_FULL (line 96)
  In run (line 86)
  In msreg_2reg_endoprob_SVAR_FULL_OOS (line 231)
  In OOS_slurm_IF (line 4)
    'c(3,1,sync,1)>=c(3,1,sync,2)'
    'a0(1,GDPG,sync,1)=0'
    'a0(2,GDPG,sync,1)=0'
    'a0(1,MF,sync,1)=0'
    'a0(1,GDPG,sync,2)=0'
    'a0(2,GDPG,sync,2)=0'
    'a0(1,MF,sync,2)=0'
    'a1(3,GDPG)=0'

 parameter: A12, density:NORMAL, hyperparameters: [0.5 0.5],convergence 0
 parameter: A21, density:NORMAL, hyperparameters: [0.5 0.5],convergence 0
 parameter: B12, density:GAMMA, hyperparameters: [4 0.125],convergence 0
 parameter: C12, density:GAMMA, hyperparameters: [4 0.125],convergence 0
 parameter: B21, density:GAMMA, hyperparameters: [4 0.125],convergence 0
 parameter: C21, density:GAMMA, hyperparameters: [4 0.125],convergence 0
                                                        First-order 
 Iteration  Func-count       f(x)        Step-size       optimality
     0          30          14253.1                      2.19e+04
     1          60          3511.36    4.57036e-05       2.05e+03  
     2          90          3009.86              1        1.5e+03  
     3         120          2360.14              1            597  
     4         150          2207.03              1            271  
     5         180          2158.06              1            173  
     6         210           2146.3              1            188  
     7         240          2139.13              1            185  
     8         270          2128.46              1            165  
     9         300          2114.68              1            119  
    10         330          2101.58              1            150  
    11         360          2094.81              1            175  
    12         390          2090.69              1            148  
    13         420          2083.68              1           65.5  
    14         450          2078.38              1           63.8  
    15         480          2075.56              1           75.9  
    16         510          2073.76              1           78.2  
    17         540          2068.67              1           79.8  
    18         570          2061.15              1            122  
    19         600          2052.17              1            117  
                                                        First-order 
 Iteration  Func-count       f(x)        Step-size       optimality
    20         630          2047.28              1           63.5  
    21         660          2044.93              1             55  
    22         690          2044.04              1           52.6  
    23         720          2042.33              1           47.5  
    24         750          2038.08              1           88.6  
    25         780          2030.06              1            123  
    26         810          2020.34              1            113  
    27         840          2014.16              1             81  
    28         870          2011.31              1           87.8  
    29         900          2009.91              1           81.6  
    30         930           2007.2              1           63.7  
    31         960          2002.51              1           80.8  
    32         990          1995.77              1           83.1  
    33        1020          1990.96              1           47.6  
    34        1050          1989.43              1           34.4  
    35        1080          1988.94              1           30.4  
    36        1110          1988.34              1           28.7  
    37        1140          1986.97              1           38.5  
    38        1170          1984.77              1           46.5  
    39        1200          1982.47              1             34  
                                                        First-order 
 Iteration  Func-count       f(x)        Step-size       optimality
    40        1230          1981.28              1           31.3  
    41        1260          1980.89              1           33.2  
    42        1290          1980.61              1           31.2  
    43        1320          1980.03              1             23  
    44        1350          1979.18              1           27.7  
    45        1380          1978.28              1           23.5  
    46        1410          1977.77              1           17.6  
    47        1440          1977.58              1           17.6  
    48        1470          1977.38              1           17.7  
    49        1500          1976.89              1           16.5  
    50        1530          1975.92              1           29.1  
    51        1560          1974.39              1           42.5  
    52        1590          1972.99              1             43  
    53        1620           1972.3              1           31.8  
    54        1650          1972.01              1           20.9  
    55        1680          1971.74              1           17.8  
    56        1710          1971.12              1           19.4  
    57        1740          1969.98              1           28.6  
    58        1770          1968.45              1           48.2  
    59        1800          1967.35              1             48  
                                                        First-order 
 Iteration  Func-count       f(x)        Step-size       optimality
    60        1830          1966.83              1           38.1  
    61        1860          1966.34              1             39  
    62        1890           1965.4              1           35.8  
    63        1920          1963.67              1           26.3  
    64        1950          1961.39              1           39.7  
    65        1980           1959.7              1           35.3  
    66        2010          1959.07              1           29.4  
    67        2040          1958.81              1           29.4  
    68        2070          1958.37              1           27.8  
    69        2100          1957.43              1           23.4  
    70        2130          1955.69              1             38  
    71        2160          1953.43              1           41.9  
    72        2190          1951.97              1           23.7  
    73        2220          1951.68              1            8.7  
    74        2250          1951.65              1           9.02  
    75        2280          1951.61              1           8.93  
    76        2310          1951.51              1           9.33  
    77        2340          1951.31              1           15.5  
    78        2370          1950.96              1           19.7  
    79        2400          1950.59              1           15.9  
                                                        First-order 
 Iteration  Func-count       f(x)        Step-size       optimality
    80        2430           1950.4              1           7.81  
    81        2460          1950.35              1           7.23  
    82        2490          1950.32              1           7.13  
    83        2520          1950.25              1           6.96  
    84        2550           1950.1              1           12.1  
    85        2580          1949.78              1           17.9  
    86        2610          1949.23              1           20.7  
    87        2640          1948.48              1           21.3  
    88        2700           1947.7            0.5           34.8  
    89        2730          1947.38              1           37.8  
    90        2760           1947.1              1           30.7  
    91        2790          1946.89              1           28.7  
    92        2820          1946.44              1           24.6  
    93        2850           1945.2              1           51.1  
    94        2880          1943.78              1           66.8  
    95        2910          1941.89              1           31.7  
    96        2940           1940.6              1           18.5  
    97        2970           1940.2              1           16.5  
    98        3000          1940.09              1           14.5  
    99        3030          1939.97              1           12.2  
                                                        First-order 
 Iteration  Func-count       f(x)        Step-size       optimality
   100        3060          1939.85              1           11.9  
   101        3090          1939.54              1           17.3  
   102        3120             1939              1           29.6  
   103        3150          1938.11              1           40.3  
   104        3180          1937.26              1           32.6  
   105        3210          1936.84              1           13.3  
   106        3240          1936.75              1           10.4  
   107        3270          1936.71              1             10  
   108        3300          1936.64              1           9.51  
   109        3330          1936.47              1           15.6  
   110        3360          1936.11              1             24  
srun: error: slurm_receive_msg: Transport endpoint is not connected
srun: error: slurm_receive_msg[10.26.24.30]: Transport endpoint is not connected
srun: error: invalid type trying to be freed 65534
   111        3390          1935.49              1           28.9  
   112        3420          1934.84              1             23  
   113        3450           1934.5              1           9.02  
   114        3480          1934.41              1           6.99  
   115        3510          1934.39              1           6.85  
srun: error: slurm_receive_msg: Transport endpoint is not connected
srun: error: slurm_receive_msg[10.26.24.30]: Transport endpoint is not connected
srun: error: invalid type trying to be freed 65534
   116        3540          1934.34              1           6.89  
   117        3570          1934.24              1           8.23  
   118        3600          1934.01              1           10.1  
srun: error: slurm_receive_msg: Transport endpoint is not connected
srun: error: slurm_receive_msg[10.26.24.30]: Transport endpoint is not connected
srun: error: invalid type trying to be freed 65534
   119        3630          1933.58              1           12.3  
                                                        First-order 
 Iteration  Func-count       f(x)        Step-size       optimality
   120        3660          1933.09              1           10.4  
   121        3690          1932.85              1           4.79  
   122        3720           1932.8              1           3.31  
   123        3750          1932.79              1           3.04  
   124        3780          1932.78              1            3.2  
   125        3810          1932.76              1           3.52  
   126        3840          1932.72              1           3.79  
   127        3870          1932.61              1           4.72  
   128        3900          1932.43              1           5.67  
   129        3930          1932.23              1           4.32  
   130        3960          1932.14              1           2.15  
   131        3990          1932.12              1           2.22  
   132        4020          1932.12              1           2.22  
   133        4050          1932.11              1           2.19  
   134        4080          1932.11              1           2.16  
   135        4110          1932.09              1           2.27  
   136        4140          1932.04              1           2.39  
   137        4170          1931.93              1            3.1  
   138        4200          1931.72              1           4.05  
   139        4230          1931.45              1              4  
                                                        First-order 
 Iteration  Func-count       f(x)        Step-size       optimality
   140        4260          1931.29              1           2.49  
srun: error: slurm_receive_msg: Transport endpoint is not connected
srun: error: slurm_receive_msg[10.26.24.30]: Transport endpoint is not connected
srun: error: invalid type trying to be freed 65534
   141        4290          1931.25              1           1.72  
   142        4320          1931.24              1           1.87  
   143        4350          1931.24              1           1.88  
   144        4380          1931.24              1           1.88  
   145        4410          1931.24              1           1.86  
   146        4440          1931.23              1           1.81  
   147        4470          1931.22              1           1.66  
   148        4500          1931.19              1           2.14  
   149        4530          1931.15              1           2.44  
   150        4560          1931.11              1           1.66  
   151        4590          1931.09              1          0.563  
srun: error: slurm_receive_msg: Transport endpoint is not connected
srun: error: slurm_receive_msg[10.26.24.30]: Transport endpoint is not connected
srun: error: invalid type trying to be freed 65534
   152        4620          1931.09              1          0.213  
   153        4650          1931.09              1          0.216  
   154        4680          1931.09              1          0.219  
   155        4710          1931.09              1          0.228  
   156        4740          1931.09              1          0.239  
srun: error: slurm_receive_msg: Transport endpoint is not connected
srun: error: slurm_receive_msg[10.26.24.30]: Transport endpoint is not connected
srun: error: invalid type trying to be freed 65534
   157        4770          1931.09              1           0.25  
   158        4800          1931.09              1          0.384  
srun: error: slurm_receive_msg: Transport endpoint is not connected
srun: error: slurm_receive_msg[10.26.24.30]: Transport endpoint is not connected
srun: error: invalid type trying to be freed 65534
   159        4830          1931.09              1          0.554  
                                                        First-order 
 Iteration  Func-count       f(x)        Step-size       optimality
   160        4860          1931.08              1          0.613  
srun: error: slurm_receive_msg: Transport endpoint is not connected
srun: error: slurm_receive_msg[10.26.24.30]: Transport endpoint is not connected
srun: error: invalid type trying to be freed 65534
srun: error: slurm_receive_msg: Insane message length
srun: error: slurm_receive_msg[10.26.24.30]: Insane message length
srun: error: invalid type trying to be freed 65534
   161        4890          1931.08              1          0.404  
srun: error: slurm_receive_msg: Insane message length
srun: error: slurm_receive_msg[10.26.24.30]: Insane message length
srun: error: invalid type trying to be freed 65534
   162        4920          1931.08              1          0.203  
   163        4950          1931.08              1          0.171  
   164        4980          1931.08              1          0.172  
   165        5010          1931.08              1          0.173  
   166        5040          1931.08              1          0.175  
   167        5070          1931.08              1          0.176  
   168        5100          1931.08              1          0.176  
   169        5130          1931.08              1           0.17  
   170        5160          1931.08              1            0.2  
   171        5190          1931.07              1          0.204  
   172        5220          1931.07              1          0.123  
   173        5250          1931.07              1           0.11  
   174        5280          1931.07              1          0.094  
   175        5310          1931.07              1         0.0897  
   176        5340          1931.07              1          0.088  
   177        5370          1931.07              1         0.0827  
   178        5400          1931.07              1          0.076  
   179        5430          1931.07              1         0.0719  
                                                        First-order 
 Iteration  Func-count       f(x)        Step-size       optimality
   180        5460          1931.07              1          0.069  
   181        5490          1931.07              1         0.0576  
   182        5520          1931.07              1         0.0403  
   183        5550          1931.07              1          0.038  
   184        5580          1931.07              1         0.0213  
   185        5610          1931.07              1         0.0178  
   186        5640          1931.07              1         0.0179  
   187        5670          1931.07              1         0.0179  
   188        5700          1931.07              1         0.0181  
   189        5730          1931.07              1         0.0179  
   190        5760          1931.07              1         0.0175  
   191        5790          1931.07              1         0.0168  
   192        5820          1931.07              1         0.0239  
   193        5850          1931.07              1         0.0312  
   194        5880          1931.07              1         0.0361  
   195        5910          1931.07              1         0.0241  
   196        5940          1931.07              1        0.00786  
   197        5970          1931.07              1        0.00164  
   198        6000          1931.07              1        0.00128  
   199        6030          1931.07              1        0.00129  
                                                        First-order 
 Iteration  Func-count       f(x)        Step-size       optimality
   200        6090          1931.07       0.281256        0.00131  
   201        6150          1931.07       0.213384        0.00124  
   202        6210          1931.07       0.347948        0.00127  
   203        6240          1931.07              1        0.00131  
   204        6270          1931.07              1        0.00125  
   205        6330          1931.07       0.361559        0.00132  
   206        6360          1931.07              1        0.00132  
   207        6420          1931.07       0.339695        0.00136  
   208        6450          1931.07              1        0.00127  
   209        6480          1931.07              1        0.00129  
   210        6540          1931.07       0.316945         0.0013  
   211        6570          1931.07              1         0.0012  
   212        6600          1931.07              1        0.00159  
   213        6630          1931.07              1        0.00212  
   214        6660          1931.07              1        0.00171  
   215        6690          1931.07              1        0.00227  
   216        6720          1931.07              1        0.00365  
   217        6750          1931.07              1        0.00389  
   218        6780          1931.07              1        0.00211  
   219        6810          1931.07              1        0.00294  
                                                        First-order 
 Iteration  Func-count       f(x)        Step-size       optimality
   220        6840          1931.07              1        0.00302  
   221        6870          1931.07              1        0.00316  
   222        6900          1931.07              1        0.00256  
   223        6930          1931.07              1        0.00224  
   224        6960          1931.07              1        0.00201  
   225        6990          1931.07              1        0.00189  
   226        7050          1931.07       0.177092        0.00285  
   227        7080          1931.07              1        0.00204  
   228        7110          1931.07              1       0.000793  
   229        7140          1931.07              1        0.00111  
   230        7170          1931.07              1       0.000656  
   231        7200          1931.07              1       0.000534  
   232        7290          1931.07      0.0345656        0.00105  
   233        7320          1931.07              1       0.000473  
   234        7410          1931.07      0.0698233       0.000641  
   235        7440          1931.07              1       0.000549  
   236        7560          1931.07      0.0250759        0.00032  

Local minimum found.

Optimization completed because the size of the gradient is less than
the selected value of the optimality tolerance.




Computing finite-difference Hessian using objective function.
First order optimality conditions satisfied.
srun: error: unpackmem: Buffer to be unpacked is too large (1146759437 > 1073741824)
srun: error: unpack error in io_init_msg_unpack
srun: error: Invalid IO init header version
srun: error: unpackmem: Buffer to be unpacked is too large (4125431590 > 1073741824)
srun: error: unpack error in io_init_msg_unpack
srun: error: Invalid IO init header version
srun: error: io_init_msg_read too small
srun: error: failed reading io init message
srun: error: unpackmem: Buffer to be unpacked is too large (3580599001 > 1073741824)
srun: error: unpack error in io_init_msg_unpack
srun: error: Invalid IO init header version
srun: error: unpack error in io_init_msg_unpack
srun: error: Invalid IO init header version
srun: error: unpackmem: Buffer to be unpacked is too large (1678200024 > 1073741824)
srun: error: unpack error in io_init_msg_unpack
srun: error: Invalid IO init header version
srun: error: unpackmem: Buffer to be unpacked is too large (3863032948 > 1073741824)
srun: error: unpack error in io_init_msg_unpack
srun: error: Invalid IO init header version
srun: error: unpackmem: Buffer to be unpacked is too large (3966716759 > 1073741824)
srun: error: unpack error in io_init_msg_unpack
srun: error: Invalid IO init header version
srun: error: unpack error in io_init_msg_unpack
srun: error: Invalid IO init header version
srun: error: io_init_msg_read too small
srun: error: failed reading io init message
Current draw: 1000 of 5000
Current draw: 2000 of 5000
srun: error: slurm_receive_msg: Transport endpoint is not connected
srun: error: slurm_receive_msg[10.26.24.30]: Transport endpoint is not connected
srun: error: invalid type trying to be freed 65534
srun: error: slurm_receive_msg: Transport endpoint is not connected
srun: error: slurm_receive_msg[10.26.24.30]: Transport endpoint is not connected
srun: error: invalid type trying to be freed 65534
srun: error: slurm_receive_msg: Transport endpoint is not connected
srun: error: slurm_receive_msg[10.26.24.30]: Transport endpoint is not connected
srun: error: invalid type trying to be freed 65534
srun: error: slurm_receive_msg: Transport endpoint is not connected
srun: error: slurm_receive_msg[10.26.24.30]: Transport endpoint is not connected
srun: error: invalid type trying to be freed 65534
srun: error: slurm_receive_msg: Transport endpoint is not connected
srun: error: slurm_receive_msg[10.26.24.30]: Transport endpoint is not connected
srun: error: invalid type trying to be freed 65534
Current draw: 3000 of 5000
srun: error: io_init_msg_read too small
srun: error: failed reading io init message
srun: error: io_init_msg_read too small
srun: error: failed reading io init message
srun: error: unpackmem: Buffer to be unpacked is too large (1935765607 > 1073741824)
srun: error: unpack error in io_init_msg_unpack
srun: error: Invalid IO init header version
srun: error: unpackmem: Buffer to be unpacked is too large (1951163745 > 1073741824)
srun: error: unpack error in io_init_msg_unpack
srun: error: Invalid IO init header version
srun: error: slurm_receive_msg: Socket timed out on send/recv operation
srun: error: slurm_receive_msg[10.26.24.30]: Socket timed out on send/recv operation
srun: error: invalid type trying to be freed 65534
srun: error: slurm_receive_msg: Transport endpoint is not connected
srun: error: slurm_receive_msg[10.26.24.30]: Transport endpoint is not connected
srun: error: invalid type trying to be freed 65534
srun: error: slurm_receive_msg: Transport endpoint is not connected
srun: error: slurm_receive_msg[10.26.24.30]: Transport endpoint is not connected
srun: error: invalid type trying to be freed 65534
srun: error: slurm_receive_msg: Transport endpoint is not connected
srun: error: slurm_receive_msg[10.26.24.30]: Transport endpoint is not connected
srun: error: invalid type trying to be freed 65534
srun: error: slurm_receive_msg: Transport endpoint is not connected
srun: error: slurm_receive_msg[10.26.24.30]: Transport endpoint is not connected
srun: error: invalid type trying to be freed 65534
srun: error: slurm_receive_msg: Transport endpoint is not connected
srun: error: slurm_receive_msg[10.26.24.30]: Transport endpoint is not connected
srun: error: invalid type trying to be freed 65534
srun: error: slurm_receive_msg: Transport endpoint is not connected
srun: error: slurm_receive_msg[10.26.24.30]: Transport endpoint is not connected
srun: error: invalid type trying to be freed 65534
srun: error: slurm_receive_msg: Transport endpoint is not connected
srun: error: slurm_receive_msg[10.26.24.30]: Transport endpoint is not connected
srun: error: invalid type trying to be freed 65534
srun: error: slurm_receive_msg: Transport endpoint is not connected
srun: error: slurm_receive_msg[10.26.24.30]: Transport endpoint is not connected
srun: error: invalid type trying to be freed 65534
srun: error: slurm_receive_msg: Transport endpoint is not connected
srun: error: slurm_receive_msg[10.26.24.30]: Transport endpoint is not connected
srun: error: invalid type trying to be freed 65534
srun: error: slurm_receive_msg: Insane message length
srun: error: slurm_receive_msg[10.26.24.30]: Insane message length
srun: error: invalid type trying to be freed 65534
srun: error: unpackmem_xmalloc: Buffer to be unpacked is too large (1684369920 > 1073741824)
srun: error: unpacking header
srun: error: destroy_forward: no init
srun: error: slurm_receive_msg: Message receive failure
srun: error: slurm_receive_msg[10.26.24.30]: Message receive failure
srun: error: invalid type trying to be freed 65534
srun: error: unpackmem_xmalloc: Buffer to be unpacked is too large (1885828912 > 1073741824)
srun: error: unpacking header
srun: error: destroy_forward: no init
srun: error: slurm_receive_msg: Message receive failure
srun: error: slurm_receive_msg[10.26.24.30]: Message receive failure
srun: error: invalid type trying to be freed 65534
srun: error: slurm_receive_msg: Transport endpoint is not connected
srun: error: slurm_receive_msg[10.26.24.30]: Transport endpoint is not connected
srun: error: invalid type trying to be freed 65534
srun: error: slurm_receive_msg: Transport endpoint is not connected
srun: error: slurm_receive_msg[10.26.24.30]: Transport endpoint is not connected
srun: error: invalid type trying to be freed 65534
Current draw: 4000 of 5000
srun: error: slurm_receive_msg: Insane message length
srun: error: slurm_receive_msg[10.26.24.30]: Insane message length
srun: error: invalid type trying to be freed 65534
srun: error: slurm_receive_msg: Transport endpoint is not connected
srun: error: slurm_receive_msg[10.26.24.30]: Transport endpoint is not connected
srun: error: invalid type trying to be freed 65534
srun: error: unpack error in io_init_msg_unpack
srun: error: Invalid IO init header version
srun: error: unpack error in io_init_msg_unpack
srun: error: Invalid IO init header version
srun: error: unpackmem: Buffer to be unpacked is too large (1681731632 > 1073741824)
srun: error: unpack error in io_init_msg_unpack
srun: error: Invalid IO init header version
Current draw: 5000 of 5000
Elapsed time is 898.178448 seconds.
Ran Forecast Type 2for Model 103 and Horizon 12
Performing iteration ending on 2010M5 of model 104
Warning: This should be expanded with the country names in case of panel
> In abstvar/abstvar/check_inputs
  In abstvar
  In svar
  In scriptEstimateMode_FULL (line 96)
  In run (line 86)
  In msreg_2reg_endoprob_SVAR_FULL_OOS (line 231)
  In OOS_slurm_IF (line 4)
    'c(3,1,sync,1)>=c(3,1,sync,2)'
    'a0(1,GDPG)=0'
    'a0(1,MF)=0'
    'a0(2,GDPG)=0'
    'a1(3,GDPG,sync,1)=0'
    'a1(3,GDPG,sync,2)=0'

 parameter: A12, density:NORMAL, hyperparameters: [0.5 0.5],convergence 0
 parameter: A21, density:NORMAL, hyperparameters: [0.5 0.5],convergence 0
 parameter: B12, density:GAMMA, hyperparameters: [4 0.125],convergence 0
 parameter: C12, density:GAMMA, hyperparameters: [4 0.125],convergence 0
 parameter: B21, density:GAMMA, hyperparameters: [4 0.125],convergence 0
 parameter: C21, density:GAMMA, hyperparameters: [4 0.125],convergence 0
                                                        First-order 
 Iteration  Func-count       f(x)        Step-size       optimality
     0          35          14253.1                      2.19e+04
     1          70          3539.27    4.57036e-05       2.02e+03  
srun: error: slurm_receive_msg: Insane message length
srun: error: slurm_receive_msg[10.26.24.30]: Insane message length
srun: error: invalid type trying to be freed 65534
srun: error: slurm_receive_msg: Insane message length
srun: error: slurm_receive_msg[10.26.24.30]: Insane message length
srun: error: invalid type trying to be freed 65534
     2         105          3014.27              1       1.48e+03  
     3         140          2544.38              1            744  
     4         175           2369.6              1            444  
     5         210          2273.44              1            458  
     6         245          2232.75              1            394  
     7         280          2209.33              1            295  
     8         315          2188.44              1            209  
     9         350          2171.03              1            208  
    10         385          2159.51              1            192  
srun: error: slurm_receive_msg: Transport endpoint is not connected
srun: error: slurm_receive_msg[10.26.24.30]: Transport endpoint is not connected
srun: error: invalid type trying to be freed 65534
    11         420          2145.48              1            260  
    12         455          2130.92              1            220  
    13         490          2102.79              1            175  
    14         525          2082.26              1            188  
    15         560          2071.37              1            155  
    16         595          2065.94              1            115  
    17         630          2061.22              1            115  
    18         665          2056.24              1            102  
    19         700          2052.08              1            141  
                                                        First-order 
 Iteration  Func-count       f(x)        Step-size       optimality
    20         735          2046.88              1            153  
srun: error: slurm_receive_msg: Transport endpoint is not connected
srun: error: slurm_receive_msg[10.26.24.30]: Transport endpoint is not connected
srun: error: invalid type trying to be freed 65534
srun: error: slurm_receive_msg: Transport endpoint is not connected
srun: error: slurm_receive_msg[10.26.24.30]: Transport endpoint is not connected
srun: error: invalid type trying to be freed 65534
srun: error: slurm_receive_msg: Insane message length
srun: error: slurm_receive_msg[10.26.24.30]: Insane message length
srun: error: invalid type trying to be freed 65534
    21         770          2040.89              1            127  
    22         805          2032.69              1            193  
    23         840          2025.27              1            185  
    24         875          2020.31              1            104  
    25         910          2016.66              1           82.2  
    26         945          2012.62              1           88.5  
    27         980          2007.93              1            152  
    28        1015          2003.23              1            150  
    29        1050          1998.94              1            135  
    30        1085          1991.59              1            232  
    31        1120          1985.37              1            176  
    32        1155          1974.93              1            115  
    33        1190          1967.79              1           87.6  
    34        1225          1961.71              1            119  
srun: error: slurm_receive_msg: Insane message length
srun: error: slurm_receive_msg[10.26.24.30]: Insane message length
srun: error: invalid type trying to be freed 65534
    35        1260          1957.68              1           94.5  
    36        1295          1949.93              1            103  
srun: error: slurm_receive_msg: Transport endpoint is not connected
srun: error: slurm_receive_msg[10.26.24.30]: Transport endpoint is not connected
srun: error: invalid type trying to be freed 65534
    37        1330          1946.47              1            102  
    38        1365          1932.26              1            141  
    39        1400          1922.27              1            134  
                                                        First-order 
 Iteration  Func-count       f(x)        Step-size       optimality
    40        1435          1917.89              1           65.5  
    41        1470          1915.83              1           43.8  
    42        1505          1915.14              1           42.6  
    43        1540           1912.8              1           37.1  
    44        1575           1910.2              1           61.6  
    45        1610          1907.28              1           77.3  
    46        1645          1905.12              1             76  
    47        1680          1903.62              1           87.3  
srun: error: unpackmem: Buffer to be unpacked is too large (2860174487 > 1073741824)
srun: error: unpack error in io_init_msg_unpack
srun: error: Invalid IO init header version
    48        1715          1902.33              1           78.6  
    49        1750          1900.96              1           47.7  
    50        1785          1899.84              1           28.6  
    51        1820          1899.14              1           27.8  
    52        1855          1898.63              1           34.6  
    53        1890          1897.97              1           39.8  
    54        1925          1896.81              1           38.3  
    55        1960          1895.09              1           27.4  
    56        1995          1893.63              1           30.7  
    57        2030          1893.02              1           30.9  
    58        2065          1892.85              1           28.1  
    59        2100          1892.65              1           24.5  
                                                        First-order 
 Iteration  Func-count       f(x)        Step-size       optimality
    60        2135          1892.18              1           17.4  
    61        2170          1891.31              1             23  
    62        2205          1890.09              1           25.8  
    63        2240          1889.15              1           23.6  
    64        2275          1888.77              1           22.8  
    65        2310          1888.61              1           19.2  
    66        2345          1888.35              1           17.8  
    67        2380           1887.8              1           16.8  
srun: error: unpack error in io_init_msg_unpack
srun: error: Invalid IO init header version
srun: error: unpackmem: Buffer to be unpacked is too large (3905243885 > 1073741824)
srun: error: unpack error in io_init_msg_unpack
srun: error: Invalid IO init header version
    68        2520          1887.46          0.271           16.8  
    69        3850          1887.31      0.0504565            929  

Local minimum possible.

fminunc stopped because it cannot decrease the objective function
along the current search direction.




Computing finite-difference Hessian using objective function.
Predicted change in objective function too small.
Current draw: 1000 of 5000
Current draw: 2000 of 5000
Current draw: 3000 of 5000
Current draw: 4000 of 5000
Current draw: 5000 of 5000
Elapsed time is 689.922063 seconds.
Ran Forecast Type 2for Model 104 and Horizon 12
Performing iteration ending on 2010M5 of model 105
Warning: This should be expanded with the country names in case of panel
> In abstvar/abstvar/check_inputs
  In abstvar
  In svar
  In scriptEstimateMode_FULL (line 96)
  In run (line 86)
  In msreg_2reg_endoprob_SVAR_FULL_OOS (line 231)
  In OOS_slurm_IF (line 4)
    'c(3,1,sync,1)>=c(3,1,sync,2)'
    'a0(1,GDPG,sync,1)=0'
    'a0(2,GDPG,sync,1)=0'
    'a0(1,MF,sync,1)=0'
    'a0(1,GDPG,sync,2)=0'
    'a0(2,GDPG,sync,2)=0'
    'a0(1,MF,sync,2)=0'
    'a1(3,GDPG)=0'
    's(3,3,sync,1)<=s(3,3,sync,2)'

 parameter: A12, density:NORMAL, hyperparameters: [0.5 0.5],convergence 0
 parameter: A21, density:NORMAL, hyperparameters: [0.5 0.5],convergence 0
 parameter: B12, density:GAMMA, hyperparameters: [4 0.125],convergence 0
 parameter: C12, density:GAMMA, hyperparameters: [4 0.125],convergence 0
 parameter: B21, density:GAMMA, hyperparameters: [4 0.125],convergence 0
 parameter: C21, density:GAMMA, hyperparameters: [4 0.125],convergence 0
                                                        First-order 
 Iteration  Func-count       f(x)        Step-size       optimality
     0          33          14253.1                      1.34e+04
     1          66          3560.32    7.48622e-05       2.54e+03  
     2          99          2731.91              1       1.35e+03  
     3         132          2390.74              1            746  
     4         165          2111.42              1            290  
     5         198          2036.44              1            131  
     6         231          2015.84              1            119  
     7         264          2005.96              1            152  
     8         297          1990.38              1            192  
     9         330          1965.06              1            193  
    10         363          1937.02              1            156  
    11         396           1927.3              1            154  
    12         429          1919.89              1            105  
    13         462          1908.85              1            137  
    14         495          1903.26              1            131  
    15         528          1892.23              1            154  
    16         561          1886.85              1            144  
    17         594          1877.46              1            107  
    18         627          1869.94              1            104  
    19         660          1866.62              1           73.2  
                                                        First-order 
 Iteration  Func-count       f(x)        Step-size       optimality
    20         693          1864.58              1           63.6  
    21         726           1860.1              1           46.9  
    22         759          1857.12              1           54.4  
    23         792          1855.37              1           47.4  
    24         825          1854.23              1           50.8  
    25         858          1851.86              1             85  
    26         891          1847.28              1            114  
    27         924          1839.94              1            141  
    28         957          1833.65              1            109  
    29         990          1830.66              1           56.3  
    30        1023          1828.99              1           46.6  
    31        1056          1827.25              1           64.8  
    32        1089          1824.19              1           89.7  
    33        1122          1820.81              1           73.7  
    34        1155          1818.33              1           65.2  
    35        1188          1816.68              1           47.3  
    36        1221          1815.17              1           38.2  
    37        1254          1813.31              1           49.8  
    38        1287          1811.38              1           43.5  
    39        1320          1810.24              1           26.4  
                                                        First-order 
 Iteration  Func-count       f(x)        Step-size       optimality
    40        1353          1809.82              1           20.6  
    41        1386          1809.57              1             19  
    42        1419          1809.12              1             22  
    43        1452          1808.25              1           34.5  
    44        1485          1806.84              1           43.8  
    45        1518          1805.42              1           39.2  
    46        1551          1804.56              1           26.6  
    47        1584          1804.12              1           31.5  
    48        1617          1803.62              1           33.4  
    49        1650          1802.54              1           40.6  
    50        1683          1800.44              1           62.1  
    51        1782          1799.68           0.19           61.7  
    52        2739          1799.39      0.0381378            131  
    53        4290          1799.39    5.02844e-08          1e+03  

Local minimum possible.

fminunc stopped because the size of the current step is less than
the selected value of the step size tolerance.




Local minimum possible.

fminunc stopped because it cannot decrease the objective function
along the current search direction.




Computing finite-difference Hessian using objective function.
Predicted change in objective function too small.
Current draw: 1000 of 5000
Current draw: 2000 of 5000
Current draw: 3000 of 5000
Current draw: 4000 of 5000
Current draw: 5000 of 5000
Elapsed time is 708.934659 seconds.
Ran Forecast Type 2for Model 105 and Horizon 12
Performing iteration ending on 2010M5 of model 106
Warning: This should be expanded with the country names in case of panel
> In abstvar/abstvar/check_inputs
  In abstvar
  In svar
  In scriptEstimateMode_FULL (line 96)
  In run (line 86)
  In msreg_2reg_endoprob_SVAR_FULL_OOS (line 231)
  In OOS_slurm_IF (line 4)
    'c(3,1,sync,1)>=c(3,1,sync,2)'
    'a0(1,GDPG)=0'
    'a0(1,MF)=0'
    'a0(2,GDPG)=0'
    'a1(3,GDPG,sync,1)=0'
    'a1(3,GDPG,sync,2)=0'
    's(3,3,sync,1)<=s(3,3,sync,2)'

 parameter: A12, density:NORMAL, hyperparameters: [0.5 0.5],convergence 0
 parameter: A21, density:NORMAL, hyperparameters: [0.5 0.5],convergence 0
 parameter: B12, density:GAMMA, hyperparameters: [4 0.125],convergence 0
 parameter: C12, density:GAMMA, hyperparameters: [4 0.125],convergence 0
 parameter: B21, density:GAMMA, hyperparameters: [4 0.125],convergence 0
 parameter: C21, density:GAMMA, hyperparameters: [4 0.125],convergence 0
                                                        First-order 
 Iteration  Func-count       f(x)        Step-size       optimality
     0          38          14253.1                      1.34e+04
     1          76          3372.51    7.48622e-05       1.76e+03  
     2         114          2833.28              1       1.17e+03  
     3         152          2309.82              1            437  
     4         190          2168.72              1            208  
     5         228          2100.66              1            222  
     6         266          2072.65              1            217  
     7         304           2053.8              1            195  
     8         342          2035.46              1            149  
     9         380          2015.97              1            136  
    10         418          1991.21              1            131  
    11         456          1963.17              1            210  
    12         494          1952.21              1            200  
    13         532          1937.44              1            140  
    14         570          1912.21              1            213  
    15         608          1903.13              1            158  
    16         646          1885.47              1            133  
    17         684          1873.33              1            151  
    18         722          1859.64              1            195  
    19         760          1854.33              1            114  
                                                        First-order 
 Iteration  Func-count       f(x)        Step-size       optimality
    20         798          1850.88              1            122  
    21         836          1844.78              1            133  
    22         874          1834.94              1            204  
    23         912          1826.73              1            162  
    24         950          1822.32              1           47.9  
    25         988           1821.1              1           37.1  
    26        1026          1819.85              1           59.1  
    27        1064           1818.3              1           81.5  
    28        1102           1813.8              1            109  
    29        1140          1808.11              1            152  
    30        1178           1803.1              1            139  
    31        1216          1799.34              1           72.4  
    32        1254          1796.97              1           68.3  
    33        1292          1795.51              1             48  
    34        1330          1793.66              1           73.9  
    35        1368          1791.41              1           80.7  
    36        1406          1788.39              1            117  
    37        1444          1785.66              1             99  
    38        1482          1784.05              1           43.7  
    39        1520          1783.38              1             34  
                                                        First-order 
 Iteration  Func-count       f(x)        Step-size       optimality
    40        1558          1783.08              1           19.6  
    41        1596          1782.89              1           18.4  
    42        1634          1782.76              1           12.7  
    43        1672          1782.62              1           16.4  
    44        1710          1782.43              1           19.7  
    45        1748          1782.18              1           25.5  
    46        1786             1782              1           17.6  
    47        1824          1781.92              1           5.29  
    48        1862          1781.89              1           4.74  
    49        1900          1781.86              1           9.81  
    50        1938          1781.78              1           17.1  
    51        2090          1781.73          0.271           18.5  
    52        2432          1781.67        0.14217           18.6  
    53        3534          1781.67     0.00633215           94.9  
    54        5282          1781.67    3.02586e-08          1e+03  

Local minimum possible.

fminunc stopped because the size of the current step is less than
the selected value of the step size tolerance.




Local minimum possible.

fminunc stopped because it cannot decrease the objective function
along the current search direction.




Computing finite-difference Hessian using objective function.
Predicted change in objective function too small.
Current draw: 1000 of 5000
Current draw: 2000 of 5000
Current draw: 3000 of 5000
Current draw: 4000 of 5000
Current draw: 5000 of 5000
Elapsed time is 785.331535 seconds.
Ran Forecast Type 2for Model 106 and Horizon 12
Performing iteration ending on 2010M5 of model 107
Warning: This should be expanded with the country names in case of panel
> In abstvar/abstvar/check_inputs
  In abstvar
  In svar
  In scriptEstimateMode_FULL (line 96)
  In run (line 86)
  In msreg_2reg_endoprob_SVAR_FULL_OOS (line 231)
  In OOS_slurm_IF (line 4)
    'c(3,1,sync,1)>=c(3,1,sync,2)'
    'a0(1,GDPG,sync,1)=0'
    'a0(2,GDPG,sync,1)=0'
    'a0(1,MF,sync,1)=0'
    'a0(1,GDPG,sync,2)=0'
    'a0(2,GDPG,sync,2)=0'
    'a0(1,MF,sync,2)=0'
    'a1(3,GDPG,sync,1)=0'
    'a1(3,GDPG,sync,2)=0'
    's(3,3,sync,1)<=s(3,3,sync,2)'

 parameter: A12, density:NORMAL, hyperparameters: [0.5 0.5],convergence 0
 parameter: A21, density:NORMAL, hyperparameters: [0.5 0.5],convergence 0
 parameter: B12, density:GAMMA, hyperparameters: [4 0.125],convergence 0
 parameter: C12, density:GAMMA, hyperparameters: [4 0.125],convergence 0
 parameter: B21, density:GAMMA, hyperparameters: [4 0.125],convergence 0
 parameter: C21, density:GAMMA, hyperparameters: [4 0.125],convergence 0
                                                        First-order 
 Iteration  Func-count       f(x)        Step-size       optimality
     0          41          14253.1                      1.34e+04
     1          82          3420.29    7.48622e-05       1.84e+03  
     2         123          2857.43              1        1.2e+03  
     3         164          2319.51              1            435  
     4         205          2181.13              1            198  
     5         246           2116.6              1            206  
     6         287          2091.61              1            202  
     7         328          2074.43              1            185  
     8         369          2056.56              1            147  
     9         410          2037.13              1            134  
    10         451          2014.65              1            119  
    11         492             1990              1            174  
    12         533          1978.75              1            168  
    13         574          1964.45              1            118  
    14         615          1941.11              1            180  
    15         656          1932.97              1            138  
    16         697          1915.35              1            118  
    17         738          1899.89              1            118  
    18         779          1887.02              1            109  
    19         820          1881.41              1           97.8  
                                                        First-order 
 Iteration  Func-count       f(x)        Step-size       optimality
    20         861          1876.55              1            109  
    21         902          1873.36              1            112  
    22         943          1861.02              1           95.7  
    23         984          1854.75              1           99.5  
    24        1025          1851.47              1            129  
    25        1066          1849.04              1           38.8  
    26        1107          1848.01              1           27.9  
    27        1148          1845.88              1           46.7  
    28        1189          1842.89              1           76.3  
    29        1230          1839.97              1           80.7  
    30        1271          1836.81              1           85.9  
    31        1312           1833.2              1           67.3  
    32        1353          1828.21              1           84.9  
    33        1394          1823.65              1            115  
    34        1435          1818.12              1           99.3  
    35        1476          1814.99              1           58.5  
    36        1517          1812.61              1           64.3  
    37        1558           1810.2              1           78.1  
    38        1599           1806.1              1            134  
    39        1640          1801.03              1            150  
                                                        First-order 
 Iteration  Func-count       f(x)        Step-size       optimality
    40        1681           1797.1              1           99.2  
    41        1722          1795.33              1           27.7  
    42        1763          1794.77              1           19.3  
    43        1804          1794.28              1           28.6  
    44        1845          1793.59              1           41.6  
    45        1886          1792.77              1           39.4  
    46        1927           1791.9              1           42.6  
    47        1968          1791.19              1           33.3  
    48        2091          1791.06           0.19           29.8  
    49        3444          1790.97      0.0688331            166  
    50        5658          1790.97    1.83771e-09          1e+03  

Local minimum possible.

fminunc stopped because the size of the current step is less than
the selected value of the step size tolerance.




Local minimum possible.

fminunc stopped because it cannot decrease the objective function
along the current search direction.




Computing finite-difference Hessian using objective function.
Predicted change in objective function too small.
Current draw: 1000 of 5000
Current draw: 2000 of 5000
Current draw: 3000 of 5000
Current draw: 4000 of 5000
Current draw: 5000 of 5000
Elapsed time is 812.461532 seconds.
Ran Forecast Type 2for Model 107 and Horizon 12
Performing iteration ending on 2010M5 of model 108
Warning: This should be expanded with the country names in case of panel
> In abstvar/abstvar/check_inputs
  In abstvar
  In svar
  In scriptEstimateMode_FULL (line 96)
  In run (line 86)
  In msreg_2reg_endoprob_SVAR_FULL_OOS (line 231)
  In OOS_slurm_IF (line 4)
    'c(3,1,sync,1)>=c(3,1,sync,2)'
    'a0(1,GDPG)=0'
    'a0(1,MF)=0'
    'a0(2,GDPG)=0'
    'a1(3,GDPG)=0'
    's(3,3,sync,1)<=s(3,3,sync,2)'

 parameter: A12, density:NORMAL, hyperparameters: [0.5 0.5],convergence 0
 parameter: A21, density:NORMAL, hyperparameters: [0.5 0.5],convergence 0
 parameter: B12, density:GAMMA, hyperparameters: [4 0.125],convergence 0
 parameter: C12, density:GAMMA, hyperparameters: [4 0.125],convergence 0
 parameter: B21, density:GAMMA, hyperparameters: [4 0.125],convergence 0
 parameter: C21, density:GAMMA, hyperparameters: [4 0.125],convergence 0
                                                        First-order 
 Iteration  Func-count       f(x)        Step-size       optimality
     0          28          14253.1                      1.34e+04
     1          56          3476.65    7.48622e-05       2.49e+03  
     2          84          2738.73              1        1.3e+03  
     3         112          2437.17              1            706  
     4         140          2206.22              1            334  
     5         168          2130.84              1            181  
     6         196          2108.24              1            198  
     7         224          2099.14              1            189  
     8         252          2088.26              1            160  
     9         280           2072.4              1            153  
    10         308           2056.3              1            130  
    11         336           2048.2              1            115  
    12         364          2044.84              1           65.2  
    13         392          2042.09              1           46.8  
    14         420          2039.86              1           64.2  
    15         448           2036.8              1            102  
    16         476          2032.38              1            119  
    17         504          2025.42              1            109  
    18         532          2018.39              1             82  
    19         560          2014.12              1             61  
                                                        First-order 
 Iteration  Func-count       f(x)        Step-size       optimality
    20         588          2011.94              1           60.9  
    21         616          2010.06              1             58  
    22         644          2006.49              1           63.8  
    23         672          1999.92              1           78.9  
    24         700          1990.87              1             65  
    25         728          1984.09              1           88.5  
    26         756          1981.39              1           92.5  
    27         784          1979.08              1           84.8  
    28         812          1974.23              1           78.5  
    29         840          1966.96              1            126  
    30         868          1959.84              1            102  
    31         896          1956.73              1           41.6  
    32         924          1955.64              1           26.1  
    33         952          1955.25              1           24.6  
    34         980          1954.58              1           21.9  
    35        1064          1954.17       0.262645           21.6  
    36        1736          1953.95      0.0562803            204  
    37        2268          1953.95     2.8942e-07            995  

Local minimum possible.

fminunc stopped because it cannot decrease the objective function
along the current search direction.




Computing finite-difference Hessian using objective function.
Predicted change in objective function too small.
Current draw: 1000 of 5000
Current draw: 2000 of 5000
Current draw: 3000 of 5000
Current draw: 4000 of 5000
Current draw: 5000 of 5000
Elapsed time is 581.741480 seconds.
Ran Forecast Type 2for Model 108 and Horizon 12
