162
------------------------------------------
Setting up environment variables
---
LD_LIBRARY_PATH is .:/opt/MATLAB/R2017a/runtime/glnxa64:/opt/MATLAB/R2017a/bin/glnxa64:/opt/MATLAB/R2017a/sys/os/glnxa64:/opt/MATLAB/R2017a/sys/opengl/lib/glnxa64
Warning: Method directories not allowed in MATLAB path: /if/home/m1pac03/.mcrCache9.2/OOS_sl0/if/gms_research_gar/GAR/MS-VAR/RISE_toolbox2/classes/models/@dsge/private

	Personal pathdef has been created in your preference directory:
	/if/home/m1pac03/.mcrCache9.2/OOS_sl0/.matlab

Running on SLURM; using 1 cores as assigned on this node.

Performing iteration ending on 2012M6 of model 101
Warning: This should be expanded with the country names in case of panel
> In abstvar/abstvar/check_inputs
  In abstvar
  In svar
  In scriptEstimateMode_FULL (line 96)
  In run (line 86)
  In msreg_2reg_endoprob_SVAR_FULL_OOS (line 231)
  In OOS_slurm_IF (line 4)
    'c(3,1,sync,1)>=c(3,1,sync,2)'
    'a0(1,GDPG)=0'
    'a0(1,MF)=0'
    'a0(2,GDPG)=0'
    'a1(3,GDPG)=0'

 parameter: A12, density:NORMAL, hyperparameters: [0.5 0.5],convergence 0
 parameter: A21, density:NORMAL, hyperparameters: [0.5 0.5],convergence 0
 parameter: B12, density:GAMMA, hyperparameters: [4 0.125],convergence 0
 parameter: C12, density:GAMMA, hyperparameters: [4 0.125],convergence 0
 parameter: B21, density:GAMMA, hyperparameters: [4 0.125],convergence 0
 parameter: C21, density:GAMMA, hyperparameters: [4 0.125],convergence 0
                                                        First-order 
 Iteration  Func-count       f(x)        Step-size       optimality
     0          27          14499.4                      2.22e+04
     1          54           3565.5    4.50641e-05       1.99e+03  
     2          81          3074.62              1       1.46e+03  
     3         108          2438.71              1            586  
     4         135          2288.89              1            269  
     5         162          2239.92              1            191  
     6         189          2227.37              1            205  
     7         216           2219.3              1            201  
     8         243          2208.02              1            177  
     9         270          2193.41              1            125  
    10         297          2178.75              1            188  
    11         324           2170.4              1            188  
    12         351           2164.2              1            135  
    13         378          2156.74              1           76.5  
    14         405          2153.98              1           73.2  
    15         432          2151.94              1           73.8  
    16         459          2148.55              1           80.4  
    17         486          2141.01              1            124  
    18         513          2129.85              1            151  
    19         540          2120.85              1            111  
                                                        First-order 
 Iteration  Func-count       f(x)        Step-size       optimality
    20         567           2115.8              1           85.9  
    21         594          2113.45              1           82.2  
    22         621          2111.68              1             75  
    23         648          2105.49              1            103  
    24         675          2095.54              1            146  
    25         702          2083.86              1            136  
    26         729          2076.63              1            101  
    27         756          2073.24              1            110  
    28         783          2071.52              1            104  
    29         810          2067.79              1           78.9  
    30         837          2062.29              1           89.4  
    31         864          2056.05              1           83.8  
    32         891          2053.29              1           43.8  
    33         918          2052.78              1           16.3  
    34         945          2052.71              1           14.2  
    35         972          2052.64              1           13.9  
    36         999          2052.43              1           13.6  
    37        1026          2052.11              1           21.9  
    38        1053          2051.72              1           31.3  
    39        1080          2051.45              1             30  
                                                        First-order 
 Iteration  Func-count       f(x)        Step-size       optimality
    40        1107          2051.28              1           25.9  
    41        1134          2051.08              1           27.2  
    42        1161          2050.69              1           26.3  
    43        1188          2049.94              1           20.9  
    44        1215          2048.94              1             26  
    45        1242          2048.27              1           19.1  
    46        1269          2048.06              1           15.5  
    47        1296          2047.99              1           14.6  
    48        1323          2047.89              1           13.3  
    49        1350          2047.65              1           17.4  
    50        1377          2047.22              1           26.3  
    51        1404          2046.68              1           26.6  
    52        1431          2046.35              1           15.7  
    53        1458          2046.24              1           15.5  
    54        1485          2046.19              1           16.1  
    55        1512          2046.09              1           16.1  
    56        1539          2045.88              1           15.2  
    57        1566          2045.53              1           18.6  
    58        1593          2045.15              1           15.8  
    59        1620          2044.97              1           7.12  
                                                        First-order 
 Iteration  Func-count       f(x)        Step-size       optimality
    60        1647          2044.93              1           6.85  
    61        1674          2044.91              1           7.08  
    62        1701          2044.88              1            7.1  
    63        1728           2044.8              1           8.04  
    64        1755          2044.69              1           9.72  
    65        1782          2044.58              1           6.97  
    66        1809          2044.53              1           3.47  
    67        1836          2044.52              1           3.53  
    68        1863          2044.52              1           3.54  
    69        1890          2044.51              1           3.55  
    70        1917          2044.49              1           3.56  
    71        1944          2044.46              1           4.07  
    72        1971          2044.42              1           3.85  
    73        1998          2044.39              1           6.16  
    74        2025          2044.37              1           7.15  
    75        2052          2044.36              1           7.34  
    76        2079          2044.34              1           7.41  
    77        2106          2044.28              1           7.47  
    78        2133          2044.12              1           10.9  
    79        2160          2043.49              1           22.7  
                                                        First-order 
 Iteration  Func-count       f(x)        Step-size       optimality
    80        2214          2041.27       0.206296           46.5  
    81        2295          2040.75      0.0261658           53.7  
    82        2322          2039.66              1           61.4  
    83        2349          2034.02              1           76.4  
    84        2376          2030.43              1           56.3  
    85        2403           2025.2              1           23.8  
    86        2430          2023.57              1           19.4  
    87        2457          2023.23              1           17.1  
    88        2484          2023.04              1           16.9  
    89        2511          2022.78              1           17.5  
    90        2538          2022.67              1           18.1  
    91        2565          2022.43              1           18.3  
    92        2592          2022.05              1           30.6  
    93        2619          2021.38              1           42.4  
    94        2646          2020.73              1           34.7  
    95        2673          2020.35              1           13.3  
    96        2700          2020.21              1           13.1  
    97        2781          2019.82        2.83114           33.2  
    98        2862          2019.76           0.05           41.2  
    99        2889          2019.62              1           34.8  
                                                        First-order 
 Iteration  Func-count       f(x)        Step-size       optimality
   100        2916          2019.38              1           12.5  
   101        2943          2019.29              1           12.6  
   102        2970          2019.15              1           23.3  
   103        2997          2018.91              1           34.4  
   104        3024           2018.4              1           43.1  
   105        3051          2017.63              1           42.7  
   106        3078          2016.96              1             21  
   107        3105          2016.73              1           11.7  
   108        3132          2016.62              1           10.3  
   109        3159          2016.59              1           9.25  
   110        3186          2016.48              1           8.59  
   111        3213          2016.26              1           9.28  
   112        3240          2015.74              1           9.62  
   113        3267          2014.89              1           10.6  
   114        3294          2014.09              1           9.51  
   115        3321          2013.77              1           7.97  
   116        3348           2013.7              1           8.55  
   117        3375          2013.68              1           8.65  
   118        3402          2013.66              1           8.67  
   119        3429           2013.6              1           8.69  
                                                        First-order 
 Iteration  Func-count       f(x)        Step-size       optimality
   120        3456          2013.46              1           12.7  
   121        3483          2013.21              1           16.6  
   122        3510          2012.89              1           14.3  
   123        3537          2012.68              1           10.1  
   124        3564          2012.61              1           9.34  
   125        3591          2012.57              1           8.74  
   126        3618          2012.51              1           9.31  
   127        3645          2012.35              1           13.8  
   128        3672          2012.01              1           21.7  
   129        3699          2011.42              1           27.1  
   130        3726           2010.8              1           22.5  
   131        3753          2010.44              1           8.65  
   132        3780          2010.36              1           6.06  
   133        3807          2010.36              1           5.93  
   134        3834          2010.35              1           5.82  
   135        3861          2010.34              1            5.6  
   136        3888          2010.32              1           5.21  
   137        3915          2010.25              1           4.42  
   138        3942          2010.11              1              4  
   139        3969          2009.87              1           4.76  
                                                        First-order 
 Iteration  Func-count       f(x)        Step-size       optimality
   140        3996          2009.61              1           3.76  
   141        4023          2009.46              1           1.67  
   142        4050          2009.45              1           1.66  
   143        4077          2009.44              1           1.64  
   144        4104          2009.44              1           1.63  
   145        4131          2009.44              1           1.62  
   146        4158          2009.44              1           1.61  
   147        4185          2009.43              1           3.09  
   148        4212          2009.41              1           5.61  
   149        4239          2009.35              1           8.91  
   150        4266          2009.26              1           11.6  
   151        4293          2009.14              1           10.5  
   152        4320          2009.08              1           4.95  
   153        4347          2009.07              1           1.33  
   154        4374          2009.07              1           1.15  
   155        4401          2009.07              1           1.14  
   156        4428          2009.07              1            1.1  
   157        4455          2009.07              1           1.06  
   158        4482          2009.06              1          0.941  
   159        4509          2009.05              1          0.867  
                                                        First-order 
 Iteration  Func-count       f(x)        Step-size       optimality
   160        4536          2009.04              1          0.846  
   161        4563          2009.02              1          0.817  
   162        4590             2009              1          0.438  
   163        4617             2009              1          0.355  
   164        4644             2009              1          0.353  
   165        4671             2009              1          0.352  
   166        4698             2009              1          0.352  
   167        4725             2009              1          0.351  
   168        4752             2009              1          0.348  
   169        4779             2009              1          0.454  
   170        4806          2008.99              1          0.787  
   171        4833          2008.99              1           1.26  
   172        4860          2008.99              1            1.8  
   173        4887          2008.98              1           2.04  
   174        4914          2008.97              1           1.45  
   175        4941          2008.97              1          0.492  
   176        4968          2008.97              1         0.0481  
   177        4995          2008.97              1         0.0246  
   178        5022          2008.97              1         0.0243  
   179        5049          2008.97              1         0.0241  
                                                        First-order 
 Iteration  Func-count       f(x)        Step-size       optimality
   180        5076          2008.97              1         0.0239  
   181        5103          2008.97              1         0.0235  
   182        5130          2008.97              1         0.0281  
   183        5157          2008.97              1         0.0426  
   184        5184          2008.97              1         0.0655  
   185        5211          2008.97              1         0.0981  
   186        5238          2008.97              1          0.119  
   187        5265          2008.97              1         0.0973  
   188        5292          2008.97              1         0.0384  
   189        5319          2008.97              1        0.00537  
   190        5346          2008.97              1        0.00187  
   191        5373          2008.97              1        0.00187  
   192        5400          2008.97              1        0.00185  
   193        5454          2008.97       0.450273        0.00189  
   194        5535          2008.97      0.0347354        0.00184  
   195        5589          2008.97       0.251364        0.00189  
   196        5670          2008.97      0.0269373        0.00189  
   197        5697          2008.97              1        0.00182  
   198        5751          2008.97       0.321634        0.00182  
   199        5805          2008.97       0.325796        0.00186  
                                                        First-order 
 Iteration  Func-count       f(x)        Step-size       optimality
   200        5859          2008.97       0.407051         0.0019  
   201        5886          2008.97              1        0.00187  
   202        5913          2008.97              1        0.00193  
   203        5940          2008.97              1        0.00183  
   204        5967          2008.97              1         0.0033  
   205        5994          2008.97              1        0.00378  
   206        6021          2008.97              1        0.00182  
   207        6048          2008.97              1        0.00365  
   208        6075          2008.97              1        0.00262  
   209        6102          2008.97              1        0.00246  
   210        6129          2008.97              1        0.00232  
   211        6156          2008.97              1        0.00137  
   212        6183          2008.97              1        0.00182  
   213        6210          2008.97              1        0.00137  
   214        6237          2008.97              1        0.00197  
   215        6264          2008.97              1         0.0016  
   216        6291          2008.97              1        0.00244  
   217        6318          2008.97              1        0.00197  
   218        6345          2008.97              1        0.00146  
   219        6372          2008.97              1        0.00119  
                                                        First-order 
 Iteration  Func-count       f(x)        Step-size       optimality
   220        6426          2008.97       0.214168       0.000977  
   221        6453          2008.97              1       0.000931  
   222        6480          2008.97              1        0.00121  
   223        6507          2008.97              1       0.000641  
   224        6534          2008.97              1       0.000977  
   225        6561          2008.97              1       0.000748  
   226        6588          2008.97              1        0.00061  
   227        6642          2008.97       0.204847       0.000595  
   228        6669          2008.97              1       0.000702  
   229        6696          2008.97              1       0.000519  
   230        6723          2008.97              1        0.00032  

Local minimum found.

Optimization completed because the size of the gradient is less than
the selected value of the optimality tolerance.




Computing finite-difference Hessian using objective function.
First order optimality conditions satisfied.
Current draw: 1000 of 5000
Current draw: 2000 of 5000
Current draw: 3000 of 5000
Current draw: 4000 of 5000
Current draw: 5000 of 5000
Elapsed time is 862.777823 seconds.
Ran Forecast Type 2for Model 101 and Horizon 12
Performing iteration ending on 2012M6 of model 102
Warning: This should be expanded with the country names in case of panel
> In abstvar/abstvar/check_inputs
  In abstvar
  In svar
  In scriptEstimateMode_FULL (line 96)
  In run (line 86)
  In msreg_2reg_endoprob_SVAR_FULL_OOS (line 231)
  In OOS_slurm_IF (line 4)
    'c(3,1,sync,1)>=c(3,1,sync,2)'
    'a0(1,GDPG)=0'
    'a0(1,MF)=0'
    'a0(2,GDPG)=0'
    'a1(3,GDPG)=0'
    's(3,3,sync,1)<=s(3,3,sync,2)'

 parameter: A12, density:NORMAL, hyperparameters: [0.5 0.5],convergence 0
 parameter: A21, density:NORMAL, hyperparameters: [0.5 0.5],convergence 0
 parameter: B12, density:GAMMA, hyperparameters: [4 0.125],convergence 0
 parameter: C12, density:GAMMA, hyperparameters: [4 0.125],convergence 0
 parameter: B21, density:GAMMA, hyperparameters: [4 0.125],convergence 0
 parameter: C21, density:GAMMA, hyperparameters: [4 0.125],convergence 0
                                                        First-order 
 Iteration  Func-count       f(x)        Step-size       optimality
     0          30          14499.4                      1.35e+04
     1          60          3620.57    7.41512e-05       2.64e+03  
     2          90          2806.57              1       1.45e+03  
     3         120          2472.13              1            771  
     4         150          2187.88              1            298  
     5         180          2112.09              1            138  
     6         210          2090.16              1            132  
     7         240           2077.8              1            180  
     8         270          2056.75              1            226  
     9         300          2022.81              1            224  
    10         330          1992.45              1            193  
    11         360          1981.53              1            149  
    12         390          1971.55              1           99.8  
    13         420          1966.64              1            109  
    14         450          1959.37              1            116  
    15         480          1950.73              1            166  
    16         510          1941.37              1            160  
    17         540          1930.07              1            155  
    18         570          1921.34              1            136  
    19         600          1918.45              1           96.1  
                                                        First-order 
 Iteration  Func-count       f(x)        Step-size       optimality
    20         630          1914.61              1             58  
    21         660          1910.07              1            105  
    22         690          1906.17              1           93.4  
    23         720          1903.87              1           62.6  
    24         750          1902.04              1           63.6  
    25         780          1899.09              1            116  
    26         810          1893.39              1            208  
    27         840          1885.68              1            242  
    28         870           1880.3              1            140  
    29         900          1878.32              1           44.7  
    30         930          1877.43              1           38.7  
    31         960          1876.25              1           85.8  
    32         990          1873.61              1            135  
    33        1020           1870.9              1            123  
    34        1050          1869.36              1           56.1  
    35        1080          1868.87              1           34.5  
    36        1110           1868.6              1           30.2  
    37        1140          1868.24              1             39  
    38        1170          1867.77              1           40.9  
    39        1200          1867.39              1           23.2  
                                                        First-order 
 Iteration  Func-count       f(x)        Step-size       optimality
    40        1230          1867.23              1           14.7  
    41        1260          1867.14              1           13.9  
    42        1290          1866.99              1           18.2  
    43        1320          1866.68              1           31.1  
    44        1350           1866.1              1           40.8  
    45        1380          1865.34              1           36.6  
    46        1410          1864.79              1           18.7  
    47        1440          1864.55              1             23  
    48        1470          1864.39              1           23.8  
    49        1500          1864.09              1           22.7  
    50        1530          1863.47              1           35.1  
    51        1560          1862.51              1           40.4  
    52        1590          1861.71              1           27.7  
    53        1620          1861.43              1           8.24  
    54        1650          1861.37              1           6.82  
    55        1680          1861.35              1           6.47  
    56        1710          1861.28              1           10.6  
    57        1740          1861.16              1           15.7  
    58        1770          1860.99              1           15.9  
    59        1800          1860.88              1           8.42  
                                                        First-order 
 Iteration  Func-count       f(x)        Step-size       optimality
    60        1890          1860.87           0.19           7.07  
    61        1980          1860.86           0.19           5.53  
    62        2850          1860.86      0.0919255          1e+03  

Local minimum possible.

fminunc stopped because it cannot decrease the objective function
along the current search direction.




Computing finite-difference Hessian using objective function.
Predicted change in objective function too small.
Current draw: 1000 of 5000
Current draw: 2000 of 5000
srun: error: unpackmem: Buffer to be unpacked is too large (1641192973 > 1073741824)
srun: error: unpack error in io_init_msg_unpack
srun: error: Invalid IO init header version
srun: error: unpackmem: Buffer to be unpacked is too large (1577005742 > 1073741824)
srun: error: unpack error in io_init_msg_unpack
srun: error: Invalid IO init header version
srun: error: io_init_msg_read too small
srun: error: failed reading io init message
srun: error: unpackmem: Buffer to be unpacked is too large (3331275402 > 1073741824)
srun: error: unpack error in io_init_msg_unpack
srun: error: Invalid IO init header version
srun: error: unpack error in io_init_msg_unpack
srun: error: Invalid IO init header version
srun: error: unpack error in io_init_msg_unpack
srun: error: Invalid IO init header version
srun: error: unpackmem: Buffer to be unpacked is too large (2775865410 > 1073741824)
srun: error: unpack error in io_init_msg_unpack
srun: error: Invalid IO init header version
srun: error: unpackmem: Buffer to be unpacked is too large (2772583764 > 1073741824)
srun: error: unpack error in io_init_msg_unpack
srun: error: Invalid IO init header version
srun: error: unpack error in io_init_msg_unpack
srun: error: Invalid IO init header version
srun: error: io_init_msg_read too small
srun: error: failed reading io init message
Current draw: 3000 of 5000
srun: error: slurm_receive_msg: Transport endpoint is not connected
srun: error: slurm_receive_msg[10.26.24.30]: Transport endpoint is not connected
srun: error: invalid type trying to be freed 65534
srun: error: slurm_receive_msg: Transport endpoint is not connected
srun: error: slurm_receive_msg[10.26.24.30]: Transport endpoint is not connected
srun: error: invalid type trying to be freed 65534
Current draw: 4000 of 5000
srun: error: slurm_receive_msg: Transport endpoint is not connected
srun: error: slurm_receive_msg[10.26.24.30]: Transport endpoint is not connected
srun: error: invalid type trying to be freed 65534
srun: error: slurm_receive_msg: Transport endpoint is not connected
srun: error: slurm_receive_msg[10.26.24.30]: Transport endpoint is not connected
srun: error: invalid type trying to be freed 65534
srun: error: slurm_receive_msg: Transport endpoint is not connected
srun: error: slurm_receive_msg[10.26.24.30]: Transport endpoint is not connected
srun: error: invalid type trying to be freed 65534
srun: error: slurm_receive_msg: Transport endpoint is not connected
srun: error: slurm_receive_msg[10.26.24.30]: Transport endpoint is not connected
srun: error: invalid type trying to be freed 65534
srun: error: slurm_receive_msg: Transport endpoint is not connected
srun: error: slurm_receive_msg[10.26.24.30]: Transport endpoint is not connected
srun: error: invalid type trying to be freed 65534
srun: error: slurm_receive_msg: Transport endpoint is not connected
srun: error: slurm_receive_msg[10.26.24.30]: Transport endpoint is not connected
srun: error: invalid type trying to be freed 65534
srun: error: slurm_receive_msg: Insane message length
srun: error: slurm_receive_msg[10.26.24.30]: Insane message length
srun: error: invalid type trying to be freed 65534
srun: error: slurm_receive_msg: Insane message length
srun: error: slurm_receive_msg[10.26.24.30]: Insane message length
srun: error: invalid type trying to be freed 65534
Current draw: 5000 of 5000
Elapsed time is 621.645945 seconds.
Ran Forecast Type 2for Model 102 and Horizon 12
Performing iteration ending on 2012M6 of model 103
Warning: This should be expanded with the country names in case of panel
> In abstvar/abstvar/check_inputs
  In abstvar
  In svar
  In scriptEstimateMode_FULL (line 96)
  In run (line 86)
  In msreg_2reg_endoprob_SVAR_FULL_OOS (line 231)
  In OOS_slurm_IF (line 4)
    'c(3,1,sync,1)>=c(3,1,sync,2)'
    'a0(1,GDPG,sync,1)=0'
    'a0(2,GDPG,sync,1)=0'
    'a0(1,MF,sync,1)=0'
    'a0(1,GDPG,sync,2)=0'
    'a0(2,GDPG,sync,2)=0'
    'a0(1,MF,sync,2)=0'
    'a1(3,GDPG)=0'

 parameter: A12, density:NORMAL, hyperparameters: [0.5 0.5],convergence 0
 parameter: A21, density:NORMAL, hyperparameters: [0.5 0.5],convergence 0
 parameter: B12, density:GAMMA, hyperparameters: [4 0.125],convergence 0
 parameter: C12, density:GAMMA, hyperparameters: [4 0.125],convergence 0
 parameter: B21, density:GAMMA, hyperparameters: [4 0.125],convergence 0
 parameter: C21, density:GAMMA, hyperparameters: [4 0.125],convergence 0
                                                        First-order 
 Iteration  Func-count       f(x)        Step-size       optimality
     0          30          14499.4                      2.22e+04
     1          60          3613.65    4.50641e-05       2.08e+03  
     2          90          3103.43              1       1.51e+03  
     3         120          2450.43              1            602  
     4         150          2298.01              1            272  
     5         180          2249.75              1            187  
     6         210          2237.83              1            201  
     7         240          2229.98              1            197  
     8         270          2218.22              1            173  
     9         300          2203.31              1            120  
    10         330          2189.41              1            163  
    11         360          2182.55              1            182  
    12         390          2178.14              1            150  
    13         420           2170.5              1           67.5  
    14         450          2165.26              1           70.4  
    15         480           2162.8              1           79.6  
    16         510          2160.43              1           82.4  
    17         540           2155.5              1           87.2  
    18         570          2147.04              1            129  
    19         600          2138.47              1            114  
                                                        First-order 
 Iteration  Func-count       f(x)        Step-size       optimality
    20         630          2133.77              1             56  
    21         660          2131.65              1           57.4  
    22         690          2130.67              1           54.4  
    23         720          2128.42              1           58.4  
    24         750          2123.35              1            101  
    25         780          2114.14              1            130  
    26         810          2104.36              1            105  
    27         840          2098.54              1           85.4  
    28         870          2096.04              1           88.2  
    29         900          2094.49              1           80.6  
    30         930          2091.07              1           70.4  
    31         960          2085.57              1           88.7  
    32         990          2078.45              1           76.8  
    33        1020          2074.33              1             38  
    34        1050          2073.18              1           31.9  
    35        1080           2072.7              1           30.1  
    36        1110           2071.9              1           32.8  
    37        1140          2070.24              1           45.2  
    38        1170          2067.67              1             44  
    39        1200          2065.29              1           29.6  
                                                        First-order 
 Iteration  Func-count       f(x)        Step-size       optimality
    40        1230           2064.2              1           24.8  
    41        1260          2063.91              1             24  
    42        1290          2063.66              1           23.2  
    43        1320          2063.11              1           25.7  
    44        1350          2062.29              1           21.4  
    45        1380          2061.46              1           19.2  
    46        1410          2060.98              1           19.1  
    47        1440          2060.75              1           20.6  
    48        1470          2060.49              1             21  
    49        1500           2059.9              1           24.5  
    50        1530          2058.74              1           29.8  
    51        1560          2057.01              1           28.8  
    52        1590          2055.63              1             22  
    53        1620          2055.11              1           25.5  
    54        1650          2054.87              1           24.6  
    55        1680          2054.52              1           22.2  
    56        1710          2053.74              1           20.1  
    57        1740          2052.17              1           28.8  
    58        1770          2049.78              1           40.5  
    59        1800          2047.57              1           37.8  
                                                        First-order 
 Iteration  Func-count       f(x)        Step-size       optimality
    60        1830          2046.57              1           28.1  
    61        1860           2046.2              1           24.6  
    62        1890          2045.66              1           27.8  
    63        1920          2044.59              1             26  
    64        1950          2043.05              1           31.2  
    65        1980           2041.7              1           41.2  
    66        2010          2040.92              1           38.5  
    67        2040          2040.48              1           31.4  
    68        2070          2039.96              1           33.1  
    69        2100          2038.88              1           34.7  
    70        2130          2037.15              1           29.3  
    71        2160          2035.43              1           19.5  
    72        2190          2034.76              1           10.3  
    73        2220          2034.65              1           8.65  
    74        2250          2034.62              1           8.13  
    75        2280          2034.57              1           8.58  
    76        2310          2034.44              1           9.09  
    77        2340          2034.17              1           11.7  
    78        2370          2033.81              1           12.4  
    79        2400          2033.54              1           8.43  
                                                        First-order 
 Iteration  Func-count       f(x)        Step-size       optimality
    80        2430          2033.44              1           8.53  
    81        2460          2033.41              1           7.78  
    82        2490          2033.38              1           6.85  
    83        2520          2033.29              1           7.19  
    84        2550          2033.09              1           11.4  
    85        2580           2032.7              1           14.9  
    86        2610          2032.21              1           16.1  
    87        2640          2031.88              1           21.8  
    88        2670          2031.75              1           22.5  
    89        2700          2031.67              1           21.9  
    90        2730          2031.43              1           20.7  
    91        2790          2031.12       0.293217           20.8  
    92        2820          2030.75              1           23.4  
    93        2850          2029.47              1           26.2  
    94        2880          2028.21              1           27.4  
    95        2910          2027.56              1           27.4  
srun: error: slurm_receive_msg: Transport endpoint is not connected
srun: error: slurm_receive_msg[10.26.24.30]: Transport endpoint is not connected
srun: error: invalid type trying to be freed 65534
    96        2940          2027.27              1           18.3  
    97        2970          2027.08              1           15.3  
    98        3000          2026.94              1           13.9  
srun: error: slurm_receive_msg: Transport endpoint is not connected
srun: error: slurm_receive_msg[10.26.24.30]: Transport endpoint is not connected
srun: error: invalid type trying to be freed 65534
    99        3030          2026.55              1           21.7  
                                                        First-order 
 Iteration  Func-count       f(x)        Step-size       optimality
   100        3060          2026.15              1           18.6  
srun: error: slurm_receive_msg: Transport endpoint is not connected
srun: error: slurm_receive_msg[10.26.24.30]: Transport endpoint is not connected
srun: error: invalid type trying to be freed 65534
   101        3090          2025.31              1             23  
   102        3120          2024.02              1           27.2  
   103        3150          2022.36              1           31.5  
   104        3180          2021.11              1           31.9  
   105        3210          2020.67              1           14.5  
   106        3240          2020.58              1           13.6  
srun: error: slurm_receive_msg: Transport endpoint is not connected
srun: error: slurm_receive_msg[10.26.24.30]: Transport endpoint is not connected
srun: error: invalid type trying to be freed 65534
   107        3270           2020.5              1           13.7  
   108        3300          2020.35              1           17.3  
   109        3330          2019.86              1           34.3  
srun: error: slurm_receive_msg: Transport endpoint is not connected
srun: error: slurm_receive_msg[10.26.24.30]: Transport endpoint is not connected
srun: error: invalid type trying to be freed 65534
   110        3360           2019.1              1             45  
   111        3390          2018.26              1           38.1  
   112        3420          2017.84              1           15.4  
srun: error: slurm_receive_msg: Transport endpoint is not connected
srun: error: slurm_receive_msg[10.26.24.30]: Transport endpoint is not connected
srun: error: invalid type trying to be freed 65534
   113        3450          2017.74              1           6.77  
   114        3480          2017.72              1           6.86  
srun: error: slurm_receive_msg: Transport endpoint is not connected
srun: error: slurm_receive_msg[10.26.24.30]: Transport endpoint is not connected
srun: error: invalid type trying to be freed 65534
   115        3510           2017.7              1           6.79  
   116        3540          2017.63              1           6.41  
   117        3570          2017.48              1           6.58  
   118        3600          2017.14              1             11  
srun: error: slurm_receive_msg: Transport endpoint is not connected
srun: error: slurm_receive_msg[10.26.24.30]: Transport endpoint is not connected
srun: error: invalid type trying to be freed 65534
   119        3630          2016.62              1           12.6  
                                                        First-order 
 Iteration  Func-count       f(x)        Step-size       optimality
   120        3660          2016.17              1           9.14  
srun: error: slurm_receive_msg: Insane message length
srun: error: slurm_receive_msg[10.26.24.30]: Insane message length
srun: error: invalid type trying to be freed 65534
   121        3690          2016.01              1           7.48  
   122        3720          2015.98              1            7.3  
   123        3750          2015.97              1           7.18  
   124        3780          2015.93              1           6.66  
   125        3810          2015.84              1           6.25  
srun: error: slurm_receive_msg: Insane message length
srun: error: slurm_receive_msg[10.26.24.30]: Insane message length
srun: error: invalid type trying to be freed 65534
   126        3840          2015.65              1           9.89  
   127        3870          2015.35              1           11.7  
   128        3900          2015.07              1           8.29  
   129        3930          2014.96              1           2.89  
   130        3960          2014.94              1           2.97  
   131        3990          2014.94              1           2.97  
   132        4020          2014.93              1           2.95  
   133        4050          2014.92              1           2.92  
   134        4080           2014.9              1           2.83  
   135        4110          2014.84              1            3.3  
   136        4140          2014.71              1           4.96  
   137        4170          2014.45              1           6.15  
   138        4200          2014.14              1           5.23  
   139        4230          2013.95              1           2.41  
                                                        First-order 
 Iteration  Func-count       f(x)        Step-size       optimality
   140        4260           2013.9              1           2.45  
   141        4290           2013.9              1           2.48  
srun: error: slurm_receive_msg: Insane message length
srun: error: slurm_receive_msg[10.26.24.30]: Insane message length
srun: error: invalid type trying to be freed 65534
srun: error: io_init_msg_read too small
srun: error: failed reading io init message
srun: error: unpackmem: Buffer to be unpacked is too large (1935765607 > 1073741824)
srun: error: unpack error in io_init_msg_unpack
srun: error: Invalid IO init header version
   142        4320           2013.9              1           2.46  
srun: error: unpackmem: Buffer to be unpacked is too large (1951163745 > 1073741824)
srun: error: unpack error in io_init_msg_unpack
srun: error: Invalid IO init header version
   143        4350           2013.9              1           2.44  
   144        4380          2013.89              1           2.39  
   145        4410          2013.88              1           2.28  
   146        4440          2013.86              1            2.1  
srun: error: slurm_receive_msg: Insane message length
srun: error: slurm_receive_msg[10.26.24.30]: Insane message length
srun: error: invalid type trying to be freed 65534
   147        4470          2013.81              1           2.99  
   148        4500          2013.74              1           3.25  
   149        4530          2013.66              1           2.17  
   150        4560          2013.63              1          0.635  
   151        4590          2013.63              1          0.341  
srun: error: io_init_msg_read too small
srun: error: failed reading io init message
   152        4620          2013.63              1          0.354  
   153        4650          2013.63              1          0.358  
   154        4680          2013.63              1          0.366  
   155        4710          2013.63              1          0.377  
   156        4740          2013.63              1          0.484  
   157        4770          2013.63              1          0.832  
   158        4800          2013.62              1           1.23  
   159        4830          2013.62              1            1.4  
                                                        First-order 
 Iteration  Func-count       f(x)        Step-size       optimality
   160        4860          2013.61              1          0.974  
   161        4890          2013.61              1          0.312  
   162        4920          2013.61              1           0.21  
   163        4950          2013.61              1            0.2  
   164        4980          2013.61              1          0.196  
   165        5010          2013.61              1          0.185  
srun: error: slurm_receive_msg: Insane message length
srun: error: slurm_receive_msg[10.26.24.30]: Insane message length
srun: error: invalid type trying to be freed 65534
srun: error: unpackmem_xmalloc: Buffer to be unpacked is too large (1885828912 > 1073741824)
srun: error: unpacking header
srun: error: destroy_forward: no init
srun: error: slurm_receive_msg: Message receive failure
srun: error: slurm_receive_msg[10.26.24.30]: Message receive failure
srun: error: invalid type trying to be freed 65534
srun: error: unpackmem_xmalloc: Buffer to be unpacked is too large (1684369920 > 1073741824)
srun: error: unpacking header
srun: error: destroy_forward: no init
srun: error: slurm_receive_msg: Message receive failure
srun: error: slurm_receive_msg[10.26.24.30]: Message receive failure
srun: error: invalid type trying to be freed 65534
   166        5040          2013.61              1          0.185  
   167        5070          2013.61              1          0.218  
   168        5100          2013.61              1          0.343  
   169        5130          2013.61              1          0.479  
   170        5160           2013.6              1          0.507  
   171        5190           2013.6              1          0.323  
   172        5220           2013.6              1          0.104  
   173        5250           2013.6              1         0.0866  
   174        5280           2013.6              1         0.0832  
   175        5310           2013.6              1         0.0818  
   176        5340           2013.6              1         0.0786  
   177        5370           2013.6              1          0.073  
   178        5400           2013.6              1         0.0699  
   179        5430           2013.6              1          0.067  
                                                        First-order 
 Iteration  Func-count       f(x)        Step-size       optimality
   180        5460           2013.6              1         0.0681  
   181        5490           2013.6              1         0.0715  
   182        5520           2013.6              1         0.0505  
   183        5550           2013.6              1          0.036  
   184        5580           2013.6              1         0.0273  
   185        5610           2013.6              1         0.0264  
   186        5640           2013.6              1         0.0259  
   187        5670           2013.6              1         0.0256  
   188        5700           2013.6              1         0.0247  
   189        5730           2013.6              1         0.0243  
srun: error: unpack error in io_init_msg_unpack
srun: error: Invalid IO init header version
   190        5760           2013.6              1         0.0236  
   191        5790           2013.6              1         0.0231  
   192        5820           2013.6              1         0.0369  
   193        5850           2013.6              1         0.0424  
   194        5880           2013.6              1         0.0301  
   195        5910           2013.6              1        0.00755  
   196        5940           2013.6              1        0.00267  
   197        5970           2013.6              1        0.00337  
   198        6000           2013.6              1         0.0034  
srun: error: unpackmem_xmalloc: Buffer to be unpacked is too large (1885828912 > 1073741824)
srun: error: unpacking header
srun: error: destroy_forward: no init
srun: error: slurm_receive_msg: Message receive failure
srun: error: slurm_receive_msg[10.26.24.30]: Message receive failure
srun: error: invalid type trying to be freed 65534
srun: error: unpackmem_xmalloc: Buffer to be unpacked is too large (1684369920 > 1073741824)
srun: error: unpacking header
srun: error: destroy_forward: no init
srun: error: slurm_receive_msg: Message receive failure
srun: error: slurm_receive_msg[10.26.24.30]: Message receive failure
srun: error: invalid type trying to be freed 65534
srun: error: slurm_receive_msg: Insane message length
srun: error: slurm_receive_msg[10.26.24.30]: Insane message length
srun: error: invalid type trying to be freed 65534
   199        6060           2013.6        0.34854         0.0033  
srun: error: slurm_receive_msg: Insane message length
srun: error: slurm_receive_msg[10.26.24.30]: Insane message length
srun: error: invalid type trying to be freed 65534
                                                        First-order 
 Iteration  Func-count       f(x)        Step-size       optimality
   200        6090           2013.6              1        0.00343  
srun: error: slurm_receive_msg: Insane message length
srun: error: slurm_receive_msg[10.26.24.30]: Insane message length
srun: error: invalid type trying to be freed 65534
   201        6120           2013.6              1        0.00334  
   202        6150           2013.6              1        0.00335  
   203        6210           2013.6       0.401775        0.00341  
   204        6270           2013.6       0.347363        0.00311  
   205        6300           2013.6              1         0.0033  
   206        6330           2013.6              1        0.00329  
   207        6360           2013.6              1        0.00329  
   208        6390           2013.6              1        0.00334  
   209        6420           2013.6              1        0.00473  
   210        6450           2013.6              1        0.00427  
   211        6480           2013.6              1        0.00259  
srun: error: slurm_receive_msg: Insane message length
srun: error: slurm_receive_msg[10.26.24.30]: Insane message length
srun: error: invalid type trying to be freed 65534
   212        6510           2013.6              1        0.00584  
srun: error: slurm_receive_msg: Insane message length
srun: error: slurm_receive_msg[10.26.24.30]: Insane message length
srun: error: invalid type trying to be freed 65534
   213        6540           2013.6              1        0.00911  
   214        6570           2013.6              1        0.00793  
   215        6600           2013.6              1        0.00334  
   216        6630           2013.6              1        0.00194  
   217        6660           2013.6              1        0.00249  
   218        6690           2013.6              1        0.00125  
   219        6720           2013.6              1        0.00226  
                                                        First-order 
 Iteration  Func-count       f(x)        Step-size       optimality
   220        6750           2013.6              1         0.0015  
srun: error: slurm_receive_msg: Transport endpoint is not connected
srun: error: slurm_receive_msg[10.26.24.30]: Transport endpoint is not connected
srun: error: invalid type trying to be freed 65534
   221        6810           2013.6       0.411819       0.000732  
   222        6840           2013.6              1       0.000748  
srun: error: unpack error in io_init_msg_unpack
srun: error: Invalid IO init header version
srun: error: unpackmem: Buffer to be unpacked is too large (1681731632 > 1073741824)
srun: error: unpack error in io_init_msg_unpack
srun: error: Invalid IO init header version
   223        6900           2013.6       0.194194       0.000839  
   224        6990           2013.6      0.0410257       0.000809  
   225        7020           2013.6              1       0.000351  
   226        7080           2013.6       0.575129        0.00061  
   227        7110           2013.6              1       0.000229  

Local minimum found.

Optimization completed because the size of the gradient is less than
the selected value of the optimality tolerance.




Computing finite-difference Hessian using objective function.
First order optimality conditions satisfied.
srun: error: slurm_receive_msg: Transport endpoint is not connected
srun: error: slurm_receive_msg[10.26.24.30]: Transport endpoint is not connected
srun: error: invalid type trying to be freed 65534
Current draw: 1000 of 5000
srun: error: slurm_receive_msg: Transport endpoint is not connected
srun: error: slurm_receive_msg[10.26.24.30]: Transport endpoint is not connected
srun: error: invalid type trying to be freed 65534
Current draw: 2000 of 5000
srun: error: slurm_receive_msg: Insane message length
srun: error: slurm_receive_msg[10.26.24.30]: Insane message length
srun: error: invalid type trying to be freed 65534
srun: error: slurm_receive_msg: Transport endpoint is not connected
srun: error: slurm_receive_msg[10.26.24.30]: Transport endpoint is not connected
srun: error: invalid type trying to be freed 65534
srun: error: slurm_receive_msg: Transport endpoint is not connected
srun: error: slurm_receive_msg[10.26.24.30]: Transport endpoint is not connected
srun: error: invalid type trying to be freed 65534
srun: error: unpackmem: Buffer to be unpacked is too large (2003291216 > 1073741824)
srun: error: unpack error in io_init_msg_unpack
srun: error: Invalid IO init header version
Current draw: 3000 of 5000
Current draw: 4000 of 5000
Current draw: 5000 of 5000
Elapsed time is 894.363286 seconds.
Ran Forecast Type 2for Model 103 and Horizon 12
Performing iteration ending on 2012M6 of model 104
Warning: This should be expanded with the country names in case of panel
> In abstvar/abstvar/check_inputs
  In abstvar
  In svar
  In scriptEstimateMode_FULL (line 96)
  In run (line 86)
  In msreg_2reg_endoprob_SVAR_FULL_OOS (line 231)
  In OOS_slurm_IF (line 4)
    'c(3,1,sync,1)>=c(3,1,sync,2)'
    'a0(1,GDPG)=0'
    'a0(1,MF)=0'
    'a0(2,GDPG)=0'
    'a1(3,GDPG,sync,1)=0'
    'a1(3,GDPG,sync,2)=0'

 parameter: A12, density:NORMAL, hyperparameters: [0.5 0.5],convergence 0
 parameter: A21, density:NORMAL, hyperparameters: [0.5 0.5],convergence 0
 parameter: B12, density:GAMMA, hyperparameters: [4 0.125],convergence 0
 parameter: C12, density:GAMMA, hyperparameters: [4 0.125],convergence 0
 parameter: B21, density:GAMMA, hyperparameters: [4 0.125],convergence 0
 parameter: C21, density:GAMMA, hyperparameters: [4 0.125],convergence 0
                                                        First-order 
 Iteration  Func-count       f(x)        Step-size       optimality
     0          35          14499.4                      2.22e+04
     1          70          3651.62    4.50641e-05       2.05e+03  
     2         105          3116.47              1        1.5e+03  
     3         140          2638.51              1            747  
     4         175          2463.34              1            441  
     5         210          2368.18              1            457  
     6         245           2327.9              1            397  
     7         280          2303.69              1            298  
     8         315          2281.13              1            227  
     9         350          2262.27              1            224  
    10         385          2249.42              1            214  
    11         420          2233.15              1            288  
    12         455           2216.6              1            241  
    13         490          2184.97              1            193  
    14         525          2164.87              1            190  
    15         560          2154.26              1            143  
    16         595          2149.51              1            115  
    17         630          2144.72              1            112  
    18         665          2140.32              1           98.2  
    19         700          2135.95              1            153  
                                                        First-order 
 Iteration  Func-count       f(x)        Step-size       optimality
    20         735          2130.29              1            162  
    21         770          2123.05              1            155  
    22         805          2114.41              1            209  
    23         840          2107.15              1            177  
    24         875          2102.23              1           79.5  
    25         910          2098.23              1           85.3  
    26         945          2093.77              1            116  
    27         980          2088.49              1            164  
    28        1015          2083.44              1            143  
    29        1050          2077.02              1            210  
    30        1190          2072.17      0.0311706            251  
    31        1225          2067.76              1            216  
    32        1260          2050.19              1            159  
    33        1295          2046.08              1            110  
    34        1330          2041.36              1            102  
    35        1365          2038.74              1            119  
    36        1400          2023.61              1            172  
    37        1435          2013.75              1            164  
    38        1470          2004.73              1            144  
    39        1505          2002.64              1           68.6  
                                                        First-order 
 Iteration  Func-count       f(x)        Step-size       optimality
    40        1540          2000.83              1           67.7  
    41        1575          1999.35              1           70.1  
    42        1610          1996.78              1           61.3  
    43        1645           1994.5              1           89.9  
    44        1680          1992.71              1            105  
    45        1715          1990.59              1            100  
    46        1750          1987.83              1            108  
    47        1785          1985.36              1           82.4  
    48        1820          1983.86              1           68.3  
    49        1855          1982.47              1           60.3  
    50        1890          1980.91              1           57.5  
    51        1925          1979.65              1             46  
    52        1960          1978.74              1           54.2  
    53        1995          1978.02              1           51.5  
    54        2030          1977.29              1           39.1  
    55        2065          1976.21              1           41.2  
    56        2100          1974.83              1           35.2  
    57        2135          1973.78              1           29.2  
    58        2170          1973.34              1           27.5  
    59        2205          1973.13              1           25.7  
                                                        First-order 
 Iteration  Func-count       f(x)        Step-size       optimality
    60        2240          1972.83              1             23  
    61        2275          1972.25              1           19.1  
    62        2310          1971.28              1           22.1  
    63        2345          1970.23              1           19.4  
    64        2380           1969.6              1           19.6  
    65        2485          1969.54           0.19           19.6  
    66        2625          1969.45          0.145           19.5  
    67        3465          1969.43      0.0231393            106  
    68        4270          1969.43    1.99321e-08            999  

Local minimum possible.

fminunc stopped because it cannot decrease the objective function
along the current search direction.




Computing finite-difference Hessian using objective function.
Predicted change in objective function too small.
Current draw: 1000 of 5000
Current draw: 2000 of 5000
Current draw: 3000 of 5000
Current draw: 4000 of 5000
Current draw: 5000 of 5000
Elapsed time is 723.719235 seconds.
Ran Forecast Type 2for Model 104 and Horizon 12
Performing iteration ending on 2012M6 of model 105
Warning: This should be expanded with the country names in case of panel
> In abstvar/abstvar/check_inputs
  In abstvar
  In svar
  In scriptEstimateMode_FULL (line 96)
  In run (line 86)
  In msreg_2reg_endoprob_SVAR_FULL_OOS (line 231)
  In OOS_slurm_IF (line 4)
    'c(3,1,sync,1)>=c(3,1,sync,2)'
    'a0(1,GDPG,sync,1)=0'
    'a0(2,GDPG,sync,1)=0'
    'a0(1,MF,sync,1)=0'
    'a0(1,GDPG,sync,2)=0'
    'a0(2,GDPG,sync,2)=0'
    'a0(1,MF,sync,2)=0'
    'a1(3,GDPG)=0'
    's(3,3,sync,1)<=s(3,3,sync,2)'

 parameter: A12, density:NORMAL, hyperparameters: [0.5 0.5],convergence 0
 parameter: A21, density:NORMAL, hyperparameters: [0.5 0.5],convergence 0
 parameter: B12, density:GAMMA, hyperparameters: [4 0.125],convergence 0
 parameter: C12, density:GAMMA, hyperparameters: [4 0.125],convergence 0
 parameter: B21, density:GAMMA, hyperparameters: [4 0.125],convergence 0
 parameter: C21, density:GAMMA, hyperparameters: [4 0.125],convergence 0
                                                        First-order 
 Iteration  Func-count       f(x)        Step-size       optimality
     0          33          14499.4                      1.35e+04
     1          66          3665.86    7.41512e-05       2.58e+03  
     2          99          2822.13              1       1.39e+03  
     3         132          2474.92              1            762  
     4         165          2193.72              1            292  
     5         198          2120.41              1            134  
     6         231          2099.97              1            129  
     7         264          2088.55              1            170  
     8         297          2069.15              1            214  
     9         330          2039.14              1            205  
    10         363          2011.95              1            176  
    11         396          2003.43              1            153  
    12         429          1993.73              1            108  
    13         462          1986.44              1            136  
    14         495          1978.98              1            123  
    15         528          1969.79              1            168  
    16         561          1962.79              1            156  
    17         594          1954.15              1            115  
    18         627          1946.42              1            108  
    19         660          1943.33              1           78.1  
                                                        First-order 
 Iteration  Func-count       f(x)        Step-size       optimality
    20         693          1940.65              1           65.3  
    21         726          1936.19              1           61.8  
    22         759          1932.92              1           49.5  
    23         792          1931.15              1           41.6  
    24         825           1929.9              1           54.7  
    25         858          1927.25              1           85.7  
    26         891          1922.02              1            146  
    27         924           1913.6              1            194  
    28         957          1906.54              1            142  
    29         990          1903.46              1           48.4  
    30        1023          1901.98              1           41.7  
    31        1056          1900.54              1           68.9  
    32        1089           1897.4              1            111  
    33        1122          1892.69              1            121  
    34        1155           1888.4              1           80.2  
    35        1188          1886.49              1           33.4  
    36        1221           1885.8              1           27.5  
    37        1254          1885.36              1           21.8  
    38        1287          1884.65              1           27.9  
    39        1320          1883.59              1           36.4  
                                                        First-order 
 Iteration  Func-count       f(x)        Step-size       optimality
    40        1353          1882.46              1           41.7  
    41        1386          1881.75              1             33  
    42        1419          1881.27              1           24.7  
    43        1452          1880.55              1           25.2  
    44        1485          1879.43              1           29.5  
    45        1518          1878.14              1           36.2  
    46        1551          1877.15              1           35.1  
    47        1584           1876.5              1           33.7  
    48        1617          1875.87              1           35.4  
    49        1650          1874.62              1           38.5  
    50        1782          1873.78       0.287222           38.7  
    51        2508          1872.97       0.111968           44.1  
    52        3036          1872.97        1.9e-07          1e+03  

Local minimum possible.

fminunc stopped because it cannot decrease the objective function
along the current search direction.




Computing finite-difference Hessian using objective function.
Predicted change in objective function too small.
Current draw: 1000 of 5000
Current draw: 2000 of 5000
Current draw: 3000 of 5000
Current draw: 4000 of 5000
Current draw: 5000 of 5000
Elapsed time is 637.911600 seconds.
Ran Forecast Type 2for Model 105 and Horizon 12
Performing iteration ending on 2012M6 of model 106
Warning: This should be expanded with the country names in case of panel
> In abstvar/abstvar/check_inputs
  In abstvar
  In svar
  In scriptEstimateMode_FULL (line 96)
  In run (line 86)
  In msreg_2reg_endoprob_SVAR_FULL_OOS (line 231)
  In OOS_slurm_IF (line 4)
    'c(3,1,sync,1)>=c(3,1,sync,2)'
    'a0(1,GDPG)=0'
    'a0(1,MF)=0'
    'a0(2,GDPG)=0'
    'a1(3,GDPG,sync,1)=0'
    'a1(3,GDPG,sync,2)=0'
    's(3,3,sync,1)<=s(3,3,sync,2)'

 parameter: A12, density:NORMAL, hyperparameters: [0.5 0.5],convergence 0
 parameter: A21, density:NORMAL, hyperparameters: [0.5 0.5],convergence 0
 parameter: B12, density:GAMMA, hyperparameters: [4 0.125],convergence 0
 parameter: C12, density:GAMMA, hyperparameters: [4 0.125],convergence 0
 parameter: B21, density:GAMMA, hyperparameters: [4 0.125],convergence 0
 parameter: C21, density:GAMMA, hyperparameters: [4 0.125],convergence 0
                                                        First-order 
 Iteration  Func-count       f(x)        Step-size       optimality
     0          38          14499.4                      1.35e+04
     1          76          3483.46    7.41512e-05       1.78e+03  
     2         114          2934.51              1       1.18e+03  
     3         152          2399.44              1            438  
     4         190          2254.78              1            234  
     5         228          2182.21              1            238  
     6         266          2152.02              1            222  
     7         304          2132.39              1            188  
     8         342          2113.77              1            136  
     9         380          2093.27              1            134  
    10         418          2066.35              1            154  
    11         456          2038.44              1            253  
    12         494          2026.54              1            224  
    13         532          2002.38              1            117  
    14         570           1981.5              1            181  
    15         608          1971.85              1            190  
    16         646          1951.15              1            165  
    17         684          1938.72              1            194  
    18         722          1929.51              1            106  
    19         760          1926.56              1            115  
                                                        First-order 
 Iteration  Func-count       f(x)        Step-size       optimality
    20         798          1921.38              1            126  
    21         836          1913.24              1            180  
    22         874          1904.37              1            178  
    23         912          1898.65              1             71  
    24         950          1896.77              1           44.6  
    25         988          1895.49              1           50.6  
    26        1026          1893.96              1           74.8  
    27        1064           1889.9              1           98.5  
    28        1102          1884.43              1            135  
    29        1140          1878.43              1            130  
    30        1178          1873.15              1            100  
    31        1216          1868.96              1           98.9  
    32        1254          1866.69              1           47.4  
    33        1292          1865.43              1           46.3  
    34        1330          1863.93              1           58.6  
    35        1368          1861.52              1            106  
    36        1406          1858.36              1            119  
    37        1444          1855.98              1           77.8  
    38        1482          1854.97              1           21.9  
    39        1520          1854.71              1             12  
                                                        First-order 
 Iteration  Func-count       f(x)        Step-size       optimality
    40        1558          1854.62              1           10.8  
    41        1596           1854.5              1           10.2  
    42        1634          1854.35              1           13.9  
    43        1672          1854.13              1           18.3  
    44        1748          1854.05       0.326027           17.2  
    45        1862          1853.97           0.19           15.1  
    46        3192          1853.94      0.0912471            194  

Local minimum possible.

fminunc stopped because it cannot decrease the objective function
along the current search direction.




Computing finite-difference Hessian using objective function.
Predicted change in objective function too small.
Current draw: 1000 of 5000
Current draw: 2000 of 5000
Current draw: 3000 of 5000
Current draw: 4000 of 5000
Current draw: 5000 of 5000
Elapsed time is 662.711327 seconds.
Ran Forecast Type 2for Model 106 and Horizon 12
Performing iteration ending on 2012M6 of model 107
Warning: This should be expanded with the country names in case of panel
> In abstvar/abstvar/check_inputs
  In abstvar
  In svar
  In scriptEstimateMode_FULL (line 96)
  In run (line 86)
  In msreg_2reg_endoprob_SVAR_FULL_OOS (line 231)
  In OOS_slurm_IF (line 4)
    'c(3,1,sync,1)>=c(3,1,sync,2)'
    'a0(1,GDPG,sync,1)=0'
    'a0(2,GDPG,sync,1)=0'
    'a0(1,MF,sync,1)=0'
    'a0(1,GDPG,sync,2)=0'
    'a0(2,GDPG,sync,2)=0'
    'a0(1,MF,sync,2)=0'
    'a1(3,GDPG,sync,1)=0'
    'a1(3,GDPG,sync,2)=0'
    's(3,3,sync,1)<=s(3,3,sync,2)'

 parameter: A12, density:NORMAL, hyperparameters: [0.5 0.5],convergence 0
 parameter: A21, density:NORMAL, hyperparameters: [0.5 0.5],convergence 0
 parameter: B12, density:GAMMA, hyperparameters: [4 0.125],convergence 0
 parameter: C12, density:GAMMA, hyperparameters: [4 0.125],convergence 0
 parameter: B21, density:GAMMA, hyperparameters: [4 0.125],convergence 0
 parameter: C21, density:GAMMA, hyperparameters: [4 0.125],convergence 0
                                                        First-order 
 Iteration  Func-count       f(x)        Step-size       optimality
     0          41          14499.4                      1.35e+04
     1          82          3530.71    7.41512e-05       1.86e+03  
     2         123           2958.5              1       1.22e+03  
     3         164          2408.78              1            435  
     4         205          2266.64              1            224  
     5         246          2197.91              1            224  
     6         287          2170.63              1            209  
     7         328          2152.32              1            180  
     8         369          2134.07              1            132  
     9         410          2114.26              1            131  
    10         451          2090.14              1            140  
    11         492          2065.28              1            203  
    12         533          2053.46              1            189  
    13         574          2030.68              1            116  
    14         615          2011.46              1            174  
    15         656          2002.21              1            147  
    16         697           1979.6              1            150  
    17         738          1965.44              1            119  
    18         779           1957.7              1           85.7  
    19         820          1953.55              1            110  
                                                        First-order 
 Iteration  Func-count       f(x)        Step-size       optimality
    20         861          1949.61              1            111  
    21         902          1944.25              1           98.1  
    22         943           1935.6              1           72.2  
    23         984          1929.84              1           64.5  
    24        1025          1926.65              1           56.7  
    25        1066          1924.86              1             40  
    26        1107          1923.66              1           43.2  
    27        1148          1921.89              1           40.4  
    28        1189          1917.67              1           53.2  
    29        1230          1914.42              1             80  
    30        1271          1910.93              1           86.5  
    31        1312          1905.46              1             67  
    32        1353          1897.93              1           66.3  
    33        1394          1891.76              1           69.8  
    34        1435          1888.65              1           67.3  
    35        1476           1886.2              1           52.5  
    36        1517          1883.51              1           53.2  
    37        1558          1880.09              1           67.4  
    38        1599           1875.9              1           70.8  
    39        1640          1871.96              1           62.4  
                                                        First-order 
 Iteration  Func-count       f(x)        Step-size       optimality
    40        1681           1869.7              1           49.4  
    41        1722          1868.22              1           41.1  
    42        1763          1866.84              1           32.6  
    43        1804          1866.02              1             27  
    44        1845          1865.59              1           25.6  
    45        1886          1865.27              1           21.1  
    46        1927          1864.78              1           26.5  
    47        2091          1864.52          0.271           30.6  
    48        3198          1864.44      0.0404736            359  
    49        4346          1864.44    1.47891e-08          1e+03  

Local minimum possible.

fminunc stopped because the size of the current step is less than
the selected value of the step size tolerance.




Local minimum possible.

fminunc stopped because it cannot decrease the objective function
along the current search direction.




Computing finite-difference Hessian using objective function.
Predicted change in objective function too small.
Current draw: 1000 of 5000
Current draw: 2000 of 5000
Current draw: 3000 of 5000
Current draw: 4000 of 5000
Current draw: 5000 of 5000
Elapsed time is 745.038092 seconds.
Ran Forecast Type 2for Model 107 and Horizon 12
Performing iteration ending on 2012M6 of model 108
Warning: This should be expanded with the country names in case of panel
> In abstvar/abstvar/check_inputs
  In abstvar
  In svar
  In scriptEstimateMode_FULL (line 96)
  In run (line 86)
  In msreg_2reg_endoprob_SVAR_FULL_OOS (line 231)
  In OOS_slurm_IF (line 4)
    'c(3,1,sync,1)>=c(3,1,sync,2)'
    'a0(1,GDPG)=0'
    'a0(1,MF)=0'
    'a0(2,GDPG)=0'
    'a1(3,GDPG)=0'
    's(3,3,sync,1)<=s(3,3,sync,2)'

 parameter: A12, density:NORMAL, hyperparameters: [0.5 0.5],convergence 0
 parameter: A21, density:NORMAL, hyperparameters: [0.5 0.5],convergence 0
 parameter: B12, density:GAMMA, hyperparameters: [4 0.125],convergence 0
 parameter: C12, density:GAMMA, hyperparameters: [4 0.125],convergence 0
 parameter: B21, density:GAMMA, hyperparameters: [4 0.125],convergence 0
 parameter: C21, density:GAMMA, hyperparameters: [4 0.125],convergence 0
                                                        First-order 
 Iteration  Func-count       f(x)        Step-size       optimality
     0          28          14499.4                      1.35e+04
     1          56           3578.2    7.41512e-05       2.53e+03  
     2          84          2833.61              1       1.35e+03  
     3         112          2528.78              1            713  
     4         140           2298.2              1            342  
     5         168          2221.26              1            197  
     6         196          2197.85              1            212  
     7         224          2187.93              1            200  
     8         252          2175.65              1            165  
     9         280          2158.17              1            169  
    10         308          2141.13              1            133  
    11         336           2133.3              1            111  
    12         364          2130.09              1           58.9  
    13         392          2127.37              1           48.4  
    14         420           2124.9              1           75.9  
    15         448          2121.38              1            115  
    16         476          2116.06              1            130  
    17         504          2108.57              1            112  
    18         532          2102.13              1           72.2  
    19         560          2098.69              1           62.5  
                                                        First-order 
 Iteration  Func-count       f(x)        Step-size       optimality
    20         588          2096.72              1           60.9  
    21         616          2094.34              1           58.9  
    22         644          2089.61              1           73.3  
    23         672           2081.6              1           79.4  
    24         700          2072.04              1           74.4  
    25         728          2066.25              1           93.5  
    26         756          2063.82              1           91.1  
    27         784           2060.6              1           77.7  
    28         812          2054.69              1            112  
    29         868          2052.62        0.19155            118  
    30         980          2052.57     0.00492629          1e+03  
    31        1036          2041.34       0.249856           70.8  
    32        1064           2039.1              1           32.8  
    33        1092          2037.98              1           24.4  
    34        1120          2037.71              1           24.9  
    35        1148          2035.71              1           27.8  
    36        1176          2034.18              1           37.2  
    37        1204          2032.97              1           40.8  
    38        1232          2032.41              1           34.1  
    39        1260          2031.78              1           25.7  
                                                        First-order 
 Iteration  Func-count       f(x)        Step-size       optimality
    40        1288          2030.84              1           26.5  
    41        1316          2029.24              1            998  
    42        1344          2027.32              1             44  
    43        1372          2026.13              1           33.7  
    44        1400          2025.35              1           25.9  
    45        1428          2024.98              1           26.6  
    46        1456          2023.75              1           27.9  
    47        1484          2022.08              1           27.6  
    48        1512          2018.99              1           31.6  
    49        1540          2015.59              1           53.7  
    50        1568          2013.15              1           62.4  
    51        1596          2012.19              1           55.4  
    52        1624          2011.71              1           43.9  
    53        1652           2011.1              1           23.6  
    54        1680          2010.55              1           13.2  
    55        1708          2010.26              1           13.1  
    56        1736          2010.16              1           13.2  
    57        1764           2010.1              1           13.2  
    58        1792          2009.94              1           12.9  
    59        1820          2009.63              1           16.6  
                                                        First-order 
 Iteration  Func-count       f(x)        Step-size       optimality
    60        1848          2009.08              1             21  
    61        1876          2008.49              1           19.3  
    62        1904          2008.12              1           15.1  
    63        1932          2007.98              1             11  
    64        1960          2007.91              1           12.6  
    65        1988          2007.72              1           14.5  
    66        2016          2007.35              1           15.7  
    67        2044          2006.72              1           17.9  
    68        2072          2006.14              1           28.8  
    69        2100          2005.77              1           31.3  
    70        2128          2005.58              1           27.3  
    71        2156          2005.41              1           20.2  
    72        2184          2005.11              1           8.02  
    73        2212          2004.81              1           7.51  
    74        2240          2004.64              1           11.9  
    75        2268          2004.57              1           11.4  
    76        2296          2004.48              1           9.21  
    77        2324          2004.28              1           12.1  
    78        2352          2003.83              1           15.5  
    79        2380           2002.9              1           17.4  
                                                        First-order 
 Iteration  Func-count       f(x)        Step-size       optimality
    80        2408          2001.57              1           17.2  
    81        2436          2000.59              1           17.2  
    82        2464          2000.29              1           16.8  
    83        2492          2000.19              1           15.3  
    84        2520          2000.09              1           13.6  
    85        2548          1999.87              1           10.8  
    86        2576           1999.5              1             10  
    87        2604          1999.08              1            9.1  
    88        2632          1998.88              1           10.4  
    89        2660          1998.85              1           10.9  
    90        2688          1998.84              1           10.9  
    91        2716          1998.82              1           10.9  
    92        2744          1998.78              1           10.5  
    93        2772          1998.68              1           9.73  
    94        2800          1998.48              1           7.64  
    95        2828          1998.22              1           6.04  
    96        2856          1998.03              1           5.62  
    97        2884          1997.98              1           5.55  
    98        2912          1997.97              1           5.47  
    99        2940          1997.97              1           5.41  
                                                        First-order 
 Iteration  Func-count       f(x)        Step-size       optimality
   100        2968          1997.96              1           5.29  
   101        2996          1997.93              1           5.12  
   102        3024          1997.87              1           4.87  
   103        3052          1997.73              1              5  
   104        3080          1997.53              1           6.94  
   105        3108          1997.36              1           9.52  
   106        3136           1997.3              1           9.74  
   107        3164          1997.28              1           9.03  
   108        3192          1997.26              1           8.16  
   109        3220          1997.23              1           6.24  
   110        3248          1997.16              1           5.35  
   111        3276          1997.15              1            997  
   112        3332          1997.08       0.414855           4.92  
   113        3360          1997.06              1           4.85  
   114        3388          1997.05              1            995  
   115        3444          1997.04       0.271567           4.99  
   116        3472          1997.04              1           4.87  
   117        3500          1997.04              1           4.76  
   118        3528          1997.04              1           4.77  
   119        3556          1997.04              1           4.78  
                                                        First-order 
 Iteration  Func-count       f(x)        Step-size       optimality
   120        3584          1997.03              1           4.78  
   121        3612          1997.03              1           4.79  
   122        3640          1997.01              1           4.79  
   123        3668          1996.98              1           4.76  
   124        3696          1996.94              1            4.7  
   125        3724           1996.9              1           4.61  
   126        3752          1996.88              1           4.58  
   127        3780          1996.88              1           4.63  
   128        3808          1996.88              1           4.63  
   129        3836          1996.88              1           4.63  
   130        3864          1996.88              1           4.64  
   131        3892          1996.88              1           4.64  
   132        3920          1996.88              1           4.64  
   133        3948          1996.87              1           4.65  
   134        3976          1996.86              1           4.67  
   135        4004          1996.86              1           4.66  
   136        4032          1996.85              1           4.65  
   137        4060          1996.85              1           4.64  
   138        4088          1996.85              1           4.64  
   139        4116          1996.85              1           4.64  
                                                        First-order 
 Iteration  Func-count       f(x)        Step-size       optimality
   140        4144          1996.85              1           4.64  
   141        4172          1996.85              1           4.64  
   142        4200          1996.85              1           4.63  
   143        4228          1996.85              1           4.63  
   144        4256          1996.85              1           4.63  
   145        4340          1996.85           0.19           4.64  
   146        4648          1996.85      0.0241533           4.64  
   147        5936          1996.85    2.44784e-06            995  

Local minimum possible.

fminunc stopped because it cannot decrease the objective function
along the current search direction.




Computing finite-difference Hessian using objective function.
Predicted change in objective function too small.
Current draw: 1000 of 5000
Current draw: 2000 of 5000
Current draw: 3000 of 5000
Current draw: 4000 of 5000
Current draw: 5000 of 5000
Elapsed time is 815.576900 seconds.
Ran Forecast Type 2for Model 108 and Horizon 12
