173
------------------------------------------
Setting up environment variables
---
LD_LIBRARY_PATH is .:/opt/MATLAB/R2017a/runtime/glnxa64:/opt/MATLAB/R2017a/bin/glnxa64:/opt/MATLAB/R2017a/sys/os/glnxa64:/opt/MATLAB/R2017a/sys/opengl/lib/glnxa64
Warning: Method directories not allowed in MATLAB path: /if/home/m1pac03/.mcrCache9.2/OOS_sl0/if/gms_research_gar/GAR/MS-VAR/RISE_toolbox2/classes/models/@dsge/private

	Personal pathdef has been created in your preference directory:
	/if/home/m1pac03/.mcrCache9.2/OOS_sl0/.matlab

Running on SLURM; using 1 cores as assigned on this node.

Performing iteration ending on 2013M5 of model 101
Warning: This should be expanded with the country names in case of panel
> In abstvar/abstvar/check_inputs
  In abstvar
  In svar
  In scriptEstimateMode_FULL (line 96)
  In run (line 86)
  In msreg_2reg_endoprob_SVAR_FULL_OOS (line 231)
  In OOS_slurm_IF (line 4)
    'c(3,1,sync,1)>=c(3,1,sync,2)'
    'a0(1,GDPG)=0'
    'a0(1,MF)=0'
    'a0(2,GDPG)=0'
    'a1(3,GDPG)=0'

 parameter: A12, density:NORMAL, hyperparameters: [0.5 0.5],convergence 0
 parameter: A21, density:NORMAL, hyperparameters: [0.5 0.5],convergence 0
 parameter: B12, density:GAMMA, hyperparameters: [4 0.125],convergence 0
 parameter: C12, density:GAMMA, hyperparameters: [4 0.125],convergence 0
 parameter: B21, density:GAMMA, hyperparameters: [4 0.125],convergence 0
 parameter: C21, density:GAMMA, hyperparameters: [4 0.125],convergence 0
                                                        First-order 
 Iteration  Func-count       f(x)        Step-size       optimality
     0          27          14680.1                      2.24e+04
     1          54          3629.28    4.45799e-05       2.02e+03  
     2          81          3126.78              1       1.48e+03  
     3         108          2483.92              1            596  
     4         135          2332.71              1            272  
     5         162          2283.34              1            199  
     6         189          2270.52              1            212  
     7         216          2262.09              1            207  
     8         243          2250.31              1            181  
     9         270           2235.1              1            129  
    10         297          2220.03              1            197  
    11         324          2211.62              1            192  
    12         351          2205.07              1            133  
    13         378          2197.75              1           76.8  
    14         405          2195.21              1           73.6  
    15         432          2193.14              1           73.7  
    16         459          2189.45              1           82.9  
    17         486          2181.43              1            131  
    18         513          2170.06              1            155  
    19         540           2161.4              1            111  
                                                        First-order 
 Iteration  Func-count       f(x)        Step-size       optimality
    20         567          2156.58              1             91  
    21         594          2154.37              1           85.6  
    22         621          2152.33              1           76.6  
    23         648          2145.67              1            111  
    24         675          2135.18              1            154  
    25         702          2123.76              1            139  
    26         729          2116.91              1            105  
    27         756          2113.71              1            112  
    28         783          2111.87              1            104  
    29         810           2107.8              1           77.5  
    30         837          2101.81              1           96.7  
    31         864          2095.35              1           90.1  
    32         891          2092.72              1           47.4  
    33         918          2092.25              1           18.9  
    34         945          2092.18              1           13.8  
    35         972          2092.06              1           13.5  
    36         999          2091.82              1           13.4  
    37        1026           2091.5              1           22.4  
    38        1053          2091.22              1           26.3  
    39        1080          2091.06              1           21.7  
                                                        First-order 
 Iteration  Func-count       f(x)        Step-size       optimality
    40        1107          2090.94              1           23.4  
    41        1134          2090.71              1           24.1  
    42        1161          2090.24              1           22.5  
    43        1188          2089.37              1           23.9  
    44        1215          2088.36              1           27.8  
    45        1242          2087.79              1           14.7  
    46        1269          2087.63              1           12.5  
    47        1296          2087.57              1           11.5  
    48        1323          2087.46              1           10.9  
    49        1350           2087.2              1           19.9  
    50        1377          2086.73              1           27.7  
    51        1404          2086.17              1           26.3  
    52        1431          2085.82              1           15.4  
    53        1458          2085.71              1           15.4  
    54        1485          2085.65              1           14.4  
    55        1512          2085.55              1           14.7  
    56        1539          2085.32              1             14  
    57        1566          2084.97              1           17.1  
    58        1593          2084.64              1           12.9  
    59        1620           2084.5              1           7.37  
                                                        First-order 
 Iteration  Func-count       f(x)        Step-size       optimality
    60        1647          2084.47              1           6.98  
    61        1674          2084.45              1           7.28  
    62        1701           2084.4              1           7.38  
    63        1728          2084.32              1           8.47  
    64        1755          2084.18              1           9.49  
    65        1782          2084.07              1           6.07  
    66        1809          2084.03              1           3.37  
    67        1836          2084.03              1           3.41  
    68        1863          2084.02              1           3.42  
    69        1890          2084.02              1           3.42  
    70        1917             2084              1           3.43  
    71        1944          2083.97              1           3.82  
    72        1971          2083.91              1           4.91  
    73        1998          2083.85              1           8.21  
    74        2025           2083.8              1           11.8  
    75        2052          2083.77              1           13.4  
    76        2079          2083.73              1           14.2  
    77        2106          2083.64              1           15.3  
    78        2133          2083.37              1           18.1  
    79        2214          2080.53        1.65238           42.6  
                                                        First-order 
 Iteration  Func-count       f(x)        Step-size       optimality
    80        2268          2080.14        0.11447           48.1  
    81        2295          2076.36              1           53.3  
    82        2322          2069.53              1           56.9  
    83        2349          2067.02              1           38.3  
    84        2376          2065.13              1           25.3  
    85        2403          2063.85              1           20.8  
    86        2430          2062.17              1           18.8  
    87        2457          2061.95              1           19.8  
    88        2484          2061.82              1           20.6  
    89        2511          2061.72              1           20.5  
    90        2538           2061.4              1           23.1  
    91        2565          2060.91              1           31.1  
    92        2592          2060.29              1           25.8  
    93        2619          2059.86              1             14  
    94        2646          2059.72              1             15  
    95        2673          2059.67              1             15  
    96        2700          2059.59              1           14.6  
    97        2727          2059.36              1           12.5  
    98        2781          2059.05            0.1           9.77  
    99        2835          2058.91            0.1           11.4  
                                                        First-order 
 Iteration  Func-count       f(x)        Step-size       optimality
   100        2862          2058.66              1           9.62  
   101        2889          2058.06              1             21  
   102        2916          2057.72              1           21.9  
   103        2943          2057.22              1           19.2  
   104        2970          2056.95              1           9.53  
   105        2997          2056.77              1           7.51  
   106        3024          2056.71              1           7.84  
   107        3051          2056.68              1           8.41  
   108        3078          2056.64              1           9.04  
   109        3105          2056.54              1           9.77  
   110        3132          2056.32              1           16.3  
   111        3159          2055.89              1             25  
   112        3186          2055.14              1           28.2  
   113        3240           2054.2            0.5           25.3  
   114        3294          2054.03            0.5           19.1  
   115        3321          2053.88              1           9.13  
   116        3348          2053.84              1           9.48  
   117        3375          2053.78              1           9.63  
   118        3402          2053.63              1           9.13  
   119        3429          2053.36              1           8.85  
                                                        First-order 
 Iteration  Func-count       f(x)        Step-size       optimality
   120        3456          2052.93              1           11.2  
   121        3483          2052.54              1           8.97  
   122        3510          2052.36              1           8.53  
   123        3537          2052.32              1              9  
   124        3564          2052.29              1           8.87  
   125        3591          2052.23              1            8.5  
   126        3618          2052.12              1           8.68  
   127        3645          2051.91              1           13.9  
   128        3672          2051.51              1             19  
   129        3699          2050.89              1           20.5  
   130        3726          2050.23              1           15.2  
   131        3753          2049.96              1           7.06  
   132        3780          2049.91              1           6.86  
   133        3807           2049.9              1           6.75  
   134        3834           2049.9              1           6.73  
   135        3861          2049.87              1           6.64  
   136        3888          2049.83              1           6.53  
   137        3915           2049.7              1           11.1  
   138        3942          2049.44              1           17.3  
   139        3969          2048.96              1           21.5  
                                                        First-order 
 Iteration  Func-count       f(x)        Step-size       optimality
   140        3996          2048.48              1           17.5  
   141        4023          2048.22              1           6.49  
   142        4050          2048.18              1           3.33  
   143        4077          2048.17              1           3.18  
   144        4104          2048.17              1            3.1  
   145        4131          2048.16              1            2.9  
   146        4158          2048.14              1           2.62  
   147        4185          2048.09              1           3.53  
   148        4212          2047.99              1           5.22  
   149        4239          2047.84              1           5.51  
   150        4266          2047.71              1           3.53  
   151        4293          2047.66              1           1.32  
   152        4320          2047.65              1            1.1  
   153        4347          2047.65              1           1.09  
   154        4374          2047.65              1           1.09  
   155        4401          2047.65              1            1.1  
   156        4428          2047.65              1           1.12  
   157        4455          2047.65              1           1.14  
   158        4482          2047.63              1           1.16  
   159        4509          2047.61              1           1.38  
                                                        First-order 
 Iteration  Func-count       f(x)        Step-size       optimality
   160        4536          2047.56              1           1.71  
   161        4563          2047.51              1            1.5  
   162        4590          2047.48              1           0.75  
   163        4617          2047.47              1          0.221  
   164        4644          2047.47              1          0.219  
   165        4671          2047.47              1          0.219  
   166        4698          2047.47              1          0.219  
   167        4725          2047.47              1          0.219  
   168        4752          2047.47              1          0.221  
   169        4779          2047.47              1           0.44  
   170        4806          2047.47              1          0.745  
   171        4833          2047.47              1           1.21  
   172        4860          2047.47              1           1.76  
   173        4887          2047.46              1           2.08  
   174        4914          2047.46              1            1.6  
   175        4941          2047.45              1          0.612  
   176        4968          2047.45              1         0.0788  
   177        4995          2047.45              1         0.0185  
   178        5022          2047.45              1         0.0192  
   179        5049          2047.45              1         0.0192  
                                                        First-order 
 Iteration  Func-count       f(x)        Step-size       optimality
   180        5076          2047.45              1         0.0193  
   181        5103          2047.45              1         0.0193  
   182        5130          2047.45              1         0.0198  
   183        5157          2047.45              1          0.023  
   184        5184          2047.45              1         0.0372  
   185        5211          2047.45              1         0.0514  
   186        5238          2047.45              1          0.055  
   187        5265          2047.45              1          0.037  
   188        5292          2047.45              1         0.0106  
   189        5319          2047.45              1        0.00143  
   190        5346          2047.45              1        0.00109  
   191        5373          2047.45              1        0.00108  

Local minimum possible.

fminunc stopped because it cannot decrease the objective function
along the current search direction.




Computing finite-difference Hessian using objective function.
Predicted change in objective function too small.
Current draw: 1000 of 5000
Current draw: 2000 of 5000
Current draw: 3000 of 5000
Current draw: 4000 of 5000
Current draw: 5000 of 5000
Elapsed time is 860.444365 seconds.
Ran Forecast Type 2for Model 101 and Horizon 12
Performing iteration ending on 2013M5 of model 102
Warning: This should be expanded with the country names in case of panel
> In abstvar/abstvar/check_inputs
  In abstvar
  In svar
  In scriptEstimateMode_FULL (line 96)
  In run (line 86)
  In msreg_2reg_endoprob_SVAR_FULL_OOS (line 231)
  In OOS_slurm_IF (line 4)
    'c(3,1,sync,1)>=c(3,1,sync,2)'
    'a0(1,GDPG)=0'
    'a0(1,MF)=0'
    'a0(2,GDPG)=0'
    'a1(3,GDPG)=0'
    's(3,3,sync,1)<=s(3,3,sync,2)'

 parameter: A12, density:NORMAL, hyperparameters: [0.5 0.5],convergence 0
 parameter: A21, density:NORMAL, hyperparameters: [0.5 0.5],convergence 0
 parameter: B12, density:GAMMA, hyperparameters: [4 0.125],convergence 0
 parameter: C12, density:GAMMA, hyperparameters: [4 0.125],convergence 0
 parameter: B21, density:GAMMA, hyperparameters: [4 0.125],convergence 0
 parameter: C21, density:GAMMA, hyperparameters: [4 0.125],convergence 0
                                                        First-order 
 Iteration  Func-count       f(x)        Step-size       optimality
     0          30          14680.1                      1.36e+04
     1          60           3679.3    7.37815e-05       2.66e+03  
     2          90          2854.53              1       1.49e+03  
     3         120          2513.15              1            779  
     4         150          2228.19              1            302  
     5         180          2153.66              1            142  
     6         210           2131.8              1            138  
     7         240          2118.34              1            194  
     8         270          2094.63              1            240  
     9         300          2057.46              1            226  
    10         330           2028.4              1            198  
    11         360          2018.39              1            142  
    12         390          2007.62              1            105  
    13         420          2003.18              1            108  
    14         450          1992.38              1            152  
    15         480          1983.39              1            177  
    16         510          1972.03              1            139  
    17         540          1960.78              1            166  
    18         570          1955.63              1            117  
    19         600          1952.82              1           80.8  
                                                        First-order 
 Iteration  Func-count       f(x)        Step-size       optimality
    20         630          1947.32              1           94.2  
    21         660          1943.05              1            107  
    22         690          1940.18              1             61  
    23         720           1938.5              1           57.1  
    24         750          1936.23              1           82.6  
    25         780          1931.68              1            184  
    26         810          1924.09              1            259  
    27         840          1916.56              1            220  
    28         870          1912.89              1           78.4  
    29         900          1911.61              1           48.8  
    30         930          1910.69              1           58.2  
    31         960          1908.32              1            121  
    32         990          1905.43              1            139  
    33        1020          1903.17              1           87.2  
    34        1050          1902.41              1             29  
    35        1080          1902.16              1           26.3  
    36        1110          1901.91              1           29.8  
    37        1140          1901.52              1           42.3  
    38        1170          1901.07              1           36.5  
    39        1200          1900.79              1           17.2  
                                                        First-order 
 Iteration  Func-count       f(x)        Step-size       optimality
    40        1230          1900.66              1           18.1  
    41        1260          1900.54              1           16.1  
    42        1290          1900.32              1           27.2  
    43        1320          1899.89              1           39.3  
    44        1350          1899.32              1           38.9  
    45        1380          1898.88              1             21  
    46        1410          1898.67              1             20  
    47        1440          1898.53              1           22.3  
    48        1470          1898.23              1           27.9  
    49        1500          1897.64              1           46.3  
    50        1530          1896.66              1           56.6  
    51        1560          1895.74              1             43  
    52        1590          1895.34              1             15  
    53        1620          1895.26              1           7.37  
    54        1650          1895.23              1           6.98  
    55        1680          1895.16              1           13.9  
    56        1710          1895.02              1           21.1  
    57        1740          1894.83              1           21.9  
    58        1770          1894.69              1           12.2  
    59        1800          1894.65              1           3.84  
                                                        First-order 
 Iteration  Func-count       f(x)        Step-size       optimality
    60        1830          1894.64              1           3.51  
    61        1860          1894.63              1            3.3  
    62        1890          1894.61              1           5.95  
    63        1920          1894.57              1           8.31  
    64        1950          1894.51              1           8.25  
    65        1980          1894.47              1           4.66  
    66        2010          1894.46              1           3.09  
    67        2040          1894.45              1           2.65  
    68        2070          1894.44              1           2.64  
    69        2100          1894.43              1           3.69  
    70        2130           1894.4              1           5.58  
    71        2160          1894.36              1           5.95  
    72        2190          1894.32              1           3.75  
    73        2220          1894.31              1           2.99  
    74        2250          1894.31              1           3.12  
    75        2280           1894.3              1           3.06  
    76        2310          1894.28              1           3.05  
    77        2340          1894.24              1           4.89  
    78        2370          1894.19              1           5.58  
    79        2400          1894.14              1            3.8  
                                                        First-order 
 Iteration  Func-count       f(x)        Step-size       optimality
    80        2430          1894.13              1           2.87  
    81        2460          1894.12              1           2.86  
    82        2490          1894.11              1            2.8  
    83        2520           1894.1              1           2.68  
    84        2550          1894.06              1           4.23  
    85        2580          1894.01              1            4.9  
    86        2610          1893.96              1           3.35  
    87        2640          1893.93              1           3.11  
    88        2670          1893.93              1           2.49  
    89        2700          1893.92              1           2.45  
    90        2730          1893.91              1           2.25  
    91        2760          1893.89              1            2.8  
    92        2820          1893.88         0.2502            2.8  
    93        2910          1893.86           0.19           2.54  
    94        3630          1893.86      0.0521723            130  

Local minimum possible.

fminunc stopped because it cannot decrease the objective function
along the current search direction.




Computing finite-difference Hessian using objective function.
srun: error: unpackmem: Buffer to be unpacked is too large (1496288394 > 1073741824)
srun: error: unpack error in io_init_msg_unpack
srun: error: Invalid IO init header version
srun: error: unpackmem: Buffer to be unpacked is too large (2794890645 > 1073741824)
srun: error: unpack error in io_init_msg_unpack
srun: error: Invalid IO init header version
srun: error: io_init_msg_read too small
srun: error: failed reading io init message
srun: error: unpackmem: Buffer to be unpacked is too large (3477143342 > 1073741824)
srun: error: unpack error in io_init_msg_unpack
srun: error: Invalid IO init header version
srun: error: unpackmem: Buffer to be unpacked is too large (3354340199 > 1073741824)
srun: error: unpack error in io_init_msg_unpack
srun: error: Invalid IO init header version
srun: error: unpackmem: Buffer to be unpacked is too large (4040610512 > 1073741824)
srun: error: slurm_receive_msg: Transport endpoint is not connected
srun: error: unpack error in io_init_msg_unpack
srun: error: Invalid IO init header version
srun: error: slurm_receive_msg[10.26.24.30]: Transport endpoint is not connected
srun: error: invalid type trying to be freed 65534
srun: error: unpack error in io_init_msg_unpack
srun: error: Invalid IO init header version
srun: error: slurm_receive_msg: Transport endpoint is not connected
srun: error: slurm_receive_msg[10.26.24.30]: Transport endpoint is not connected
srun: error: invalid type trying to be freed 65534
srun: error: unpack error in io_init_msg_unpack
srun: error: Invalid IO init header version
srun: error: unpack error in io_init_msg_unpack
srun: error: Invalid IO init header version
Predicted change in objective function too small.
srun: error: slurm_receive_msg: Transport endpoint is not connected
srun: error: slurm_receive_msg[10.26.24.30]: Transport endpoint is not connected
srun: error: invalid type trying to be freed 65534
srun: error: io_init_msg_read too small
srun: error: failed reading io init message
srun: error: slurm_receive_msg: Transport endpoint is not connected
srun: error: slurm_receive_msg[10.26.24.30]: Transport endpoint is not connected
srun: error: invalid type trying to be freed 65534
srun: error: slurm_receive_msg: Transport endpoint is not connected
srun: error: slurm_receive_msg[10.26.24.30]: Transport endpoint is not connected
srun: error: invalid type trying to be freed 65534
srun: error: slurm_receive_msg: Transport endpoint is not connected
srun: error: slurm_receive_msg[10.26.24.30]: Transport endpoint is not connected
srun: error: invalid type trying to be freed 65534
srun: error: slurm_receive_msg: Transport endpoint is not connected
srun: error: slurm_receive_msg[10.26.24.30]: Transport endpoint is not connected
srun: error: invalid type trying to be freed 65534
srun: error: slurm_receive_msg: Transport endpoint is not connected
srun: error: slurm_receive_msg[10.26.24.30]: Transport endpoint is not connected
srun: error: invalid type trying to be freed 65534
srun: error: slurm_receive_msg: Insane message length
srun: error: slurm_receive_msg[10.26.24.30]: Insane message length
srun: error: invalid type trying to be freed 65534
srun: error: slurm_receive_msg: Insane message length
srun: error: slurm_receive_msg[10.26.24.30]: Insane message length
srun: error: invalid type trying to be freed 65534
Current draw: 1000 of 5000
Current draw: 2000 of 5000
Current draw: 3000 of 5000
Current draw: 4000 of 5000
srun: error: slurm_receive_msg: Transport endpoint is not connected
srun: error: slurm_receive_msg[10.26.24.30]: Transport endpoint is not connected
srun: error: invalid type trying to be freed 65534
srun: error: slurm_receive_msg: Transport endpoint is not connected
srun: error: slurm_receive_msg[10.26.24.30]: Transport endpoint is not connected
srun: error: invalid type trying to be freed 65534
srun: error: slurm_receive_msg: Transport endpoint is not connected
srun: error: slurm_receive_msg[10.26.24.30]: Transport endpoint is not connected
srun: error: invalid type trying to be freed 65534
srun: error: slurm_receive_msg: Transport endpoint is not connected
srun: error: slurm_receive_msg[10.26.24.30]: Transport endpoint is not connected
srun: error: invalid type trying to be freed 65534
srun: error: slurm_receive_msg: Transport endpoint is not connected
srun: error: slurm_receive_msg[10.26.24.30]: Transport endpoint is not connected
srun: error: invalid type trying to be freed 65534
srun: error: slurm_receive_msg: Transport endpoint is not connected
srun: error: slurm_receive_msg[10.26.24.30]: Transport endpoint is not connected
srun: error: invalid type trying to be freed 65534
srun: error: slurm_receive_msg: Transport endpoint is not connected
srun: error: slurm_receive_msg[10.26.24.30]: Transport endpoint is not connected
srun: error: invalid type trying to be freed 65534
srun: error: slurm_receive_msg: Transport endpoint is not connected
srun: error: slurm_receive_msg[10.26.24.30]: Transport endpoint is not connected
srun: error: invalid type trying to be freed 65534
Current draw: 5000 of 5000
Elapsed time is 723.045453 seconds.
Ran Forecast Type 2for Model 102 and Horizon 12
Performing iteration ending on 2013M5 of model 103
Warning: This should be expanded with the country names in case of panel
> In abstvar/abstvar/check_inputs
  In abstvar
  In svar
  In scriptEstimateMode_FULL (line 96)
  In run (line 86)
  In msreg_2reg_endoprob_SVAR_FULL_OOS (line 231)
  In OOS_slurm_IF (line 4)
    'c(3,1,sync,1)>=c(3,1,sync,2)'
    'a0(1,GDPG,sync,1)=0'
    'a0(2,GDPG,sync,1)=0'
    'a0(1,MF,sync,1)=0'
    'a0(1,GDPG,sync,2)=0'
    'a0(2,GDPG,sync,2)=0'
    'a0(1,MF,sync,2)=0'
    'a1(3,GDPG)=0'

 parameter: A12, density:NORMAL, hyperparameters: [0.5 0.5],convergence 0
 parameter: A21, density:NORMAL, hyperparameters: [0.5 0.5],convergence 0
 parameter: B12, density:GAMMA, hyperparameters: [4 0.125],convergence 0
 parameter: C12, density:GAMMA, hyperparameters: [4 0.125],convergence 0
 parameter: B21, density:GAMMA, hyperparameters: [4 0.125],convergence 0
 parameter: C21, density:GAMMA, hyperparameters: [4 0.125],convergence 0
                                                        First-order 
 Iteration  Func-count       f(x)        Step-size       optimality
     0          30          14680.1                      2.24e+04
srun: error: slurm_receive_msg: Insane message length
srun: error: slurm_receive_msg[10.26.24.30]: Insane message length
srun: error: invalid type trying to be freed 65534
     1          60          3677.34    4.45799e-05       2.11e+03  
     2          90          3155.32              1       1.53e+03  
     3         120          2495.08              1            612  
     4         150          2341.39              1            277  
srun: error: slurm_receive_msg: Insane message length
srun: error: slurm_receive_msg[10.26.24.30]: Insane message length
srun: error: invalid type trying to be freed 65534
     5         180          2292.89              1            195  
     6         210          2280.71              1            208  
     7         240           2272.4              1            203  
     8         270          2260.07              1            177  
     9         300          2244.66              1            121  
    10         330          2230.59              1            174  
    11         360          2223.74              1            189  
    12         390          2218.93              1            152  
    13         420          2211.03              1           70.4  
    14         450          2206.01              1           71.9  
    15         480           2203.7              1           80.7  
    16         510          2201.19              1           84.9  
    17         540          2195.56              1           95.3  
    18         570          2186.64              1            135  
    19         600          2178.25              1            112  
                                                        First-order 
 Iteration  Func-count       f(x)        Step-size       optimality
    20         630          2173.91              1             55  
    21         660          2172.03              1           57.9  
    22         690          2171.03              1           54.6  
    23         720          2168.24              1           66.5  
    24         750          2162.48              1            111  
    25         780          2152.53              1            136  
    26         810          2143.27              1            102  
    27         840          2138.07              1           86.9  
    28         870          2135.88              1             87  
    29         900          2134.15              1           78.3  
    30         930          2130.23              1           77.3  
    31         960          2124.03              1           97.6  
    32         990          2116.81              1           81.7  
    33        1020          2113.14              1           35.9  
    34        1050          2112.16              1           35.1  
    35        1080          2111.73              1           32.4  
    36        1110          2110.78              1           33.1  
    37        1140          2108.94              1           48.2  
    38        1170          2106.11              1           49.1  
    39        1200          2103.68              1           26.5  
                                                        First-order 
 Iteration  Func-count       f(x)        Step-size       optimality
    40        1230          2102.65              1           18.5  
    41        1260          2102.42              1           18.9  
    42        1290          2102.23              1           18.1  
    43        1320          2101.81              1           21.3  
    44        1350          2101.09              1           19.7  
    45        1380          2100.16              1           23.2  
    46        1410          2099.48              1           24.1  
    47        1440          2099.12              1           27.2  
    48        1470          2098.82              1           26.3  
    49        1500          2098.24              1           29.7  
    50        1530          2097.15              1           33.3  
    51        1560          2095.56              1           28.7  
    52        1590          2094.29              1           20.4  
    53        1620          2093.79              1           25.3  
    54        1650          2093.55              1           25.6  
    55        1680          2093.14              1           25.2  
    56        1710          2092.25              1           23.1  
    57        1740          2090.48              1           29.8  
srun: error: unpackmem: Buffer to be unpacked is too large (1951163745 > 1073741824)
srun: error: unpack error in io_init_msg_unpack
srun: error: Invalid IO init header version
srun: error: io_init_msg_read too small
srun: error: failed reading io init message
srun: error: unpackmem: Buffer to be unpacked is too large (1935765607 > 1073741824)
srun: error: unpack error in io_init_msg_unpack
srun: error: Invalid IO init header version
    58        1770          2087.98              1           40.4  
srun: error: slurm_receive_msg: Insane message length
srun: error: slurm_receive_msg[10.26.24.30]: Insane message length
srun: error: invalid type trying to be freed 65534
    59        1800          2085.92              1           34.9  
                                                        First-order 
 Iteration  Func-count       f(x)        Step-size       optimality
    60        1830          2085.07              1             25  
srun: error: slurm_receive_msg: Insane message length
srun: error: slurm_receive_msg[10.26.24.30]: Insane message length
srun: error: invalid type trying to be freed 65534
srun: error: unpackmem_xmalloc: Buffer to be unpacked is too large (1684369920 > 1073741824)
srun: error: unpacking header
srun: error: destroy_forward: no init
srun: error: slurm_receive_msg: Message receive failure
srun: error: slurm_receive_msg[10.26.24.30]: Message receive failure
srun: error: invalid type trying to be freed 65534
srun: error: unpackmem_xmalloc: Buffer to be unpacked is too large (1885828912 > 1073741824)
srun: error: unpacking header
srun: error: destroy_forward: no init
srun: error: slurm_receive_msg: Message receive failure
srun: error: slurm_receive_msg[10.26.24.30]: Message receive failure
srun: error: invalid type trying to be freed 65534
    61        1860          2084.75              1           23.2  
    62        1890          2084.26              1           22.3  
    63        1920          2083.25              1           21.6  
    64        1950          2081.72              1           33.2  
    65        1980          2080.27              1           44.3  
    66        2010          2079.37              1           43.2  
srun: error: slurm_receive_msg: Insane message length
srun: error: slurm_receive_msg[10.26.24.30]: Insane message length
srun: error: invalid type trying to be freed 65534
    67        2040          2078.86              1           36.7  
    68        2070          2078.34              1           37.1  
    69        2100          2077.32              1           36.8  
    70        2130           2075.8              1           28.1  
    71        2160           2074.5              1           16.5  
    72        2190          2074.07              1           10.8  
srun: error: io_init_msg_read too small
srun: error: failed reading io init message
    73        2220             2074              1            9.6  
    74        2250          2073.97              1              9  
    75        2280          2073.87              1           8.99  
    76        2310          2073.68              1           10.4  
    77        2340          2073.31              1           14.6  
    78        2370          2072.89              1           13.4  
srun: error: unpack error in io_init_msg_unpack
srun: error: Invalid IO init header version
    79        2400          2072.64              1           10.1  
                                                        First-order 
 Iteration  Func-count       f(x)        Step-size       optimality
    80        2430          2072.57              1           9.68  
    81        2460          2072.54              1           8.83  
    82        2490          2072.49              1           7.37  
    83        2520          2072.36              1           10.2  
    84        2550          2072.08              1           15.1  
srun: error: slurm_receive_msg: Transport endpoint is not connected
srun: error: slurm_receive_msg[10.26.24.30]: Transport endpoint is not connected
srun: error: invalid type trying to be freed 65534
    85        2580          2071.61              1           17.4  
    86        2610          2071.13              1           19.4  
    87        2640           2070.9              1           22.1  
    88        2670          2070.82              1           21.1  
    89        2700          2070.74              1           19.3  
    90        2730          2070.56              1           15.4  
    91        2760          2070.15              1           17.9  
    92        2790          2069.26              1           25.5  
srun: error: slurm_receive_msg: Insane message length
srun: error: slurm_receive_msg[10.26.24.30]: Insane message length
srun: error: invalid type trying to be freed 65534
srun: error: unpackmem_xmalloc: Buffer to be unpacked is too large (1885828912 > 1073741824)
srun: error: unpacking header
srun: error: destroy_forward: no init
srun: error: slurm_receive_msg: Message receive failure
srun: error: slurm_receive_msg[10.26.24.30]: Message receive failure
srun: error: invalid type trying to be freed 65534
srun: error: unpackmem_xmalloc: Buffer to be unpacked is too large (1684369920 > 1073741824)
srun: error: unpacking header
srun: error: destroy_forward: no init
srun: error: slurm_receive_msg: Message receive failure
srun: error: slurm_receive_msg[10.26.24.30]: Message receive failure
srun: error: invalid type trying to be freed 65534
    93        2850          2068.73       0.452022           29.6  
    94        2880          2068.14              1           18.3  
    95        2910          2067.75              1           13.9  
    96        2940          2067.68              1           13.7  
    97        2970          2067.52              1           12.8  
    98        3000          2067.15              1           13.9  
    99        3030          2066.27              1             22  
                                                        First-order 
 Iteration  Func-count       f(x)        Step-size       optimality
   100        3060          2065.24              1             31  
   101        3090          2063.56              1           39.8  
   102        3120          2060.74              1           38.8  
   103        3150          2060.29              1           18.6  
   104        3180          2060.12              1           16.5  
   105        3210          2060.02              1           15.2  
   106        3240          2059.74              1           14.7  
   107        3270          2059.14              1           25.3  
srun: error: slurm_receive_msg: Insane message length
srun: error: slurm_receive_msg[10.26.24.30]: Insane message length
srun: error: invalid type trying to be freed 65534
   108        3300          2058.05              1           29.9  
   109        3330          2056.89              1           24.2  
srun: error: slurm_receive_msg: Transport endpoint is not connected
srun: error: slurm_receive_msg[10.26.24.30]: Transport endpoint is not connected
srun: error: invalid type trying to be freed 65534
   110        3360          2056.35              1           8.55  
   111        3390          2056.27              1           7.33  
   112        3420          2056.25              1           6.76  
   113        3450          2056.22              1           6.12  
   114        3480          2056.16              1           5.96  
   115        3510          2056.02              1           8.53  
   116        3540          2055.72              1           13.4  
   117        3570          2055.18              1           22.1  
   118        3600          2054.48              1           29.8  
   119        3630          2053.94              1             25  
                                                        First-order 
 Iteration  Func-count       f(x)        Step-size       optimality
   120        3660          2053.71              1             11  
   121        3690          2053.66              1           7.58  
   122        3720          2053.64              1           7.31  
srun: error: slurm_receive_msg: Transport endpoint is not connected
srun: error: slurm_receive_msg[10.26.24.30]: Transport endpoint is not connected
srun: error: invalid type trying to be freed 65534
   123        3750          2053.62              1           6.91  
   124        3780          2053.58              1           6.52  
   125        3810          2053.51              1           8.81  
   126        3840          2053.36              1           10.1  
   127        3870          2053.17              1           8.38  
   128        3900          2053.03              1           3.77  
   129        3930             2053              1            2.7  
   130        3960          2052.99              1           2.69  
srun: error: unpack error in io_init_msg_unpack
srun: error: Invalid IO init header version
   131        3990          2052.99              1           2.66  
srun: error: unpackmem: Buffer to be unpacked is too large (1681731632 > 1073741824)
srun: error: unpack error in io_init_msg_unpack
srun: error: Invalid IO init header version
   132        4020          2052.98              1           2.62  
   133        4050          2052.96              1           2.54  
   134        4080          2052.92              1           2.52  
   135        4110          2052.81              1           3.78  
   136        4140          2052.59              1           5.05  
   137        4170          2052.26              1           5.25  
   138        4200          2051.99              1           3.51  
   139        4230           2051.9              1           2.61  
                                                        First-order 
 Iteration  Func-count       f(x)        Step-size       optimality
   140        4260          2051.89              1           2.85  
   141        4290          2051.89              1           2.85  
   142        4320          2051.89              1           2.83  
   143        4350          2051.89              1           2.78  
   144        4380          2051.88              1           2.67  
   145        4410          2051.86              1           2.42  
   146        4440          2051.81              1            2.7  
   147        4470          2051.73              1           3.23  
   148        4500          2051.63              1           2.45  
   149        4530          2051.59              1          0.884  
   150        4560          2051.58              1          0.275  
   151        4590          2051.58              1          0.281  
   152        4620          2051.58              1          0.284  
   153        4650          2051.58              1          0.287  
   154        4680          2051.58              1          0.292  
   155        4710          2051.58              1          0.299  
   156        4740          2051.58              1          0.377  
   157        4770          2051.57              1          0.613  
   158        4800          2051.57              1          0.849  
   159        4830          2051.57              1          0.856  
                                                        First-order 
 Iteration  Func-count       f(x)        Step-size       optimality
   160        4860          2051.56              1          0.486  
   161        4890          2051.56              1          0.263  
   162        4920          2051.56              1          0.229  
srun: error: slurm_receive_msg: Transport endpoint is not connected
srun: error: slurm_receive_msg[10.26.24.30]: Transport endpoint is not connected
srun: error: invalid type trying to be freed 65534
srun: error: slurm_receive_msg: Transport endpoint is not connected
srun: error: slurm_receive_msg[10.26.24.30]: Transport endpoint is not connected
srun: error: invalid type trying to be freed 65534
srun: error: slurm_receive_msg: Transport endpoint is not connected
srun: error: slurm_receive_msg[10.26.24.30]: Transport endpoint is not connected
srun: error: invalid type trying to be freed 65534
srun: error: slurm_receive_msg: Transport endpoint is not connected
srun: error: slurm_receive_msg[10.26.24.30]: Transport endpoint is not connected
srun: error: invalid type trying to be freed 65534
   163        4950          2051.56              1          0.222  
   164        4980          2051.56              1          0.209  
   165        5010          2051.56              1          0.207  
   166        5040          2051.56              1          0.211  
   167        5070          2051.56              1          0.213  
   168        5100          2051.56              1          0.276  
   169        5130          2051.56              1          0.344  
   170        5160          2051.55              1          0.302  
   171        5190          2051.55              1          0.142  
   172        5220          2051.55              1         0.0827  
   173        5250          2051.55              1         0.0811  
   174        5280          2051.55              1         0.0815  
   175        5310          2051.55              1          0.082  
srun: error: slurm_receive_msg: Insane message length
srun: error: slurm_receive_msg[10.26.24.30]: Insane message length
srun: error: invalid type trying to be freed 65534
   176        5340          2051.55              1         0.0817  
srun: error: slurm_receive_msg: Insane message length
srun: error: slurm_receive_msg[10.26.24.30]: Insane message length
srun: error: invalid type trying to be freed 65534
   177        5370          2051.55              1          0.082  
   178        5400          2051.55              1         0.0796  
   179        5430          2051.55              1         0.0733  
                                                        First-order 
 Iteration  Func-count       f(x)        Step-size       optimality
   180        5460          2051.55              1         0.0561  
   181        5490          2051.55              1         0.0334  
   182        5520          2051.55              1         0.0327  
   183        5550          2051.55              1         0.0249  
   184        5580          2051.55              1         0.0264  
   185        5610          2051.55              1         0.0266  
   186        5640          2051.55              1         0.0266  
   187        5670          2051.55              1         0.0267  
   188        5700          2051.55              1         0.0267  
   189        5730          2051.55              1         0.0266  
   190        5760          2051.55              1         0.0262  
   191        5790          2051.55              1         0.0244  
   192        5820          2051.55              1         0.0193  
   193        5850          2051.55              1         0.0169  
   194        5880          2051.55              1           0.01  
   195        5910          2051.55              1        0.00327  
   196        5940          2051.55              1        0.00153  
   197        5970          2051.55              1        0.00111  
   198        6000          2051.55              1       0.000937  
   199        6060          2051.55       0.316062       0.000854  

Local minimum possible.

fminunc stopped because it cannot decrease the objective function
along the current search direction.




Computing finite-difference Hessian using objective function.
srun: error: slurm_receive_msg: Transport endpoint is not connected
srun: error: slurm_receive_msg[10.26.24.30]: Transport endpoint is not connected
srun: error: invalid type trying to be freed 65534
Predicted change in objective function too small.
srun: error: slurm_receive_msg: Insane message length
srun: error: slurm_receive_msg[10.26.24.30]: Insane message length
srun: error: invalid type trying to be freed 65534
srun: error: slurm_receive_msg: Transport endpoint is not connected
srun: error: slurm_receive_msg[10.26.24.30]: Transport endpoint is not connected
srun: error: invalid type trying to be freed 65534
Current draw: 1000 of 5000
Current draw: 2000 of 5000
Current draw: 3000 of 5000
Current draw: 4000 of 5000
Current draw: 5000 of 5000
Elapsed time is 905.680265 seconds.
Ran Forecast Type 2for Model 103 and Horizon 12
Performing iteration ending on 2013M5 of model 104
Warning: This should be expanded with the country names in case of panel
> In abstvar/abstvar/check_inputs
  In abstvar
  In svar
  In scriptEstimateMode_FULL (line 96)
  In run (line 86)
  In msreg_2reg_endoprob_SVAR_FULL_OOS (line 231)
  In OOS_slurm_IF (line 4)
    'c(3,1,sync,1)>=c(3,1,sync,2)'
    'a0(1,GDPG)=0'
    'a0(1,MF)=0'
    'a0(2,GDPG)=0'
    'a1(3,GDPG,sync,1)=0'
    'a1(3,GDPG,sync,2)=0'

 parameter: A12, density:NORMAL, hyperparameters: [0.5 0.5],convergence 0
 parameter: A21, density:NORMAL, hyperparameters: [0.5 0.5],convergence 0
 parameter: B12, density:GAMMA, hyperparameters: [4 0.125],convergence 0
 parameter: C12, density:GAMMA, hyperparameters: [4 0.125],convergence 0
 parameter: B21, density:GAMMA, hyperparameters: [4 0.125],convergence 0
 parameter: C21, density:GAMMA, hyperparameters: [4 0.125],convergence 0
                                                        First-order 
 Iteration  Func-count       f(x)        Step-size       optimality
     0          35          14680.1                      2.24e+04
     1          70          3722.59    4.45799e-05       2.08e+03  
     2         105           3174.9              1       1.51e+03  
     3         140          2688.44              1            754  
     4         175          2511.15              1            438  
     5         210          2415.14              1            456  
     6         245          2374.57              1            398  
     7         280          2349.75              1            302  
     8         315           2326.1              1            238  
     9         350          2306.02              1            235  
    10         385           2292.3              1            222  
    11         420          2274.82              1            301  
    12         455          2257.29              1            252  
    13         490          2224.01              1            201  
    14         525          2203.41              1            188  
    15         560          2192.78              1            135  
    16         595           2188.3              1            111  
    17         630          2183.82              1            108  
    18         665          2179.71              1           98.7  
    19         700          2175.47              1            152  
                                                        First-order 
 Iteration  Func-count       f(x)        Step-size       optimality
    20         735          2169.67              1            163  
    21         770          2162.07              1            163  
    22         805          2153.34              1            219  
    23         840          2146.01              1            183  
    24         875          2140.65              1             81  
    25         910          2136.38              1           88.2  
    26         945          2131.63              1            124  
    27         980          2126.21              1            167  
    28        1015          2120.94              1            150  
    29        1050          2111.04              1            235  
    30        1085          2105.85              1            185  
    31        1120          2094.61              1            159  
    32        1155          2088.06              1            141  
    33        1190          2080.58              1            129  
    34        1225          2076.14              1            102  
    35        1295          2070.78        0.46527            126  
    36        1330          2066.24              1            118  
    37        1365          2050.14              1            192  
    38        1400          2042.14              1            165  
    39        1435          2035.69              1           48.6  
                                                        First-order 
 Iteration  Func-count       f(x)        Step-size       optimality
    40        1470          2034.15              1           44.3  
    41        1505          2033.35              1           43.8  
    42        1540          2031.01              1           61.2  
    43        1575          2028.57              1           98.4  
    44        1610          2025.53              1            110  
    45        1645          2023.47              1           87.6  
    46        1680          2021.73              1            113  
    47        1715          2019.97              1            104  
    48        1750          2017.79              1           64.5  
    49        1785          2016.48              1           33.4  
    50        1820          2015.94              1           28.3  
    51        1855          2015.43              1           36.6  
    52        1890          2014.59              1           48.8  
    53        1925          2013.29              1           53.2  
    54        1960          2011.65              1             41  
    55        1995          2010.43              1           29.2  
    56        2030          2009.98              1           28.7  
    57        2065          2009.78              1           26.7  
    58        2100          2009.45              1           22.4  
    59        2135          2008.78              1           17.8  
                                                        First-order 
 Iteration  Func-count       f(x)        Step-size       optimality
    60        2170          2007.65              1           21.3  
    61        2205          2006.49              1           18.4  
    62        2310          2006.31           0.19           18.5  
    63        3325          2006.27      0.0276694            678  

Local minimum possible.

fminunc stopped because it cannot decrease the objective function
along the current search direction.




Computing finite-difference Hessian using objective function.
Predicted change in objective function too small.
Current draw: 1000 of 5000
Current draw: 2000 of 5000
Current draw: 3000 of 5000
Current draw: 4000 of 5000
Current draw: 5000 of 5000
Elapsed time is 708.776595 seconds.
Ran Forecast Type 2for Model 104 and Horizon 12
Performing iteration ending on 2013M5 of model 105
Warning: This should be expanded with the country names in case of panel
> In abstvar/abstvar/check_inputs
  In abstvar
  In svar
  In scriptEstimateMode_FULL (line 96)
  In run (line 86)
  In msreg_2reg_endoprob_SVAR_FULL_OOS (line 231)
  In OOS_slurm_IF (line 4)
    'c(3,1,sync,1)>=c(3,1,sync,2)'
    'a0(1,GDPG,sync,1)=0'
    'a0(2,GDPG,sync,1)=0'
    'a0(1,MF,sync,1)=0'
    'a0(1,GDPG,sync,2)=0'
    'a0(2,GDPG,sync,2)=0'
    'a0(1,MF,sync,2)=0'
    'a1(3,GDPG)=0'
    's(3,3,sync,1)<=s(3,3,sync,2)'

 parameter: A12, density:NORMAL, hyperparameters: [0.5 0.5],convergence 0
 parameter: A21, density:NORMAL, hyperparameters: [0.5 0.5],convergence 0
 parameter: B12, density:GAMMA, hyperparameters: [4 0.125],convergence 0
 parameter: C12, density:GAMMA, hyperparameters: [4 0.125],convergence 0
 parameter: B21, density:GAMMA, hyperparameters: [4 0.125],convergence 0
 parameter: C21, density:GAMMA, hyperparameters: [4 0.125],convergence 0
                                                        First-order 
 Iteration  Func-count       f(x)        Step-size       optimality
     0          33          14680.1                      1.36e+04
     1          66          3725.05    7.37815e-05        2.6e+03  
     2          99          2870.19              1       1.43e+03  
     3         132          2516.17              1            769  
     4         165          2234.51              1            295  
     5         198          2162.55              1            138  
     6         231          2142.04              1            136  
     7         264          2129.29              1            186  
     8         297          2106.97              1            230  
     9         330          2073.58              1            209  
    10         363          2047.73              1            186  
    11         396          2039.91              1            150  
    12         429          2027.88              1            125  
    13         462          2022.15              1            133  
    14         495          2011.05              1            154  
    15         528          2002.94              1            177  
    16         561          1994.36              1            138  
    17         594          1984.89              1            130  
    18         627          1979.72              1           92.2  
    19         660          1977.23              1           77.3  
                                                        First-order 
 Iteration  Func-count       f(x)        Step-size       optimality
    20         693          1972.47              1           61.3  
    21         726          1968.57              1           59.1  
    22         759          1966.25              1           44.2  
    23         792           1965.1              1           45.2  
    24         825          1963.26              1           69.4  
    25         858          1959.23              1            118  
    26         891          1951.77              1            183  
    27         924          1943.03              1            178  
    28         957          1938.16              1           78.9  
    29         990          1936.14              1           54.8  
    30        1023          1934.75              1           58.8  
    31        1056          1932.57              1           90.9  
    32        1089          1927.51              1            113  
    33        1122          1922.57              1           83.5  
    34        1155           1920.2              1           34.7  
    35        1188          1919.48              1           30.2  
    36        1221          1919.07              1           24.4  
    37        1254          1918.47              1           23.7  
    38        1287          1917.36              1           34.5  
    39        1320          1915.84              1           43.3  
                                                        First-order 
 Iteration  Func-count       f(x)        Step-size       optimality
    40        1353          1914.63              1           34.7  
    41        1386          1914.09              1           25.5  
    42        1419          1913.69              1           20.8  
    43        1452          1913.01              1             22  
    44        1485          1911.92              1           36.5  
    45        1518           1910.6              1           52.2  
    46        1551          1909.45              1           50.3  
    47        1584           1908.5              1           44.5  
    48        1617          1907.47              1             46  
    49        1683           1906.1       0.685189           41.3  
    50        2607          1905.43       0.153339            301  
    51        3960          1905.43    1.38503e-07          1e+03  

Local minimum possible.

fminunc stopped because it cannot decrease the objective function
along the current search direction.




Computing finite-difference Hessian using objective function.
Predicted change in objective function too small.
Current draw: 1000 of 5000
Current draw: 2000 of 5000
Current draw: 3000 of 5000
Current draw: 4000 of 5000
Current draw: 5000 of 5000
Elapsed time is 745.208271 seconds.
Ran Forecast Type 2for Model 105 and Horizon 12
Performing iteration ending on 2013M5 of model 106
Warning: This should be expanded with the country names in case of panel
> In abstvar/abstvar/check_inputs
  In abstvar
  In svar
  In scriptEstimateMode_FULL (line 96)
  In run (line 86)
  In msreg_2reg_endoprob_SVAR_FULL_OOS (line 231)
  In OOS_slurm_IF (line 4)
    'c(3,1,sync,1)>=c(3,1,sync,2)'
    'a0(1,GDPG)=0'
    'a0(1,MF)=0'
    'a0(2,GDPG)=0'
    'a1(3,GDPG,sync,1)=0'
    'a1(3,GDPG,sync,2)=0'
    's(3,3,sync,1)<=s(3,3,sync,2)'

 parameter: A12, density:NORMAL, hyperparameters: [0.5 0.5],convergence 0
 parameter: A21, density:NORMAL, hyperparameters: [0.5 0.5],convergence 0
 parameter: B12, density:GAMMA, hyperparameters: [4 0.125],convergence 0
 parameter: C12, density:GAMMA, hyperparameters: [4 0.125],convergence 0
 parameter: B21, density:GAMMA, hyperparameters: [4 0.125],convergence 0
 parameter: C21, density:GAMMA, hyperparameters: [4 0.125],convergence 0
                                                        First-order 
 Iteration  Func-count       f(x)        Step-size       optimality
     0          38          14680.1                      1.36e+04
     1          76          3551.84    7.37815e-05       1.79e+03  
     2         114          2993.61              1        1.2e+03  
     3         152          2442.36              1            435  
     4         190          2298.14              1            246  
     5         228           2223.1              1            246  
     6         266          2191.64              1            223  
     7         304          2171.37              1            182  
     8         342           2152.8              1            138  
     9         380          2131.97              1            133  
    10         418           2103.7              1            186  
    11         456          2075.65              1            283  
    12         494          2062.76              1            243  
    13         532          2028.81              1            160  
    14         570          2013.49              1            179  
    15         608          2001.61              1            218  
    16         646          1982.15              1            207  
    17         684          1969.25              1            213  
    18         722           1963.1              1            117  
    19         760          1960.03              1            118  
                                                        First-order 
 Iteration  Func-count       f(x)        Step-size       optimality
    20         798          1953.36              1            135  
    21         836          1945.44              1            185  
    22         874          1937.39              1            131  
    23         912          1933.05              1             64  
    24         950          1931.38              1           40.7  
    25         988          1930.07              1           64.7  
    26        1026          1928.16              1           73.3  
    27        1064          1923.47              1            109  
    28        1102          1918.23              1            127  
    29        1140          1911.65              1            109  
    30        1178          1905.44              1            133  
    31        1216          1901.17              1           80.8  
    32        1254          1899.58              1           31.7  
    33        1292          1898.53              1           40.7  
    34        1330          1896.57              1           85.4  
    35        1368          1893.46              1            124  
    36        1406          1890.52              1            108  
    37        1444          1888.88              1           51.4  
    38        1482          1888.28              1           27.9  
    39        1520          1888.12              1             11  
                                                        First-order 
 Iteration  Func-count       f(x)        Step-size       optimality
    40        1558          1888.02              1           11.4  
    41        1596          1887.92              1           16.6  
    42        1634          1887.79              1           23.6  
    43        1672          1887.63              1           23.2  
    44        1710          1887.46              1           14.9  
    45        1748          1887.33              1           14.3  
    46        1786          1887.25              1           11.1  
    47        1824          1887.15              1             16  
    48        1862          1887.01              1           23.6  
    49        1900          1886.84              1           22.9  
    50        1976          1886.77            0.5           16.9  
    51        2090          1886.74           0.19           13.5  
    52        2280          1886.72         0.1171           11.1  
    53        3306          1886.72      0.0230874           98.7  
    54        4902          1886.72    1.60214e-07          1e+03  

Local minimum possible.

fminunc stopped because it cannot decrease the objective function
along the current search direction.




Computing finite-difference Hessian using objective function.
Predicted change in objective function too small.
Current draw: 1000 of 5000
Current draw: 2000 of 5000
Current draw: 3000 of 5000
Current draw: 4000 of 5000
Current draw: 5000 of 5000
Elapsed time is 828.232220 seconds.
Ran Forecast Type 2for Model 106 and Horizon 12
Performing iteration ending on 2013M5 of model 107
Warning: This should be expanded with the country names in case of panel
> In abstvar/abstvar/check_inputs
  In abstvar
  In svar
  In scriptEstimateMode_FULL (line 96)
  In run (line 86)
  In msreg_2reg_endoprob_SVAR_FULL_OOS (line 231)
  In OOS_slurm_IF (line 4)
    'c(3,1,sync,1)>=c(3,1,sync,2)'
    'a0(1,GDPG,sync,1)=0'
    'a0(2,GDPG,sync,1)=0'
    'a0(1,MF,sync,1)=0'
    'a0(1,GDPG,sync,2)=0'
    'a0(2,GDPG,sync,2)=0'
    'a0(1,MF,sync,2)=0'
    'a1(3,GDPG,sync,1)=0'
    'a1(3,GDPG,sync,2)=0'
    's(3,3,sync,1)<=s(3,3,sync,2)'

 parameter: A12, density:NORMAL, hyperparameters: [0.5 0.5],convergence 0
 parameter: A21, density:NORMAL, hyperparameters: [0.5 0.5],convergence 0
 parameter: B12, density:GAMMA, hyperparameters: [4 0.125],convergence 0
 parameter: C12, density:GAMMA, hyperparameters: [4 0.125],convergence 0
 parameter: B21, density:GAMMA, hyperparameters: [4 0.125],convergence 0
 parameter: C21, density:GAMMA, hyperparameters: [4 0.125],convergence 0
                                                        First-order 
 Iteration  Func-count       f(x)        Step-size       optimality
     0          41          14680.1                      1.36e+04
     1          82          3597.99    7.37815e-05       1.87e+03  
     2         123           3017.2              1       1.23e+03  
     3         164          2452.81              1            434  
     4         205          2310.23              1            234  
     5         246          2239.87              1            231  
     6         287          2211.41              1            211  
     7         328          2191.98              1            176  
     8         369          2173.19              1            134  
     9         410          2153.56              1            131  
    10         451          2128.54              1            170  
    11         492          2103.32              1            226  
    12         533          2090.25              1            208  
    13         574          2058.21              1            128  
    14         615          2043.45              1            164  
    15         656          2031.34              1            158  
    16         697             2010              1            197  
    17         738          1996.44              1            130  
    18         779          1990.48              1           92.1  
    19         820          1986.47              1            124  
                                                        First-order 
 Iteration  Func-count       f(x)        Step-size       optimality
    20         861          1982.74              1            101  
    21         902          1976.61              1            104  
    22         943          1968.39              1           94.2  
    23         984          1963.42              1           73.2  
    24        1025             1961              1             53  
    25        1066          1959.32              1           56.1  
    26        1107           1957.6              1             51  
    27        1148          1954.96              1           61.5  
    28        1189          1952.21              1           66.3  
    29        1230          1949.03              1           85.4  
    30        1271          1944.07              1            110  
    31        1312           1936.7              1             98  
    32        1353          1929.45              1             72  
    33        1394          1925.31              1           80.6  
    34        1435          1922.43              1           69.2  
    35        1476          1919.05              1           40.2  
    36        1517          1916.04              1           63.5  
    37        1558          1912.58              1           79.1  
    38        1599          1909.16              1           74.4  
    39        1640          1906.25              1           50.4  
                                                        First-order 
 Iteration  Func-count       f(x)        Step-size       optimality
    40        1681          1903.29              1           55.5  
    41        1722          1900.67              1             56  
    42        1763          1899.36              1           30.4  
    43        1804           1898.9              1           21.1  
    44        1845          1898.69              1           14.2  
    45        1886          1898.33              1           21.9  
    46        1927          1897.68              1           33.5  
    47        2009          1897.15            0.5           33.9  
    48        2132          1896.83           0.19           31.3  
    49        2337          1896.61         0.1171           28.4  
    50        3116          1896.59     0.00832393            495  
    51        4469          1896.59    3.47026e-10          1e+03  

Local minimum possible.

fminunc stopped because the size of the current step is less than
the selected value of the step size tolerance.




Local minimum possible.

fminunc stopped because it cannot decrease the objective function
along the current search direction.




Computing finite-difference Hessian using objective function.
Predicted change in objective function too small.
Current draw: 1000 of 5000
Current draw: 2000 of 5000
Current draw: 3000 of 5000
Current draw: 4000 of 5000
Current draw: 5000 of 5000
Elapsed time is 803.532988 seconds.
Ran Forecast Type 2for Model 107 and Horizon 12
Performing iteration ending on 2013M5 of model 108
Warning: This should be expanded with the country names in case of panel
> In abstvar/abstvar/check_inputs
  In abstvar
  In svar
  In scriptEstimateMode_FULL (line 96)
  In run (line 86)
  In msreg_2reg_endoprob_SVAR_FULL_OOS (line 231)
  In OOS_slurm_IF (line 4)
    'c(3,1,sync,1)>=c(3,1,sync,2)'
    'a0(1,GDPG)=0'
    'a0(1,MF)=0'
    'a0(2,GDPG)=0'
    'a1(3,GDPG)=0'
    's(3,3,sync,1)<=s(3,3,sync,2)'

 parameter: A12, density:NORMAL, hyperparameters: [0.5 0.5],convergence 0
 parameter: A21, density:NORMAL, hyperparameters: [0.5 0.5],convergence 0
 parameter: B12, density:GAMMA, hyperparameters: [4 0.125],convergence 0
 parameter: C12, density:GAMMA, hyperparameters: [4 0.125],convergence 0
 parameter: B21, density:GAMMA, hyperparameters: [4 0.125],convergence 0
 parameter: C21, density:GAMMA, hyperparameters: [4 0.125],convergence 0
                                                        First-order 
 Iteration  Func-count       f(x)        Step-size       optimality
     0          28          14680.1                      1.36e+04
     1          56          3632.49    7.37815e-05       2.54e+03  
     2          84          2884.07              1       1.39e+03  
     3         112          2574.18              1            718  
     4         140           2343.2              1            344  
     5         168          2265.28              1            206  
     6         196          2241.53              1            219  
     7         224          2231.19              1            205  
     8         252          2218.08              1            166  
     9         280          2199.61              1            179  
    10         308          2182.16              1            138  
    11         336          2174.75              1            109  
    12         364           2171.6              1           58.4  
    13         392          2168.98              1           47.8  
    14         420          2166.43              1           82.1  
    15         448          2162.74              1            121  
    16         476          2157.08              1            133  
    17         504          2149.59              1            109  
    18         532          2143.67              1           66.5  
    19         560          2140.69              1           61.3  
                                                        First-order 
 Iteration  Func-count       f(x)        Step-size       optimality
    20         588          2138.81              1           59.3  
    21         616          2136.17              1           61.9  
    22         644          2130.94              1           76.6  
    23         672          2122.48              1           83.6  
    24         700          2113.33              1           80.1  
    25         728          2108.47              1           96.9  
    26         756          2106.09              1           92.4  
    27         784          2102.31              1           77.1  
    28         812             2096              1            132  
    29         840          2087.48              1            154  
    30         868          2082.11              1           68.5  
    31         896          2080.45              1           35.2  
    32         924          2079.85              1           25.5  
    33         952          2079.39              1           26.6  
    34         980          2078.36              1           23.6  
    35        1008          2076.86              1           40.2  
    36        1848          2076.67      0.0904439            771  

Local minimum possible.

fminunc stopped because it cannot decrease the objective function
along the current search direction.




Computing finite-difference Hessian using objective function.
Predicted change in objective function too small.
Current draw: 1000 of 5000
Current draw: 2000 of 5000
Current draw: 3000 of 5000
Current draw: 4000 of 5000
Current draw: 5000 of 5000
Elapsed time is 589.520486 seconds.
Ran Forecast Type 2for Model 108 and Horizon 12
