188
------------------------------------------
Setting up environment variables
---
LD_LIBRARY_PATH is .:/opt/MATLAB/R2017a/runtime/glnxa64:/opt/MATLAB/R2017a/bin/glnxa64:/opt/MATLAB/R2017a/sys/os/glnxa64:/opt/MATLAB/R2017a/sys/opengl/lib/glnxa64
Warning: Method directories not allowed in MATLAB path: /if/home/m1pac03/.mcrCache9.2/OOS_sl0/if/gms_research_gar/GAR/MS-VAR/RISE_toolbox2/classes/models/@dsge/private

	Personal pathdef has been created in your preference directory:
	/if/home/m1pac03/.mcrCache9.2/OOS_sl0/.matlab

Running on SLURM; using 1 cores as assigned on this node.

Performing iteration ending on 2014M8 of model 101
Warning: This should be expanded with the country names in case of panel
> In abstvar/abstvar/check_inputs
  In abstvar
  In svar
  In scriptEstimateMode_FULL (line 96)
  In run (line 86)
  In msreg_2reg_endoprob_SVAR_FULL_OOS (line 231)
  In OOS_slurm_IF (line 4)
    'c(3,1,sync,1)>=c(3,1,sync,2)'
    'a0(1,GDPG)=0'
    'a0(1,MF)=0'
    'a0(2,GDPG)=0'
    'a1(3,GDPG)=0'

 parameter: A12, density:NORMAL, hyperparameters: [0.5 0.5],convergence 0
 parameter: A21, density:NORMAL, hyperparameters: [0.5 0.5],convergence 0
 parameter: B12, density:GAMMA, hyperparameters: [4 0.125],convergence 0
 parameter: C12, density:GAMMA, hyperparameters: [4 0.125],convergence 0
 parameter: B21, density:GAMMA, hyperparameters: [4 0.125],convergence 0
 parameter: C21, density:GAMMA, hyperparameters: [4 0.125],convergence 0
                                                        First-order 
 Iteration  Func-count       f(x)        Step-size       optimality
     0          27          14925.6                      2.28e+04
     1          54          3697.66    4.39161e-05       2.04e+03  
     2          81           3193.9              1       1.49e+03  
     3         108          2543.36              1            598  
     4         135          2390.29              1            278  
     5         162          2340.46              1            211  
     6         189          2327.45              1            223  
     7         216          2318.48              1            217  
     8         243          2305.47              1            188  
     9         270          2288.53              1            131  
    10         297          2271.93              1            199  
    11         324          2263.33              1            192  
    12         351          2257.01              1            132  
    13         378           2249.8              1           77.4  
    14         405          2247.27              1           74.3  
    15         432          2245.08              1           75.2  
    16         459          2241.49              1           84.4  
    17         486          2233.55              1            131  
    18         513          2222.98              1            149  
    19         540          2215.26              1           99.6  
                                                        First-order 
 Iteration  Func-count       f(x)        Step-size       optimality
    20         567          2211.09              1           89.5  
    21         594          2209.14              1           84.2  
    22         621          2206.94              1           74.4  
    23         648          2200.53              1            115  
    24         675          2190.33              1            154  
    25         702          2179.54              1            136  
    26         729          2172.84              1            105  
    27         756          2169.84              1            111  
    28         783          2168.07              1            102  
    29         810             2164              1           72.8  
    30         837          2158.21              1           95.5  
    31         864          2151.99              1           84.4  
    32         891          2149.59              1           41.7  
    33         918          2149.18              1           15.6  
    34         945          2149.11              1           14.7  
    35         972          2149.01              1           14.3  
    36         999          2148.78              1           13.9  
    37        1026          2148.42              1           24.6  
    38        1053          2148.07              1             31  
    39        1080          2147.84              1           27.1  
                                                        First-order 
 Iteration  Func-count       f(x)        Step-size       optimality
    40        1107           2147.7              1           25.5  
    41        1134           2147.5              1           25.8  
    42        1161          2147.09              1             23  
    43        1188          2146.41              1           19.7  
    44        1215          2145.67              1           24.3  
    45        1242           2145.3              1           13.9  
    46        1269          2145.19              1           11.9  
    47        1296          2145.12              1           11.8  
    48        1323          2144.94              1           12.3  
    49        1350          2144.58              1           24.1  
    50        1377          2143.94              1           33.3  
    51        1404          2143.27              1           29.4  
    52        1431          2142.92              1           14.2  
    53        1458          2142.83              1           14.4  
    54        1485          2142.78              1           14.7  
    55        1512          2142.68              1           14.6  
    56        1539          2142.46              1           14.2  
    57        1566          2142.08              1           19.2  
    58        1593          2141.69              1           15.7  
    59        1620          2141.48              1           11.8  
                                                        First-order 
 Iteration  Func-count       f(x)        Step-size       optimality
    60        1647          2141.43              1           10.7  
    61        1674           2141.4              1            9.4  
    62        1701          2141.33              1           7.67  
    63        1728           2141.2              1           11.1  
    64        1755          2141.03              1             11  
    65        1782          2140.92              1           5.76  
    66        1809          2140.89              1           4.09  
    67        1836          2140.88              1           4.15  
    68        1863          2140.87              1           4.18  
    69        1890          2140.85              1           4.21  
    70        1917          2140.81              1            5.5  
    71        1944          2140.74              1            6.6  
    72        1971          2140.66              1           5.18  
    73        1998          2140.61              1           4.85  
    74        2025          2140.59              1           5.53  
    75        2052          2140.57              1           5.88  
    76        2079          2140.53              1           6.22  
    77        2106           2140.4              1           9.25  
    78        2133          2140.01              1           17.9  
    79        2160          2138.54              1           39.8  
                                                        First-order 
 Iteration  Func-count       f(x)        Step-size       optimality
    80        2214          2137.43       0.259916           61.2  
    81        2241          2135.38              1           73.4  
    82        2268          2129.42              1           67.2  
    83        2295          2124.59              1           39.3  
    84        2322          2123.12              1           45.8  
    85        2349          2122.15              1           31.5  
    86        2376          2121.57              1           28.3  
    87        2403          2121.08              1             28  
    88        2430          2120.42              1           26.3  
    89        2457          2119.33              1           30.1  
    90        2484          2117.59              1           37.6  
    91        2511           2116.1              1           26.7  
    92        2538          2115.38              1           20.9  
    93        2565          2115.15              1           20.8  
    94        2592             2115              1           20.6  
    95        2619           2114.6              1           20.1  
    96        2646          2113.76              1           22.8  
    97        2673          2112.18              1           29.7  
    98        2700          2110.42              1           24.5  
    99        2727          2109.46              1           15.1  
                                                        First-order 
 Iteration  Func-count       f(x)        Step-size       optimality
   100        2754          2109.19              1           13.9  
   101        2781          2109.13              1           13.3  
   102        2808          2109.06              1           12.3  
   103        2835          2108.91              1           10.5  
   104        2862          2108.59              1           11.1  
   105        2889          2108.07              1           12.2  
   106        2916          2107.63              1           9.68  
   107        2943          2107.48              1           6.02  
   108        2970          2107.45              1           5.69  
   109        2997          2107.43              1           5.78  
   110        3024          2107.41              1           5.87  
   111        3051          2107.31              1           6.23  
   112        3078           2107.1              1           12.4  
   113        3105          2106.61              1           24.7  
   114        3132          2105.78              1           37.6  
   115        3159          2104.51              1           41.7  
   116        3186           2103.6              1           21.9  
   117        3213          2103.43              1           15.4  
   118        3240          2103.39              1           13.1  
   119        3267          2103.35              1           12.2  
                                                        First-order 
 Iteration  Func-count       f(x)        Step-size       optimality
   120        3294          2103.18              1           8.66  
   121        3321          2102.85              1           7.49  
   122        3348          2102.38              1           5.65  
   123        3375          2102.03              1           5.83  
   124        3402          2101.92              1           5.52  
   125        3429           2101.9              1           5.81  
   126        3456          2101.89              1           5.85  
   127        3483          2101.87              1           5.87  
   128        3510          2101.83              1           5.84  
   129        3537          2101.71              1           6.96  
   130        3564          2101.43              1           11.5  
   131        3591          2100.88              1             16  
   132        3618          2100.18              1             16  
   133        3645          2099.72              1            9.5  
   134        3672          2099.59              1           2.44  
   135        3699          2099.58              1           2.36  
   136        3726          2099.58              1           2.29  
   137        3753          2099.57              1           2.26  
   138        3780          2099.56              1           2.29  
   139        3807          2099.54              1           2.28  
                                                        First-order 
 Iteration  Func-count       f(x)        Step-size       optimality
   140        3834          2099.49              1           2.16  
   141        3861           2099.4              1           2.78  
   142        3888          2099.26              1           2.91  
   143        3915          2099.16              1           1.83  
   144        3942          2099.12              1              1  
   145        3969          2099.12              1          0.854  
   146        3996          2099.12              1          0.857  
   147        4023          2099.12              1          0.852  
   148        4050          2099.12              1          0.837  
   149        4077          2099.12              1          0.809  
   150        4104          2099.11              1           1.14  
   151        4131          2099.11              1           2.07  
   152        4158          2099.09              1           3.53  
   153        4185          2099.04              1           5.47  
   154        4212          2098.97              1           7.05  
   155        4239          2098.91              1           5.57  
   156        4266          2098.87              1           1.53  
   157        4293          2098.87              1          0.502  
   158        4320          2098.87              1          0.166  
   159        4347          2098.87              1          0.167  
                                                        First-order 
 Iteration  Func-count       f(x)        Step-size       optimality
   160        4374          2098.87              1          0.167  
   161        4401          2098.87              1          0.167  
   162        4428          2098.87              1          0.167  
   163        4455          2098.87              1          0.255  
   164        4482          2098.87              1          0.483  
   165        4509          2098.87              1          0.826  
   166        4536          2098.87              1           1.32  
   167        4563          2098.86              1           1.86  
   168        4590          2098.86              1           2.01  
   169        4617          2098.86              1           1.32  
   170        4644          2098.86              1          0.393  
   171        4671          2098.86              1         0.0303  
   172        4698          2098.86              1         0.0139  
   173        4725          2098.86              1         0.0141  
   174        4752          2098.86              1         0.0141  
   175        4779          2098.86              1          0.014  
   176        4806          2098.86              1         0.0141  
   177        4833          2098.86              1         0.0141  
   178        4860          2098.86              1         0.0163  
   179        4887          2098.86              1         0.0265  
                                                        First-order 
 Iteration  Func-count       f(x)        Step-size       optimality
   180        4914          2098.86              1         0.0373  
   181        4941          2098.86              1         0.0497  
   182        4968          2098.86              1         0.0453  
   183        4995          2098.86              1         0.0262  
   184        5022          2098.86              1         0.0141  
   185        5049          2098.86              1        0.00839  
   186        5076          2098.86              1        0.00372  
   187        5103          2098.86              1        0.00116  
   188        5130          2098.86              1       0.000488  
   189        5157          2098.86              1       0.000427  
   190        5211          2098.86       0.214371       0.000289  

Local minimum found.

Optimization completed because the size of the gradient is less than
the selected value of the optimality tolerance.




Computing finite-difference Hessian using objective function.
First order optimality conditions satisfied.
Current draw: 1000 of 5000
Current draw: 2000 of 5000
Current draw: 3000 of 5000
Current draw: 4000 of 5000
Current draw: 5000 of 5000
Elapsed time is 871.578400 seconds.
Ran Forecast Type 2for Model 101 and Horizon 12
Performing iteration ending on 2014M8 of model 102
Warning: This should be expanded with the country names in case of panel
> In abstvar/abstvar/check_inputs
  In abstvar
  In svar
  In scriptEstimateMode_FULL (line 96)
  In run (line 86)
  In msreg_2reg_endoprob_SVAR_FULL_OOS (line 231)
  In OOS_slurm_IF (line 4)
    'c(3,1,sync,1)>=c(3,1,sync,2)'
    'a0(1,GDPG)=0'
    'a0(1,MF)=0'
    'a0(2,GDPG)=0'
    'a1(3,GDPG)=0'
    's(3,3,sync,1)<=s(3,3,sync,2)'

 parameter: A12, density:NORMAL, hyperparameters: [0.5 0.5],convergence 0
 parameter: A21, density:NORMAL, hyperparameters: [0.5 0.5],convergence 0
 parameter: B12, density:GAMMA, hyperparameters: [4 0.125],convergence 0
 parameter: C12, density:GAMMA, hyperparameters: [4 0.125],convergence 0
 parameter: B21, density:GAMMA, hyperparameters: [4 0.125],convergence 0
 parameter: C21, density:GAMMA, hyperparameters: [4 0.125],convergence 0
                                                        First-order 
 Iteration  Func-count       f(x)        Step-size       optimality
     0          30          14925.6                      1.36e+04
     1          60          3764.47    7.33177e-05       2.72e+03  
     2          90          2914.89              1       1.54e+03  
     3         120          2574.43              1            803  
     4         150           2284.9              1            309  
     5         180          2206.67              1            151  
     6         210          2183.94              1            149  
     7         240          2169.48              1            205  
     8         270          2143.45              1            254  
     9         300          2103.03              1            236  
    10         330          2074.17              1            202  
    11         360          2063.71              1            136  
    12         390           2053.1              1           99.5  
    13         420           2048.5              1            106  
    14         450          2035.76              1            165  
    15         480          2027.21              1            174  
    16         510          2015.27              1            139  
    17         540          2005.52              1            158  
    18         570           2001.3              1            117  
    19         600          1998.32              1           75.6  
                                                        First-order 
 Iteration  Func-count       f(x)        Step-size       optimality
    20         630          1993.44              1            121  
    21         660          1989.65              1            126  
    22         690          1987.32              1           55.6  
    23         720          1985.96              1           49.9  
    24         750          1984.05              1            107  
    25         780          1980.21              1            212  
    26         810          1973.51              1            289  
    27         840          1966.56              1            224  
    28         870          1963.17              1           72.1  
    29         900          1961.93              1           63.9  
    30         930           1960.7              1           94.2  
    31         960          1958.22              1            160  
    32         990          1955.29              1            164  
    33        1020          1953.41              1           84.4  
    34        1050           1952.9              1           21.7  
    35        1080          1952.73              1           18.7  
    36        1110          1952.54              1           37.1  
    37        1140          1952.18              1           55.6  
    38        1170          1951.63              1           59.1  
    39        1200          1951.13              1           36.4  
                                                        First-order 
 Iteration  Func-count       f(x)        Step-size       optimality
    40        1230          1950.92              1           11.3  
    41        1260          1950.84              1             11  
    42        1290          1950.75              1           20.5  
    43        1320          1950.54              1           35.5  
    44        1350          1950.13              1           48.1  
    45        1380          1949.52              1           46.8  
    46        1410          1948.95              1           37.3  
    47        1440          1948.62              1           35.8  
    48        1470          1948.38              1           29.2  
    49        1500          1948.02              1           41.2  
    50        1530           1947.5              1           49.9  
    51        1560          1947.01              1           34.9  
    52        1590          1946.79              1           12.9  
    53        1620           1946.7              1             11  
    54        1650          1946.62              1           16.4  
    55        1680          1946.46              1             28  
    56        1710          1946.21              1           33.7  
    57        1740          1945.96              1           24.5  
    58        1770          1945.86              1           7.81  
    59        1800          1945.84              1           5.11  
                                                        First-order 
 Iteration  Func-count       f(x)        Step-size       optimality
    60        1830          1945.83              1           4.75  
    61        1860           1945.8              1           7.56  
    62        1890          1945.75              1           11.5  
    63        1920          1945.69              1           12.1  
    64        1950          1945.64              1           7.31  
    65        1980          1945.63              1           2.56  
    66        2010          1945.62              1           2.56  
    67        2040          1945.62              1           2.55  
    68        2070          1945.61              1           4.66  
    69        2100          1945.58              1           7.35  
    70        2130          1945.55              1           8.17  
    71        2160          1945.52              1           5.32  
    72        2190          1945.51              1           2.97  
    73        2220          1945.51              1           3.17  
    74        2250           1945.5              1           3.17  
    75        2280          1945.49              1           5.34  
    76        2310          1945.45              1           8.55  
    77        2340           1945.4              1           10.1  
    78        2370          1945.35              1           7.21  
    79        2400          1945.33              1           2.74  
                                                        First-order 
 Iteration  Func-count       f(x)        Step-size       optimality
    80        2430          1945.32              1           2.54  
    81        2460          1945.32              1           2.48  
    82        2490           1945.3              1           3.97  
    83        2520          1945.28              1           6.34  
    84        2550          1945.24              1           7.69  
    85        2580          1945.19              1            5.8  
    86        2610          1945.17              1           3.64  
    87        2640          1945.16              1           3.02  
    88        2670          1945.15              1            2.9  
    89        2700          1945.14              1           3.55  
    90        2730          1945.12              1           5.15  
    91        2760          1945.09              1           5.39  
    92        2790          1945.06              1           3.21  
    93        2820          1945.05              1           2.48  
    94        2850          1945.05              1              2  
    95        2880          1945.04              1           1.98  
    96        2910          1945.03              1           3.01  
    97        2940          1945.01              1            4.6  
    98        2970          1944.98              1           5.64  
    99        3000          1944.93              1            4.7  
                                                        First-order 
 Iteration  Func-count       f(x)        Step-size       optimality
   100        3030          1944.91              1           3.77  
   101        3060           1944.9              1           2.49  
   102        3090           1944.9              1           2.13  
   103        3120          1944.89              1           1.88  
   104        3150          1944.88              1           2.68  
   105        3180          1944.86              1           2.86  
   106        3210          1944.85              1           2.21  
   107        3240          1944.84              1           1.28  
   108        3270          1944.84              1           1.29  
   109        3300          1944.84              1           1.29  
   110        3330          1944.83              1           1.26  
   111        3360          1944.83              1           1.42  
   112        3390          1944.82              1           1.95  
   113        3420          1944.81              1           1.81  
   114        3450           1944.8              1          0.834  
   115        3480           1944.8              1          0.763  
   116        3510           1944.8              1          0.726  
   117        3540           1944.8              1           0.66  
   118        3570           1944.8              1          0.629  
   119        3600           1944.8              1           1.07  
                                                        First-order 
 Iteration  Func-count       f(x)        Step-size       optimality
   120        3630          1944.79              1           1.44  
   121        3660          1944.79              1           1.32  
   122        3690          1944.78              1          0.636  
   123        3720          1944.78              1          0.489  
   124        3750          1944.78              1          0.478  
   125        3780          1944.78              1           0.46  
   126        3810          1944.78              1          0.419  
   127        3840          1944.78              1          0.464  
   128        3870          1944.78              1          0.702  
   129        3900          1944.78              1          0.843  
   130        3930          1944.77              1          0.769  
   131        3960          1944.77              1          0.894  
   132        3990          1944.77              1           0.85  
   133        4020          1944.77              1          0.789  
   134        4050          1944.77              1          0.652  
   135        4080          1944.77              1          0.409  
   136        4110          1944.77              1          0.333  
   137        4140          1944.77              1          0.324  
   138        4170          1944.77              1          0.352  
   139        4200          1944.77              1          0.348  
                                                        First-order 
 Iteration  Func-count       f(x)        Step-size       optimality
   140        4230          1944.77              1          0.342  
   141        4260          1944.77              1          0.327  
   142        4290          1944.76              1          0.298  
   143        4320          1944.76              1          0.238  
   144        4350          1944.76              1          0.393  
   145        4380          1944.76              1          0.444  
   146        4410          1944.76              1           0.28  
   147        4440          1944.76              1          0.124  
   148        4470          1944.76              1          0.119  
   149        4500          1944.76              1           0.12  
   150        4530          1944.76              1          0.119  
   151        4560          1944.76              1          0.116  
   152        4590          1944.76              1          0.112  
   153        4620          1944.76              1          0.132  
   154        4650          1944.76              1          0.184  
   155        4680          1944.76              1          0.195  
   156        4710          1944.76              1          0.123  
   157        4740          1944.76              1         0.0434  
   158        4770          1944.76              1         0.0425  
   159        4800          1944.76              1         0.0414  
                                                        First-order 
 Iteration  Func-count       f(x)        Step-size       optimality
   160        4830          1944.76              1         0.0406  
   161        4860          1944.76              1         0.0393  
   162        4890          1944.76              1         0.0373  
   163        4920          1944.76              1         0.0336  
   164        4950          1944.76              1         0.0336  
   165        4980          1944.76              1         0.0313  
   166        5010          1944.76              1         0.0255  
   167        5040          1944.76              1         0.0241  
srun: error: unpack error in io_init_msg_unpack
srun: error: Invalid IO init header version
   168        5070          1944.76              1         0.0224  
   169        5100          1944.76              1         0.0172  
srun: error: unpackmem: Buffer to be unpacked is too large (4215547956 > 1073741824)
srun: error: unpack error in io_init_msg_unpack
srun: error: Invalid IO init header version
   170        5130          1944.76              1         0.0165  
   171        5160          1944.76              1         0.0155  
srun: error: io_init_msg_read too small
srun: error: failed reading io init message
   172        5220          1944.76             10         0.0159  
srun: error: unpackmem: Buffer to be unpacked is too large (3008065793 > 1073741824)
srun: error: unpack error in io_init_msg_unpack
srun: error: Invalid IO init header version
srun: error: unpackmem: Buffer to be unpacked is too large (1133445894 > 1073741824)
srun: error: unpack error in io_init_msg_unpack
srun: error: Invalid IO init header version
srun: error: unpackmem: Buffer to be unpacked is too large (2666304961 > 1073741824)
srun: error: unpack error in io_init_msg_unpack
srun: error: Invalid IO init header version
srun: error: unpackmem: Buffer to be unpacked is too large (2100312175 > 1073741824)
srun: error: unpack error in io_init_msg_unpack
srun: error: Invalid IO init header version
srun: error: unpackmem: Buffer to be unpacked is too large (2102162292 > 1073741824)
srun: error: unpack error in io_init_msg_unpack
srun: error: Invalid IO init header version
   173        5280          1944.76             10         0.0164  
srun: error: unpack error in io_init_msg_unpack
srun: error: Invalid IO init header version
srun: error: io_init_msg_read too small
srun: error: failed reading io init message
   174        5310          1944.76              1         0.0299  
   175        5340          1944.76              1         0.0305  
   176        5370          1944.76              1         0.0135  
   177        5400          1944.76              1        0.00255  
   178        5430          1944.76              1        0.00222  
   179        5490          1944.76       0.344252        0.00224  
                                                        First-order 
 Iteration  Func-count       f(x)        Step-size       optimality
   180        5580          1944.76      0.0689837        0.00225  
   181        5640          1944.76       0.165772        0.00221  

Local minimum possible.

fminunc stopped because it cannot decrease the objective function
along the current search direction.




Computing finite-difference Hessian using objective function.
Predicted change in objective function too small.
srun: error: slurm_receive_msg: Transport endpoint is not connected
srun: error: slurm_receive_msg[10.26.24.30]: Transport endpoint is not connected
srun: error: invalid type trying to be freed 65534
srun: error: slurm_receive_msg: Transport endpoint is not connected
srun: error: slurm_receive_msg[10.26.24.30]: Transport endpoint is not connected
srun: error: invalid type trying to be freed 65534
Current draw: 1000 of 5000
srun: error: slurm_receive_msg: Transport endpoint is not connected
srun: error: slurm_receive_msg[10.26.24.30]: Transport endpoint is not connected
srun: error: invalid type trying to be freed 65534
srun: error: slurm_receive_msg: Transport endpoint is not connected
srun: error: slurm_receive_msg[10.26.24.30]: Transport endpoint is not connected
srun: error: invalid type trying to be freed 65534
srun: error: slurm_receive_msg: Transport endpoint is not connected
srun: error: slurm_receive_msg[10.26.24.30]: Transport endpoint is not connected
srun: error: invalid type trying to be freed 65534
srun: error: slurm_receive_msg: Transport endpoint is not connected
srun: error: slurm_receive_msg[10.26.24.30]: Transport endpoint is not connected
srun: error: invalid type trying to be freed 65534
srun: error: slurm_receive_msg: Transport endpoint is not connected
srun: error: slurm_receive_msg[10.26.24.30]: Transport endpoint is not connected
srun: error: invalid type trying to be freed 65534
srun: error: slurm_receive_msg: Transport endpoint is not connected
srun: error: slurm_receive_msg[10.26.24.30]: Transport endpoint is not connected
srun: error: invalid type trying to be freed 65534
srun: error: slurm_receive_msg: Transport endpoint is not connected
srun: error: slurm_receive_msg[10.26.24.30]: Transport endpoint is not connected
srun: error: invalid type trying to be freed 65534
srun: error: slurm_receive_msg: Transport endpoint is not connected
srun: error: slurm_receive_msg[10.26.24.30]: Transport endpoint is not connected
srun: error: invalid type trying to be freed 65534
srun: error: slurm_receive_msg: Transport endpoint is not connected
srun: error: slurm_receive_msg[10.26.24.30]: Transport endpoint is not connected
srun: error: invalid type trying to be freed 65534
srun: error: slurm_receive_msg: Transport endpoint is not connected
srun: error: slurm_receive_msg[10.26.24.30]: Transport endpoint is not connected
srun: error: invalid type trying to be freed 65534
srun: error: slurm_receive_msg: Transport endpoint is not connected
srun: error: slurm_receive_msg[10.26.24.30]: Transport endpoint is not connected
srun: error: invalid type trying to be freed 65534
srun: error: slurm_receive_msg: Transport endpoint is not connected
srun: error: slurm_receive_msg[10.26.24.30]: Transport endpoint is not connected
srun: error: invalid type trying to be freed 65534
srun: error: slurm_receive_msg: Insane message length
srun: error: slurm_receive_msg[10.26.24.30]: Insane message length
srun: error: invalid type trying to be freed 65534
srun: error: slurm_receive_msg: Transport endpoint is not connected
srun: error: slurm_receive_msg[10.26.24.30]: Transport endpoint is not connected
srun: error: invalid type trying to be freed 65534
srun: error: slurm_receive_msg: Transport endpoint is not connected
srun: error: slurm_receive_msg[10.26.24.30]: Transport endpoint is not connected
srun: error: invalid type trying to be freed 65534
srun: error: slurm_receive_msg: Insane message length
srun: error: slurm_receive_msg[10.26.24.30]: Insane message length
srun: error: invalid type trying to be freed 65534
srun: error: slurm_receive_msg: Transport endpoint is not connected
srun: error: slurm_receive_msg[10.26.24.30]: Transport endpoint is not connected
srun: error: invalid type trying to be freed 65534
srun: error: slurm_receive_msg: Insane message length
srun: error: slurm_receive_msg[10.26.24.30]: Insane message length
srun: error: invalid type trying to be freed 65534
Current draw: 2000 of 5000
Current draw: 3000 of 5000
Current draw: 4000 of 5000
srun: error: io_init_msg_read too small
srun: error: failed reading io init message
srun: error: slurm_receive_msg: Insane message length
srun: error: slurm_receive_msg[10.26.24.30]: Insane message length
srun: error: invalid type trying to be freed 65534
srun: error: slurm_receive_msg: Insane message length
srun: error: slurm_receive_msg[10.26.24.30]: Insane message length
srun: error: invalid type trying to be freed 65534
srun: error: io_init_msg_read too small
srun: error: failed reading io init message
srun: error: unpackmem: Buffer to be unpacked is too large (1951163745 > 1073741824)
srun: error: unpack error in io_init_msg_unpack
srun: error: Invalid IO init header version
srun: error: unpackmem: Buffer to be unpacked is too large (1935765607 > 1073741824)
srun: error: unpack error in io_init_msg_unpack
srun: error: Invalid IO init header version
srun: error: unpackmem_xmalloc: Buffer to be unpacked is too large (1885828912 > 1073741824)
srun: error: unpacking header
srun: error: destroy_forward: no init
srun: error: slurm_receive_msg: Message receive failure
srun: error: slurm_receive_msg[10.26.24.30]: Message receive failure
srun: error: invalid type trying to be freed 65534
srun: error: unpackmem_xmalloc: Buffer to be unpacked is too large (1885828912 > 1073741824)
srun: error: unpacking header
srun: error: destroy_forward: no init
srun: error: slurm_receive_msg: Message receive failure
srun: error: slurm_receive_msg[10.26.24.30]: Message receive failure
srun: error: invalid type trying to be freed 65534
srun: error: unpackmem_xmalloc: Buffer to be unpacked is too large (1684369920 > 1073741824)
srun: error: unpacking header
srun: error: destroy_forward: no init
srun: error: slurm_receive_msg: Message receive failure
srun: error: slurm_receive_msg[10.26.24.30]: Message receive failure
srun: error: invalid type trying to be freed 65534
srun: error: slurm_receive_msg: Insane message length
srun: error: slurm_receive_msg[10.26.24.30]: Insane message length
srun: error: invalid type trying to be freed 65534
srun: error: unpackmem_xmalloc: Buffer to be unpacked is too large (1684369920 > 1073741824)
srun: error: unpacking header
srun: error: destroy_forward: no init
srun: error: slurm_receive_msg: Message receive failure
srun: error: slurm_receive_msg[10.26.24.30]: Message receive failure
srun: error: invalid type trying to be freed 65534
srun: error: slurm_receive_msg: Insane message length
srun: error: slurm_receive_msg[10.26.24.30]: Insane message length
srun: error: invalid type trying to be freed 65534
Current draw: 5000 of 5000
Elapsed time is 926.248264 seconds.
Ran Forecast Type 2for Model 102 and Horizon 12
Performing iteration ending on 2014M8 of model 103
Warning: This should be expanded with the country names in case of panel
> In abstvar/abstvar/check_inputs
  In abstvar
  In svar
  In scriptEstimateMode_FULL (line 96)
  In run (line 86)
  In msreg_2reg_endoprob_SVAR_FULL_OOS (line 231)
  In OOS_slurm_IF (line 4)
    'c(3,1,sync,1)>=c(3,1,sync,2)'
    'a0(1,GDPG,sync,1)=0'
    'a0(2,GDPG,sync,1)=0'
    'a0(1,MF,sync,1)=0'
    'a0(1,GDPG,sync,2)=0'
    'a0(2,GDPG,sync,2)=0'
    'a0(1,MF,sync,2)=0'
    'a1(3,GDPG)=0'

 parameter: A12, density:NORMAL, hyperparameters: [0.5 0.5],convergence 0
 parameter: A21, density:NORMAL, hyperparameters: [0.5 0.5],convergence 0
 parameter: B12, density:GAMMA, hyperparameters: [4 0.125],convergence 0
 parameter: C12, density:GAMMA, hyperparameters: [4 0.125],convergence 0
 parameter: B21, density:GAMMA, hyperparameters: [4 0.125],convergence 0
 parameter: C21, density:GAMMA, hyperparameters: [4 0.125],convergence 0
srun: error: unpack error in io_init_msg_unpack
srun: error: Invalid IO init header version
                                                        First-order 
 Iteration  Func-count       f(x)        Step-size       optimality
     0          30          14925.6                      2.28e+04
     1          60           3747.3    4.39161e-05       2.13e+03  
     2          90             3223              1       1.55e+03  
     3         120          2554.61              1            614  
     4         150          2398.98              1            281  
     5         180          2349.83              1            206  
     6         210          2337.36              1            219  
     7         240          2328.54              1            213  
     8         270          2315.05              1            183  
     9         300          2297.85              1            131  
    10         330          2281.89              1            172  
    11         360          2274.77              1            188  
    12         390          2270.23              1            154  
    13         420          2261.63              1             77  
    14         450          2256.86              1           71.7  
    15         480          2254.36              1           80.8  
    16         510          2251.65              1             85  
    17         540           2246.9              1           93.9  
    18         570          2238.25              1            135  
    19         600          2230.62              1            111  
                                                        First-order 
 Iteration  Func-count       f(x)        Step-size       optimality
    20         630          2226.52              1           57.7  
    21         660          2224.74              1           60.3  
    22         690          2223.74              1           56.7  
    23         720          2221.02              1           67.5  
    24         750          2215.44              1            113  
    25         780          2205.95              1            138  
    26         810          2197.14              1            104  
    27         840           2192.1              1           97.6  
    28         870          2189.98              1           97.1  
srun: error: slurm_receive_msg: Insane message length
srun: error: slurm_receive_msg[10.26.24.30]: Insane message length
srun: error: invalid type trying to be freed 65534
srun: error: slurm_receive_msg: Insane message length
srun: error: slurm_receive_msg[10.26.24.30]: Insane message length
srun: error: invalid type trying to be freed 65534
    29         900          2188.25              1           86.7  
    30         930          2184.37              1           78.6  
    31         960          2178.41              1           99.1  
    32         990          2171.88              1           81.2  
    33        1020          2168.86              1           42.3  
srun: error: unpack error in io_init_msg_unpack
srun: error: Invalid IO init header version
srun: error: unpack error in io_init_msg_unpack
srun: error: Invalid IO init header version
    34        1050          2167.96              1           38.8  
    35        1080          2167.42              1           36.8  
    36        1110          2166.15              1           38.1  
    37        1140          2163.96              1           55.9  
    38        1170          2161.19              1           54.4  
srun: error: unpackmem: Buffer to be unpacked is too large (1192977029 > 1073741824)
srun: error: unpack error in io_init_msg_unpack
srun: error: Invalid IO init header version
    39        1200          2159.37              1           37.2  
                                                        First-order 
 Iteration  Func-count       f(x)        Step-size       optimality
    40        1230           2158.7              1           37.7  
srun: error: slurm_receive_msg: Transport endpoint is not connected
srun: error: slurm_receive_msg[10.26.24.30]: Transport endpoint is not connected
srun: error: invalid type trying to be freed 65534
    41        1260          2158.36              1           34.7  
srun: error: slurm_receive_msg: Transport endpoint is not connected
srun: error: slurm_receive_msg[10.26.24.30]: Transport endpoint is not connected
srun: error: invalid type trying to be freed 65534
    42        1290          2157.82              1           25.3  
    43        1320          2157.01              1           28.7  
    44        1350          2156.17              1           26.9  
    45        1380          2155.72              1           16.6  
    46        1410          2155.54              1             17  
    47        1440          2155.36              1           17.2  
    48        1470           2154.9              1           17.3  
    49        1500          2153.95              1           33.5  
    50        1530          2152.35              1           52.3  
    51        1560           2150.7              1             57  
    52        1590          2149.73              1           44.2  
    53        1620          2149.33              1           28.8  
    54        1650          2149.02              1           23.8  
    55        1680          2148.38              1           19.6  
    56        1710           2147.3              1           28.9  
    57        1740          2146.02              1           44.6  
    58        1770          2145.26              1           38.4  
    59        1800          2144.89              1           33.9  
srun: error: unpack error in io_init_msg_unpack
srun: error: Invalid IO init header version
srun: error: unpackmem: Buffer to be unpacked is too large (1681731632 > 1073741824)
srun: error: unpack error in io_init_msg_unpack
srun: error: Invalid IO init header version
                                                        First-order 
 Iteration  Func-count       f(x)        Step-size       optimality
    60        1830          2144.46              1           33.3  
    61        1860          2143.57              1           29.1  
    62        1890          2141.91              1           34.5  
    63        1920          2139.71              1           47.6  
    64        1950          2138.12              1             36  
    65        1980          2137.56              1           30.7  
    66        2010          2137.32              1           30.3  
    67        2040          2136.93              1             28  
    68        2070          2136.08              1           27.1  
    69        2100          2134.53              1           43.5  
    70        2130          2132.58              1           44.3  
    71        2160          2131.27              1           23.7  
srun: error: slurm_receive_msg: Transport endpoint is not connected
srun: error: slurm_receive_msg[10.26.24.30]: Transport endpoint is not connected
srun: error: invalid type trying to be freed 65534
    72        2190          2130.96              1             14  
    73        2220           2130.9              1           13.2  
srun: error: slurm_receive_msg: Transport endpoint is not connected
srun: error: slurm_receive_msg[10.26.24.30]: Transport endpoint is not connected
srun: error: invalid type trying to be freed 65534
    74        2250          2130.81              1           12.7  
    75        2280           2130.6              1           16.3  
srun: error: slurm_receive_msg: Insane message length
srun: error: slurm_receive_msg[10.26.24.30]: Insane message length
srun: error: invalid type trying to be freed 65534
    76        2310          2130.19              1           24.4  
    77        2340          2129.61              1           25.5  
srun: error: slurm_receive_msg: Transport endpoint is not connected
srun: error: slurm_receive_msg[10.26.24.30]: Transport endpoint is not connected
srun: error: invalid type trying to be freed 65534
srun: error: slurm_receive_msg: Insane message length
srun: error: slurm_receive_msg[10.26.24.30]: Insane message length
srun: error: invalid type trying to be freed 65534
    78        2370          2129.15              1           14.5  
    79        2400             2129              1           10.8  
srun: error: slurm_receive_msg: Transport endpoint is not connected
srun: error: slurm_receive_msg[10.26.24.30]: Transport endpoint is not connected
srun: error: invalid type trying to be freed 65534
                                                        First-order 
 Iteration  Func-count       f(x)        Step-size       optimality
    80        2430          2128.96              1           9.76  
    81        2460          2128.92              1           8.73  
srun: error: slurm_receive_msg: Insane message length
srun: error: slurm_receive_msg[10.26.24.30]: Insane message length
srun: error: invalid type trying to be freed 65534
srun: error: slurm_receive_msg: Insane message length
srun: error: slurm_receive_msg[10.26.24.30]: Insane message length
srun: error: invalid type trying to be freed 65534
    82        2490          2128.83              1           10.4  
    83        2520          2128.61              1           16.2  
    84        2550          2128.15              1             22  
    85        2580          2127.45              1           22.3  
    86        2610          2126.85              1           17.9  
    87        2640          2126.61              1             19  
    88        2670          2126.54              1             18  
    89        2700          2126.48              1           16.7  
    90        2730          2126.31              1           13.5  
    91        2760          2125.89              1           16.1  
    92        2820          2125.65       0.459647             19  
    93        2850          2125.25              1           14.4  
    94        2880          2124.68              1           13.2  
    95        2910          2124.56              1           15.3  
    96        2940          2124.43              1           16.3  
    97        2970          2124.22              1           17.3  
    98        3000          2123.83              1           20.6  
    99        3030          2123.16              1           26.5  
                                                        First-order 
 Iteration  Func-count       f(x)        Step-size       optimality
   100        3060          2122.03              1             31  
   101        3090          2120.39              1           28.9  
   102        3120           2118.5              1           26.7  
   103        3150          2117.79              1           25.1  
   104        3180          2117.23              1           21.1  
   105        3210          2117.09              1           18.3  
   106        3240          2116.86              1           15.4  
   107        3270           2116.3              1           25.9  
   108        3300           2115.5              1           34.2  
   109        3330          2114.18              1           34.8  
   110        3360          2113.17              1           36.6  
   111        3390          2112.77              1           9.88  
   112        3420          2112.71              1           5.92  
   113        3450           2112.7              1            5.9  
   114        3480          2112.69              1           5.89  
   115        3510          2112.65              1           5.84  
   116        3540          2112.56              1            6.8  
   117        3570          2112.35              1           11.9  
   118        3600          2111.95              1           16.3  
   119        3630          2111.46              1           15.3  
                                                        First-order 
 Iteration  Func-count       f(x)        Step-size       optimality
   120        3660          2111.16              1           7.92  
   121        3690          2111.09              1           3.35  
   122        3720          2111.09              1           3.27  
   123        3750          2111.08              1           3.21  
   124        3780          2111.06              1           3.18  
   125        3810          2111.02              1           3.23  
   126        3840          2110.93              1           4.18  
   127        3870           2110.8              1           5.57  
   128        3900          2110.68              1           4.69  
   129        3930          2110.64              1           4.08  
   130        3960          2110.63              1            4.2  
   131        3990          2110.62              1           4.23  
   132        4020          2110.61              1           4.26  
   133        4050          2110.56              1           4.24  
   134        4080          2110.46              1           4.12  
   135        4110          2110.25              1           6.33  
   136        4140          2109.95              1           6.98  
   137        4170          2109.73              1           4.27  
   138        4200          2109.67              1           1.11  
   139        4230          2109.67              1          0.909  
                                                        First-order 
 Iteration  Func-count       f(x)        Step-size       optimality
   140        4260          2109.67              1          0.888  
   141        4290          2109.67              1          0.877  
   142        4320          2109.67              1          0.855  
   143        4350          2109.66              1          0.823  
   144        4380          2109.66              1          0.762  
   145        4410          2109.65              1          0.689  
   146        4440          2109.62              1          0.954  
   147        4470          2109.57              1           1.31  
   148        4500          2109.52              1           1.19  
   149        4530          2109.48              1          0.476  
   150        4560          2109.48              1          0.417  
   151        4590          2109.48              1          0.397  
   152        4620          2109.48              1          0.394  
   153        4650          2109.48              1          0.393  
   154        4680          2109.48              1          0.391  
   155        4710          2109.48              1          0.384  
   156        4740          2109.48              1          0.487  
   157        4770          2109.47              1          0.795  
   158        4800          2109.47              1           1.08  
   159        4830          2109.47              1           1.01  
                                                        First-order 
 Iteration  Func-count       f(x)        Step-size       optimality
   160        4860          2109.46              1          0.513  
   161        4890          2109.46              1          0.157  
   162        4920          2109.46              1          0.158  
   163        4950          2109.46              1          0.158  
   164        4980          2109.46              1          0.157  
   165        5010          2109.46              1          0.156  
   166        5040          2109.46              1          0.153  
   167        5070          2109.46              1          0.208  
   168        5100          2109.46              1          0.328  
   169        5130          2109.46              1          0.439  
   170        5160          2109.46              1          0.438  
   171        5190          2109.46              1          0.255  
   172        5220          2109.46              1          0.139  
   173        5250          2109.46              1           0.13  
   174        5280          2109.46              1          0.126  
   175        5310          2109.46              1          0.121  
   176        5340          2109.46              1          0.113  
   177        5370          2109.46              1         0.0972  
   178        5400          2109.46              1          0.087  
   179        5430          2109.46              1         0.0883  
                                                        First-order 
 Iteration  Func-count       f(x)        Step-size       optimality
   180        5460          2109.46              1          0.095  
   181        5490          2109.46              1         0.0674  
   182        5520          2109.46              1         0.0681  
   183        5550          2109.46              1          0.062  
   184        5580          2109.46              1         0.0598  
   185        5610          2109.46              1         0.0588  
   186        5640          2109.46              1         0.0563  
   187        5670          2109.46              1         0.0525  
   188        5700          2109.46              1         0.0443  
   189        5730          2109.46              1         0.0379  
   190        5760          2109.46              1         0.0382  
   191        5790          2109.46              1         0.0275  
   192        5820          2109.46              1         0.0168  
   193        5850          2109.46              1         0.0158  
   194        5880          2109.46              1         0.0162  
   195        5910          2109.46              1         0.0163  
   196        5940          2109.46              1         0.0163  
   197        5970          2109.46              1         0.0165  
   198        6030          2109.46             10         0.0161  
   199        6060          2109.46              1          0.015  
                                                        First-order 
 Iteration  Func-count       f(x)        Step-size       optimality
   200        6090          2109.46              1         0.0134  
   201        6120          2109.46              1         0.0141  
   202        6150          2109.46              1         0.0125  
   203        6180          2109.46              1        0.00726  
   204        6210          2109.46              1        0.00409  
   205        6240          2109.46              1       0.000953  
   206        6270          2109.46              1        0.00103  
   207        6330          2109.46       0.366147        0.00107  
   208        6390          2109.46       0.220584        0.00109  
   209        6540          2109.46     0.00189119        0.00101  
   210        6600          2109.46       0.230442        0.00104  
   211        6690          2109.46      0.0262145       0.000998  
   212        6750          2109.46       0.186209       0.000987  
   213        6780          2109.46              1        0.00105  
   214        6840          2109.46       0.245489        0.00104  
   215        6870          2109.46              1        0.00104  
   216        6900          2109.46              1        0.00101  
   217        7080          2109.46       0.300326        0.00101  

Local minimum possible.

fminunc stopped because it cannot decrease the objective function
along the current search direction.




Computing finite-difference Hessian using objective function.
Predicted change in objective function too small.
Current draw: 1000 of 5000
Current draw: 2000 of 5000
Current draw: 3000 of 5000
Current draw: 4000 of 5000
Current draw: 5000 of 5000
Elapsed time is 1018.013408 seconds.
Ran Forecast Type 2for Model 103 and Horizon 12
Performing iteration ending on 2014M8 of model 104
Warning: This should be expanded with the country names in case of panel
> In abstvar/abstvar/check_inputs
  In abstvar
  In svar
  In scriptEstimateMode_FULL (line 96)
  In run (line 86)
  In msreg_2reg_endoprob_SVAR_FULL_OOS (line 231)
  In OOS_slurm_IF (line 4)
    'c(3,1,sync,1)>=c(3,1,sync,2)'
    'a0(1,GDPG)=0'
    'a0(1,MF)=0'
    'a0(2,GDPG)=0'
    'a1(3,GDPG,sync,1)=0'
    'a1(3,GDPG,sync,2)=0'

 parameter: A12, density:NORMAL, hyperparameters: [0.5 0.5],convergence 0
 parameter: A21, density:NORMAL, hyperparameters: [0.5 0.5],convergence 0
 parameter: B12, density:GAMMA, hyperparameters: [4 0.125],convergence 0
 parameter: C12, density:GAMMA, hyperparameters: [4 0.125],convergence 0
 parameter: B21, density:GAMMA, hyperparameters: [4 0.125],convergence 0
 parameter: C21, density:GAMMA, hyperparameters: [4 0.125],convergence 0
                                                        First-order 
 Iteration  Func-count       f(x)        Step-size       optimality
     0          35          14925.6                      2.28e+04
     1          70          3805.26    4.39161e-05        2.1e+03  
     2         105          3249.92              1       1.53e+03  
     3         140          2754.79              1            760  
     4         175          2575.26              1            444  
     5         210          2478.85              1            463  
     6         245          2437.82              1            407  
     7         280           2411.8              1            309  
     8         315          2386.58              1            251  
     9         350          2365.23              1            247  
    10         385          2350.51              1            234  
    11         420          2331.14              1            320  
    12         455          2312.36              1            267  
    13         490          2276.05              1            216  
    14         525          2255.31              1            198  
    15         560          2244.81              1            125  
    16         595          2240.62              1            109  
    17         630          2235.92              1            105  
    18         665          2231.93              1           99.9  
    19         700           2227.6              1            153  
                                                        First-order 
 Iteration  Func-count       f(x)        Step-size       optimality
    20         735          2221.78              1            159  
    21         770           2214.3              1            177  
    22         805          2205.92              1            236  
    23         840          2198.41              1            195  
    24         875          2192.89              1           88.8  
    25         910          2188.68              1           93.6  
    26         945          2184.08              1            129  
    27         980          2179.32              1            155  
    28        1015          2175.44              1            111  
    29        1050          2171.73              1            114  
    30        1085          2166.56              1            137  
    31        1120          2155.51              1            139  
    32        1190           2151.9       0.337789            189  
    33        1225          2147.46              1            140  
    34        1260             2142              1           97.8  
    35        1295          2139.42              1            115  
    36        1330          2122.09              1            151  
    37        1365          2112.01              1            266  
    38        1400          2101.53              1            181  
    39        1435          2096.02              1            141  
                                                        First-order 
 Iteration  Func-count       f(x)        Step-size       optimality
    40        1470          2093.39              1           77.9  
    41        1505          2091.79              1           50.9  
    42        1540          2089.42              1           51.2  
    43        1575          2087.26              1           51.8  
    44        1610          2084.63              1           72.2  
    45        1645          2081.64              1           90.7  
    46        1680          2079.14              1           90.2  
    47        1715          2076.87              1             67  
    48        1750          2074.78              1           63.2  
    49        1785          2072.71              1           65.5  
    50        1820          2071.09              1           40.7  
    51        1855           2070.3              1           38.4  
    52        1890          2069.81              1           32.5  
    53        1925          2069.22              1           43.4  
    54        1960           2068.2              1             49  
    55        1995          2066.76              1           40.4  
    56        2030          2065.47              1           29.6  
    57        2065          2064.85              1           28.7  
    58        2100          2064.61              1           29.4  
    59        2135          2064.37              1           28.1  
                                                        First-order 
 Iteration  Func-count       f(x)        Step-size       optimality
    60        2170          2063.83              1           22.8  
    61        2205          2062.81              1             21  
    62        2240          2061.56              1           20.8  
    63        2275          2060.72              1           21.7  
    64        2310          2060.39              1           24.3  
    65        2345          2060.19              1           22.9  
    66        2380           2059.8              1           19.8  
    67        3360          2059.66       0.138236            312  
    68        4760          2059.66    1.14698e-07          1e+03  

Local minimum possible.

fminunc stopped because it cannot decrease the objective function
along the current search direction.




Computing finite-difference Hessian using objective function.
Predicted change in objective function too small.
Current draw: 1000 of 5000
Current draw: 2000 of 5000
Current draw: 3000 of 5000
Current draw: 4000 of 5000
Current draw: 5000 of 5000
Elapsed time is 866.647720 seconds.
Ran Forecast Type 2for Model 104 and Horizon 12
Performing iteration ending on 2014M8 of model 105
Warning: This should be expanded with the country names in case of panel
> In abstvar/abstvar/check_inputs
  In abstvar
  In svar
  In scriptEstimateMode_FULL (line 96)
  In run (line 86)
  In msreg_2reg_endoprob_SVAR_FULL_OOS (line 231)
  In OOS_slurm_IF (line 4)
    'c(3,1,sync,1)>=c(3,1,sync,2)'
    'a0(1,GDPG,sync,1)=0'
    'a0(2,GDPG,sync,1)=0'
    'a0(1,MF,sync,1)=0'
    'a0(1,GDPG,sync,2)=0'
    'a0(2,GDPG,sync,2)=0'
    'a0(1,MF,sync,2)=0'
    'a1(3,GDPG)=0'
    's(3,3,sync,1)<=s(3,3,sync,2)'

 parameter: A12, density:NORMAL, hyperparameters: [0.5 0.5],convergence 0
 parameter: A21, density:NORMAL, hyperparameters: [0.5 0.5],convergence 0
 parameter: B12, density:GAMMA, hyperparameters: [4 0.125],convergence 0
 parameter: C12, density:GAMMA, hyperparameters: [4 0.125],convergence 0
 parameter: B21, density:GAMMA, hyperparameters: [4 0.125],convergence 0
 parameter: C21, density:GAMMA, hyperparameters: [4 0.125],convergence 0
                                                        First-order 
 Iteration  Func-count       f(x)        Step-size       optimality
     0          33          14925.6                      1.36e+04
     1          66          3810.38    7.33177e-05       2.65e+03  
     2          99          2929.53              1       1.47e+03  
     3         132          2577.08              1            792  
     4         165          2290.25              1            301  
     5         198          2215.45              1            148  
     6         231          2194.21              1            146  
     7         264          2180.48              1            197  
     8         297          2155.75              1            244  
     9         330          2118.36              1            221  
    10         363          2092.33              1            199  
    11         396          2083.74              1            149  
    12         429          2071.22              1            110  
    13         462          2065.83              1            125  
    14         495          2052.12              1            168  
    15         528          2044.81              1            170  
    16         561          2034.36              1            122  
    17         594          2025.78              1            135  
    18         627          2021.85              1           95.4  
    19         660          2019.37              1           64.1  
                                                        First-order 
 Iteration  Func-count       f(x)        Step-size       optimality
    20         693          2014.54              1           95.7  
    21         726          2011.35              1           84.8  
    22         759          2009.58              1             37  
    23         792          2008.55              1           42.4  
    24         825           2006.7              1           94.6  
    25         858          2002.87              1            183  
    26         891          1995.84              1            251  
    27         924          1988.77              1            191  
    28         957          1985.37              1           72.6  
    29         990          1983.69              1           60.8  
    30        1023          1981.69              1            113  
    31        1056          1977.94              1            185  
    32        1089          1972.79              1            185  
    33        1122          1969.29              1            102  
    34        1155          1968.15              1           34.7  
    35        1188          1967.71              1           31.5  
    36        1221          1967.14              1           53.1  
    37        1254          1966.09              1           76.8  
    38        1287          1964.49              1           78.9  
    39        1320          1963.07              1           46.2  
                                                        First-order 
 Iteration  Func-count       f(x)        Step-size       optimality
    40        1353          1962.45              1             18  
    41        1386          1962.17              1           16.9  
    42        1419          1961.83              1           31.9  
    43        1452          1961.12              1           49.1  
    44        1485          1959.85              1           57.9  
    45        1518          1958.11              1           45.8  
    46        1551          1956.59              1           47.8  
    47        1584          1955.58              1           41.5  
    48        1617           1954.5              1           46.3  
    49        1650          1953.03              1           63.3  
    50        1683          1951.71              1           49.9  
    51        1716          1951.04              1           20.9  
    52        1749          1950.73              1           19.3  
    53        1782          1950.43              1           24.1  
    54        1815          1949.77              1             47  
    55        1848          1948.55              1           68.5  
    56        1947          1948.13           0.19           68.8  
    57        3003          1947.93      0.0439163            235  
    58        3795          1947.93    4.57838e-08          1e+03  

Local minimum possible.

fminunc stopped because it cannot decrease the objective function
along the current search direction.




Computing finite-difference Hessian using objective function.
Predicted change in objective function too small.
Current draw: 1000 of 5000
Current draw: 2000 of 5000
Current draw: 3000 of 5000
Current draw: 4000 of 5000
Current draw: 5000 of 5000
Elapsed time is 783.995711 seconds.
Ran Forecast Type 2for Model 105 and Horizon 12
Performing iteration ending on 2014M8 of model 106
Warning: This should be expanded with the country names in case of panel
> In abstvar/abstvar/check_inputs
  In abstvar
  In svar
  In scriptEstimateMode_FULL (line 96)
  In run (line 86)
  In msreg_2reg_endoprob_SVAR_FULL_OOS (line 231)
  In OOS_slurm_IF (line 4)
    'c(3,1,sync,1)>=c(3,1,sync,2)'
    'a0(1,GDPG)=0'
    'a0(1,MF)=0'
    'a0(2,GDPG)=0'
    'a1(3,GDPG,sync,1)=0'
    'a1(3,GDPG,sync,2)=0'
    's(3,3,sync,1)<=s(3,3,sync,2)'

 parameter: A12, density:NORMAL, hyperparameters: [0.5 0.5],convergence 0
 parameter: A21, density:NORMAL, hyperparameters: [0.5 0.5],convergence 0
 parameter: B12, density:GAMMA, hyperparameters: [4 0.125],convergence 0
 parameter: C12, density:GAMMA, hyperparameters: [4 0.125],convergence 0
 parameter: B21, density:GAMMA, hyperparameters: [4 0.125],convergence 0
 parameter: C21, density:GAMMA, hyperparameters: [4 0.125],convergence 0
                                                        First-order 
 Iteration  Func-count       f(x)        Step-size       optimality
     0          38          14925.6                      1.36e+04
     1          76          3623.26    7.33177e-05        1.8e+03  
     2         114          3061.56              1        1.2e+03  
     3         152          2497.08              1            432  
     4         190          2350.01              1            262  
     5         228          2273.43              1            252  
     6         266           2242.6              1            219  
     7         304          2222.69              1            170  
     8         342           2203.9              1            135  
     9         380          2182.17              1            142  
    10         418          2153.12              1            229  
    11         456          2125.78              1            306  
    12         494          2111.26              1            261  
    13         532          2071.21              1            204  
    14         570          2058.83              1            183  
    15         608           2042.4              1            214  
    16         646          2025.68              1            217  
    17         684          2014.01              1            143  
    18         722          2010.02              1            116  
    19         760           2004.6              1            140  
                                                        First-order 
 Iteration  Func-count       f(x)        Step-size       optimality
    20         798          1998.78              1            160  
    21         836          1991.39              1            139  
    22         874          1985.51              1            112  
    23         912          1981.99              1           52.7  
    24         950          1980.38              1           59.2  
    25         988           1979.2              1           51.4  
    26        1026          1976.69              1           63.2  
    27        1064          1973.76              1           76.7  
    28        1102          1968.43              1            158  
    29        1140          1960.92              1            209  
    30        1178          1953.73              1            156  
    31        1216          1950.09              1           48.5  
    32        1254          1948.83              1           39.7  
    33        1292          1947.73              1           51.5  
    34        1330           1945.8              1           81.2  
    35        1368          1943.47              1             77  
    36        1406          1941.24              1           90.1  
    37        1444           1939.7              1           68.8  
    38        1482          1939.03              1             28  
    39        1520          1938.82              1           13.4  
                                                        First-order 
 Iteration  Func-count       f(x)        Step-size       optimality
    40        1558          1938.73              1           10.4  
    41        1596          1938.65              1           13.2  
    42        1634          1938.51              1           20.7  
    43        1672          1938.31              1           26.2  
    44        1710           1938.1              1           18.9  
    45        1748          1937.96              1             14  
    46        1786          1937.87              1           9.92  
    47        1824          1937.79              1           17.7  
    48        1862          1937.68              1           20.6  
    49        1900          1937.56              1           14.1  
    50        1938          1937.47              1            6.2  
    51        1976          1937.43              1           6.84  
    52        2014          1937.39              1           8.82  
    53        2052          1937.34              1           9.67  
    54        2090          1937.25              1           6.92  
    55        2128          1937.14              1           8.41  
    56        2166          1937.06              1           6.89  
    57        2204          1937.03              1            5.1  
    58        2242             1937              1           4.45  
    59        2280          1936.98              1           4.59  
                                                        First-order 
 Iteration  Func-count       f(x)        Step-size       optimality
    60        2318          1936.92              1           9.34  
    61        2356          1936.83              1           16.3  
    62        2394          1936.73              1           17.2  
    63        2432          1936.66              1           9.47  
    64        2470          1936.64              1           3.86  
    65        2508          1936.63              1           3.58  
    66        2546          1936.61              1           8.82  
    67        2584          1936.57              1           13.3  
    68        2622          1936.53              1           12.8  
    69        2736          1936.52           0.19           11.6  
    70        2850          1936.51           0.19           9.57  
    71        3002          1936.51          0.109           8.48  
    72        4864          1936.51      0.0414279          1e+03  

Local minimum possible.

fminunc stopped because it cannot decrease the objective function
along the current search direction.




Computing finite-difference Hessian using objective function.
Predicted change in objective function too small.
Current draw: 1000 of 5000
Current draw: 2000 of 5000
Current draw: 3000 of 5000
Current draw: 4000 of 5000
Current draw: 5000 of 5000
Elapsed time is 877.153558 seconds.
Ran Forecast Type 2for Model 106 and Horizon 12
Performing iteration ending on 2014M8 of model 107
Warning: This should be expanded with the country names in case of panel
> In abstvar/abstvar/check_inputs
  In abstvar
  In svar
  In scriptEstimateMode_FULL (line 96)
  In run (line 86)
  In msreg_2reg_endoprob_SVAR_FULL_OOS (line 231)
  In OOS_slurm_IF (line 4)
    'c(3,1,sync,1)>=c(3,1,sync,2)'
    'a0(1,GDPG,sync,1)=0'
    'a0(2,GDPG,sync,1)=0'
    'a0(1,MF,sync,1)=0'
    'a0(1,GDPG,sync,2)=0'
    'a0(2,GDPG,sync,2)=0'
    'a0(1,MF,sync,2)=0'
    'a1(3,GDPG,sync,1)=0'
    'a1(3,GDPG,sync,2)=0'
    's(3,3,sync,1)<=s(3,3,sync,2)'

 parameter: A12, density:NORMAL, hyperparameters: [0.5 0.5],convergence 0
 parameter: A21, density:NORMAL, hyperparameters: [0.5 0.5],convergence 0
 parameter: B12, density:GAMMA, hyperparameters: [4 0.125],convergence 0
 parameter: C12, density:GAMMA, hyperparameters: [4 0.125],convergence 0
 parameter: B21, density:GAMMA, hyperparameters: [4 0.125],convergence 0
 parameter: C21, density:GAMMA, hyperparameters: [4 0.125],convergence 0
                                                        First-order 
 Iteration  Func-count       f(x)        Step-size       optimality
     0          41          14925.6                      1.36e+04
     1          82          3671.35    7.33177e-05       1.89e+03  
     2         123          3085.07              1       1.23e+03  
     3         164          2509.94              1            432  
     4         205          2364.17              1            249  
     5         246          2292.12              1            239  
     6         287          2263.13              1            212  
     7         328          2243.17              1            170  
     8         369          2224.39              1            133  
     9         410          2204.61              1            138  
    10         451          2176.63              1            210  
    11         492          2151.46              1            264  
    12         533             2136              1            240  
    13         574          2100.84              1            190  
    14         615          2088.08              1            162  
    15         656          2069.23              1            172  
    16         697          2052.85              1            205  
    17         738          2039.61              1            107  
    18         779          2034.41              1            101  
    19         820          2030.41              1            140  
                                                        First-order 
 Iteration  Func-count       f(x)        Step-size       optimality
    20         861          2025.52              1           95.9  
    21         902          2018.35              1            126  
    22         943          2010.93              1           77.3  
    23         984          2007.69              1           64.3  
    24        1025          2005.49              1           53.3  
    25        1066          2004.23              1             63  
    26        1107          2002.31              1           54.6  
    27        1148          1999.64              1           62.7  
    28        1189          1997.44              1           69.7  
    29        1230           1993.1              1            113  
    30        1271          1986.32              1            125  
    31        1312          1978.17              1           94.3  
    32        1353          1972.36              1           61.3  
    33        1394          1969.06              1           61.8  
    34        1435          1966.14              1             46  
    35        1476          1963.32              1           44.9  
    36        1517          1960.31              1           52.1  
    37        1558          1957.14              1           57.7  
    38        1599          1954.44              1           58.1  
    39        1640          1952.12              1           44.1  
                                                        First-order 
 Iteration  Func-count       f(x)        Step-size       optimality
    40        1681          1949.62              1           45.1  
    41        1722           1947.8              1             43  
    42        1763          1946.95              1           22.3  
    43        1804          1946.63              1           18.1  
    44        1845          1946.36              1           17.5  
    45        1886          1945.86              1           34.1  
    46        1927          1945.07              1           54.4  
    47        1968           1944.1              1           55.5  
    48        2009          1943.41              1           33.9  
    49        2050          1943.13              1             11  
    50        2091             1943              1           11.8  
    51        2132          1942.82              1             22  
    52        2173          1942.48              1           34.4  
    53        2337          1942.31          0.271           37.4  
    54        4674          1942.13       0.126512          1e+03  

Local minimum possible.

fminunc stopped because it cannot decrease the objective function
along the current search direction.




Computing finite-difference Hessian using objective function.
Predicted change in objective function too small.
Current draw: 1000 of 5000
Current draw: 2000 of 5000
Current draw: 3000 of 5000
Current draw: 4000 of 5000
Current draw: 5000 of 5000
Elapsed time is 873.485828 seconds.
Ran Forecast Type 2for Model 107 and Horizon 12
Performing iteration ending on 2014M8 of model 108
Warning: This should be expanded with the country names in case of panel
> In abstvar/abstvar/check_inputs
  In abstvar
  In svar
  In scriptEstimateMode_FULL (line 96)
  In run (line 86)
  In msreg_2reg_endoprob_SVAR_FULL_OOS (line 231)
  In OOS_slurm_IF (line 4)
    'c(3,1,sync,1)>=c(3,1,sync,2)'
    'a0(1,GDPG)=0'
    'a0(1,MF)=0'
    'a0(2,GDPG)=0'
    'a1(3,GDPG)=0'
    's(3,3,sync,1)<=s(3,3,sync,2)'

 parameter: A12, density:NORMAL, hyperparameters: [0.5 0.5],convergence 0
 parameter: A21, density:NORMAL, hyperparameters: [0.5 0.5],convergence 0
 parameter: B12, density:GAMMA, hyperparameters: [4 0.125],convergence 0
 parameter: C12, density:GAMMA, hyperparameters: [4 0.125],convergence 0
 parameter: B21, density:GAMMA, hyperparameters: [4 0.125],convergence 0
 parameter: C21, density:GAMMA, hyperparameters: [4 0.125],convergence 0
                                                        First-order 
 Iteration  Func-count       f(x)        Step-size       optimality
     0          28          14925.6                      1.36e+04
     1          56          3713.27    7.33177e-05        2.6e+03  
     2          84          2947.32              1       1.45e+03  
     3         112          2637.88              1            728  
     4         140          2406.54              1            363  
     5         168          2323.28              1            218  
     6         196          2297.92              1            231  
     7         224          2286.87              1            216  
     8         252          2272.87              1            174  
     9         280          2253.11              1            191  
    10         308          2234.79              1            137  
    11         336          2227.49              1            105  
    12         364          2224.62              1           55.3  
    13         392          2222.18              1           44.5  
    14         420           2219.7              1           83.6  
    15         448          2216.24              1            120  
    16         476          2210.95              1            129  
    17         504          2204.38              1           98.1  
    18         532          2199.49              1           64.9  
    19         560          2197.07              1           59.7  
                                                        First-order 
 Iteration  Func-count       f(x)        Step-size       optimality
    20         588           2195.4              1           57.9  
    21         616          2192.77              1           60.9  
    22         644          2187.65              1           82.8  
    23         672          2179.64              1           94.8  
    24         700          2171.48              1           83.4  
    25         728          2167.37              1           95.9  
    26         756          2165.02              1           89.8  
    27         784          2161.22              1           81.7  
    28         812          2155.03              1            150  
    29         840          2146.56              1            165  
    30         868          2141.43              1           65.1  
    31         896          2139.92              1           40.6  
    32         924          2139.19              1             35  
    33         952          2138.45              1           41.5  
    34         980          2136.89              1           44.1  
    35        1008          2134.77              1           50.5  
    36        1036          2133.02              1           51.3  
    37        1064           2132.1              1           37.9  
    38        1092           2131.6              1           28.3  
    39        1120          2131.04              1           28.7  
                                                        First-order 
 Iteration  Func-count       f(x)        Step-size       optimality
    40        1148          2129.91              1           28.6  
    41        1232          2129.52           0.19           28.4  
    42        2072          2129.23      0.0664949           48.4  
    43        2828          2129.23    1.27873e-07            997  

Local minimum possible.

fminunc stopped because it cannot decrease the objective function
along the current search direction.




Computing finite-difference Hessian using objective function.
Predicted change in objective function too small.
Current draw: 1000 of 5000
Current draw: 2000 of 5000
Current draw: 3000 of 5000
Current draw: 4000 of 5000
Current draw: 5000 of 5000
Elapsed time is 702.813566 seconds.
Ran Forecast Type 2for Model 108 and Horizon 12
