20
------------------------------------------
Setting up environment variables
---
LD_LIBRARY_PATH is .:/opt/MATLAB/R2017a/runtime/glnxa64:/opt/MATLAB/R2017a/bin/glnxa64:/opt/MATLAB/R2017a/sys/os/glnxa64:/opt/MATLAB/R2017a/sys/opengl/lib/glnxa64
Warning: Method directories not allowed in MATLAB path: /if/home/m1pac03/.mcrCache9.2/OOS_sl0/if/gms_research_gar/GAR/MS-VAR/RISE_toolbox2/classes/models/@dsge/private

	Personal pathdef has been created in your preference directory:
	/if/home/m1pac03/.mcrCache9.2/OOS_sl0/.matlab

Running on SLURM; using 1 cores as assigned on this node.

Performing iteration ending on 2000M8 of model 101
Warning: This should be expanded with the country names in case of panel
> In abstvar/abstvar/check_inputs
  In abstvar
  In svar
  In scriptEstimateMode_FULL (line 96)
  In run (line 86)
  In msreg_2reg_endoprob_SVAR_FULL_OOS (line 231)
  In OOS_slurm_IF (line 4)
    'c(3,1,sync,1)>=c(3,1,sync,2)'
    'a0(1,GDPG)=0'
    'a0(1,MF)=0'
    'a0(2,GDPG)=0'
    'a1(3,GDPG)=0'

 parameter: A12, density:NORMAL, hyperparameters: [0.5 0.5],convergence 0
 parameter: A21, density:NORMAL, hyperparameters: [0.5 0.5],convergence 0
 parameter: B12, density:GAMMA, hyperparameters: [4 0.125],convergence 0
 parameter: C12, density:GAMMA, hyperparameters: [4 0.125],convergence 0
 parameter: B21, density:GAMMA, hyperparameters: [4 0.125],convergence 0
 parameter: C21, density:GAMMA, hyperparameters: [4 0.125],convergence 0
                                                        First-order 
 Iteration  Func-count       f(x)        Step-size       optimality
     0          27          10932.7                      1.81e+04
     1          54          2681.97    5.51375e-05       1.82e+03  
     2          81          2329.43              1       1.33e+03  
     3         108          1774.09              1            461  
     4         135           1648.6              1            225  
     5         162           1607.2              1            131  
     6         189          1597.41              1            148  
     7         216          1591.39              1            152  
     8         243          1582.17              1            143  
     9         270          1569.81              1            111  
    10         297          1556.89              1           87.2  
    11         324          1547.99              1            122  
    12         351           1544.4              1            116  
    13         378          1539.28              1           83.1  
    14         405           1532.2              1           64.8  
    15         432          1527.89              1           63.8  
    16         459          1525.88              1             69  
    17         486          1523.68              1           68.2  
    18         513          1518.12              1             83  
    19         540          1508.83              1            101  
                                                        First-order 
 Iteration  Func-count       f(x)        Step-size       optimality
    20         567          1498.94              1           84.9  
    21         594          1493.02              1           67.5  
    22         621           1489.7              1           60.2  
    23         648          1488.23              1           56.6  
    24         675          1485.52              1           62.6  
    25         702          1479.57              1           76.8  
    26         729          1471.55              1           77.9  
    27         756          1465.32              1           84.5  
    28         783          1462.49              1           61.6  
    29         810          1461.19              1           48.5  
    30         837          1458.81              1           60.7  
    31         864          1454.64              1           64.3  
    32         891          1447.88              1           49.8  
    33         918          1442.41              1           39.7  
    34         945          1440.59              1           32.3  
    35         972          1439.91              1           25.7  
    36         999          1439.63              1           26.6  
    37        1026          1439.25              1           24.6  
    38        1053          1438.31              1           17.5  
    39        1080           1437.1              1           20.4  
                                                        First-order 
 Iteration  Func-count       f(x)        Step-size       optimality
    40        1107          1436.17              1           18.3  
    41        1134          1435.87              1           24.1  
    42        1161          1435.71              1           24.7  
    43        1188          1435.45              1           22.9  
    44        1215          1434.99              1           16.7  
    45        1242          1434.46              1           12.7  
    46        1269          1434.12              1           11.2  
    47        1296          1434.02              1             10  
    48        1323          1433.98              1           9.61  
    49        1350          1433.92              1           9.15  
    50        1377          1433.78              1           9.03  
    51        1404          1433.49              1           12.4  
    52        1431          1433.03              1           14.4  
    53        1458          1432.62              1           15.1  
    54        1485          1432.42              1           17.5  
    55        1512          1432.32              1           17.3  
    56        1539          1432.18              1           16.2  
    57        1566          1431.85              1           13.6  
    58        1593          1431.16              1           18.3  
    59        1620          1430.03              1           21.9  
                                                        First-order 
 Iteration  Func-count       f(x)        Step-size       optimality
    60        1647          1428.93              1           16.4  
    61        1674          1428.48              1           9.44  
    62        1701          1428.39              1            8.1  
    63        1728          1428.38              1           7.23  
    64        1755          1428.36              1           6.31  
    65        1782           1428.3              1           5.64  
    66        1809          1428.19              1           6.48  
    67        1836          1427.99              1           6.85  
    68        1863           1427.8              1            6.1  
    69        1890          1427.71              1           7.71  
    70        1917          1427.68              1           7.99  
    71        1944          1427.66              1           7.82  
    72        1971          1427.61              1           7.13  
    73        1998          1427.49              1           5.63  
    74        2025          1427.28              1           6.19  
    75        2052          1427.05              1           6.92  
    76        2079          1426.93              1           7.88  
    77        2106          1426.87              1           7.35  
    78        2133          1426.84              1           7.01  
    79        2160          1426.79              1           6.46  
                                                        First-order 
 Iteration  Func-count       f(x)        Step-size       optimality
    80        2187          1426.64              1           6.24  
    81        2214          1426.29              1           8.41  
    82        2241           1425.6              1           12.7  
    83        2268          1424.84              1           20.4  
    84        2295           1424.3              1             19  
    85        2322          1424.04              1             16  
    86        2349          1423.98              1           15.6  
    87        2376          1423.88              1           15.1  
    88        2403          1423.46              1           14.7  
    89        2430          1422.77              1           22.5  
    90        2457          1421.04              1           39.2  
    91        2484          1418.55              1           39.5  
    92        2511          1416.51              1           24.6  
    93        2538          1415.75              1           17.1  
    94        2565          1415.62              1           13.7  
    95        2592          1415.52              1             14  
    96        2619          1415.26              1           13.5  
    97        2646           1414.2              1           18.3  
    98        2673          1412.81              1           24.4  
    99        2700          1411.58              1           21.6  
                                                        First-order 
 Iteration  Func-count       f(x)        Step-size       optimality
   100        2727          1410.97              1           9.21  
   101        2754          1410.67              1           10.1  
   102        2781          1410.62              1           8.31  
   103        2808          1410.58              1           8.58  
   104        2835          1410.55              1           7.96  
   105        2862          1410.47              1            7.2  
   106        2889          1410.33              1              6  
   107        2916          1410.04              1           7.59  
   108        2943          1409.68              1           9.72  
   109        2970          1409.44              1           7.01  
   110        2997          1409.37              1           4.71  
   111        3024          1409.35              1           3.83  
   112        3051          1409.34              1           3.81  
   113        3078          1409.28              1           3.86  
   114        3105          1409.18              1            6.5  
   115        3132          1408.93              1           10.7  
   116        3159           1408.5              1           13.8  
   117        3186          1407.93              1           12.5  
   118        3213          1407.42              1           6.53  
   119        3240          1407.31              1           4.97  
                                                        First-order 
 Iteration  Func-count       f(x)        Step-size       optimality
   120        3267           1407.3              1           4.82  
   121        3294          1407.29              1           4.74  
   122        3321          1407.28              1            4.6  
   123        3348          1407.26              1           4.26  
   124        3375           1407.2              1              5  
   125        3402          1407.05              1           7.95  
   126        3429          1406.78              1           10.9  
   127        3456          1406.39              1           10.5  
   128        3483          1406.08              1            5.8  
   129        3510          1405.99              1           3.06  
   130        3537          1405.99              1           3.15  
   131        3564          1405.99              1           3.14  
   132        3591          1405.98              1            3.1  
   133        3618          1405.98              1              3  
   134        3645          1405.96              1           2.83  
   135        3672          1405.91              1           4.25  
   136        3699          1405.84              1           4.75  
   137        3726          1405.78              1           3.33  
   138        3753          1405.75              1           1.42  
   139        3780          1405.75              1           1.41  
                                                        First-order 
 Iteration  Func-count       f(x)        Step-size       optimality
   140        3807          1405.75              1           1.38  
   141        3834          1405.75              1           1.35  
   142        3861          1405.74              1           1.28  
   143        3888          1405.74              1           1.17  
   144        3915          1405.73              1          0.965  
   145        3942          1405.71              1           1.43  
   146        3969          1405.66              1           1.81  
   147        3996          1405.61              1           1.58  
   148        4023          1405.57              1          0.692  
   149        4050          1405.56              1          0.141  
   150        4077          1405.56              1          0.139  
   151        4104          1405.56              1          0.139  
   152        4131          1405.56              1          0.139  
   153        4158          1405.56              1          0.139  
   154        4185          1405.56              1           0.14  
   155        4212          1405.56              1           0.14  
   156        4239          1405.56              1          0.151  
   157        4266          1405.56              1          0.249  
   158        4293          1405.56              1          0.378  
   159        4320          1405.56              1          0.476  
                                                        First-order 
 Iteration  Func-count       f(x)        Step-size       optimality
   160        4347          1405.56              1          0.414  
   161        4374          1405.56              1          0.189  
   162        4401          1405.56              1          0.125  
   163        4428          1405.56              1          0.113  
   164        4455          1405.56              1           0.11  
   165        4482          1405.56              1          0.105  
   166        4509          1405.56              1         0.0986  
   167        4536          1405.56              1         0.0897  
   168        4563          1405.56              1         0.0749  
   169        4590          1405.56              1         0.0521  
   170        4617          1405.56              1         0.0561  
   171        4644          1405.56              1          0.039  
   172        4671          1405.56              1         0.0181  
   173        4698          1405.56              1         0.0053  
   174        4725          1405.56              1        0.00508  
   175        4752          1405.56              1        0.00505  
   176        4779          1405.56              1        0.00501  
   177        4806          1405.56              1        0.00508  
   178        4833          1405.56              1        0.00509  
   179        4860          1405.56              1        0.00536  
                                                        First-order 
 Iteration  Func-count       f(x)        Step-size       optimality
   180        4887          1405.56              1        0.00526  
   181        4914          1405.56              1         0.0121  
   182        4941          1405.56              1        0.00627  
   183        4968          1405.56              1        0.00434  
   184        4995          1405.56              1        0.00429  
   185        5022          1405.56              1        0.00482  
   186        5049          1405.56              1        0.00339  
   187        5076          1405.56              1        0.00185  
   188        5103          1405.56              1       0.000717  
   189        5130          1405.56              1       0.000412  
   190        5157          1405.56              1       0.000336  
   191        5184          1405.56              1       0.000351  
   192        5238          1405.56       0.381837       0.000214  

Local minimum found.

Optimization completed because the size of the gradient is less than
the selected value of the optimality tolerance.




Computing finite-difference Hessian using objective function.
First order optimality conditions satisfied.
Current draw: 1000 of 5000
Current draw: 2000 of 5000
Current draw: 3000 of 5000
Current draw: 4000 of 5000
Current draw: 5000 of 5000
Elapsed time is 557.684867 seconds.
Ran Forecast Type 2for Model 101 and Horizon 12
Performing iteration ending on 2000M8 of model 102
Warning: This should be expanded with the country names in case of panel
> In abstvar/abstvar/check_inputs
  In abstvar
  In svar
  In scriptEstimateMode_FULL (line 96)
  In run (line 86)
  In msreg_2reg_endoprob_SVAR_FULL_OOS (line 231)
  In OOS_slurm_IF (line 4)
    'c(3,1,sync,1)>=c(3,1,sync,2)'
    'a0(1,GDPG)=0'
    'a0(1,MF)=0'
    'a0(2,GDPG)=0'
    'a1(3,GDPG)=0'
    's(3,3,sync,1)<=s(3,3,sync,2)'

 parameter: A12, density:NORMAL, hyperparameters: [0.5 0.5],convergence 0
 parameter: A21, density:NORMAL, hyperparameters: [0.5 0.5],convergence 0
 parameter: B12, density:GAMMA, hyperparameters: [4 0.125],convergence 0
 parameter: C12, density:GAMMA, hyperparameters: [4 0.125],convergence 0
 parameter: B21, density:GAMMA, hyperparameters: [4 0.125],convergence 0
 parameter: C21, density:GAMMA, hyperparameters: [4 0.125],convergence 0
                                                        First-order 
 Iteration  Func-count       f(x)        Step-size       optimality
     0          30          10932.7                      1.05e+04
     1          60          2687.23    9.48127e-05        1.9e+03  
     2          90          2150.04              1       1.31e+03  
     3         120          1814.99              1            551  
     4         150          1576.92              1            206  
     5         180           1514.7              1           85.9  
     6         210          1493.61              1             93  
     7         240          1485.44              1           93.8  
     8         270          1476.82              1            102  
     9         300          1462.96              1            133  
    10         330          1444.15              1            138  
    11         360          1426.39              1            158  
    12         390          1413.94              1            143  
    13         420          1405.58              1           89.6  
    14         450          1397.14              1           99.9  
    15         480          1390.78              1           93.2  
    16         510          1386.39              1           75.5  
    17         540          1382.49              1           74.3  
    18         570          1375.09              1            151  
    19         600          1365.56              1            224  
                                                        First-order 
 Iteration  Func-count       f(x)        Step-size       optimality
    20         630          1359.17              1            167  
    21         660          1355.57              1           94.1  
    22         690          1353.22              1            122  
    23         720           1350.8              1            133  
    24         750          1347.41              1            103  
    25         780          1345.51              1             52  
    26         810          1343.88              1           60.7  
    27         840           1340.9              1            153  
    28         870          1336.06              1            217  
    29         900          1331.17              1            171  
    30         930          1328.78              1           55.1  
    31         960          1328.14              1           23.1  
    32         990          1327.62              1           47.1  
    33        1020          1326.41              1            100  
    34        1050           1324.6              1            131  
    35        1080          1322.79              1            106  
    36        1110          1321.92              1           43.2  
    37        1140          1321.67              1             19  
    38        1170          1321.53              1           19.9  
    39        1200          1321.25              1           43.8  
                                                        First-order 
 Iteration  Func-count       f(x)        Step-size       optimality
    40        1230          1320.77              1           63.2  
    41        1260          1320.13              1           60.6  
    42        1290          1319.69              1           30.9  
    43        1320          1319.51              1           12.5  
    44        1350          1319.41              1           13.5  
    45        1380          1319.21              1             33  
    46        1410          1318.85              1           52.2  
    47        1440          1318.31              1           57.9  
    48        1470          1317.83              1           37.7  
    49        1500          1317.57              1           24.5  
    50        1530           1317.4              1           23.8  
    51        1560          1317.14              1           35.4  
    52        1590          1316.66              1           54.1  
    53        1620          1316.07              1           52.5  
    54        1650           1315.7              1           25.3  
    55        1680          1315.57              1           10.1  
    56        1710          1315.49              1           11.1  
    57        1740          1315.34              1           25.2  
    58        1770          1315.07              1             38  
    59        1800          1314.73              1           38.1  
                                                        First-order 
 Iteration  Func-count       f(x)        Step-size       optimality
    60        1830           1314.5              1           20.6  
    61        1860          1314.44              1           4.39  
    62        1890          1314.43              1           3.76  
    63        1920          1314.41              1           5.21  
    64        1950          1314.38              1             10  
    65        1980          1314.32              1           14.2  
    66        2010          1314.24              1           14.1  
    67        2040          1314.18              1           7.71  
    68        2070          1314.16              1           2.65  
    69        2100          1314.15              1           2.66  
    70        2130          1314.14              1           3.86  
    71        2160          1314.12              1           7.36  
    72        2190          1314.07              1           11.4  
    73        2220          1313.98              1           13.9  
    74        2250          1313.89              1             11  
    75        2280          1313.85              1           4.24  
    76        2310          1313.84              1           2.42  
    77        2340          1313.84              1           2.14  
    78        2370          1313.83              1           2.05  
    79        2400          1313.82              1           3.34  
                                                        First-order 
 Iteration  Func-count       f(x)        Step-size       optimality
    80        2430          1313.81              1           4.01  
    81        2460          1313.79              1           2.92  
    82        2490          1313.78              1           1.57  
    83        2520          1313.78              1           1.44  
    84        2550          1313.78              1           1.43  
    85        2580          1313.77              1           2.07  
    86        2610          1313.76              1           3.55  
    87        2640          1313.73              1            5.3  
    88        2670          1313.69              1            6.2  
    89        2700          1313.64              1           4.69  
    90        2730          1313.61              1           2.88  
    91        2760           1313.6              1           2.75  
    92        2790           1313.6              1           2.77  
    93        2820          1313.58              1           3.03  
    94        2850          1313.56              1           4.41  
    95        2880          1313.51              1           4.83  
    96        2910          1313.47              1           3.12  
    97        2940          1313.45              1           1.56  
    98        2970          1313.45              1           1.39  
    99        3000          1313.45              1           1.41  
                                                        First-order 
 Iteration  Func-count       f(x)        Step-size       optimality
   100        3030          1313.44              1           1.42  
   101        3060          1313.44              1           1.66  
   102        3090          1313.42              1           1.87  
   103        3120          1313.41              1           1.44  
   104        3150           1313.4              1           1.18  
   105        3180           1313.4              1            1.2  
   106        3210           1313.4              1           1.19  
   107        3240           1313.4              1           1.12  
   108        3270          1313.39              1           1.25  
   109        3300          1313.38              1           1.56  
   110        3330          1313.37              1           1.45  
   111        3360          1313.36              1          0.848  
   112        3390          1313.36              1          0.554  
   113        3420          1313.36              1          0.568  
   114        3450          1313.36              1           0.56  
   115        3480          1313.36              1          0.522  
   116        3510          1313.35              1          0.422  
   117        3540          1313.35              1          0.515  
   118        3570          1313.35              1          0.475  
   119        3600          1313.35              1          0.287  
                                                        First-order 
 Iteration  Func-count       f(x)        Step-size       optimality
   120        3630          1313.35              1          0.265  
   121        3660          1313.35              1           0.26  
   122        3690          1313.35              1           0.26  
   123        3720          1313.35              1          0.258  
   124        3750          1313.35              1          0.253  
   125        3780          1313.34              1          0.301  
   126        3810          1313.34              1          0.363  
   127        3840          1313.34              1          0.359  
   128        3870          1313.34              1          0.296  
   129        3900          1313.34              1          0.276  
   130        3930          1313.34              1          0.277  
   131        3960          1313.34              1          0.257  
   132        3990          1313.34              1          0.198  
   133        4020          1313.34              1          0.188  
   134        4050          1313.34              1           0.23  
   135        4080          1313.34              1          0.249  
   136        4110          1313.34              1           0.25  
   137        4140          1313.34              1          0.248  
   138        4170          1313.34              1           0.24  
   139        4200          1313.34              1          0.224  
                                                        First-order 
 Iteration  Func-count       f(x)        Step-size       optimality
   140        4230          1313.34              1          0.229  
   141        4260          1313.34              1          0.367  
   142        4290          1313.34              1          0.371  
   143        4320          1313.34              1          0.186  
   144        4350          1313.33              1         0.0944  
   145        4380          1313.33              1         0.0908  
   146        4410          1313.33              1         0.0894  
   147        4440          1313.33              1         0.0859  
   148        4470          1313.33              1         0.0816  
   149        4500          1313.33              1          0.076  
   150        4530          1313.33              1         0.0934  
   151        4560          1313.33              1          0.131  
   152        4590          1313.33              1           0.13  
   153        4620          1313.33              1           0.12  
   154        4650          1313.33              1          0.103  
   155        4680          1313.33              1         0.0869  
   156        4710          1313.33              1         0.0863  
   157        4740          1313.33              1         0.0898  
   158        4770          1313.33              1          0.088  
   159        4800          1313.33              1         0.0757  
                                                        First-order 
 Iteration  Func-count       f(x)        Step-size       optimality
   160        4830          1313.33              1         0.0261  
   161        4860          1313.33              1         0.0207  
   162        4890          1313.33              1         0.0206  
   163        4920          1313.33              1         0.0206  
   164        4950          1313.33              1         0.0206  
   165        4980          1313.33              1         0.0205  
   166        5010          1313.33              1         0.0201  
   167        5040          1313.33              1         0.0191  
   168        5070          1313.33              1         0.0166  
   169        5100          1313.33              1         0.0188  
   170        5130          1313.33              1         0.0167  
   171        5160          1313.33              1        0.00897  
   172        5190          1313.33              1        0.00568  
   173        5220          1313.33              1        0.00507  
   174        5250          1313.33              1        0.00513  
   175        5280          1313.33              1        0.00514  
   176        5310          1313.33              1         0.0049  
   177        5340          1313.33              1         0.0047  
   178        5370          1313.33              1         0.0114  
   179        5400          1313.33              1         0.0087  
                                                        First-order 
 Iteration  Func-count       f(x)        Step-size       optimality
   180        5430          1313.33              1        0.00478  
   181        5460          1313.33              1        0.00571  
   182        5490          1313.33              1        0.00261  
   183        5520          1313.33              1         0.0009  
   184        5550          1313.33              1       0.000487  
   185        5610          1313.33       0.265469       0.000561  
   186        5640          1313.33              1       0.000575  
   187        5700          1313.33            0.5       0.000548  
   188        5760          1313.33            0.5       0.000548  

Local minimum possible.

fminunc stopped because it cannot decrease the objective function
along the current search direction.




Computing finite-difference Hessian using objective function.
Predicted change in objective function too small.
Current draw: 1000 of 5000
Current draw: 2000 of 5000
Current draw: 3000 of 5000
Current draw: 4000 of 5000
Current draw: 5000 of 5000
Elapsed time is 594.554325 seconds.
Ran Forecast Type 2for Model 102 and Horizon 12
Performing iteration ending on 2000M8 of model 103
Warning: This should be expanded with the country names in case of panel
> In abstvar/abstvar/check_inputs
  In abstvar
  In svar
  In scriptEstimateMode_FULL (line 96)
  In run (line 86)
  In msreg_2reg_endoprob_SVAR_FULL_OOS (line 231)
  In OOS_slurm_IF (line 4)
    'c(3,1,sync,1)>=c(3,1,sync,2)'
    'a0(1,GDPG,sync,1)=0'
    'a0(2,GDPG,sync,1)=0'
    'a0(1,MF,sync,1)=0'
    'a0(1,GDPG,sync,2)=0'
    'a0(2,GDPG,sync,2)=0'
    'a0(1,MF,sync,2)=0'
    'a1(3,GDPG)=0'

 parameter: A12, density:NORMAL, hyperparameters: [0.5 0.5],convergence 0
 parameter: A21, density:NORMAL, hyperparameters: [0.5 0.5],convergence 0
 parameter: B12, density:GAMMA, hyperparameters: [4 0.125],convergence 0
 parameter: C12, density:GAMMA, hyperparameters: [4 0.125],convergence 0
 parameter: B21, density:GAMMA, hyperparameters: [4 0.125],convergence 0
 parameter: C21, density:GAMMA, hyperparameters: [4 0.125],convergence 0
                                                        First-order 
 Iteration  Func-count       f(x)        Step-size       optimality
     0          30          10932.7                      1.81e+04
     1          60          2719.82    5.51375e-05       1.89e+03  
     2          90          2353.88              1       1.37e+03  
     3         120          1786.74              1            478  
     4         150          1657.05              1            227  
     5         180          1615.07              1            128  
     6         210          1606.04              1            146  
     7         240          1601.02              1            149  
     8         270          1592.53              1            140  
     9         300           1580.1              1            106  
    10         330          1566.58              1           93.8  
    11         360          1556.23              1           80.8  
    12         390          1553.59              1           82.1  
    13         420          1551.73              1           70.8  
    14         450          1544.86              1             48  
    15         480          1540.49              1           45.9  
    16         510          1537.43              1           65.3  
    17         540          1535.79              1           68.8  
    18         570          1532.68              1           66.5  
    19         600           1526.6              1             74  
                                                        First-order 
 Iteration  Func-count       f(x)        Step-size       optimality
    20         630          1518.47              1           77.4  
    21         660          1513.05              1           52.9  
    22         690          1510.35              1           51.5  
    23         720          1508.88              1           48.9  
    24         750          1507.38              1             45  
    25         780          1503.52              1             61  
    26         810          1497.09              1           68.1  
    27         840          1489.65              1           81.1  
    28         870          1484.69              1           71.8  
    29         900          1482.89              1           53.5  
    30         930          1481.57              1           55.4  
    31         960          1478.52              1           66.8  
    32         990          1473.88              1             63  
    33        1020          1467.74              1           34.1  
    34        1050          1464.66              1             35  
    35        1080          1463.88              1           32.2  
    36        1110          1463.37              1           31.7  
    37        1140          1462.85              1           34.5  
    38        1170           1461.5              1           34.3  
    39        1200          1459.13              1             30  
                                                        First-order 
 Iteration  Func-count       f(x)        Step-size       optimality
    40        1230          1455.95              1           42.9  
    41        1260          1453.86              1           41.6  
    42        1290          1453.11              1           46.4  
    43        1320          1452.42              1             46  
    44        1350          1450.93              1           42.6  
    45        1380          1448.89              1             31  
    46        1410          1447.15              1           19.7  
    47        1440          1446.45              1           15.5  
    48        1470          1446.28              1           15.2  
    49        1500          1446.19              1           14.4  
    50        1530             1446              1           13.4  
    51        1560          1445.58              1           13.9  
    52        1590          1444.78              1           18.5  
    53        1620          1443.84              1           16.5  
    54        1650          1443.25              1           21.6  
    55        1680             1443              1           22.1  
    56        1710          1442.78              1           21.1  
    57        1740          1442.33              1           18.6  
    58        1770          1441.29              1           22.7  
    59        1800          1439.18              1           31.7  
                                                        First-order 
 Iteration  Func-count       f(x)        Step-size       optimality
    60        1830          1435.94              1             34  
    61        1860          1433.26              1           24.1  
    62        1890          1432.24              1           26.4  
    63        1920          1431.95              1           23.7  
    64        1950           1431.8              1           21.5  
    65        1980           1431.3              1           18.9  
    66        2010           1430.3              1           21.7  
    67        2040           1428.3              1           22.7  
srun: error: slurm_receive_msg: Transport endpoint is not connected
srun: error: slurm_receive_msg[10.26.24.30]: Transport endpoint is not connected
srun: error: invalid type trying to be freed 65534
    68        2070          1425.89              1             21  
    69        2100          1424.48              1           18.8  
    70        2130           1424.1              1           18.9  
    71        2160          1423.99              1           17.2  
srun: error: slurm_receive_msg: Transport endpoint is not connected
srun: error: slurm_receive_msg[10.26.24.30]: Transport endpoint is not connected
srun: error: invalid type trying to be freed 65534
    72        2190          1423.85              1           15.3  
    73        2220          1423.47              1           11.4  
    74        2250           1422.7              1           12.6  
    75        2280          1421.46              1             18  
srun: error: slurm_receive_msg: Transport endpoint is not connected
srun: error: slurm_receive_msg[10.26.24.30]: Transport endpoint is not connected
srun: error: invalid type trying to be freed 65534
    76        2310           1420.4              1           18.1  
    77        2340          1420.02              1           13.9  
    78        2370          1419.93              1           11.8  
    79        2400          1419.88              1             12  
                                                        First-order 
 Iteration  Func-count       f(x)        Step-size       optimality
    80        2430          1419.75              1           11.5  
srun: error: slurm_receive_msg: Transport endpoint is not connected
srun: error: slurm_receive_msg[10.26.24.30]: Transport endpoint is not connected
srun: error: invalid type trying to be freed 65534
    81        2460          1419.49              1           9.75  
    82        2490           1419.1              1           7.77  
    83        2520          1418.76              1           9.42  
srun: error: slurm_receive_msg: Transport endpoint is not connected
srun: error: slurm_receive_msg[10.26.24.30]: Transport endpoint is not connected
srun: error: invalid type trying to be freed 65534
    84        2550           1418.6              1           8.45  
    85        2580          1418.55              1           8.81  
    86        2610          1418.49              1           8.75  
    87        2640          1418.33              1           9.62  
    88        2670          1417.99              1           10.6  
    89        2700          1417.37              1            9.1  
    90        2730          1416.69              1             12  
    91        2760          1416.37              1           10.9  
srun: error: slurm_receive_msg: Transport endpoint is not connected
srun: error: slurm_receive_msg[10.26.24.30]: Transport endpoint is not connected
srun: error: invalid type trying to be freed 65534
    92        2790          1416.29              1           8.75  
    93        2820          1416.26              1            7.8  
    94        2850          1416.23              1           7.61  
    95        2880          1416.13              1           8.81  
    96        2910          1415.91              1           13.4  
    97        2940          1415.45              1           21.1  
    98        2970          1414.72              1           25.1  
    99        3000          1414.14              1           17.1  
                                                        First-order 
 Iteration  Func-count       f(x)        Step-size       optimality
   100        3030          1413.97              1           4.47  
   101        3060          1413.95              1           3.88  
   102        3090          1413.94              1            4.1  
   103        3120          1413.92              1           4.15  
   104        3150          1413.88              1            6.6  
   105        3180          1413.79              1           9.11  
srun: error: slurm_receive_msg: Transport endpoint is not connected
srun: error: slurm_receive_msg[10.26.24.30]: Transport endpoint is not connected
srun: error: invalid type trying to be freed 65534
   106        3210          1413.68              1           8.33  
   107        3240          1413.61              1           3.63  
   108        3270          1413.59              1           3.14  
   109        3300          1413.58              1           3.17  
   110        3330          1413.57              1           3.18  
   111        3360          1413.55              1           3.14  
   112        3390          1413.51              1           4.01  
   113        3420          1413.42              1           5.25  
   114        3450          1413.32              1           4.74  
   115        3480          1413.25              1           2.87  
   116        3510          1413.24              1           2.57  
   117        3540          1413.23              1           2.27  
   118        3570          1413.23              1           1.98  
   119        3600          1413.22              1           1.79  
                                                        First-order 
 Iteration  Func-count       f(x)        Step-size       optimality
   120        3630           1413.2              1           1.94  
srun: error: slurm_receive_msg: Transport endpoint is not connected
srun: error: slurm_receive_msg[10.26.24.30]: Transport endpoint is not connected
srun: error: invalid type trying to be freed 65534
   121        3660          1413.14              1            2.3  
   122        3690          1413.04              1           3.42  
   123        3720          1412.93              1           3.24  
   124        3750          1412.87              1           2.67  
   125        3780          1412.85              1           2.76  
   126        3810          1412.85              1           2.73  
   127        3840          1412.84              1           2.68  
   128        3870          1412.82              1           2.63  
   129        3900          1412.76              1           2.74  
   130        3930          1412.59              1           4.85  
srun: error: slurm_receive_msg: Insane message length
srun: error: slurm_receive_msg[10.26.24.30]: Insane message length
srun: error: invalid type trying to be freed 65534
   131        3960          1412.19              1           8.88  
   132        3990          1411.71              1           11.1  
   133        4020          1411.19              1           9.07  
   134        4050          1410.81              1           5.58  
   135        4080           1410.8              1           4.15  
   136        4110          1410.76              1           2.27  
   137        4140          1410.75              1           2.38  
   138        4170          1410.75              1           2.36  
srun: error: slurm_receive_msg: Insane message length
srun: error: slurm_receive_msg[10.26.24.30]: Insane message length
srun: error: invalid type trying to be freed 65534
   139        4200          1410.74              1           2.23  
                                                        First-order 
 Iteration  Func-count       f(x)        Step-size       optimality
   140        4230          1410.73              1            3.8  
   141        4260          1410.69              1           7.04  
   142        4290          1410.61              1             10  
   143        4320           1410.5              1           10.7  
   144        4350          1410.41              1           6.87  
   145        4380          1410.38              1           2.04  
   146        4410          1410.37              1           1.64  
   147        4440          1410.37              1            1.6  
   148        4470          1410.37              1           1.56  
   149        4500          1410.37              1           1.51  
   150        4530          1410.36              1           1.46  
   151        4560          1410.36              1           2.63  
   152        4590          1410.33              1           4.32  
   153        4620          1410.29              1           6.09  
   154        4650          1410.21              1           6.78  
   155        4680          1410.15              1           4.71  
   156        4710          1410.12              1           1.44  
   157        4740          1410.12              1           1.09  
   158        4770          1410.12              1           1.07  
   159        4800          1410.12              1           1.04  
                                                        First-order 
 Iteration  Func-count       f(x)        Step-size       optimality
   160        4830          1410.12              1              1  
   161        4860          1410.12              1           1.73  
   162        4890          1410.11              1           2.98  
   163        4920          1410.09              1           4.22  
   164        4950          1410.07              1           4.29  
   165        4980          1410.05              1           2.46  
   166        5010          1410.05              1          0.588  
   167        5040          1410.05              1          0.512  
   168        5070          1410.05              1          0.512  
   169        5100          1410.05              1          0.511  
   170        5130          1410.05              1          0.508  
   171        5160          1410.05              1          0.503  
   172        5190          1410.05              1           0.49  
   173        5220          1410.04              1          0.644  
   174        5250          1410.04              1           1.16  
   175        5280          1410.02              1           1.72  
   176        5310             1410              1            1.7  
   177        5340          1409.99              1          0.934  
   178        5370          1409.99              1          0.373  
   179        5400          1409.98              1          0.243  
                                                        First-order 
 Iteration  Func-count       f(x)        Step-size       optimality
   180        5550           1404.7        5.70053           31.2  
   181        5730           1404.7     0.00011976           31.4  
   182        5790          1403.87             10           27.7  
   183        5820          1402.49              1           9.78  
   184        5850          1402.45              1           10.9  
   185        5880          1402.14              1           2.13  
   186        5910          1402.12              1           2.14  
   187        5940          1402.11              1           2.18  
   188        5970          1402.11              1            2.2  
   189        6000           1402.1              1           2.27  
   190        6030           1402.1              1           2.28  
   191        6060          1402.08              1            2.3  
   192        6090          1402.06              1           2.31  
   193        6120          1401.98              1            3.1  
   194        6150          1401.82              1           4.14  
   195        6180          1401.53              1           5.58  
   196        6210          1401.22              1           3.34  
   197        6240          1401.06              1            4.6  
   198        6270          1400.94              1           1.29  
   199        6300          1400.93              1           1.09  
                                                        First-order 
 Iteration  Func-count       f(x)        Step-size       optimality
   200        6330          1400.93              1           1.08  
   201        6360          1400.93              1           1.07  
   202        6390          1400.93              1           1.06  
   203        6420          1400.92              1           1.38  
   204        6450          1400.92              1            2.5  
   205        6480          1400.91              1           4.19  
   206        6510          1400.88              1            6.4  
   207        6540          1400.82              1            8.3  
   208        6570          1400.74              1           7.59  
   209        6600           1400.7              1           3.76  
srun: error: unpackmem: Buffer to be unpacked is too large (4131698890 > 1073741824)
srun: error: unpack error in io_init_msg_unpack
srun: error: Invalid IO init header version
srun: error: unpack error in io_init_msg_unpack
srun: error: Invalid IO init header version
   210        6630          1400.69              1           0.85  
   211        6660          1400.68              1         0.0811  
   212        6690          1400.68              1         0.0838  
   213        6720          1400.68              1         0.0839  
   214        6750          1400.68              1         0.0838  
   215        6780          1400.68              1         0.0836  
   216        6810          1400.68              1         0.0828  
   217        6840          1400.68              1         0.0817  
   218        6870          1400.68              1         0.0926  
   219        6900          1400.68              1          0.148  
                                                        First-order 
 Iteration  Func-count       f(x)        Step-size       optimality
   220        6930          1400.68              1          0.222  
   221        6960          1400.68              1          0.272  
   222        6990          1400.68              1          0.225  
   223        7020          1400.68              1         0.0949  
srun: error: io_init_msg_read too small
srun: error: failed reading io init message
srun: error: unpackmem: Buffer to be unpacked is too large (4278357075 > 1073741824)
srun: error: unpack error in io_init_msg_unpack
srun: error: Invalid IO init header version
   224        7050          1400.68              1         0.0139  
   225        7080          1400.68              1       0.000462  
   226        7110          1400.68              1       0.000229  

Local minimum found.

Optimization completed because the size of the gradient is less than
the selected value of the optimality tolerance.




Computing finite-difference Hessian using objective function.
srun: error: unpack error in io_init_msg_unpack
srun: error: Invalid IO init header version
srun: error: unpackmem: Buffer to be unpacked is too large (2881051412 > 1073741824)
srun: error: unpack error in io_init_msg_unpack
srun: error: Invalid IO init header version
srun: error: unpackmem: Buffer to be unpacked is too large (3830072407 > 1073741824)
srun: error: unpack error in io_init_msg_unpack
srun: error: Invalid IO init header version
srun: error: unpackmem: Buffer to be unpacked is too large (3830536793 > 1073741824)
srun: error: unpack error in io_init_msg_unpack
srun: error: Invalid IO init header version
srun: error: unpack error in io_init_msg_unpack
srun: error: Invalid IO init header version
srun: error: io_init_msg_read too small
srun: error: failed reading io init message
First order optimality conditions satisfied.
Current draw: 1000 of 5000
Current draw: 2000 of 5000
Current draw: 3000 of 5000
Current draw: 4000 of 5000
srun: error: slurm_receive_msg: Transport endpoint is not connected
srun: error: slurm_receive_msg[10.26.24.30]: Transport endpoint is not connected
srun: error: invalid type trying to be freed 65534
srun: error: slurm_receive_msg: Transport endpoint is not connected
srun: error: slurm_receive_msg[10.26.24.30]: Transport endpoint is not connected
srun: error: invalid type trying to be freed 65534
Current draw: 5000 of 5000
Elapsed time is 640.419073 seconds.
Ran Forecast Type 2for Model 103 and Horizon 12
Performing iteration ending on 2000M8 of model 104
Warning: This should be expanded with the country names in case of panel
> In abstvar/abstvar/check_inputs
  In abstvar
  In svar
  In scriptEstimateMode_FULL (line 96)
  In run (line 86)
  In msreg_2reg_endoprob_SVAR_FULL_OOS (line 231)
  In OOS_slurm_IF (line 4)
    'c(3,1,sync,1)>=c(3,1,sync,2)'
    'a0(1,GDPG)=0'
    'a0(1,MF)=0'
    'a0(2,GDPG)=0'
    'a1(3,GDPG,sync,1)=0'
    'a1(3,GDPG,sync,2)=0'

srun: error: slurm_receive_msg: Transport endpoint is not connected
srun: error: slurm_receive_msg[10.26.24.30]: Transport endpoint is not connected
srun: error: invalid type trying to be freed 65534
 parameter: A12, density:NORMAL, hyperparameters: [0.5 0.5],convergence 0
 parameter: A21, density:NORMAL, hyperparameters: [0.5 0.5],convergence 0
 parameter: B12, density:GAMMA, hyperparameters: [4 0.125],convergence 0
 parameter: C12, density:GAMMA, hyperparameters: [4 0.125],convergence 0
 parameter: B21, density:GAMMA, hyperparameters: [4 0.125],convergence 0
 parameter: C21, density:GAMMA, hyperparameters: [4 0.125],convergence 0
                                                        First-order 
 Iteration  Func-count       f(x)        Step-size       optimality
     0          35          10932.7                      1.81e+04
     1          70          2751.11    5.51375e-05       1.87e+03  
     2         105          2350.47              1       1.35e+03  
     3         140          1896.05              1            567  
     4         175          1786.91              1            356  
     5         210          1701.51              1            305  
     6         245          1664.04              1            262  
     7         280          1646.65              1            194  
srun: error: slurm_receive_msg: Transport endpoint is not connected
srun: error: slurm_receive_msg[10.26.24.30]: Transport endpoint is not connected
srun: error: invalid type trying to be freed 65534
     8         315          1635.38              1            147  
     9         350          1624.17              1            147  
    10         385          1614.12              1            156  
    11         420          1601.42              1            254  
    12         455          1586.52              1            272  
    13         490          1565.13              1            235  
    14         525          1545.97              1            255  
    15         560           1534.1              1            159  
    16         595          1527.91              1             80  
    17         630          1524.25              1           77.2  
    18         665          1521.31              1           88.7  
srun: error: slurm_receive_msg: Transport endpoint is not connected
srun: error: slurm_receive_msg[10.26.24.30]: Transport endpoint is not connected
srun: error: invalid type trying to be freed 65534
    19         700          1516.85              1            120  
                                                        First-order 
 Iteration  Func-count       f(x)        Step-size       optimality
    20         735          1510.97              1            115  
    21         770             1503              1            136  
    22         805           1495.1              1            112  
    23         840          1490.56              1           78.3  
srun: error: slurm_receive_msg: Transport endpoint is not connected
srun: error: slurm_receive_msg[10.26.24.30]: Transport endpoint is not connected
srun: error: invalid type trying to be freed 65534
    24         875          1487.72              1           76.5  
    25         910          1484.04              1           73.3  
    26         945          1479.29              1            121  
srun: error: slurm_receive_msg: Transport endpoint is not connected
srun: error: slurm_receive_msg[10.26.24.30]: Transport endpoint is not connected
srun: error: invalid type trying to be freed 65534
    27         980          1473.63              1            147  
    28        1015          1468.12              1            132  
    29        1050           1462.4              1           92.4  
    30        1085          1458.15              1           72.4  
srun: error: slurm_receive_msg: Transport endpoint is not connected
srun: error: slurm_receive_msg[10.26.24.30]: Transport endpoint is not connected
srun: error: invalid type trying to be freed 65534
    31        1120          1454.86              1           97.8  
    32        1155          1450.38              1             98  
    33        1190          1446.85              1             63  
    34        1225          1443.79              1           40.1  
    35        1260          1441.98              1           42.4  
    36        1295          1440.54              1           54.7  
    37        1330          1438.58              1           60.8  
    38        1365          1435.24              1           61.5  
    39        1400          1429.84              1           63.6  
srun: error: slurm_receive_msg: Insane message length
srun: error: slurm_receive_msg[10.26.24.30]: Insane message length
srun: error: invalid type trying to be freed 65534
                                                        First-order 
 Iteration  Func-count       f(x)        Step-size       optimality
    40        1435          1422.38              1           54.9  
    41        1470          1415.99              1           68.3  
    42        1505          1414.12              1           43.9  
    43        1540          1413.24              1             42  
    44        1575           1411.9              1           38.6  
    45        1610          1409.04              1           84.6  
    46        1645           1405.1              1            109  
    47        1680          1401.74              1            102  
    48        1715          1400.34              1           35.6  
    49        1750          1400.05              1             23  
    50        1785          1399.95              1           21.2  
    51        1820           1399.7              1           21.7  
    52        1855          1399.33              1           32.3  
srun: error: slurm_receive_msg: Insane message length
srun: error: slurm_receive_msg[10.26.24.30]: Insane message length
srun: error: invalid type trying to be freed 65534
    53        1925          1399.07       0.499246           29.2  
    54        2030          1398.93           0.19           25.8  
srun: error: slurm_receive_msg: Insane message length
srun: error: slurm_receive_msg[10.26.24.30]: Insane message length
srun: error: invalid type trying to be freed 65534
srun: error: unpackmem_xmalloc: Buffer to be unpacked is too large (1684369920 > 1073741824)
srun: error: unpacking header
srun: error: destroy_forward: no init
srun: error: slurm_receive_msg: Message receive failure
srun: error: slurm_receive_msg[10.26.24.30]: Message receive failure
srun: error: invalid type trying to be freed 65534
srun: error: unpackmem_xmalloc: Buffer to be unpacked is too large (1885828912 > 1073741824)
srun: error: unpacking header
srun: error: destroy_forward: no init
srun: error: slurm_receive_msg: Message receive failure
srun: error: slurm_receive_msg[10.26.24.30]: Message receive failure
srun: error: invalid type trying to be freed 65534
srun: error: slurm_receive_msg: Insane message length
srun: error: slurm_receive_msg[10.26.24.30]: Insane message length
srun: error: invalid type trying to be freed 65534
    55        3220          1398.93     0.00659084            561  

Local minimum possible.

fminunc stopped because it cannot decrease the objective function
along the current search direction.




Computing finite-difference Hessian using objective function.
srun: error: slurm_receive_msg: Insane message length
srun: error: slurm_receive_msg[10.26.24.30]: Insane message length
srun: error: invalid type trying to be freed 65534
srun: error: io_init_msg_read too small
srun: error: failed reading io init message
srun: error: unpackmem: Buffer to be unpacked is too large (1951163745 > 1073741824)
srun: error: unpack error in io_init_msg_unpack
srun: error: Invalid IO init header version
srun: error: unpackmem: Buffer to be unpacked is too large (1935765607 > 1073741824)
srun: error: unpack error in io_init_msg_unpack
srun: error: Invalid IO init header version
srun: error: io_init_msg_read too small
srun: error: failed reading io init message
Predicted change in objective function too small.
srun: error: slurm_receive_msg: Transport endpoint is not connected
srun: error: slurm_receive_msg[10.26.24.30]: Transport endpoint is not connected
srun: error: invalid type trying to be freed 65534
Current draw: 1000 of 5000
srun: error: unpackmem_xmalloc: Buffer to be unpacked is too large (1684369920 > 1073741824)
srun: error: unpacking header
srun: error: destroy_forward: no init
srun: error: slurm_receive_msg: Message receive failure
srun: error: slurm_receive_msg[10.26.24.30]: Message receive failure
srun: error: invalid type trying to be freed 65534
srun: error: unpackmem_xmalloc: Buffer to be unpacked is too large (1885828912 > 1073741824)
srun: error: unpacking header
srun: error: destroy_forward: no init
srun: error: slurm_receive_msg: Message receive failure
srun: error: slurm_receive_msg[10.26.24.30]: Message receive failure
srun: error: invalid type trying to be freed 65534
srun: error: slurm_receive_msg: Insane message length
srun: error: slurm_receive_msg[10.26.24.30]: Insane message length
srun: error: invalid type trying to be freed 65534
Current draw: 2000 of 5000
srun: error: unpack error in io_init_msg_unpack
srun: error: Invalid IO init header version
srun: error: slurm_receive_msg: Insane message length
srun: error: slurm_receive_msg[10.26.24.30]: Insane message length
srun: error: invalid type trying to be freed 65534
srun: error: slurm_receive_msg: Transport endpoint is not connected
srun: error: slurm_receive_msg[10.26.24.30]: Transport endpoint is not connected
srun: error: invalid type trying to be freed 65534
srun: error: slurm_receive_msg: Transport endpoint is not connected
srun: error: slurm_receive_msg[10.26.24.30]: Transport endpoint is not connected
srun: error: invalid type trying to be freed 65534
Current draw: 3000 of 5000
Current draw: 4000 of 5000
srun: error: unpack error in io_init_msg_unpack
srun: error: Invalid IO init header version
srun: error: unpackmem: Buffer to be unpacked is too large (1681731632 > 1073741824)
srun: error: unpack error in io_init_msg_unpack
srun: error: Invalid IO init header version
Current draw: 5000 of 5000
Elapsed time is 469.723420 seconds.
Ran Forecast Type 2for Model 104 and Horizon 12
Performing iteration ending on 2000M8 of model 105
Warning: This should be expanded with the country names in case of panel
> In abstvar/abstvar/check_inputs
  In abstvar
  In svar
  In scriptEstimateMode_FULL (line 96)
  In run (line 86)
  In msreg_2reg_endoprob_SVAR_FULL_OOS (line 231)
  In OOS_slurm_IF (line 4)
    'c(3,1,sync,1)>=c(3,1,sync,2)'
    'a0(1,GDPG,sync,1)=0'
    'a0(2,GDPG,sync,1)=0'
    'a0(1,MF,sync,1)=0'
    'a0(1,GDPG,sync,2)=0'
    'a0(2,GDPG,sync,2)=0'
    'a0(1,MF,sync,2)=0'
    'a1(3,GDPG)=0'
    's(3,3,sync,1)<=s(3,3,sync,2)'

 parameter: A12, density:NORMAL, hyperparameters: [0.5 0.5],convergence 0
 parameter: A21, density:NORMAL, hyperparameters: [0.5 0.5],convergence 0
 parameter: B12, density:GAMMA, hyperparameters: [4 0.125],convergence 0
 parameter: C12, density:GAMMA, hyperparameters: [4 0.125],convergence 0
 parameter: B21, density:GAMMA, hyperparameters: [4 0.125],convergence 0
 parameter: C21, density:GAMMA, hyperparameters: [4 0.125],convergence 0
                                                        First-order 
 Iteration  Func-count       f(x)        Step-size       optimality
     0          33          10932.7                      1.05e+04
     1          66          2738.03    9.48127e-05       1.88e+03  
     2          99          2168.92              1       1.31e+03  
     3         132          1819.57              1            547  
     4         165          1588.84              1            213  
     5         198          1527.04              1           81.2  
     6         231          1507.32              1           88.5  
     7         264          1500.43              1           89.5  
     8         297          1493.15              1             88  
     9         330          1480.18              1            121  
    10         363          1461.08              1            136  
    11         396          1443.21              1            136  
    12         429          1432.17              1            131  
    13         462          1425.63              1           92.8  
    14         495          1419.03              1           95.3  
    15         528          1410.39              1            137  
    16         561          1404.73              1             98  
    17         594          1401.09              1             78  
    18         627          1396.75              1            104  
srun: error: slurm_receive_msg: Transport endpoint is not connected
srun: error: slurm_receive_msg[10.26.24.30]: Transport endpoint is not connected
srun: error: invalid type trying to be freed 65534
srun: error: slurm_receive_msg: Transport endpoint is not connected
srun: error: slurm_receive_msg[10.26.24.30]: Transport endpoint is not connected
srun: error: invalid type trying to be freed 65534
    19         660          1389.99              1            210  
                                                        First-order 
 Iteration  Func-count       f(x)        Step-size       optimality
    20         693           1383.2              1            213  
    21         726           1379.6              1           91.5  
    22         759          1377.68              1           89.4  
    23         792          1376.12              1            113  
srun: error: slurm_receive_msg: Insane message length
srun: error: slurm_receive_msg[10.26.24.30]: Insane message length
srun: error: invalid type trying to be freed 65534
srun: error: slurm_receive_msg: Insane message length
srun: error: slurm_receive_msg[10.26.24.30]: Insane message length
srun: error: invalid type trying to be freed 65534
    24         825          1373.92              1            134  
    25         858          1369.25              1           83.3  
    26         891          1367.13              1           81.1  
    27         924          1364.02              1           97.5  
    28         957          1360.19              1            163  
    29         990          1355.94              1            144  
    30        1023          1353.54              1           55.3  
    31        1056          1352.29              1           31.8  
    32        1089           1350.9              1           78.9  
    33        1122          1348.24              1            143  
    34        1155          1344.58              1            165  
    35        1188          1341.53              1            114  
    36        1221          1340.16              1           35.3  
    37        1254          1339.57              1           32.3  
    38        1287          1338.92              1           56.9  
srun: error: slurm_receive_msg: Transport endpoint is not connected
srun: error: slurm_receive_msg[10.26.24.30]: Transport endpoint is not connected
srun: error: invalid type trying to be freed 65534
    39        1320          1337.74              1           93.3  
                                                        First-order 
 Iteration  Func-count       f(x)        Step-size       optimality
    40        1353          1336.27              1           94.4  
    41        1386          1335.19              1           50.2  
    42        1419          1334.65              1           28.5  
    43        1452          1334.21              1             31  
    44        1485           1333.5              1           66.1  
    45        1518          1332.32              1           91.7  
    46        1551          1330.99              1           81.2  
    47        1584          1330.15              1             35  
    48        1617          1329.79              1           21.7  
    49        1650           1329.5              1           31.1  
    50        1683          1328.89              1           62.9  
    51        1716          1327.77              1           91.1  
    52        1749           1326.2              1           90.3  
    53        1782             1325              1           45.5  
srun: error: slurm_receive_msg: Insane message length
srun: error: slurm_receive_msg[10.26.24.30]: Insane message length
srun: error: invalid type trying to be freed 65534
srun: error: slurm_receive_msg: Insane message length
srun: error: slurm_receive_msg[10.26.24.30]: Insane message length
srun: error: invalid type trying to be freed 65534
    54        1848           1324.8       0.333551           31.2  
    55        1947          1324.67           0.19           21.9  
    56        2046          1324.52           0.19           16.2  
srun: error: slurm_receive_msg: Insane message length
srun: error: slurm_receive_msg[10.26.24.30]: Insane message length
srun: error: invalid type trying to be freed 65534
srun: error: slurm_receive_msg: Transport endpoint is not connected
srun: error: slurm_receive_msg[10.26.24.30]: Transport endpoint is not connected
srun: error: invalid type trying to be freed 65534
    57        2673          1324.51      0.0115847            193  
srun: error: unpackmem: Buffer to be unpacked is too large (1835312077 > 1073741824)
srun: error: unpack error in io_init_msg_unpack
srun: error: Invalid IO init header version
    58        3399          1324.51    1.31111e-07          1e+03  

Local minimum possible.

fminunc stopped because it cannot decrease the objective function
along the current search direction.




Computing finite-difference Hessian using objective function.
Predicted change in objective function too small.
Current draw: 1000 of 5000
Current draw: 2000 of 5000
Current draw: 3000 of 5000
Current draw: 4000 of 5000
Current draw: 5000 of 5000
Elapsed time is 471.350538 seconds.
Ran Forecast Type 2for Model 105 and Horizon 12
Performing iteration ending on 2000M8 of model 106
Warning: This should be expanded with the country names in case of panel
> In abstvar/abstvar/check_inputs
  In abstvar
  In svar
  In scriptEstimateMode_FULL (line 96)
  In run (line 86)
  In msreg_2reg_endoprob_SVAR_FULL_OOS (line 231)
  In OOS_slurm_IF (line 4)
    'c(3,1,sync,1)>=c(3,1,sync,2)'
    'a0(1,GDPG)=0'
    'a0(1,MF)=0'
    'a0(2,GDPG)=0'
    'a1(3,GDPG,sync,1)=0'
    'a1(3,GDPG,sync,2)=0'
    's(3,3,sync,1)<=s(3,3,sync,2)'

 parameter: A12, density:NORMAL, hyperparameters: [0.5 0.5],convergence 0
 parameter: A21, density:NORMAL, hyperparameters: [0.5 0.5],convergence 0
 parameter: B12, density:GAMMA, hyperparameters: [4 0.125],convergence 0
 parameter: C12, density:GAMMA, hyperparameters: [4 0.125],convergence 0
 parameter: B21, density:GAMMA, hyperparameters: [4 0.125],convergence 0
 parameter: C21, density:GAMMA, hyperparameters: [4 0.125],convergence 0
                                                        First-order 
 Iteration  Func-count       f(x)        Step-size       optimality
     0          38          10932.7                      1.05e+04
     1          76          2635.42    9.48127e-05       1.66e+03  
     2         114          2177.19              1       1.03e+03  
     3         152          1732.63              1            356  
     4         190          1614.57              1            156  
     5         228          1564.91              1            124  
     6         266          1547.11              1            124  
     7         304          1535.59              1            121  
     8         342          1522.84              1            111  
     9         380          1509.43              1           86.2  
    10         418          1496.62              1           86.4  
    11         456           1469.2              1            158  
    12         494          1456.35              1            166  
    13         532          1448.55              1            139  
    14         570          1425.95              1            217  
    15         608           1415.9              1             78  
    16         646          1411.79              1           64.7  
    17         684          1394.22              1            254  
    18         722           1388.5              1            161  
    19         760          1381.37              1            111  
                                                        First-order 
 Iteration  Func-count       f(x)        Step-size       optimality
    20         798          1378.36              1            109  
    21         836          1366.78              1           88.4  
    22         874          1358.45              1            103  
    23         912          1349.53              1           46.8  
    24         950          1345.83              1           42.8  
    25         988          1343.99              1           33.8  
    26        1026          1342.99              1           43.3  
    27        1064          1340.28              1           33.8  
    28        1102           1336.9              1             66  
    29        1140          1334.36              1           55.5  
    30        1178          1330.98              1             63  
    31        1216          1327.92              1           60.3  
    32        1254          1324.99              1           71.9  
    33        1292          1322.35              1           48.8  
    34        1330          1321.06              1           31.7  
    35        1368          1319.99              1           41.6  
    36        1406          1318.32              1           59.6  
    37        1444          1316.33              1           67.9  
    38        1482           1314.7              1           52.4  
    39        1520          1313.98              1             18  
                                                        First-order 
 Iteration  Func-count       f(x)        Step-size       optimality
    40        1558          1313.73              1           16.2  
    41        1596          1313.43              1           22.5  
    42        1634           1312.9              1           37.4  
    43        1672          1312.31              1           37.7  
    44        1710          1311.95              1           19.1  
    45        1748          1311.81              1            8.1  
    46        1786          1311.72              1           8.13  
    47        1824          1311.55              1           19.5  
    48        1862          1311.25              1           30.9  
    49        1900          1310.88              1           31.5  
    50        1938          1310.64              1           16.6  
    51        1976          1310.56              1           7.77  
    52        2014          1310.53              1           7.61  
    53        2052          1310.47              1           12.3  
    54        2090          1310.33              1           22.2  
    55        2128          1310.07              1           29.9  
    56        2166          1309.78              1           26.3  
    57        2204          1309.61              1           11.8  
    58        2242          1309.56              1           4.69  
    59        2280          1309.54              1           4.71  
                                                        First-order 
 Iteration  Func-count       f(x)        Step-size       optimality
    60        2318          1309.49              1           10.1  
    61        2356          1309.39              1           16.7  
    62        2394          1309.24              1           20.6  
    63        2432          1309.08              1           15.8  
    64        2470          1309.01              1           6.06  
    65        2508          1308.98              1           5.76  
    66        2546          1308.96              1           5.12  
    67        2584          1308.91              1           10.7  
    68        2622          1308.82              1           14.9  
    69        2660          1308.73              1           13.2  
    70        2698          1308.68              1           5.82  
    71        2736          1308.67              1           2.48  
    72        2774          1308.66              1           2.37  
    73        2812          1308.65              1           4.52  
    74        2850          1308.62              1            7.8  
    75        2888          1308.57              1           9.98  
    76        2926          1308.52              1           7.98  
    77        3002          1308.51            0.5           5.52  
    78        3078           1308.5       0.164808           4.59  
    79        3192           1308.5           0.19           3.51  
                                                        First-order 
 Iteration  Func-count       f(x)        Step-size       optimality
    80        3306           1308.5           0.19            2.5  
    81        3420          1308.49           0.19           2.11  
    82        3534          1308.49           0.19           2.07  
    83        5206          1308.49      0.0133635          1e+03  

Local minimum possible.

fminunc stopped because it cannot decrease the objective function
along the current search direction.




Computing finite-difference Hessian using objective function.
Predicted change in objective function too small.
Current draw: 1000 of 5000
Current draw: 2000 of 5000
Current draw: 3000 of 5000
Current draw: 4000 of 5000
Current draw: 5000 of 5000
Elapsed time is 573.041541 seconds.
Ran Forecast Type 2for Model 106 and Horizon 12
Performing iteration ending on 2000M8 of model 107
Warning: This should be expanded with the country names in case of panel
> In abstvar/abstvar/check_inputs
  In abstvar
  In svar
  In scriptEstimateMode_FULL (line 96)
  In run (line 86)
  In msreg_2reg_endoprob_SVAR_FULL_OOS (line 231)
  In OOS_slurm_IF (line 4)
    'c(3,1,sync,1)>=c(3,1,sync,2)'
    'a0(1,GDPG,sync,1)=0'
    'a0(2,GDPG,sync,1)=0'
    'a0(1,MF,sync,1)=0'
    'a0(1,GDPG,sync,2)=0'
    'a0(2,GDPG,sync,2)=0'
    'a0(1,MF,sync,2)=0'
    'a1(3,GDPG,sync,1)=0'
    'a1(3,GDPG,sync,2)=0'
    's(3,3,sync,1)<=s(3,3,sync,2)'

 parameter: A12, density:NORMAL, hyperparameters: [0.5 0.5],convergence 0
 parameter: A21, density:NORMAL, hyperparameters: [0.5 0.5],convergence 0
 parameter: B12, density:GAMMA, hyperparameters: [4 0.125],convergence 0
 parameter: C12, density:GAMMA, hyperparameters: [4 0.125],convergence 0
 parameter: B21, density:GAMMA, hyperparameters: [4 0.125],convergence 0
 parameter: C21, density:GAMMA, hyperparameters: [4 0.125],convergence 0
                                                        First-order 
 Iteration  Func-count       f(x)        Step-size       optimality
     0          41          10932.7                      1.05e+04
     1          82          2686.52    9.48127e-05       1.76e+03  
     2         123          2195.53              1       1.06e+03  
     3         164          1750.14              1            367  
     4         205          1628.68              1            163  
     5         246          1579.53              1            118  
     6         287           1562.7              1            119  
     7         328          1551.97              1            117  
     8         369          1539.82              1            108  
     9         410          1526.43              1           87.6  
    10         451           1513.3              1           94.4  
    11         492          1491.73              1            134  
    12         533          1478.53              1            142  
    13         615          1453.26        9.15416            160  
    14         656          1444.14              1           87.5  
    15         697          1439.45              1             81  
    16         738          1428.74              1           84.5  
    17         779          1418.77              1            136  
    18         820          1411.84              1            108  
    19         861          1408.24              1           90.8  
                                                        First-order 
 Iteration  Func-count       f(x)        Step-size       optimality
    20         902          1403.23              1            102  
    21         943          1397.89              1            111  
    22         984          1389.52              1            146  
    23        1025          1382.77              1            123  
    24        1066          1376.35              1           44.3  
    25        1107          1374.85              1           62.6  
    26        1148          1373.68              1           46.9  
    27        1189          1371.46              1           25.7  
    28        1230          1368.23              1           45.3  
    29        1271          1364.68              1           58.1  
    30        1312          1362.93              1           44.8  
    31        1353          1360.14              1           50.8  
    32        1394          1356.58              1           70.8  
    33        1435          1351.86              1           89.8  
    34        1476          1347.94              1           64.7  
    35        1517          1345.82              1           36.9  
    36        1558          1344.04              1           45.4  
    37        1599          1340.35              1           91.6  
    38        1640          1334.84              1            139  
    39        1681           1329.6              1            110  
                                                        First-order 
 Iteration  Func-count       f(x)        Step-size       optimality
    40        1722          1327.54              1           36.7  
    41        1763          1327.08              1           13.9  
    42        1804           1326.8              1           21.1  
    43        1845          1326.32              1           39.3  
    44        1886          1325.33              1           56.6  
    45        1927          1323.87              1           58.9  
    46        1968          1322.51              1           36.9  
    47        2009          1321.68              1           26.4  
    48        2050          1321.22              1             21  
    49        2091          1320.77              1           28.7  
    50        2132          1320.13              1           30.2  
    51        2173          1319.58              1           17.3  
    52        2214          1319.27              1           15.8  
    53        2255          1319.04              1           14.2  
    54        2296          1318.63              1           24.1  
    55        2337          1317.89              1             36  
    56        2419          1317.63       0.197296             36  
    57        2542          1317.18           0.19           32.8  
    58        2706          1316.94          0.109           29.9  
    59        5043          1316.88      0.0281903       1.01e+03  

Local minimum possible.

fminunc stopped because it cannot decrease the objective function
along the current search direction.




Computing finite-difference Hessian using objective function.
Predicted change in objective function too small.
Current draw: 1000 of 5000
Current draw: 2000 of 5000
Current draw: 3000 of 5000
Current draw: 4000 of 5000
Current draw: 5000 of 5000
Elapsed time is 567.224070 seconds.
Ran Forecast Type 2for Model 107 and Horizon 12
Performing iteration ending on 2000M8 of model 108
Warning: This should be expanded with the country names in case of panel
> In abstvar/abstvar/check_inputs
  In abstvar
  In svar
  In scriptEstimateMode_FULL (line 96)
  In run (line 86)
  In msreg_2reg_endoprob_SVAR_FULL_OOS (line 231)
  In OOS_slurm_IF (line 4)
    'c(3,1,sync,1)>=c(3,1,sync,2)'
    'a0(1,GDPG)=0'
    'a0(1,MF)=0'
    'a0(2,GDPG)=0'
    'a1(3,GDPG)=0'
    's(3,3,sync,1)<=s(3,3,sync,2)'

 parameter: A12, density:NORMAL, hyperparameters: [0.5 0.5],convergence 0
 parameter: A21, density:NORMAL, hyperparameters: [0.5 0.5],convergence 0
 parameter: B12, density:GAMMA, hyperparameters: [4 0.125],convergence 0
 parameter: C12, density:GAMMA, hyperparameters: [4 0.125],convergence 0
 parameter: B21, density:GAMMA, hyperparameters: [4 0.125],convergence 0
 parameter: C21, density:GAMMA, hyperparameters: [4 0.125],convergence 0
                                                        First-order 
 Iteration  Func-count       f(x)        Step-size       optimality
     0          28          10932.7                      1.05e+04
     1          56          2697.97    9.48127e-05       1.81e+03  
     2          84          2155.54              1       1.18e+03  
     3         112          1841.61              1            555  
     4         140          1638.63              1            221  
     5         168          1587.22              1            127  
     6         196          1569.53              1            145  
     7         224          1561.65              1            143  
     8         252          1552.85              1            125  
     9         280           1541.2              1           83.3  
    10         308          1528.82              1           98.1  
    11         336           1520.1              1           90.9  
    12         364          1516.97              1           70.2  
    13         392           1513.6              1           46.7  
    14         420          1510.07              1           60.8  
    15         448          1507.24              1           64.2  
    16         476          1504.37              1           74.7  
    17         504          1499.97              1           75.5  
    18         532          1493.02              1            131  
    19         560          1485.87              1            124  
                                                        First-order 
 Iteration  Func-count       f(x)        Step-size       optimality
    20         588          1481.52              1           55.5  
    21         616          1479.25              1           56.4  
    22         644          1477.16              1           58.7  
    23         672          1473.11              1             88  
    24         700          1465.77              1            119  
    25         728          1456.46              1            112  
    26         756           1449.7              1           71.3  
    27         784          1446.71              1           73.3  
    28         812          1444.52              1           65.9  
    29         840          1440.94              1            102  
    30         868          1436.49              1            137  
    31         896          1432.54              1           86.4  
    32         924           1431.2              1           34.8  
    33         952          1430.73              1           25.1  
    34         980          1430.19              1           36.2  
    35        1008          1429.27              1           46.5  
    36        1036          1428.23              1           38.9  
    37        1064          1427.47              1           26.1  
    38        1092          1427.04              1           22.3  
    39        1120          1426.63              1             22  
                                                        First-order 
 Iteration  Func-count       f(x)        Step-size       optimality
    40        1148          1425.87              1           29.9  
    41        1176          1424.39              1           39.2  
    42        1204          1422.11              1           37.7  
    43        1232          1420.07              1           36.2  
    44        1260          1419.15              1           26.8  
    45        1288          1418.67              1           28.1  
    46        1316          1417.96              1             25  
    47        1344          1416.76              1           27.9  
    48        1372          1415.29              1           27.8  
    49        1428          1414.64            0.5           26.6  
    50        1512          1414.35           0.19           24.5  
    51        1680          1414.12        0.12439           22.5  
    52        2100          1414.12     0.00193699           41.1  
    53        2156          1412.93        0.26488           46.3  
    54        2212          1408.55             10           37.6  
    55        2240          1403.74              1           13.3  
    56        2268          1403.14              1           11.2  
    57        2296          1402.24              1           11.2  
    58        2324          1401.68              1           12.7  
    59        2352          1401.36              1           9.41  
                                                        First-order 
 Iteration  Func-count       f(x)        Step-size       optimality
    60        2380          1401.29              1           9.66  
    61        2408          1401.25              1           9.17  
    62        2436          1401.15              1           7.95  
    63        2464          1400.96              1           12.8  
    64        2492          1400.61              1           16.4  
    65        2520          1400.21              1           13.4  
    66        2548          1399.96              1           14.7  
    67        2576          1399.84              1           14.3  
    68        2604          1399.75              1             12  
    69        2632          1399.56              1             11  
    70        2660          1399.27              1           13.3  
    71        2688          1398.95              1           17.3  
    72        2716          1398.72              1           23.8  
    73        2744          1398.55              1           24.4  
    74        2772          1398.32              1           21.9  
    75        2800          1397.86              1           17.4  
    76        2828          1397.23              1           19.1  
    77        2856          1396.74              1           11.7  
    78        2884          1396.58              1           5.59  
    79        2912          1396.55              1           5.64  
                                                        First-order 
 Iteration  Func-count       f(x)        Step-size       optimality
    80        2940          1396.53              1           5.62  
    81        2968          1396.48              1           5.51  
    82        2996          1396.37              1           6.91  
    83        3024          1396.14              1            9.7  
    84        3052          1395.84              1           10.3  
    85        3136          1395.77           0.19           9.55  
    86        3220          1395.69           0.19           8.61  
    87        3304          1395.62           0.19           9.04  
    88        5040          1395.62     0.00787806          1e+03  

Local minimum possible.

fminunc stopped because it cannot decrease the objective function
along the current search direction.




Computing finite-difference Hessian using objective function.
Predicted change in objective function too small.
Current draw: 1000 of 5000
Current draw: 2000 of 5000
Current draw: 3000 of 5000
Current draw: 4000 of 5000
Current draw: 5000 of 5000
Elapsed time is 546.745399 seconds.
Ran Forecast Type 2for Model 108 and Horizon 12
