210
------------------------------------------
Setting up environment variables
---
LD_LIBRARY_PATH is .:/opt/MATLAB/R2017a/runtime/glnxa64:/opt/MATLAB/R2017a/bin/glnxa64:/opt/MATLAB/R2017a/sys/os/glnxa64:/opt/MATLAB/R2017a/sys/opengl/lib/glnxa64
Warning: Method directories not allowed in MATLAB path: /if/home/m1pac03/.mcrCache9.2/OOS_sl0/if/gms_research_gar/GAR/MS-VAR/RISE_toolbox2/classes/models/@dsge/private

	Personal pathdef has been created in your preference directory:
	/if/home/m1pac03/.mcrCache9.2/OOS_sl0/.matlab

Running on SLURM; using 1 cores as assigned on this node.

Performing iteration ending on 2016M6 of model 101
Warning: This should be expanded with the country names in case of panel
> In abstvar/abstvar/check_inputs
  In abstvar
  In svar
  In scriptEstimateMode_FULL (line 96)
  In run (line 86)
  In msreg_2reg_endoprob_SVAR_FULL_OOS (line 231)
  In OOS_slurm_IF (line 4)
    'c(3,1,sync,1)>=c(3,1,sync,2)'
    'a0(1,GDPG)=0'
    'a0(1,MF)=0'
    'a0(2,GDPG)=0'
    'a1(3,GDPG)=0'

 parameter: A12, density:NORMAL, hyperparameters: [0.5 0.5],convergence 0
 parameter: A21, density:NORMAL, hyperparameters: [0.5 0.5],convergence 0
 parameter: B12, density:GAMMA, hyperparameters: [4 0.125],convergence 0
 parameter: C12, density:GAMMA, hyperparameters: [4 0.125],convergence 0
 parameter: B21, density:GAMMA, hyperparameters: [4 0.125],convergence 0
 parameter: C21, density:GAMMA, hyperparameters: [4 0.125],convergence 0
                                                        First-order 
 Iteration  Func-count       f(x)        Step-size       optimality
     0          27          15032.9                      2.29e+04
     1          54          3765.53     4.3758e-05       2.03e+03  
     2          81          3262.35              1       1.49e+03  
     3         108          2617.15              1            591  
     4         135          2466.46              1            283  
     5         162          2417.71              1            223  
     6         189           2404.6              1            235  
     7         216           2394.9              1            227  
     8         243          2380.71              1            193  
     9         270          2362.48              1            141  
    10         297          2345.16              1            206  
    11         324          2336.63              1            191  
    12         351          2330.13              1            124  
    13         378          2323.22              1           80.7  
    14         405          2320.73              1           77.4  
    15         432          2318.25              1           80.6  
    16         459          2313.97              1           93.6  
    17         486          2304.93              1            141  
    18         513           2293.9              1            148  
    19         540          2286.48              1           89.1  
                                                        First-order 
 Iteration  Func-count       f(x)        Step-size       optimality
    20         567          2282.52              1           90.9  
    21         594           2280.6              1           84.5  
    22         621          2277.72              1           71.4  
    23         648           2270.5              1            128  
    24         675          2259.39              1            160  
    25         702          2248.85              1            127  
    26         729          2242.53              1            113  
    27         756          2239.99              1            114  
    28         783          2237.97              1            102  
    29         810          2233.51              1           78.8  
    30         837          2227.49              1           97.4  
    31         864          2222.03              1           72.8  
    32         891          2220.32              1           30.3  
    33         918          2220.07              1             16  
    34         945          2220.02              1           15.7  
    35         972          2219.87              1           15.2  
    36         999          2219.58              1           16.7  
    37        1026          2219.09              1           31.3  
    38        1053          2218.58              1           37.6  
    39        1080          2218.26              1             32  
                                                        First-order 
 Iteration  Func-count       f(x)        Step-size       optimality
    40        1107          2218.07              1           26.7  
    41        1134          2217.85              1           26.3  
    42        1161          2217.43              1           21.9  
    43        1188          2216.77              1           21.2  
    44        1215          2216.15              1           25.1  
    45        1242          2215.88              1           15.2  
    46        1269          2215.78              1           13.2  
    47        1296          2215.66              1             12  
    48        1323           2215.4              1           14.5  
    49        1350          2214.91              1           27.7  
    50        1377          2214.23              1           33.1  
    51        1404          2213.75              1           23.1  
    52        1431          2213.57              1           15.6  
    53        1458           2213.5              1           14.8  
    54        1485           2213.4              1           14.3  
    55        1512          2213.18              1           14.5  
    56        1539           2212.8              1           21.3  
    57        1566           2212.4              1           18.5  
    58        1593          2212.18              1           10.2  
    59        1620          2212.12              1           9.35  
                                                        First-order 
 Iteration  Func-count       f(x)        Step-size       optimality
    60        1647          2212.09              1           8.11  
    61        1674          2212.01              1           9.58  
    62        1701          2211.87              1           14.8  
    63        1728          2211.65              1           16.2  
    64        1755          2211.48              1           10.2  
    65        1782          2211.42              1            4.6  
    66        1809          2211.41              1           4.66  
    67        1836           2211.4              1           4.67  
    68        1863          2211.39              1           4.66  
    69        1890          2211.35              1           5.57  
    70        1917          2211.29              1            7.3  
    71        1944          2211.21              1           6.55  
    72        1971          2211.15              1           5.34  
    73        1998          2211.13              1           6.23  
    74        2025          2211.11              1           6.43  
    75        2052          2211.08              1           6.46  
    76        2079          2210.98              1           8.68  
    77        2106          2210.72              1           16.1  
    78        2133          2209.91              1           31.1  
    79        2187          2208.53       0.676706           52.1  
                                                        First-order 
 Iteration  Func-count       f(x)        Step-size       optimality
    80        2214          2206.62              1           61.6  
    81        2241          2202.98              1           66.1  
    82        2268          2199.15              1           41.8  
    83        2295          2197.61              1           51.1  
    84        2322          2196.44              1           34.7  
    85        2349          2195.93              1           34.5  
    86        2376          2195.21              1           33.4  
    87        2403          2194.04              1           30.1  
    88        2430          2192.22              1           34.3  
    89        2457          2190.03              1           37.2  
    90        2484          2188.75              1           25.9  
    91        2511          2188.21              1           25.4  
    92        2538          2187.98              1           25.3  
    93        2565          2187.65              1           24.9  
    94        2592           2186.9              1           24.1  
    95        2619          2185.35              1           36.8  
    96        2646          2182.96              1           42.4  
    97        2673          2180.77              1           27.5  
    98        2700          2179.79              1           17.8  
    99        2727          2179.59              1           14.5  
                                                        First-order 
 Iteration  Func-count       f(x)        Step-size       optimality
   100        2754          2179.52              1           13.3  
   101        2781          2179.48              1           13.3  
   102        2808           2179.3              1           12.5  
   103        2835          2179.04              1           10.2  
   104        2862          2178.59              1           13.6  
   105        2889          2178.22              1           11.6  
   106        2916          2178.08              1           5.67  
   107        2943          2178.06              1           5.68  
   108        2970          2178.04              1            5.7  
   109        2997          2177.99              1           5.71  
   110        3024          2177.88              1           8.69  
   111        3051          2177.59              1           15.4  
   112        3078          2176.95              1           23.9  
   113        3105          2175.86              1           29.2  
   114        3132          2174.72              1           21.2  
   115        3159          2173.92              1           12.2  
   116        3186          2173.77              1           9.15  
   117        3213          2173.74              1           9.11  
   118        3240           2173.7              1            9.4  
   119        3267          2173.62              1           9.28  
                                                        First-order 
 Iteration  Func-count       f(x)        Step-size       optimality
   120        3294          2173.44              1           9.77  
   121        3321          2173.19              1           9.72  
   122        3348          2172.99              1           5.36  
   123        3375          2172.92              1           5.69  
   124        3402          2172.91              1           5.83  
   125        3429           2172.9              1           5.87  
   126        3456          2172.87              1           5.92  
   127        3483          2172.81              1           5.91  
   128        3510          2172.64              1           6.37  
   129        3537          2172.28              1           9.74  
   130        3564          2171.61              1           12.1  
   131        3591           2170.9              1           9.63  
   132        3618          2170.58              1           4.28  
   133        3645           2170.5              1           2.41  
   134        3672          2170.49              1           2.18  
   135        3699          2170.49              1           2.17  
   136        3726          2170.49              1           2.13  
   137        3753          2170.47              1           2.06  
   138        3780          2170.44              1           3.83  
   139        3807          2170.36              1           6.26  
                                                        First-order 
 Iteration  Func-count       f(x)        Step-size       optimality
   140        3834          2170.25              1           7.41  
   141        3861          2170.15              1           5.16  
   142        3888          2170.11              1           1.55  
   143        3915           2170.1              1          0.653  
   144        3942           2170.1              1          0.613  
   145        3969           2170.1              1          0.619  
   146        3996           2170.1              1          0.642  
   147        4023           2170.1              1          0.669  
   148        4050           2170.1              1          0.718  
   149        4077           2170.1              1          0.777  
   150        4104          2170.08              1            1.1  
   151        4131          2170.05              1           1.65  
   152        4158          2169.99              1           2.28  
   153        4185          2169.71              1           5.36  
   154        4266          2169.67      0.0144104           6.88  
   155        4293          2169.55              1           5.29  
   156        4320          2169.31              1           5.44  
   157        4347          2169.27              1           3.02  
   158        4374          2169.23              1           1.84  
   159        4401          2169.23              1          0.752  
                                                        First-order 
 Iteration  Func-count       f(x)        Step-size       optimality
   160        4428          2169.23              1           0.51  
   161        4455          2169.23              1          0.513  
   162        4482          2169.23              1          0.512  
   163        4509          2169.23              1          0.512  
   164        4536          2169.23              1          0.513  
   165        4563          2169.23              1          0.515  
   166        4590          2169.23              1          0.516  
   167        4617          2169.23              1           0.56  
   168        4644          2169.22              1              1  
   169        4671          2169.22              1           1.61  
   170        4698          2169.21              1           2.44  
   171        4725          2169.19              1           3.21  
   172        4752          2169.16              1            3.4  
   173        4779          2169.13              1           2.19  
   174        4806          2169.13              1          0.623  
   175        4833          2169.13              1         0.0897  
   176        4860          2169.13              1         0.0894  
   177        4887          2169.13              1         0.0895  
   178        4914          2169.13              1         0.0896  
   179        4941          2169.13              1         0.0901  
                                                        First-order 
 Iteration  Func-count       f(x)        Step-size       optimality
   180        4968          2169.13              1         0.0903  
   181        4995          2169.13              1          0.121  
   182        5022          2169.13              1          0.201  
   183        5049          2169.12              1          0.335  
   184        5076          2169.12              1          0.483  
   185        5103          2169.12              1          0.573  
   186        5130          2169.12              1          0.449  
   187        5157          2169.12              1          0.172  
   188        5184          2169.12              1         0.0219  
   189        5211          2169.12              1        0.00352  
   190        5238          2169.12              1        0.00333  
   191        5265          2169.12              1        0.00335  
   192        5346          2169.12      0.0128394         0.0033  
   193        5373          2169.12              1        0.00334  
   194        5427          2169.12         0.2611        0.00338  
   195        5454          2169.12              1        0.00331  
   196        5481          2169.12              1        0.00334  
   197        5535          2169.12       0.465215        0.00436  
   198        5562          2169.12              1         0.0032  
   199        5589          2169.12              1        0.00339  
                                                        First-order 
 Iteration  Func-count       f(x)        Step-size       optimality
   200        5616          2169.12              1        0.00818  
   201        5643          2169.12              1         0.0106  
   202        5670          2169.12              1         0.0103  
   203        5697          2169.12              1        0.00635  
   204        5724          2169.12              1        0.00473  
   205        5751          2169.12              1        0.00482  
   206        5778          2169.12              1        0.00421  
   207        5805          2169.12              1        0.00369  
   208        5832          2169.12              1        0.00375  
   209        5859          2169.12              1        0.00168  
   210        5886          2169.12              1       0.000702  
   211        5913          2169.12              1       0.000519  
   212        5940          2169.12              1       0.000488  
   213        5967          2169.12              1       0.000366  
   214        6021          2169.12       0.320542       0.000275  

Local minimum found.

Optimization completed because the size of the gradient is less than
the selected value of the optimality tolerance.




Computing finite-difference Hessian using objective function.
First order optimality conditions satisfied.
Current draw: 1000 of 5000
Current draw: 2000 of 5000
Current draw: 3000 of 5000
Current draw: 4000 of 5000
Current draw: 5000 of 5000
Elapsed time is 901.609618 seconds.
Ran Forecast Type 2for Model 101 and Horizon 12
Performing iteration ending on 2016M6 of model 102
Warning: This should be expanded with the country names in case of panel
> In abstvar/abstvar/check_inputs
  In abstvar
  In svar
  In scriptEstimateMode_FULL (line 96)
  In run (line 86)
  In msreg_2reg_endoprob_SVAR_FULL_OOS (line 231)
  In OOS_slurm_IF (line 4)
    'c(3,1,sync,1)>=c(3,1,sync,2)'
    'a0(1,GDPG)=0'
    'a0(1,MF)=0'
    'a0(2,GDPG)=0'
    'a1(3,GDPG)=0'
    's(3,3,sync,1)<=s(3,3,sync,2)'

 parameter: A12, density:NORMAL, hyperparameters: [0.5 0.5],convergence 0
 parameter: A21, density:NORMAL, hyperparameters: [0.5 0.5],convergence 0
 parameter: B12, density:GAMMA, hyperparameters: [4 0.125],convergence 0
 parameter: C12, density:GAMMA, hyperparameters: [4 0.125],convergence 0
 parameter: B21, density:GAMMA, hyperparameters: [4 0.125],convergence 0
 parameter: C21, density:GAMMA, hyperparameters: [4 0.125],convergence 0
                                                        First-order 
 Iteration  Func-count       f(x)        Step-size       optimality
     0          30          15032.9                      1.37e+04
     1          60          3832.07    7.30756e-05       2.75e+03  
     2          90          2978.69              1       1.56e+03  
     3         120          2637.97              1            810  
     4         150          2348.91              1            310  
     5         180          2272.12              1            159  
     6         210          2249.64              1            156  
     7         240          2234.21              1            215  
     8         270          2205.78              1            264  
     9         300          2163.35              1            231  
    10         330          2136.99              1            199  
    11         360          2127.13              1            125  
    12         390           2116.3              1           99.2  
    13         420           2111.6              1            102  
    14         450          2097.58              1            173  
    15         480          2088.81              1            164  
    16         510          2076.68              1            150  
    17         540          2069.01              1            148  
    18         570          2065.38              1            113  
    19         600          2061.48              1           71.7  
                                                        First-order 
 Iteration  Func-count       f(x)        Step-size       optimality
    20         630          2056.57              1            138  
    21         660          2052.91              1            118  
    22         690           2050.9              1           53.3  
    23         720          2049.54              1           50.6  
    24         750          2047.27              1            139  
    25         780          2042.47              1            244  
    26         810          2034.75              1            289  
    27         840          2028.75              1            176  
    28         870          2026.36              1           59.4  
    29         900          2025.31              1           53.4  
    30         930          2023.79              1            117  
    31         960          2021.35              1            165  
    32         990          2018.89              1            135  
    33        1020          2017.65              1           52.7  
    34        1050          2017.28              1           25.8  
    35        1080          2017.07              1           31.6  
    36        1110          2016.74              1             54  
    37        1140          2016.26              1           58.1  
    38        1170          2015.82              1           35.6  
    39        1200          2015.61              1             21  
                                                        First-order 
 Iteration  Func-count       f(x)        Step-size       optimality
    40        1230           2015.5              1           17.1  
    41        1260          2015.35              1           29.7  
    42        1290          2015.07              1           43.5  
    43        1320          2014.67              1           44.8  
    44        1350          2014.32              1           25.9  
    45        1380          2014.14              1           17.6  
    46        1410             2014              1           19.5  
    47        1440          2013.76              1           36.8  
    48        1470          2013.27              1           60.8  
    49        1500           2012.4              1           75.9  
    50        1530           2011.5              1           60.6  
    51        1560          2011.04              1           23.7  
    52        1590          2010.91              1             10  
    53        1620          2010.87              1           9.41  
    54        1650          2010.77              1           19.4  
    55        1680          2010.58              1           28.5  
    56        1710          2010.34              1           28.7  
    57        1740          2010.16              1           15.5  
    58        1770          2010.11              1           5.59  
    59        1800          2010.09              1           4.92  
                                                        First-order 
 Iteration  Func-count       f(x)        Step-size       optimality
    60        1830          2010.08              1           4.11  
    61        1860          2010.05              1           7.46  
    62        1890          2010.01              1           9.86  
    63        1920          2009.95              1            8.5  
    64        1950          2009.93              1           3.88  
    65        1980          2009.92              1           2.62  
    66        2010          2009.92              1           2.62  
    67        2040          2009.91              1           2.61  
    68        2070           2009.9              1           4.36  
    69        2100          2009.87              1           6.06  
    70        2130          2009.85              1           5.53  
    71        2160          2009.83              1           2.78  
    72        2190          2009.82              1           2.97  
    73        2220          2009.82              1           3.09  
    74        2250          2009.81              1           3.07  
    75        2280          2009.78              1           5.78  
    76        2310          2009.73              1           8.41  
    77        2340          2009.67              1           8.54  
    78        2370          2009.62              1           4.85  
    79        2400           2009.6              1           3.58  
                                                        First-order 
 Iteration  Func-count       f(x)        Step-size       optimality
    80        2430           2009.6              1            3.3  
    81        2460          2009.58              1           3.31  
    82        2490          2009.56              1           5.31  
    83        2520          2009.51              1           7.47  
    84        2550          2009.44              1           7.21  
    85        2580           2009.4              1           4.29  
    86        2610          2009.38              1           3.65  
    87        2640          2009.37              1           2.95  
    88        2670          2009.36              1           2.76  
    89        2700          2009.35              1           3.99  
    90        2730          2009.31              1           4.66  
    91        2760          2009.28              1           3.34  
srun: error: io_init_msg_read too small
srun: error: failed reading io init message
    92        2790          2009.27              1           2.39  
    93        2820          2009.27              1           2.18  
    94        2850          2009.27              1           2.18  
    95        2880          2009.26              1           2.15  
    96        2910          2009.25              1           2.76  
    97        2940          2009.23              1           3.49  
    98        2970           2009.2              1           3.53  
    99        3000          2009.19              1           2.99  
                                                        First-order 
 Iteration  Func-count       f(x)        Step-size       optimality
   100        3030          2009.18              1           1.93  
   101        3060          2009.18              1           1.77  
   102        3090          2009.17              1            1.6  
   103        3120          2009.17              1           1.91  
   104        3150          2009.15              1           2.19  
   105        3180          2009.14              1            2.1  
   106        3210          2009.13              1           1.29  
   107        3240          2009.13              1           1.23  
   108        3270          2009.13              1           1.22  
   109        3300          2009.13              1           1.15  
   110        3330          2009.12              1           1.19  
   111        3360          2009.11              1           1.94  
   112        3390           2009.1              1           1.99  
   113        3420          2009.09              1           1.07  
   114        3450          2009.09              1          0.639  
   115        3480          2009.09              1          0.634  
srun: error: slurm_receive_msg: Transport endpoint is not connected
srun: error: slurm_receive_msg[10.26.24.30]: Transport endpoint is not connected
srun: error: invalid type trying to be freed 65534
   116        3510          2009.09              1          0.623  
   117        3540          2009.09              1          0.607  
srun: error: slurm_receive_msg: Transport endpoint is not connected
srun: error: slurm_receive_msg[10.26.24.30]: Transport endpoint is not connected
srun: error: invalid type trying to be freed 65534
srun: error: slurm_receive_msg: Transport endpoint is not connected
srun: error: slurm_receive_msg[10.26.24.30]: Transport endpoint is not connected
srun: error: invalid type trying to be freed 65534
   118        3570          2009.09              1          0.843  
   119        3600          2009.08              1           1.16  
                                                        First-order 
 Iteration  Func-count       f(x)        Step-size       optimality
   120        3630          2009.08              1           1.09  
srun: error: slurm_receive_msg: Transport endpoint is not connected
srun: error: slurm_receive_msg[10.26.24.30]: Transport endpoint is not connected
srun: error: invalid type trying to be freed 65534
   121        3660          2009.08              1          0.891  
   122        3690          2009.07              1          0.754  
srun: error: slurm_receive_msg: Transport endpoint is not connected
srun: error: slurm_receive_msg[10.26.24.30]: Transport endpoint is not connected
srun: error: invalid type trying to be freed 65534
   123        3720          2009.07              1           0.67  
   124        3750          2009.07              1          0.581  
srun: error: slurm_receive_msg: Transport endpoint is not connected
srun: error: slurm_receive_msg[10.26.24.30]: Transport endpoint is not connected
srun: error: invalid type trying to be freed 65534
   125        3780          2009.07              1          0.526  
   126        3810          2009.07              1          0.643  
   127        3840          2009.07              1          0.616  
   128        3870          2009.07              1          0.593  
   129        3900          2009.07              1          0.589  
   130        3930          2009.07              1          0.621  
   131        3960          2009.07              1          0.639  
   132        3990          2009.07              1          0.653  
srun: error: slurm_receive_msg: Transport endpoint is not connected
srun: error: slurm_receive_msg[10.26.24.30]: Transport endpoint is not connected
srun: error: invalid type trying to be freed 65534
   133        4020          2009.06              1          0.642  
   134        4050          2009.06              1           0.65  
   135        4080          2009.06              1          0.691  
   136        4110          2009.05              1          0.512  
   137        4140          2009.05              1          0.182  
   138        4170          2009.05              1          0.199  
   139        4200          2009.05              1          0.202  
                                                        First-order 
 Iteration  Func-count       f(x)        Step-size       optimality
   140        4230          2009.05              1          0.204  
   141        4260          2009.05              1          0.205  
   142        4290          2009.05              1          0.196  
   143        4320          2009.05              1          0.237  
   144        4350          2009.05              1          0.325  
   145        4380          2009.05              1          0.309  
srun: error: slurm_receive_msg: Transport endpoint is not connected
srun: error: slurm_receive_msg[10.26.24.30]: Transport endpoint is not connected
srun: error: invalid type trying to be freed 65534
   146        4410          2009.05              1           0.18  
   147        4440          2009.05              1          0.204  
   148        4470          2009.05              1          0.195  
   149        4500          2009.05              1          0.189  
   150        4530          2009.05              1          0.172  
   151        4560          2009.05              1          0.148  
   152        4590          2009.05              1          0.125  
   153        4620          2009.05              1          0.137  
srun: error: slurm_receive_msg: Insane message length
srun: error: slurm_receive_msg[10.26.24.30]: Insane message length
srun: error: invalid type trying to be freed 65534
   154        4650          2009.05              1          0.153  
   155        4680          2009.05              1          0.105  
   156        4710          2009.05              1           0.04  
   157        4740          2009.05              1         0.0427  
   158        4770          2009.05              1         0.0438  
   159        4800          2009.05              1         0.0436  
                                                        First-order 
 Iteration  Func-count       f(x)        Step-size       optimality
   160        4830          2009.05              1         0.0433  
   161        4860          2009.05              1         0.0427  
   162        4890          2009.05              1         0.0405  
srun: error: slurm_receive_msg: Insane message length
srun: error: slurm_receive_msg[10.26.24.30]: Insane message length
srun: error: invalid type trying to be freed 65534
   163        4920          2009.05              1         0.0386  
   164        4950          2009.05              1         0.0372  
   165        4980          2009.05              1         0.0377  
   166        5010          2009.05              1         0.0306  
   167        5040          2009.05              1         0.0215  
   168        5070          2009.05              1         0.0194  
   169        5100          2009.05              1         0.0182  
   170        5130          2009.05              1         0.0177  
   171        5160          2009.05              1         0.0172  
   172        5190          2009.05              1         0.0165  
   173        5220          2009.05              1         0.0155  
   174        5250          2009.05              1         0.0159  
   175        5280          2009.05              1         0.0158  
   176        5310          2009.05              1         0.0141  
   177        5340          2009.05              1         0.0116  
   178        5370          2009.05              1        0.00496  
   179        5400          2009.05              1        0.00277  
                                                        First-order 
 Iteration  Func-count       f(x)        Step-size       optimality
   180        5430          2009.05              1        0.00295  
   181        5460          2009.05              1        0.00278  
   182        5490          2009.05              1        0.00281  
   183        5550          2009.05       0.361023        0.00285  
   184        5610          2009.05       0.283735        0.00281  
   185        5640          2009.05              1        0.00285  
   186        5670          2009.05              1        0.00277  
   187        5700          2009.05              1        0.00281  
   188        5730          2009.05              1        0.00247  
   189        5760          2009.05              1        0.00254  
   190        5790          2009.05              1        0.00403  
   191        5820          2009.05              1        0.00266  
   192        5850          2009.05              1        0.00522  
   193        5880          2009.05              1         0.0031  
   194        5910          2009.05              1        0.00546  
   195        5940          2009.05              1        0.00133  
   196        5970          2009.05              1       0.000717  
   197        6000          2009.05              1       0.000885  
   198        6030          2009.05              1       0.000732  
   199        6060          2009.05              1       0.000977  
                                                        First-order 
 Iteration  Func-count       f(x)        Step-size       optimality
   200        6090          2009.05              1       0.000671  
   201        6150          2009.05       0.254759       0.000717  
   202        6180          2009.05              1       0.000656  
   203        6210          2009.05              1       0.000534  
   204        6300          2009.05      0.0716093       0.000427  
   205        6330          2009.05              1       0.000595  
   206        6390          2009.05       0.383403       0.000397  
   207        6420          2009.05              1       0.000381  
   208        6480          2009.05       0.360024       0.000351  
   209        6570          2009.05      0.0447621        0.00029  
srun: error: unpackmem: Buffer to be unpacked is too large (2637250801 > 1073741824)
srun: error: unpack error in io_init_msg_unpack
srun: error: Invalid IO init header version
srun: error: unpackmem: Buffer to be unpacked is too large (1556522736 > 1073741824)
srun: error: unpack error in io_init_msg_unpack
srun: error: Invalid IO init header version
srun: error: io_init_msg_read too small
srun: error: failed reading io init message
srun: error: unpackmem: Buffer to be unpacked is too large (4102455961 > 1073741824)
srun: error: unpack error in io_init_msg_unpack
srun: error: Invalid IO init header version
   210        6660          2009.05      0.0577649       0.000671  
srun: error: unpackmem: Buffer to be unpacked is too large (3740831794 > 1073741824)
srun: error: unpack error in io_init_msg_unpack
srun: error: Invalid IO init header version
   211        6720          2009.05       0.233135       0.000229  
srun: error: unpack error in io_init_msg_unpack
srun: error: Invalid IO init header version
srun: error: unpack error in io_init_msg_unpack
srun: error: Invalid IO init header version
   212        6900          2009.05     0.00147979       0.000168  

Local minimum found.

Optimization completed because the size of the gradient is less than
the selected value of the optimality tolerance.




Computing finite-difference Hessian using objective function.
srun: error: unpack error in io_init_msg_unpack
srun: error: Invalid IO init header version
srun: error: unpack error in io_init_msg_unpack
srun: error: Invalid IO init header version
srun: error: io_init_msg_read too small
srun: error: failed reading io init message
First order optimality conditions satisfied.
Current draw: 1000 of 5000
Current draw: 2000 of 5000
srun: error: slurm_receive_msg: Socket timed out on send/recv operation
srun: error: slurm_receive_msg[10.26.24.30]: Socket timed out on send/recv operation
srun: error: invalid type trying to be freed 65534
srun: error: slurm_receive_msg: Transport endpoint is not connected
srun: error: slurm_receive_msg[10.26.24.30]: Transport endpoint is not connected
srun: error: invalid type trying to be freed 65534
srun: error: slurm_receive_msg: Transport endpoint is not connected
srun: error: slurm_receive_msg[10.26.24.30]: Transport endpoint is not connected
srun: error: invalid type trying to be freed 65534
srun: error: slurm_receive_msg: Transport endpoint is not connected
srun: error: slurm_receive_msg[10.26.24.30]: Transport endpoint is not connected
srun: error: invalid type trying to be freed 65534
srun: error: slurm_receive_msg: Transport endpoint is not connected
srun: error: slurm_receive_msg[10.26.24.30]: Transport endpoint is not connected
srun: error: invalid type trying to be freed 65534
srun: error: slurm_receive_msg: Transport endpoint is not connected
srun: error: slurm_receive_msg[10.26.24.30]: Transport endpoint is not connected
srun: error: invalid type trying to be freed 65534
srun: error: slurm_receive_msg: Transport endpoint is not connected
srun: error: slurm_receive_msg[10.26.24.30]: Transport endpoint is not connected
srun: error: invalid type trying to be freed 65534
srun: error: slurm_receive_msg: Transport endpoint is not connected
srun: error: slurm_receive_msg[10.26.24.30]: Transport endpoint is not connected
srun: error: invalid type trying to be freed 65534
srun: error: slurm_receive_msg: Transport endpoint is not connected
srun: error: slurm_receive_msg[10.26.24.30]: Transport endpoint is not connected
srun: error: invalid type trying to be freed 65534
srun: error: slurm_receive_msg: Transport endpoint is not connected
srun: error: slurm_receive_msg[10.26.24.30]: Transport endpoint is not connected
srun: error: invalid type trying to be freed 65534
srun: error: slurm_receive_msg: Insane message length
srun: error: slurm_receive_msg[10.26.24.30]: Insane message length
srun: error: invalid type trying to be freed 65534
srun: error: unpackmem_xmalloc: Buffer to be unpacked is too large (1684369920 > 1073741824)
srun: error: unpacking header
srun: error: destroy_forward: no init
srun: error: slurm_receive_msg: Message receive failure
srun: error: slurm_receive_msg[10.26.24.30]: Message receive failure
srun: error: invalid type trying to be freed 65534
srun: error: slurm_receive_msg: Insane message length
srun: error: slurm_receive_msg[10.26.24.30]: Insane message length
srun: error: invalid type trying to be freed 65534
srun: error: unpackmem_xmalloc: Buffer to be unpacked is too large (1885828912 > 1073741824)
srun: error: unpacking header
srun: error: destroy_forward: no init
srun: error: slurm_receive_msg: Message receive failure
srun: error: slurm_receive_msg[10.26.24.30]: Message receive failure
srun: error: invalid type trying to be freed 65534
Current draw: 3000 of 5000
srun: error: slurm_receive_msg: Insane message length
srun: error: slurm_receive_msg[10.26.24.30]: Insane message length
srun: error: invalid type trying to be freed 65534
srun: error: io_init_msg_read too small
srun: error: failed reading io init message
srun: error: unpackmem: Buffer to be unpacked is too large (1951163745 > 1073741824)
srun: error: unpack error in io_init_msg_unpack
srun: error: Invalid IO init header version
srun: error: io_init_msg_read too small
srun: error: failed reading io init message
srun: error: unpackmem: Buffer to be unpacked is too large (1935765607 > 1073741824)
srun: error: unpack error in io_init_msg_unpack
srun: error: Invalid IO init header version
srun: error: slurm_receive_msg: Transport endpoint is not connected
srun: error: slurm_receive_msg[10.26.24.30]: Transport endpoint is not connected
srun: error: invalid type trying to be freed 65534
Current draw: 4000 of 5000
srun: error: unpackmem_xmalloc: Buffer to be unpacked is too large (1885828912 > 1073741824)
srun: error: unpacking header
srun: error: destroy_forward: no init
srun: error: slurm_receive_msg: Message receive failure
srun: error: slurm_receive_msg[10.26.24.30]: Message receive failure
srun: error: invalid type trying to be freed 65534
srun: error: unpackmem_xmalloc: Buffer to be unpacked is too large (1684369920 > 1073741824)
srun: error: unpacking header
srun: error: destroy_forward: no init
srun: error: slurm_receive_msg: Message receive failure
srun: error: slurm_receive_msg[10.26.24.30]: Message receive failure
srun: error: invalid type trying to be freed 65534
srun: error: slurm_receive_msg: Insane message length
srun: error: slurm_receive_msg[10.26.24.30]: Insane message length
srun: error: invalid type trying to be freed 65534
srun: error: unpack error in io_init_msg_unpack
srun: error: Invalid IO init header version
srun: error: slurm_receive_msg: Transport endpoint is not connected
srun: error: slurm_receive_msg[10.26.24.30]: Transport endpoint is not connected
srun: error: invalid type trying to be freed 65534
srun: error: slurm_receive_msg: Transport endpoint is not connected
srun: error: slurm_receive_msg[10.26.24.30]: Transport endpoint is not connected
srun: error: invalid type trying to be freed 65534
srun: error: slurm_receive_msg: Transport endpoint is not connected
srun: error: slurm_receive_msg[10.26.24.30]: Transport endpoint is not connected
srun: error: invalid type trying to be freed 65534
srun: error: slurm_receive_msg: Transport endpoint is not connected
srun: error: slurm_receive_msg[10.26.24.30]: Transport endpoint is not connected
srun: error: invalid type trying to be freed 65534
Current draw: 5000 of 5000
Elapsed time is 982.336390 seconds.
Ran Forecast Type 2for Model 102 and Horizon 12
Performing iteration ending on 2016M6 of model 103
Warning: This should be expanded with the country names in case of panel
> In abstvar/abstvar/check_inputs
  In abstvar
  In svar
  In scriptEstimateMode_FULL (line 96)
  In run (line 86)
  In msreg_2reg_endoprob_SVAR_FULL_OOS (line 231)
  In OOS_slurm_IF (line 4)
    'c(3,1,sync,1)>=c(3,1,sync,2)'
    'a0(1,GDPG,sync,1)=0'
    'a0(2,GDPG,sync,1)=0'
    'a0(1,MF,sync,1)=0'
    'a0(1,GDPG,sync,2)=0'
    'a0(2,GDPG,sync,2)=0'
    'a0(1,MF,sync,2)=0'
    'a1(3,GDPG)=0'

 parameter: A12, density:NORMAL, hyperparameters: [0.5 0.5],convergence 0
 parameter: A21, density:NORMAL, hyperparameters: [0.5 0.5],convergence 0
 parameter: B12, density:GAMMA, hyperparameters: [4 0.125],convergence 0
 parameter: C12, density:GAMMA, hyperparameters: [4 0.125],convergence 0
 parameter: B21, density:GAMMA, hyperparameters: [4 0.125],convergence 0
 parameter: C21, density:GAMMA, hyperparameters: [4 0.125],convergence 0
                                                        First-order 
 Iteration  Func-count       f(x)        Step-size       optimality
     0          30          15032.9                      2.29e+04
     1          60          3815.71     4.3758e-05       2.12e+03  
     2          90           3291.9              1       1.54e+03  
     3         120          2628.82              1            608  
     4         150          2475.75              1            285  
     5         180          2427.79              1            218  
     6         210          2415.22              1            230  
     7         240          2405.66              1            222  
     8         270          2391.04              1            188  
     9         300          2372.79              1            141  
    10         330          2356.42              1            182  
    11         360          2349.44              1            191  
    12         390          2344.63              1            150  
    13         420          2335.92              1           75.7  
    14         450          2331.22              1           76.9  
    15         480          2328.71              1           85.6  
    16         510          2325.47              1           89.6  
    17         540          2319.83              1            107  
    18         570          2310.38              1            140  
    19         600          2303.01              1            104  
srun: error: slurm_receive_msg: Insane message length
srun: error: slurm_receive_msg[10.26.24.30]: Insane message length
srun: error: invalid type trying to be freed 65534
                                                        First-order 
 Iteration  Func-count       f(x)        Step-size       optimality
    20         630          2299.23              1           58.8  
srun: error: slurm_receive_msg: Insane message length
srun: error: slurm_receive_msg[10.26.24.30]: Insane message length
srun: error: invalid type trying to be freed 65534
    21         660          2297.64              1           59.1  
    22         690           2296.5              1             55  
    23         720          2293.11              1           79.9  
    24         750          2286.57              1            124  
    25         780          2276.24              1            138  
    26         810          2267.64              1           89.7  
    27         840             2263              1            101  
    28         870          2261.07              1           97.7  
    29         900          2258.88              1           84.3  
    30         930          2254.43              1             90  
    31         960          2247.78              1           99.6  
    32         990          2241.63              1           65.6  
    33        1020          2239.29              1           38.4  
    34        1050          2238.61              1           28.3  
    35        1080          2238.05              1           29.5  
srun: error: slurm_receive_msg: Insane message length
srun: error: slurm_receive_msg[10.26.24.30]: Insane message length
srun: error: invalid type trying to be freed 65534
    36        1110          2236.71              1           44.8  
srun: error: slurm_receive_msg: Transport endpoint is not connected
srun: error: slurm_receive_msg[10.26.24.30]: Transport endpoint is not connected
srun: error: invalid type trying to be freed 65534
srun: error: slurm_receive_msg: Insane message length
srun: error: slurm_receive_msg[10.26.24.30]: Insane message length
srun: error: invalid type trying to be freed 65534
    37        1140          2234.37              1           57.2  
    38        1170          2231.45              1           46.8  
    39        1200          2229.56              1           28.8  
                                                        First-order 
 Iteration  Func-count       f(x)        Step-size       optimality
    40        1230          2228.95              1           29.3  
    41        1260          2228.72              1           27.1  
    42        1290          2228.29              1           23.6  
srun: error: unpack error in io_init_msg_unpack
srun: error: Invalid IO init header version
srun: error: unpackmem: Buffer to be unpacked is too large (1681731632 > 1073741824)
srun: error: unpack error in io_init_msg_unpack
srun: error: Invalid IO init header version
    43        1320          2227.63              1           25.7  
    44        1350          2226.86              1             19  
    45        1380          2226.36              1           21.3  
    46        1410           2226.1              1           22.5  
    47        1440          2225.86              1           22.1  
    48        1470          2225.31              1           22.2  
    49        1500          2224.15              1           36.1  
    50        1530          2222.12              1           49.2  
    51        1560          2219.96              1           49.6  
    52        1590          2218.75              1           36.1  
    53        1620          2218.31              1           22.7  
    54        1650          2218.04              1           21.9  
    55        1680          2217.48              1           21.7  
    56        1710          2216.46              1           22.6  
    57        1740          2215.07              1           42.9  
    58        1770          2214.04              1           46.3  
    59        1800          2213.53              1           38.3  
                                                        First-order 
 Iteration  Func-count       f(x)        Step-size       optimality
    60        1830          2213.04              1           41.9  
    61        1860          2212.06              1           41.3  
    62        1890          2210.37              1           32.2  
    63        1920          2208.37              1           33.4  
srun: error: slurm_receive_msg: Transport endpoint is not connected
srun: error: slurm_receive_msg[10.26.24.30]: Transport endpoint is not connected
srun: error: invalid type trying to be freed 65534
    64        1950          2207.11              1           31.4  
    65        1980          2206.66              1           26.5  
    66        2010          2206.44              1           26.7  
    67        2040          2206.02              1           25.3  
    68        2070          2205.16              1             23  
    69        2100          2203.76              1           30.1  
    70        2130          2202.35              1           27.6  
    71        2160           2201.7              1           13.3  
    72        2190          2201.57              1           12.7  
    73        2220          2201.51              1           13.1  
    74        2250          2201.35              1           13.2  
    75        2280          2201.03              1           18.1  
    76        2310          2200.47              1           23.3  
    77        2340          2199.89              1           18.3  
    78        2370          2199.59              1           12.5  
    79        2400          2199.52              1           12.2  
                                                        First-order 
 Iteration  Func-count       f(x)        Step-size       optimality
    80        2430          2199.48              1           11.4  
    81        2460           2199.4              1           9.66  
    82        2490          2199.21              1           13.4  
    83        2520          2198.78              1           19.4  
    84        2550          2198.03              1           22.2  
    85        2580          2197.25              1           17.1  
    86        2610          2196.88              1           10.3  
    87        2640          2196.79              1           8.73  
    88        2670          2196.76              1           8.51  
    89        2700          2196.69              1           8.17  
    90        2730          2196.53              1           9.25  
    91        2760          2196.15              1           12.6  
    92        2790          2195.46              1             14  
    93        2820          2194.67              1           17.9  
    94        2850          2194.22              1           21.8  
srun: error: unpack error in io_init_msg_unpack
srun: error: Invalid IO init header version
    95        2880          2194.03              1           20.7  
srun: error: slurm_receive_msg: Insane message length
srun: error: slurm_receive_msg[10.26.24.30]: Insane message length
srun: error: invalid type trying to be freed 65534
    96        2910          2193.92              1           18.8  
    97        2940          2193.68              1           14.9  
    98        2970          2193.23              1           15.4  
srun: error: slurm_receive_msg: Transport endpoint is not connected
srun: error: slurm_receive_msg[10.26.24.30]: Transport endpoint is not connected
srun: error: invalid type trying to be freed 65534
    99        3000          2192.38              1           20.3  
                                                        First-order 
 Iteration  Func-count       f(x)        Step-size       optimality
   100        3030          2190.44              1           28.9  
   101        3060          2189.27              1           39.7  
   102        3090          2188.28              1           30.5  
   103        3120          2188.01              1           24.9  
   104        3150           2187.8              1           25.4  
   105        3180          2187.33              1           28.1  
   106        3210          2186.54              1           25.7  
   107        3240          2184.93              1           14.7  
   108        3270           2184.3              1           12.8  
   109        3300          2184.09              1           6.56  
   110        3330          2184.04              1           6.86  
   111        3360          2184.03              1           6.57  
   112        3390          2183.99              1           6.57  
   113        3420          2183.92              1           10.9  
   114        3450          2183.78              1           17.9  
   115        3480          2183.57              1           22.1  
   116        3510          2183.34              1           17.7  
   117        3540          2183.23              1           9.17  
   118        3570          2183.19              1           5.73  
   119        3600          2183.18              1           5.74  
                                                        First-order 
 Iteration  Func-count       f(x)        Step-size       optimality
   120        3630          2183.15              1           7.35  
   121        3660          2183.08              1           10.3  
   122        3690          2182.92              1           14.3  
   123        3720          2182.55              1           19.6  
   124        3750          2181.92              1           22.1  
   125        3780          2181.22              1           16.8  
   126        3810          2180.81              1           7.01  
   127        3840          2180.74              1           3.33  
   128        3870          2180.73              1           3.29  
   129        3900          2180.73              1           3.23  
   130        3930          2180.72              1           3.12  
   131        3960          2180.71              1           2.94  
   132        3990          2180.67              1           4.34  
   133        4020          2180.57              1           6.64  
   134        4050          2180.37              1           9.09  
   135        4080          2180.08              1           9.32  
   136        4110          2179.85              1           5.47  
   137        4140          2179.79              1              2  
   138        4170          2179.79              1            1.9  
   139        4200          2179.79              1           1.86  
                                                        First-order 
 Iteration  Func-count       f(x)        Step-size       optimality
   140        4230          2179.79              1           1.81  
   141        4260          2179.78              1           1.71  
   142        4290          2179.78              1           1.54  
   143        4320          2179.76              1           1.24  
   144        4350          2179.74              1           1.12  
   145        4380           2179.7              1           1.28  
   146        4410          2179.66              1           1.51  
   147        4440          2179.65              1           1.49  
   148        4470          2179.65              1           1.43  
   149        4500          2179.65              1           1.39  
   150        4530          2179.65              1           1.32  
   151        4560          2179.65              1           1.21  
   152        4590          2179.64              1              1  
   153        4620          2179.63              1          0.838  
   154        4650           2179.6              1           1.05  
   155        4680          2179.56              1          0.986  
   156        4710          2179.52              1          0.838  
   157        4740          2179.51              1          0.783  
   158        4770          2179.51              1          0.723  
   159        4800          2179.51              1          0.702  
                                                        First-order 
 Iteration  Func-count       f(x)        Step-size       optimality
   160        4830          2179.51              1           0.69  
   161        4860          2179.51              1          0.659  
   162        4890           2179.5              1          0.611  
   163        4920           2179.5              1          0.518  
   164        4950           2179.5              1          0.632  
   165        4980          2179.49              1          0.957  
   166        5010          2179.47              1           1.17  
   167        5040          2179.45              1           1.12  
   168        5070          2179.44              1          0.878  
   169        5160          2179.38        3.44254           4.46  
   170        5220          2179.37       0.250947              6  
   171        5250          2179.26              1           7.28  
   172        5280          2179.18              1           5.27  
   173        5310          2179.11              1           2.91  
   174        5340          2179.09              1           1.84  
   175        5370          2179.09              1           2.03  
   176        5400          2179.09              1           2.04  
   177        5430          2179.08              1           2.08  
   178        5460          2179.08              1           2.05  
   179        5490          2179.07              1           2.04  
                                                        First-order 
 Iteration  Func-count       f(x)        Step-size       optimality
   180        5520          2179.05              1            3.4  
   181        5550          2178.99              1           5.25  
   182        5580          2178.88              1           7.47  
   183        5610          2178.72              1           8.12  
   184        5640          2178.55              1           6.41  
   185        5670          2178.45              1           1.97  
   186        5700          2178.44              1           1.25  
   187        5730          2178.42              1          0.612  
   188        5760          2178.42              1          0.609  
   189        5790          2178.42              1          0.606  
   190        5820          2178.42              1          0.605  
   191        5850          2178.42              1          0.604  
   192        5880          2178.42              1          0.603  
   193        5910          2178.42              1          0.867  
   194        5940          2178.42              1            1.6  
   195        5970          2178.41              1           2.75  
   196        6000           2178.4              1           4.37  
   197        6030          2178.39              1           6.07  
   198        6060          2178.36              1           6.33  
   199        6090          2178.34              1           3.88  
                                                        First-order 
 Iteration  Func-count       f(x)        Step-size       optimality
   200        6120          2178.33              1           1.01  
   201        6150          2178.33              1          0.122  
   202        6180          2178.33              1          0.122  
   203        6210          2178.33              1          0.122  
   204        6240          2178.33              1          0.123  
   205        6270          2178.33              1          0.123  
   206        6300          2178.33              1          0.123  
   207        6330          2178.33              1          0.123  
   208        6360          2178.33              1          0.175  
   209        6390          2178.33              1          0.302  
   210        6420          2178.33              1          0.469  
   211        6450          2178.33              1          0.635  
   212        6480          2178.33              1           0.64  
   213        6510          2178.33              1          0.376  
   214        6540          2178.33              1         0.0937  
   215        6570          2178.33              1        0.00516  
   216        6600          2178.33              1        0.00293  
   217        6630          2178.33              1        0.00298  
   218        6720          2178.33      0.0635854        0.00304  
   219        6750          2178.33              1        0.00313  
                                                        First-order 
 Iteration  Func-count       f(x)        Step-size       optimality
   220        6780          2178.33              1        0.00304  
   221        6840          2178.33        0.37018        0.00308  
   222        6870          2178.33              1        0.00306  
   223        6900          2178.33              1          0.003  
   224        6930          2178.33              1        0.00312  
   225        6960          2178.33              1        0.00302  
   226        6990          2178.33              1        0.00271  
   227        7020          2178.33              1         0.0027  
   228        7050          2178.33              1         0.0026  
   229        7080          2178.33              1        0.00342  
   230        7110          2178.33              1         0.0027  
   231        7170          2178.33       0.409684        0.00299  
   232        7200          2178.33              1        0.00278  
   233        7230          2178.33              1        0.00211  
   234        7260          2178.33              1        0.00287  
   235        7290          2178.33              1         0.0047  
   236        7320          2178.33              1        0.00537  
   237        7350          2178.33              1        0.00455  
   238        7380          2178.33              1        0.00317  
   239        7410          2178.33              1        0.00125  
                                                        First-order 
 Iteration  Func-count       f(x)        Step-size       optimality
   240        7440          2178.33              1       0.000763  
   241        7470          2178.33              1       0.000641  
   242        7500          2178.33              1       0.000488  
   243        7560          2178.33       0.183773       0.000458  
   244        7620          2178.33       0.240751       0.000519  
   245        7800          2178.33    0.000896211       0.000488  
   246        7890          2178.33       0.108091       0.000244  

Local minimum found.

Optimization completed because the size of the gradient is less than
the selected value of the optimality tolerance.




Computing finite-difference Hessian using objective function.
First order optimality conditions satisfied.
Current draw: 1000 of 5000
Current draw: 2000 of 5000
Current draw: 3000 of 5000
Current draw: 4000 of 5000
Current draw: 5000 of 5000
Elapsed time is 1050.493286 seconds.
Ran Forecast Type 2for Model 103 and Horizon 12
Performing iteration ending on 2016M6 of model 104
Warning: This should be expanded with the country names in case of panel
> In abstvar/abstvar/check_inputs
  In abstvar
  In svar
  In scriptEstimateMode_FULL (line 96)
  In run (line 86)
  In msreg_2reg_endoprob_SVAR_FULL_OOS (line 231)
  In OOS_slurm_IF (line 4)
    'c(3,1,sync,1)>=c(3,1,sync,2)'
    'a0(1,GDPG)=0'
    'a0(1,MF)=0'
    'a0(2,GDPG)=0'
    'a1(3,GDPG,sync,1)=0'
    'a1(3,GDPG,sync,2)=0'

 parameter: A12, density:NORMAL, hyperparameters: [0.5 0.5],convergence 0
 parameter: A21, density:NORMAL, hyperparameters: [0.5 0.5],convergence 0
 parameter: B12, density:GAMMA, hyperparameters: [4 0.125],convergence 0
 parameter: C12, density:GAMMA, hyperparameters: [4 0.125],convergence 0
 parameter: B21, density:GAMMA, hyperparameters: [4 0.125],convergence 0
 parameter: C21, density:GAMMA, hyperparameters: [4 0.125],convergence 0
                                                        First-order 
 Iteration  Func-count       f(x)        Step-size       optimality
     0          35          15032.9                      2.29e+04
     1          70          3878.38     4.3758e-05       2.09e+03  
     2         105          3323.72              1       1.52e+03  
     3         140          2830.11              1            752  
     4         175          2652.94              1            442  
     5         210          2558.49              1            463  
     6         245           2517.9              1            407  
     7         280          2491.18              1            307  
     8         315          2464.67              1            265  
     9         350          2442.47              1            258  
    10         385          2426.57              1            257  
    11         420          2404.82              1            345  
    12         455          2384.09              1            282  
    13         490          2345.64              1            228  
    14         525          2326.84              1            190  
    15         560          2317.08              1            112  
    16         595          2313.43              1            110  
    17         630          2307.81              1            104  
    18         665          2304.25              1            117  
    19         700          2298.84              1            167  
                                                        First-order 
 Iteration  Func-count       f(x)        Step-size       optimality
    20         735          2292.32              1            156  
    21         770          2282.99              1            220  
    22         805          2273.97              1            252  
    23         840          2266.36              1            169  
    24         875          2261.02              1           97.6  
    25         910          2256.68              1           92.1  
    26         945          2251.72              1            147  
    27         980          2247.31              1            141  
    28        1015          2243.69              1           93.3  
    29        1050          2239.54              1            121  
    30        1085          2233.74              1            123  
    31        1120           2224.2              1            115  
    32        1190          2220.62       0.266122            172  
    33        1225          2216.75              1            121  
    34        1260          2211.61              1            112  
    35        1295          2208.57              1            125  
    36        1330          2186.38              1            209  
    37        1365          2176.06              1            176  
    38        1400          2169.41              1            127  
    39        1435          2164.87              1            123  
                                                        First-order 
 Iteration  Func-count       f(x)        Step-size       optimality
    40        1470          2161.75              1           62.9  
    41        1505          2160.46              1           64.5  
    42        1540          2157.06              1           72.4  
    43        1575          2154.21              1           88.9  
    44        1610           2151.7              1           66.3  
    45        1645          2149.87              1           80.8  
    46        1680          2147.96              1           80.6  
    47        1715          2144.87              1             81  
    48        1750           2141.6              1           76.9  
    49        1785          2139.84              1           29.6  
    50        1820          2139.22              1           30.1  
    51        1855          2138.78              1           30.6  
    52        1890          2138.08              1           31.4  
    53        1925          2136.84              1           51.1  
    54        1960          2135.25              1           35.7  
    55        1995          2134.11              1           31.9  
    56        2030          2133.67              1           24.6  
    57        2065           2133.4              1           24.4  
    58        2100          2133.09              1           24.7  
    59        2135          2132.58              1           33.1  
                                                        First-order 
 Iteration  Func-count       f(x)        Step-size       optimality
    60        2170          2131.79              1             49  
    61        2205          2130.74              1           53.5  
    62        2275          2130.13       0.498444           46.4  
    63        2380          2129.83           0.19           40.2  
    64        3500          2129.67      0.0899369           80.1  
    65        4025          2129.67          1e-06            998  

Local minimum possible.

fminunc stopped because it cannot decrease the objective function
along the current search direction.




Computing finite-difference Hessian using objective function.
Predicted change in objective function too small.
Current draw: 1000 of 5000
Current draw: 2000 of 5000
Current draw: 3000 of 5000
Current draw: 4000 of 5000
Current draw: 5000 of 5000
Elapsed time is 791.186272 seconds.
Ran Forecast Type 2for Model 104 and Horizon 12
Performing iteration ending on 2016M6 of model 105
Warning: This should be expanded with the country names in case of panel
> In abstvar/abstvar/check_inputs
  In abstvar
  In svar
  In scriptEstimateMode_FULL (line 96)
  In run (line 86)
  In msreg_2reg_endoprob_SVAR_FULL_OOS (line 231)
  In OOS_slurm_IF (line 4)
    'c(3,1,sync,1)>=c(3,1,sync,2)'
    'a0(1,GDPG,sync,1)=0'
    'a0(2,GDPG,sync,1)=0'
    'a0(1,MF,sync,1)=0'
    'a0(1,GDPG,sync,2)=0'
    'a0(2,GDPG,sync,2)=0'
    'a0(1,MF,sync,2)=0'
    'a1(3,GDPG)=0'
    's(3,3,sync,1)<=s(3,3,sync,2)'

 parameter: A12, density:NORMAL, hyperparameters: [0.5 0.5],convergence 0
 parameter: A21, density:NORMAL, hyperparameters: [0.5 0.5],convergence 0
 parameter: B12, density:GAMMA, hyperparameters: [4 0.125],convergence 0
 parameter: C12, density:GAMMA, hyperparameters: [4 0.125],convergence 0
 parameter: B21, density:GAMMA, hyperparameters: [4 0.125],convergence 0
 parameter: C21, density:GAMMA, hyperparameters: [4 0.125],convergence 0
                                                        First-order 
 Iteration  Func-count       f(x)        Step-size       optimality
     0          33          15032.9                      1.37e+04
     1          66          3878.07    7.30756e-05       2.68e+03  
     2          99          2993.37              1       1.49e+03  
     3         132          2640.76              1            798  
     4         165          2354.63              1            302  
     5         198          2281.61              1            156  
     6         231          2260.69              1            153  
     7         264          2246.06              1            206  
     8         297          2219.18              1            253  
     9         330          2180.15              1            217  
    10         363           2156.7              1            198  
    11         396          2148.49              1            141  
    12         429          2135.55              1            105  
    13         462          2130.15              1            118  
    14         495          2116.31              1            175  
    15         528          2108.71              1            165  
    16         561          2097.75              1            133  
    17         594          2090.36              1            129  
    18         627          2087.08              1           95.9  
    19         660          2084.03              1           61.6  
                                                        First-order 
 Iteration  Func-count       f(x)        Step-size       optimality
    20         693          2079.56              1            110  
    21         726          2076.48              1           86.6  
    22         759          2074.88              1           46.7  
    23         792           2073.8              1           43.5  
    24         825          2071.86              1            105  
    25         858           2066.5              1            217  
    26         891          2058.54              1            280  
    27         924          2051.13              1            199  
    28         957          2047.84              1             67  
    29         990          2046.25              1           56.5  
    30        1023          2044.27              1            121  
    31        1056           2040.8              1            188  
    32        1089          2036.14              1            181  
    33        1122          2033.08              1           94.8  
    34        1155          2032.11              1           31.6  
    35        1188           2031.7              1           29.1  
    36        1221          2031.13              1           57.4  
    37        1254          2030.11              1           80.6  
    38        1287          2028.61              1           79.2  
    39        1320          2027.33              1           42.7  
                                                        First-order 
 Iteration  Func-count       f(x)        Step-size       optimality
    40        1353          2026.73              1           20.8  
    41        1386          2026.38              1           22.9  
    42        1419          2025.91              1             43  
    43        1452          2025.11              1           55.5  
    44        1485          2023.96              1           48.8  
    45        1518          2022.83              1           39.3  
    46        1551          2021.96              1           41.5  
    47        1584          2020.98              1             48  
    48        1617          2019.28              1           81.9  
    49        1650          2016.99              1           91.3  
    50        1683           2015.3              1           56.2  
    51        1716          2014.64              1           17.6  
    52        1749          2014.36              1           18.4  
    53        1782          2014.03              1           31.8  
    54        1815          2013.24              1           57.6  
    55        1980          2012.87       0.225908           61.8  
    56        2673          2012.83     0.00817502            101  
    57        4290          2012.83    4.78899e-08          1e+03  

Local minimum possible.

fminunc stopped because it cannot decrease the objective function
along the current search direction.




Computing finite-difference Hessian using objective function.
Predicted change in objective function too small.
Current draw: 1000 of 5000
Current draw: 2000 of 5000
Current draw: 3000 of 5000
Current draw: 4000 of 5000
Current draw: 5000 of 5000
Elapsed time is 801.860093 seconds.
Ran Forecast Type 2for Model 105 and Horizon 12
Performing iteration ending on 2016M6 of model 106
Warning: This should be expanded with the country names in case of panel
> In abstvar/abstvar/check_inputs
  In abstvar
  In svar
  In scriptEstimateMode_FULL (line 96)
  In run (line 86)
  In msreg_2reg_endoprob_SVAR_FULL_OOS (line 231)
  In OOS_slurm_IF (line 4)
    'c(3,1,sync,1)>=c(3,1,sync,2)'
    'a0(1,GDPG)=0'
    'a0(1,MF)=0'
    'a0(2,GDPG)=0'
    'a1(3,GDPG,sync,1)=0'
    'a1(3,GDPG,sync,2)=0'
    's(3,3,sync,1)<=s(3,3,sync,2)'

 parameter: A12, density:NORMAL, hyperparameters: [0.5 0.5],convergence 0
 parameter: A21, density:NORMAL, hyperparameters: [0.5 0.5],convergence 0
 parameter: B12, density:GAMMA, hyperparameters: [4 0.125],convergence 0
 parameter: C12, density:GAMMA, hyperparameters: [4 0.125],convergence 0
 parameter: B21, density:GAMMA, hyperparameters: [4 0.125],convergence 0
 parameter: C21, density:GAMMA, hyperparameters: [4 0.125],convergence 0
                                                        First-order 
 Iteration  Func-count       f(x)        Step-size       optimality
     0          38          15032.9                      1.37e+04
     1          76          3693.17    7.30756e-05       1.79e+03  
     2         114          3130.88              1        1.2e+03  
     3         152          2563.62              1            431  
     4         190          2414.01              1            274  
     5         228          2336.11              1            253  
     6         266          2305.69              1            212  
     7         304          2286.22              1            159  
     8         342          2267.11              1            146  
     9         380          2244.41              1            152  
    10         418          2214.08              1            246  
    11         456          2185.73              1            319  
    12         494          2170.09              1            269  
    13         532          2124.15              1            196  
    14         570          2113.39              1            174  
    15         608          2094.67              1            161  
    16         646          2082.31              1            199  
    17         684             2075              1            101  
    18         722          2071.39              1            137  
    19         760          2064.42              1            135  
                                                        First-order 
 Iteration  Func-count       f(x)        Step-size       optimality
    20         798          2058.62              1            116  
    21         836          2052.35              1            124  
    22         874          2047.92              1           83.9  
    23         912          2044.85              1           55.5  
    24         950          2043.69              1           51.7  
    25         988          2041.72              1           62.2  
    26        1026          2038.99              1           79.7  
    27        1064          2034.39              1            142  
    28        1102          2027.38              1            206  
    29        1140          2019.63              1            179  
    30        1178          2014.83              1           71.7  
    31        1216          2013.11              1           50.6  
    32        1254          2012.02              1           40.8  
    33        1292          2010.38              1           66.3  
    34        1330          2008.47              1           62.2  
    35        1368          2006.35              1           92.5  
    36        1406          2004.39              1           83.4  
    37        1444          2003.27              1           39.7  
    38        1482          2002.95              1           16.3  
    39        1520          2002.86              1           9.86  
                                                        First-order 
 Iteration  Func-count       f(x)        Step-size       optimality
    40        1558           2002.8              1           9.14  
    41        1596          2002.71              1           17.9  
    42        1634          2002.58              1           23.5  
    43        1672          2002.44              1           17.6  
    44        1710          2002.34              1           12.7  
    45        1748          2002.28              1           9.95  
    46        1786          2002.21              1           19.6  
    47        1824           2002.1              1           26.3  
    48        1862          2001.97              1           22.2  
    49        1900          2001.89              1            8.6  
    50        1938          2001.86              1           8.16  
    51        1976          2001.83              1           8.51  
    52        2014          2001.78              1           14.7  
    53        2052          2001.71              1           17.8  
    54        2090          2001.63              1           13.5  
    55        2128          2001.58              1           5.13  
    56        2166          2001.55              1           4.35  
    57        2204          2001.54              1           5.71  
    58        2242           2001.5              1           8.41  
    59        2280          2001.43              1            9.1  
                                                        First-order 
 Iteration  Func-count       f(x)        Step-size       optimality
    60        2356          2001.37            0.5           7.56  
    61        2470          2001.33           0.19           6.18  
    62        3876          2001.32      0.0629167            451  

Local minimum possible.

fminunc stopped because it cannot decrease the objective function
along the current search direction.




Computing finite-difference Hessian using objective function.
Predicted change in objective function too small.
Current draw: 1000 of 5000
Current draw: 2000 of 5000
Current draw: 3000 of 5000
Current draw: 4000 of 5000
Current draw: 5000 of 5000
Elapsed time is 788.220474 seconds.
Ran Forecast Type 2for Model 106 and Horizon 12
Performing iteration ending on 2016M6 of model 107
Warning: This should be expanded with the country names in case of panel
> In abstvar/abstvar/check_inputs
  In abstvar
  In svar
  In scriptEstimateMode_FULL (line 96)
  In run (line 86)
  In msreg_2reg_endoprob_SVAR_FULL_OOS (line 231)
  In OOS_slurm_IF (line 4)
    'c(3,1,sync,1)>=c(3,1,sync,2)'
    'a0(1,GDPG,sync,1)=0'
    'a0(2,GDPG,sync,1)=0'
    'a0(1,MF,sync,1)=0'
    'a0(1,GDPG,sync,2)=0'
    'a0(2,GDPG,sync,2)=0'
    'a0(1,MF,sync,2)=0'
    'a1(3,GDPG,sync,1)=0'
    'a1(3,GDPG,sync,2)=0'
    's(3,3,sync,1)<=s(3,3,sync,2)'

 parameter: A12, density:NORMAL, hyperparameters: [0.5 0.5],convergence 0
 parameter: A21, density:NORMAL, hyperparameters: [0.5 0.5],convergence 0
 parameter: B12, density:GAMMA, hyperparameters: [4 0.125],convergence 0
 parameter: C12, density:GAMMA, hyperparameters: [4 0.125],convergence 0
 parameter: B21, density:GAMMA, hyperparameters: [4 0.125],convergence 0
 parameter: C21, density:GAMMA, hyperparameters: [4 0.125],convergence 0
                                                        First-order 
 Iteration  Func-count       f(x)        Step-size       optimality
     0          41          15032.9                      1.37e+04
     1          82          3742.42    7.30756e-05       1.89e+03  
     2         123          3155.27              1       1.23e+03  
     3         164          2577.91              1            430  
     4         205          2429.86              1            261  
     5         246          2356.32              1            242  
     6         287          2327.32              1            208  
     7         328          2307.85              1            161  
     8         369          2289.19              1            143  
     9         410          2268.26              1            145  
    10         451          2238.92              1            229  
    11         492          2212.94              1            277  
    12         533           2196.1              1            249  
    13         574          2158.86              1            258  
    14         615          2145.89              1            162  
    15         656          2126.63              1            145  
    16         697          2112.07              1            152  
    17         738          2102.09              1            129  
    18         779          2098.19              1            111  
    19         820          2093.44              1            120  
                                                        First-order 
 Iteration  Func-count       f(x)        Step-size       optimality
    20         861          2087.32              1            136  
    21         902          2080.28              1           81.5  
    22         943           2075.7              1           70.8  
    23         984          2072.71              1             82  
    24        1025          2070.92              1           61.9  
    25        1066          2069.45              1           56.5  
    26        1107          2067.31              1           46.8  
    27        1148           2064.6              1           57.4  
    28        1189          2061.94              1           86.9  
    29        1230          2057.02              1            107  
    30        1271          2049.96              1             89  
    31        1312          2041.55              1           90.2  
    32        1353          2035.23              1           71.9  
    33        1394          2031.48              1           63.8  
    34        1435          2028.42              1           44.2  
    35        1476          2025.83              1           49.3  
    36        1517          2022.68              1           64.8  
    37        1558           2019.3              1           59.1  
    38        1599          2016.45              1           54.3  
    39        1640          2014.03              1           50.6  
                                                        First-order 
 Iteration  Func-count       f(x)        Step-size       optimality
    40        1681          2011.72              1           53.7  
    41        1722           2010.1              1             50  
    42        1763          2009.32              1           24.9  
    43        1804          2009.02              1           17.8  
    44        1886           2008.9            0.5             16  
    45        3116          2008.79       0.159909            721  

Local minimum possible.

fminunc stopped because it cannot decrease the objective function
along the current search direction.




Computing finite-difference Hessian using objective function.
Predicted change in objective function too small.
Current draw: 1000 of 5000
Current draw: 2000 of 5000
Current draw: 3000 of 5000
Current draw: 4000 of 5000
Current draw: 5000 of 5000
Elapsed time is 740.660191 seconds.
Ran Forecast Type 2for Model 107 and Horizon 12
Performing iteration ending on 2016M6 of model 108
Warning: This should be expanded with the country names in case of panel
> In abstvar/abstvar/check_inputs
  In abstvar
  In svar
  In scriptEstimateMode_FULL (line 96)
  In run (line 86)
  In msreg_2reg_endoprob_SVAR_FULL_OOS (line 231)
  In OOS_slurm_IF (line 4)
    'c(3,1,sync,1)>=c(3,1,sync,2)'
    'a0(1,GDPG)=0'
    'a0(1,MF)=0'
    'a0(2,GDPG)=0'
    'a1(3,GDPG)=0'
    's(3,3,sync,1)<=s(3,3,sync,2)'

 parameter: A12, density:NORMAL, hyperparameters: [0.5 0.5],convergence 0
 parameter: A21, density:NORMAL, hyperparameters: [0.5 0.5],convergence 0
 parameter: B12, density:GAMMA, hyperparameters: [4 0.125],convergence 0
 parameter: C12, density:GAMMA, hyperparameters: [4 0.125],convergence 0
 parameter: B21, density:GAMMA, hyperparameters: [4 0.125],convergence 0
 parameter: C21, density:GAMMA, hyperparameters: [4 0.125],convergence 0
                                                        First-order 
 Iteration  Func-count       f(x)        Step-size       optimality
     0          28          15032.9                      1.37e+04
     1          56          3780.38    7.30756e-05       2.63e+03  
     2          84          3015.06              1       1.46e+03  
     3         112           2707.3              1            729  
     4         140          2477.07              1            368  
     5         168          2393.39              1            230  
     6         196          2367.67              1            241  
     7         224          2356.03              1            223  
     8         252          2340.92              1            176  
     9         280          2320.18              1            199  
    10         308          2302.04              1            138  
    11         336          2295.49              1           99.1  
    12         364          2292.78              1           54.1  
    13         392          2290.37              1           44.1  
    14         420          2287.64              1           93.9  
    15         448          2283.81              1            130  
    16         476          2277.88              1            134  
    17         504          2271.05              1           96.6  
    18         532          2266.39              1           62.9  
    19         560          2264.05              1             65  
                                                        First-order 
 Iteration  Func-count       f(x)        Step-size       optimality
    20         588           2262.1              1           62.8  
    21         616          2258.67              1           74.1  
    22         644          2252.22              1           97.6  
    23         672          2242.73              1            106  
    24         700          2234.21              1           97.3  
    25         728          2230.06              1            104  
    26         756          2227.16              1           94.6  
    27         784          2222.55              1            104  
    28         812          2215.25              1            170  
    29         868          2208.55       0.666689            161  
    30        1400           2207.4       0.111178            851  

Local minimum possible.

fminunc stopped because it cannot decrease the objective function
along the current search direction.




Computing finite-difference Hessian using objective function.
Predicted change in objective function too small.
Current draw: 1000 of 5000
Current draw: 2000 of 5000
Current draw: 3000 of 5000
Current draw: 4000 of 5000
Current draw: 5000 of 5000
Elapsed time is 583.980596 seconds.
Ran Forecast Type 2for Model 108 and Horizon 12
