213
------------------------------------------
Setting up environment variables
---
LD_LIBRARY_PATH is .:/opt/MATLAB/R2017a/runtime/glnxa64:/opt/MATLAB/R2017a/bin/glnxa64:/opt/MATLAB/R2017a/sys/os/glnxa64:/opt/MATLAB/R2017a/sys/opengl/lib/glnxa64
Warning: Method directories not allowed in MATLAB path: /if/home/m1pac03/.mcrCache9.2/OOS_sl0/if/gms_research_gar/GAR/MS-VAR/RISE_toolbox2/classes/models/@dsge/private

	Personal pathdef has been created in your preference directory:
	/if/home/m1pac03/.mcrCache9.2/OOS_sl0/.matlab

Running on SLURM; using 1 cores as assigned on this node.

Performing iteration ending on 2016M9 of model 101
Warning: This should be expanded with the country names in case of panel
> In abstvar/abstvar/check_inputs
  In abstvar
  In svar
  In scriptEstimateMode_FULL (line 96)
  In run (line 86)
  In msreg_2reg_endoprob_SVAR_FULL_OOS (line 231)
  In OOS_slurm_IF (line 4)
    'c(3,1,sync,1)>=c(3,1,sync,2)'
    'a0(1,GDPG)=0'
    'a0(1,MF)=0'
    'a0(2,GDPG)=0'
    'a1(3,GDPG)=0'

 parameter: A12, density:NORMAL, hyperparameters: [0.5 0.5],convergence 0
 parameter: A21, density:NORMAL, hyperparameters: [0.5 0.5],convergence 0
 parameter: B12, density:GAMMA, hyperparameters: [4 0.125],convergence 0
 parameter: C12, density:GAMMA, hyperparameters: [4 0.125],convergence 0
 parameter: B21, density:GAMMA, hyperparameters: [4 0.125],convergence 0
 parameter: C21, density:GAMMA, hyperparameters: [4 0.125],convergence 0
                                                        First-order 
 Iteration  Func-count       f(x)        Step-size       optimality
     0          27          15049.2                      2.29e+04
     1          54           3775.8    4.37561e-05       2.03e+03  
     2          81          3271.68              1       1.48e+03  
     3         108          2627.42              1            591  
     4         135          2476.89              1            282  
     5         162          2428.29              1            226  
     6         189          2415.21              1            237  
     7         216          2405.42              1            228  
     8         243          2390.98              1            194  
     9         270          2372.39              1            142  
    10         297          2354.84              1            206  
    11         324          2346.39              1            189  
    12         351          2339.95              1            122  
    13         378           2333.2              1           80.9  
    14         405          2330.72              1           77.7  
    15         432          2328.17              1           82.6  
    16         459          2323.77              1           95.6  
    17         486          2314.54              1            143  
    18         513          2303.46              1            149  
    19         540           2296.1              1           88.9  
                                                        First-order 
 Iteration  Func-count       f(x)        Step-size       optimality
    20         567           2292.2              1           91.7  
    21         594          2290.28              1           85.1  
    22         621          2287.24              1           72.4  
    23         648          2279.84              1            131  
    24         675          2268.62              1            162  
    25         702          2258.26              1            127  
    26         729          2252.08              1            114  
    27         756          2249.62              1            114  
    28         783          2247.56              1            102  
    29         810          2243.04              1           79.4  
    30         837          2236.97              1           98.7  
    31         864          2231.67              1           73.2  
    32         891          2230.08              1           30.8  
    33         918          2229.85              1           15.8  
    34         945          2229.79              1           15.5  
    35         972          2229.62              1           14.9  
    36         999          2229.32              1           18.3  
    37        1026          2228.85              1           32.1  
    38        1053          2228.44              1           35.4  
    39        1080          2228.19              1           28.5  
                                                        First-order 
 Iteration  Func-count       f(x)        Step-size       optimality
    40        1107          2228.02              1           27.5  
    41        1134          2227.75              1           26.8  
    42        1161          2227.23              1           21.4  
    43        1188          2226.48              1           24.9  
    44        1215          2225.87              1           23.8  
    45        1242          2225.63              1           11.9  
    46        1269          2225.54              1           11.4  
    47        1296          2225.42              1           10.2  
    48        1323          2225.15              1           17.8  
    49        1350          2224.64              1           30.1  
    50        1377          2223.98              1           32.9  
    51        1404          2223.55              1           20.9  
    52        1431           2223.4              1           16.8  
    53        1458          2223.32              1           15.7  
    54        1485           2223.2              1           13.5  
    55        1512          2222.95              1           16.2  
    56        1539          2222.55              1           21.8  
    57        1566          2222.15              1           16.9  
    58        1593          2221.97              1           9.36  
    59        1620          2221.92              1           8.16  
                                                        First-order 
 Iteration  Func-count       f(x)        Step-size       optimality
    60        1647          2221.89              1           6.95  
    61        1674          2221.81              1           9.95  
    62        1701          2221.66              1           14.8  
    63        1728          2221.44              1           15.6  
    64        1755          2221.28              1           9.26  
    65        1782          2221.23              1           4.73  
    66        1809          2221.22              1           4.79  
    67        1836          2221.21              1           4.79  
    68        1863           2221.2              1           4.78  
    69        1890          2221.16              1           5.51  
    70        1917          2221.09              1           7.36  
    71        1944             2221              1            6.9  
    72        1971          2220.94              1           5.77  
    73        1998          2220.91              1           6.29  
    74        2025          2220.89              1           6.28  
    75        2052          2220.85              1           6.29  
    76        2079          2220.74              1           9.03  
    77        2106          2220.42              1           17.3  
    78        2133          2219.41              1             35  
    79        2187          2218.17            0.5             52  
                                                        First-order 
 Iteration  Func-count       f(x)        Step-size       optimality
    80        2214          2216.25              1           66.2  
    81        2241          2211.35              1           68.8  
    82        2268          2206.98              1           33.7  
    83        2295          2206.16              1           34.9  
    84        2322           2205.6              1           31.1  
    85        2349          2205.21              1           31.2  
    86        2376          2204.59              1           31.6  
    87        2403          2203.58              1           31.3  
    88        2430          2201.94              1           33.7  
    89        2457          2199.88              1           32.6  
    90        2484          2198.33              1           25.4  
    91        2511          2197.63              1           31.5  
    92        2538          2197.32              1           31.3  
    93        2565           2196.9              1           30.3  
    94        2592          2195.92              1           26.8  
    95        2619          2194.03              1           24.7  
    96        2646          2191.54              1           25.1  
    97        2673          2189.87              1           19.9  
    98        2700          2189.34              1           16.4  
    99        2727          2189.24              1           14.8  
                                                        First-order 
 Iteration  Func-count       f(x)        Step-size       optimality
   100        2754          2189.19              1           13.9  
   101        2781          2189.12              1           13.2  
   102        2808          2188.76              1           10.1  
   103        2835          2188.35              1           11.1  
   104        2862          2187.95              1           8.93  
   105        2889          2187.83              1           6.22  
   106        2916           2187.8              1           5.81  
   107        2943          2187.78              1           5.89  
   108        2970          2187.73              1           6.02  
   109        2997          2187.62              1           7.39  
   110        3024          2187.35              1           11.4  
   111        3051          2186.79              1           17.7  
   112        3078           2185.9              1           20.9  
   113        3105          2184.75              1           14.6  
   114        3132          2184.12              1           14.1  
   115        3159          2184.01              1           13.2  
   116        3186          2183.97              1             12  
   117        3213          2183.87              1             11  
   118        3240          2183.68              1           13.7  
   119        3267          2183.32              1           17.4  
                                                        First-order 
 Iteration  Func-count       f(x)        Step-size       optimality
   120        3294           2182.9              1           13.9  
   121        3321          2182.69              1           5.83  
   122        3348          2182.65              1           6.01  
   123        3375          2182.64              1           6.04  
   124        3402          2182.63              1           6.04  
   125        3429          2182.59              1           6.01  
   126        3456          2182.52              1           6.09  
   127        3483          2182.32              1             11  
   128        3510          2181.89              1           17.7  
   129        3537          2181.18              1           20.9  
   130        3564          2180.54              1           15.8  
   131        3591          2180.27              1           4.84  
   132        3618          2180.22              1           2.39  
   133        3645          2180.21              1            2.3  
   134        3672          2180.21              1           2.22  
   135        3699          2180.21              1           2.13  
   136        3726          2180.19              1           4.43  
   137        3753          2180.15              1           8.63  
   138        3780          2180.08              1           13.4  
   139        3807          2179.96              1           15.2  
                                                        First-order 
 Iteration  Func-count       f(x)        Step-size       optimality
   140        3834          2179.86              1           10.3  
   141        3861          2179.82              1           2.98  
   142        3888          2179.81              1           0.68  
   143        3915          2179.81              1          0.639  
   144        3942          2179.81              1           0.63  
   145        3969          2179.81              1          0.648  
   146        3996          2179.81              1          0.673  
   147        4023          2179.81              1          0.815  
   148        4050           2179.8              1           1.55  
   149        4077          2179.79              1           2.64  
   150        4104          2179.76              1           3.98  
   151        4131          2179.69              1           5.25  
   152        4212          2179.37        1.30622           11.2  
   153        4266          2179.33       0.214915           12.5  
   154        4293          2179.02              1           4.94  
   155        4320          2178.98              1           2.75  
   156        4347          2178.96              1           1.31  
   157        4374          2178.96              1          0.524  
   158        4401          2178.96              1          0.491  
   159        4428          2178.96              1          0.491  
                                                        First-order 
 Iteration  Func-count       f(x)        Step-size       optimality
   160        4455          2178.96              1           0.49  
   161        4482          2178.96              1          0.488  
   162        4509          2178.96              1          0.749  
   163        4536          2178.96              1           1.13  
   164        4563          2178.95              1           1.72  
   165        4590          2178.95              1            2.5  
   166        4617          2178.93              1           3.23  
   167        4644          2178.91              1           3.31  
   168        4671          2178.89              1           2.17  
   169        4698          2178.87              1           1.57  
   170        4725          2178.87              1           1.32  
   171        4752          2178.87              1          0.599  
   172        4779          2178.87              1          0.142  
   173        4806          2178.87              1         0.0914  
   174        4833          2178.87              1          0.088  
   175        4860          2178.87              1         0.0881  
   176        4887          2178.87              1          0.088  
   177        4914          2178.87              1         0.0876  
   178        4941          2178.87              1         0.0985  
   179        4968          2178.87              1          0.185  
                                                        First-order 
 Iteration  Func-count       f(x)        Step-size       optimality
   180        4995          2178.87              1          0.312  
   181        5022          2178.87              1          0.488  
   182        5049          2178.87              1           0.67  
   183        5076          2178.86              1          0.701  
   184        5103          2178.86              1          0.439  
   185        5130          2178.86              1          0.122  
   186        5157          2178.86              1        0.00845  
   187        5184          2178.86              1        0.00329  
   188        5211          2178.86              1        0.00313  
   189        5238          2178.86              1        0.00302  
   190        5292          2178.86       0.326043         0.0031  
   191        5319          2178.86              1        0.00324  
   192        5346          2178.86              1        0.00315  
   193        5373          2178.86              1         0.0031  
   194        5400          2178.86              1        0.00308  
   195        5454          2178.86       0.368899          0.003  
   196        5481          2178.86              1        0.00306  
   197        5508          2178.86              1        0.00293  
   198        5535          2178.86              1        0.00806  
   199        5562          2178.86              1        0.00974  
                                                        First-order 
 Iteration  Func-count       f(x)        Step-size       optimality
   200        5589          2178.86              1        0.00848  
   201        5616          2178.86              1        0.00873  
   202        5643          2178.86              1        0.00665  
   203        5670          2178.86              1        0.00635  
   204        5697          2178.86              1        0.00287  
   205        5724          2178.86              1        0.00171  
   206        5751          2178.86              1        0.00256  
   207        5778          2178.86              1        0.00137  
   208        5832          2178.86       0.362589       0.000519  
   209        5859          2178.86              1       0.000366  
   210        5886          2178.86              1       0.000305  

Local minimum found.

Optimization completed because the size of the gradient is less than
the selected value of the optimality tolerance.




Computing finite-difference Hessian using objective function.
First order optimality conditions satisfied.
Current draw: 1000 of 5000
Current draw: 2000 of 5000
Current draw: 3000 of 5000
Current draw: 4000 of 5000
Current draw: 5000 of 5000
Elapsed time is 917.478385 seconds.
Ran Forecast Type 2for Model 101 and Horizon 12
Performing iteration ending on 2016M9 of model 102
Warning: This should be expanded with the country names in case of panel
> In abstvar/abstvar/check_inputs
  In abstvar
  In svar
  In scriptEstimateMode_FULL (line 96)
  In run (line 86)
  In msreg_2reg_endoprob_SVAR_FULL_OOS (line 231)
  In OOS_slurm_IF (line 4)
    'c(3,1,sync,1)>=c(3,1,sync,2)'
    'a0(1,GDPG)=0'
    'a0(1,MF)=0'
    'a0(2,GDPG)=0'
    'a1(3,GDPG)=0'
    's(3,3,sync,1)<=s(3,3,sync,2)'

 parameter: A12, density:NORMAL, hyperparameters: [0.5 0.5],convergence 0
 parameter: A21, density:NORMAL, hyperparameters: [0.5 0.5],convergence 0
 parameter: B12, density:GAMMA, hyperparameters: [4 0.125],convergence 0
 parameter: C12, density:GAMMA, hyperparameters: [4 0.125],convergence 0
 parameter: B21, density:GAMMA, hyperparameters: [4 0.125],convergence 0
 parameter: C21, density:GAMMA, hyperparameters: [4 0.125],convergence 0
                                                        First-order 
 Iteration  Func-count       f(x)        Step-size       optimality
     0          30          15049.2                      1.37e+04
     1          60          3841.17     7.3074e-05       2.75e+03  
     2          90          2987.48              1       1.56e+03  
     3         120          2646.08              1            810  
     4         150          2357.72              1            311  
     5         180          2281.73              1            162  
     6         210          2259.38              1            158  
     7         240          2243.43              1            220  
     8         270          2213.71              1            269  
     9         300          2169.98              1            230  
    10         330          2144.66              1            195  
    11         360          2135.08              1            119  
    12         390          2124.12              1           98.5  
    13         420          2119.28              1            101  
    14         450          2104.63              1            179  
    15         480          2095.47              1            165  
    16         510          2083.44              1            152  
    17         540          2076.31              1            144  
    18         570          2072.72              1            111  
    19         600          2068.53              1           79.8  
                                                        First-order 
 Iteration  Func-count       f(x)        Step-size       optimality
    20         630          2063.59              1            142  
    21         660          2060.04              1            113  
    22         690          2058.16              1           53.4  
    23         720           2056.8              1           50.5  
    24         750          2054.42              1            148  
    25         780          2049.28              1            253  
    26         810          2041.59              1            286  
    27         840          2036.07              1            158  
    28         870          2033.93              1             63  
    29         900          2032.87              1           62.8  
    30         930          2031.27              1            128  
    31         960          2028.56              1            166  
    32         990          2026.16              1            118  
    33        1020          2025.16              1           34.3  
    34        1050          2024.85              1           27.1  
    35        1080           2024.6              1           40.2  
    36        1110          2024.18              1           61.4  
    37        1140          2023.65              1           58.3  
    38        1170          2023.27              1           27.7  
    39        1200          2023.12              1           18.4  
                                                        First-order 
 Iteration  Func-count       f(x)        Step-size       optimality
    40        1230          2023.01              1           18.4  
    41        1260          2022.83              1           35.8  
    42        1290          2022.52              1           49.1  
    43        1320          2022.11              1           45.4  
    44        1350           2021.8              1           21.5  
    45        1380          2021.65              1           18.3  
    46        1410          2021.51              1             21  
    47        1440          2021.24              1           43.9  
    48        1470          2020.68              1           68.7  
    49        1500          2019.78              1           79.9  
    50        1530          2018.95              1           57.1  
    51        1560          2018.57              1           18.3  
    52        1590          2018.48              1           9.63  
    53        1620          2018.43              1             11  
    54        1650          2018.31              1           22.2  
    55        1680          2018.12              1           30.5  
    56        1710          2017.87              1           27.8  
    57        1740          2017.72              1             13  
    58        1770          2017.68              1           5.67  
    59        1800          2017.67              1           5.03  
                                                        First-order 
 Iteration  Func-count       f(x)        Step-size       optimality
    60        1830          2017.65              1           5.05  
    61        1860          2017.62              1           8.63  
    62        1890          2017.57              1           10.6  
    63        1920          2017.51              1            8.1  
    64        1950          2017.49              1           3.11  
    65        1980          2017.49              1           2.64  
    66        2010          2017.48              1           2.63  
    67        2040          2017.48              1           2.85  
    68        2070          2017.46              1           5.02  
    69        2100          2017.43              1           6.51  
    70        2130          2017.41              1           5.37  
    71        2160          2017.39              1           2.65  
    72        2190          2017.39              1           3.07  
    73        2220          2017.38              1           3.18  
    74        2250          2017.37              1           3.73  
    75        2280          2017.34              1           6.64  
    76        2310          2017.28              1           9.03  
    77        2340          2017.22              1            8.2  
    78        2370          2017.18              1           3.92  
    79        2400          2017.17              1           3.36  
                                                        First-order 
 Iteration  Func-count       f(x)        Step-size       optimality
    80        2430          2017.16              1           3.16  
    81        2460          2017.15              1           3.49  
    82        2490          2017.12              1           6.06  
    83        2520          2017.06              1           7.97  
    84        2550             2017              1           6.83  
    85        2580          2016.96              1           4.29  
    86        2610          2016.95              1           3.61  
    87        2640          2016.94              1           3.04  
    88        2670          2016.93              1            3.1  
    89        2700          2016.91              1           4.62  
    90        2730          2016.87              1           4.98  
    91        2760          2016.84              1           3.06  
    92        2790          2016.83              1           2.51  
    93        2820          2016.82              1            2.3  
srun: error: slurm_receive_msg: Transport endpoint is not connected
srun: error: slurm_receive_msg[10.26.24.30]: Transport endpoint is not connected
srun: error: invalid type trying to be freed 65534
    94        2850          2016.82              1           2.29  
    95        2880          2016.81              1           2.38  
srun: error: slurm_receive_msg: Transport endpoint is not connected
srun: error: slurm_receive_msg[10.26.24.30]: Transport endpoint is not connected
srun: error: invalid type trying to be freed 65534
srun: error: slurm_receive_msg: Transport endpoint is not connected
srun: error: slurm_receive_msg[10.26.24.30]: Transport endpoint is not connected
srun: error: invalid type trying to be freed 65534
    96        2910           2016.8              1           3.53  
    97        2940          2016.77              1            4.1  
srun: error: slurm_receive_msg: Transport endpoint is not connected
srun: error: slurm_receive_msg[10.26.24.30]: Transport endpoint is not connected
srun: error: invalid type trying to be freed 65534
    98        2970          2016.74              1           3.76  
    99        3000          2016.73              1           2.88  
                                                        First-order 
 Iteration  Func-count       f(x)        Step-size       optimality
   100        3030          2016.72              1           1.97  
srun: error: slurm_receive_msg: Transport endpoint is not connected
srun: error: slurm_receive_msg[10.26.24.30]: Transport endpoint is not connected
srun: error: invalid type trying to be freed 65534
   101        3060          2016.72              1           1.84  
srun: error: slurm_receive_msg: Transport endpoint is not connected
srun: error: slurm_receive_msg[10.26.24.30]: Transport endpoint is not connected
srun: error: invalid type trying to be freed 65534
   102        3090          2016.71              1           1.73  
   103        3120           2016.7              1           2.23  
   104        3150          2016.69              1           2.27  
   105        3180          2016.68              1           1.92  
srun: error: slurm_receive_msg: Transport endpoint is not connected
srun: error: slurm_receive_msg[10.26.24.30]: Transport endpoint is not connected
srun: error: invalid type trying to be freed 65534
   106        3210          2016.67              1           1.13  
   107        3240          2016.67              1           1.14  
   108        3270          2016.67              1           1.12  
   109        3300          2016.67              1           1.08  
   110        3330          2016.66              1           1.48  
   111        3360          2016.65              1           2.14  
   112        3390          2016.64              1           1.86  
   113        3420          2016.63              1          0.778  
   114        3450          2016.63              1          0.666  
   115        3480          2016.63              1          0.661  
   116        3510          2016.63              1          0.643  
   117        3540          2016.63              1          0.634  
   118        3570          2016.62              1          0.993  
srun: error: slurm_receive_msg: Transport endpoint is not connected
srun: error: slurm_receive_msg[10.26.24.30]: Transport endpoint is not connected
srun: error: invalid type trying to be freed 65534
   119        3600          2016.62              1           1.18  
                                                        First-order 
 Iteration  Func-count       f(x)        Step-size       optimality
   120        3630          2016.62              1          0.871  
   121        3660          2016.61              1          0.783  
   122        3690          2016.61              1          0.661  
   123        3720          2016.61              1          0.596  
   124        3750          2016.61              1          0.498  
   125        3780          2016.61              1          0.524  
   126        3810          2016.61              1          0.618  
   127        3840          2016.61              1           0.55  
   128        3870          2016.61              1          0.547  
srun: error: slurm_receive_msg: Insane message length
srun: error: slurm_receive_msg[10.26.24.30]: Insane message length
srun: error: invalid type trying to be freed 65534
   129        3900          2016.61              1          0.522  
   130        3930          2016.61              1          0.542  
   131        3960           2016.6              1          0.562  
   132        3990           2016.6              1          0.573  
   133        4020           2016.6              1          0.553  
   134        4050           2016.6              1          0.681  
   135        4080          2016.59              1           0.66  
srun: error: slurm_receive_msg: Insane message length
srun: error: slurm_receive_msg[10.26.24.30]: Insane message length
srun: error: invalid type trying to be freed 65534
   136        4110          2016.59              1          0.356  
   137        4140          2016.59              1          0.226  
   138        4170          2016.59              1          0.231  
   139        4200          2016.59              1          0.232  
                                                        First-order 
 Iteration  Func-count       f(x)        Step-size       optimality
   140        4230          2016.59              1          0.229  
   141        4260          2016.59              1          0.222  
   142        4290          2016.59              1          0.195  
   143        4320          2016.59              1          0.279  
   144        4350          2016.59              1          0.314  
   145        4380          2016.59              1          0.209  
   146        4410          2016.59              1          0.172  
   147        4440          2016.59              1          0.162  
   148        4470          2016.59              1          0.155  
   149        4500          2016.59              1          0.144  
   150        4530          2016.59              1          0.125  
   151        4560          2016.59              1          0.125  
   152        4590          2016.59              1          0.119  
   153        4620          2016.59              1          0.153  
   154        4650          2016.59              1          0.144  
   155        4680          2016.59              1         0.0752  
   156        4710          2016.59              1         0.0338  
   157        4740          2016.59              1         0.0345  
   158        4770          2016.59              1         0.0345  
   159        4800          2016.59              1         0.0343  
                                                        First-order 
 Iteration  Func-count       f(x)        Step-size       optimality
   160        4830          2016.59              1         0.0346  
   161        4860          2016.59              1         0.0354  
   162        4890          2016.59              1          0.036  
   163        4920          2016.59              1         0.0358  
   164        4950          2016.59              1         0.0328  
   165        4980          2016.58              1         0.0283  
   166        5010          2016.58              1          0.021  
   167        5040          2016.58              1         0.0219  
   168        5070          2016.58              1         0.0199  
   169        5100          2016.58              1         0.0192  
   170        5130          2016.58              1         0.0188  
   171        5160          2016.58              1         0.0186  
   172        5190          2016.58              1         0.0143  
   173        5220          2016.58              1         0.0132  
   174        5250          2016.58              1         0.0131  
   175        5280          2016.58              1         0.0106  
   176        5310          2016.58              1        0.00665  
   177        5340          2016.58              1        0.00335  
   178        5370          2016.58              1        0.00275  
   179        5400          2016.58              1        0.00264  
                                                        First-order 
 Iteration  Func-count       f(x)        Step-size       optimality
   180        5460          2016.58       0.407456        0.00257  
   181        5520          2016.58            0.5        0.00251  
   182        5580          2016.58       0.171356        0.00251  
   183        5610          2016.58              1        0.00248  
   184        5670          2016.58       0.164777        0.00263  
   185        5700          2016.58              1        0.00267  
   186        5730          2016.58              1        0.00246  
   187        5760          2016.58              1        0.00246  
   188        5820          2016.58            0.5        0.00248  
   189        5850          2016.58              1        0.00229  
   190        5880          2016.58              1        0.00253  
   191        5910          2016.58              1        0.00388  
   192        5940          2016.58              1        0.00246  
   193        5970          2016.58              1        0.00954  
   194        6000          2016.58              1        0.00635  
   195        6030          2016.58              1        0.00937  
srun: error: unpackmem: Buffer to be unpacked is too large (1691167132 > 1073741824)
srun: error: unpack error in io_init_msg_unpack
srun: error: Invalid IO init header version
   196        6060          2016.58              1        0.00494  
   197        6090          2016.58              1        0.00259  
   198        6120          2016.58              1        0.00186  
   199        6150          2016.58              1        0.00375  
                                                        First-order 
 Iteration  Func-count       f(x)        Step-size       optimality
   200        6180          2016.58              1        0.00156  
srun: error: unpackmem: Buffer to be unpacked is too large (1508779701 > 1073741824)
srun: error: unpack error in io_init_msg_unpack
srun: error: Invalid IO init header version
srun: error: io_init_msg_read too small
srun: error: failed reading io init message
srun: error: unpack error in io_init_msg_unpack
srun: error: Invalid IO init header version
srun: error: unpack error in io_init_msg_unpack
srun: error: Invalid IO init header version
srun: error: unpack error in io_init_msg_unpack
srun: error: Invalid IO init header version
   201        6210          2016.58              1       0.000843  
   202        6240          2016.58              1       0.000397  
   203        6270          2016.58              1       0.000641  
   204        6330          2016.58        0.22609       0.000565  
   205        6390          2016.58       0.264407       0.000687  

Local minimum possible.

fminunc stopped because it cannot decrease the objective function
along the current search direction.




Computing finite-difference Hessian using objective function.
srun: error: unpack error in io_init_msg_unpack
srun: error: Invalid IO init header version
srun: error: unpack error in io_init_msg_unpack
srun: error: Invalid IO init header version
srun: error: unpack error in io_init_msg_unpack
srun: error: Invalid IO init header version
srun: error: io_init_msg_read too small
srun: error: failed reading io init message
Predicted change in objective function too small.
Current draw: 1000 of 5000
srun: error: slurm_receive_msg: Transport endpoint is not connected
srun: error: slurm_receive_msg[10.26.24.30]: Transport endpoint is not connected
srun: error: invalid type trying to be freed 65534
srun: error: slurm_receive_msg: Transport endpoint is not connected
srun: error: slurm_receive_msg[10.26.24.30]: Transport endpoint is not connected
srun: error: invalid type trying to be freed 65534
srun: error: slurm_receive_msg: Transport endpoint is not connected
srun: error: slurm_receive_msg[10.26.24.30]: Transport endpoint is not connected
srun: error: invalid type trying to be freed 65534
srun: error: slurm_receive_msg: Transport endpoint is not connected
srun: error: slurm_receive_msg[10.26.24.30]: Transport endpoint is not connected
srun: error: invalid type trying to be freed 65534
srun: error: slurm_receive_msg: Transport endpoint is not connected
srun: error: slurm_receive_msg[10.26.24.30]: Transport endpoint is not connected
srun: error: invalid type trying to be freed 65534
srun: error: slurm_receive_msg: Transport endpoint is not connected
srun: error: slurm_receive_msg[10.26.24.30]: Transport endpoint is not connected
srun: error: invalid type trying to be freed 65534
srun: error: slurm_receive_msg: Transport endpoint is not connected
srun: error: slurm_receive_msg[10.26.24.30]: Transport endpoint is not connected
srun: error: invalid type trying to be freed 65534
Current draw: 2000 of 5000
srun: error: slurm_receive_msg: Transport endpoint is not connected
srun: error: slurm_receive_msg[10.26.24.30]: Transport endpoint is not connected
srun: error: invalid type trying to be freed 65534
srun: error: slurm_receive_msg: Insane message length
srun: error: slurm_receive_msg[10.26.24.30]: Insane message length
srun: error: invalid type trying to be freed 65534
srun: error: slurm_receive_msg: Insane message length
srun: error: slurm_receive_msg[10.26.24.30]: Insane message length
srun: error: invalid type trying to be freed 65534
srun: error: unpackmem_xmalloc: Buffer to be unpacked is too large (1684369920 > 1073741824)
srun: error: unpacking header
srun: error: destroy_forward: no init
srun: error: slurm_receive_msg: Message receive failure
srun: error: slurm_receive_msg[10.26.24.30]: Message receive failure
srun: error: invalid type trying to be freed 65534
srun: error: slurm_receive_msg: Insane message length
srun: error: slurm_receive_msg[10.26.24.30]: Insane message length
srun: error: invalid type trying to be freed 65534
srun: error: unpackmem_xmalloc: Buffer to be unpacked is too large (1885828912 > 1073741824)
srun: error: unpacking header
srun: error: destroy_forward: no init
srun: error: slurm_receive_msg: Message receive failure
srun: error: slurm_receive_msg[10.26.24.30]: Message receive failure
srun: error: invalid type trying to be freed 65534
srun: error: slurm_receive_msg: Insane message length
srun: error: slurm_receive_msg[10.26.24.30]: Insane message length
srun: error: invalid type trying to be freed 65534
srun: error: io_init_msg_read too small
srun: error: failed reading io init message
srun: error: slurm_receive_msg: Insane message length
srun: error: slurm_receive_msg[10.26.24.30]: Insane message length
srun: error: invalid type trying to be freed 65534
Current draw: 3000 of 5000
srun: error: unpackmem: Buffer to be unpacked is too large (1951163745 > 1073741824)
srun: error: unpack error in io_init_msg_unpack
srun: error: Invalid IO init header version
srun: error: io_init_msg_read too small
srun: error: failed reading io init message
srun: error: unpackmem: Buffer to be unpacked is too large (1935765607 > 1073741824)
srun: error: unpack error in io_init_msg_unpack
srun: error: Invalid IO init header version
srun: error: slurm_receive_msg: Transport endpoint is not connected
srun: error: slurm_receive_msg[10.26.24.30]: Transport endpoint is not connected
srun: error: invalid type trying to be freed 65534
srun: error: unpackmem_xmalloc: Buffer to be unpacked is too large (1684369920 > 1073741824)
srun: error: unpacking header
srun: error: destroy_forward: no init
srun: error: slurm_receive_msg: Message receive failure
srun: error: slurm_receive_msg[10.26.24.30]: Message receive failure
srun: error: invalid type trying to be freed 65534
srun: error: slurm_receive_msg: Insane message length
srun: error: slurm_receive_msg[10.26.24.30]: Insane message length
srun: error: invalid type trying to be freed 65534
srun: error: unpackmem_xmalloc: Buffer to be unpacked is too large (1885828912 > 1073741824)
srun: error: unpacking header
srun: error: destroy_forward: no init
srun: error: slurm_receive_msg: Message receive failure
srun: error: slurm_receive_msg[10.26.24.30]: Message receive failure
srun: error: invalid type trying to be freed 65534
Current draw: 4000 of 5000
srun: error: slurm_receive_msg: Insane message length
srun: error: slurm_receive_msg[10.26.24.30]: Insane message length
srun: error: invalid type trying to be freed 65534
srun: error: slurm_receive_msg: Insane message length
srun: error: slurm_receive_msg[10.26.24.30]: Insane message length
srun: error: invalid type trying to be freed 65534
srun: error: unpack error in io_init_msg_unpack
srun: error: Invalid IO init header version
Current draw: 5000 of 5000
Elapsed time is 985.927222 seconds.
Ran Forecast Type 2for Model 102 and Horizon 12
Performing iteration ending on 2016M9 of model 103
Warning: This should be expanded with the country names in case of panel
> In abstvar/abstvar/check_inputs
  In abstvar
  In svar
  In scriptEstimateMode_FULL (line 96)
  In run (line 86)
  In msreg_2reg_endoprob_SVAR_FULL_OOS (line 231)
  In OOS_slurm_IF (line 4)
    'c(3,1,sync,1)>=c(3,1,sync,2)'
    'a0(1,GDPG,sync,1)=0'
    'a0(2,GDPG,sync,1)=0'
    'a0(1,MF,sync,1)=0'
    'a0(1,GDPG,sync,2)=0'
    'a0(2,GDPG,sync,2)=0'
    'a0(1,MF,sync,2)=0'
    'a1(3,GDPG)=0'

 parameter: A12, density:NORMAL, hyperparameters: [0.5 0.5],convergence 0
 parameter: A21, density:NORMAL, hyperparameters: [0.5 0.5],convergence 0
 parameter: B12, density:GAMMA, hyperparameters: [4 0.125],convergence 0
 parameter: C12, density:GAMMA, hyperparameters: [4 0.125],convergence 0
 parameter: B21, density:GAMMA, hyperparameters: [4 0.125],convergence 0
 parameter: C21, density:GAMMA, hyperparameters: [4 0.125],convergence 0
                                                        First-order 
 Iteration  Func-count       f(x)        Step-size       optimality
     0          30          15049.2                      2.29e+04
     1          60          3825.68    4.37561e-05       2.12e+03  
     2          90          3300.95              1       1.54e+03  
     3         120          2638.91              1            608  
     4         150          2486.07              1            285  
     5         180          2438.24              1            221  
     6         210          2425.67              1            232  
     7         240          2415.99              1            224  
     8         270          2401.16              1            189  
     9         300          2382.61              1            143  
    10         330          2366.04              1            183  
    11         360          2359.13              1            190  
    12         390          2354.29              1            149  
    13         420          2345.57              1           77.2  
    14         450          2340.96              1           76.9  
srun: error: slurm_receive_msg: Transport endpoint is not connected
srun: error: slurm_receive_msg[10.26.24.30]: Transport endpoint is not connected
srun: error: invalid type trying to be freed 65534
    15         480          2338.41              1           86.5  
srun: error: slurm_receive_msg: Insane message length
srun: error: slurm_receive_msg[10.26.24.30]: Insane message length
srun: error: invalid type trying to be freed 65534
    16         510          2335.12              1           90.1  
srun: error: slurm_receive_msg: Insane message length
srun: error: slurm_receive_msg[10.26.24.30]: Insane message length
srun: error: invalid type trying to be freed 65534
    17         540          2329.33              1            109  
    18         570          2319.81              1            141  
    19         600           2312.5              1            104  
                                                        First-order 
 Iteration  Func-count       f(x)        Step-size       optimality
    20         630          2308.79              1           59.6  
    21         660          2307.23              1           59.6  
    22         690          2306.06              1           55.3  
    23         720          2302.57              1           81.7  
    24         750          2295.86              1            127  
    25         780          2285.43              1            141  
    26         810          2276.85              1           92.5  
    27         840          2272.22              1            104  
    28         870           2270.3              1            100  
    29         900          2268.06              1             86  
    30         930          2263.53              1           90.9  
    31         960          2256.84              1            102  
    32         990          2250.87              1             68  
    33        1020          2248.65              1           39.3  
    34        1050             2248              1           30.4  
    35        1080          2247.43              1           29.4  
srun: error: unpack error in io_init_msg_unpack
srun: error: Invalid IO init header version
srun: error: unpackmem: Buffer to be unpacked is too large (1681731632 > 1073741824)
srun: error: unpack error in io_init_msg_unpack
srun: error: Invalid IO init header version
    36        1110          2246.02              1           44.9  
    37        1140          2243.67              1             59  
    38        1170          2240.84              1             50  
    39        1200          2239.14              1           32.4  
                                                        First-order 
 Iteration  Func-count       f(x)        Step-size       optimality
    40        1230           2238.6              1             32  
srun: error: slurm_receive_msg: Transport endpoint is not connected
srun: error: slurm_receive_msg[10.26.24.30]: Transport endpoint is not connected
srun: error: invalid type trying to be freed 65534
    41        1260          2238.33              1           29.2  
    42        1290          2237.85              1           22.3  
    43        1320          2237.15              1           27.2  
    44        1350          2236.41              1           22.3  
    45        1380          2235.97              1           20.7  
    46        1410          2235.76              1           20.7  
    47        1440           2235.5              1           21.2  
    48        1470          2234.88              1           21.8  
    49        1500           2233.6              1           40.1  
    50        1530          2231.52              1           56.6  
    51        1560          2229.51              1             57  
    52        1590          2228.44              1           41.5  
    53        1620          2228.04              1           26.2  
    54        1650          2227.73              1           21.8  
    55        1680          2227.05              1           20.3  
    56        1710          2225.93              1           30.1  
    57        1740          2224.65              1           46.3  
    58        1770           2223.9              1           41.5  
    59        1800           2223.5              1           38.8  
                                                        First-order 
 Iteration  Func-count       f(x)        Step-size       optimality
    60        1830          2222.97              1           39.5  
    61        1860           2221.9              1           35.5  
    62        1890          2220.08              1           30.8  
    63        1920          2218.04              1           39.6  
    64        1950          2216.85              1           27.5  
    65        1980          2216.48              1           27.8  
    66        2010          2216.27              1           27.3  
    67        2040          2215.81              1           24.6  
srun: error: slurm_receive_msg: Insane message length
srun: error: slurm_receive_msg[10.26.24.30]: Insane message length
srun: error: invalid type trying to be freed 65534
    68        2070          2214.94              1           26.2  
    69        2100          2213.54              1           36.9  
srun: error: slurm_receive_msg: Transport endpoint is not connected
srun: error: slurm_receive_msg[10.26.24.30]: Transport endpoint is not connected
srun: error: invalid type trying to be freed 65534
    70        2130          2212.24              1           29.9  
srun: error: unpackmem: Buffer to be unpacked is too large (3819704509 > 1073741824)
srun: error: unpack error in io_init_msg_unpack
srun: error: Invalid IO init header version
    71        2160          2211.66              1           12.1  
    72        2190          2211.55              1           12.8  
    73        2220          2211.49              1           12.9  
    74        2250          2211.32              1           12.3  
    75        2280          2210.99              1           20.3  
    76        2310          2210.41              1           25.2  
    77        2340          2209.83              1           19.1  
    78        2370          2209.54              1           11.9  
    79        2400          2209.46              1           11.7  
                                                        First-order 
 Iteration  Func-count       f(x)        Step-size       optimality
    80        2430          2209.43              1           11.1  
    81        2460          2209.34              1           9.64  
    82        2490          2209.13              1           14.1  
    83        2520          2208.69              1           19.7  
    84        2550          2207.98              1             21  
    85        2580          2207.32              1           15.7  
    86        2610          2207.05              1           16.6  
    87        2640          2206.98              1           15.2  
    88        2670          2206.94              1           13.8  
    89        2700          2206.82              1           10.3  
    90        2730          2206.61              1           10.8  
    91        2760          2206.25              1           12.1  
    92        2790          2205.91              1           14.2  
    93        2820          2205.74              1           16.1  
    94        2850          2205.67              1           14.6  
    95        2880          2205.58              1           12.1  
    96        2910          2205.37              1           12.6  
    97        2940           2204.9              1           13.7  
    98        2970          2203.95              1           20.9  
    99        3000          2202.75              1           25.2  
                                                        First-order 
 Iteration  Func-count       f(x)        Step-size       optimality
   100        3030          2202.03              1           21.4  
   101        3060           2201.6              1           18.4  
   102        3090          2201.47              1           17.9  
   103        3120          2201.26              1             17  
   104        3150          2200.68              1           18.6  
   105        3180          2199.54              1           32.5  
   106        3210          2197.89              1           36.2  
   107        3240          2196.34              1           24.7  
   108        3270          2195.56              1           11.6  
   109        3300          2195.09              1           15.6  
   110        3330          2194.98              1           9.14  
   111        3360          2194.95              1           7.39  
   112        3390           2194.9              1           7.53  
srun: error: slurm_receive_msg: Transport endpoint is not connected
srun: error: slurm_receive_msg[10.26.24.30]: Transport endpoint is not connected
srun: error: invalid type trying to be freed 65534
   113        3420          2194.78              1           12.3  
   114        3450          2194.59              1           20.6  
   115        3480          2194.26              1           26.9  
   116        3510          2193.95              1             21  
   117        3540           2193.8              1            7.2  
   118        3570          2193.77              1            6.2  
   119        3600          2193.76              1            6.2  
                                                        First-order 
 Iteration  Func-count       f(x)        Step-size       optimality
   120        3630          2193.74              1           6.19  
   121        3660          2193.68              1           7.65  
   122        3690          2193.55              1           11.1  
   123        3720          2193.24              1           16.3  
   124        3750          2192.65              1             19  
   125        3780          2191.85              1           17.7  
   126        3810          2191.18              1           9.47  
   127        3840             2191              1           4.41  
   128        3870          2190.99              1           3.99  
   129        3900          2190.99              1           3.95  
   130        3930          2190.98              1           3.76  
   131        3960          2190.97              1           3.53  
   132        3990          2190.93              1           5.76  
   133        4020          2190.83              1           8.95  
   134        4050          2190.61              1           12.4  
   135        4080          2190.28              1           13.3  
   136        4110          2189.98              1           8.74  
   137        4140          2189.88              1           2.58  
   138        4170          2189.87              1           1.64  
   139        4200          2189.87              1           1.65  
                                                        First-order 
 Iteration  Func-count       f(x)        Step-size       optimality
   140        4230          2189.87              1           1.66  
   141        4260          2189.87              1           1.65  
   142        4290          2189.86              1           1.61  
   143        4320          2189.85              1           1.83  
   144        4350          2189.82              1           2.64  
   145        4380          2189.78              1           2.77  
   146        4410          2189.75              1           1.81  
   147        4440          2189.74              1            1.5  
   148        4470          2189.74              1           1.51  
   149        4500          2189.74              1            1.5  
   150        4530          2189.74              1           1.48  
   151        4560          2189.73              1           1.44  
   152        4590          2189.73              1           1.35  
   153        4620          2189.71              1           1.78  
   154        4650          2189.69              1           2.51  
   155        4680          2189.64              1           3.04  
   156        4710          2189.59              1           2.23  
   157        4740          2189.57              1          0.948  
   158        4770          2189.56              1           0.78  
   159        4800          2189.56              1          0.804  
                                                        First-order 
 Iteration  Func-count       f(x)        Step-size       optimality
   160        4830          2189.56              1          0.806  
   161        4860          2189.56              1          0.811  
   162        4890          2189.56              1          0.815  
   163        4920          2189.56              1          0.817  
   164        4950          2189.55              1          0.794  
   165        4980          2189.54              1           1.21  
   166        5010          2189.51              1           1.59  
   167        5040          2189.47              1           1.57  
   168        5070          2189.38              1           4.68  
   169        5160          2189.35           0.05           7.21  
   170        5190          2189.27              1            7.8  
   171        5220          2189.11              1           8.18  
   172        5250          2189.05              1           5.79  
   173        5280          2188.94              1           2.92  
   174        5310          2188.91              1           2.02  
   175        5340           2188.9              1           1.96  
   176        5370           2188.9              1              2  
   177        5400           2188.9              1           2.02  
   178        5430           2188.9              1              2  
   179        5460          2188.89              1              2  
                                                        First-order 
 Iteration  Func-count       f(x)        Step-size       optimality
   180        5490          2188.88              1           2.97  
   181        5520          2188.85              1           4.93  
   182        5550          2188.79              1            8.4  
   183        5580          2188.67              1           9.99  
   184        5610          2188.51              1           10.9  
   185        5640          2188.38              1           4.28  
   186        5670          2188.33              1           1.69  
   187        5700          2188.33              1          0.571  
   188        5730          2188.33              1          0.568  
   189        5760          2188.33              1          0.567  
   190        5790          2188.33              1          0.566  
   191        5820          2188.33              1          0.564  
   192        5850          2188.33              1          0.828  
   193        5880          2188.32              1            1.4  
   194        5910          2188.32              1           2.13  
   195        5940          2188.32              1            3.1  
   196        5970          2188.31              1           4.13  
   197        6000          2188.29              1           4.53  
   198        6030          2188.27              1           3.35  
   199        6060          2188.25              1           1.21  
                                                        First-order 
 Iteration  Func-count       f(x)        Step-size       optimality
   200        6090          2188.25              1          0.141  
   201        6120          2188.25              1         0.0983  
   202        6150          2188.25              1         0.0991  
   203        6180          2188.25              1         0.0994  
   204        6210          2188.25              1         0.0997  
   205        6240          2188.25              1         0.0998  
   206        6270          2188.25              1         0.0998  
   207        6300          2188.25              1          0.129  
   208        6330          2188.25              1          0.213  
   209        6360          2188.25              1          0.335  
   210        6390          2188.25              1          0.477  
   211        6420          2188.25              1          0.548  
   212        6450          2188.25              1           0.42  
   213        6480          2188.25              1          0.158  
   214        6510          2188.25              1         0.0201  
   215        6540          2188.25              1        0.00279  
   216        6570          2188.25              1        0.00273  
   217        6630          2188.25       0.383214         0.0029  
   218        6690          2188.25       0.449863        0.00273  
   219        6720          2188.25              1          0.003  
                                                        First-order 
 Iteration  Func-count       f(x)        Step-size       optimality
   220        6750          2188.25              1        0.00285  
   221        6780          2188.25              1        0.00291  
   222        6840          2188.25       0.214535        0.00277  
   223        6870          2188.25              1        0.00294  
   224        6900          2188.25              1        0.00259  
   225        6930          2188.25              1        0.00263  
   226        6960          2188.25              1        0.00604  
   227        6990          2188.25              1        0.00388  
   228        7020          2188.25              1        0.00247  
   229        7050          2188.25              1        0.00348  
   230        7080          2188.25              1        0.00415  
   231        7110          2188.25              1        0.00354  
   232        7140          2188.25              1        0.00162  
   233        7170          2188.25              1         0.0015  
   234        7200          2188.25              1        0.00162  
   235        7230          2188.25              1        0.00143  
   236        7260          2188.25              1        0.00146  
   237        7290          2188.25              1         0.0015  
   238        7320          2188.25              1        0.00101  
   239        7380          2188.25       0.420387        0.00211  
                                                        First-order 
 Iteration  Func-count       f(x)        Step-size       optimality
   240        7410          2188.25              1        0.00177  
   241        7440          2188.25              1        0.00058  
   242        7470          2188.25              1       0.000519  
   243        7590          2188.25      0.0119922       0.000427  
   244        7650          2188.25       0.387762       0.000427  
   245        7680          2188.25              1       0.000214  

Local minimum found.

Optimization completed because the size of the gradient is less than
the selected value of the optimality tolerance.




Computing finite-difference Hessian using objective function.
First order optimality conditions satisfied.
Current draw: 1000 of 5000
Current draw: 2000 of 5000
Current draw: 3000 of 5000
Current draw: 4000 of 5000
Current draw: 5000 of 5000
Elapsed time is 1063.023398 seconds.
Ran Forecast Type 2for Model 103 and Horizon 12
Performing iteration ending on 2016M9 of model 104
Warning: This should be expanded with the country names in case of panel
> In abstvar/abstvar/check_inputs
  In abstvar
  In svar
  In scriptEstimateMode_FULL (line 96)
  In run (line 86)
  In msreg_2reg_endoprob_SVAR_FULL_OOS (line 231)
  In OOS_slurm_IF (line 4)
    'c(3,1,sync,1)>=c(3,1,sync,2)'
    'a0(1,GDPG)=0'
    'a0(1,MF)=0'
    'a0(2,GDPG)=0'
    'a1(3,GDPG,sync,1)=0'
    'a1(3,GDPG,sync,2)=0'

 parameter: A12, density:NORMAL, hyperparameters: [0.5 0.5],convergence 0
 parameter: A21, density:NORMAL, hyperparameters: [0.5 0.5],convergence 0
 parameter: B12, density:GAMMA, hyperparameters: [4 0.125],convergence 0
 parameter: C12, density:GAMMA, hyperparameters: [4 0.125],convergence 0
 parameter: B21, density:GAMMA, hyperparameters: [4 0.125],convergence 0
 parameter: C21, density:GAMMA, hyperparameters: [4 0.125],convergence 0
                                                        First-order 
 Iteration  Func-count       f(x)        Step-size       optimality
     0          35          15049.2                      2.29e+04
     1          70          3890.47    4.37561e-05       2.09e+03  
     2         105          3335.03              1       1.52e+03  
     3         140          2840.48              1            750  
     4         175          2663.21              1            441  
     5         210          2569.21              1            461  
     6         245          2528.83              1            406  
     7         280          2502.01              1            306  
     8         315          2475.22              1            269  
     9         350          2452.79              1            260  
    10         385           2436.6              1            261  
    11         420          2414.37              1            350  
    12         455          2393.29              1            285  
    13         490          2354.56              1            231  
    14         525          2336.13              1            189  
    15         560          2326.54              1            109  
    16         595          2322.98              1            110  
    17         630          2317.34              1            102  
    18         665          2313.85              1            120  
    19         700          2308.24              1            168  
                                                        First-order 
 Iteration  Func-count       f(x)        Step-size       optimality
    20         735          2301.52              1            154  
    21         770          2291.85              1            227  
    22         805          2282.82              1            252  
    23         840          2275.25              1            161  
    24         875          2269.94              1           98.3  
    25         910          2265.57              1           88.7  
    26         945           2260.6              1            148  
    27         980          2256.31              1            135  
    28        1015          2252.71              1             97  
    29        1050          2248.47              1            122  
    30        1085          2242.59              1            111  
    31        1120          2235.12              1            111  
    32        1190          2230.22       0.271263            149  
    33        1225          2226.61              1            103  
    34        1260          2221.55              1            115  
    35        1295          2218.32              1            123  
    36        1330           2199.4              1            210  
    37        1365          2189.73              1            141  
    38        1400          2176.59              1            123  
    39        1435          2173.83              1           90.2  
                                                        First-order 
 Iteration  Func-count       f(x)        Step-size       optimality
    40        1470          2171.72              1           71.2  
    41        1505          2168.75              1           64.7  
    42        1540          2166.14              1           77.6  
    43        1575           2163.6              1           80.6  
    44        1610          2161.44              1           62.8  
    45        1645           2159.3              1           75.7  
    46        1680          2156.96              1           75.6  
    47        1715          2154.22              1            106  
    48        1750           2151.5              1           92.2  
    49        1785          2149.28              1           65.2  
    50        1820          2148.15              1           29.7  
    51        1855          2147.59              1           32.9  
    52        1890          2147.07              1           35.8  
    53        1925          2146.38              1           35.1  
    54        1960           2145.2              1           42.8  
    55        1995          2143.69              1           30.9  
    56        2030          2142.62              1           25.6  
    57        2065          2142.24              1           20.5  
    58        2100          2142.04              1           19.9  
    59        2135           2141.7              1           22.7  
                                                        First-order 
 Iteration  Func-count       f(x)        Step-size       optimality
    60        2170          2140.92              1           24.8  
    61        2205          2139.71              1           27.7  
    62        2275          2139.02        0.47006           26.6  
    63        2380          2138.66           0.19           23.5  
    64        3605          2138.49      0.0878389            614  

Local minimum possible.

fminunc stopped because it cannot decrease the objective function
along the current search direction.




Computing finite-difference Hessian using objective function.
Predicted change in objective function too small.
Current draw: 1000 of 5000
Current draw: 2000 of 5000
Current draw: 3000 of 5000
Current draw: 4000 of 5000
Current draw: 5000 of 5000
Elapsed time is 774.003479 seconds.
Ran Forecast Type 2for Model 104 and Horizon 12
Performing iteration ending on 2016M9 of model 105
Warning: This should be expanded with the country names in case of panel
> In abstvar/abstvar/check_inputs
  In abstvar
  In svar
  In scriptEstimateMode_FULL (line 96)
  In run (line 86)
  In msreg_2reg_endoprob_SVAR_FULL_OOS (line 231)
  In OOS_slurm_IF (line 4)
    'c(3,1,sync,1)>=c(3,1,sync,2)'
    'a0(1,GDPG,sync,1)=0'
    'a0(2,GDPG,sync,1)=0'
    'a0(1,MF,sync,1)=0'
    'a0(1,GDPG,sync,2)=0'
    'a0(2,GDPG,sync,2)=0'
    'a0(1,MF,sync,2)=0'
    'a1(3,GDPG)=0'
    's(3,3,sync,1)<=s(3,3,sync,2)'

 parameter: A12, density:NORMAL, hyperparameters: [0.5 0.5],convergence 0
 parameter: A21, density:NORMAL, hyperparameters: [0.5 0.5],convergence 0
 parameter: B12, density:GAMMA, hyperparameters: [4 0.125],convergence 0
 parameter: C12, density:GAMMA, hyperparameters: [4 0.125],convergence 0
 parameter: B21, density:GAMMA, hyperparameters: [4 0.125],convergence 0
 parameter: C21, density:GAMMA, hyperparameters: [4 0.125],convergence 0
                                                        First-order 
 Iteration  Func-count       f(x)        Step-size       optimality
     0          33          15049.2                      1.37e+04
     1          66          3886.54     7.3074e-05       2.68e+03  
     2          99           3001.4              1       1.49e+03  
     3         132          2648.06              1            799  
     4         165           2362.8              1            302  
     5         198          2290.66              1            159  
     6         231          2269.89              1            155  
     7         264          2254.79              1            211  
     8         297          2226.83              1            257  
     9         330          2186.87              1            214  
    10         363          2164.45              1            197  
    11         396          2156.33              1            138  
    12         429          2143.02              1            106  
    13         462          2137.51              1            116  
    14         495          2123.22              1            181  
    15         528          2115.34              1            165  
    16         561          2103.92              1            138  
    17         594          2097.06              1            126  
    18         627          2093.95              1           95.3  
    19         660           2090.6              1           71.2  
                                                        First-order 
 Iteration  Func-count       f(x)        Step-size       optimality
    20         693          2086.23              1            116  
    21         726          2083.27              1           85.1  
    22         759          2081.81              1           52.8  
    23         792          2080.71              1             47  
    24         825          2078.51              1            117  
    25         858          2072.88              1            232  
    26         891          2065.04              1            286  
    27         924          2057.88              1            192  
    28         957          2054.77              1             69  
    29         990          2053.17              1           55.4  
    30        1023          2051.19              1            128  
    31        1056          2047.57              1            186  
    32        1089          2042.75              1            169  
    33        1122          2039.97              1           78.9  
    34        1155          2039.13              1           30.9  
    35        1188          2038.72              1           29.7  
    36        1221          2038.09              1           60.5  
    37        1254             2037              1             81  
    38        1287          2035.51              1             73  
    39        1320          2034.37              1             33  
                                                        First-order 
 Iteration  Func-count       f(x)        Step-size       optimality
    40        1353          2033.83              1           22.6  
    41        1386          2033.44              1           29.6  
    42        1419          2032.87              1           49.1  
    43        1452          2031.99              1           55.2  
    44        1485          2030.97              1           37.7  
    45        1518          2030.13              1           38.2  
    46        1551          2029.42              1           37.8  
    47        1584           2028.3              1           63.9  
    48        1617          2026.32              1           96.3  
    49        1650          2023.84              1           95.5  
    50        1683          2022.25              1           50.6  
    51        1716          2021.68              1           18.5  
    52        1749          2021.43              1           18.6  
    53        1782          2021.06              1           34.2  
    54        1815          2020.22              1             59  
    55        1914          2019.76       0.256625           63.2  
    56        2838          2019.35       0.101491            834  

Local minimum possible.

fminunc stopped because it cannot decrease the objective function
along the current search direction.




Computing finite-difference Hessian using objective function.
Predicted change in objective function too small.
Current draw: 1000 of 5000
Current draw: 2000 of 5000
Current draw: 3000 of 5000
Current draw: 4000 of 5000
Current draw: 5000 of 5000
Elapsed time is 707.816427 seconds.
Ran Forecast Type 2for Model 105 and Horizon 12
Performing iteration ending on 2016M9 of model 106
Warning: This should be expanded with the country names in case of panel
> In abstvar/abstvar/check_inputs
  In abstvar
  In svar
  In scriptEstimateMode_FULL (line 96)
  In run (line 86)
  In msreg_2reg_endoprob_SVAR_FULL_OOS (line 231)
  In OOS_slurm_IF (line 4)
    'c(3,1,sync,1)>=c(3,1,sync,2)'
    'a0(1,GDPG)=0'
    'a0(1,MF)=0'
    'a0(2,GDPG)=0'
    'a1(3,GDPG,sync,1)=0'
    'a1(3,GDPG,sync,2)=0'
    's(3,3,sync,1)<=s(3,3,sync,2)'

 parameter: A12, density:NORMAL, hyperparameters: [0.5 0.5],convergence 0
 parameter: A21, density:NORMAL, hyperparameters: [0.5 0.5],convergence 0
 parameter: B12, density:GAMMA, hyperparameters: [4 0.125],convergence 0
 parameter: C12, density:GAMMA, hyperparameters: [4 0.125],convergence 0
 parameter: B21, density:GAMMA, hyperparameters: [4 0.125],convergence 0
 parameter: C21, density:GAMMA, hyperparameters: [4 0.125],convergence 0
                                                        First-order 
 Iteration  Func-count       f(x)        Step-size       optimality
     0          38          15049.2                      1.37e+04
     1          76          3705.36     7.3074e-05       1.79e+03  
     2         114          3141.83              1        1.2e+03  
     3         152          2573.12              1            431  
     4         190          2422.43              1            279  
     5         228          2343.89              1            254  
     6         266          2313.51              1            211  
     7         304          2294.11              1            155  
     8         342          2274.96              1            150  
     9         380          2252.17              1            156  
    10         418          2221.23              1            248  
    11         456          2193.05              1            322  
    12         494          2177.17              1            273  
    13         532          2129.56              1            242  
    14         570          2118.59              1            167  
    15         608          2102.03              1            148  
    16         646          2089.15              1            189  
    17         684          2082.11              1           93.4  
    18         722          2078.17              1            143  
    19         760          2072.37              1            137  
                                                        First-order 
 Iteration  Func-count       f(x)        Step-size       optimality
    20         798          2065.81              1            121  
    21         836          2059.72              1            130  
    22         874          2055.15              1           82.9  
    23         912          2052.17              1           46.4  
    24         950          2050.96              1           49.3  
    25         988          2049.35              1           60.9  
    26        1026          2046.23              1           87.3  
    27        1064           2041.5              1            130  
    28        1102          2034.39              1            198  
    29        1140          2026.77              1            180  
    30        1178          2021.89              1           75.5  
    31        1216          2020.17              1             49  
    32        1254          2019.16              1           35.8  
    33        1292          2017.44              1           65.8  
    34        1330          2015.59              1           64.2  
    35        1368          2013.57              1           84.9  
    36        1406          2011.68              1           76.8  
    37        1444          2010.62              1           36.4  
    38        1482          2010.32              1           14.2  
    39        1520          2010.22              1           10.4  
                                                        First-order 
 Iteration  Func-count       f(x)        Step-size       optimality
    40        1558          2010.14              1           11.5  
    41        1596          2010.03              1           18.9  
    42        1634           2009.9              1             21  
    43        1672          2009.79              1           11.6  
    44        1710          2009.72              1           11.6  
    45        1748          2009.65              1           14.1  
    46        1786          2009.55              1           25.8  
    47        1824          2009.39              1           31.7  
    48        1862          2009.23              1           23.7  
    49        1900          2009.16              1            7.5  
    50        1938          2009.13              1           6.46  
    51        1976          2009.11              1           8.09  
    52        2014          2009.06              1             14  
    53        2052          2008.99              1           17.5  
    54        2090           2008.9              1           14.1  
    55        2128          2008.83              1           5.64  
    56        2166          2008.81              1           4.46  
    57        2204          2008.79              1           4.84  
    58        2242          2008.75              1           7.01  
    59        2280          2008.69              1            7.5  
                                                        First-order 
 Iteration  Func-count       f(x)        Step-size       optimality
    60        2356          2008.63            0.5           7.06  
    61        2470          2008.59           0.19           6.47  
    62        4864          2008.58      0.0390078          1e+03  

Local minimum possible.

fminunc stopped because it cannot decrease the objective function
along the current search direction.




Computing finite-difference Hessian using objective function.
Predicted change in objective function too small.
Current draw: 1000 of 5000
Current draw: 2000 of 5000
Current draw: 3000 of 5000
Current draw: 4000 of 5000
Current draw: 5000 of 5000
Elapsed time is 875.643536 seconds.
Ran Forecast Type 2for Model 106 and Horizon 12
Performing iteration ending on 2016M9 of model 107
Warning: This should be expanded with the country names in case of panel
> In abstvar/abstvar/check_inputs
  In abstvar
  In svar
  In scriptEstimateMode_FULL (line 96)
  In run (line 86)
  In msreg_2reg_endoprob_SVAR_FULL_OOS (line 231)
  In OOS_slurm_IF (line 4)
    'c(3,1,sync,1)>=c(3,1,sync,2)'
    'a0(1,GDPG,sync,1)=0'
    'a0(2,GDPG,sync,1)=0'
    'a0(1,MF,sync,1)=0'
    'a0(1,GDPG,sync,2)=0'
    'a0(2,GDPG,sync,2)=0'
    'a0(1,MF,sync,2)=0'
    'a1(3,GDPG,sync,1)=0'
    'a1(3,GDPG,sync,2)=0'
    's(3,3,sync,1)<=s(3,3,sync,2)'

 parameter: A12, density:NORMAL, hyperparameters: [0.5 0.5],convergence 0
 parameter: A21, density:NORMAL, hyperparameters: [0.5 0.5],convergence 0
 parameter: B12, density:GAMMA, hyperparameters: [4 0.125],convergence 0
 parameter: C12, density:GAMMA, hyperparameters: [4 0.125],convergence 0
 parameter: B21, density:GAMMA, hyperparameters: [4 0.125],convergence 0
 parameter: C21, density:GAMMA, hyperparameters: [4 0.125],convergence 0
                                                        First-order 
 Iteration  Func-count       f(x)        Step-size       optimality
     0          41          15049.2                      1.37e+04
     1          82          3754.11     7.3074e-05       1.88e+03  
     2         123          3165.87              1       1.23e+03  
     3         164          2586.78              1            430  
     4         205          2437.48              1            266  
     5         246          2363.41              1            243  
     6         287          2334.61              1            205  
     7         328          2315.32              1            156  
     8         369          2296.63              1            147  
     9         410          2275.66              1            148  
    10         451          2246.01              1            230  
    11         492          2220.14              1            277  
    12         533          2203.09              1            251  
    13         574          2164.35              1            290  
    14         615          2150.84              1            160  
    15         656          2133.07              1            143  
    16         697          2118.23              1            179  
    17         738           2108.9              1            141  
    18         779          2104.81              1            117  
    19         820          2100.46              1            125  
                                                        First-order 
 Iteration  Func-count       f(x)        Step-size       optimality
    20         861          2093.23              1            152  
    21         902          2086.73              1           84.4  
    22         943          2082.51              1           67.6  
    23         984          2080.01              1           82.7  
    24        1025          2077.87              1           57.9  
    25        1066          2076.33              1           51.3  
    26        1107           2073.9              1           53.6  
    27        1148          2071.67              1           93.1  
    28        1189          2068.35              1           91.4  
    29        1230             2063              1            123  
    30        1271           2055.5              1            110  
    31        1312          2047.38              1            108  
    32        1353          2041.31              1             79  
    33        1394          2037.63              1           62.3  
    34        1435          2034.56              1           44.7  
    35        1476          2032.04              1           56.1  
    36        1517          2029.12              1           72.9  
    37        1558          2025.88              1           55.7  
    38        1599          2023.13              1           53.5  
    39        1640          2020.76              1           43.4  
                                                        First-order 
 Iteration  Func-count       f(x)        Step-size       optimality
    40        1681          2018.48              1           63.8  
    41        1722          2016.96              1           51.6  
    42        1763          2016.26              1           22.2  
    43        1804          2015.98              1           16.6  
    44        2091          2015.92        0.22025             16  
    45        2788          2015.92     0.00905113            745  
    46        4141          2015.92    2.96368e-09          1e+03  

Local minimum possible.

fminunc stopped because the size of the current step is less than
the selected value of the step size tolerance.




Local minimum possible.

fminunc stopped because it cannot decrease the objective function
along the current search direction.




Computing finite-difference Hessian using objective function.
Predicted change in objective function too small.
Current draw: 1000 of 5000
Current draw: 2000 of 5000
Current draw: 3000 of 5000
Current draw: 4000 of 5000
Current draw: 5000 of 5000
Elapsed time is 832.414852 seconds.
Ran Forecast Type 2for Model 107 and Horizon 12
Performing iteration ending on 2016M9 of model 108
Warning: This should be expanded with the country names in case of panel
> In abstvar/abstvar/check_inputs
  In abstvar
  In svar
  In scriptEstimateMode_FULL (line 96)
  In run (line 86)
  In msreg_2reg_endoprob_SVAR_FULL_OOS (line 231)
  In OOS_slurm_IF (line 4)
    'c(3,1,sync,1)>=c(3,1,sync,2)'
    'a0(1,GDPG)=0'
    'a0(1,MF)=0'
    'a0(2,GDPG)=0'
    'a1(3,GDPG)=0'
    's(3,3,sync,1)<=s(3,3,sync,2)'

 parameter: A12, density:NORMAL, hyperparameters: [0.5 0.5],convergence 0
 parameter: A21, density:NORMAL, hyperparameters: [0.5 0.5],convergence 0
 parameter: B12, density:GAMMA, hyperparameters: [4 0.125],convergence 0
 parameter: C12, density:GAMMA, hyperparameters: [4 0.125],convergence 0
 parameter: B21, density:GAMMA, hyperparameters: [4 0.125],convergence 0
 parameter: C21, density:GAMMA, hyperparameters: [4 0.125],convergence 0
                                                        First-order 
 Iteration  Func-count       f(x)        Step-size       optimality
     0          28          15049.2                      1.37e+04
     1          56          3787.92     7.3074e-05       2.63e+03  
     2          84          3024.09              1       1.47e+03  
     3         112          2716.12              1            728  
     4         140          2486.35              1            368  
     5         168          2402.62              1            233  
     6         196          2376.93              1            243  
     7         224          2365.22              1            224  
     8         252          2349.84              1            175  
     9         280          2328.77              1            202  
    10         308          2310.62              1            137  
    11         336          2304.29              1           96.5  
    12         364          2301.64              1           53.6  
    13         392          2299.25              1           43.7  
    14         420          2296.42              1           96.8  
    15         448          2292.47              1            133  
    16         476          2286.38              1            135  
    17         504          2279.57              1           95.5  
    18         532          2275.03              1           63.6  
    19         560          2272.75              1           65.4  
                                                        First-order 
 Iteration  Func-count       f(x)        Step-size       optimality
    20         588          2270.73              1           63.8  
    21         616          2267.11              1             77  
    22         644           2260.4              1            101  
    23         672          2250.77              1            107  
    24         700          2242.44              1            100  
    25         728          2238.39              1            106  
    26         756           2235.4              1           95.5  
    27         784          2230.66              1            110  
    28         812          2223.22              1            175  
    29         868          2220.93       0.194818            170  
    30         952          2220.33      0.0330837          1e+03  
    31        1008          2211.66       0.227148           48.4  
    32        1036          2210.49              1           31.1  
    33        1064          2209.84              1           27.6  
    34        1092          2209.39              1           29.2  
    35        1120          2207.92              1           33.1  
    36        1148          2206.37              1           35.5  
    37        1176          2204.92              1             35  
    38        1204          2204.11              1           32.5  
    39        1232          2203.49              1           29.6  
                                                        First-order 
 Iteration  Func-count       f(x)        Step-size       optimality
    40        1260          2202.61              1           26.9  
    41        1288          2201.05              1           21.9  
    42        1316          2198.92              1           24.7  
    43        1344          2197.04              1           24.8  
    44        1372          2195.92              1          1e+03  
    45        1428          2195.55       0.418931           25.8  
    46        1456          2195.08              1           25.5  
    47        1484          2192.86              1           33.2  
    48        1512          2190.71              1           42.9  
    49        1540          2187.28              1           52.7  
    50        1568          2184.63              1           70.7  
    51        1596          2183.13              1           66.9  
    52        1624          2182.39              1           53.2  
    53        1652          2181.55              1           31.1  
    54        1680          2180.73              1           14.2  
    55        1708          2180.29              1           13.3  
    56        1736          2180.13              1           13.8  
    57        1764          2180.03              1           14.1  
    58        1792          2179.83              1           14.1  
    59        1820          2179.43              1           13.7  
                                                        First-order 
 Iteration  Func-count       f(x)        Step-size       optimality
    60        1848          2178.82              1           16.1  
    61        1876          2178.26              1             12  
    62        1904             2178              1             12  
    63        1932          2177.91              1           10.8  
    64        1960          2177.82              1           8.52  
    65        1988          2177.64              1           8.23  
    66        2016          2177.35              1           11.8  
    67        2044          2177.03              1           25.6  
    68        2072          2176.77              1           33.7  
    69        2100          2176.55              1           34.9  
    70        2128          2176.24              1           30.8  
    71        2156          2175.76              1           19.8  
    72        2184          2175.25              1           11.7  
    73        2212          2174.97              1           7.39  
    74        2240           2174.9              1           7.06  
    75        2268          2174.87              1           6.85  
    76        2296          2174.79              1           6.45  
    77        2324           2174.6              1           9.09  
    78        2352          2174.17              1           15.9  
    79        2380          2173.35              1           22.1  
                                                        First-order 
 Iteration  Func-count       f(x)        Step-size       optimality
    80        2408          2172.28              1           21.4  
    81        2436          2171.62              1           16.3  
    82        2464          2171.43              1           16.8  
    83        2492          2171.38              1           15.8  
    84        2520          2171.32              1             14  
    85        2548           2171.2              1           10.2  
    86        2576             2171              1           6.71  
    87        2604          2170.81              1           6.51  
    88        2632          2170.71              1           6.31  
    89        2660          2170.69              1           6.23  
    90        2688          2170.68              1           6.21  
    91        2716          2170.67              1            6.2  
    92        2744          2170.64              1           6.16  
    93        2772          2170.56              1           6.05  
    94        2800          2170.41              1           5.78  
    95        2828          2170.16              1            7.6  
    96        2856          2169.88              1           9.61  
    97        2884          2169.75              1           10.3  
    98        2912          2169.73              1           9.92  
    99        2940          2169.73              1           9.67  
                                                        First-order 
 Iteration  Func-count       f(x)        Step-size       optimality
   100        2968          2169.72              1           9.41  
   101        2996          2169.69              1           8.88  
   102        3024          2169.64              1              8  
   103        3052          2169.53              1           6.48  
   104        3080          2169.36              1           5.44  
   105        3108          2169.23              1           5.49  
   106        3136          2169.17              1           5.43  
   107        3164          2169.16              1           5.36  
   108        3192          2169.15              1           5.31  
   109        3220          2169.14              1           5.26  
   110        3248          2169.11              1           5.24  
   111        3276          2169.07              1           5.32  
   112        3304          2169.05              1           5.43  
   113        3332          2169.05              1            5.5  
   114        3360          2169.05              1           5.51  
   115        3388          2169.04              1           5.54  
   116        3416          2169.03              1           5.55  
   117        3444             2169              1           5.56  
   118        3500          2168.95       0.693207           5.53  
   119        4284          2168.92       0.148132            908  

Local minimum possible.

fminunc stopped because it cannot decrease the objective function
along the current search direction.




Computing finite-difference Hessian using objective function.
Predicted change in objective function too small.
Current draw: 1000 of 5000
Current draw: 2000 of 5000
Current draw: 3000 of 5000
Current draw: 4000 of 5000
Current draw: 5000 of 5000
Elapsed time is 807.447099 seconds.
Ran Forecast Type 2for Model 108 and Horizon 12
