214
------------------------------------------
Setting up environment variables
---
LD_LIBRARY_PATH is .:/opt/MATLAB/R2017a/runtime/glnxa64:/opt/MATLAB/R2017a/bin/glnxa64:/opt/MATLAB/R2017a/sys/os/glnxa64:/opt/MATLAB/R2017a/sys/opengl/lib/glnxa64
Warning: Method directories not allowed in MATLAB path: /if/home/m1pac03/.mcrCache9.2/OOS_sl0/if/gms_research_gar/GAR/MS-VAR/RISE_toolbox2/classes/models/@dsge/private

	Personal pathdef has been created in your preference directory:
	/if/home/m1pac03/.mcrCache9.2/OOS_sl0/.matlab

Running on SLURM; using 1 cores as assigned on this node.

Performing iteration ending on 2016M10 of model 101
Warning: This should be expanded with the country names in case of panel
> In abstvar/abstvar/check_inputs
  In abstvar
  In svar
  In scriptEstimateMode_FULL (line 96)
  In run (line 86)
  In msreg_2reg_endoprob_SVAR_FULL_OOS (line 231)
  In OOS_slurm_IF (line 4)
    'c(3,1,sync,1)>=c(3,1,sync,2)'
    'a0(1,GDPG)=0'
    'a0(1,MF)=0'
    'a0(2,GDPG)=0'
    'a1(3,GDPG)=0'

 parameter: A12, density:NORMAL, hyperparameters: [0.5 0.5],convergence 0
 parameter: A21, density:NORMAL, hyperparameters: [0.5 0.5],convergence 0
 parameter: B12, density:GAMMA, hyperparameters: [4 0.125],convergence 0
 parameter: C12, density:GAMMA, hyperparameters: [4 0.125],convergence 0
 parameter: B21, density:GAMMA, hyperparameters: [4 0.125],convergence 0
 parameter: C21, density:GAMMA, hyperparameters: [4 0.125],convergence 0
                                                        First-order 
 Iteration  Func-count       f(x)        Step-size       optimality
     0          27          15063.3                      2.29e+04
     1          54          3780.43    4.37241e-05       2.03e+03  
     2          81          3276.01              1       1.48e+03  
     3         108          2631.25              1            591  
     4         135          2480.59              1            283  
     5         162          2431.95              1            226  
     6         189          2418.84              1            237  
     7         216          2409.02              1            229  
     8         243           2394.5              1            194  
     9         270          2375.79              1            142  
    10         297          2358.13              1            206  
    11         324          2349.67              1            189  
    12         351          2343.26              1            121  
    13         378          2336.56              1           80.9  
    14         405          2334.09              1           77.7  
    15         432          2331.53              1           82.8  
    16         459          2327.15              1           95.7  
    17         486          2317.95              1            143  
    18         513          2306.97              1            148  
    19         540          2299.71              1           87.5  
                                                        First-order 
 Iteration  Func-count       f(x)        Step-size       optimality
    20         567          2295.86              1           91.5  
    21         594          2293.95              1           84.9  
    22         621          2290.88              1           73.1  
    23         648          2283.49              1            131  
    24         675          2272.29              1            161  
    25         702          2262.02              1            126  
    26         729           2255.9              1            114  
    27         756          2253.48              1            114  
    28         783          2251.41              1            101  
    29         810          2246.91              1           79.7  
    30         837          2240.87              1           98.3  
    31         864          2235.63              1           72.2  
    32         891          2234.07              1             30  
    33         918          2233.84              1             16  
    34         945          2233.78              1           15.7  
    35         972          2233.61              1           15.2  
    36         999          2233.29              1           18.7  
    37        1026          2232.81              1           32.6  
    38        1053          2232.38              1             36  
    39        1080          2232.12              1             29  
                                                        First-order 
 Iteration  Func-count       f(x)        Step-size       optimality
    40        1107          2231.94              1           27.1  
    41        1134          2231.68              1           26.3  
    42        1161          2231.17              1           20.8  
    43        1188          2230.43              1           25.1  
    44        1215          2229.83              1           24.6  
    45        1242          2229.59              1           12.8  
    46        1269           2229.5              1           12.6  
    47        1296          2229.37              1           11.1  
    48        1323          2229.07              1             18  
    49        1350          2228.54              1           30.5  
    50        1377          2227.88              1           32.9  
    51        1404          2227.46              1           20.4  
    52        1431          2227.32              1           16.7  
    53        1458          2227.24              1           15.6  
    54        1485          2227.11              1           13.8  
    55        1512          2226.85              1             17  
    56        1539          2226.42              1           22.5  
    57        1566          2226.02              1           16.9  
    58        1593          2225.85              1           9.58  
    59        1620           2225.8              1            8.4  
                                                        First-order 
 Iteration  Func-count       f(x)        Step-size       optimality
    60        1647          2225.76              1           6.99  
    61        1674          2225.68              1           10.8  
    62        1701          2225.52              1           15.8  
    63        1728          2225.29              1           16.2  
    64        1755          2225.13              1           9.09  
    65        1782          2225.08              1           4.95  
    66        1809          2225.07              1           4.99  
    67        1836          2225.06              1              5  
    68        1863          2225.04              1           4.98  
    69        1890             2225              1           6.05  
    70        1917          2224.93              1           7.82  
    71        1944          2224.84              1           6.89  
    72        1971          2224.78              1           5.49  
    73        1998          2224.75              1           6.07  
    74        2025          2224.73              1           6.29  
    75        2052          2224.69              1           6.36  
    76        2079          2224.57              1           9.72  
    77        2106          2224.24              1           18.3  
    78        2133          2223.23              1           36.2  
    79        2187          2221.95       0.639114           55.4  
                                                        First-order 
 Iteration  Func-count       f(x)        Step-size       optimality
    80        2214          2219.79              1           63.6  
    81        2241          2215.09              1           59.5  
    82        2268          2212.87              1           37.3  
    83        2295          2211.47              1           45.1  
    84        2322          2210.36              1           32.1  
    85        2349          2209.99              1           32.4  
    86        2376          2209.33              1           31.9  
    87        2403          2208.15              1             31  
    88        2430          2206.32              1           36.5  
    89        2457          2204.06              1           37.5  
    90        2484          2202.68              1           27.7  
    91        2511          2202.06              1           29.3  
    92        2538          2201.74              1           28.7  
    93        2565          2201.28              1             27  
    94        2592          2200.32              1           24.4  
    95        2619          2198.42              1           36.1  
    96        2646          2195.83              1           40.2  
    97        2673          2193.77              1             23  
    98        2700          2193.01              1           18.1  
    99        2727          2192.73              1             16  
                                                        First-order 
 Iteration  Func-count       f(x)        Step-size       optimality
   100        2754          2192.67              1           15.1  
   101        2781          2192.61              1             14  
   102        2808          2192.44              1           11.5  
   103        2835          2192.12              1           11.9  
   104        2862          2191.64              1           12.4  
   105        2889          2191.32              1           9.26  
   106        2916          2191.22              1           6.03  
   107        2943           2191.2              1           5.89  
   108        2970          2191.18              1           5.98  
   109        2997          2191.13              1           6.15  
   110        3024          2191.01              1           8.15  
   111        3051          2190.72              1           11.1  
   112        3078          2190.13              1           14.1  
   113        3105          2189.17              1           14.3  
   114        3132          2187.92              1           14.4  
   115        3159          2187.36              1           13.7  
   116        3186          2187.27              1           12.3  
   117        3213          2187.23              1           11.4  
   118        3240          2187.14              1           11.3  
   119        3267          2186.95              1           11.9  
                                                        First-order 
 Iteration  Func-count       f(x)        Step-size       optimality
   120        3294          2186.61              1           14.8  
   121        3321          2186.22              1           11.6  
   122        3348          2186.02              1           5.75  
   123        3375          2185.98              1           5.92  
   124        3402          2185.98              1           5.96  
   125        3429          2185.96              1           5.98  
   126        3456          2185.93              1           5.95  
   127        3483          2185.84              1            5.8  
   128        3510          2185.63              1           8.14  
   129        3537          2185.16              1           13.2  
   130        3564          2184.42              1           16.1  
   131        3591           2183.8              1           11.6  
   132        3618          2183.57              1           3.41  
   133        3645          2183.52              1           2.45  
   134        3672          2183.52              1            2.4  
   135        3699          2183.51              1           2.34  
   136        3726          2183.51              1           2.26  
   137        3753          2183.49              1           3.81  
   138        3780          2183.45              1           7.26  
   139        3807          2183.37              1           11.2  
                                                        First-order 
 Iteration  Func-count       f(x)        Step-size       optimality
   140        3834          2183.24              1           12.8  
   141        3861          2183.13              1           8.82  
   142        3888          2183.07              1           2.68  
   143        3915          2183.07              1          0.805  
   144        3942          2183.07              1          0.757  
   145        3969          2183.07              1          0.738  
   146        3996          2183.07              1          0.722  
   147        4023          2183.06              1          0.746  
   148        4050          2183.06              1          0.786  
   149        4077          2183.06              1           1.49  
   150        4104          2183.04              1           2.66  
   151        4131             2183              1           4.35  
   152        4212          2182.72        2.41893           13.2  
   153        4266          2182.65       0.202297             16  
   154        4293          2182.32              1           11.6  
   155        4320          2182.11              1           2.45  
   156        4347          2182.09              1           2.68  
   157        4374          2182.08              1          0.842  
   158        4401          2182.08              1          0.437  
   159        4428          2182.08              1          0.329  
                                                        First-order 
 Iteration  Func-count       f(x)        Step-size       optimality
   160        4455          2182.08              1          0.327  
   161        4482          2182.08              1          0.325  
   162        4509          2182.08              1          0.324  
   163        4536          2182.08              1          0.322  
   164        4563          2182.08              1           0.32  
   165        4590          2182.08              1          0.511  
   166        4617          2182.07              1          0.808  
   167        4644          2182.07              1           1.22  
   168        4671          2182.07              1           1.69  
   169        4698          2182.06              1           2.07  
   170        4725          2182.05              1           1.91  
   171        4752          2182.04              1           1.01  
   172        4779          2182.04              1          0.234  
   173        4806          2182.04              1         0.0468  
   174        4833          2182.04              1         0.0482  
   175        4860          2182.04              1         0.0488  
   176        4887          2182.04              1         0.0492  
   177        4914          2182.04              1         0.0494  
   178        4941          2182.04              1         0.0498  
   179        4968          2182.04              1         0.0503  
                                                        First-order 
 Iteration  Func-count       f(x)        Step-size       optimality
   180        4995          2182.04              1         0.0652  
   181        5022          2182.04              1          0.106  
   182        5049          2182.04              1          0.158  
   183        5076          2182.04              1          0.219  
   184        5103          2182.04              1          0.235  
   185        5130          2182.04              1          0.148  
   186        5157          2182.04              1         0.0439  
   187        5184          2182.04              1        0.00293  
   188        5211          2182.04              1        0.00163  
   189        5238          2182.04              1        0.00158  
   190        5265          2182.04              1        0.00162  
   191        5292          2182.04              1        0.00162  
   192        5319          2182.04              1        0.00164  
   193        5373          2182.04       0.360152        0.00159  
   194        5427          2182.04       0.175871        0.00157  
   195        5454          2182.04              1        0.00158  
   196        5535          2182.04      0.0856449         0.0016  
   197        5562          2182.04              1        0.00159  
   198        5670          2182.04       0.200983         0.0016  
   199        5778          2182.04     0.00658892        0.00158  
                                                        First-order 
 Iteration  Func-count       f(x)        Step-size       optimality
   200        5886          2182.04       0.343179        0.00162  
   201        5940          2182.04       0.319764         0.0016  
   202        5967          2182.04              1        0.00164  
   203        5994          2182.04              1        0.00161  
   204        6021          2182.04              1        0.00232  
   205        6048          2182.04              1        0.00189  
   206        6075          2182.04              1        0.00467  
   207        6102          2182.04              1        0.00427  
   208        6129          2182.04              1        0.00189  
   209        6156          2182.04              1        0.00223  
   210        6183          2182.04              1        0.00375  
   211        6210          2182.04              1        0.00284  
   212        6237          2182.04              1        0.00549  
   213        6264          2182.04              1        0.00235  
   214        6291          2182.04              1        0.00144  
   215        6318          2182.04              1        0.00186  
   216        6372          2182.04       0.294435        0.00269  
   217        6399          2182.04              1        0.00189  
   218        6426          2182.04              1        0.00323  
   219        6453          2182.04              1        0.00238  
                                                        First-order 
 Iteration  Func-count       f(x)        Step-size       optimality
   220        6480          2182.04              1         0.0015  
   221        6507          2182.04              1       0.000824  
   222        6534          2182.04              1       0.000916  
   223        6588          2182.04       0.407774       0.000885  
   224        6615          2182.04              1        0.00134  
   225        6642          2182.04              1       0.000458  
   226        6696          2182.04       0.196838       0.000641  
   227        6777          2182.04      0.0539222       0.000824  
   228        6804          2182.04              1        0.00058  
   229        6831          2182.04              1       0.000336  

Local minimum found.

Optimization completed because the size of the gradient is less than
the selected value of the optimality tolerance.




Computing finite-difference Hessian using objective function.
First order optimality conditions satisfied.
Current draw: 1000 of 5000
Current draw: 2000 of 5000
Current draw: 3000 of 5000
Current draw: 4000 of 5000
Current draw: 5000 of 5000
Elapsed time is 931.134897 seconds.
Ran Forecast Type 2for Model 101 and Horizon 12
Performing iteration ending on 2016M10 of model 102
Warning: This should be expanded with the country names in case of panel
> In abstvar/abstvar/check_inputs
  In abstvar
  In svar
  In scriptEstimateMode_FULL (line 96)
  In run (line 86)
  In msreg_2reg_endoprob_SVAR_FULL_OOS (line 231)
  In OOS_slurm_IF (line 4)
    'c(3,1,sync,1)>=c(3,1,sync,2)'
    'a0(1,GDPG)=0'
    'a0(1,MF)=0'
    'a0(2,GDPG)=0'
    'a1(3,GDPG)=0'
    's(3,3,sync,1)<=s(3,3,sync,2)'

 parameter: A12, density:NORMAL, hyperparameters: [0.5 0.5],convergence 0
 parameter: A21, density:NORMAL, hyperparameters: [0.5 0.5],convergence 0
 parameter: B12, density:GAMMA, hyperparameters: [4 0.125],convergence 0
 parameter: C12, density:GAMMA, hyperparameters: [4 0.125],convergence 0
 parameter: B21, density:GAMMA, hyperparameters: [4 0.125],convergence 0
 parameter: C21, density:GAMMA, hyperparameters: [4 0.125],convergence 0
                                                        First-order 
 Iteration  Func-count       f(x)        Step-size       optimality
     0          30          15063.3                      1.37e+04
     1          60          3845.32    7.30391e-05       2.74e+03  
     2          90          2991.54              1       1.56e+03  
     3         120          2649.68              1            811  
     4         150          2361.06              1            311  
     5         180          2285.07              1            162  
     6         210          2262.74              1            158  
     7         240          2246.73              1            221  
     8         270          2216.83              1            270  
     9         300          2172.94              1            230  
    10         330          2147.75              1            194  
    11         360          2138.16              1            118  
    12         390           2127.3              1           98.3  
    13         420          2122.45              1            101  
    14         450          2107.85              1            179  
    15         480          2098.62              1            166  
    16         510          2086.66              1            150  
    17         540           2079.6              1            143  
    18         570          2076.06              1            110  
    19         600          2071.95              1           78.4  
                                                        First-order 
 Iteration  Func-count       f(x)        Step-size       optimality
    20         630           2067.1              1            140  
    21         660          2063.59              1            112  
    22         690          2061.72              1           53.3  
    23         720          2060.36              1           50.3  
    24         750          2058.01              1            146  
    25         780          2052.93              1            251  
    26         810          2045.33              1            283  
    27         840          2039.84              1            157  
    28         870          2037.68              1           64.1  
    29         900          2036.59              1             64  
    30         930          2034.97              1            129  
    31         960          2032.22              1            165  
    32         990          2029.87              1            115  
    33        1020           2028.9              1           33.4  
    34        1050           2028.6              1           27.3  
    35        1080          2028.34              1           41.7  
    36        1110          2027.89              1           62.8  
    37        1140          2027.36              1           58.6  
    38        1170          2026.98              1             27  
    39        1200          2026.82              1           18.2  
                                                        First-order 
 Iteration  Func-count       f(x)        Step-size       optimality
    40        1230          2026.71              1           19.1  
    41        1260          2026.53              1           36.7  
    42        1290           2026.2              1           49.8  
    43        1320          2025.79              1           45.2  
    44        1350          2025.48              1           20.8  
    45        1380          2025.33              1           18.4  
    46        1410          2025.19              1           21.6  
    47        1440          2024.91              1           44.8  
    48        1470          2024.34              1           69.6  
    49        1500          2023.41              1           80.3  
    50        1530          2022.57              1           56.7  
    51        1560           2022.2              1           17.7  
    52        1590           2022.1              1             10  
    53        1620          2022.06              1           11.4  
    54        1650          2021.93              1           22.8  
    55        1680          2021.73              1             31  
    56        1710          2021.48              1           27.7  
    57        1740          2021.33              1           12.5  
    58        1770          2021.29              1           5.93  
    59        1800          2021.28              1           5.26  
                                                        First-order 
 Iteration  Func-count       f(x)        Step-size       optimality
    60        1830          2021.26              1           5.51  
    61        1860          2021.22              1            9.2  
    62        1890          2021.17              1             11  
    63        1920          2021.11              1           8.08  
    64        1950          2021.09              1           2.93  
    65        1980          2021.09              1           2.65  
    66        2010          2021.08              1           2.65  
    67        2040          2021.07              1           3.06  
    68        2070          2021.06              1           5.25  
    69        2100          2021.03              1           6.58  
    70        2130          2021.01              1           5.14  
    71        2160          2020.99              1           2.68  
    72        2190          2020.99              1           3.01  
    73        2220          2020.98              1           3.09  
    74        2250          2020.97              1           3.93  
    75        2280          2020.94              1           6.85  
    76        2310          2020.88              1           9.08  
    77        2340          2020.82              1           7.93  
    78        2370          2020.79              1           3.59  
    79        2400          2020.77              1           3.13  
                                                        First-order 
 Iteration  Func-count       f(x)        Step-size       optimality
    80        2430          2020.77              1           3.14  
    81        2460          2020.75              1           3.72  
    82        2490          2020.72              1           6.37  
    83        2520          2020.66              1           8.27  
    84        2550           2020.6              1           6.92  
    85        2580          2020.56              1           4.23  
    86        2610          2020.55              1           3.54  
    87        2640          2020.54              1           3.14  
    88        2670          2020.53              1           3.29  
    89        2700           2020.5              1           4.89  
    90        2730          2020.46              1            5.2  
    91        2760          2020.43              1           3.18  
    92        2790          2020.42              1           2.63  
    93        2820          2020.42              1           2.25  
    94        2850          2020.41              1           2.24  
    95        2880          2020.41              1           2.52  
    96        2910          2020.39              1           3.66  
    97        2940          2020.36              1           4.06  
    98        2970          2020.33              1           3.74  
    99        3000          2020.32              1           2.85  
                                                        First-order 
 Iteration  Func-count       f(x)        Step-size       optimality
   100        3030          2020.32              1           1.97  
   101        3060          2020.32              1           1.85  
   102        3090          2020.31              1            1.8  
   103        3120           2020.3              1            2.4  
   104        3150          2020.28              1           2.28  
   105        3180          2020.27              1           1.81  
   106        3210          2020.27              1           1.13  
   107        3240          2020.27              1           1.13  
   108        3270          2020.26              1           1.12  
   109        3300          2020.26              1           1.08  
srun: error: unpackmem: Buffer to be unpacked is too large (3661995728 > 1073741824)
srun: error: unpack error in io_init_msg_unpack
srun: error: Invalid IO init header version
srun: error: unpack error in io_init_msg_unpack
srun: error: Invalid IO init header version
   110        3330          2020.25              1           1.67  
srun: error: io_init_msg_read too small
srun: error: failed reading io init message
srun: error: unpackmem: Buffer to be unpacked is too large (4201504001 > 1073741824)
srun: error: unpack error in io_init_msg_unpack
srun: error: Invalid IO init header version
   111        3360          2020.24              1           2.32  
srun: error: unpackmem: Buffer to be unpacked is too large (4253374785 > 1073741824)
srun: error: unpack error in io_init_msg_unpack
srun: error: Invalid IO init header version
   112        3390          2020.23              1           1.94  
srun: error: unpackmem: Buffer to be unpacked is too large (2498414125 > 1073741824)
srun: error: unpack error in io_init_msg_unpack
srun: error: Invalid IO init header version
   113        3420          2020.22              1           0.77  
srun: error: unpack error in io_init_msg_unpack
srun: error: Invalid IO init header version
   114        3450          2020.22              1          0.765  
   115        3480          2020.22              1          0.759  
srun: error: unpack error in io_init_msg_unpack
srun: error: Invalid IO init header version
   116        3510          2020.22              1          0.736  
   117        3540          2020.22              1          0.743  
   118        3570          2020.22              1           1.11  
   119        3600          2020.21              1           1.22  
                                                        First-order 
 Iteration  Func-count       f(x)        Step-size       optimality
   120        3630          2020.21              1          0.894  
   121        3660           2020.2              1          0.833  
   122        3690           2020.2              1          0.725  
   123        3720           2020.2              1           0.64  
   124        3750           2020.2              1          0.552  
   125        3780           2020.2              1          0.632  
   126        3810           2020.2              1          0.688  
   127        3840           2020.2              1          0.532  
srun: error: unpack error in io_init_msg_unpack
srun: error: Invalid IO init header version
   128        3870           2020.2              1          0.463  
   129        3900           2020.2              1            0.5  
   130        3930           2020.2              1          0.512  
   131        3960          2020.19              1          0.523  
   132        3990          2020.19              1          0.522  
   133        4020          2020.19              1          0.584  
   134        4050          2020.19              1          0.715  
   135        4080          2020.18              1          0.683  
   136        4110          2020.18              1          0.342  
   137        4140          2020.18              1          0.219  
   138        4170          2020.18              1          0.225  
   139        4200          2020.18              1          0.225  
srun: error: io_init_msg_read too small
srun: error: failed reading io init message
                                                        First-order 
 Iteration  Func-count       f(x)        Step-size       optimality
   140        4230          2020.18              1          0.224  
   141        4260          2020.18              1          0.215  
   142        4290          2020.18              1          0.187  
   143        4320          2020.18              1          0.248  
   144        4350          2020.18              1          0.277  
   145        4380          2020.18              1          0.185  
   146        4410          2020.18              1          0.183  
   147        4440          2020.18              1          0.174  
   148        4470          2020.18              1          0.166  
   149        4500          2020.18              1          0.153  
   150        4530          2020.18              1          0.129  
   151        4560          2020.18              1          0.122  
   152        4590          2020.18              1          0.116  
   153        4620          2020.18              1          0.141  
   154        4650          2020.18              1          0.131  
   155        4680          2020.17              1         0.0685  
   156        4710          2020.17              1          0.034  
   157        4740          2020.17              1         0.0316  
   158        4770          2020.17              1         0.0319  
   159        4800          2020.17              1         0.0321  
                                                        First-order 
 Iteration  Func-count       f(x)        Step-size       optimality
   160        4830          2020.17              1         0.0327  
   161        4860          2020.17              1         0.0333  
   162        4890          2020.17              1         0.0339  
   163        4920          2020.17              1         0.0339  
   164        4950          2020.17              1         0.0322  
   165        4980          2020.17              1         0.0344  
   166        5010          2020.17              1         0.0256  
   167        5040          2020.17              1         0.0225  
   168        5070          2020.17              1         0.0203  
   169        5100          2020.17              1         0.0194  
   170        5130          2020.17              1          0.019  
   171        5160          2020.17              1         0.0178  
   172        5190          2020.17              1         0.0163  
   173        5220          2020.17              1         0.0123  
   174        5250          2020.17              1         0.0116  
   175        5280          2020.17              1         0.0156  
   176        5310          2020.17              1         0.0152  
   177        5340          2020.17              1        0.00789  
   178        5370          2020.17              1         0.0023  
   179        5400          2020.17              1        0.00228  
                                                        First-order 
 Iteration  Func-count       f(x)        Step-size       optimality
   180        5430          2020.17              1        0.00219  
   181        5490          2020.17       0.305707        0.00212  
   182        5580          2020.17      0.0339545        0.00217  
   183        5610          2020.17              1        0.00222  
   184        5670          2020.17       0.326745        0.00228  
   185        5730          2020.17        0.38892        0.00229  
   186        5760          2020.17              1        0.00215  
   187        5790          2020.17              1        0.00221  
   188        5820          2020.17              1        0.00221  
   189        5850          2020.17              1        0.00219  
   190        5880          2020.17              1        0.00226  
   191        5910          2020.17              1        0.00216  
   192        5970          2020.17            0.1        0.00262  
   193        6000          2020.17              1        0.00246  
   194        6030          2020.17              1        0.00244  
   195        6060          2020.17              1        0.00233  
   196        6090          2020.17              1        0.00251  
   197        6120          2020.17              1        0.00247  
   198        6150          2020.17              1        0.00217  
   199        6180          2020.17              1        0.00365  
                                                        First-order 
 Iteration  Func-count       f(x)        Step-size       optimality
   200        6210          2020.17              1        0.00449  
   201        6240          2020.17              1         0.0036  
   202        6270          2020.17              1        0.00301  
   203        6300          2020.17              1        0.00427  
   204        6330          2020.17              1        0.00482  
   205        6360          2020.17              1        0.00395  
   206        6390          2020.17              1        0.00233  
   207        6420          2020.17              1         0.0025  
   208        6450          2020.17              1        0.00166  
   209        6480          2020.17              1       0.000702  
   210        6510          2020.17              1       0.000412  
   211        6570          2020.17       0.261292       0.000381  
   212        6630          2020.17       0.451503       0.000412  
   213        6660          2020.17              1       0.000305  
   214        6690          2020.17              1       0.000381  
   215        6750          2020.17       0.355937       0.000412  
   216        6810          2020.17       0.338573        0.00032  
   217        6870          2020.17       0.257189       0.000259  
   218        6960          2020.17       0.162484       0.000259  
   219        7020          2020.17       0.265301       0.000275  

Local minimum possible.

fminunc stopped because it cannot decrease the objective function
along the current search direction.




Computing finite-difference Hessian using objective function.
Predicted change in objective function too small.
Current draw: 1000 of 5000
srun: error: slurm_receive_msg: Transport endpoint is not connected
srun: error: slurm_receive_msg[10.26.24.30]: Transport endpoint is not connected
srun: error: invalid type trying to be freed 65534
srun: error: slurm_receive_msg: Transport endpoint is not connected
srun: error: slurm_receive_msg[10.26.24.30]: Transport endpoint is not connected
srun: error: invalid type trying to be freed 65534
srun: error: slurm_receive_msg: Transport endpoint is not connected
srun: error: slurm_receive_msg[10.26.24.30]: Transport endpoint is not connected
srun: error: invalid type trying to be freed 65534
srun: error: slurm_receive_msg: Transport endpoint is not connected
srun: error: slurm_receive_msg[10.26.24.30]: Transport endpoint is not connected
srun: error: invalid type trying to be freed 65534
srun: error: slurm_receive_msg: Transport endpoint is not connected
srun: error: slurm_receive_msg[10.26.24.30]: Transport endpoint is not connected
srun: error: invalid type trying to be freed 65534
srun: error: slurm_receive_msg: Transport endpoint is not connected
srun: error: slurm_receive_msg[10.26.24.30]: Transport endpoint is not connected
srun: error: invalid type trying to be freed 65534
srun: error: slurm_receive_msg: Transport endpoint is not connected
srun: error: slurm_receive_msg[10.26.24.30]: Transport endpoint is not connected
srun: error: invalid type trying to be freed 65534
srun: error: slurm_receive_msg: Transport endpoint is not connected
srun: error: slurm_receive_msg[10.26.24.30]: Transport endpoint is not connected
srun: error: invalid type trying to be freed 65534
srun: error: slurm_receive_msg: Transport endpoint is not connected
srun: error: slurm_receive_msg[10.26.24.30]: Transport endpoint is not connected
srun: error: invalid type trying to be freed 65534
srun: error: slurm_receive_msg: Transport endpoint is not connected
srun: error: slurm_receive_msg[10.26.24.30]: Transport endpoint is not connected
srun: error: invalid type trying to be freed 65534
srun: error: slurm_receive_msg: Transport endpoint is not connected
srun: error: slurm_receive_msg[10.26.24.30]: Transport endpoint is not connected
srun: error: invalid type trying to be freed 65534
srun: error: slurm_receive_msg: Insane message length
srun: error: slurm_receive_msg[10.26.24.30]: Insane message length
srun: error: invalid type trying to be freed 65534
srun: error: slurm_receive_msg: Transport endpoint is not connected
srun: error: slurm_receive_msg[10.26.24.30]: Transport endpoint is not connected
srun: error: invalid type trying to be freed 65534
Current draw: 2000 of 5000
srun: error: slurm_receive_msg: Transport endpoint is not connected
srun: error: slurm_receive_msg[10.26.24.30]: Transport endpoint is not connected
srun: error: invalid type trying to be freed 65534
srun: error: slurm_receive_msg: Insane message length
srun: error: slurm_receive_msg[10.26.24.30]: Insane message length
srun: error: invalid type trying to be freed 65534
srun: error: slurm_receive_msg: Transport endpoint is not connected
srun: error: slurm_receive_msg[10.26.24.30]: Transport endpoint is not connected
srun: error: invalid type trying to be freed 65534
srun: error: slurm_receive_msg: Transport endpoint is not connected
srun: error: slurm_receive_msg[10.26.24.30]: Transport endpoint is not connected
srun: error: invalid type trying to be freed 65534
srun: error: slurm_receive_msg: Transport endpoint is not connected
srun: error: slurm_receive_msg[10.26.24.30]: Transport endpoint is not connected
srun: error: invalid type trying to be freed 65534
srun: error: slurm_receive_msg: Insane message length
srun: error: slurm_receive_msg[10.26.24.30]: Insane message length
srun: error: invalid type trying to be freed 65534
srun: error: slurm_receive_msg: Insane message length
srun: error: slurm_receive_msg[10.26.24.30]: Insane message length
srun: error: invalid type trying to be freed 65534
srun: error: unpackmem: Buffer to be unpacked is too large (1951163745 > 1073741824)
srun: error: unpack error in io_init_msg_unpack
srun: error: Invalid IO init header version
srun: error: io_init_msg_read too small
srun: error: failed reading io init message
srun: error: unpackmem: Buffer to be unpacked is too large (1935765607 > 1073741824)
srun: error: unpack error in io_init_msg_unpack
srun: error: Invalid IO init header version
srun: error: slurm_receive_msg: Insane message length
srun: error: slurm_receive_msg[10.26.24.30]: Insane message length
srun: error: invalid type trying to be freed 65534
srun: error: slurm_receive_msg: Insane message length
srun: error: slurm_receive_msg[10.26.24.30]: Insane message length
srun: error: invalid type trying to be freed 65534
Current draw: 3000 of 5000
srun: error: io_init_msg_read too small
srun: error: failed reading io init message
srun: error: unpack error in io_init_msg_unpack
srun: error: Invalid IO init header version
srun: error: unpackmem_xmalloc: Buffer to be unpacked is too large (1684369920 > 1073741824)
srun: error: unpacking header
srun: error: destroy_forward: no init
srun: error: slurm_receive_msg: Message receive failure
srun: error: slurm_receive_msg[10.26.24.30]: Message receive failure
srun: error: invalid type trying to be freed 65534
srun: error: slurm_receive_msg: Insane message length
srun: error: slurm_receive_msg[10.26.24.30]: Insane message length
srun: error: invalid type trying to be freed 65534
srun: error: unpackmem_xmalloc: Buffer to be unpacked is too large (1885828912 > 1073741824)
srun: error: unpacking header
srun: error: destroy_forward: no init
srun: error: slurm_receive_msg: Message receive failure
srun: error: slurm_receive_msg[10.26.24.30]: Message receive failure
srun: error: invalid type trying to be freed 65534
srun: error: unpackmem_xmalloc: Buffer to be unpacked is too large (1684369920 > 1073741824)
srun: error: unpacking header
srun: error: destroy_forward: no init
srun: error: slurm_receive_msg: Message receive failure
srun: error: slurm_receive_msg[10.26.24.30]: Message receive failure
srun: error: invalid type trying to be freed 65534
srun: error: unpackmem_xmalloc: Buffer to be unpacked is too large (1885828912 > 1073741824)
srun: error: unpacking header
srun: error: destroy_forward: no init
srun: error: slurm_receive_msg: Message receive failure
srun: error: slurm_receive_msg[10.26.24.30]: Message receive failure
srun: error: invalid type trying to be freed 65534
srun: error: slurm_receive_msg: Insane message length
srun: error: slurm_receive_msg[10.26.24.30]: Insane message length
srun: error: invalid type trying to be freed 65534
Current draw: 4000 of 5000
srun: error: slurm_receive_msg: Insane message length
srun: error: slurm_receive_msg[10.26.24.30]: Insane message length
srun: error: invalid type trying to be freed 65534
srun: error: slurm_receive_msg: Insane message length
srun: error: slurm_receive_msg[10.26.24.30]: Insane message length
srun: error: invalid type trying to be freed 65534
Current draw: 5000 of 5000
Elapsed time is 972.393846 seconds.
Ran Forecast Type 2for Model 102 and Horizon 12
Performing iteration ending on 2016M10 of model 103
Warning: This should be expanded with the country names in case of panel
> In abstvar/abstvar/check_inputs
  In abstvar
  In svar
  In scriptEstimateMode_FULL (line 96)
  In run (line 86)
  In msreg_2reg_endoprob_SVAR_FULL_OOS (line 231)
  In OOS_slurm_IF (line 4)
    'c(3,1,sync,1)>=c(3,1,sync,2)'
    'a0(1,GDPG,sync,1)=0'
    'a0(2,GDPG,sync,1)=0'
    'a0(1,MF,sync,1)=0'
    'a0(1,GDPG,sync,2)=0'
    'a0(2,GDPG,sync,2)=0'
    'a0(1,MF,sync,2)=0'
    'a1(3,GDPG)=0'

 parameter: A12, density:NORMAL, hyperparameters: [0.5 0.5],convergence 0
 parameter: A21, density:NORMAL, hyperparameters: [0.5 0.5],convergence 0
 parameter: B12, density:GAMMA, hyperparameters: [4 0.125],convergence 0
 parameter: C12, density:GAMMA, hyperparameters: [4 0.125],convergence 0
 parameter: B21, density:GAMMA, hyperparameters: [4 0.125],convergence 0
 parameter: C21, density:GAMMA, hyperparameters: [4 0.125],convergence 0
                                                        First-order 
 Iteration  Func-count       f(x)        Step-size       optimality
     0          30          15063.3                      2.29e+04
     1          60          3830.39    4.37241e-05       2.12e+03  
     2          90          3305.29              1       1.54e+03  
     3         120          2642.75              1            608  
     4         150          2489.77              1            285  
     5         180          2441.89              1            222  
     6         210          2429.28              1            232  
     7         240          2419.57              1            224  
     8         270          2404.66              1            189  
     9         300             2386              1            144  
    10         330          2369.32              1            183  
    11         360          2362.39              1            190  
    12         390          2357.56              1            149  
    13         420          2348.81              1           77.6  
    14         450          2344.26              1           76.7  
    15         480          2341.69              1           86.5  
    16         510          2338.44              1           89.9  
    17         540          2332.63              1            109  
    18         570           2323.2              1            140  
    19         600          2315.97              1            103  
                                                        First-order 
 Iteration  Func-count       f(x)        Step-size       optimality
    20         630          2312.31              1           59.7  
srun: error: slurm_receive_msg: Transport endpoint is not connected
srun: error: slurm_receive_msg[10.26.24.30]: Transport endpoint is not connected
srun: error: invalid type trying to be freed 65534
    21         660          2310.76              1           59.6  
srun: error: slurm_receive_msg: Insane message length
srun: error: slurm_receive_msg[10.26.24.30]: Insane message length
srun: error: invalid type trying to be freed 65534
    22         690          2309.59              1           55.3  
srun: error: slurm_receive_msg: Insane message length
srun: error: slurm_receive_msg[10.26.24.30]: Insane message length
srun: error: invalid type trying to be freed 65534
    23         720          2306.08              1             82  
    24         750          2299.38              1            127  
    25         780          2289.01              1            141  
    26         810          2280.54              1           91.2  
    27         840          2275.98              1            104  
    28         870          2274.09              1           99.9  
    29         900          2271.83              1           85.6  
srun: error: slurm_receive_msg: Transport endpoint is not connected
srun: error: slurm_receive_msg[10.26.24.30]: Transport endpoint is not connected
srun: error: invalid type trying to be freed 65534
    30         930          2267.31              1           91.2  
    31         960          2260.64              1            102  
    32         990          2254.77              1             67  
    33        1020          2252.61              1           39.3  
    34        1050          2251.95              1           31.1  
    35        1080          2251.37              1           29.8  
    36        1110          2249.93              1           45.7  
    37        1140          2247.53              1           59.7  
    38        1170          2244.72              1           49.9  
    39        1200          2243.05              1           33.2  
                                                        First-order 
 Iteration  Func-count       f(x)        Step-size       optimality
    40        1230          2242.51              1           32.5  
    41        1260          2242.23              1           29.5  
    42        1290          2241.73              1           22.6  
    43        1320          2241.02              1           27.5  
    44        1350          2240.28              1           22.2  
    45        1380          2239.86              1           20.6  
    46        1410          2239.65              1           20.3  
    47        1440          2239.39              1             21  
    48        1470          2238.74              1           22.3  
    49        1500          2237.43              1           41.2  
    50        1530          2235.31              1             58  
    51        1560          2233.29              1           58.2  
    52        1590          2232.22              1           42.3  
    53        1620          2231.82              1           26.9  
    54        1650          2231.51              1           22.8  
    55        1680          2230.81              1           20.6  
    56        1710          2229.69              1           30.4  
    57        1740          2228.46              1           45.4  
srun: error: slurm_receive_msg: Transport endpoint is not connected
srun: error: slurm_receive_msg[10.26.24.30]: Transport endpoint is not connected
srun: error: invalid type trying to be freed 65534
    58        1770          2227.78              1           39.6  
    59        1800           2227.4              1           38.1  
                                                        First-order 
 Iteration  Func-count       f(x)        Step-size       optimality
    60        1830          2226.85              1           38.6  
    61        1860          2225.76              1           34.6  
    62        1890          2223.87              1           32.6  
    63        1920          2221.78              1           40.3  
    64        1950          2220.58              1           27.4  
    65        1980           2220.2              1           27.4  
    66        2010             2220              1           26.8  
    67        2040          2219.56              1           24.1  
    68        2070          2218.71              1           26.4  
    69        2100          2217.35              1           36.8  
srun: error: slurm_receive_msg: Transport endpoint is not connected
srun: error: slurm_receive_msg[10.26.24.30]: Transport endpoint is not connected
srun: error: invalid type trying to be freed 65534
    70        2130          2216.07              1           29.6  
    71        2160          2215.49              1             12  
    72        2190          2215.37              1           13.2  
    73        2220          2215.31              1           13.2  
    74        2250          2215.13              1           12.5  
    75        2280          2214.79              1           20.2  
    76        2310           2214.2              1             25  
    77        2340           2213.6              1           18.6  
    78        2370          2213.31              1           12.3  
srun: error: unpack error in io_init_msg_unpack
srun: error: Invalid IO init header version
srun: error: unpackmem: Buffer to be unpacked is too large (1681731632 > 1073741824)
srun: error: unpack error in io_init_msg_unpack
srun: error: Invalid IO init header version
    79        2400          2213.23              1           12.3  
                                                        First-order 
 Iteration  Func-count       f(x)        Step-size       optimality
    80        2430           2213.2              1           11.7  
    81        2460           2213.1              1           10.3  
    82        2490          2212.89              1           14.1  
    83        2520          2212.41              1           19.8  
    84        2550          2211.63              1           22.3  
    85        2580          2210.89              1           17.1  
    86        2610          2210.57              1           12.6  
    87        2640           2210.5              1           11.7  
    88        2670          2210.46              1           10.8  
srun: error: slurm_receive_msg: Insane message length
srun: error: slurm_receive_msg[10.26.24.30]: Insane message length
srun: error: invalid type trying to be freed 65534
    89        2700          2210.37              1           8.46  
    90        2730          2210.18              1           9.97  
srun: error: slurm_receive_msg: Transport endpoint is not connected
srun: error: slurm_receive_msg[10.26.24.30]: Transport endpoint is not connected
srun: error: invalid type trying to be freed 65534
    91        2760          2209.78              1           12.6  
    92        2790          2209.24              1           16.5  
    93        2820          2208.85              1           23.7  
    94        2850          2208.68              1           23.7  
    95        2880          2208.57              1           21.4  
    96        2910           2208.4              1           17.7  
    97        2940          2207.97              1           14.8  
    98        2970          2207.07              1           19.2  
    99        3000           2205.8              1           22.6  
                                                        First-order 
 Iteration  Func-count       f(x)        Step-size       optimality
   100        3030          2205.01              1           21.4  
   101        3060          2204.44              1           21.6  
   102        3090          2204.31              1           18.6  
   103        3120           2204.1              1           18.3  
   104        3150          2203.56              1           21.5  
   105        3180          2202.43              1           38.3  
   106        3210             2201              1           37.9  
   107        3240          2199.85              1           25.8  
   108        3270          2199.05              1           7.19  
   109        3300          2198.88              1           9.93  
   110        3330          2198.84              1           8.31  
srun: error: slurm_receive_msg: Insane message length
srun: error: slurm_receive_msg[10.26.24.30]: Insane message length
srun: error: invalid type trying to be freed 65534
   111        3360          2198.81              1           8.04  
   112        3390          2198.74              1           8.31  
srun: error: slurm_receive_msg: Transport endpoint is not connected
srun: error: slurm_receive_msg[10.26.24.30]: Transport endpoint is not connected
srun: error: invalid type trying to be freed 65534
   113        3420          2198.53              1           18.7  
   114        3450          2198.27              1           26.6  
   115        3480          2197.91              1           25.1  
   116        3510          2197.71              1           12.7  
   117        3540          2197.66              1           6.18  
   118        3570          2197.65              1           6.18  
   119        3600          2197.63              1           6.17  
                                                        First-order 
 Iteration  Func-count       f(x)        Step-size       optimality
   120        3630          2197.59              1           7.06  
   121        3660          2197.49              1           11.7  
   122        3690          2197.25              1           17.7  
   123        3720          2196.75              1           23.8  
   124        3750          2195.98              1           24.9  
   125        3780          2195.19              1           17.6  
   126        3810           2194.8              1           6.44  
   127        3840          2194.77              1           4.66  
   128        3870          2194.76              1           4.48  
   129        3900          2194.76              1           4.34  
   130        3930          2194.75              1            4.1  
   131        3960          2194.72              1           5.78  
srun: error: unpackmem: Buffer to be unpacked is too large (3099902493 > 1073741824)
srun: error: unpack error in io_init_msg_unpack
srun: error: Invalid IO init header version
   132        3990          2194.65              1           8.88  
   133        4020          2194.48              1           13.7  
   134        4050          2194.17              1           16.4  
   135        4080          2193.81              1           14.3  
   136        4110          2193.63              1           5.44  
   137        4140           2193.6              1           2.21  
   138        4170           2193.6              1           2.21  
   139        4200           2193.6              1           2.21  
                                                        First-order 
 Iteration  Func-count       f(x)        Step-size       optimality
   140        4230          2193.59              1           2.18  
   141        4260          2193.59              1            2.1  
   142        4290          2193.57              1            1.9  
   143        4320          2193.54              1           1.58  
   144        4350           2193.5              1           1.73  
   145        4380          2193.46              1           1.36  
   146        4410          2193.44              1           1.42  
   147        4440          2193.44              1           1.37  
   148        4470          2193.44              1           1.35  
   149        4500          2193.44              1           1.32  
   150        4530          2193.44              1           1.26  
   151        4560          2193.43              1           1.16  
   152        4590          2193.42              1          0.966  
   153        4620           2193.4              1          0.847  
   154        4650          2193.37              1           1.16  
   155        4680          2193.32              1           1.33  
   156        4710          2193.28              1           1.06  
   157        4740          2193.28              1          0.725  
   158        4770          2193.28              1          0.782  
   159        4800          2193.28              1          0.784  
                                                        First-order 
 Iteration  Func-count       f(x)        Step-size       optimality
   160        4830          2193.28              1          0.784  
   161        4860          2193.27              1          0.782  
   162        4890          2193.27              1          0.775  
   163        4920          2193.27              1          0.749  
   164        4950          2193.26              1           0.68  
   165        4980          2193.24              1          0.693  
   166        5010          2193.21              1           1.04  
   167        5100          2193.06            1.9           6.02  
   168        5160          2193.04            0.1           7.71  
   169        5190          2192.86              1           8.35  
   170        5220          2192.57              1           8.41  
   171        5250          2192.44              1           3.31  
   172        5280          2192.32              1           1.79  
   173        5340          2192.31       0.376174           1.69  
   174        5370          2192.31              1            1.8  
   175        5400           2192.3              1           1.66  
   176        5430           2192.3              1           1.66  
   177        5460           2192.3              1           1.66  
   178        5490           2192.3              1           1.65  
   179        5520          2192.29              1           1.79  
                                                        First-order 
 Iteration  Func-count       f(x)        Step-size       optimality
   180        5550          2192.28              1           2.99  
   181        5580          2192.25              1           4.42  
   182        5610           2192.2              1           5.93  
   183        5640          2192.11              1           5.81  
   184        5670          2192.04              1           3.43  
   185        5700          2192.01              1           1.16  
   186        5730          2192.01              1           0.58  
   187        5760          2192.01              1           0.58  
   188        5790          2192.01              1           0.58  
   189        5820          2192.01              1          0.581  
   190        5850          2192.01              1          0.582  
   191        5880          2192.01              1          0.583  
   192        5910             2192              1          0.804  
   193        5940             2192              1            1.4  
   194        5970             2192              1           2.29  
   195        6000          2191.99              1           3.37  
   196        6030          2191.97              1           4.11  
   197        6060          2191.94              1            3.4  
   198        6090          2191.93              1           1.43  
   199        6120          2191.93              1          0.168  
                                                        First-order 
 Iteration  Func-count       f(x)        Step-size       optimality
   200        6150          2191.93              1          0.116  
   201        6180          2191.93              1          0.116  
   202        6210          2191.93              1          0.116  
   203        6240          2191.93              1          0.116  
   204        6270          2191.93              1          0.115  
   205        6300          2191.93              1          0.114  
   206        6330          2191.93              1          0.149  
   207        6360          2191.93              1          0.244  
   208        6390          2191.93              1          0.354  
   209        6420          2191.93              1          0.426  
   210        6450          2191.92              1          0.341  
   211        6480          2191.92              1          0.138  
   212        6510          2191.92              1         0.0192  
   213        6540          2191.92              1        0.00366  
   214        6570          2191.92              1        0.00375  
   215        6600          2191.92              1        0.00381  
   216        6630          2191.92              1        0.00383  
   217        6690          2191.92          0.318         0.0038  
   218        6720          2191.92              1        0.00377  
   219        6780          2191.92       0.221248        0.00374  
                                                        First-order 
 Iteration  Func-count       f(x)        Step-size       optimality
   220        6810          2191.92              1        0.00377  
   221        6840          2191.92              1        0.00398  
   222        6870          2191.92              1        0.00389  
   223        6900          2191.92              1         0.0035  
   224        6930          2191.92              1        0.00342  
   225        6960          2191.92              1        0.00699  
   226        6990          2191.92              1        0.00714  
   227        7020          2191.92              1        0.00946  
   228        7050          2191.92              1        0.00433  
   229        7080          2191.92              1        0.00125  
   230        7110          2191.92              1        0.00113  
   231        7140          2191.92              1       0.000519  
   232        7170          2191.92              1       0.000488  
   233        7200          2191.92              1       0.000671  
   234        7260          2191.92       0.542072        0.00128  
   235        7380          2191.92     0.00845995        0.00122  
   236        7440          2191.92       0.375469       0.000641  
   237        7500          2191.92       0.442527       0.000275  

Local minimum found.

Optimization completed because the size of the gradient is less than
the selected value of the optimality tolerance.




Computing finite-difference Hessian using objective function.
First order optimality conditions satisfied.
Current draw: 1000 of 5000
Current draw: 2000 of 5000
Current draw: 3000 of 5000
Current draw: 4000 of 5000
Current draw: 5000 of 5000
Elapsed time is 991.958811 seconds.
Ran Forecast Type 2for Model 103 and Horizon 12
Performing iteration ending on 2016M10 of model 104
Warning: This should be expanded with the country names in case of panel
> In abstvar/abstvar/check_inputs
  In abstvar
  In svar
  In scriptEstimateMode_FULL (line 96)
  In run (line 86)
  In msreg_2reg_endoprob_SVAR_FULL_OOS (line 231)
  In OOS_slurm_IF (line 4)
    'c(3,1,sync,1)>=c(3,1,sync,2)'
    'a0(1,GDPG)=0'
    'a0(1,MF)=0'
    'a0(2,GDPG)=0'
    'a1(3,GDPG,sync,1)=0'
    'a1(3,GDPG,sync,2)=0'

 parameter: A12, density:NORMAL, hyperparameters: [0.5 0.5],convergence 0
 parameter: A21, density:NORMAL, hyperparameters: [0.5 0.5],convergence 0
 parameter: B12, density:GAMMA, hyperparameters: [4 0.125],convergence 0
 parameter: C12, density:GAMMA, hyperparameters: [4 0.125],convergence 0
 parameter: B21, density:GAMMA, hyperparameters: [4 0.125],convergence 0
 parameter: C21, density:GAMMA, hyperparameters: [4 0.125],convergence 0
                                                        First-order 
 Iteration  Func-count       f(x)        Step-size       optimality
     0          35          15063.3                      2.29e+04
     1          70          3896.04    4.37241e-05       2.09e+03  
     2         105          3339.91              1       1.52e+03  
     3         140          2844.54              1            750  
     4         175          2667.13              1            440  
     5         210          2573.21              1            460  
     6         245          2532.89              1            405  
     7         280          2506.04              1            306  
     8         315          2479.13              1            269  
     9         350          2456.57              1            261  
    10         385          2440.28              1            262  
    11         420           2417.9              1            351  
    12         455          2396.74              1            286  
    13         490          2357.84              1            233  
    14         525          2339.37              1            190  
    15         560          2329.77              1            108  
    16         595          2326.23              1            109  
    17         630          2320.58              1            102  
    18         665           2317.1              1            120  
    19         700          2311.49              1            167  
                                                        First-order 
 Iteration  Func-count       f(x)        Step-size       optimality
    20         735          2304.78              1            154  
    21         770          2295.13              1            229  
    22         805          2286.12              1            252  
    23         840          2278.58              1            161  
    24         875           2273.3              1           98.2  
    25         910          2268.97              1           88.3  
    26         945          2264.07              1            147  
    27         980          2259.84              1            134  
    28        1015          2256.28              1           97.2  
    29        1050          2252.06              1            122  
    30        1085          2246.18              1            109  
    31        1120          2239.16              1            101  
    32        1190          2233.61       0.401195            145  
    33        1225          2230.06              1           97.4  
    34        1260          2224.98              1            113  
    35        1295          2221.56              1            118  
    36        1330          2203.99              1            206  
    37        1365          2194.07              1            123  
    38        1400          2181.15              1           76.3  
    39        1435          2177.61              1            110  
                                                        First-order 
 Iteration  Func-count       f(x)        Step-size       optimality
    40        1470          2175.65              1            107  
    41        1505          2172.98              1           65.5  
    42        1540          2169.06              1           68.3  
    43        1575          2167.17              1           66.6  
    44        1610          2164.97              1           79.1  
    45        1645          2163.12              1           83.1  
    46        1680          2160.59              1           77.9  
    47        1715          2157.61              1            114  
    48        1750          2154.66              1           99.9  
    49        1785          2152.66              1           54.1  
    50        1820          2151.86              1           26.3  
    51        1855           2151.4              1             36  
    52        1890           2150.8              1           46.8  
    53        1925           2149.9              1           45.5  
    54        1960          2148.54              1           37.7  
    55        1995          2147.16              1           31.4  
    56        2030          2146.43              1           22.3  
    57        2065          2146.18              1             20  
    58        2100          2145.96              1           19.7  
    59        2135          2145.49              1           21.6  
                                                        First-order 
 Iteration  Func-count       f(x)        Step-size       optimality
    60        2170          2144.55              1           21.5  
    61        2205          2143.27              1           26.5  
    62        2310          2142.95       0.229785           24.9  
    63        2415          2142.58           0.19           21.2  
    64        2555          2142.38          0.109           21.1  
    65        3920           2142.3      0.0441958            860  

Local minimum possible.

fminunc stopped because it cannot decrease the objective function
along the current search direction.




Computing finite-difference Hessian using objective function.
Predicted change in objective function too small.
Current draw: 1000 of 5000
Current draw: 2000 of 5000
Current draw: 3000 of 5000
Current draw: 4000 of 5000
Current draw: 5000 of 5000
Elapsed time is 755.882866 seconds.
Ran Forecast Type 2for Model 104 and Horizon 12
Performing iteration ending on 2016M10 of model 105
Warning: This should be expanded with the country names in case of panel
> In abstvar/abstvar/check_inputs
  In abstvar
  In svar
  In scriptEstimateMode_FULL (line 96)
  In run (line 86)
  In msreg_2reg_endoprob_SVAR_FULL_OOS (line 231)
  In OOS_slurm_IF (line 4)
    'c(3,1,sync,1)>=c(3,1,sync,2)'
    'a0(1,GDPG,sync,1)=0'
    'a0(2,GDPG,sync,1)=0'
    'a0(1,MF,sync,1)=0'
    'a0(1,GDPG,sync,2)=0'
    'a0(2,GDPG,sync,2)=0'
    'a0(1,MF,sync,2)=0'
    'a1(3,GDPG)=0'
    's(3,3,sync,1)<=s(3,3,sync,2)'

 parameter: A12, density:NORMAL, hyperparameters: [0.5 0.5],convergence 0
 parameter: A21, density:NORMAL, hyperparameters: [0.5 0.5],convergence 0
 parameter: B12, density:GAMMA, hyperparameters: [4 0.125],convergence 0
 parameter: C12, density:GAMMA, hyperparameters: [4 0.125],convergence 0
 parameter: B21, density:GAMMA, hyperparameters: [4 0.125],convergence 0
 parameter: C21, density:GAMMA, hyperparameters: [4 0.125],convergence 0
                                                        First-order 
 Iteration  Func-count       f(x)        Step-size       optimality
     0          33          15063.3                      1.37e+04
     1          66          3890.82    7.30391e-05       2.68e+03  
     2          99          3005.56              1       1.49e+03  
     3         132          2651.77              1            800  
     4         165          2366.26              1            302  
     5         198           2294.1              1            159  
     6         231           2273.3              1            155  
     7         264          2258.11              1            212  
     8         297          2229.93              1            258  
     9         330          2189.75              1            214  
    10         363           2167.4              1            197  
    11         396          2159.22              1            137  
    12         429          2146.09              1            105  
    13         462          2140.59              1            115  
    14         495          2126.45              1            181  
    15         528           2118.5              1            166  
    16         561          2107.16              1            137  
    17         594          2100.27              1            126  
    18         627          2097.18              1           95.3  
    19         660          2093.92              1           69.6  
                                                        First-order 
 Iteration  Func-count       f(x)        Step-size       optimality
    20         693          2089.61              1            115  
    21         726          2086.66              1           85.9  
    22         759          2085.18              1           52.3  
    23         792           2084.1              1           46.5  
    24         825          2081.95              1            115  
    25         858          2076.44              1            229  
    26         891          2068.73              1            283  
    27         924          2061.61              1            191  
    28         957          2058.47              1           69.7  
    29         990          2056.86              1           56.1  
    30        1023          2054.84              1            128  
    31        1056           2051.2              1            186  
    32        1089          2046.43              1            168  
    33        1122          2043.69              1           77.4  
    34        1155          2042.86              1           30.4  
    35        1188          2042.44              1           31.1  
    36        1221          2041.79              1           61.9  
    37        1254          2040.68              1           80.9  
    38        1287          2039.23              1             70  
    39        1320          2038.14              1           28.8  
                                                        First-order 
 Iteration  Func-count       f(x)        Step-size       optimality
    40        1353          2037.61              1           23.9  
    41        1386          2037.18              1           33.9  
    42        1419          2036.55              1           52.5  
    43        1452          2035.64              1           54.4  
    44        1485           2034.7              1           31.9  
    45        1518          2033.99              1           35.9  
    46        1551          2033.33              1           34.5  
    47        1584          2032.17              1           69.8  
    48        1617          2030.09              1            102  
    49        1650           2027.5              1             98  
    50        1683          2025.89              1           50.6  
    51        1716          2025.31              1           19.4  
    52        1749          2025.07              1           19.4  
    53        1782          2024.68              1           35.2  
    54        1815          2023.81              1           60.6  
    55        1848          2022.34              1           77.1  
    56        1947          2021.92           0.19           74.3  
    57        3102           2021.8      0.0339672            994  

Local minimum possible.

fminunc stopped because it cannot decrease the objective function
along the current search direction.




Computing finite-difference Hessian using objective function.
Predicted change in objective function too small.
Current draw: 1000 of 5000
Current draw: 2000 of 5000
Current draw: 3000 of 5000
Current draw: 4000 of 5000
Current draw: 5000 of 5000
Elapsed time is 691.751191 seconds.
Ran Forecast Type 2for Model 105 and Horizon 12
Performing iteration ending on 2016M10 of model 106
Warning: This should be expanded with the country names in case of panel
> In abstvar/abstvar/check_inputs
  In abstvar
  In svar
  In scriptEstimateMode_FULL (line 96)
  In run (line 86)
  In msreg_2reg_endoprob_SVAR_FULL_OOS (line 231)
  In OOS_slurm_IF (line 4)
    'c(3,1,sync,1)>=c(3,1,sync,2)'
    'a0(1,GDPG)=0'
    'a0(1,MF)=0'
    'a0(2,GDPG)=0'
    'a1(3,GDPG,sync,1)=0'
    'a1(3,GDPG,sync,2)=0'
    's(3,3,sync,1)<=s(3,3,sync,2)'

 parameter: A12, density:NORMAL, hyperparameters: [0.5 0.5],convergence 0
 parameter: A21, density:NORMAL, hyperparameters: [0.5 0.5],convergence 0
 parameter: B12, density:GAMMA, hyperparameters: [4 0.125],convergence 0
 parameter: C12, density:GAMMA, hyperparameters: [4 0.125],convergence 0
 parameter: B21, density:GAMMA, hyperparameters: [4 0.125],convergence 0
 parameter: C21, density:GAMMA, hyperparameters: [4 0.125],convergence 0
                                                        First-order 
 Iteration  Func-count       f(x)        Step-size       optimality
     0          38          15063.3                      1.37e+04
     1          76          3710.54    7.30391e-05       1.79e+03  
     2         114          3146.63              1        1.2e+03  
     3         152          2577.14              1            430  
     4         190          2426.33              1            280  
     5         228          2347.66              1            255  
     6         266          2317.16              1            211  
     7         304          2297.69              1            155  
     8         342          2278.47              1            151  
     9         380          2255.55              1            157  
    10         418           2224.5              1            250  
    11         456          2196.25              1            324  
    12         494          2180.25              1            274  
    13         532          2132.69              1            251  
    14         570          2121.58              1            165  
    15         608          2105.42              1            144  
    16         646          2092.19              1            183  
    17         684          2085.25              1           90.6  
    18         722           2081.2              1            143  
    19         760          2075.68              1            135  
                                                        First-order 
 Iteration  Func-count       f(x)        Step-size       optimality
    20         798          2069.14              1            121  
    21         836          2063.19              1            130  
    22         874          2058.57              1           83.9  
    23         912          2055.55              1           45.3  
    24         950           2054.3              1           48.7  
    25         988          2052.76              1           59.5  
    26        1026          2049.68              1           85.3  
    27        1064          2045.01              1            128  
    28        1102          2037.96              1            198  
    29        1140           2030.3              1            183  
    30        1178           2025.3              1           78.7  
    31        1216          2023.53              1           49.3  
    32        1254           2022.5              1           35.1  
    33        1292          2020.78              1           65.8  
    34        1330          2018.97              1           64.5  
    35        1368          2016.95              1           84.9  
    36        1406          2015.06              1           76.7  
    37        1444             2014              1           36.1  
    38        1482          2013.69              1           14.3  
    39        1520          2013.58              1           10.8  
                                                        First-order 
 Iteration  Func-count       f(x)        Step-size       optimality
    40        1558          2013.49              1           12.8  
    41        1596          2013.37              1           19.6  
    42        1634          2013.24              1           20.7  
    43        1672          2013.13              1           11.6  
    44        1710          2013.06              1           11.8  
    45        1748          2012.99              1           15.3  
    46        1786          2012.87              1           27.3  
    47        1824           2012.7              1           33.2  
    48        1862          2012.53              1           24.3  
    49        1900          2012.45              1           7.49  
    50        1938          2012.42              1           6.35  
    51        1976           2012.4              1           8.31  
    52        2014          2012.35              1           14.4  
    53        2052          2012.27              1           17.8  
    54        2090          2012.17              1           14.2  
    55        2128          2012.11              1           5.54  
    56        2166          2012.08              1           4.32  
    57        2204          2012.06              1           4.94  
    58        2242          2012.02              1           7.16  
    59        2280          2011.95              1           7.77  
                                                        First-order 
 Iteration  Func-count       f(x)        Step-size       optimality
    60        2318          2011.84              1           7.34  
    61        2432          2011.81           0.19           6.76  
    62        2546          2011.77           0.19           5.46  
    63        2698          2011.75          0.109           4.68  
    64        5130          2011.74      0.0146101          1e+03  

Local minimum possible.

fminunc stopped because it cannot decrease the objective function
along the current search direction.




Computing finite-difference Hessian using objective function.
Predicted change in objective function too small.
Current draw: 1000 of 5000
Current draw: 2000 of 5000
Current draw: 3000 of 5000
Current draw: 4000 of 5000
Current draw: 5000 of 5000
Elapsed time is 850.672961 seconds.
Ran Forecast Type 2for Model 106 and Horizon 12
Performing iteration ending on 2016M10 of model 107
Warning: This should be expanded with the country names in case of panel
> In abstvar/abstvar/check_inputs
  In abstvar
  In svar
  In scriptEstimateMode_FULL (line 96)
  In run (line 86)
  In msreg_2reg_endoprob_SVAR_FULL_OOS (line 231)
  In OOS_slurm_IF (line 4)
    'c(3,1,sync,1)>=c(3,1,sync,2)'
    'a0(1,GDPG,sync,1)=0'
    'a0(2,GDPG,sync,1)=0'
    'a0(1,MF,sync,1)=0'
    'a0(1,GDPG,sync,2)=0'
    'a0(2,GDPG,sync,2)=0'
    'a0(1,MF,sync,2)=0'
    'a1(3,GDPG,sync,1)=0'
    'a1(3,GDPG,sync,2)=0'
    's(3,3,sync,1)<=s(3,3,sync,2)'

 parameter: A12, density:NORMAL, hyperparameters: [0.5 0.5],convergence 0
 parameter: A21, density:NORMAL, hyperparameters: [0.5 0.5],convergence 0
 parameter: B12, density:GAMMA, hyperparameters: [4 0.125],convergence 0
 parameter: C12, density:GAMMA, hyperparameters: [4 0.125],convergence 0
 parameter: B21, density:GAMMA, hyperparameters: [4 0.125],convergence 0
 parameter: C21, density:GAMMA, hyperparameters: [4 0.125],convergence 0
                                                        First-order 
 Iteration  Func-count       f(x)        Step-size       optimality
     0          41          15063.3                      1.37e+04
     1          82           3759.4    7.30391e-05       1.88e+03  
     2         123          3170.71              1       1.23e+03  
     3         164          2591.02              1            430  
     4         205          2441.68              1            267  
     5         246          2367.48              1            244  
     6         287          2338.52              1            206  
     7         328           2319.1              1            157  
     8         369          2300.33              1            148  
     9         410          2279.22              1            148  
    10         451          2249.16              1            232  
    11         492          2223.16              1            279  
    12         533          2205.97              1            252  
    13         574          2167.23              1            292  
    14         615          2153.65              1            159  
    15         656          2135.83              1            143  
    16         697          2120.89              1            181  
    17         738           2111.7              1            139  
    18         779          2107.62              1            117  
    19         820          2103.26              1            124  
                                                        First-order 
 Iteration  Func-count       f(x)        Step-size       optimality
    20         861          2096.12              1            149  
    21         902          2089.87              1           79.6  
    22         943          2085.81              1           69.8  
    23         984          2083.07              1           71.3  
    24        1025          2080.95              1           55.2  
    25        1066           2079.3              1           50.8  
    26        1107           2077.1              1           53.7  
    27        1148          2074.78              1             82  
    28        1189          2071.51              1           88.4  
    29        1230          2066.27              1            123  
    30        1271          2058.77              1            115  
    31        1312          2050.69              1            111  
    32        1353          2044.61              1           80.1  
    33        1394          2040.86              1           61.5  
    34        1435          2037.81              1             45  
    35        1476           2035.2              1           58.4  
    36        1517           2032.3              1           74.3  
    37        1558          2029.06              1           55.7  
    38        1599          2026.38              1           54.3  
    39        1640          2024.04              1           41.4  
                                                        First-order 
 Iteration  Func-count       f(x)        Step-size       optimality
    40        1681          2021.78              1           65.4  
    41        1722          2020.27              1           52.5  
    42        1763          2019.57              1           22.2  
    43        1804          2019.29              1           15.6  
    44        1845          2019.06              1           17.4  
    45        2952          2018.98       0.176318             55  
    46        4510          2018.98    2.74541e-08          1e+03  

Local minimum possible.

fminunc stopped because the size of the current step is less than
the selected value of the step size tolerance.




Local minimum possible.

fminunc stopped because it cannot decrease the objective function
along the current search direction.




Computing finite-difference Hessian using objective function.
Predicted change in objective function too small.
Current draw: 1000 of 5000
Current draw: 2000 of 5000
Current draw: 3000 of 5000
Current draw: 4000 of 5000
Current draw: 5000 of 5000
Elapsed time is 813.943158 seconds.
Ran Forecast Type 2for Model 107 and Horizon 12
Performing iteration ending on 2016M10 of model 108
Warning: This should be expanded with the country names in case of panel
> In abstvar/abstvar/check_inputs
  In abstvar
  In svar
  In scriptEstimateMode_FULL (line 96)
  In run (line 86)
  In msreg_2reg_endoprob_SVAR_FULL_OOS (line 231)
  In OOS_slurm_IF (line 4)
    'c(3,1,sync,1)>=c(3,1,sync,2)'
    'a0(1,GDPG)=0'
    'a0(1,MF)=0'
    'a0(2,GDPG)=0'
    'a1(3,GDPG)=0'
    's(3,3,sync,1)<=s(3,3,sync,2)'

 parameter: A12, density:NORMAL, hyperparameters: [0.5 0.5],convergence 0
 parameter: A21, density:NORMAL, hyperparameters: [0.5 0.5],convergence 0
 parameter: B12, density:GAMMA, hyperparameters: [4 0.125],convergence 0
 parameter: C12, density:GAMMA, hyperparameters: [4 0.125],convergence 0
 parameter: B21, density:GAMMA, hyperparameters: [4 0.125],convergence 0
 parameter: C21, density:GAMMA, hyperparameters: [4 0.125],convergence 0
                                                        First-order 
 Iteration  Func-count       f(x)        Step-size       optimality
     0          28          15063.3                      1.37e+04
     1          56          3791.77    7.30391e-05       2.62e+03  
     2          84           3028.4              1       1.47e+03  
     3         112          2720.11              1            728  
     4         140          2490.32              1            369  
     5         168          2406.46              1            234  
     6         196           2380.7              1            244  
     7         224          2368.95              1            225  
     8         252           2353.5              1            176  
     9         280          2332.35              1            203  
    10         308          2314.17              1            137  
    11         336           2307.9              1           95.8  
    12         364          2305.28              1           53.2  
    13         392          2302.93              1           43.3  
    14         420          2300.11              1           96.6  
    15         448          2296.21              1            132  
    16         476           2290.2              1            134  
    17         504          2283.56              1           93.8  
    18         532          2279.18              1           62.9  
    19         560          2276.97              1           64.5  
                                                        First-order 
 Iteration  Func-count       f(x)        Step-size       optimality
    20         588          2274.98              1           63.6  
    21         616          2271.39              1           76.9  
    22         644          2264.75              1            101  
    23         672          2255.26              1            106  
    24         700          2247.13              1           99.9  
    25         728          2243.19              1            105  
    26         756          2240.21              1           94.3  
    27         784           2235.5              1            110  
    28         812          2228.05              1            174  
    29         868          2221.21       0.708074            156  
    30         924          2219.94       0.142752            139  
    31        1204          2219.89      0.0057767            454  
    32        1260          2215.76       0.282319           33.6  
    33        1288          2215.23              1           27.6  
    34        1316          2214.22              1           26.2  
    35        1344          2213.41              1           29.3  
    36        1372          2212.06              1           34.3  
    37        1400          2211.06              1           36.5  
    38        1428          2210.07              1           36.5  
    39        1456          2209.05              1           34.5  
                                                        First-order 
 Iteration  Func-count       f(x)        Step-size       optimality
    40        1484          2207.84              1           30.7  
    41        1512          2206.75              1           27.4  
    42        1540          2205.86              1           32.1  
    43        1568          2204.97              1           42.1  
    44        1596          2203.61              1           45.6  
    45        1624          2201.64              1           34.6  
    46        1652          2199.74              1           28.3  
    47        1680          2198.81              1           28.2  
    48        1708          2198.19              1           37.8  
    49        1736          2196.75              1           50.4  
    50        1764          2194.14              1           59.9  
    51        1792          2190.15              1             57  
    52        1820          2186.87              1           47.1  
    53        1848          2185.43              1             48  
    54        1876          2184.95              1           39.4  
    55        1904          2184.62              1           27.7  
    56        1932          2184.17              1           15.6  
    57        1960          2183.82              1           13.5  
    58        1988          2183.65              1           17.1  
    59        2016          2183.55              1           16.8  
                                                        First-order 
 Iteration  Func-count       f(x)        Step-size       optimality
    60        2044           2183.4              1           13.5  
    61        2072           2183.1              1           13.6  
    62        2100          2182.66              1           11.4  
    63        2128          2182.27              1           8.22  
    64        2156          2182.09              1           7.62  
    65        2184          2182.03              1           7.55  
    66        2212          2181.96              1           8.65  
    67        2240           2181.8              1           10.3  
    68        2268          2181.49              1           11.9  
    69        2324          2181.19            0.5           15.7  
    70        2408          2180.98           0.19           19.8  
    71        3276          2180.93      0.0323009            992  
    72        4172          2180.93    1.73653e-10            995  

Local minimum possible.

fminunc stopped because the size of the current step is less than
the selected value of the step size tolerance.




Local minimum possible.

fminunc stopped because it cannot decrease the objective function
along the current search direction.




Computing finite-difference Hessian using objective function.
Predicted change in objective function too small.
Current draw: 1000 of 5000
Current draw: 2000 of 5000
Current draw: 3000 of 5000
Current draw: 4000 of 5000
Current draw: 5000 of 5000
Elapsed time is 761.602174 seconds.
Ran Forecast Type 2for Model 108 and Horizon 12
