222
------------------------------------------
Setting up environment variables
---
LD_LIBRARY_PATH is .:/opt/MATLAB/R2017a/runtime/glnxa64:/opt/MATLAB/R2017a/bin/glnxa64:/opt/MATLAB/R2017a/sys/os/glnxa64:/opt/MATLAB/R2017a/sys/opengl/lib/glnxa64
Warning: Method directories not allowed in MATLAB path: /if/home/m1pac03/.mcrCache9.2/OOS_sl0/if/gms_research_gar/GAR/MS-VAR/RISE_toolbox2/classes/models/@dsge/private

	Personal pathdef has been created in your preference directory:
	/if/home/m1pac03/.mcrCache9.2/OOS_sl0/.matlab

Running on SLURM; using 1 cores as assigned on this node.

Performing iteration ending on 2017M6 of model 101
Warning: This should be expanded with the country names in case of panel
> In abstvar/abstvar/check_inputs
  In abstvar
  In svar
  In scriptEstimateMode_FULL (line 96)
  In run (line 86)
  In msreg_2reg_endoprob_SVAR_FULL_OOS (line 231)
  In OOS_slurm_IF (line 4)
    'c(3,1,sync,1)>=c(3,1,sync,2)'
    'a0(1,GDPG)=0'
    'a0(1,MF)=0'
    'a0(2,GDPG)=0'
    'a1(3,GDPG)=0'

 parameter: A12, density:NORMAL, hyperparameters: [0.5 0.5],convergence 0
 parameter: A21, density:NORMAL, hyperparameters: [0.5 0.5],convergence 0
 parameter: B12, density:GAMMA, hyperparameters: [4 0.125],convergence 0
 parameter: C12, density:GAMMA, hyperparameters: [4 0.125],convergence 0
 parameter: B21, density:GAMMA, hyperparameters: [4 0.125],convergence 0
 parameter: C21, density:GAMMA, hyperparameters: [4 0.125],convergence 0
                                                        First-order 
 Iteration  Func-count       f(x)        Step-size       optimality
     0          27          15173.1                       2.3e+04
     1          54          3810.12    4.34617e-05       2.03e+03  
     2          81          3305.56              1       1.49e+03  
     3         108          2660.32              1            593  
     4         135          2509.95              1            286  
     5         162          2461.56              1            232  
     6         189          2448.45              1            242  
     7         216          2438.42              1            233  
     8         243          2423.56              1            197  
     9         270          2404.48              1            144  
    10         297          2386.69              1            207  
    11         324           2378.4              1            188  
    12         351          2372.04              1            119  
    13         378          2365.48              1           82.3  
    14         405          2363.02              1           79.1  
    15         432          2360.44              1           84.7  
    16         459          2355.93              1           98.2  
    17         486          2346.49              1            147  
    18         513          2335.23              1            151  
    19         540          2327.82              1           89.8  
                                                        First-order 
 Iteration  Func-count       f(x)        Step-size       optimality
    20         567          2323.89              1           92.8  
    21         594          2321.94              1           85.9  
    22         621          2318.78              1           75.2  
    23         648          2311.24              1            134  
    24         675          2299.94              1            164  
    25         702           2289.7              1            127  
    26         729          2283.62              1            116  
    27         756          2281.23              1            116  
    28         783          2279.11              1            103  
    29         810          2274.51              1           81.8  
    30         837          2268.42              1            100  
    31         864          2263.33              1           72.4  
    32         891          2261.87              1             30  
    33         918          2261.66              1           16.3  
    34         945           2261.6              1             16  
    35         972          2261.39              1           15.5  
    36         999          2261.05              1           21.1  
    37        1026          2260.54              1           34.8  
    38        1053          2260.13              1           36.4  
    39        1080          2259.89              1           28.2  
                                                        First-order 
 Iteration  Func-count       f(x)        Step-size       optimality
    40        1107           2259.7              1           28.8  
    41        1134          2259.38              1           27.6  
    42        1161          2258.79              1           21.2  
    43        1188          2257.98              1           27.8  
    44        1215          2257.38              1           23.7  
    45        1242          2257.17              1           13.2  
    46        1269          2257.08              1           12.4  
    47        1296          2256.94              1           11.3  
    48        1323          2256.62              1           20.8  
    49        1350          2256.05              1           33.2  
    50        1377          2255.36              1           34.3  
    51        1404          2254.94              1           20.2  
    52        1431          2254.79              1           18.1  
    53        1458          2254.72              1           16.8  
    54        1485          2254.57              1           13.9  
    55        1512          2254.29              1           18.2  
    56        1539          2253.85              1           22.6  
    57        1566          2253.47              1           15.5  
    58        1593          2253.32              1           8.73  
    59        1620          2253.28              1           7.45  
                                                        First-order 
 Iteration  Func-count       f(x)        Step-size       optimality
    60        1647          2253.25              1            7.5  
    61        1674          2253.16              1             11  
    62        1701             2253              1           15.8  
    63        1728          2252.78              1             16  
    64        1755          2252.62              1           8.88  
    65        1782          2252.57              1           4.99  
    66        1809          2252.56              1           5.03  
    67        1836          2252.56              1           5.04  
    68        1863          2252.54              1           5.03  
    69        1890           2252.5              1              6  
    70        1917          2252.42              1           8.27  
    71        1944           2252.3              1           8.28  
    72        1971          2252.21              1           7.39  
    73        1998          2252.17              1           8.25  
    74        2025          2252.14              1            8.3  
    75        2052          2252.09              1           8.15  
    76        2079          2251.94              1           10.5  
    77        2106           2251.5              1             21  
    78        2133          2250.04              1           45.5  
    79        2187          2248.86       0.648642           62.3  
                                                        First-order 
 Iteration  Func-count       f(x)        Step-size       optimality
    80        2214          2245.52              1           77.3  
    81        2241          2238.25              1           59.3  
    82        2268          2236.55              1           32.7  
    83        2295          2236.16              1           32.9  
    84        2322          2235.31              1           31.9  
    85        2349          2235.08              1             32  
    86        2376          2234.63              1           31.8  
    87        2403          2233.87              1           31.3  
    88        2430          2232.25              1           29.5  
    89        2457          2229.66              1           37.4  
    90        2484          2226.89              1           33.4  
    91        2511          2225.16              1           29.6  
    92        2538          2224.56              1           29.1  
    93        2565          2224.35              1           26.2  
    94        2592          2223.99              1           24.6  
    95        2619          2223.24              1           22.6  
    96        2646          2222.11              1           18.8  
    97        2673          2221.12              1           14.9  
    98        2700          2220.72              1             16  
    99        2727          2220.63              1           14.6  
                                                        First-order 
 Iteration  Func-count       f(x)        Step-size       optimality
   100        2754          2220.57              1           13.1  
   101        2781          2220.41              1           12.4  
   102        2808          2220.06              1           9.85  
   103        2835          2219.62              1           9.73  
   104        2862           2219.3              1           8.04  
   105        2889           2219.2              1           5.78  
   106        2916          2219.18              1           5.77  
   107        2943          2219.17              1           5.84  
   108        2970          2219.12              1           5.96  
   109        2997             2219              1           6.52  
   110        3024           2218.7              1           10.7  
   111        3051          2218.06              1           17.3  
   112        3078          2217.05              1           22.3  
   113        3105          2215.87              1             17  
   114        3132           2215.1              1           12.6  
   115        3159          2215.01              1           12.5  
   116        3186          2214.97              1           11.7  
   117        3213           2214.9              1           10.1  
   118        3240          2214.77              1           8.75  
   119        3267          2214.51              1           9.21  
                                                        First-order 
 Iteration  Func-count       f(x)        Step-size       optimality
   120        3294          2214.22              1           7.54  
   121        3321          2214.06              1           6.17  
   122        3348          2214.03              1            6.3  
   123        3375          2214.02              1           6.33  
   124        3402             2214              1           6.36  
   125        3429          2213.96              1           6.36  
   126        3456          2213.86              1           6.26  
   127        3483          2213.61              1           7.54  
   128        3510          2213.08              1           11.7  
   129        3537          2212.33              1           12.9  
   130        3564          2211.84              1           8.56  
   131        3591          2211.64              1           2.77  
   132        3618          2211.61              1           2.31  
   133        3645           2211.6              1           2.26  
   134        3672           2211.6              1           2.24  
   135        3699          2211.59              1           2.21  
   136        3726          2211.58              1           4.35  
   137        3753          2211.54              1           7.44  
   138        3780          2211.46              1           10.6  
   139        3807          2211.34              1             11  
                                                        First-order 
 Iteration  Func-count       f(x)        Step-size       optimality
   140        3834          2211.25              1           6.66  
   141        3861          2211.22              1           1.65  
   142        3888          2211.21              1          0.785  
   143        3915          2211.21              1          0.746  
   144        3942          2211.21              1          0.726  
   145        3969          2211.21              1          0.753  
   146        3996          2211.21              1          0.794  
   147        4023          2211.21              1          0.851  
   148        4050           2211.2              1          0.918  
   149        4077          2211.18              1          0.951  
   150        4104          2211.14              1           1.12  
   151        4131          2211.09              1           1.22  
   152        4158          2211.04              1          0.849  
   153        4185          2211.02              1          0.449  
   154        4212          2211.01              1          0.539  
   155        4266          2210.94       0.236887           4.44  
   156        4347          2210.93      0.0253395           5.07  
   157        4374          2210.88              1           4.65  
   158        4401          2210.74              1           2.59  
   159        4428          2210.73              1           2.24  
                                                        First-order 
 Iteration  Func-count       f(x)        Step-size       optimality
   160        4455          2210.69              1          0.849  
   161        4482          2210.68              1          0.653  
   162        4509          2210.67              1          0.741  
   163        4536          2210.67              1          0.715  
   164        4563          2210.67              1          0.711  
   165        4590          2210.67              1          0.704  
   166        4617          2210.67              1          0.701  
   167        4644          2210.67              1          0.699  
   168        4671          2210.67              1          0.714  
   169        4698          2210.67              1           1.26  
   170        4725          2210.66              1           1.89  
   171        4752          2210.65              1            2.8  
   172        4779          2210.64              1           3.62  
   173        4806           2210.6              1           4.19  
   174        4833          2210.56              1           4.14  
   175        4860          2210.53              1           2.12  
   176        4887          2210.52              1          0.696  
   177        4914          2210.52              1          0.142  
   178        4941          2210.52              1          0.104  
   179        4968          2210.52              1         0.0972  
                                                        First-order 
 Iteration  Func-count       f(x)        Step-size       optimality
   180        4995          2210.52              1         0.0979  
   181        5022          2210.52              1         0.0986  
   182        5049          2210.52              1         0.0994  
   183        5076          2210.52              1            0.1  
   184        5103          2210.52              1          0.169  
   185        5130          2210.52              1          0.281  
   186        5157          2210.52              1          0.448  
   187        5184          2210.52              1          0.641  
   188        5211          2210.52              1          0.754  
   189        5238          2210.52              1          0.586  
   190        5265          2210.51              1          0.225  
   191        5292          2210.51              1         0.0295  
   192        5319          2210.51              1        0.00308  
   193        5346          2210.51              1        0.00307  
   194        5373          2210.51              1        0.00304  
   195        5400          2210.51              1        0.00303  
   196        5454          2210.51       0.387177        0.00307  
   197        5508          2210.51       0.151824        0.00307  
   198        5535          2210.51              1        0.00298  
   199        5562          2210.51              1        0.00318  
                                                        First-order 
 Iteration  Func-count       f(x)        Step-size       optimality
   200        5589          2210.51              1        0.00303  
   201        5616          2210.51              1        0.00304  
   202        5643          2210.51              1        0.00311  
   203        5670          2210.51              1        0.00308  
   204        5697          2210.51              1        0.00342  
   205        5724          2210.51              1        0.00269  
   206        5751          2210.51              1        0.00302  
   207        5778          2210.51              1        0.00369  
   208        5805          2210.51              1        0.00342  
   209        5832          2210.51              1         0.0051  
   210        5859          2210.51              1        0.00589  
   211        5886          2210.51              1        0.00858  
   212        5913          2210.51              1        0.00989  
   213        5940          2210.51              1        0.00696  
   214        5967          2210.51              1        0.00302  
   215        5994          2210.51              1        0.00115  
   216        6021          2210.51              1        0.00116  
   217        6075          2210.51       0.111166         0.0014  
   218        6102          2210.51              1       0.000824  
   219        6129          2210.51              1       0.000793  
                                                        First-order 
 Iteration  Func-count       f(x)        Step-size       optimality
   220        6156          2210.51              1        0.00058  
   221        6183          2210.51              1       0.000732  
   222        6210          2210.51              1       0.000458  
   223        6264          2210.51       0.254629       0.000336  

Local minimum found.

Optimization completed because the size of the gradient is less than
the selected value of the optimality tolerance.




Computing finite-difference Hessian using objective function.
First order optimality conditions satisfied.
Current draw: 1000 of 5000
Current draw: 2000 of 5000
Current draw: 3000 of 5000
Current draw: 4000 of 5000
Current draw: 5000 of 5000
Elapsed time is 1182.092795 seconds.
Ran Forecast Type 2for Model 101 and Horizon 12
Performing iteration ending on 2017M6 of model 102
Warning: This should be expanded with the country names in case of panel
> In abstvar/abstvar/check_inputs
  In abstvar
  In svar
  In scriptEstimateMode_FULL (line 96)
  In run (line 86)
  In msreg_2reg_endoprob_SVAR_FULL_OOS (line 231)
  In OOS_slurm_IF (line 4)
    'c(3,1,sync,1)>=c(3,1,sync,2)'
    'a0(1,GDPG)=0'
    'a0(1,MF)=0'
    'a0(2,GDPG)=0'
    'a1(3,GDPG)=0'
    's(3,3,sync,1)<=s(3,3,sync,2)'

 parameter: A12, density:NORMAL, hyperparameters: [0.5 0.5],convergence 0
 parameter: A21, density:NORMAL, hyperparameters: [0.5 0.5],convergence 0
 parameter: B12, density:GAMMA, hyperparameters: [4 0.125],convergence 0
 parameter: C12, density:GAMMA, hyperparameters: [4 0.125],convergence 0
 parameter: B21, density:GAMMA, hyperparameters: [4 0.125],convergence 0
 parameter: C21, density:GAMMA, hyperparameters: [4 0.125],convergence 0
                                                        First-order 
 Iteration  Func-count       f(x)        Step-size       optimality
     0          30          15173.1                      1.37e+04
     1          60          3886.67    7.28013e-05        2.8e+03  
     2          90          3019.17              1       1.59e+03  
     3         120          2679.11              1            822  
     4         150          2389.44              1            315  
     5         180           2312.3              1            167  
     6         210          2289.72              1            163  
     7         240          2273.26              1            225  
     8         270          2242.42              1            274  
     9         300          2197.86              1            227  
    10         330          2173.52              1            193  
    11         360          2164.14              1            115  
    12         390          2153.41              1           98.3  
    13         420          2148.44              1           98.2  
    14         450          2133.73              1            181  
    15         480          2124.47              1            165  
    16         510             2113              1            147  
    17         540          2106.08              1            140  
    18         570          2102.45              1            109  
    19         600          2098.34              1           78.9  
                                                        First-order 
 Iteration  Func-count       f(x)        Step-size       optimality
    20         630          2093.43              1            149  
    21         660          2089.78              1            123  
    22         690          2087.77              1           54.7  
    23         720          2086.36              1           52.5  
    24         750          2083.98              1            152  
    25         780          2078.84              1            266  
    26         810          2070.76              1            312  
    27         840           2064.6              1            182  
    28         870          2062.17              1           66.9  
    29         900          2061.09              1           59.2  
    30         930           2059.6              1            123  
    31         960          2056.91              1            164  
    32         990          2054.68              1            120  
    33        1020          2053.69              1           35.7  
    34        1050          2053.39              1           26.5  
    35        1080          2053.15              1           39.6  
    36        1110          2052.73              1           62.8  
    37        1140           2052.2              1           62.3  
    38        1170          2051.79              1           32.1  
    39        1200          2051.62              1           18.9  
                                                        First-order 
 Iteration  Func-count       f(x)        Step-size       optimality
    40        1230          2051.51              1           18.4  
    41        1260          2051.32              1           37.9  
    42        1290          2050.99              1           54.3  
    43        1320          2050.53              1           53.2  
    44        1350          2050.17              1           27.9  
    45        1380          2049.98              1           19.1  
    46        1410          2049.84              1           21.1  
    47        1440          2049.57              1           45.6  
    48        1470          2049.02              1             72  
    49        1500          2048.13              1           84.3  
    50        1530          2047.29              1           60.3  
    51        1560          2046.92              1             19  
    52        1590          2046.83              1           8.71  
    53        1620          2046.78              1             12  
    54        1650          2046.66              1           23.4  
    55        1680          2046.47              1           31.6  
    56        1710          2046.23              1           28.5  
    57        1740          2046.09              1             13  
    58        1770          2046.05              1           5.75  
    59        1800          2046.04              1           5.13  
                                                        First-order 
 Iteration  Func-count       f(x)        Step-size       optimality
    60        1830          2046.02              1           5.13  
    61        1860          2045.99              1           8.63  
    62        1890          2045.95              1           10.4  
    63        1920           2045.9              1           7.69  
    64        1950          2045.88              1            3.2  
    65        1980          2045.88              1           2.72  
    66        2010          2045.88              1           2.71  
    67        2040          2045.87              1           3.35  
    68        2070          2045.85              1           5.62  
    69        2100          2045.82              1           6.79  
    70        2130           2045.8              1           5.03  
    71        2160          2045.79              1           2.54  
    72        2190          2045.78              1           2.91  
    73        2220          2045.78              1           3.05  
    74        2250          2045.76              1           4.45  
    75        2280          2045.73              1           7.66  
    76        2310          2045.67              1           10.2  
    77        2340          2045.59              1           9.09  
    78        2370          2045.55              1           4.28  
    79        2400          2045.53              1           3.61  
                                                        First-order 
 Iteration  Func-count       f(x)        Step-size       optimality
    80        2430          2045.53              1           3.65  
    81        2460          2045.51              1           4.12  
    82        2490          2045.47              1           7.03  
    83        2520          2045.41              1           8.99  
    84        2550          2045.34              1           7.29  
    85        2580           2045.3              1              5  
    86        2610          2045.28              1           4.33  
    87        2640          2045.28              1            3.6  
    88        2670          2045.26              1           3.74  
    89        2700          2045.23              1           5.37  
    90        2730          2045.19              1           5.34  
    91        2760          2045.16              1           3.12  
    92        2790          2045.15              1           2.49  
    93        2820          2045.15              1           1.99  
    94        2850          2045.15              1           1.98  
    95        2880          2045.14              1           2.31  
    96        2910          2045.13              1           3.15  
    97        2940          2045.11              1           3.05  
    98        2970          2045.09              1           2.97  
    99        3000          2045.09              1           2.13  
                                                        First-order 
 Iteration  Func-count       f(x)        Step-size       optimality
   100        3030          2045.08              1           1.71  
   101        3060          2045.08              1           1.68  
   102        3090          2045.07              1           2.17  
   103        3120          2045.06              1           2.79  
   104        3150          2045.04              1           2.48  
   105        3180          2045.03              1           1.54  
   106        3210          2045.03              1           1.31  
   107        3240          2045.02              1           1.28  
   108        3270          2045.02              1           1.22  
   109        3300          2045.02              1           1.07  
   110        3330          2045.01              1           1.75  
   111        3360             2045              1           2.34  
   112        3390          2044.99              1           2.01  
   113        3420          2044.98              1          0.844  
   114        3450          2044.98              1          0.691  
   115        3480          2044.98              1          0.697  
   116        3510          2044.98              1          0.693  
   117        3540          2044.98              1          0.657  
   118        3570          2044.98              1          0.751  
   119        3600          2044.98              1          0.931  
                                                        First-order 
 Iteration  Func-count       f(x)        Step-size       optimality
   120        3630          2044.97              1          0.752  
   121        3660          2044.97              1          0.861  
   122        3690          2044.97              1          0.786  
   123        3720          2044.97              1          0.711  
   124        3750          2044.97              1          0.587  
   125        3780          2044.97              1          0.547  
   126        3810          2044.96              1          0.539  
   127        3840          2044.96              1          0.449  
   128        3870          2044.96              1          0.533  
   129        3900          2044.96              1           0.52  
   130        3930          2044.96              1          0.535  
   131        3960          2044.96              1          0.544  
   132        3990          2044.96              1          0.544  
   133        4020          2044.96              1          0.515  
   134        4050          2044.96              1          0.518  
   135        4080          2044.95              1           0.63  
   136        4110          2044.95              1          0.454  
   137        4140          2044.95              1           0.16  
   138        4170          2044.95              1          0.158  
   139        4200          2044.95              1          0.161  
                                                        First-order 
 Iteration  Func-count       f(x)        Step-size       optimality
   140        4230          2044.95              1          0.167  
   141        4260          2044.95              1           0.17  
   142        4290          2044.95              1          0.167  
   143        4320          2044.95              1          0.219  
   144        4350          2044.95              1          0.311  
   145        4380          2044.95              1          0.311  
   146        4410          2044.94              1          0.201  
   147        4440          2044.94              1          0.237  
   148        4470          2044.94              1           0.23  
   149        4500          2044.94              1          0.224  
   150        4530          2044.94              1          0.209  
   151        4560          2044.94              1          0.184  
   152        4590          2044.94              1          0.136  
   153        4620          2044.94              1          0.121  
   154        4650          2044.94              1          0.135  
   155        4680          2044.94              1         0.0866  
   156        4710          2044.94              1         0.0384  
   157        4740          2044.94              1         0.0394  
   158        4770          2044.94              1         0.0398  
   159        4800          2044.94              1         0.0401  
                                                        First-order 
 Iteration  Func-count       f(x)        Step-size       optimality
   160        4830          2044.94              1         0.0406  
   161        4860          2044.94              1         0.0408  
   162        4890          2044.94              1         0.0415  
   163        4920          2044.94              1         0.0414  
   164        4950          2044.94              1         0.0407  
   165        4980          2044.94              1         0.0512  
   166        5010          2044.94              1         0.0437  
   167        5040          2044.94              1         0.0195  
   168        5070          2044.94              1         0.0185  
   169        5100          2044.94              1         0.0177  
   170        5130          2044.94              1         0.0176  
   171        5160          2044.94              1         0.0173  
   172        5190          2044.94              1         0.0167  
   173        5220          2044.94              1          0.016  
   174        5250          2044.94              1         0.0136  
   175        5280          2044.94              1         0.0106  
   176        5310          2044.94              1        0.00946  
   177        5340          2044.94              1        0.00655  
   178        5370          2044.94              1        0.00279  
   179        5400          2044.94              1        0.00315  
                                                        First-order 
 Iteration  Func-count       f(x)        Step-size       optimality
   180        5430          2044.94              1        0.00309  
   181        5520          2044.94      0.0652105        0.00309  
   182        5580          2044.94       0.291153        0.00311  
   183        5670          2044.94      0.0274718         0.0032  
   184        5700          2044.94              1        0.00307  
   185        5730          2044.94              1        0.00324  
   186        5760          2044.94              1        0.00321  
   187        5820          2044.94       0.347878        0.00316  
   188        5850          2044.94              1        0.00302  
   189        5880          2044.94              1         0.0078  
   190        5910          2044.94              1        0.00636  
   191        5940          2044.94              1        0.00694  
   192        5970          2044.94              1        0.00549  
   193        6000          2044.94              1        0.00348  
   194        6030          2044.94              1         0.0033  
   195        6060          2044.94              1        0.00294  
   196        6090          2044.94              1        0.00168  
   197        6120          2044.94              1        0.00114  
   198        6150          2044.94              1       0.000854  
   199        6180          2044.94              1        0.00119  
                                                        First-order 
 Iteration  Func-count       f(x)        Step-size       optimality
   200        6270          2044.94      0.0935124       0.000885  
   201        6330          2044.94       0.264701       0.000946  
   202        6360          2044.94              1       0.000473  
   203        6420          2044.94       0.333639       0.000687  
   204        6450          2044.94              1       0.000443  
   205        6480          2044.94              1        0.00157  
   206        6510          2044.94              1        0.00122  
   207        6540          2044.94              1       0.000641  
   208        6570          2044.94              1       0.000519  
   209        6660          2044.94      0.0789973       0.000687  
   210        6690          2044.94              1       0.000839  
   211        6750          2044.94       0.241074         0.0011  
   212        6810          2044.94       0.296688       0.000778  
   213        6840          2044.94              1       0.000809  
   214        6930          2044.94      0.0298042       0.000443  

Local minimum possible.

fminunc stopped because it cannot decrease the objective function
along the current search direction.




Computing finite-difference Hessian using objective function.
Predicted change in objective function too small.
Current draw: 1000 of 5000
Current draw: 2000 of 5000
Current draw: 3000 of 5000
Current draw: 4000 of 5000
Current draw: 5000 of 5000
Elapsed time is 1279.080219 seconds.
Ran Forecast Type 2for Model 102 and Horizon 12
Performing iteration ending on 2017M6 of model 103
Warning: This should be expanded with the country names in case of panel
> In abstvar/abstvar/check_inputs
  In abstvar
  In svar
  In scriptEstimateMode_FULL (line 96)
  In run (line 86)
  In msreg_2reg_endoprob_SVAR_FULL_OOS (line 231)
  In OOS_slurm_IF (line 4)
    'c(3,1,sync,1)>=c(3,1,sync,2)'
    'a0(1,GDPG,sync,1)=0'
    'a0(2,GDPG,sync,1)=0'
    'a0(1,MF,sync,1)=0'
    'a0(1,GDPG,sync,2)=0'
    'a0(2,GDPG,sync,2)=0'
    'a0(1,MF,sync,2)=0'
    'a1(3,GDPG)=0'

 parameter: A12, density:NORMAL, hyperparameters: [0.5 0.5],convergence 0
 parameter: A21, density:NORMAL, hyperparameters: [0.5 0.5],convergence 0
 parameter: B12, density:GAMMA, hyperparameters: [4 0.125],convergence 0
 parameter: C12, density:GAMMA, hyperparameters: [4 0.125],convergence 0
 parameter: B21, density:GAMMA, hyperparameters: [4 0.125],convergence 0
 parameter: C21, density:GAMMA, hyperparameters: [4 0.125],convergence 0
                                                        First-order 
 Iteration  Func-count       f(x)        Step-size       optimality
     0          30          15173.1                       2.3e+04
     1          60          3861.54    4.34617e-05       2.13e+03  
     2          90          3335.84              1       1.55e+03  
     3         120           2672.3              1            609  
     4         150          2519.55              1            288  
     5         180          2471.91              1            227  
     6         210           2459.3              1            237  
     7         240          2449.37              1            228  
     8         270          2434.15              1            192  
     9         300          2415.23              1            148  
    10         330          2398.53              1            186  
    11         360          2391.74              1            190  
    12         390          2386.91              1            147  
    13         420          2378.36              1           76.3  
    14         450           2373.8              1           76.8  
    15         480          2371.29              1           88.2  
    16         510          2367.87              1           90.8  
    17         540          2361.87              1            113  
    18         570          2352.15              1            144  
    19         600          2344.87              1            103  
                                                        First-order 
 Iteration  Func-count       f(x)        Step-size       optimality
    20         630          2341.22              1           59.4  
    21         660           2339.7              1           59.1  
    22         690           2338.5              1           54.7  
    23         720          2334.91              1           84.4  
    24         750          2328.08              1            130  
    25         780          2317.62              1            142  
    26         810          2309.13              1           91.5  
    27         840          2304.58              1            104  
    28         870          2302.68              1            100  
    29         900          2300.35              1           85.6  
    30         930          2295.69              1           93.7  
    31         960          2288.86              1            103  
    32         990          2282.96              1           66.6  
    33        1020          2280.84              1           38.9  
    34        1050          2280.21              1           29.1  
    35        1080          2279.63              1           30.3  
    36        1110          2278.19              1           46.6  
    37        1140          2275.78              1           60.4  
    38        1170           2272.9              1             50  
    39        1200          2271.17              1           29.8  
                                                        First-order 
 Iteration  Func-count       f(x)        Step-size       optimality
    40        1230          2270.63              1           29.9  
    41        1260          2270.39              1           27.5  
    42        1290          2269.93              1           22.8  
    43        1320          2269.26              1           27.1  
    44        1350          2268.51              1           21.6  
    45        1380          2268.03              1           22.6  
    46        1410          2267.78              1           23.4  
    47        1440          2267.51              1           23.1  
    48        1470          2266.84              1           24.1  
    49        1500          2265.46              1           42.2  
    50        1530           2263.2              1           58.1  
    51        1560          2260.98              1           57.6  
    52        1590          2259.79              1             41  
    53        1620          2259.37              1           25.5  
    54        1650          2259.08              1           20.3  
    55        1680          2258.42              1             20  
    56        1710          2257.31              1           29.3  
    57        1740          2255.96              1           47.7  
    58        1770          2255.12              1           45.1  
    59        1800          2254.68              1           41.4  
                                                        First-order 
 Iteration  Func-count       f(x)        Step-size       optimality
    60        1830          2254.12              1           42.9  
    61        1860          2253.01              1           39.4  
    62        1890          2251.15              1           28.9  
    63        1920           2249.1              1           36.5  
    64        1950          2247.92              1           27.1  
    65        1980          2247.57              1           24.2  
    66        2010          2247.39              1           23.9  
    67        2040          2246.99              1           21.9  
    68        2070          2246.25              1           23.3  
    69        2100          2245.06              1           32.9  
    70        2130          2243.98              1           26.2  
    71        2160          2243.51              1           12.1  
    72        2190          2243.42              1           12.2  
    73        2220          2243.36              1           12.2  
    74        2250          2243.18              1           12.1  
    75        2280          2242.86              1           19.4  
    76        2310          2242.31              1           23.4  
    77        2340          2241.78              1           16.7  
    78        2370          2241.53              1           10.2  
    79        2400          2241.47              1           10.2  
                                                        First-order 
 Iteration  Func-count       f(x)        Step-size       optimality
    80        2430          2241.43              1           9.82  
    81        2460          2241.32              1            9.3  
    82        2490           2241.1              1           14.3  
    83        2520          2240.65              1           18.5  
    84        2550          2240.06              1           16.9  
    85        2580          2239.63              1           21.4  
    86        2610          2239.49              1             20  
    87        2640          2239.43              1           17.8  
    88        2670          2239.34              1           14.3  
    89        2700          2239.14              1           10.8  
    90        2730           2238.8              1           13.4  
    91        2760          2238.44              1           11.4  
    92        2790          2238.24              1           10.5  
    93        2820          2238.18              1           10.6  
    94        2850          2238.14              1           10.8  
    95        2880          2238.04              1           11.1  
    96        2910          2237.81              1           11.6  
    97        2940          2237.28              1           15.9  
    98        2970          2236.32              1           22.8  
    99        3000          2235.22              1             25  
                                                        First-order 
 Iteration  Func-count       f(x)        Step-size       optimality
   100        3030           2234.5              1             21  
   101        3060          2234.19              1           20.1  
   102        3090          2234.06              1           18.1  
   103        3120          2233.85              1           17.2  
   104        3150          2233.04              1           17.8  
   105        3180          2231.54              1           27.3  
   106        3210          2229.11              1           36.8  
   107        3240          2227.64              1           34.2  
   108        3270             2227              1           9.51  
   109        3300          2226.94              1           7.97  
   110        3330          2226.89              1           6.73  
   111        3360          2226.87              1           6.73  
   112        3390          2226.84              1           6.74  
   113        3420          2226.74              1           6.72  
   114        3450          2226.56              1           6.87  
   115        3480          2226.27              1           7.87  
   116        3510          2226.02              1           6.24  
   117        3540          2225.92              1           6.12  
   118        3570          2225.89              1           6.08  
   119        3600          2225.87              1           6.07  
                                                        First-order 
 Iteration  Func-count       f(x)        Step-size       optimality
   120        3630          2225.84              1           6.05  
   121        3660          2225.78              1           8.12  
   122        3690          2225.63              1           15.3  
   123        3720          2225.28              1           24.8  
   124        3750          2224.63              1           32.5  
   125        3780          2223.83              1           29.6  
   126        3810          2223.31              1           13.7  
   127        3840           2223.2              1           3.29  
   128        3870          2223.19              1           3.41  
   129        3900          2223.19              1           3.42  
   130        3930          2223.18              1            3.4  
   131        3960          2223.16              1           3.35  
   132        3990          2223.13              1           4.68  
   133        4020          2223.04              1           7.48  
   134        4050          2222.83              1           10.8  
   135        4080          2222.49              1             12  
   136        4110          2222.18              1           7.87  
   137        4140          2222.07              1           2.46  
   138        4170          2222.05              1              2  
   139        4200          2222.05              1           1.97  
                                                        First-order 
 Iteration  Func-count       f(x)        Step-size       optimality
   140        4230          2222.05              1           1.94  
   141        4260          2222.05              1           1.86  
   142        4290          2222.05              1           1.74  
   143        4320          2222.03              1           2.86  
   144        4350          2222.01              1           4.34  
   145        4380          2221.97              1           5.26  
   146        4410          2221.92              1           4.14  
   147        4440           2221.9              1           1.72  
   148        4470          2221.89              1           1.59  
   149        4500          2221.89              1            1.5  
   150        4530          2221.89              1           1.45  
   151        4560          2221.89              1           1.31  
   152        4590          2221.88              1           1.11  
   153        4620          2221.87              1           1.31  
   154        4650          2221.84              1           1.93  
   155        4680          2221.79              1           2.41  
   156        4710          2221.72              1           2.13  
   157        4740          2221.67              1           1.37  
   158        4770          2221.66              1            1.3  
   159        4800          2221.66              1           1.23  
                                                        First-order 
 Iteration  Func-count       f(x)        Step-size       optimality
   160        4830          2221.66              1            1.2  
   161        4860          2221.66              1           1.15  
   162        4890          2221.66              1           1.08  
   163        4920          2221.66              1          0.961  
   164        4950          2221.65              1           1.03  
   165        4980          2221.63              1           1.55  
   166        5010          2221.59              1           2.27  
   167        5040           2221.5              1            4.2  
   168        5100           2221.4       0.299787            8.6  
   169        5130          2221.26              1           9.33  
   170        5160             2221              1           10.2  
   171        5190          2220.86              1           5.05  
   172        5220          2220.79              1           4.94  
   173        5250           2220.7              1              2  
   174        5280          2220.69              1           2.19  
   175        5310          2220.69              1           2.12  
   176        5340          2220.69              1           2.14  
   177        5370          2220.68              1           2.12  
   178        5400          2220.68              1           2.12  
   179        5430          2220.67              1           2.28  
                                                        First-order 
 Iteration  Func-count       f(x)        Step-size       optimality
   180        5460          2220.64              1           3.72  
   181        5490          2220.58              1           5.68  
   182        5520          2220.47              1           7.42  
   183        5550          2220.31              1           7.82  
   184        5580          2220.16              1           5.17  
   185        5610          2220.07              1           1.88  
   186        5640          2220.06              1          0.945  
   187        5670          2220.05              1          0.484  
   188        5700          2220.05              1          0.482  
   189        5730          2220.05              1          0.483  
   190        5760          2220.05              1          0.485  
   191        5790          2220.05              1          0.486  
   192        5820          2220.05              1          0.488  
   193        5850          2220.05              1          0.489  
   194        5880          2220.05              1          0.489  
   195        5910          2220.05              1           0.57  
   196        5940          2220.05              1          0.876  
   197        5970          2220.04              1           1.27  
   198        6000          2220.03              1           1.61  
   199        6030          2220.01              1            1.5  
                                                        First-order 
 Iteration  Func-count       f(x)        Step-size       optimality
   200        6060             2220              1          0.768  
   201        6090             2220              1          0.135  
   202        6120             2220              1         0.0629  
   203        6150             2220              1         0.0611  
   204        6180             2220              1          0.061  
   205        6210             2220              1         0.0611  
   206        6240             2220              1         0.0612  
   207        6270             2220              1         0.0613  
   208        6300             2220              1         0.0617  
   209        6330             2220              1         0.0928  
   210        6360             2220              1          0.153  
   211        6390             2220              1          0.222  
   212        6420             2220              1          0.274  
   213        6450          2219.99              1          0.228  
   214        6480          2219.99              1         0.0983  
   215        6510          2219.99              1         0.0143  
   216        6540          2219.99              1        0.00133  
   217        6570          2219.99              1        0.00132  
   218        6780          2219.99    0.000243785        0.00117  

Local minimum possible.

fminunc stopped because the size of the current step is less than
the selected value of the step size tolerance.




Computing finite-difference Hessian using objective function.
Change in X too small.
Current draw: 1000 of 5000
Current draw: 2000 of 5000
Current draw: 3000 of 5000
Current draw: 4000 of 5000
Current draw: 5000 of 5000
Elapsed time is 1199.905664 seconds.
Ran Forecast Type 2for Model 103 and Horizon 12
Performing iteration ending on 2017M6 of model 104
Warning: This should be expanded with the country names in case of panel
> In abstvar/abstvar/check_inputs
  In abstvar
  In svar
  In scriptEstimateMode_FULL (line 96)
  In run (line 86)
  In msreg_2reg_endoprob_SVAR_FULL_OOS (line 231)
  In OOS_slurm_IF (line 4)
    'c(3,1,sync,1)>=c(3,1,sync,2)'
    'a0(1,GDPG)=0'
    'a0(1,MF)=0'
    'a0(2,GDPG)=0'
    'a1(3,GDPG,sync,1)=0'
    'a1(3,GDPG,sync,2)=0'

 parameter: A12, density:NORMAL, hyperparameters: [0.5 0.5],convergence 0
 parameter: A21, density:NORMAL, hyperparameters: [0.5 0.5],convergence 0
 parameter: B12, density:GAMMA, hyperparameters: [4 0.125],convergence 0
 parameter: C12, density:GAMMA, hyperparameters: [4 0.125],convergence 0
 parameter: B21, density:GAMMA, hyperparameters: [4 0.125],convergence 0
 parameter: C21, density:GAMMA, hyperparameters: [4 0.125],convergence 0
                                                        First-order 
 Iteration  Func-count       f(x)        Step-size       optimality
     0          35          15173.1                       2.3e+04
     1          70          3933.12    4.34617e-05        2.1e+03  
     2         105          3373.47              1       1.52e+03  
     3         140          2876.22              1            751  
     4         175          2699.15              1            441  
     5         210          2605.22              1            463  
     6         245          2564.68              1            409  
     7         280          2537.34              1            310  
     8         315          2509.79              1            275  
     9         350          2486.72              1            266  
    10         385          2470.05              1            266  
    11         420          2446.83              1            358  
    12         455          2425.26              1            291  
    13         490          2385.44              1            239  
    14         525          2367.58              1            191  
    15         560          2358.16              1            103  
    16         595          2354.72              1            108  
    17         630           2349.1              1           99.9  
    18         665          2345.76              1            121  
    19         700          2339.98              1            165  
                                                        First-order 
 Iteration  Func-count       f(x)        Step-size       optimality
    20         735          2333.06              1            147  
    21         770          2322.99              1            236  
    22         805          2313.82              1            254  
    23         840          2306.09              1            159  
    24         875          2300.49              1            105  
    25         910          2295.87              1           90.3  
    26         945          2290.93              1            145  
    27         980          2286.83              1            124  
    28        1015          2283.37              1            103  
    29        1050          2279.08              1            120  
    30        1085          2272.99              1            111  
    31        1120          2265.44              1            110  
    32        1190          2260.61       0.255432            141  
    33        1225          2257.01              1           95.2  
    34        1260          2252.11              1            114  
    35        1295          2248.68              1            124  
    36        1330          2231.34              1            243  
    37        1365          2220.56              1            186  
    38        1400          2208.14              1            118  
    39        1435          2205.62              1            130  
                                                        First-order 
 Iteration  Func-count       f(x)        Step-size       optimality
    40        1470          2202.18              1           74.9  
    41        1505          2200.61              1           74.8  
    42        1540          2197.58              1           70.8  
    43        1575          2194.84              1           94.2  
    44        1610           2192.3              1           75.4  
    45        1645          2189.85              1           67.7  
    46        1680          2187.33              1           74.5  
    47        1715          2184.81              1           88.9  
    48        1750          2182.34              1           94.5  
    49        1785          2180.19              1           75.4  
    50        1820          2178.68              1             44  
    51        1855          2177.97              1           27.4  
    52        1890          2177.47              1           35.1  
    53        1925          2176.88              1           36.8  
    54        1960          2175.95              1           42.3  
    55        1995          2174.64              1           62.5  
    56        2030          2173.42              1           28.3  
    57        2065          2172.87              1           19.9  
    58        2100          2172.66              1           19.5  
    59        2135          2172.39              1           22.6  
                                                        First-order 
 Iteration  Func-count       f(x)        Step-size       optimality
    60        2170          2171.77              1           28.2  
    61        2205          2170.73              1           35.7  
    62        2240          2169.46              1           31.3  
    63        2345          2169.22           0.19           27.9  
    64        2520          2169.01         0.1171           24.4  
    65        3535          2168.97       0.019763            988  

Local minimum possible.

fminunc stopped because it cannot decrease the objective function
along the current search direction.




Computing finite-difference Hessian using objective function.
Predicted change in objective function too small.
Current draw: 1000 of 5000
Current draw: 2000 of 5000
Current draw: 3000 of 5000
Current draw: 4000 of 5000
Current draw: 5000 of 5000
Elapsed time is 954.058268 seconds.
Ran Forecast Type 2for Model 104 and Horizon 12
Performing iteration ending on 2017M6 of model 105
Warning: This should be expanded with the country names in case of panel
> In abstvar/abstvar/check_inputs
  In abstvar
  In svar
  In scriptEstimateMode_FULL (line 96)
  In run (line 86)
  In msreg_2reg_endoprob_SVAR_FULL_OOS (line 231)
  In OOS_slurm_IF (line 4)
    'c(3,1,sync,1)>=c(3,1,sync,2)'
    'a0(1,GDPG,sync,1)=0'
    'a0(2,GDPG,sync,1)=0'
    'a0(1,MF,sync,1)=0'
    'a0(1,GDPG,sync,2)=0'
    'a0(2,GDPG,sync,2)=0'
    'a0(1,MF,sync,2)=0'
    'a1(3,GDPG)=0'
    's(3,3,sync,1)<=s(3,3,sync,2)'

 parameter: A12, density:NORMAL, hyperparameters: [0.5 0.5],convergence 0
 parameter: A21, density:NORMAL, hyperparameters: [0.5 0.5],convergence 0
 parameter: B12, density:GAMMA, hyperparameters: [4 0.125],convergence 0
 parameter: C12, density:GAMMA, hyperparameters: [4 0.125],convergence 0
 parameter: B21, density:GAMMA, hyperparameters: [4 0.125],convergence 0
 parameter: C21, density:GAMMA, hyperparameters: [4 0.125],convergence 0
                                                        First-order 
 Iteration  Func-count       f(x)        Step-size       optimality
     0          33          15173.1                      1.37e+04
     1          66          3932.87    7.28013e-05       2.73e+03  
     2          99          3033.35              1       1.51e+03  
     3         132          2681.53              1            810  
     4         165          2394.59              1            306  
     5         198          2321.86              1            164  
     6         231          2300.93              1            159  
     7         264          2285.31              1            216  
     8         297          2256.25              1            262  
     9         330           2215.5              1            213  
    10         363          2194.01              1            197  
    11         396           2185.8              1            135  
    12         429          2172.97              1            102  
    13         462          2167.37              1            112  
    14         495          2153.44              1            181  
    15         528          2145.47              1            166  
    16         561          2134.49              1            133  
    17         594          2127.49              1            125  
    18         627          2124.33              1           96.4  
    19         660          2121.19              1           68.1  
                                                        First-order 
 Iteration  Func-count       f(x)        Step-size       optimality
    20         693          2116.88              1            123  
    21         726          2113.79              1           98.9  
    22         759           2112.2              1           53.1  
    23         792          2111.07              1           44.9  
    24         825          2109.02              1            119  
    25         858          2103.56              1            244  
    26         891          2095.45              1            318  
    27         924          2087.26              1            235  
    28         957          2083.51              1           74.9  
    29         990          2081.88              1           57.3  
    30        1023          2080.08              1            121  
    31        1056          2076.87              1            187  
    32        1089          2072.34              1            185  
    33        1122          2069.36              1           97.4  
    34        1155           2068.4              1             31  
    35        1188          2068.01              1           28.7  
    36        1221          2067.43              1           60.5  
    37        1254          2066.39              1             89  
    38        1287           2064.8              1           92.5  
    39        1320          2063.34              1           55.2  
                                                        First-order 
 Iteration  Func-count       f(x)        Step-size       optimality
    40        1353          2062.61              1           21.2  
    41        1386          2062.21              1           24.3  
    42        1419          2061.69              1           50.4  
    43        1452           2060.8              1           68.6  
    44        1485          2059.53              1           63.6  
    45        1518           2058.3              1           41.1  
    46        1551          2057.38              1           43.6  
    47        1584          2056.41              1           53.2  
    48        1617           2054.8              1           92.4  
    49        1650          2052.65              1            104  
    50        1683             2051              1           64.7  
    51        1716          2050.32              1           21.5  
    52        1749          2050.03              1           21.8  
    53        1782          2049.68              1           36.4  
    54        1815          2048.86              1           64.6  
    55        1848          2047.49              1           84.2  
    56        1881          2045.85              1           71.5  
    57        1980          2045.55       0.217756           62.1  
    58        2079          2045.26           0.19           50.4  
    59        2211          2045.12       0.112407             44  
                                                        First-order 
 Iteration  Func-count       f(x)        Step-size       optimality
    60        2904          2045.06       0.041621            136  
    61        3465          2045.06       2.71e-07          1e+03  

Local minimum possible.

fminunc stopped because it cannot decrease the objective function
along the current search direction.




Computing finite-difference Hessian using objective function.
Predicted change in objective function too small.
Current draw: 1000 of 5000
Current draw: 2000 of 5000
Current draw: 3000 of 5000
Current draw: 4000 of 5000
Current draw: 5000 of 5000
Elapsed time is 976.061393 seconds.
Ran Forecast Type 2for Model 105 and Horizon 12
Performing iteration ending on 2017M6 of model 106
Warning: This should be expanded with the country names in case of panel
> In abstvar/abstvar/check_inputs
  In abstvar
  In svar
  In scriptEstimateMode_FULL (line 96)
  In run (line 86)
  In msreg_2reg_endoprob_SVAR_FULL_OOS (line 231)
  In OOS_slurm_IF (line 4)
    'c(3,1,sync,1)>=c(3,1,sync,2)'
    'a0(1,GDPG)=0'
    'a0(1,MF)=0'
    'a0(2,GDPG)=0'
    'a1(3,GDPG,sync,1)=0'
    'a1(3,GDPG,sync,2)=0'
    's(3,3,sync,1)<=s(3,3,sync,2)'

 parameter: A12, density:NORMAL, hyperparameters: [0.5 0.5],convergence 0
 parameter: A21, density:NORMAL, hyperparameters: [0.5 0.5],convergence 0
 parameter: B12, density:GAMMA, hyperparameters: [4 0.125],convergence 0
 parameter: C12, density:GAMMA, hyperparameters: [4 0.125],convergence 0
 parameter: B21, density:GAMMA, hyperparameters: [4 0.125],convergence 0
 parameter: C21, density:GAMMA, hyperparameters: [4 0.125],convergence 0
                                                        First-order 
 Iteration  Func-count       f(x)        Step-size       optimality
     0          38          15173.1                      1.37e+04
     1          76          3743.07    7.28013e-05       1.79e+03  
     2         114          3178.99              1        1.2e+03  
     3         152          2604.75              1            429  
     4         190          2452.93              1            286  
     5         228          2374.26              1            254  
     6         266          2343.91              1            205  
     7         304           2324.1              1            146  
     8         342           2304.5              1            156  
     9         380          2281.17              1            162  
    10         418          2249.94              1            268  
    11         456          2221.91              1            330  
    12         494          2204.47              1            275  
    13         532          2156.72              1            285  
    14         570          2145.01              1            139  
    15         608          2131.67              1            115  
    16         646          2115.72              1            110  
    17         684          2110.36              1           83.4  
    18         722          2105.48              1            131  
    19         760           2100.6              1            110  
                                                        First-order 
 Iteration  Func-count       f(x)        Step-size       optimality
    20         798          2094.37              1            123  
    21         836          2088.78              1            125  
    22         874          2084.15              1           74.6  
    23         912          2081.21              1           49.1  
    24         950          2079.74              1           46.3  
    25         988          2077.97              1           65.8  
    26        1026          2074.88              1           81.4  
    27        1064          2069.97              1            132  
    28        1102          2062.69              1            197  
    29        1140          2054.15              1            173  
    30        1178          2049.06              1           66.2  
    31        1216           2047.4              1           56.8  
    32        1254          2046.18              1           39.3  
    33        1292          2044.68              1           57.1  
    34        1330          2043.21              1           62.8  
    35        1368          2041.37              1           90.4  
    36        1406          2039.41              1           80.2  
    37        1444          2038.22              1           35.8  
    38        1482          2037.88              1           16.8  
    39        1520          2037.76              1           10.5  
                                                        First-order 
 Iteration  Func-count       f(x)        Step-size       optimality
    40        1558          2037.68              1           11.5  
    41        1596          2037.56              1             22  
    42        1634          2037.42              1           23.8  
    43        1672           2037.3              1           12.9  
    44        1710          2037.22              1           12.2  
    45        1748          2037.15              1           14.7  
    46        1786          2037.05              1           26.6  
    47        1824          2036.89              1           32.6  
    48        1862          2036.74              1           24.4  
    49        1900          2036.66              1           7.54  
    50        1938          2036.63              1           5.14  
    51        1976           2036.6              1           8.92  
    52        2014          2036.56              1           15.8  
    53        2052          2036.47              1           20.4  
    54        2090          2036.37              1           17.4  
    55        2128          2036.31              1           6.92  
    56        2166          2036.28              1           4.61  
    57        2204          2036.27              1           5.03  
    58        2242          2036.23              1           9.58  
    59        2280          2036.17              1           14.1  
                                                        First-order 
 Iteration  Func-count       f(x)        Step-size       optimality
    60        2318          2036.06              1           16.1  
    61        2356          2035.93              1           11.6  
    62        2394          2035.86              1           3.65  
    63        2432          2035.84              1           3.31  
    64        2470          2035.83              1           3.19  
    65        2508          2035.81              1            3.6  
    66        2546          2035.77              1           4.14  
    67        2584          2035.73              1           3.72  
    68        2622           2035.7              1           2.34  
    69        2660          2035.69              1           1.98  
    70        2698          2035.69              1           1.99  
    71        2736          2035.68              1           1.99  
    72        2774          2035.67              1           2.74  
    73        2812          2035.65              1           3.67  
    74        2850          2035.63              1           3.66  
    75        2888          2035.62              1              3  
    76        2926          2035.61              1           2.13  
    77        2964          2035.61              1           1.95  
    78        3002           2035.6              1            3.3  
    79        3040          2035.58              1           5.95  
                                                        First-order 
 Iteration  Func-count       f(x)        Step-size       optimality
    80        3078          2035.54              1           7.26  
    81        3116          2035.52              1           5.13  
    82        3154          2035.51              1           2.16  
    83        3192           2035.5              1           2.25  
    84        3230          2035.49              1           2.68  
    85        3268          2035.48              1           5.38  
    86        3306          2035.45              1           8.11  
    87        3344          2035.41              1           8.77  
    88        3382          2035.38              1           5.46  
    89        3420          2035.37              1           2.07  
    90        3458          2035.36              1           1.87  
    91        3496          2035.36              1           2.69  
    92        3534          2035.34              1           4.84  
    93        3572          2035.32              1           6.37  
    94        3610           2035.3              1           5.51  
    95        3648          2035.29              1           2.48  
    96        3686          2035.28              1           1.58  
    97        3724          2035.28              1           1.49  
    98        3762          2035.27              1           3.04  
    99        3800          2035.26              1           4.92  
                                                        First-order 
 Iteration  Func-count       f(x)        Step-size       optimality
   100        3838          2035.24              1           5.65  
   101        3876          2035.22              1           3.75  
   102        3914          2035.21              1           1.92  
   103        3952          2035.21              1            1.9  
   104        3990          2035.21              1           1.84  
   105        4028          2035.21              1           1.93  
   106        4066           2035.2              1           3.19  
   107        4104          2035.19              1           4.21  
   108        4142          2035.17              1           3.76  
   109        4180          2035.16              1            1.7  
   110        4218          2035.15              1           1.59  
   111        4256          2035.15              1           1.48  
   112        4294          2035.15              1           1.76  
   113        4332          2035.14              1           2.58  
   114        4370          2035.13              1           2.63  
   115        4408          2035.13              1           1.52  
   116        4446          2035.13              1           1.06  
   117        4484          2035.12              1           1.09  
   118        4522          2035.12              1           1.02  
   119        4560          2035.12              1           1.13  
                                                        First-order 
 Iteration  Func-count       f(x)        Step-size       optimality
   120        4598          2035.12              1           1.49  
   121        4636          2035.11              1           1.22  
   122        4674          2035.11              1          0.763  
   123        4712          2035.11              1          0.769  
   124        4750          2035.11              1          0.765  
   125        4788          2035.11              1          0.881  
   126        4826          2035.11              1           1.42  
   127        4864           2035.1              1           1.76  
   128        4902          2035.09              1           1.37  
   129        4940          2035.09              1          0.648  
   130        4978          2035.09              1           0.54  
   131        5016          2035.09              1          0.494  
   132        5054          2035.09              1          0.583  
   133        5092          2035.09              1          0.768  
   134        5130          2035.09              1           1.05  
   135        5168          2035.08              1           1.08  
   136        5206          2035.08              1          0.658  
   137        5244          2035.08              1           0.54  
   138        5282          2035.08              1          0.526  
   139        5320          2035.08              1          0.489  
                                                        First-order 
 Iteration  Func-count       f(x)        Step-size       optimality
   140        5358          2035.08              1          0.418  
   141        5396          2035.08              1          0.486  
   142        5434          2035.08              1           0.47  
   143        5472          2035.07              1          0.319  
   144        5510          2035.07              1          0.304  
   145        5548          2035.07              1          0.304  
   146        5586          2035.07              1          0.304  
   147        5624          2035.07              1          0.301  
   148        5662          2035.07              1          0.313  
   149        5700          2035.07              1           0.44  
   150        5738          2035.07              1          0.441  
   151        5776          2035.07              1           0.33  
   152        5814          2035.07              1          0.269  
   153        5852          2035.07              1          0.246  
   154        5890          2035.07              1          0.239  
   155        5928          2035.07              1          0.231  
   156        5966          2035.07              1          0.219  
   157        6004          2035.07              1          0.286  
   158        6042          2035.07              1          0.296  
   159        6080          2035.06              1           0.22  
                                                        First-order 
 Iteration  Func-count       f(x)        Step-size       optimality
   160        6118          2035.06              1          0.191  
   161        6156          2035.06              1           0.19  
   162        6194          2035.06              1          0.188  
   163        6232          2035.06              1          0.184  
   164        6270          2035.06              1          0.174  
   165        6308          2035.06              1          0.154  
   166        6346          2035.06              1          0.152  
   167        6384          2035.06              1          0.139  
   168        6422          2035.06              1           0.16  
   169        6460          2035.06              1          0.168  
   170        6498          2035.06              1          0.163  
   171        6536          2035.06              1          0.154  
   172        6574          2035.06              1          0.136  
   173        6612          2035.06              1          0.103  
   174        6650          2035.06              1         0.0835  
   175        6688          2035.06              1         0.0837  
   176        6726          2035.06              1         0.0742  
   177        6764          2035.06              1         0.0773  
   178        6802          2035.06              1         0.0765  
   179        6840          2035.06              1         0.0744  
                                                        First-order 
 Iteration  Func-count       f(x)        Step-size       optimality
   180        6878          2035.06              1         0.0703  
   181        6916          2035.06              1          0.064  
   182        6954          2035.06              1         0.0623  
   183        6992          2035.06              1         0.0577  
   184        7030          2035.06              1          0.103  
   185        7068          2035.06              1          0.133  
   186        7106          2035.06              1          0.129  
   187        7144          2035.06              1          0.119  
   188        7182          2035.06              1           0.11  
   189        7220          2035.06              1         0.0897  
   190        7258          2035.06              1         0.0653  
   191        7296          2035.06              1         0.0661  
   192        7334          2035.06              1         0.0493  
   193        7372          2035.06              1         0.0368  
   194        7410          2035.06              1          0.025  
   195        7448          2035.06              1         0.0251  
   196        7486          2035.06              1         0.0252  
   197        7524          2035.06              1         0.0252  
   198        7562          2035.06              1         0.0256  
   199        7600          2035.06              1          0.026  
                                                        First-order 
 Iteration  Func-count       f(x)        Step-size       optimality
   200        7638          2035.06              1         0.0298  
   201        7676          2035.06              1         0.0454  
   202        7714          2035.06              1         0.0571  
   203        7752          2035.06              1         0.0443  
   204        7790          2035.06              1         0.0156  
   205        7828          2035.06              1        0.00937  
   206        7866          2035.06              1        0.00804  
   207        7904          2035.06              1        0.00789  
   208        7942          2035.06              1        0.00815  
   209        7980          2035.06              1        0.00851  
   210        8018          2035.06              1          0.011  
   211        8056          2035.06              1         0.0134  
   212        8094          2035.06              1         0.0135  
   213        8132          2035.06              1        0.00961  
   214        8170          2035.06              1        0.00883  
   215        8208          2035.06              1        0.00809  
   216        8246          2035.06              1        0.00493  
   217        8284          2035.06              1        0.00209  
   218        8322          2035.06              1        0.00139  
   219        8360          2035.06              1        0.00156  
                                                        First-order 
 Iteration  Func-count       f(x)        Step-size       optimality
   220        8398          2035.06              1        0.00154  
   221        8512          2035.06      0.0961674        0.00169  
   222        8550          2035.06              1        0.00169  
   223        8588          2035.06              1        0.00143  
   224        8626          2035.06              1        0.00163  
   225        8740          2035.06       0.116376        0.00188  
   226        8778          2035.06              1        0.00165  
   227        8816          2035.06              1        0.00166  
   228        8854          2035.06              1        0.00166  
   229        8892          2035.06              1        0.00166  
   230        8930          2035.06              1        0.00235  
   231        8968          2035.06              1        0.00175  
   232        9006          2035.06              1        0.00159  
   233        9044          2035.06              1        0.00174  
   234        9082          2035.06              1        0.00171  
   235        9120          2035.06              1        0.00136  
   236        9158          2035.06              1        0.00154  
   237        9196          2035.06              1        0.00188  
   238        9234          2035.06              1        0.00153  
   239        9272          2035.06              1       0.000885  
                                                        First-order 
 Iteration  Func-count       f(x)        Step-size       optimality
   240        9310          2035.06              1       0.000961  
   241        9348          2035.06              1       0.000916  
   242        9386          2035.06              1        0.00061  
   243        9462          2035.06       0.430864       0.000486  
   244        9500          2035.06              1       0.000549  
   245        9538          2035.06              1       0.000641  
   246        9576          2035.06              1       0.000687  
   247        9652          2035.06       0.294593        0.00047  
   248        9690          2035.06              1       0.000412  
   249        9728          2035.06              1       0.000565  
   250        9766          2035.06              1       0.000717  
   251        9804          2035.06              1       0.000946  
   252        9842          2035.06              1       0.000916  
   253        9880          2035.06              1       0.000595  
   254        9918          2035.06              1       0.000839  
   255        9956          2035.06              1       0.000488  
   256       10032          2035.06       0.373898       0.000515  
   257       10146          2035.06       0.220228       0.000434  
   258       10184          2035.06              1       0.000515  
   259       10260          2035.06       0.337236       0.000473  
                                                        First-order 
 Iteration  Func-count       f(x)        Step-size       optimality
   260       10298          2035.06              1       0.000397  
   261       10412          2035.06      0.0928677       0.000508  
   262       10488          2035.06       0.261238       0.000383  
   263       10564          2035.06       0.325962       0.000456  
   264       10640          2035.06       0.386214       0.000331  
   265       10716          2035.06       0.403278       0.000567  
   266       10830          2035.06      0.0255747       0.000478  
   267       10906          2035.06       0.310219       0.000545  
   268       11058          2035.06     0.00784704       0.000442  
   269       11172          2035.06      0.0417988       0.000449  
   270       11324          2035.06      0.0178302       0.000442  
   271       11476          2035.06     0.00272776       0.000339  
   272       11590          2035.06      0.0987582       0.000442  

Local minimum possible.

fminunc stopped because it cannot decrease the objective function
along the current search direction.




Computing finite-difference Hessian using objective function.
Predicted change in objective function too small.
Current draw: 1000 of 5000
Current draw: 2000 of 5000
Current draw: 3000 of 5000
Current draw: 4000 of 5000
Current draw: 5000 of 5000
Elapsed time is 1683.141508 seconds.
Ran Forecast Type 2for Model 106 and Horizon 12
Performing iteration ending on 2017M6 of model 107
Warning: This should be expanded with the country names in case of panel
> In abstvar/abstvar/check_inputs
  In abstvar
  In svar
  In scriptEstimateMode_FULL (line 96)
  In run (line 86)
  In msreg_2reg_endoprob_SVAR_FULL_OOS (line 231)
  In OOS_slurm_IF (line 4)
    'c(3,1,sync,1)>=c(3,1,sync,2)'
    'a0(1,GDPG,sync,1)=0'
    'a0(2,GDPG,sync,1)=0'
    'a0(1,MF,sync,1)=0'
    'a0(1,GDPG,sync,2)=0'
    'a0(2,GDPG,sync,2)=0'
    'a0(1,MF,sync,2)=0'
    'a1(3,GDPG,sync,1)=0'
    'a1(3,GDPG,sync,2)=0'
    's(3,3,sync,1)<=s(3,3,sync,2)'

 parameter: A12, density:NORMAL, hyperparameters: [0.5 0.5],convergence 0
 parameter: A21, density:NORMAL, hyperparameters: [0.5 0.5],convergence 0
 parameter: B12, density:GAMMA, hyperparameters: [4 0.125],convergence 0
 parameter: C12, density:GAMMA, hyperparameters: [4 0.125],convergence 0
 parameter: B21, density:GAMMA, hyperparameters: [4 0.125],convergence 0
 parameter: C21, density:GAMMA, hyperparameters: [4 0.125],convergence 0
                                                        First-order 
 Iteration  Func-count       f(x)        Step-size       optimality
     0          41          15173.1                      1.37e+04
     1          82          3793.86    7.28013e-05       1.89e+03  
     2         123          3203.75              1       1.23e+03  
     3         164          2620.34              1            428  
     4         205          2470.07              1            274  
     5         246          2395.75              1            245  
     6         287          2366.47              1            203  
     7         328          2346.68              1            150  
     8         369          2328.11              1            153  
     9         410          2306.66              1            152  
    10         451          2274.81              1            257  
    11         492          2249.24              1            298  
    12         533          2230.62              1            262  
    13         574          2191.52              1            298  
    14         615          2178.26              1            160  
    15         656          2159.11              1            145  
    16         697           2146.1              1            211  
    17         738          2137.22              1            111  
    18         779          2133.88              1            111  
    19         820          2128.12              1            130  
                                                        First-order 
 Iteration  Func-count       f(x)        Step-size       optimality
    20         861          2121.52              1            163  
    21         902          2115.74              1           88.7  
    22         943          2112.35              1           59.9  
    23         984          2109.95              1           60.1  
    24        1025          2107.83              1           69.1  
    25        1066          2106.11              1           50.3  
    26        1107          2103.23              1           54.5  
    27        1148          2100.76              1           73.1  
    28        1189          2096.54              1            116  
    29        1230          2090.24              1            132  
    30        1271          2081.48              1            129  
    31        1312          2073.06              1            128  
    32        1353          2067.49              1           84.5  
    33        1394          2063.71              1           49.6  
    34        1435          2061.07              1           41.7  
    35        1476          2058.79              1           70.2  
    36        1517           2055.7              1             87  
    37        1558          2052.34              1           61.8  
    38        1599          2049.62              1           49.4  
    39        1640          2047.52              1           40.5  
                                                        First-order 
 Iteration  Func-count       f(x)        Step-size       optimality
    40        1681          2045.76              1           57.9  
    41        1722          2044.55              1           47.2  
    42        1763          2043.89              1           25.5  
    43        1804           2043.6              1           14.6  
    44        1845          2043.38              1           17.6  
    45        1886          2043.04              1           35.6  
    46        2050          2042.87          0.271           38.4  
    47        2870          2042.71      0.0999145            822  
    48        5043          2042.71    7.37782e-10          1e+03  

Local minimum possible.

fminunc stopped because the size of the current step is less than
the selected value of the step size tolerance.




Local minimum possible.

fminunc stopped because it cannot decrease the objective function
along the current search direction.




Computing finite-difference Hessian using objective function.
Predicted change in objective function too small.
Current draw: 1000 of 5000
Current draw: 2000 of 5000
Current draw: 3000 of 5000
Current draw: 4000 of 5000
Current draw: 5000 of 5000
Elapsed time is 1048.395090 seconds.
Ran Forecast Type 2for Model 107 and Horizon 12
Performing iteration ending on 2017M6 of model 108
Warning: This should be expanded with the country names in case of panel
> In abstvar/abstvar/check_inputs
  In abstvar
  In svar
  In scriptEstimateMode_FULL (line 96)
  In run (line 86)
  In msreg_2reg_endoprob_SVAR_FULL_OOS (line 231)
  In OOS_slurm_IF (line 4)
    'c(3,1,sync,1)>=c(3,1,sync,2)'
    'a0(1,GDPG)=0'
    'a0(1,MF)=0'
    'a0(2,GDPG)=0'
    'a1(3,GDPG)=0'
    's(3,3,sync,1)<=s(3,3,sync,2)'

 parameter: A12, density:NORMAL, hyperparameters: [0.5 0.5],convergence 0
 parameter: A21, density:NORMAL, hyperparameters: [0.5 0.5],convergence 0
 parameter: B12, density:GAMMA, hyperparameters: [4 0.125],convergence 0
 parameter: C12, density:GAMMA, hyperparameters: [4 0.125],convergence 0
 parameter: B21, density:GAMMA, hyperparameters: [4 0.125],convergence 0
 parameter: C21, density:GAMMA, hyperparameters: [4 0.125],convergence 0
                                                        First-order 
 Iteration  Func-count       f(x)        Step-size       optimality
     0          28          15173.1                      1.37e+04
     1          56           3831.7    7.28013e-05       2.68e+03  
     2          84          3058.14              1       1.49e+03  
     3         112          2751.67              1            734  
     4         140          2522.33              1            378  
     5         168          2436.34              1            239  
     6         196           2409.9              1            249  
     7         224          2397.92              1            229  
     8         252          2382.23              1            179  
     9         280          2360.75              1            207  
    10         308          2342.47              1            139  
    11         336          2336.32              1           95.6  
    12         364          2333.76              1           51.9  
    13         392          2331.42              1           44.7  
    14         420          2328.58              1           98.7  
    15         448          2324.64              1            134  
    16         476          2318.54              1            136  
    17         504          2311.76              1           98.9  
    18         532          2307.26              1           63.2  
    19         560          2305.01              1           65.5  
                                                        First-order 
 Iteration  Func-count       f(x)        Step-size       optimality
    20         588          2302.99              1           64.5  
    21         616          2299.34              1           78.2  
    22         644          2292.55              1            111  
    23         672          2282.76              1            119  
    24         700          2274.25              1            101  
    25         728          2270.03              1            107  
    26         756          2266.93              1           95.9  
    27         784          2262.17              1            118  
    28         812          2254.65              1            187  
    29         840          2245.96              1            162  
    30         868          2242.22              1           44.5  
    31         896          2241.31              1           33.3  
    32         924          2240.76              1           32.3  
    33         952          2240.01              1           41.9  
    34        1036          2239.61       0.216195           42.6  
    35        1736          2239.48      0.0308411            543  

Local minimum possible.

fminunc stopped because it cannot decrease the objective function
along the current search direction.




Computing finite-difference Hessian using objective function.
Predicted change in objective function too small.
Current draw: 1000 of 5000
Current draw: 2000 of 5000
Current draw: 3000 of 5000
Current draw: 4000 of 5000
Current draw: 5000 of 5000
Elapsed time is 730.226334 seconds.
Ran Forecast Type 2for Model 108 and Horizon 12
