25
------------------------------------------
Setting up environment variables
---
LD_LIBRARY_PATH is .:/opt/MATLAB/R2017a/runtime/glnxa64:/opt/MATLAB/R2017a/bin/glnxa64:/opt/MATLAB/R2017a/sys/os/glnxa64:/opt/MATLAB/R2017a/sys/opengl/lib/glnxa64
Warning: Method directories not allowed in MATLAB path: /if/home/m1pac03/.mcrCache9.2/OOS_sl0/if/gms_research_gar/GAR/MS-VAR/RISE_toolbox2/classes/models/@dsge/private

	Personal pathdef has been created in your preference directory:
	/if/home/m1pac03/.mcrCache9.2/OOS_sl0/.matlab

Running on SLURM; using 1 cores as assigned on this node.

Performing iteration ending on 2001M1 of model 101
Warning: This should be expanded with the country names in case of panel
> In abstvar/abstvar/check_inputs
  In abstvar
  In svar
  In scriptEstimateMode_FULL (line 96)
  In run (line 86)
  In msreg_2reg_endoprob_SVAR_FULL_OOS (line 231)
  In OOS_slurm_IF (line 4)
    'c(3,1,sync,1)>=c(3,1,sync,2)'
    'a0(1,GDPG)=0'
    'a0(1,MF)=0'
    'a0(2,GDPG)=0'
    'a1(3,GDPG)=0'

 parameter: A12, density:NORMAL, hyperparameters: [0.5 0.5],convergence 0
 parameter: A21, density:NORMAL, hyperparameters: [0.5 0.5],convergence 0
 parameter: B12, density:GAMMA, hyperparameters: [4 0.125],convergence 0
 parameter: C12, density:GAMMA, hyperparameters: [4 0.125],convergence 0
 parameter: B21, density:GAMMA, hyperparameters: [4 0.125],convergence 0
 parameter: C21, density:GAMMA, hyperparameters: [4 0.125],convergence 0
                                                        First-order 
 Iteration  Func-count       f(x)        Step-size       optimality
     0          27          11067.8                      1.84e+04
     1          54          2711.25    5.44499e-05       1.84e+03  
     2          81          2357.43              1       1.34e+03  
     3         108          1798.07              1            464  
     4         135          1671.89              1            226  
     5         162          1630.37              1            128  
     6         189          1620.66              1            146  
     7         216          1614.75              1            150  
     8         243          1605.69              1            141  
     9         270          1593.53              1            110  
    10         297          1580.86              1           86.3  
    11         324          1572.09              1            121  
    12         351          1568.47              1            115  
    13         378          1563.54              1           84.1  
    14         405          1556.38              1           65.9  
    15         432          1551.92              1             66  
    16         459          1549.79              1           71.2  
    17         486          1547.54              1           70.3  
    18         513          1541.89              1           83.3  
    19         540          1532.44              1            101  
                                                        First-order 
 Iteration  Func-count       f(x)        Step-size       optimality
    20         567          1522.34              1           85.8  
    21         594          1516.25              1           67.8  
    22         621          1512.83              1           60.6  
    23         648          1511.37              1             56  
    24         675          1508.72              1           61.9  
    25         702          1502.79              1           76.2  
    26         729          1494.69              1           77.9  
    27         756          1488.32              1           85.2  
    28         783          1485.43              1           62.3  
    29         810          1484.09              1           49.5  
    30         837          1481.76              1           59.2  
    31         864          1477.65              1           63.4  
    32         891          1470.94              1           50.7  
    33         918          1465.32              1           39.4  
    34         945           1463.4              1             32  
    35         972          1462.72              1           22.9  
    36         999          1462.44              1           24.1  
    37        1026          1462.08              1           22.7  
    38        1053          1461.15              1           17.9  
    39        1080          1459.87              1           21.4  
                                                        First-order 
 Iteration  Func-count       f(x)        Step-size       optimality
    40        1107          1458.77              1           20.5  
    41        1134           1458.4              1           22.5  
    42        1161          1458.26              1           23.5  
    43        1188          1458.04              1           22.2  
    44        1215          1457.67              1           16.9  
    45        1242           1457.2              1           12.8  
    46        1269          1456.87              1           11.5  
    47        1296          1456.75              1           10.3  
    48        1323          1456.71              1           9.83  
    49        1350          1456.66              1           9.34  
    50        1377          1456.52              1           9.07  
    51        1404          1456.23              1           12.5  
    52        1431          1455.76              1           15.3  
    53        1458          1455.31              1           14.6  
    54        1485          1455.09              1           17.6  
    55        1512          1454.98              1           17.7  
    56        1539          1454.84              1           16.9  
    57        1566          1454.53              1           14.7  
    58        1593          1453.85              1           18.7  
    59        1620          1452.71              1             23  
                                                        First-order 
 Iteration  Func-count       f(x)        Step-size       optimality
    60        1647          1451.56              1           18.1  
    61        1674          1451.06              1           8.64  
    62        1701          1450.95              1           7.69  
    63        1728          1450.94              1           6.84  
    64        1755          1450.92              1           6.09  
    65        1782          1450.86              1           5.34  
    66        1809          1450.74              1           6.02  
    67        1836          1450.53              1           6.23  
    68        1863          1450.33              1           5.49  
    69        1890          1450.23              1           7.55  
    70        1917           1450.2              1           7.52  
    71        1944          1450.18              1           7.18  
    72        1971          1450.14              1           6.46  
    73        1998          1450.03              1           5.74  
    74        2025          1449.81              1            6.3  
    75        2052          1449.43              1           7.45  
    76        2079          1449.17              1           11.2  
    77        2106          1449.03              1           10.3  
    78        2133          1448.95              1           10.9  
    79        2160          1448.91              1           10.5  
                                                        First-order 
 Iteration  Func-count       f(x)        Step-size       optimality
    80        2187          1448.77              1           9.59  
    81        2214          1448.49              1           8.11  
    82        2241          1447.88              1           10.6  
    83        2268          1447.13              1           20.8  
    84        2295          1446.61              1           24.3  
    85        2322          1446.35              1           23.2  
    86        2349          1446.25              1           18.3  
    87        2376          1446.12              1           17.4  
    88        2403           1445.7              1           16.2  
    89        2430          1444.41              1           32.1  
    90        2457          1442.42              1           46.2  
    91        2484          1439.93              1           36.7  
    92        2511          1438.37              1           24.9  
    93        2538          1438.04              1           16.2  
    94        2565          1437.97              1           16.3  
    95        2592          1437.81              1           16.9  
    96        2619          1437.08              1           17.3  
    97        2646          1435.94              1             16  
    98        2673          1434.57              1           14.9  
    99        2700          1433.72              1           8.26  
                                                        First-order 
 Iteration  Func-count       f(x)        Step-size       optimality
   100        2727          1433.37              1           8.77  
   101        2754           1433.3              1           10.7  
   102        2781          1433.24              1           7.65  
   103        2808          1433.21              1           7.81  
   104        2835          1433.12              1           8.01  
   105        2862          1433.02              1           7.65  
   106        2889          1432.72              1           9.89  
   107        2916          1432.34              1           12.7  
   108        2943             1432              1            7.7  
   109        2970          1431.88              1           4.16  
   110        2997          1431.86              1           3.81  
   111        3024          1431.85              1           3.82  
   112        3051          1431.81              1           3.84  
   113        3078          1431.74              1           3.84  
   114        3105          1431.56              1           5.87  
   115        3132          1431.21              1           8.79  
   116        3159          1430.67              1           10.5  
   117        3186          1430.15              1           7.65  
   118        3213          1429.97              1           4.45  
   119        3240          1429.95              1           4.34  
                                                        First-order 
 Iteration  Func-count       f(x)        Step-size       optimality
   120        3267          1429.95              1           4.24  
   121        3294          1429.94              1           4.16  
   122        3321          1429.92              1           3.84  
   123        3348          1429.87              1           3.33  
   124        3375          1429.73              1           5.41  
   125        3402          1429.47              1           7.81  
   126        3429          1429.06              1           8.32  
   127        3456           1428.7              1           5.32  
   128        3483          1428.57              1           2.35  
   129        3510          1428.56              1           2.65  
   130        3537          1428.56              1           2.68  
   131        3564          1428.56              1           2.68  
   132        3591          1428.55              1           2.65  
   133        3618          1428.54              1           2.52  
   134        3645          1428.52              1           2.16  
   135        3672          1428.47              1           2.66  
   136        3699          1428.42              1           2.26  
   137        3726           1428.4              1            1.2  
   138        3753          1428.39              1           1.29  
   139        3780          1428.39              1           1.26  
                                                        First-order 
 Iteration  Func-count       f(x)        Step-size       optimality
   140        3807          1428.39              1           1.25  
   141        3834          1428.39              1            1.2  
   142        3861          1428.39              1           1.15  
   143        3888          1428.38              1           1.02  
   144        3915          1428.36              1          0.828  
   145        3942          1428.33              1           1.07  
   146        3969          1428.28              1              1  
   147        3996          1428.25              1          0.584  
   148        4023          1428.24              1          0.239  
   149        4050          1428.23              1          0.176  
   150        4077          1428.23              1          0.141  
   151        4104          1428.23              1           0.14  
   152        4131          1428.23              1           0.14  
   153        4158          1428.23              1          0.138  
   154        4185          1428.23              1          0.136  
   155        4212          1428.23              1          0.131  
   156        4239          1428.23              1           0.17  
   157        4266          1428.23              1          0.241  
   158        4293          1428.23              1          0.286  
   159        4320          1428.23              1          0.221  
                                                        First-order 
 Iteration  Func-count       f(x)        Step-size       optimality
   160        4347          1428.23              1           0.12  
   161        4374          1428.23              1         0.0945  
   162        4401          1428.23              1         0.0851  
   163        4428          1428.23              1         0.0836  
   164        4455          1428.23              1         0.0849  
   165        4482          1428.23              1         0.0865  
   166        4509          1428.23              1         0.0882  
   167        4536          1428.23              1         0.0887  
   168        4563          1428.23              1          0.084  
   169        4590          1428.23              1          0.087  
   170        4617          1428.23              1         0.0725  
   171        4644          1428.23              1         0.0384  
   172        4671          1428.23              1        0.00903  
   173        4698          1428.23              1        0.00435  
   174        4725          1428.23              1        0.00426  
   175        4752          1428.23              1        0.00423  
   176        4779          1428.23              1         0.0042  
   177        4806          1428.23              1        0.00414  
   178        4833          1428.23              1        0.00414  
   179        4860          1428.23              1          0.004  
                                                        First-order 
 Iteration  Func-count       f(x)        Step-size       optimality
   180        4887          1428.23              1        0.00394  
   181        4914          1428.23              1         0.0038  
   182        4941          1428.23              1        0.00519  
   183        4968          1428.23              1        0.00739  
   184        4995          1428.23              1         0.0052  
   185        5022          1428.23              1         0.0029  
   186        5049          1428.23              1       0.000534  
   187        5076          1428.23              1        0.00032  
   188        5103          1428.23              1       0.000168  

Local minimum found.

Optimization completed because the size of the gradient is less than
the selected value of the optimality tolerance.




Computing finite-difference Hessian using objective function.
First order optimality conditions satisfied.
Current draw: 1000 of 5000
Current draw: 2000 of 5000
Current draw: 3000 of 5000
Current draw: 4000 of 5000
Current draw: 5000 of 5000
Elapsed time is 575.577584 seconds.
Ran Forecast Type 2for Model 101 and Horizon 12
Performing iteration ending on 2001M1 of model 102
Warning: This should be expanded with the country names in case of panel
> In abstvar/abstvar/check_inputs
  In abstvar
  In svar
  In scriptEstimateMode_FULL (line 96)
  In run (line 86)
  In msreg_2reg_endoprob_SVAR_FULL_OOS (line 231)
  In OOS_slurm_IF (line 4)
    'c(3,1,sync,1)>=c(3,1,sync,2)'
    'a0(1,GDPG)=0'
    'a0(1,MF)=0'
    'a0(2,GDPG)=0'
    'a1(3,GDPG)=0'
    's(3,3,sync,1)<=s(3,3,sync,2)'

 parameter: A12, density:NORMAL, hyperparameters: [0.5 0.5],convergence 0
 parameter: A21, density:NORMAL, hyperparameters: [0.5 0.5],convergence 0
 parameter: B12, density:GAMMA, hyperparameters: [4 0.125],convergence 0
 parameter: C12, density:GAMMA, hyperparameters: [4 0.125],convergence 0
 parameter: B21, density:GAMMA, hyperparameters: [4 0.125],convergence 0
 parameter: C21, density:GAMMA, hyperparameters: [4 0.125],convergence 0
                                                        First-order 
 Iteration  Func-count       f(x)        Step-size       optimality
     0          30          11067.8                      1.07e+04
     1          60          2722.53    9.33881e-05       1.94e+03  
     2          90          2179.17              1       1.34e+03  
     3         120          1844.43              1            562  
     4         150          1601.53              1            209  
     5         180          1538.44              1             85  
     6         210          1517.05              1           92.5  
     7         240          1508.96              1           93.4  
     8         270          1500.66              1           98.1  
     9         300          1487.25              1            129  
    10         330          1468.72              1            136  
    11         360          1450.71              1            160  
    12         390          1437.54              1            150  
    13         420          1428.87              1           96.8  
    14         450          1420.08              1            103  
    15         480          1413.45              1           95.7  
    16         510          1408.96              1           75.3  
    17         540          1405.14              1           74.5  
    18         570          1397.97              1            149  
    19         600          1388.45              1            225  
                                                        First-order 
 Iteration  Func-count       f(x)        Step-size       optimality
    20         630          1381.87              1            173  
    21         660          1378.34              1           93.6  
    22         690          1375.97              1            120  
    23         720          1373.63              1            133  
    24         750          1370.23              1            108  
    25         780          1368.19              1           55.5  
    26         810          1366.54              1           62.8  
    27         840          1363.47              1            153  
    28         870          1358.61              1            218  
    29         900          1353.69              1            172  
    30         930          1351.31              1           55.9  
    31         960          1350.68              1           23.4  
    32         990          1350.16              1           48.3  
    33        1020          1348.94              1            102  
    34        1050          1347.12              1            134  
    35        1080           1345.3              1            108  
    36        1110          1344.45              1           44.1  
    37        1140          1344.19              1           18.4  
    38        1170          1344.06              1           19.8  
    39        1200          1343.79              1           43.8  
                                                        First-order 
 Iteration  Func-count       f(x)        Step-size       optimality
    40        1230          1343.31              1           63.5  
    41        1260          1342.68              1           61.3  
    42        1290          1342.24              1           31.6  
    43        1320          1342.07              1           14.6  
    44        1350          1341.96              1           14.1  
    45        1380          1341.76              1           34.1  
    46        1410          1341.39              1           52.4  
    47        1440          1340.88              1           55.2  
    48        1470          1340.46              1           32.7  
    49        1500          1340.24              1           23.5  
    50        1530          1340.08              1           22.5  
    51        1560          1339.79              1           39.6  
    52        1590          1339.28              1           59.3  
    53        1620          1338.63              1           57.1  
    54        1650          1338.22              1           27.3  
    55        1680          1338.08              1           10.2  
    56        1710             1338              1           11.4  
    57        1740          1337.85              1           25.7  
    58        1770          1337.58              1           38.9  
    59        1800          1337.22              1           39.7  
                                                        First-order 
 Iteration  Func-count       f(x)        Step-size       optimality
    60        1830          1336.98              1           22.2  
    61        1860          1336.91              1           4.33  
    62        1890           1336.9              1           3.59  
    63        1920          1336.89              1           4.71  
    64        1950          1336.86              1           9.34  
    65        1980           1336.8              1           13.4  
    66        2010          1336.73              1           13.6  
    67        2040          1336.67              1           7.62  
    68        2070          1336.65              1           2.54  
    69        2100          1336.64              1           2.55  
    70        2130          1336.63              1           3.49  
    71        2160          1336.61              1            6.8  
    72        2190          1336.57              1           10.7  
    73        2220          1336.49              1           13.4  
    74        2250           1336.4              1           11.1  
    75        2280          1336.36              1            4.6  
    76        2310          1336.35              1            2.7  
    77        2340          1336.34              1           2.38  
    78        2370          1336.34              1           2.25  
    79        2400          1336.33              1            3.7  
                                                        First-order 
 Iteration  Func-count       f(x)        Step-size       optimality
    80        2430          1336.31              1           4.42  
    81        2460          1336.29              1           3.17  
    82        2490          1336.28              1            1.5  
    83        2520          1336.28              1           1.41  
    84        2550          1336.28              1           1.41  
    85        2580          1336.27              1            2.1  
    86        2610          1336.26              1           3.63  
    87        2640          1336.23              1           5.47  
    88        2670          1336.18              1           6.56  
    89        2700          1336.13              1            5.2  
    90        2730           1336.1              1           3.21  
    91        2760          1336.08              1           2.76  
    92        2790          1336.08              1            2.8  
    93        2820          1336.06              1           3.45  
    94        2850          1336.03              1           5.03  
    95        2880          1335.98              1           5.63  
    96        2910          1335.92              1           3.82  
    97        2940           1335.9              1           1.68  
    98        2970           1335.9              1           1.28  
    99        3000           1335.9              1           1.29  
                                                        First-order 
 Iteration  Func-count       f(x)        Step-size       optimality
   100        3030          1335.89              1           1.29  
   101        3060          1335.89              1           1.53  
   102        3090          1335.88              1           1.73  
   103        3120          1335.86              1           1.27  
   104        3150          1335.86              1           1.03  
   105        3180          1335.86              1           1.03  
   106        3210          1335.86              1           1.01  
   107        3240          1335.85              1          0.976  
   108        3270          1335.85              1           1.04  
   109        3300          1335.84              1           1.39  
   110        3330          1335.83              1            1.5  
   111        3360          1335.82              1           1.05  
   112        3390          1335.81              1          0.618  
   113        3420          1335.81              1          0.656  
   114        3450          1335.81              1           0.65  
   115        3480          1335.81              1          0.615  
   116        3510          1335.81              1          0.523  
   117        3540          1335.81              1          0.441  
   118        3570           1335.8              1          0.425  
   119        3600           1335.8              1          0.249  
                                                        First-order 
 Iteration  Func-count       f(x)        Step-size       optimality
   120        3630           1335.8              1          0.238  
   121        3660           1335.8              1          0.238  
   122        3690           1335.8              1          0.237  
   123        3720           1335.8              1          0.236  
   124        3750           1335.8              1          0.232  
   125        3780           1335.8              1           0.23  
   126        3810           1335.8              1          0.273  
   127        3840           1335.8              1          0.323  
   128        3870           1335.8              1          0.281  
   129        3900           1335.8              1          0.254  
   130        3930           1335.8              1          0.266  
   131        3960           1335.8              1          0.272  
   132        3990           1335.8              1           0.25  
   133        4020           1335.8              1          0.182  
   134        4050           1335.8              1          0.216  
   135        4080           1335.8              1          0.246  
   136        4110           1335.8              1          0.255  
   137        4140           1335.8              1          0.255  
   138        4170           1335.8              1          0.252  
   139        4200           1335.8              1          0.241  
                                                        First-order 
 Iteration  Func-count       f(x)        Step-size       optimality
   140        4230           1335.8              1          0.213  
   141        4260           1335.8              1          0.218  
   142        4290          1335.79              1          0.293  
   143        4320          1335.79              1          0.266  
   144        4350          1335.79              1          0.195  
   145        4380          1335.79              1          0.161  
   146        4410          1335.79              1          0.146  
   147        4440          1335.79              1          0.145  
   148        4470          1335.79              1          0.119  
   149        4500          1335.79              1         0.0646  
   150        4530          1335.79              1         0.0666  
   151        4560          1335.79              1          0.069  
   152        4590          1335.79              1         0.0698  
   153        4620          1335.79              1         0.0717  
   154        4650          1335.79              1         0.0744  
   155        4680          1335.79              1         0.0774  
   156        4710          1335.79              1         0.0951  
   157        4740          1335.79              1          0.155  
   158        4770          1335.79              1          0.185  
   159        4800          1335.79              1          0.133  
                                                        First-order 
 Iteration  Func-count       f(x)        Step-size       optimality
   160        4830          1335.79              1         0.0431  
   161        4860          1335.79              1         0.0159  
   162        4890          1335.79              1         0.0146  
   163        4920          1335.79              1         0.0141  
   164        4950          1335.79              1         0.0134  
   165        4980          1335.79              1         0.0131  
   166        5010          1335.79              1         0.0129  
   167        5040          1335.79              1         0.0123  
   168        5070          1335.79              1         0.0113  
   169        5100          1335.79              1        0.00945  
   170        5130          1335.79              1         0.0122  
   171        5160          1335.79              1        0.00874  
   172        5190          1335.79              1        0.00707  
   173        5220          1335.79              1        0.00722  
   174        5250          1335.79              1        0.00727  
   175        5280          1335.79              1        0.00726  
   176        5310          1335.79              1        0.00743  
   177        5340          1335.79              1        0.00708  
   178        5370          1335.79              1        0.00656  
   179        5400          1335.79              1        0.00754  
                                                        First-order 
 Iteration  Func-count       f(x)        Step-size       optimality
   180        5430          1335.79              1         0.0105  
   181        5460          1335.79              1        0.00784  
   182        5490          1335.79              1        0.00259  
   183        5520          1335.79              1       0.000656  
   184        5550          1335.79              1       0.000591  
   185        5610          1335.79       0.333011       0.000478  
   186        5670          1335.79       0.404034       0.000465  
   187        5730          1335.79       0.251508       0.000418  
   188        5790          1335.79       0.209113       0.000485  
   189        5880          1335.79       0.066278       0.000498  
   190        5910          1335.79              1       0.000491  
   191        6000          1335.79      0.0877661       0.000498  
   192        6060          1335.79        0.23764       0.000485  
   193        6120          1335.79        0.27402       0.000485  
   194        6210          1335.79      0.0674964       0.000491  
   195        6300          1335.79      0.0537811       0.000531  
   196        6420          1335.79      0.0138843       0.000471  
   197        6570          1335.79     0.00137588       0.000518  

Local minimum possible.

fminunc stopped because the size of the current step is less than
the selected value of the step size tolerance.




Computing finite-difference Hessian using objective function.
Change in X too small.
Current draw: 1000 of 5000
Current draw: 2000 of 5000
Current draw: 3000 of 5000
Current draw: 4000 of 5000
Current draw: 5000 of 5000
Elapsed time is 644.926228 seconds.
Ran Forecast Type 2for Model 102 and Horizon 12
Performing iteration ending on 2001M1 of model 103
Warning: This should be expanded with the country names in case of panel
> In abstvar/abstvar/check_inputs
  In abstvar
  In svar
  In scriptEstimateMode_FULL (line 96)
  In run (line 86)
  In msreg_2reg_endoprob_SVAR_FULL_OOS (line 231)
  In OOS_slurm_IF (line 4)
    'c(3,1,sync,1)>=c(3,1,sync,2)'
    'a0(1,GDPG,sync,1)=0'
    'a0(2,GDPG,sync,1)=0'
    'a0(1,MF,sync,1)=0'
    'a0(1,GDPG,sync,2)=0'
    'a0(2,GDPG,sync,2)=0'
    'a0(1,MF,sync,2)=0'
    'a1(3,GDPG)=0'

 parameter: A12, density:NORMAL, hyperparameters: [0.5 0.5],convergence 0
 parameter: A21, density:NORMAL, hyperparameters: [0.5 0.5],convergence 0
 parameter: B12, density:GAMMA, hyperparameters: [4 0.125],convergence 0
 parameter: C12, density:GAMMA, hyperparameters: [4 0.125],convergence 0
 parameter: B21, density:GAMMA, hyperparameters: [4 0.125],convergence 0
 parameter: C21, density:GAMMA, hyperparameters: [4 0.125],convergence 0
                                                        First-order 
 Iteration  Func-count       f(x)        Step-size       optimality
     0          30          11067.8                      1.84e+04
     1          60          2749.67    5.44499e-05       1.91e+03  
     2          90          2382.28              1       1.39e+03  
     3         120          1811.02              1            482  
     4         150          1680.58              1            228  
     5         180          1638.45              1            125  
     6         210          1629.48              1            144  
     7         240          1624.56              1            147  
     8         270          1616.24              1            139  
     9         300          1604.03              1            105  
    10         330           1590.8              1           91.7  
    11         360          1580.68              1           79.7  
    12         390          1577.98              1           81.7  
    13         420          1576.16              1           70.8  
    14         450          1569.16              1             49  
    15         480          1564.65              1           47.6  
    16         510          1561.44              1           67.9  
    17         540          1559.71              1           71.7  
    18         570          1556.52              1             68  
    19         600           1550.3              1           73.7  
                                                        First-order 
 Iteration  Func-count       f(x)        Step-size       optimality
    20         630          1542.03              1           76.3  
    21         660          1536.51              1           55.6  
    22         690          1533.76              1           53.8  
    23         720          1532.27              1           49.8  
    24         750          1530.76              1           45.7  
    25         780          1526.87              1           61.4  
    26         810          1520.38              1           68.2  
    27         840          1512.88              1           80.9  
    28         870          1507.93              1           71.2  
    29         900          1506.15              1           54.3  
    30         930          1504.82              1           54.2  
    31         960           1501.8              1           65.7  
    32         990          1497.17              1           62.6  
    33        1020          1491.02              1           34.7  
    34        1050          1487.89              1             35  
    35        1080          1487.09              1           32.7  
    36        1110          1486.59              1             32  
    37        1140          1486.07              1             33  
    38        1170          1484.67              1           33.9  
    39        1200          1482.16              1           31.3  
                                                        First-order 
 Iteration  Func-count       f(x)        Step-size       optimality
    40        1230           1478.6              1           46.5  
    41        1260          1476.07              1           37.9  
    42        1290          1475.22              1             44  
    43        1320          1474.65              1           43.8  
    44        1350          1473.35              1           40.8  
    45        1380           1471.6              1           29.4  
    46        1410          1470.03              1           19.3  
    47        1440          1469.35              1           15.6  
    48        1470          1469.17              1           15.4  
    49        1500          1469.08              1           14.6  
    50        1530          1468.88              1           13.6  
    51        1560          1468.44              1           14.2  
    52        1590           1467.6              1           19.9  
    53        1620          1466.63              1           17.5  
    54        1650          1466.04              1           21.8  
    55        1680          1465.78              1           22.5  
    56        1710          1465.56              1           21.6  
    57        1740          1465.11              1           19.2  
    58        1770          1464.07              1           23.9  
    59        1800          1461.96              1           33.4  
                                                        First-order 
 Iteration  Func-count       f(x)        Step-size       optimality
    60        1830          1458.78              1           35.7  
    61        1860           1456.2              1           23.1  
    62        1890          1455.19              1           25.7  
    63        1920           1454.9              1           23.3  
    64        1950          1454.72              1           21.2  
    65        1980          1454.15              1           17.4  
    66        2010          1453.03              1           20.3  
    67        2040          1450.89              1           22.4  
    68        2070          1448.52              1           19.3  
    69        2100          1447.28              1           18.8  
    70        2130          1446.96              1           17.7  
    71        2160          1446.85              1           16.1  
    72        2190          1446.65              1             14  
    73        2220          1446.17              1           14.9  
    74        2250          1445.22              1           14.7  
    75        2280          1443.87              1           21.6  
    76        2310          1442.92              1           21.7  
    77        2340          1442.63              1           17.6  
    78        2370          1442.52              1           14.4  
    79        2400          1442.43              1           13.8  
                                                        First-order 
 Iteration  Func-count       f(x)        Step-size       optimality
    80        2430          1442.15              1           12.7  
    81        2460          1441.73              1           9.82  
    82        2490          1441.25              1           7.58  
    83        2520          1441.01              1           6.78  
    84        2550          1440.95              1           7.62  
    85        2580          1440.92              1           7.68  
    86        2610          1440.85              1           7.52  
    87        2640           1440.7              1           6.99  
    88        2670          1440.33              1            8.4  
    89        2700          1439.66              1           11.2  
    90        2730          1438.88              1           13.2  
    91        2760          1438.49              1           10.1  
    92        2790          1438.41              1           7.15  
    93        2820          1438.39              1           8.06  
    94        2850          1438.36              1           8.88  
    95        2880          1438.28              1           9.89  
    96        2910          1438.09              1           11.9  
    97        2940          1437.69              1           19.4  
    98        2970          1437.04              1           24.6  
    99        3000          1436.44              1           17.6  
                                                        First-order 
 Iteration  Func-count       f(x)        Step-size       optimality
   100        3030          1436.24              1           4.22  
   101        3060          1436.23              1           4.19  
   102        3090          1436.22              1           4.15  
   103        3120          1436.21              1           4.05  
   104        3150          1436.17              1           3.86  
   105        3180          1436.08              1           5.75  
   106        3210          1435.95              1           6.71  
   107        3240          1435.83              1           5.05  
   108        3270          1435.77              1           5.26  
   109        3300          1435.76              1           4.81  
   110        3330          1435.76              1           4.47  
   111        3360          1435.74              1           3.77  
   112        3390           1435.7              1           4.18  
   113        3420          1435.61              1           6.09  
   114        3450          1435.47              1           6.76  
   115        3480          1435.34              1           5.49  
   116        3510          1435.28              1            5.2  
srun: error: slurm_receive_msg: Transport endpoint is not connected
srun: error: slurm_receive_msg[10.26.24.30]: Transport endpoint is not connected
srun: error: invalid type trying to be freed 65534
   117        3540          1435.27              1           4.74  
   118        3570          1435.26              1           4.43  
   119        3600          1435.23              1           3.76  
                                                        First-order 
 Iteration  Func-count       f(x)        Step-size       optimality
   120        3630          1435.18              1           4.31  
   121        3660          1435.06              1           6.59  
   122        3690          1434.83              1            8.8  
   123        3720          1434.54              1           9.25  
   124        3750          1434.36              1           5.83  
   125        3780          1434.32              1           4.39  
   126        3810          1434.31              1           4.15  
   127        3840           1434.3              1            3.7  
srun: error: slurm_receive_msg: Transport endpoint is not connected
srun: error: slurm_receive_msg[10.26.24.30]: Transport endpoint is not connected
srun: error: invalid type trying to be freed 65534
   128        3870          1434.23              1            3.6  
   129        3900          1434.11              1           5.62  
   130        3930          1433.81              1           9.42  
   131        3960          1433.41              1           9.06  
   132        3990          1433.13              1           6.89  
   133        4020          1433.03              1           3.74  
   134        4050          1433.01              1           1.27  
   135        4080          1433.01              1           1.26  
   136        4110          1433.01              1           1.26  
   137        4140             1433              1           1.24  
   138        4170             1433              1           2.28  
srun: error: slurm_receive_msg: Transport endpoint is not connected
srun: error: slurm_receive_msg[10.26.24.30]: Transport endpoint is not connected
srun: error: invalid type trying to be freed 65534
   139        4200          1432.99              1           4.41  
                                                        First-order 
 Iteration  Func-count       f(x)        Step-size       optimality
   140        4230          1432.97              1            7.2  
   141        4260          1432.93              1           10.4  
   142        4290          1432.86              1           11.5  
   143        4320          1432.79              1           7.73  
   144        4350          1432.77              1           2.36  
   145        4380          1432.77              1           1.33  
   146        4410          1432.76              1           1.28  
   147        4440          1432.76              1           1.23  
   148        4470          1432.76              1           1.14  
   149        4500          1432.76              1           1.02  
srun: error: slurm_receive_msg: Transport endpoint is not connected
srun: error: slurm_receive_msg[10.26.24.30]: Transport endpoint is not connected
srun: error: invalid type trying to be freed 65534
   150        4530          1432.74              1           1.53  
   151        4560          1432.71              1           2.12  
   152        4590          1432.66              1            2.6  
   153        4620          1432.61              1           2.15  
srun: error: slurm_receive_msg: Transport endpoint is not connected
srun: error: slurm_receive_msg[10.26.24.30]: Transport endpoint is not connected
srun: error: invalid type trying to be freed 65534
   154        4650          1432.57              1           1.15  
   155        4680          1432.56              1          0.716  
   156        4710          1432.56              1          0.722  
   157        4740          1432.56              1          0.748  
   158        4770          1432.56              1          0.775  
srun: error: slurm_receive_msg: Transport endpoint is not connected
srun: error: slurm_receive_msg[10.26.24.30]: Transport endpoint is not connected
srun: error: invalid type trying to be freed 65534
   159        4800          1432.56              1          0.803  
                                                        First-order 
 Iteration  Func-count       f(x)        Step-size       optimality
   160        4830          1432.56              1          0.837  
   161        4860          1432.55              1           0.88  
srun: error: slurm_receive_msg: Transport endpoint is not connected
srun: error: slurm_receive_msg[10.26.24.30]: Transport endpoint is not connected
srun: error: invalid type trying to be freed 65534
   162        4890          1432.55              1            1.3  
   163        4920          1432.54              1           1.66  
   164        4950          1432.54              1           1.51  
srun: error: slurm_receive_msg: Transport endpoint is not connected
srun: error: slurm_receive_msg[10.26.24.30]: Transport endpoint is not connected
srun: error: invalid type trying to be freed 65534
   165        4980          1432.53              1           1.39  
   166        5010          1432.52              1          0.552  
   167        5040          1432.51              1          0.595  
srun: error: slurm_receive_msg: Transport endpoint is not connected
srun: error: slurm_receive_msg[10.26.24.30]: Transport endpoint is not connected
srun: error: invalid type trying to be freed 65534
srun: error: slurm_receive_msg: Transport endpoint is not connected
srun: error: slurm_receive_msg[10.26.24.30]: Transport endpoint is not connected
srun: error: invalid type trying to be freed 65534
   168        5070          1432.51              1          0.603  
   169        5100          1432.51              1          0.596  
   170        5130          1432.51              1          0.595  
   171        5160          1432.51              1          0.589  
   172        5190          1432.51              1          0.578  
   173        5220          1432.51              1           0.75  
   174        5250          1432.51              1           1.29  
   175        5280           1432.5              1           1.89  
   176        5310          1432.48              1           2.12  
   177        5340          1432.47              1           1.27  
   178        5370          1432.46              1          0.252  
srun: error: slurm_receive_msg: Transport endpoint is not connected
srun: error: slurm_receive_msg[10.26.24.30]: Transport endpoint is not connected
srun: error: invalid type trying to be freed 65534
srun: error: slurm_receive_msg: Transport endpoint is not connected
srun: error: slurm_receive_msg[10.26.24.30]: Transport endpoint is not connected
srun: error: invalid type trying to be freed 65534
   179        5490          1427.97        11.8349           40.6  
srun: error: slurm_receive_msg: Transport endpoint is not connected
srun: error: slurm_receive_msg[10.26.24.30]: Transport endpoint is not connected
srun: error: invalid type trying to be freed 65534
srun: error: slurm_receive_msg: Transport endpoint is not connected
srun: error: slurm_receive_msg[10.26.24.30]: Transport endpoint is not connected
srun: error: invalid type trying to be freed 65534
srun: error: slurm_receive_msg: Insane message length
srun: error: slurm_receive_msg[10.26.24.30]: Insane message length
srun: error: invalid type trying to be freed 65534
                                                        First-order 
 Iteration  Func-count       f(x)        Step-size       optimality
   180        5640          1427.97    0.000399992             41  
   181        5700          1426.58             10           32.2  
   182        5760          1425.41       0.366197           40.4  
   183        5820          1424.52       0.427867           7.04  
srun: error: slurm_receive_msg: Transport endpoint is not connected
srun: error: slurm_receive_msg[10.26.24.30]: Transport endpoint is not connected
srun: error: invalid type trying to be freed 65534
   184        5850          1424.37              1           3.83  
   185        5880          1424.32              1            3.9  
srun: error: slurm_receive_msg: Transport endpoint is not connected
srun: error: slurm_receive_msg[10.26.24.30]: Transport endpoint is not connected
srun: error: invalid type trying to be freed 65534
   186        5940           1424.2        2.54894            5.8  
   187        5970          1424.11              1           4.09  
srun: error: slurm_receive_msg: Transport endpoint is not connected
srun: error: slurm_receive_msg[10.26.24.30]: Transport endpoint is not connected
srun: error: invalid type trying to be freed 65534
   188        6030          1424.07       0.283868           2.91  
srun: error: slurm_receive_msg: Insane message length
srun: error: slurm_receive_msg[10.26.24.30]: Insane message length
srun: error: invalid type trying to be freed 65534
   189        6060          1424.05              1           2.05  
srun: error: slurm_receive_msg: Insane message length
srun: error: slurm_receive_msg[10.26.24.30]: Insane message length
srun: error: invalid type trying to be freed 65534
   190        6090          1424.04              1           2.08  
   191        6120          1424.04              1           2.08  
   192        6150          1424.04              1           2.08  
   193        6180          1424.03              1           2.08  
   194        6210          1424.02              1           2.41  
   195        6240          1423.98              1           4.39  
   196        6270          1423.88              1           6.94  
   197        6300          1423.71              1           9.09  
   198        6330          1423.47              1           8.36  
   199        6360           1423.3              1           3.98  
                                                        First-order 
 Iteration  Func-count       f(x)        Step-size       optimality
   200        6390          1423.27              1          0.872  
   201        6420          1423.26              1          0.206  
   202        6450          1423.26              1          0.114  
   203        6480          1423.26              1          0.113  
   204        6510          1423.26              1          0.113  
   205        6540          1423.26              1          0.112  
   206        6570          1423.26              1          0.118  
   207        6600          1423.26              1          0.232  
   208        6630          1423.26              1          0.389  
   209        6660          1423.26              1           0.55  
   210        6690          1423.26              1          0.571  
   211        6720          1423.26              1           0.34  
   212        6750          1423.26              1         0.0861  
   213        6780          1423.26              1         0.0377  
   214        6810          1423.26              1         0.0378  
   215        6840          1423.26              1         0.0379  
   216        6870          1423.26              1          0.038  
   217        6900          1423.26              1          0.038  
   218        6930          1423.26              1         0.0378  
   219        6960          1423.26              1         0.0365  
                                                        First-order 
 Iteration  Func-count       f(x)        Step-size       optimality
   220        6990          1423.26              1         0.0329  
   221        7020          1423.26              1         0.0376  
   222        7050          1423.26              1         0.0335  
   223        7080          1423.26              1         0.0148  
   224        7110          1423.26              1        0.00302  
   225        7140          1423.26              1        0.00061  
   226        7170          1423.26              1       0.000426  
   227        7200          1423.26              1       0.000427  
   228        7260          1423.26        0.32669       0.000338  
   229        7320          1423.26       0.310004       0.000327  
   230        7380          1423.26       0.194983       0.000391  
   231        7410          1423.26              1       0.000456  
   232        7440          1423.26              1       0.000349  
   233        7500          1423.26       0.294328       0.000361  
   234        7590          1423.26      0.0864096       0.000391  
   235        7740          1423.26     0.00355242        0.00032  

Local minimum possible.

fminunc stopped because it cannot decrease the objective function
along the current search direction.




Computing finite-difference Hessian using objective function.
Predicted change in objective function too small.
srun: error: unpackmem: Buffer to be unpacked is too large (1901691327 > 1073741824)
srun: error: unpack error in io_init_msg_unpack
srun: error: Invalid IO init header version
srun: error: unpackmem: Buffer to be unpacked is too large (3336314641 > 1073741824)
srun: error: unpack error in io_init_msg_unpack
srun: error: Invalid IO init header version
srun: error: io_init_msg_read too small
srun: error: failed reading io init message
srun: error: unpack error in io_init_msg_unpack
srun: error: Invalid IO init header version
srun: error: unpack error in io_init_msg_unpack
srun: error: Invalid IO init header version
srun: error: unpackmem: Buffer to be unpacked is too large (1215767057 > 1073741824)
srun: error: unpack error in io_init_msg_unpack
srun: error: Invalid IO init header version
Current draw: 1000 of 5000
srun: error: unpackmem: Buffer to be unpacked is too large (2471507536 > 1073741824)
srun: error: unpack error in io_init_msg_unpack
srun: error: Invalid IO init header version
srun: error: unpackmem: Buffer to be unpacked is too large (2487510855 > 1073741824)
srun: error: unpack error in io_init_msg_unpack
srun: error: Invalid IO init header version
srun: error: unpack error in io_init_msg_unpack
srun: error: Invalid IO init header version
srun: error: io_init_msg_read too small
srun: error: failed reading io init message
Current draw: 2000 of 5000
Current draw: 3000 of 5000
Current draw: 4000 of 5000
Current draw: 5000 of 5000
Elapsed time is 714.244439 seconds.
Ran Forecast Type 2for Model 103 and Horizon 12
Performing iteration ending on 2001M1 of model 104
Warning: This should be expanded with the country names in case of panel
> In abstvar/abstvar/check_inputs
  In abstvar
  In svar
  In scriptEstimateMode_FULL (line 96)
  In run (line 86)
  In msreg_2reg_endoprob_SVAR_FULL_OOS (line 231)
  In OOS_slurm_IF (line 4)
    'c(3,1,sync,1)>=c(3,1,sync,2)'
    'a0(1,GDPG)=0'
    'a0(1,MF)=0'
    'a0(2,GDPG)=0'
    'a1(3,GDPG,sync,1)=0'
    'a1(3,GDPG,sync,2)=0'

 parameter: A12, density:NORMAL, hyperparameters: [0.5 0.5],convergence 0
 parameter: A21, density:NORMAL, hyperparameters: [0.5 0.5],convergence 0
 parameter: B12, density:GAMMA, hyperparameters: [4 0.125],convergence 0
 parameter: C12, density:GAMMA, hyperparameters: [4 0.125],convergence 0
 parameter: B21, density:GAMMA, hyperparameters: [4 0.125],convergence 0
 parameter: C21, density:GAMMA, hyperparameters: [4 0.125],convergence 0
                                                        First-order 
 Iteration  Func-count       f(x)        Step-size       optimality
     0          35          11067.8                      1.84e+04
     1          70          2779.88    5.44499e-05       1.89e+03  
     2         105          2376.95              1       1.37e+03  
     3         140          1924.28              1            578  
     4         175          1812.92              1            360  
srun: error: io_init_msg_read too small
srun: error: failed reading io init message
     5         210          1725.78              1            311  
     6         245          1688.21              1            268  
     7         280          1670.78              1            197  
     8         315          1659.45              1            145  
     9         350          1648.17              1            145  
    10         385           1638.2              1            159  
    11         420          1625.79              1            252  
    12         455          1611.21              1            266  
    13         490          1590.08              1            239  
    14         525          1570.91              1            255  
    15         560          1558.74              1            155  
    16         595          1552.47              1           79.8  
    17         630          1548.93              1           77.9  
    18         665          1545.85              1             87  
    19         700          1541.58              1            115  
srun: error: unpackmem_xmalloc: Buffer to be unpacked is too large (1684369920 > 1073741824)
srun: error: unpacking header
srun: error: destroy_forward: no init
srun: error: slurm_receive_msg: Message receive failure
srun: error: slurm_receive_msg[10.26.24.30]: Message receive failure
srun: error: invalid type trying to be freed 65534
                                                        First-order 
 Iteration  Func-count       f(x)        Step-size       optimality
    20         735          1535.63              1            111  
srun: error: slurm_receive_msg: Insane message length
srun: error: slurm_receive_msg[10.26.24.30]: Insane message length
srun: error: invalid type trying to be freed 65534
srun: error: slurm_receive_msg: Insane message length
srun: error: slurm_receive_msg[10.26.24.30]: Insane message length
srun: error: invalid type trying to be freed 65534
    21         770          1527.61              1            145  
srun: error: slurm_receive_msg: Insane message length
srun: error: slurm_receive_msg[10.26.24.30]: Insane message length
srun: error: invalid type trying to be freed 65534
srun: error: unpackmem_xmalloc: Buffer to be unpacked is too large (1885828912 > 1073741824)
srun: error: unpacking header
srun: error: destroy_forward: no init
srun: error: slurm_receive_msg: Message receive failure
srun: error: slurm_receive_msg[10.26.24.30]: Message receive failure
srun: error: invalid type trying to be freed 65534
    22         805          1519.25              1            122  
    23         840          1514.37              1           78.9  
srun: error: unpackmem_xmalloc: Buffer to be unpacked is too large (1684369920 > 1073741824)
srun: error: unpacking header
srun: error: destroy_forward: no init
srun: error: slurm_receive_msg: Message receive failure
srun: error: slurm_receive_msg[10.26.24.30]: Message receive failure
srun: error: invalid type trying to be freed 65534
    24         875          1511.34              1           78.7  
    25         910          1507.66              1           73.8  
srun: error: slurm_receive_msg: Insane message length
srun: error: slurm_receive_msg[10.26.24.30]: Insane message length
srun: error: invalid type trying to be freed 65534
srun: error: unpackmem_xmalloc: Buffer to be unpacked is too large (1885828912 > 1073741824)
srun: error: unpacking header
srun: error: destroy_forward: no init
srun: error: slurm_receive_msg: Message receive failure
srun: error: slurm_receive_msg[10.26.24.30]: Message receive failure
srun: error: invalid type trying to be freed 65534
    26         945          1502.98              1            119  
    27         980          1497.41              1            143  
    28        1015          1492.02              1            127  
    29        1050          1486.41              1           93.8  
    30        1085          1482.07              1           75.7  
    31        1120          1478.62              1            101  
    32        1155          1473.67              1            102  
    33        1190          1469.63              1             71  
    34        1225          1466.33              1           41.5  
    35        1260           1464.5              1           41.3  
    36        1295          1463.12              1           52.2  
    37        1330          1461.25              1           57.7  
    38        1365          1458.05              1           59.9  
    39        1400          1452.69              1           65.7  
                                                        First-order 
 Iteration  Func-count       f(x)        Step-size       optimality
    40        1435          1445.25              1           57.7  
    41        1470          1438.71              1             56  
    42        1505          1436.72              1           43.8  
    43        1540           1435.8              1           41.8  
    44        1575          1434.28              1           37.8  
    45        1610          1431.47              1           70.5  
    46        1645          1427.45              1           95.7  
    47        1680          1424.18              1           91.3  
    48        1715          1422.79              1           35.2  
    49        1750          1422.48              1           25.4  
    50        1785          1422.36              1           22.9  
    51        1820          1422.11              1             21  
    52        1855          1421.72              1           30.2  
srun: error: unpackmem: Buffer to be unpacked is too large (1951163745 > 1073741824)
srun: error: unpack error in io_init_msg_unpack
srun: error: Invalid IO init header version
srun: error: unpackmem: Buffer to be unpacked is too large (1935765607 > 1073741824)
srun: error: unpack error in io_init_msg_unpack
srun: error: Invalid IO init header version
    53        1960          1421.61           0.19           30.2  
srun: error: io_init_msg_read too small
srun: error: failed reading io init message
    54        2135          1421.49       0.120184           28.4  
srun: error: slurm_receive_msg: Transport endpoint is not connected
srun: error: slurm_receive_msg[10.26.24.30]: Transport endpoint is not connected
srun: error: invalid type trying to be freed 65534
    55        3325          1421.45       0.033434            477  

Local minimum possible.

fminunc stopped because it cannot decrease the objective function
along the current search direction.




Computing finite-difference Hessian using objective function.
srun: error: slurm_receive_msg: Transport endpoint is not connected
srun: error: slurm_receive_msg[10.26.24.30]: Transport endpoint is not connected
srun: error: invalid type trying to be freed 65534
Predicted change in objective function too small.
srun: error: unpack error in io_init_msg_unpack
srun: error: Invalid IO init header version
srun: error: unpackmem: Buffer to be unpacked is too large (1681731632 > 1073741824)
srun: error: unpack error in io_init_msg_unpack
srun: error: Invalid IO init header version
srun: error: unpack error in io_init_msg_unpack
srun: error: Invalid IO init header version
Current draw: 1000 of 5000
srun: error: unpackmem: Buffer to be unpacked is too large (4211079641 > 1073741824)
srun: error: unpack error in io_init_msg_unpack
srun: error: Invalid IO init header version
Current draw: 2000 of 5000
srun: error: unpack error in io_init_msg_unpack
srun: error: Invalid IO init header version
srun: error: unpackmem: Buffer to be unpacked is too large (2001232121 > 1073741824)
srun: error: unpack error in io_init_msg_unpack
srun: error: Invalid IO init header version
Current draw: 3000 of 5000
srun: error: slurm_receive_msg: Insane message length
srun: error: slurm_receive_msg[10.26.24.30]: Insane message length
srun: error: invalid type trying to be freed 65534
srun: error: slurm_receive_msg: Insane message length
srun: error: slurm_receive_msg[10.26.24.30]: Insane message length
srun: error: invalid type trying to be freed 65534
srun: error: slurm_receive_msg: Insane message length
srun: error: slurm_receive_msg[10.26.24.30]: Insane message length
srun: error: invalid type trying to be freed 65534
srun: error: slurm_receive_msg: Insane message length
srun: error: slurm_receive_msg[10.26.24.30]: Insane message length
srun: error: invalid type trying to be freed 65534
Current draw: 4000 of 5000
srun: error: slurm_receive_msg: Transport endpoint is not connected
srun: error: slurm_receive_msg[10.26.24.30]: Transport endpoint is not connected
srun: error: invalid type trying to be freed 65534
srun: error: slurm_receive_msg: Transport endpoint is not connected
srun: error: slurm_receive_msg[10.26.24.30]: Transport endpoint is not connected
srun: error: invalid type trying to be freed 65534
Current draw: 5000 of 5000
Elapsed time is 495.974381 seconds.
Ran Forecast Type 2for Model 104 and Horizon 12
Performing iteration ending on 2001M1 of model 105
Warning: This should be expanded with the country names in case of panel
> In abstvar/abstvar/check_inputs
  In abstvar
  In svar
  In scriptEstimateMode_FULL (line 96)
  In run (line 86)
  In msreg_2reg_endoprob_SVAR_FULL_OOS (line 231)
  In OOS_slurm_IF (line 4)
    'c(3,1,sync,1)>=c(3,1,sync,2)'
    'a0(1,GDPG,sync,1)=0'
    'a0(2,GDPG,sync,1)=0'
    'a0(1,MF,sync,1)=0'
    'a0(1,GDPG,sync,2)=0'
    'a0(2,GDPG,sync,2)=0'
    'a0(1,MF,sync,2)=0'
    'a1(3,GDPG)=0'
    's(3,3,sync,1)<=s(3,3,sync,2)'

 parameter: A12, density:NORMAL, hyperparameters: [0.5 0.5],convergence 0
 parameter: A21, density:NORMAL, hyperparameters: [0.5 0.5],convergence 0
 parameter: B12, density:GAMMA, hyperparameters: [4 0.125],convergence 0
 parameter: C12, density:GAMMA, hyperparameters: [4 0.125],convergence 0
 parameter: B21, density:GAMMA, hyperparameters: [4 0.125],convergence 0
 parameter: C21, density:GAMMA, hyperparameters: [4 0.125],convergence 0
                                                        First-order 
 Iteration  Func-count       f(x)        Step-size       optimality
     0          33          11067.8                      1.07e+04
     1          66          2773.71    9.33881e-05       1.93e+03  
     2          99          2198.33              1       1.33e+03  
     3         132          1849.21              1            558  
     4         165          1613.56              1            216  
     5         198          1550.84              1           80.4  
     6         231          1530.76              1             88  
     7         264          1523.91              1           89.2  
     8         297           1516.9              1             88  
     9         330          1504.36              1            117  
    10         363          1485.63              1            134  
    11         396          1467.32              1            138  
    12         429           1455.7              1            137  
    13         462          1448.87              1           99.2  
    14         495          1442.23              1             96  
    15         528          1433.31              1            138  
    16         561          1427.49              1            101  
    17         594          1423.87              1           78.1  
    18         627          1419.73              1            100  
    19         660          1413.16              1            208  
                                                        First-order 
 Iteration  Func-count       f(x)        Step-size       optimality
    20         693          1406.32              1            218  
    21         726          1402.64              1           97.5  
    22         759          1400.68              1           81.1  
    23         792          1399.11              1            115  
    24         825          1396.92              1            139  
    25         858          1392.11              1           94.1  
    26         891          1389.89              1           82.2  
    27         924          1386.86              1           94.1  
    28         957          1383.07              1            165  
    29         990          1378.79              1            152  
    30        1023          1376.31              1           61.3  
    31        1056          1375.02              1           32.7  
    32        1089          1373.64              1           81.6  
    33        1122          1370.96              1            150  
    34        1155          1367.27              1            176  
    35        1188          1364.22              1            122  
    36        1221          1362.84              1           38.5  
    37        1254          1362.24              1           32.6  
    38        1287          1361.62              1           58.6  
    39        1320          1360.48              1           96.4  
                                                        First-order 
 Iteration  Func-count       f(x)        Step-size       optimality
    40        1353          1359.04              1           98.5  
    41        1386          1357.95              1           53.2  
    42        1419           1357.4              1           29.4  
    43        1452          1356.95              1           32.7  
    44        1485          1356.23              1           69.8  
    45        1518          1355.02              1           97.2  
    46        1551          1353.64              1             87  
    47        1584          1352.75              1           38.1  
    48        1617          1352.39              1           21.1  
    49        1650          1352.11              1           30.7  
    50        1683          1351.53              1             63  
    51        1716          1350.45              1           91.9  
    52        1749          1348.91              1           92.7  
    53        1782          1347.69              1           48.7  
    54        1815          1347.23              1           16.7  
    55        1848          1347.02              1           17.3  
    56        2739          1346.94       0.155737           97.3  
    57        3267          1346.94        1.9e-07          1e+03  

Local minimum possible.

fminunc stopped because it cannot decrease the objective function
along the current search direction.




Computing finite-difference Hessian using objective function.
Predicted change in objective function too small.
Current draw: 1000 of 5000
Current draw: 2000 of 5000
Current draw: 3000 of 5000
Current draw: 4000 of 5000
Current draw: 5000 of 5000
Elapsed time is 488.546128 seconds.
Ran Forecast Type 2for Model 105 and Horizon 12
Performing iteration ending on 2001M1 of model 106
Warning: This should be expanded with the country names in case of panel
> In abstvar/abstvar/check_inputs
  In abstvar
  In svar
  In scriptEstimateMode_FULL (line 96)
  In run (line 86)
  In msreg_2reg_endoprob_SVAR_FULL_OOS (line 231)
  In OOS_slurm_IF (line 4)
    'c(3,1,sync,1)>=c(3,1,sync,2)'
    'a0(1,GDPG)=0'
    'a0(1,MF)=0'
    'a0(2,GDPG)=0'
    'a1(3,GDPG,sync,1)=0'
    'a1(3,GDPG,sync,2)=0'
    's(3,3,sync,1)<=s(3,3,sync,2)'

 parameter: A12, density:NORMAL, hyperparameters: [0.5 0.5],convergence 0
 parameter: A21, density:NORMAL, hyperparameters: [0.5 0.5],convergence 0
 parameter: B12, density:GAMMA, hyperparameters: [4 0.125],convergence 0
 parameter: C12, density:GAMMA, hyperparameters: [4 0.125],convergence 0
 parameter: B21, density:GAMMA, hyperparameters: [4 0.125],convergence 0
 parameter: C21, density:GAMMA, hyperparameters: [4 0.125],convergence 0
                                                        First-order 
 Iteration  Func-count       f(x)        Step-size       optimality
     0          38          11067.8                      1.07e+04
     1          76           2665.3    9.33881e-05       1.68e+03  
     2         114          2205.45              1       1.04e+03  
     3         152          1757.36              1            359  
     4         190          1638.67              1            157  
     5         228           1588.8              1            124  
     6         266          1570.92              1            125  
     7         304          1559.39              1            121  
     8         342           1546.7              1            112  
     9         380           1533.3              1           86.3  
    10         418          1520.51              1             82  
    11         456           1493.6              1            160  
    12         494          1480.39              1            168  
    13         532          1472.62              1            142  
    14         570          1449.09              1            207  
    15         608          1439.41              1           86.8  
    16         646          1435.02              1             70  
    17         684          1417.69              1            240  
    18         722          1411.68              1            179  
    19         760          1403.73              1            144  
                                                        First-order 
 Iteration  Func-count       f(x)        Step-size       optimality
    20         798          1400.54              1            109  
    21         836          1394.75              1           67.8  
    22         874          1385.64              1            119  
    23         912          1376.23              1            104  
    24         950          1368.87              1             47  
    25         988           1366.8              1             37  
    26        1026          1365.29              1           59.7  
    27        1064          1364.03              1           31.3  
    28        1102          1361.11              1           79.8  
    29        1140          1357.06              1           94.3  
    30        1178          1354.05              1           58.3  
    31        1216          1351.01              1           62.1  
    32        1254           1349.1              1           57.7  
    33        1292          1346.79              1           73.6  
    34        1330          1344.62              1           46.5  
    35        1368          1343.22              1           38.5  
    36        1406          1342.22              1           43.9  
    37        1444          1340.11              1           65.6  
    38        1482          1338.11              1           70.7  
    39        1520          1336.68              1           42.5  
                                                        First-order 
 Iteration  Func-count       f(x)        Step-size       optimality
    40        1558          1336.16              1           16.7  
    41        1596          1335.92              1           16.2  
    42        1634           1335.6              1           29.2  
    43        1672          1335.08              1           40.6  
    44        1710          1334.59              1           32.4  
    45        1748          1334.34              1             12  
    46        1786          1334.24              1           8.74  
    47        1824          1334.14              1           13.4  
    48        1862          1333.92              1           27.2  
    49        1900          1333.57              1           36.9  
    50        1938           1333.2              1           30.9  
    51        1976             1333              1             12  
    52        2014          1332.95              1           7.55  
    53        2052          1332.92              1           7.32  
    54        2090          1332.84              1           14.5  
    55        2128          1332.68              1           23.7  
    56        2166          1332.39              1           29.4  
    57        2204           1332.1              1             23  
    58        2242          1331.96              1            8.7  
    59        2280          1331.91              1           4.83  
                                                        First-order 
 Iteration  Func-count       f(x)        Step-size       optimality
    60        2318          1331.89              1           5.03  
    61        2356          1331.83              1             11  
    62        2394          1331.72              1           16.8  
    63        2432          1331.55              1           18.6  
    64        2470          1331.41              1           11.9  
    65        2508          1331.35              1           4.94  
    66        2546          1331.33              1           4.68  
    67        2584           1331.3              1           5.22  
    68        2622          1331.24              1           9.64  
    69        2660          1331.15              1           12.1  
    70        2698          1331.05              1           9.43  
    71        2736          1331.01              1           3.43  
    72        2774          1330.99              1           2.16  
    73        2812          1330.99              1           2.05  
    74        2850          1330.97              1           3.43  
    75        2888          1330.94              1           5.46  
    76        2926           1330.9              1           6.13  
    77        2964          1330.86              1           4.06  
    78        3078          1330.86           0.19           3.49  
    79        3268          1330.85         0.1171           3.03  
                                                        First-order 
 Iteration  Func-count       f(x)        Step-size       optimality
    80        5358          1330.85      0.0448908          1e+03  

Local minimum possible.

fminunc stopped because it cannot decrease the objective function
along the current search direction.




Computing finite-difference Hessian using objective function.
Predicted change in objective function too small.
Current draw: 1000 of 5000
Current draw: 2000 of 5000
Current draw: 3000 of 5000
Current draw: 4000 of 5000
Current draw: 5000 of 5000
Elapsed time is 611.797244 seconds.
Ran Forecast Type 2for Model 106 and Horizon 12
Performing iteration ending on 2001M1 of model 107
Warning: This should be expanded with the country names in case of panel
> In abstvar/abstvar/check_inputs
  In abstvar
  In svar
  In scriptEstimateMode_FULL (line 96)
  In run (line 86)
  In msreg_2reg_endoprob_SVAR_FULL_OOS (line 231)
  In OOS_slurm_IF (line 4)
    'c(3,1,sync,1)>=c(3,1,sync,2)'
    'a0(1,GDPG,sync,1)=0'
    'a0(2,GDPG,sync,1)=0'
    'a0(1,MF,sync,1)=0'
    'a0(1,GDPG,sync,2)=0'
    'a0(2,GDPG,sync,2)=0'
    'a0(1,MF,sync,2)=0'
    'a1(3,GDPG,sync,1)=0'
    'a1(3,GDPG,sync,2)=0'
    's(3,3,sync,1)<=s(3,3,sync,2)'

 parameter: A12, density:NORMAL, hyperparameters: [0.5 0.5],convergence 0
 parameter: A21, density:NORMAL, hyperparameters: [0.5 0.5],convergence 0
 parameter: B12, density:GAMMA, hyperparameters: [4 0.125],convergence 0
 parameter: C12, density:GAMMA, hyperparameters: [4 0.125],convergence 0
 parameter: B21, density:GAMMA, hyperparameters: [4 0.125],convergence 0
 parameter: C21, density:GAMMA, hyperparameters: [4 0.125],convergence 0
                                                        First-order 
 Iteration  Func-count       f(x)        Step-size       optimality
     0          41          11067.8                      1.07e+04
     1          82          2716.86    9.33881e-05       1.78e+03  
     2         123          2224.12              1       1.07e+03  
     3         164          1775.13              1            371  
     4         205          1652.95              1            165  
     5         246           1603.6              1            119  
     6         287          1586.77              1            119  
     7         328          1576.12              1            117  
     8         369          1564.03              1            108  
     9         410          1550.61              1           87.8  
    10         451          1537.49              1           90.8  
    11         492          1516.17              1            130  
    12         533          1502.76              1            142  
    13         574          1495.97              1            122  
    14         615          1476.31              1            198  
    15         656          1465.13              1           89.8  
    16         697          1461.19              1           71.6  
    17         738          1443.28              1            202  
    18         779             1437              1            144  
    19         820          1431.04              1           95.7  
                                                        First-order 
 Iteration  Func-count       f(x)        Step-size       optimality
    20         861          1428.29              1             96  
    21         902          1419.57              1           83.8  
    22         943          1413.41              1            130  
    23         984          1406.02              1            129  
    24        1025          1399.34              1           70.5  
    25        1066          1397.15              1           66.6  
    26        1107          1395.83              1           47.2  
    27        1148          1394.07              1           26.8  
    28        1189          1390.96              1           45.5  
    29        1230          1387.58              1           55.8  
    30        1271          1385.66              1           52.6  
    31        1312          1383.66              1           52.7  
    32        1353          1379.89              1           87.4  
    33        1394          1375.12              1            128  
    34        1435          1370.63              1           87.3  
    35        1476          1368.33              1           41.2  
    36        1517          1366.78              1           47.5  
    37        1558           1363.2              1            114  
    38        1599          1357.88              1            148  
    39        1640          1352.65              1            115  
                                                        First-order 
 Iteration  Func-count       f(x)        Step-size       optimality
    40        1681          1350.45              1           52.6  
    41        1722          1349.83              1           14.7  
    42        1763          1349.54              1           16.3  
    43        1804          1349.14              1           38.2  
    44        1845          1348.32              1           61.9  
    45        1886          1347.11              1           69.5  
    46        1927          1345.92              1             46  
    47        1968          1345.09              1           32.4  
    48        2009          1344.52              1           25.7  
    49        2050          1343.96              1           39.2  
    50        2091          1343.21              1           42.6  
    51        2132          1342.56              1           25.4  
    52        2173          1342.28              1           11.2  
    53        2214          1342.13              1             11  
    54        2255          1341.86              1           25.7  
    55        2296          1341.31              1             42  
    56        2337          1340.39              1           49.6  
    57        2378          1339.44              1           35.4  
    58        2419          1338.96              1           11.9  
    59        2460          1338.79              1           12.4  
                                                        First-order 
 Iteration  Func-count       f(x)        Step-size       optimality
    60        2501          1338.62              1           17.1  
    61        2542          1338.25              1           32.1  
    62        4510           1338.1       0.156246          1e+03  

Local minimum possible.

fminunc stopped because it cannot decrease the objective function
along the current search direction.




Computing finite-difference Hessian using objective function.
Predicted change in objective function too small.
Current draw: 1000 of 5000
Current draw: 2000 of 5000
Current draw: 3000 of 5000
Current draw: 4000 of 5000
Current draw: 5000 of 5000
Elapsed time is 564.588110 seconds.
Ran Forecast Type 2for Model 107 and Horizon 12
Performing iteration ending on 2001M1 of model 108
Warning: This should be expanded with the country names in case of panel
> In abstvar/abstvar/check_inputs
  In abstvar
  In svar
  In scriptEstimateMode_FULL (line 96)
  In run (line 86)
  In msreg_2reg_endoprob_SVAR_FULL_OOS (line 231)
  In OOS_slurm_IF (line 4)
    'c(3,1,sync,1)>=c(3,1,sync,2)'
    'a0(1,GDPG)=0'
    'a0(1,MF)=0'
    'a0(2,GDPG)=0'
    'a1(3,GDPG)=0'
    's(3,3,sync,1)<=s(3,3,sync,2)'

 parameter: A12, density:NORMAL, hyperparameters: [0.5 0.5],convergence 0
 parameter: A21, density:NORMAL, hyperparameters: [0.5 0.5],convergence 0
 parameter: B12, density:GAMMA, hyperparameters: [4 0.125],convergence 0
 parameter: C12, density:GAMMA, hyperparameters: [4 0.125],convergence 0
 parameter: B21, density:GAMMA, hyperparameters: [4 0.125],convergence 0
 parameter: C21, density:GAMMA, hyperparameters: [4 0.125],convergence 0
                                                        First-order 
 Iteration  Func-count       f(x)        Step-size       optimality
     0          28          11067.8                      1.07e+04
     1          56          2733.09    9.33881e-05       1.86e+03  
     2          84          2184.19              1       1.21e+03  
     3         112          1870.41              1            566  
     4         140          1663.22              1            223  
     5         168          1611.31              1            124  
     6         196          1593.48              1            143  
     7         224          1585.69              1            142  
     8         252          1577.08              1            125  
     9         280          1565.68              1           82.9  
    10         308          1553.56              1           96.5  
    11         336          1544.73              1           90.7  
    12         364          1541.49              1             71  
    13         392          1538.26              1           44.9  
    14         420          1534.52              1           60.4  
    15         448          1531.65              1           64.2  
    16         476           1528.7              1           75.9  
    17         504          1524.28              1           76.1  
    18         532          1517.22              1            129  
    19         560          1509.92              1            124  
                                                        First-order 
 Iteration  Func-count       f(x)        Step-size       optimality
    20         588           1505.4              1           57.5  
    21         616          1503.06              1           58.5  
    22         644          1501.02              1           60.2  
    23         672           1497.1              1           82.7  
    24         700          1489.84              1            115  
    25         728          1480.26              1            112  
    26         756          1473.15              1           74.1  
    27         784           1470.2              1           76.5  
    28         812          1468.15              1           69.3  
    29         840          1464.76              1           98.1  
    30         868          1460.47              1            138  
    31         896          1456.29              1           95.5  
    32         924           1454.8              1           31.5  
    33         952          1454.34              1           22.5  
    34         980          1453.91              1           30.7  
    35        1008          1453.11              1           39.8  
    36        1036          1452.05              1           36.7  
    37        1064          1451.12              1           29.6  
    38        1092          1450.54              1             28  
    39        1120          1450.09              1           22.1  
                                                        First-order 
 Iteration  Func-count       f(x)        Step-size       optimality
    40        1148          1449.39              1             23  
    41        1176          1448.01              1           30.9  
    42        1204           1445.8              1           30.6  
    43        1232          1443.62              1           37.5  
    44        1260          1442.64              1           29.3  
    45        1288           1442.2              1           23.3  
    46        1316          1441.64              1           22.3  
    47        1344          1440.61              1           20.6  
    48        1372          1439.14              1           29.8  
    49        1400          1437.86              1           33.6  
    50        1428          1437.06              1           28.3  
    51        1456          1436.37              1           41.4  
    52        1484           1435.2              1           53.2  
    53        1512          1432.82              1           61.6  
    54        1540           1429.1              1             55  
    55        1568          1425.79              1           34.1  
    56        1596          1424.65              1           11.2  
    57        1624          1424.49              1           11.4  
    58        1652          1424.42              1           11.2  
    59        1680          1424.32              1           10.5  
                                                        First-order 
 Iteration  Func-count       f(x)        Step-size       optimality
    60        1708          1424.11              1           9.08  
    61        1736          1423.72              1           11.8  
    62        1764           1423.3              1           13.3  
    63        1792          1423.06              1           15.5  
    64        1820          1422.96              1           13.9  
    65        1848          1422.89              1           10.8  
    66        1876          1422.74              1           8.57  
    67        1904          1422.53              1           8.47  
    68        1932          1422.32              1           15.4  
    69        1960          1422.18              1           19.4  
    70        1988          1422.06              1           19.2  
    71        2016          1421.87              1           16.6  
    72        2044          1421.47              1           11.2  
    73        2072          1420.84              1             14  
    74        2100          1420.25              1           10.6  
    75        2128          1419.99              1           5.47  
    76        2156          1419.94              1           5.75  
    77        2184          1419.92              1           5.52  
    78        2212          1419.88              1           4.69  
    79        2240          1419.79              1           4.95  
                                                        First-order 
 Iteration  Func-count       f(x)        Step-size       optimality
    80        2268          1419.62              1           7.55  
    81        2296          1419.43              1           7.12  
    82        2324          1419.31              1           8.25  
    83        2352          1419.27              1           8.36  
    84        2380          1419.24              1           7.79  
    85        2408          1419.19              1            6.6  
    86        2436          1419.06              1            6.9  
    87        2464          1418.81              1           9.98  
    88        2492          1418.47              1           10.1  
    89        2520          1418.23              1           5.61  
    90        2548          1418.15              1           1.72  
    91        2576          1418.14              1           1.66  
    92        2604          1418.14              1           1.59  
    93        2632          1418.13              1           1.54  
    94        2660          1418.11              1           1.48  
    95        2688          1418.07              1           2.26  
    96        2716          1418.02              1           2.68  
    97        2744          1417.97              1           3.36  
    98        2772          1417.95              1           3.57  
    99        2800          1417.94              1           3.34  
                                                        First-order 
 Iteration  Func-count       f(x)        Step-size       optimality
   100        2828          1417.93              1           3.02  
   101        2856          1417.92              1           2.45  
   102        2884          1417.88              1           2.21  
   103        2912           1417.8              1           3.15  
   104        2968          1417.74            0.5           3.18  
   105        3052           1417.7           0.19           2.91  
   106        3164          1417.68       0.136175           2.62  
   107        4340          1417.67        0.04087            368  

Local minimum possible.

fminunc stopped because it cannot decrease the objective function
along the current search direction.




Computing finite-difference Hessian using objective function.
Predicted change in objective function too small.
Current draw: 1000 of 5000
Current draw: 2000 of 5000
Current draw: 3000 of 5000
Current draw: 4000 of 5000
Current draw: 5000 of 5000
Elapsed time is 534.218437 seconds.
Ran Forecast Type 2for Model 108 and Horizon 12
