33
------------------------------------------
Setting up environment variables
---
LD_LIBRARY_PATH is .:/opt/MATLAB/R2017a/runtime/glnxa64:/opt/MATLAB/R2017a/bin/glnxa64:/opt/MATLAB/R2017a/sys/os/glnxa64:/opt/MATLAB/R2017a/sys/opengl/lib/glnxa64
Warning: Method directories not allowed in MATLAB path: /if/home/m1pac03/.mcrCache9.2/OOS_sl0/if/gms_research_gar/GAR/MS-VAR/RISE_toolbox2/classes/models/@dsge/private

	Personal pathdef has been created in your preference directory:
	/if/home/m1pac03/.mcrCache9.2/OOS_sl0/.matlab

Running on SLURM; using 1 cores as assigned on this node.

Performing iteration ending on 2001M9 of model 101
Warning: This should be expanded with the country names in case of panel
> In abstvar/abstvar/check_inputs
  In abstvar
  In svar
  In scriptEstimateMode_FULL (line 96)
  In run (line 86)
  In msreg_2reg_endoprob_SVAR_FULL_OOS (line 231)
  In OOS_slurm_IF (line 4)
    'c(3,1,sync,1)>=c(3,1,sync,2)'
    'a0(1,GDPG)=0'
    'a0(1,MF)=0'
    'a0(2,GDPG)=0'
    'a1(3,GDPG)=0'

 parameter: A12, density:NORMAL, hyperparameters: [0.5 0.5],convergence 0
 parameter: A21, density:NORMAL, hyperparameters: [0.5 0.5],convergence 0
 parameter: B12, density:GAMMA, hyperparameters: [4 0.125],convergence 0
 parameter: C12, density:GAMMA, hyperparameters: [4 0.125],convergence 0
 parameter: B21, density:GAMMA, hyperparameters: [4 0.125],convergence 0
 parameter: C21, density:GAMMA, hyperparameters: [4 0.125],convergence 0
                                                        First-order 
 Iteration  Func-count       f(x)        Step-size       optimality
     0          27            11098                      1.84e+04
     1          54          2738.19    5.44273e-05       1.83e+03  
     2          81          2383.72              1       1.34e+03  
     3         108          1826.48              1            462  
     4         135          1701.39              1            227  
     5         162          1660.39              1            131  
     6         189          1650.67              1            149  
     7         216          1644.53              1            153  
     8         243          1635.06              1            144  
     9         270           1622.5              1            111  
    10         297          1609.53              1           89.5  
    11         324          1600.66              1            123  
    12         351             1597              1            116  
    13         378          1591.74              1           81.1  
    14         405           1584.6              1             67  
    15         432          1580.27              1           67.8  
    16         459          1578.15              1           72.5  
    17         486          1575.64              1           71.3  
    18         513          1569.58              1           86.7  
    19         540          1559.72              1            101  
                                                        First-order 
 Iteration  Func-count       f(x)        Step-size       optimality
    20         567          1549.88              1           84.9  
    21         594          1544.07              1           66.1  
    22         621           1540.9              1           60.9  
    23         648          1539.42              1           55.5  
    24         675          1536.29              1           65.9  
    25         702          1529.98              1           77.6  
    26         729          1521.69              1           82.9  
    27         756          1515.71              1           84.1  
    28         783          1513.13              1           60.9  
    29         810          1511.76              1           50.6  
    30         837          1509.11              1             62  
    31         864          1504.61              1           64.4  
    32         891          1497.75              1           47.3  
    33         918          1492.92              1           38.5  
    34         945          1491.42              1           29.5  
    35         972          1490.86              1           22.3  
    36         999          1490.61              1           22.8  
    37        1026          1490.12              1           20.8  
    38        1053          1489.12              1           17.4  
    39        1080          1487.74              1           23.4  
                                                        First-order 
 Iteration  Func-count       f(x)        Step-size       optimality
    40        1107          1486.76              1           19.6  
    41        1134          1486.45              1           22.4  
    42        1161          1486.31              1           22.9  
    43        1188          1486.09              1           21.1  
    44        1215           1485.7              1           14.9  
    45        1242          1485.26              1           12.9  
    46        1269          1484.99              1           11.5  
    47        1296           1484.9              1           10.4  
    48        1323          1484.86              1           9.97  
    49        1350          1484.78              1           9.33  
    50        1377           1484.6              1           9.65  
    51        1404          1484.22              1           14.5  
    52        1431          1483.66              1           16.4  
    53        1458           1483.2              1             15  
    54        1485          1482.98              1           17.2  
    55        1512          1482.86              1           17.2  
    56        1539          1482.68              1           16.2  
    57        1566          1482.26              1           14.1  
    58        1593          1481.42              1             21  
    59        1620           1480.2              1           22.9  
                                                        First-order 
 Iteration  Func-count       f(x)        Step-size       optimality
    60        1647          1479.24              1           14.7  
    61        1674          1478.94              1           8.21  
    62        1701          1478.88              1            7.2  
    63        1728          1478.87              1            6.6  
    64        1755          1478.83              1           5.84  
    65        1782          1478.75              1           4.99  
    66        1809          1478.58              1           5.88  
    67        1836          1478.37              1           5.92  
    68        1863          1478.23              1           6.83  
    69        1890          1478.18              1           7.53  
    70        1917          1478.17              1           7.18  
    71        1944          1478.14              1           6.69  
    72        1971          1478.07              1           6.07  
    73        1998          1477.92              1           6.46  
    74        2025          1477.56              1           7.39  
    75        2052           1477.1              1           13.4  
    76        2079          1476.84              1           13.8  
    77        2106          1476.65              1           11.6  
    78        2133           1476.6              1           11.8  
    79        2160          1476.51              1           11.2  
                                                        First-order 
 Iteration  Func-count       f(x)        Step-size       optimality
    80        2187          1476.34              1           11.3  
    81        2214          1475.91              1           10.9  
    82        2241          1475.16              1           16.7  
    83        2268          1474.35              1           26.1  
    84        2295          1473.82              1           29.7  
    85        2322          1473.58              1           24.9  
    86        2349          1473.44              1           24.7  
    87        2376          1473.24              1           23.3  
    88        2403          1471.54              1           31.2  
    89        2430          1469.34              1           44.1  
    90        2457          1466.66              1           32.8  
    91        2484          1465.44              1             25  
    92        2511          1465.04              1           17.7  
    93        2538          1464.95              1           17.2  
    94        2565          1464.79              1           16.8  
    95        2592          1464.14              1           16.6  
    96        2619          1463.18              1           24.9  
    97        2646          1461.74              1           27.9  
    98        2673          1460.67              1           18.5  
    99        2700          1460.18              1           7.56  
                                                        First-order 
 Iteration  Func-count       f(x)        Step-size       optimality
   100        2727          1460.11              1           10.5  
   101        2754          1460.02              1           7.09  
   102        2781          1459.99              1           6.66  
   103        2808           1459.9              1           5.82  
   104        2835          1459.82              1           5.93  
   105        2862          1459.47              1           8.72  
   106        2889          1459.09              1           11.8  
   107        2916          1458.77              1           6.33  
   108        2943          1458.67              1           4.05  
   109        2970          1458.66              1           3.93  
   110        2997          1458.65              1           3.95  
   111        3024          1458.61              1           3.97  
   112        3051          1458.51              1           5.89  
   113        3078          1458.29              1           9.19  
   114        3105          1457.86              1           11.9  
   115        3132          1457.27              1           11.7  
   116        3159          1456.81              1           6.32  
   117        3186           1456.7              1           4.84  
   118        3213          1456.69              1           4.82  
   119        3240          1456.68              1           4.74  
                                                        First-order 
 Iteration  Func-count       f(x)        Step-size       optimality
   120        3267          1456.67              1           4.57  
   121        3294          1456.65              1           4.26  
   122        3321          1456.58              1           4.07  
   123        3348          1456.43              1           6.46  
   124        3375          1456.13              1           8.66  
   125        3402          1455.72              1           8.44  
   126        3429          1455.38              1           4.67  
   127        3456          1455.28              1            3.2  
   128        3483          1455.28              1           3.36  
   129        3510          1455.28              1           3.36  
   130        3537          1455.27              1           3.33  
   131        3564          1455.26              1           3.23  
   132        3591          1455.24              1           2.95  
   133        3618           1455.2              1           3.05  
   134        3645          1455.13              1           3.32  
   135        3672          1455.07              1           2.15  
   136        3699          1455.05              1           1.25  
   137        3726          1455.04              1           1.24  
   138        3753          1455.04              1           1.22  
   139        3780          1455.04              1           1.19  
                                                        First-order 
 Iteration  Func-count       f(x)        Step-size       optimality
   140        3807          1455.04              1           1.13  
   141        3834          1455.04              1           1.03  
   142        3861          1455.03              1          0.853  
   143        3888          1455.01              1          0.879  
   144        3915          1454.98              1           1.14  
   145        3942          1454.93              1           1.15  
   146        3969           1454.9              1          0.602  
   147        3996          1454.89              1          0.134  
   148        4023          1454.89              1           0.13  
   149        4050          1454.89              1          0.131  
   150        4077          1454.89              1          0.132  
   151        4104          1454.89              1          0.132  
   152        4131          1454.89              1          0.133  
   153        4158          1454.89              1          0.134  
   154        4185          1454.89              1          0.161  
   155        4212          1454.89              1          0.273  
   156        4239          1454.89              1          0.424  
   157        4266          1454.89              1          0.569  
   158        4293          1454.88              1          0.559  
   159        4320          1454.88              1          0.313  
                                                        First-order 
 Iteration  Func-count       f(x)        Step-size       optimality
   160        4347          1454.88              1          0.119  
   161        4374          1454.88              1          0.101  
   162        4401          1454.88              1         0.0991  
   163        4428          1454.88              1         0.0971  
   164        4455          1454.88              1         0.0928  
   165        4482          1454.88              1         0.0859  
   166        4509          1454.88              1         0.0725  
   167        4536          1454.88              1         0.0534  
   168        4563          1454.88              1         0.0512  
   169        4590          1454.88              1         0.0392  
   170        4617          1454.88              1         0.0144  
   171        4644          1454.88              1        0.00609  
   172        4671          1454.88              1        0.00604  
   173        4698          1454.88              1        0.00594  
   174        4725          1454.88              1        0.00597  
   175        4752          1454.88              1        0.00586  
   176        4779          1454.88              1        0.00597  
   177        4806          1454.88              1        0.00585  
   178        4833          1454.88              1        0.00682  
   179        4860          1454.88              1        0.00972  
                                                        First-order 
 Iteration  Func-count       f(x)        Step-size       optimality
   180        4887          1454.88              1         0.0131  
   181        4914          1454.88              1         0.0132  
   182        4941          1454.88              1        0.00694  
   183        4968          1454.88              1        0.00137  
   184        4995          1454.88              1       0.000397  
   185        5022          1454.88              1       0.000397  
   186        5049          1454.88              1       0.000229  

Local minimum found.

Optimization completed because the size of the gradient is less than
the selected value of the optimality tolerance.




Computing finite-difference Hessian using objective function.
First order optimality conditions satisfied.
Current draw: 1000 of 5000
Current draw: 2000 of 5000
Current draw: 3000 of 5000
Current draw: 4000 of 5000
Current draw: 5000 of 5000
Elapsed time is 569.320700 seconds.
Ran Forecast Type 2for Model 101 and Horizon 12
Performing iteration ending on 2001M9 of model 102
Warning: This should be expanded with the country names in case of panel
> In abstvar/abstvar/check_inputs
  In abstvar
  In svar
  In scriptEstimateMode_FULL (line 96)
  In run (line 86)
  In msreg_2reg_endoprob_SVAR_FULL_OOS (line 231)
  In OOS_slurm_IF (line 4)
    'c(3,1,sync,1)>=c(3,1,sync,2)'
    'a0(1,GDPG)=0'
    'a0(1,MF)=0'
    'a0(2,GDPG)=0'
    'a1(3,GDPG)=0'
    's(3,3,sync,1)<=s(3,3,sync,2)'

 parameter: A12, density:NORMAL, hyperparameters: [0.5 0.5],convergence 0
 parameter: A21, density:NORMAL, hyperparameters: [0.5 0.5],convergence 0
 parameter: B12, density:GAMMA, hyperparameters: [4 0.125],convergence 0
 parameter: C12, density:GAMMA, hyperparameters: [4 0.125],convergence 0
 parameter: B21, density:GAMMA, hyperparameters: [4 0.125],convergence 0
 parameter: C21, density:GAMMA, hyperparameters: [4 0.125],convergence 0
                                                        First-order 
 Iteration  Func-count       f(x)        Step-size       optimality
     0          30            11098                      1.07e+04
     1          60          2747.99    9.33503e-05       1.95e+03  
     2          90          2204.14              1       1.34e+03  
     3         120          1869.49              1            560  
     4         150           1627.7              1            210  
     5         180          1565.08              1           84.2  
     6         210          1543.86              1           91.3  
     7         240          1535.82              1             92  
     8         270          1527.51              1             98  
     9         300          1514.19              1            128  
    10         330          1496.02              1            133  
    11         360          1478.55              1            159  
    12         390          1465.88              1            146  
    13         420          1457.24              1           90.5  
    14         450          1448.56              1            102  
    15         480          1442.05              1           91.1  
    16         510           1437.6              1           79.1  
    17         540          1433.57              1           76.7  
    18         570          1426.18              1            151  
    19         600          1416.86              1            215  
                                                        First-order 
 Iteration  Func-count       f(x)        Step-size       optimality
    20         630          1410.62              1            150  
    21         660          1407.02              1           78.3  
    22         690          1404.14              1           94.4  
    23         720          1401.46              1            168  
    24         750          1398.69              1            126  
    25         780           1396.3              1           50.1  
    26         810          1394.95              1           67.9  
    27         840          1391.24              1            184  
    28         870           1386.4              1            237  
    29         900          1381.86              1            160  
    30         930          1380.17              1           39.4  
    31         960          1379.64              1           24.2  
    32         990           1378.9              1           74.7  
    33        1020           1377.5              1            130  
    34        1050          1375.58              1            147  
    35        1080          1374.09              1           96.6  
    36        1110           1373.5              1           27.6  
    37        1140          1373.29              1           17.2  
    38        1170          1373.08              1           37.3  
    39        1200          1372.68              1           63.3  
                                                        First-order 
 Iteration  Func-count       f(x)        Step-size       optimality
    40        1230          1372.13              1           69.6  
    41        1260          1371.66              1             43  
    42        1290          1371.44              1           20.1  
    43        1320           1371.3              1           19.7  
    44        1350          1371.09              1           38.4  
    45        1380           1370.7              1           61.3  
    46        1410          1370.16              1           66.3  
    47        1440          1369.71              1           40.3  
    48        1470          1369.49              1           15.2  
    49        1500          1369.36              1           15.9  
    50        1530          1369.14              1           40.5  
    51        1560          1368.68              1           68.4  
    52        1590          1367.94              1           82.8  
    53        1620          1367.23              1           58.8  
    54        1650          1366.92              1           16.5  
    55        1680          1366.83              1           10.8  
    56        1710          1366.75              1           18.3  
    57        1740          1366.56              1           35.2  
    58        1770          1366.24              1           46.9  
    59        1800           1365.9              1           40.2  
                                                        First-order 
 Iteration  Func-count       f(x)        Step-size       optimality
    60        1830          1365.72              1           17.3  
    61        1860          1365.68              1            3.8  
    62        1890          1365.67              1           3.45  
    63        1920          1365.65              1           6.92  
    64        1950          1365.62              1           12.3  
    65        1980          1365.55              1           16.7  
    66        2010          1365.46              1           15.4  
    67        2040          1365.41              1           7.36  
    68        2070          1365.39              1           2.61  
    69        2100          1365.38              1           2.49  
    70        2130          1365.37              1           5.16  
    71        2160          1365.34              1           9.32  
    72        2190          1365.28              1           13.7  
    73        2220          1365.19              1           14.8  
    74        2250          1365.12              1           9.58  
    75        2280          1365.09              1           2.72  
    76        2310          1365.08              1           2.28  
    77        2340          1365.08              1           1.99  
    78        2370          1365.07              1           3.27  
    79        2400          1365.06              1           4.71  
                                                        First-order 
 Iteration  Func-count       f(x)        Step-size       optimality
    80        2430          1365.04              1           4.71  
    81        2460          1365.02              1           2.53  
    82        2490          1365.02              1           1.51  
    83        2520          1365.01              1            1.5  
    84        2550          1365.01              1            1.7  
    85        2580             1365              1           3.22  
    86        2610          1364.98              1           5.23  
    87        2640          1364.94              1           7.11  
    88        2670          1364.89              1           7.08  
    89        2700          1364.84              1           3.94  
    90        2730          1364.83              1           2.42  
    91        2760          1364.82              1           2.53  
    92        2790          1364.81              1           2.87  
    93        2820          1364.79              1           4.71  
    94        2850          1364.75              1           6.24  
    95        2880          1364.69              1           5.78  
    96        2910          1364.65              1           2.77  
    97        2940          1364.64              1           1.59  
    98        2970          1364.63              1            1.4  
    99        3000          1364.63              1           1.41  
                                                        First-order 
 Iteration  Func-count       f(x)        Step-size       optimality
   100        3030          1364.63              1           1.58  
   101        3060          1364.62              1           2.06  
   102        3090          1364.61              1           1.99  
   103        3120           1364.6              1           1.31  
   104        3150          1364.59              1           1.04  
   105        3180          1364.59              1           1.03  
   106        3210          1364.59              1           1.02  
   107        3240          1364.59              1           1.07  
   108        3270          1364.58              1           1.49  
   109        3300          1364.57              1           1.66  
   110        3330          1364.56              1           1.18  
   111        3360          1364.55              1          0.539  
   112        3390          1364.55              1          0.533  
   113        3420          1364.55              1          0.526  
   114        3450          1364.55              1          0.502  
   115        3480          1364.55              1          0.435  
   116        3510          1364.55              1          0.482  
   117        3540          1364.55              1          0.532  
   118        3570          1364.54              1          0.365  
   119        3600          1364.54              1          0.274  
                                                        First-order 
 Iteration  Func-count       f(x)        Step-size       optimality
   120        3630          1364.54              1          0.268  
   121        3660          1364.54              1          0.269  
   122        3690          1364.54              1          0.269  
   123        3720          1364.54              1          0.266  
   124        3750          1364.54              1          0.296  
   125        3780          1364.54              1           0.37  
   126        3810          1364.54              1          0.349  
   127        3840          1364.54              1           0.23  
   128        3870          1364.54              1          0.203  
   129        3900          1364.54              1          0.198  
   130        3930          1364.54              1          0.199  
   131        3960          1364.54              1          0.199  
   132        3990          1364.54              1          0.194  
   133        4020          1364.54              1          0.227  
   134        4050          1364.54              1          0.228  
   135        4080          1364.54              1          0.243  
   136        4110          1364.54              1          0.248  
   137        4140          1364.54              1          0.252  
   138        4170          1364.54              1          0.253  
   139        4200          1364.54              1          0.241  
                                                        First-order 
 Iteration  Func-count       f(x)        Step-size       optimality
   140        4230          1364.53              1           0.29  
   141        4260          1364.53              1           0.35  
   142        4290          1364.53              1          0.239  
   143        4320          1364.53              1           0.13  
   144        4350          1364.53              1          0.119  
   145        4380          1364.53              1          0.116  
   146        4410          1364.53              1          0.116  
   147        4440          1364.53              1            0.1  
   148        4470          1364.53              1         0.0705  
   149        4500          1364.53              1         0.0781  
   150        4530          1364.53              1           0.09  
   151        4560          1364.53              1         0.0908  
   152        4590          1364.53              1         0.0901  
   153        4620          1364.53              1         0.0874  
   154        4650          1364.53              1         0.0823  
   155        4680          1364.53              1         0.0737  
   156        4710          1364.53              1          0.122  
   157        4740          1364.53              1          0.154  
   158        4770          1364.53              1          0.119  
   159        4800          1364.53              1         0.0435  
                                                        First-order 
 Iteration  Func-count       f(x)        Step-size       optimality
   160        4830          1364.53              1         0.0216  
   161        4860          1364.53              1         0.0204  
   162        4890          1364.53              1           0.02  
   163        4920          1364.53              1         0.0189  
   164        4950          1364.53              1         0.0177  
   165        4980          1364.53              1         0.0145  
   166        5010          1364.53              1         0.0104  
   167        5040          1364.53              1         0.0133  
   168        5070          1364.53              1         0.0142  
   169        5100          1364.53              1        0.00829  
   170        5130          1364.53              1        0.00682  
   171        5160          1364.53              1        0.00689  
   172        5190          1364.53              1        0.00704  
   173        5250          1364.53            0.1        0.00709  
   174        5280          1364.53              1        0.00706  
   175        5310          1364.53              1        0.00692  
   176        5340          1364.53              1        0.00678  
   177        5370          1364.53              1        0.00621  
   178        5400          1364.53              1        0.00943  
   179        5430          1364.53              1         0.0123  
                                                        First-order 
 Iteration  Func-count       f(x)        Step-size       optimality
   180        5460          1364.53              1         0.0108  
   181        5490          1364.53              1         0.0052  
   182        5520          1364.53              1        0.00325  
   183        5550          1364.53              1        0.00345  
   184        5580          1364.53              1        0.00267  
   185        5610          1364.53              1        0.00113  
   186        5640          1364.53              1       0.000595  
   187        5670          1364.53              1       0.000649  
   188        5760          1364.53      0.0278933       0.000603  
   189        5820          1364.53       0.395421        0.00059  
   190        5850          1364.53              1       0.000597  
   191        5910          1364.53       0.455512       0.000564  
   192        6150          1364.53      0.0222683       0.000584  

Local minimum possible.

fminunc stopped because it cannot decrease the objective function
along the current search direction.




Computing finite-difference Hessian using objective function.
Predicted change in objective function too small.
Current draw: 1000 of 5000
Current draw: 2000 of 5000
Current draw: 3000 of 5000
Current draw: 4000 of 5000
Current draw: 5000 of 5000
Elapsed time is 616.467560 seconds.
Ran Forecast Type 2for Model 102 and Horizon 12
Performing iteration ending on 2001M9 of model 103
Warning: This should be expanded with the country names in case of panel
> In abstvar/abstvar/check_inputs
  In abstvar
  In svar
  In scriptEstimateMode_FULL (line 96)
  In run (line 86)
  In msreg_2reg_endoprob_SVAR_FULL_OOS (line 231)
  In OOS_slurm_IF (line 4)
    'c(3,1,sync,1)>=c(3,1,sync,2)'
    'a0(1,GDPG,sync,1)=0'
    'a0(2,GDPG,sync,1)=0'
    'a0(1,MF,sync,1)=0'
    'a0(1,GDPG,sync,2)=0'
    'a0(2,GDPG,sync,2)=0'
    'a0(1,MF,sync,2)=0'
    'a1(3,GDPG)=0'

 parameter: A12, density:NORMAL, hyperparameters: [0.5 0.5],convergence 0
 parameter: A21, density:NORMAL, hyperparameters: [0.5 0.5],convergence 0
 parameter: B12, density:GAMMA, hyperparameters: [4 0.125],convergence 0
 parameter: C12, density:GAMMA, hyperparameters: [4 0.125],convergence 0
 parameter: B21, density:GAMMA, hyperparameters: [4 0.125],convergence 0
 parameter: C21, density:GAMMA, hyperparameters: [4 0.125],convergence 0
                                                        First-order 
 Iteration  Func-count       f(x)        Step-size       optimality
     0          30            11098                      1.84e+04
     1          60          2776.69    5.44273e-05        1.9e+03  
     2          90          2408.65              1       1.38e+03  
     3         120          1839.52              1            480  
     4         150          1710.23              1            229  
     5         180          1668.69              1            129  
     6         210          1659.73              1            147  
     7         240          1654.59              1            150  
     8         270          1645.82              1            141  
     9         300          1633.17              1            105  
    10         330          1619.64              1           94.5  
    11         360          1609.48              1           81.7  
    12         390          1606.87              1           82.1  
    13         420          1604.88              1           70.1  
    14         450          1597.99              1           49.8  
    15         480          1593.35              1           49.3  
    16         510          1590.08              1           70.2  
    17         540          1588.27              1           74.2  
    18         570          1584.99              1           70.2  
    19         600          1578.67              1           74.4  
                                                        First-order 
 Iteration  Func-count       f(x)        Step-size       optimality
    20         630          1570.42              1           75.5  
    21         660          1564.98              1           56.1  
    22         690          1562.24              1           54.3  
    23         720          1560.74              1           50.2  
    24         750          1559.14              1           45.8  
    25         780           1555.1              1           63.2  
    26         810          1548.41              1           68.8  
    27         840          1540.81              1           83.2  
    28         870          1535.95              1           71.9  
    29         900          1534.23              1           54.8  
    30         930          1532.79              1             57  
    31         960          1529.71              1           67.7  
    32         990          1524.93              1           63.2  
    33        1020          1518.92              1           35.2  
    34        1050          1516.08              1           34.6  
    35        1080          1515.34              1           33.1  
    36        1110          1514.84              1           32.4  
    37        1140           1514.3              1           32.7  
    38        1170          1512.78              1           33.8  
    39        1200          1510.12              1           33.9  
                                                        First-order 
 Iteration  Func-count       f(x)        Step-size       optimality
    40        1230          1506.45              1           48.3  
    41        1260          1503.95              1           37.9  
    42        1290          1503.14              1           43.2  
    43        1320           1502.6              1           42.6  
    44        1350          1501.35              1           38.5  
    45        1380          1499.72              1           26.9  
    46        1410          1498.32              1           18.4  
    47        1440          1497.74              1           14.8  
    48        1470          1497.58              1           14.4  
    49        1500          1497.49              1           13.7  
    50        1530          1497.25              1           13.5  
    51        1560          1496.76              1           15.7  
    52        1590          1495.84              1           21.5  
    53        1620          1494.81              1           18.1  
    54        1650          1494.21              1           20.6  
    55        1680          1493.94              1           20.8  
    56        1710           1493.7              1           19.5  
    57        1740          1493.19              1           17.1  
    58        1770          1492.04              1           25.8  
    59        1800          1489.85              1           34.2  
                                                        First-order 
 Iteration  Func-count       f(x)        Step-size       optimality
    60        1830          1486.91              1           33.2  
    61        1860          1484.88              1           22.6  
    62        1890          1484.19              1             24  
    63        1920          1483.96              1           22.1  
    64        1950           1483.7              1           19.9  
    65        1980          1483.01              1           17.2  
    66        2010           1481.6              1           21.9  
    67        2040          1479.27              1           24.9  
    68        2070          1477.14              1           19.2  
    69        2100          1476.26              1           17.7  
    70        2130          1476.05              1           15.6  
    71        2160          1475.93              1           16.1  
    72        2190          1475.63              1           16.6  
    73        2220          1475.01              1             15  
    74        2250          1473.88              1           17.4  
    75        2280           1472.6              1           21.9  
    76        2310          1471.93              1           19.2  
    77        2340          1471.73              1           16.3  
    78        2370          1471.63              1           16.2  
    79        2400          1471.46              1           15.3  
                                                        First-order 
 Iteration  Func-count       f(x)        Step-size       optimality
    80        2430          1471.07              1           12.6  
    81        2460          1470.48              1           9.31  
    82        2490          1469.96              1           9.55  
    83        2520          1469.75              1           9.64  
    84        2550          1469.69              1           9.98  
    85        2580          1469.65              1           9.82  
    86        2610          1469.53              1            9.2  
    87        2640          1469.25              1           8.14  
    88        2670          1468.62              1           12.2  
    89        2700          1467.54              1             16  
    90        2730          1466.49              1             17  
    91        2760          1466.11              1           12.9  
    92        2790          1466.02              1           9.79  
    93        2820          1465.99              1           9.66  
srun: error: unpackmem: Buffer to be unpacked is too large (2073120751 > 1073741824)
srun: error: unpack error in io_init_msg_unpack
srun: error: Invalid IO init header version
    94        2850          1465.94              1           10.6  
    95        2880           1465.8              1           11.6  
    96        2910          1465.49              1           18.1  
    97        2940          1464.87              1           26.9  
srun: error: unpack error in io_init_msg_unpack
srun: error: Invalid IO init header version
srun: error: slurm_receive_msg: Transport endpoint is not connected
    98        2970          1464.01              1           29.1  
    99        3000          1463.45              1           15.6  
srun: error: slurm_receive_msg[10.26.24.30]: Transport endpoint is not connected
srun: error: invalid type trying to be freed 65534
srun: error: io_init_msg_read too small
srun: error: failed reading io init message
srun: error: unpackmem: Buffer to be unpacked is too large (4016503721 > 1073741824)
srun: error: unpack error in io_init_msg_unpack
srun: error: Invalid IO init header version
                                                        First-order 
 Iteration  Func-count       f(x)        Step-size       optimality
   100        3030          1463.35              1           4.63  
srun: error: unpack error in io_init_msg_unpack
srun: error: Invalid IO init header version
srun: error: unpackmem: Buffer to be unpacked is too large (3957644085 > 1073741824)
srun: error: unpack error in io_init_msg_unpack
srun: error: Invalid IO init header version
srun: error: unpack error in io_init_msg_unpack
srun: error: Invalid IO init header version
   101        3060          1463.34              1           4.41  
srun: error: unpack error in io_init_msg_unpack
srun: error: Invalid IO init header version
srun: error: unpack error in io_init_msg_unpack
srun: error: Invalid IO init header version
srun: error: io_init_msg_read too small
srun: error: slurm_receive_msg: Transport endpoint is not connected
srun: error: failed reading io init message
srun: error: slurm_receive_msg[10.26.24.30]: Transport endpoint is not connected
srun: error: invalid type trying to be freed 65534
   102        3090          1463.33              1           4.33  
srun: error: slurm_receive_msg: Transport endpoint is not connected
srun: error: slurm_receive_msg[10.26.24.30]: Transport endpoint is not connected
srun: error: invalid type trying to be freed 65534
   103        3120          1463.29              1           5.23  
   104        3150          1463.22              1            8.5  
   105        3180          1463.08              1             11  
srun: error: slurm_receive_msg: Transport endpoint is not connected
srun: error: slurm_receive_msg[10.26.24.30]: Transport endpoint is not connected
srun: error: invalid type trying to be freed 65534
srun: error: slurm_receive_msg: Transport endpoint is not connected
srun: error: slurm_receive_msg[10.26.24.30]: Transport endpoint is not connected
srun: error: invalid type trying to be freed 65534
   106        3210          1462.91              1           9.48  
   107        3240           1462.8              1            4.5  
   108        3270          1462.77              1           5.02  
srun: error: slurm_receive_msg: Transport endpoint is not connected
srun: error: slurm_receive_msg[10.26.24.30]: Transport endpoint is not connected
srun: error: invalid type trying to be freed 65534
srun: error: slurm_receive_msg: Transport endpoint is not connected
srun: error: slurm_receive_msg[10.26.24.30]: Transport endpoint is not connected
srun: error: invalid type trying to be freed 65534
   109        3300          1462.76              1            4.8  
   110        3330          1462.75              1           4.46  
   111        3360          1462.73              1           3.79  
   112        3390          1462.68              1           3.12  
   113        3420          1462.59              1           3.31  
   114        3450          1462.47              1           3.87  
srun: error: slurm_receive_msg: Transport endpoint is not connected
srun: error: slurm_receive_msg[10.26.24.30]: Transport endpoint is not connected
srun: error: invalid type trying to be freed 65534
   115        3480          1462.39              1           5.27  
   116        3510          1462.36              1           5.12  
   117        3540          1462.36              1           4.74  
   118        3570          1462.35              1           4.26  
   119        3600          1462.32              1           3.33  
                                                        First-order 
 Iteration  Func-count       f(x)        Step-size       optimality
   120        3630          1462.25              1            2.8  
   121        3660          1462.12              1           3.84  
   122        3690          1461.92              1           4.24  
srun: error: slurm_receive_msg: Transport endpoint is not connected
srun: error: slurm_receive_msg[10.26.24.30]: Transport endpoint is not connected
srun: error: invalid type trying to be freed 65534
srun: error: slurm_receive_msg: Transport endpoint is not connected
srun: error: slurm_receive_msg[10.26.24.30]: Transport endpoint is not connected
srun: error: invalid type trying to be freed 65534
   123        3720          1461.74              1           5.17  
   124        3750          1461.65              1           4.34  
   125        3780          1461.63              1           4.24  
   126        3810          1461.62              1           4.34  
   127        3840           1461.6              1           4.35  
   128        3870          1461.48              1           4.76  
   129        3900          1461.25              1           8.69  
srun: error: slurm_receive_msg: Transport endpoint is not connected
srun: error: slurm_receive_msg[10.26.24.30]: Transport endpoint is not connected
srun: error: invalid type trying to be freed 65534
srun: error: slurm_receive_msg: Transport endpoint is not connected
srun: error: slurm_receive_msg[10.26.24.30]: Transport endpoint is not connected
srun: error: invalid type trying to be freed 65534
   130        3930          1460.73              1             13  
   131        3960          1460.16              1           13.4  
   132        3990          1459.76              1           6.66  
   133        4020          1459.57              1           2.94  
   134        4050          1459.55              1           2.34  
   135        4080          1459.55              1           2.26  
   136        4110          1459.55              1           2.21  
   137        4140          1459.55              1           2.19  
   138        4170          1459.54              1           2.14  
   139        4200          1459.53              1           3.56  
                                                        First-order 
 Iteration  Func-count       f(x)        Step-size       optimality
   140        4230          1459.49              1           5.81  
   141        4260          1459.43              1           7.69  
   142        4290          1459.36              1           6.76  
   143        4320          1459.32              1           3.29  
srun: error: slurm_receive_msg: Transport endpoint is not connected
srun: error: slurm_receive_msg[10.26.24.30]: Transport endpoint is not connected
srun: error: invalid type trying to be freed 65534
srun: error: slurm_receive_msg: Transport endpoint is not connected
srun: error: slurm_receive_msg[10.26.24.30]: Transport endpoint is not connected
srun: error: invalid type trying to be freed 65534
   144        4350          1459.31              1           1.01  
   145        4380          1459.31              1          0.937  
   146        4410          1459.31              1          0.916  
   147        4440          1459.31              1          0.851  
   148        4470           1459.3              1          0.967  
   149        4500          1459.29              1           1.73  
srun: error: slurm_receive_msg: Transport endpoint is not connected
srun: error: slurm_receive_msg[10.26.24.30]: Transport endpoint is not connected
srun: error: invalid type trying to be freed 65534
srun: error: slurm_receive_msg: Transport endpoint is not connected
srun: error: slurm_receive_msg[10.26.24.30]: Transport endpoint is not connected
srun: error: invalid type trying to be freed 65534
   150        4530          1459.28              1           2.83  
   151        4560          1459.24              1           3.99  
   152        4590          1459.18              1           4.35  
srun: error: slurm_receive_msg: Transport endpoint is not connected
srun: error: slurm_receive_msg[10.26.24.30]: Transport endpoint is not connected
srun: error: invalid type trying to be freed 65534
   153        4620          1459.12              1           2.99  
   154        4650           1459.1              1          0.971  
srun: error: slurm_receive_msg: Transport endpoint is not connected
srun: error: slurm_receive_msg[10.26.24.30]: Transport endpoint is not connected
srun: error: invalid type trying to be freed 65534
   155        4680          1459.09              1           0.49  
srun: error: slurm_receive_msg: Insane message length
srun: error: slurm_receive_msg[10.26.24.30]: Insane message length
srun: error: invalid type trying to be freed 65534
   156        4710          1459.09              1          0.496  
srun: error: slurm_receive_msg: Insane message length
srun: error: slurm_receive_msg[10.26.24.30]: Insane message length
srun: error: invalid type trying to be freed 65534
   157        4740          1459.09              1          0.494  
   158        4770          1459.09              1          0.489  
   159        4800          1459.09              1          0.544  
                                                        First-order 
 Iteration  Func-count       f(x)        Step-size       optimality
   160        4830          1459.09              1           1.02  
   161        4860          1459.09              1           1.66  
srun: error: io_init_msg_read too small
srun: error: failed reading io init message
   162        4890          1459.08              1            2.3  
   163        4920          1459.08              1           2.31  
srun: error: slurm_receive_msg: Insane message length
srun: error: slurm_receive_msg[10.26.24.30]: Insane message length
srun: error: invalid type trying to be freed 65534
   164        4950          1459.07              1           1.33  
   165        4980          1459.07              1          0.579  
srun: error: slurm_receive_msg: Insane message length
srun: error: slurm_receive_msg[10.26.24.30]: Insane message length
srun: error: invalid type trying to be freed 65534
   166        5010          1459.07              1          0.571  
   167        5040          1459.07              1          0.564  
   168        5070          1459.07              1          0.547  
   169        5100          1459.07              1          0.522  
   170        5130          1459.07              1          0.833  
   171        5160          1459.06              1           1.36  
   172        5190          1459.06              1           2.07  
srun: error: unpackmem: Buffer to be unpacked is too large (1951163745 > 1073741824)
srun: error: unpack error in io_init_msg_unpack
srun: error: Invalid IO init header version
   173        5220          1459.05              1           2.42  
srun: error: unpackmem: Buffer to be unpacked is too large (1935765607 > 1073741824)
srun: error: unpack error in io_init_msg_unpack
srun: error: Invalid IO init header version
   174        5250          1459.04              1           1.84  
   175        5280          1459.03              1          0.371  
   176        5400          1454.68        14.1313           26.4  
srun: error: io_init_msg_read too small
srun: error: failed reading io init message
srun: error: unpackmem_xmalloc: Buffer to be unpacked is too large (1684369920 > 1073741824)
srun: error: unpacking header
srun: error: destroy_forward: no init
srun: error: slurm_receive_msg: Message receive failure
srun: error: slurm_receive_msg[10.26.24.30]: Message receive failure
srun: error: invalid type trying to be freed 65534
srun: error: unpackmem_xmalloc: Buffer to be unpacked is too large (1885828912 > 1073741824)
srun: error: unpacking header
srun: error: destroy_forward: no init
srun: error: slurm_receive_msg: Message receive failure
srun: error: slurm_receive_msg[10.26.24.30]: Message receive failure
srun: error: invalid type trying to be freed 65534
   177        5580          1454.67    0.000198589           26.7  
   178        5640          1453.64             10           29.4  
srun: error: slurm_receive_msg: Insane message length
srun: error: slurm_receive_msg[10.26.24.30]: Insane message length
srun: error: invalid type trying to be freed 65534
   179        5670          1451.75              1           20.8  
srun: error: unpackmem_xmalloc: Buffer to be unpacked is too large (1684369920 > 1073741824)
srun: error: unpacking header
srun: error: destroy_forward: no init
srun: error: slurm_receive_msg: Message receive failure
srun: error: slurm_receive_msg[10.26.24.30]: Message receive failure
srun: error: invalid type trying to be freed 65534
srun: error: unpackmem_xmalloc: Buffer to be unpacked is too large (1885828912 > 1073741824)
srun: error: unpacking header
srun: error: destroy_forward: no init
srun: error: slurm_receive_msg: Message receive failure
srun: error: slurm_receive_msg[10.26.24.30]: Message receive failure
srun: error: invalid type trying to be freed 65534
                                                        First-order 
 Iteration  Func-count       f(x)        Step-size       optimality
   180        5700             1451              1            7.5  
   181        5730          1450.88              1           2.08  
srun: error: slurm_receive_msg: Insane message length
srun: error: slurm_receive_msg[10.26.24.30]: Insane message length
srun: error: invalid type trying to be freed 65534
   182        5760          1450.87              1            2.1  
   183        5790          1450.86              1           2.08  
   184        5820          1450.86              1            2.1  
   185        5850          1450.86              1           2.12  
   186        5880          1450.85              1           2.15  
   187        5910          1450.84              1           2.18  
   188        5940          1450.82              1           2.45  
   189        5970          1450.75              1           4.33  
   190        6000           1450.6              1           6.98  
   191        6030          1450.36              1           7.66  
   192        6060          1450.18              1           4.42  
   193        6090          1450.13              1           1.18  
srun: error: unpack error in io_init_msg_unpack
srun: error: Invalid IO init header version
   194        6120          1450.12              1          0.996  
   195        6150          1450.12              1          0.998  
   196        6180          1450.12              1              1  
   197        6210          1450.12              1           1.01  
   198        6240          1450.12              1           1.04  
   199        6270          1450.11              1           2.01  
                                                        First-order 
 Iteration  Func-count       f(x)        Step-size       optimality
   200        6300          1450.09              1           3.43  
   201        6330          1450.05              1           5.16  
   202        6360          1449.98              1            6.2  
srun: error: slurm_receive_msg: Transport endpoint is not connected
srun: error: slurm_receive_msg[10.26.24.30]: Transport endpoint is not connected
srun: error: invalid type trying to be freed 65534
   203        6390          1449.91              1           4.89  
   204        6420          1449.87              1            1.9  
   205        6450          1449.87              1          0.284  
   206        6480          1449.87              1          0.124  
   207        6510          1449.87              1          0.126  
   208        6540          1449.87              1          0.126  
   209        6570          1449.87              1          0.126  
   210        6600          1449.87              1          0.126  
srun: error: slurm_receive_msg: Transport endpoint is not connected
srun: error: slurm_receive_msg[10.26.24.30]: Transport endpoint is not connected
srun: error: invalid type trying to be freed 65534
   211        6630          1449.87              1          0.126  
   212        6660          1449.87              1          0.124  
   213        6690          1449.87              1          0.118  
   214        6720          1449.86              1          0.172  
   215        6750          1449.86              1          0.218  
   216        6780          1449.86              1          0.187  
   217        6810          1449.86              1         0.0823  
   218        6840          1449.86              1          0.013  
   219        6870          1449.86              1        0.00104  
                                                        First-order 
 Iteration  Func-count       f(x)        Step-size       optimality
   220        6900          1449.86              1        0.00104  
   221        6960          1449.86       0.397719        0.00103  
   222        6990          1449.86              1        0.00106  
   223        7050          1449.86       0.279198         0.0011  
srun: error: unpack error in io_init_msg_unpack
srun: error: Invalid IO init header version
srun: error: unpackmem: Buffer to be unpacked is too large (1681731632 > 1073741824)
srun: error: unpack error in io_init_msg_unpack
srun: error: Invalid IO init header version
   224        7110          1449.86       0.205473        0.00111  
   225        7140          1449.86              1        0.00104  
   226        7170          1449.86              1        0.00111  
   227        7230          1449.86       0.386533        0.00111  
   228        7290          1449.86       0.387298        0.00111  
   229        7350          1449.86       0.419495        0.00112  
   230        7440          1449.86      0.0838092        0.00112  
   231        7530          1449.86       0.053166        0.00111  
srun: error: slurm_receive_msg: Insane message length
srun: error: slurm_receive_msg[10.26.24.30]: Insane message length
srun: error: invalid type trying to be freed 65534
   232        7620          1449.86      0.0287537        0.00109  
srun: error: slurm_receive_msg: Insane message length
srun: error: slurm_receive_msg[10.26.24.30]: Insane message length
srun: error: invalid type trying to be freed 65534
   233        7680          1449.86       0.367284        0.00108  
   234        7710          1449.86              1        0.00105  
   235        7740          1449.86              1        0.00107  
   236        7800          1449.86       0.402932         0.0011  
   237        7830          1449.86              1        0.00107  
   238        7860          1449.86              1        0.00106  
   239        7890          1449.86              1        0.00121  
                                                        First-order 
 Iteration  Func-count       f(x)        Step-size       optimality
   240        7920          1449.86              1        0.00151  
   241        7950          1449.86              1        0.00143  
   242        7980          1449.86              1        0.00108  
srun: error: slurm_receive_msg: Insane message length
srun: error: slurm_receive_msg[10.26.24.30]: Insane message length
srun: error: invalid type trying to be freed 65534
srun: error: slurm_receive_msg: Insane message length
srun: error: slurm_receive_msg[10.26.24.30]: Insane message length
srun: error: invalid type trying to be freed 65534
   243        8010          1449.86              1        0.00136  
   244        8040          1449.86              1        0.00136  
   245        8070          1449.86              1        0.00153  
   246        8100          1449.86              1        0.00162  
   247        8130          1449.86              1        0.00143  
   248        8160          1449.86              1        0.00175  
   249        8190          1449.86              1        0.00121  
   250        8220          1449.86              1       0.000732  
   251        8250          1449.86              1       0.000671  
   252        8280          1449.86              1        0.00101  
   253        8310          1449.86              1       0.000565  
   254        8370          1449.86       0.187083       0.000656  
   255        8400          1449.86              1       0.000565  
   256        8430          1449.86              1       0.000748  
   257        8460          1449.86              1       0.000381  
   258        8490          1449.86              1       0.000473  
   259        8550          1449.86       0.657459       0.000458  
                                                        First-order 
 Iteration  Func-count       f(x)        Step-size       optimality
   260        8610          1449.86       0.218873        0.00032  
   261        8730          1449.86      0.0100083        0.00032  
   262        8760          1449.86              1       0.000275  
   263        8790          1449.86              1       0.000259  

Local minimum found.

Optimization completed because the size of the gradient is less than
the selected value of the optimality tolerance.




Computing finite-difference Hessian using objective function.
First order optimality conditions satisfied.
srun: error: unpack error in io_init_msg_unpack
srun: error: Invalid IO init header version
srun: error: unpack error in io_init_msg_unpack
srun: error: Invalid IO init header version
srun: error: slurm_receive_msg: Insane message length
srun: error: slurm_receive_msg[10.26.24.30]: Insane message length
srun: error: invalid type trying to be freed 65534
srun: error: slurm_receive_msg: Transport endpoint is not connected
srun: error: slurm_receive_msg[10.26.24.30]: Transport endpoint is not connected
srun: error: invalid type trying to be freed 65534
srun: error: unpackmem: Buffer to be unpacked is too large (2622905107 > 1073741824)
srun: error: unpack error in io_init_msg_unpack
srun: error: Invalid IO init header version
srun: error: slurm_receive_msg: Insane message length
srun: error: slurm_receive_msg[10.26.24.30]: Insane message length
srun: error: invalid type trying to be freed 65534
srun: error: slurm_receive_msg: Transport endpoint is not connected
srun: error: slurm_receive_msg[10.26.24.30]: Transport endpoint is not connected
srun: error: invalid type trying to be freed 65534
srun: error: slurm_receive_msg: Transport endpoint is not connected
srun: error: slurm_receive_msg[10.26.24.30]: Transport endpoint is not connected
srun: error: invalid type trying to be freed 65534
Current draw: 1000 of 5000
srun: error: slurm_receive_msg: Transport endpoint is not connected
srun: error: slurm_receive_msg[10.26.24.30]: Transport endpoint is not connected
srun: error: invalid type trying to be freed 65534
Current draw: 2000 of 5000
Current draw: 3000 of 5000
Current draw: 4000 of 5000
Current draw: 5000 of 5000
Elapsed time is 742.708135 seconds.
Ran Forecast Type 2for Model 103 and Horizon 12
Performing iteration ending on 2001M9 of model 104
Warning: This should be expanded with the country names in case of panel
> In abstvar/abstvar/check_inputs
  In abstvar
  In svar
  In scriptEstimateMode_FULL (line 96)
  In run (line 86)
  In msreg_2reg_endoprob_SVAR_FULL_OOS (line 231)
  In OOS_slurm_IF (line 4)
    'c(3,1,sync,1)>=c(3,1,sync,2)'
    'a0(1,GDPG)=0'
    'a0(1,MF)=0'
    'a0(2,GDPG)=0'
    'a1(3,GDPG,sync,1)=0'
    'a1(3,GDPG,sync,2)=0'

 parameter: A12, density:NORMAL, hyperparameters: [0.5 0.5],convergence 0
 parameter: A21, density:NORMAL, hyperparameters: [0.5 0.5],convergence 0
 parameter: B12, density:GAMMA, hyperparameters: [4 0.125],convergence 0
 parameter: C12, density:GAMMA, hyperparameters: [4 0.125],convergence 0
 parameter: B21, density:GAMMA, hyperparameters: [4 0.125],convergence 0
 parameter: C21, density:GAMMA, hyperparameters: [4 0.125],convergence 0
                                                        First-order 
 Iteration  Func-count       f(x)        Step-size       optimality
     0          35            11098                      1.84e+04
     1          70          2807.21    5.44273e-05       1.88e+03  
     2         105          2404.09              1       1.36e+03  
     3         140          1952.39              1            575  
     4         175          1841.47              1            360  
     5         210          1755.36              1            310  
     6         245          1718.29              1            266  
     7         280          1700.95              1            196  
     8         315          1689.38              1            149  
     9         350           1677.8              1            148  
    10         385          1667.42              1            167  
    11         420          1654.47              1            261  
    12         455          1639.29              1            272  
    13         490          1617.61              1            247  
    14         525          1598.54              1            254  
    15         560          1586.46              1            147  
    16         595          1580.48              1           80.7  
    17         630          1576.94              1           78.1  
    18         665          1573.76              1           91.5  
    19         700          1569.13              1            119  
                                                        First-order 
 Iteration  Func-count       f(x)        Step-size       optimality
    20         735          1562.78              1            112  
    21         770          1554.36              1            149  
    22         805          1545.94              1            115  
    23         840          1541.33              1             81  
    24         875          1538.23              1           78.9  
    25         910          1534.34              1           82.3  
    26         945          1529.43              1            125  
    27         980           1523.9              1            141  
    28        1015          1518.59              1            115  
    29        1050          1513.28              1           88.5  
    30        1085          1509.43              1           73.8  
    31        1120          1505.71              1            111  
    32        1155          1500.69              1            107  
    33        1190          1496.72              1           73.1  
    34        1225          1493.82              1           41.6  
    35        1260          1492.16              1           42.4  
    36        1295           1490.7              1           52.8  
    37        1330           1488.5              1           63.4  
    38        1365          1484.86              1             72  
    39        1400          1479.49              1             68  
                                                        First-order 
 Iteration  Func-count       f(x)        Step-size       optimality
    40        1435          1472.15              1           58.3  
    41        1470          1466.64              1           60.7  
    42        1505          1464.48              1           40.8  
    43        1540          1463.71              1             40  
    44        1575          1461.84              1           38.3  
    45        1610          1459.02              1           80.7  
    46        1645           1455.3              1            114  
    47        1680          1452.51              1             81  
    48        1715          1451.36              1             28  
    49        1750          1451.12              1           25.9  
    50        1785          1450.99              1           23.2  
    51        1820          1450.68              1           24.9  
    52        1890          1450.44        0.44379           29.4  
    53        3010          1450.32       0.119757            796  

Local minimum possible.

fminunc stopped because it cannot decrease the objective function
along the current search direction.




Computing finite-difference Hessian using objective function.
Predicted change in objective function too small.
Current draw: 1000 of 5000
Current draw: 2000 of 5000
Current draw: 3000 of 5000
Current draw: 4000 of 5000
Current draw: 5000 of 5000
Elapsed time is 484.720102 seconds.
Ran Forecast Type 2for Model 104 and Horizon 12
Performing iteration ending on 2001M9 of model 105
Warning: This should be expanded with the country names in case of panel
> In abstvar/abstvar/check_inputs
  In abstvar
  In svar
  In scriptEstimateMode_FULL (line 96)
  In run (line 86)
  In msreg_2reg_endoprob_SVAR_FULL_OOS (line 231)
  In OOS_slurm_IF (line 4)
    'c(3,1,sync,1)>=c(3,1,sync,2)'
    'a0(1,GDPG,sync,1)=0'
    'a0(2,GDPG,sync,1)=0'
    'a0(1,MF,sync,1)=0'
    'a0(1,GDPG,sync,2)=0'
    'a0(2,GDPG,sync,2)=0'
    'a0(1,MF,sync,2)=0'
    'a1(3,GDPG)=0'
    's(3,3,sync,1)<=s(3,3,sync,2)'

 parameter: A12, density:NORMAL, hyperparameters: [0.5 0.5],convergence 0
 parameter: A21, density:NORMAL, hyperparameters: [0.5 0.5],convergence 0
 parameter: B12, density:GAMMA, hyperparameters: [4 0.125],convergence 0
 parameter: C12, density:GAMMA, hyperparameters: [4 0.125],convergence 0
 parameter: B21, density:GAMMA, hyperparameters: [4 0.125],convergence 0
 parameter: C21, density:GAMMA, hyperparameters: [4 0.125],convergence 0
                                                        First-order 
 Iteration  Func-count       f(x)        Step-size       optimality
     0          33            11098                      1.07e+04
     1          66          2799.24    9.33503e-05       1.93e+03  
     2          99          2223.34              1       1.34e+03  
     3         132          1874.31              1            557  
     4         165          1639.67              1            217  
     5         198          1577.36              1           80.3  
     6         231          1557.44              1           87.1  
     7         264          1550.63              1           88.1  
     8         297          1543.56              1           86.6  
     9         330          1531.04              1            117  
    10         363          1512.74              1            131  
    11         396          1495.23              1            135  
    12         429          1484.33              1            132  
    13         462          1477.62              1           94.2  
    14         495          1470.73              1           97.6  
    15         528          1461.87              1            136  
    16         561           1456.2              1           95.7  
    17         594          1452.59              1           78.3  
    18         627          1448.23              1            108  
    19         660          1441.59              1            209  
                                                        First-order 
 Iteration  Func-count       f(x)        Step-size       optimality
    20         693          1434.71              1            206  
    21         726          1431.12              1           87.2  
    22         759          1428.95              1           51.1  
    23         792          1427.16              1            129  
    24         825          1424.74              1            157  
    25         858          1421.14              1            105  
    26         891          1418.63              1           74.8  
    27         924          1416.29              1           95.5  
    28         957          1412.23              1            183  
    29         990          1408.01              1            173  
    30        1023          1405.29              1           71.3  
    31        1056          1403.98              1           33.2  
    32        1089          1402.56              1           89.1  
    33        1122          1399.86              1            166  
    34        1155          1396.25              1            192  
    35        1188          1393.33              1            130  
    36        1221          1391.95              1           38.6  
    37        1254          1391.28              1           36.6  
    38        1287          1390.56              1           71.1  
    39        1320          1389.34              1            108  
                                                        First-order 
 Iteration  Func-count       f(x)        Step-size       optimality
    40        1353          1387.91              1            101  
    41        1386          1386.95              1           46.9  
    42        1419          1386.46              1           27.9  
    43        1452             1386              1           41.9  
    44        1485          1385.22              1           81.6  
    45        1518          1383.92              1            109  
    46        1551          1382.46              1           93.1  
    47        1584          1381.53              1           38.1  
    48        1617          1381.16              1           21.3  
    49        1650          1380.86              1           34.2  
    50        1683          1380.23              1           69.9  
    51        1716          1379.05              1            101  
    52        1749          1377.39              1            100  
    53        1815          1376.62            0.5           75.6  
    54        1914          1376.33           0.19           61.9  
    55        2013          1376.07           0.19           47.7  
    56        2178          1375.93       0.118176           39.5  
    57        3498          1375.88       0.037294            671  

Local minimum possible.

fminunc stopped because it cannot decrease the objective function
along the current search direction.




Computing finite-difference Hessian using objective function.
Predicted change in objective function too small.
Current draw: 1000 of 5000
Current draw: 2000 of 5000
Current draw: 3000 of 5000
Current draw: 4000 of 5000
Current draw: 5000 of 5000
Elapsed time is 502.990364 seconds.
Ran Forecast Type 2for Model 105 and Horizon 12
Performing iteration ending on 2001M9 of model 106
Warning: This should be expanded with the country names in case of panel
> In abstvar/abstvar/check_inputs
  In abstvar
  In svar
  In scriptEstimateMode_FULL (line 96)
  In run (line 86)
  In msreg_2reg_endoprob_SVAR_FULL_OOS (line 231)
  In OOS_slurm_IF (line 4)
    'c(3,1,sync,1)>=c(3,1,sync,2)'
    'a0(1,GDPG)=0'
    'a0(1,MF)=0'
    'a0(2,GDPG)=0'
    'a1(3,GDPG,sync,1)=0'
    'a1(3,GDPG,sync,2)=0'
    's(3,3,sync,1)<=s(3,3,sync,2)'

 parameter: A12, density:NORMAL, hyperparameters: [0.5 0.5],convergence 0
 parameter: A21, density:NORMAL, hyperparameters: [0.5 0.5],convergence 0
 parameter: B12, density:GAMMA, hyperparameters: [4 0.125],convergence 0
 parameter: C12, density:GAMMA, hyperparameters: [4 0.125],convergence 0
 parameter: B21, density:GAMMA, hyperparameters: [4 0.125],convergence 0
 parameter: C21, density:GAMMA, hyperparameters: [4 0.125],convergence 0
                                                        First-order 
 Iteration  Func-count       f(x)        Step-size       optimality
     0          38            11098                      1.07e+04
     1          76          2691.19    9.33503e-05       1.68e+03  
     2         114          2230.35              1       1.04e+03  
     3         152          1782.63              1            358  
     4         190          1664.61              1            158  
     5         228          1615.26              1            123  
     6         266          1597.65              1            124  
     7         304          1586.24              1            122  
     8         342          1573.49              1            113  
     9         380          1559.78              1           88.5  
    10         418           1546.6              1           83.5  
    11         456          1519.53              1            159  
    12         494          1505.91              1            168  
    13         532          1498.03              1            141  
    14         570          1474.46              1            207  
    15         608          1464.86              1           82.7  
    16         646          1460.74              1           64.7  
    17         684          1443.49              1            234  
    18         722          1438.08              1            165  
    19         760          1430.25              1            130  
                                                        First-order 
 Iteration  Func-count       f(x)        Step-size       optimality
    20         798          1427.28              1            114  
    21         836          1416.83              1           87.7  
    22         874          1408.97              1            109  
    23         912           1399.3              1           51.8  
    24         950          1395.91              1           43.8  
    25         988          1393.99              1           38.9  
    26        1026          1392.84              1           31.9  
    27        1064          1390.54              1           62.4  
    28        1102          1387.15              1           91.9  
    29        1140          1384.27              1           86.3  
    30        1178          1381.01              1           61.6  
    31        1216          1378.72              1           58.7  
    32        1254          1376.74              1             70  
    33        1292          1374.11              1           64.6  
    34        1330          1372.58              1           37.6  
    35        1368          1371.38              1           47.8  
    36        1406          1369.63              1           62.3  
    37        1444          1367.53              1           80.1  
    38        1482          1365.85              1           59.6  
    39        1520          1364.99              1           19.5  
                                                        First-order 
 Iteration  Func-count       f(x)        Step-size       optimality
    40        1558          1364.71              1           17.8  
    41        1596          1364.39              1           26.8  
    42        1634          1363.91              1           42.6  
    43        1672           1363.4              1           39.1  
    44        1710          1363.12              1           18.1  
    45        1748             1363              1           8.49  
    46        1786          1362.91              1           12.7  
    47        1824          1362.72              1           29.5  
    48        1862          1362.36              1           45.7  
    49        1900          1361.87              1           48.2  
    50        1938          1361.51              1           27.8  
    51        1976          1361.39              1           9.61  
    52        2014          1361.35              1           9.16  
    53        2052          1361.29              1             14  
    54        2090          1361.15              1           26.4  
    55        2128          1360.87              1             38  
    56        2166           1360.5              1           38.1  
    57        2204          1360.24              1           21.4  
    58        2242          1360.15              1           5.67  
    59        2280          1360.12              1            4.8  
                                                        First-order 
 Iteration  Func-count       f(x)        Step-size       optimality
    60        2318          1360.09              1           8.98  
    61        2356          1360.01              1           16.7  
    62        2394          1359.86              1           23.5  
    63        2432          1359.66              1           23.2  
    64        2470          1359.52              1           12.5  
    65        2736          1359.51       0.138979             11  
    66        4712          1359.51      0.0244861          1e+03  

Local minimum possible.

fminunc stopped because it cannot decrease the objective function
along the current search direction.




Computing finite-difference Hessian using objective function.
Predicted change in objective function too small.
Current draw: 1000 of 5000
Current draw: 2000 of 5000
Current draw: 3000 of 5000
Current draw: 4000 of 5000
Current draw: 5000 of 5000
Elapsed time is 585.348493 seconds.
Ran Forecast Type 2for Model 106 and Horizon 12
Performing iteration ending on 2001M9 of model 107
Warning: This should be expanded with the country names in case of panel
> In abstvar/abstvar/check_inputs
  In abstvar
  In svar
  In scriptEstimateMode_FULL (line 96)
  In run (line 86)
  In msreg_2reg_endoprob_SVAR_FULL_OOS (line 231)
  In OOS_slurm_IF (line 4)
    'c(3,1,sync,1)>=c(3,1,sync,2)'
    'a0(1,GDPG,sync,1)=0'
    'a0(2,GDPG,sync,1)=0'
    'a0(1,MF,sync,1)=0'
    'a0(1,GDPG,sync,2)=0'
    'a0(2,GDPG,sync,2)=0'
    'a0(1,MF,sync,2)=0'
    'a1(3,GDPG,sync,1)=0'
    'a1(3,GDPG,sync,2)=0'
    's(3,3,sync,1)<=s(3,3,sync,2)'

 parameter: A12, density:NORMAL, hyperparameters: [0.5 0.5],convergence 0
 parameter: A21, density:NORMAL, hyperparameters: [0.5 0.5],convergence 0
 parameter: B12, density:GAMMA, hyperparameters: [4 0.125],convergence 0
 parameter: C12, density:GAMMA, hyperparameters: [4 0.125],convergence 0
 parameter: B21, density:GAMMA, hyperparameters: [4 0.125],convergence 0
 parameter: C21, density:GAMMA, hyperparameters: [4 0.125],convergence 0
                                                        First-order 
 Iteration  Func-count       f(x)        Step-size       optimality
     0          41            11098                      1.07e+04
     1          82          2742.83    9.33503e-05       1.77e+03  
     2         123          2249.03              1       1.07e+03  
     3         164          1800.37              1            370  
     4         205          1678.87              1            165  
     5         246          1630.02              1            118  
     6         287          1613.43              1            119  
     7         328          1602.86              1            117  
     8         369          1590.74              1            109  
     9         410          1577.14              1           89.8  
    10         451          1563.66              1           92.8  
    11         492             1542              1            131  
    12         533          1528.38              1            141  
    13         574          1521.38              1            121  
    14         615          1501.62              1            200  
    15         656          1490.33              1           85.4  
    16         697          1486.55              1           68.1  
    17         738           1468.7              1            198  
    18         779          1463.12              1            129  
    19         820          1457.73              1           86.9  
                                                        First-order 
 Iteration  Func-count       f(x)        Step-size       optimality
    20         861          1454.77              1             99  
    21         902          1446.15              1            102  
    22         943          1439.54              1            120  
    23         984          1432.42              1            116  
    24        1025          1426.14              1           60.5  
    25        1066           1424.2              1           70.3  
    26        1107           1422.9              1           51.7  
    27        1148          1420.69              1             26  
    28        1189          1417.38              1           43.6  
    29        1230          1413.86              1           49.4  
    30        1271          1412.06              1           41.3  
    31        1312          1409.56              1           47.3  
    32        1353          1406.24              1           77.9  
    33        1394          1401.86              1            101  
    34        1435          1398.13              1           60.2  
    35        1476          1396.11              1           35.7  
    36        1517          1394.42              1             53  
    37        1558          1390.86              1           94.5  
    38        1599             1385              1            112  
    39        1640          1380.42              1           76.8  
                                                        First-order 
 Iteration  Func-count       f(x)        Step-size       optimality
    40        1681          1378.78              1             23  
    41        1722          1378.37              1           15.3  
    42        1763           1378.1              1             19  
    43        1804           1377.5              1           32.9  
    44        1845          1376.45              1           46.7  
    45        1886          1375.03              1           46.5  
    46        1927          1373.92              1           28.5  
    47        1968           1373.3              1           25.1  
    48        2009          1372.93              1           18.5  
    49        2050          1372.47              1           22.5  
    50        2091          1371.91              1           22.7  
    51        2132          1371.43              1           21.3  
    52        2173          1371.13              1           21.3  
    53        2214          1370.91              1           16.8  
    54        2255          1370.52              1             24  
    55        2296           1369.9              1           27.7  
    56        2378          1369.43       0.662097           21.5  
    57        2501          1369.29           0.19           18.3  
    58        2665          1369.17          0.145             15  
    59        5125          1369.13      0.0383032       1.01e+03  

Local minimum possible.

fminunc stopped because it cannot decrease the objective function
along the current search direction.




Computing finite-difference Hessian using objective function.
Predicted change in objective function too small.
Current draw: 1000 of 5000
Current draw: 2000 of 5000
Current draw: 3000 of 5000
Current draw: 4000 of 5000
Current draw: 5000 of 5000
Elapsed time is 598.328250 seconds.
Ran Forecast Type 2for Model 107 and Horizon 12
Performing iteration ending on 2001M9 of model 108
Warning: This should be expanded with the country names in case of panel
> In abstvar/abstvar/check_inputs
  In abstvar
  In svar
  In scriptEstimateMode_FULL (line 96)
  In run (line 86)
  In msreg_2reg_endoprob_SVAR_FULL_OOS (line 231)
  In OOS_slurm_IF (line 4)
    'c(3,1,sync,1)>=c(3,1,sync,2)'
    'a0(1,GDPG)=0'
    'a0(1,MF)=0'
    'a0(2,GDPG)=0'
    'a1(3,GDPG)=0'
    's(3,3,sync,1)<=s(3,3,sync,2)'

 parameter: A12, density:NORMAL, hyperparameters: [0.5 0.5],convergence 0
 parameter: A21, density:NORMAL, hyperparameters: [0.5 0.5],convergence 0
 parameter: B12, density:GAMMA, hyperparameters: [4 0.125],convergence 0
 parameter: C12, density:GAMMA, hyperparameters: [4 0.125],convergence 0
 parameter: B21, density:GAMMA, hyperparameters: [4 0.125],convergence 0
 parameter: C21, density:GAMMA, hyperparameters: [4 0.125],convergence 0
                                                        First-order 
 Iteration  Func-count       f(x)        Step-size       optimality
     0          28            11098                      1.07e+04
     1          56          2757.63    9.33503e-05       1.86e+03  
     2          84          2209.02              1       1.21e+03  
     3         112          1895.83              1            565  
     4         140           1689.7              1            224  
     5         168          1638.18              1            127  
     6         196          1620.36              1            146  
     7         224          1612.41              1            144  
     8         252          1603.51              1            126  
     9         280           1591.9              1           81.9  
    10         308          1579.74              1             96  
    11         336          1571.18              1           89.6  
    12         364          1568.09              1           68.3  
    13         392          1564.81              1           46.2  
    14         420           1561.3              1           57.5  
    15         448           1558.5              1           65.7  
    16         476          1555.52              1           76.8  
    17         504          1550.93              1           76.6  
    18         532          1543.89              1            125  
    19         560          1537.03              1            112  
                                                        First-order 
 Iteration  Func-count       f(x)        Step-size       optimality
    20         588          1532.99              1           53.6  
    21         616           1530.8              1           58.8  
    22         644          1528.61              1           60.1  
    23         672          1524.24              1           87.5  
    24         700          1516.37              1            118  
    25         728          1506.54              1            111  
    26         756          1499.73              1           76.6  
    27         784           1496.9              1           76.7  
    28         812           1494.7              1           67.7  
    29         840          1491.21              1            104  
    30         868          1486.87              1            134  
    31         896           1483.2              1           77.7  
    32         924          1482.06              1           29.8  
    33         952          1481.66              1           20.9  
    34         980          1481.21              1           30.9  
    35        1008           1480.4              1           38.6  
    36        1036          1479.39              1           33.2  
    37        1064          1478.57              1           29.4  
    38        1092          1478.06              1           26.7  
    39        1120           1477.6              1           22.2  
                                                        First-order 
 Iteration  Func-count       f(x)        Step-size       optimality
    40        1148          1476.81              1           25.4  
    41        1204          1475.66       0.672162           30.8  
    42        1960          1475.08        0.14475            168  
    43        2576          1475.08    1.13326e-06            999  

Local minimum possible.

fminunc stopped because it cannot decrease the objective function
along the current search direction.




Computing finite-difference Hessian using objective function.
Predicted change in objective function too small.
Current draw: 1000 of 5000
Current draw: 2000 of 5000
Current draw: 3000 of 5000
Current draw: 4000 of 5000
Current draw: 5000 of 5000
Elapsed time is 434.751509 seconds.
Ran Forecast Type 2for Model 108 and Horizon 12
