42
------------------------------------------
Setting up environment variables
---
LD_LIBRARY_PATH is .:/opt/MATLAB/R2017a/runtime/glnxa64:/opt/MATLAB/R2017a/bin/glnxa64:/opt/MATLAB/R2017a/sys/os/glnxa64:/opt/MATLAB/R2017a/sys/opengl/lib/glnxa64
Warning: Method directories not allowed in MATLAB path: /if/home/m1pac03/.mcrCache9.2/OOS_sl0/if/gms_research_gar/GAR/MS-VAR/RISE_toolbox2/classes/models/@dsge/private

	Personal pathdef has been created in your preference directory:
	/if/home/m1pac03/.mcrCache9.2/OOS_sl0/.matlab

Running on SLURM; using 1 cores as assigned on this node.

Performing iteration ending on 2002M6 of model 101
Warning: This should be expanded with the country names in case of panel
> In abstvar/abstvar/check_inputs
  In abstvar
  In svar
  In scriptEstimateMode_FULL (line 96)
  In run (line 86)
  In msreg_2reg_endoprob_SVAR_FULL_OOS (line 231)
  In OOS_slurm_IF (line 4)
    'c(3,1,sync,1)>=c(3,1,sync,2)'
    'a0(1,GDPG)=0'
    'a0(1,MF)=0'
    'a0(2,GDPG)=0'
    'a1(3,GDPG)=0'

 parameter: A12, density:NORMAL, hyperparameters: [0.5 0.5],convergence 0
 parameter: A21, density:NORMAL, hyperparameters: [0.5 0.5],convergence 0
 parameter: B12, density:GAMMA, hyperparameters: [4 0.125],convergence 0
 parameter: C12, density:GAMMA, hyperparameters: [4 0.125],convergence 0
 parameter: B21, density:GAMMA, hyperparameters: [4 0.125],convergence 0
 parameter: C21, density:GAMMA, hyperparameters: [4 0.125],convergence 0
                                                        First-order 
 Iteration  Func-count       f(x)        Step-size       optimality
     0          27          11173.4                      1.84e+04
     1          54          2773.62    5.42207e-05       1.83e+03  
     2          81           2416.3              1       1.33e+03  
     3         108          1859.76              1            462  
     4         135          1735.29              1            228  
     5         162          1694.66              1            137  
     6         189          1684.91              1            154  
     7         216          1678.55              1            157  
     8         243          1668.69              1            146  
     9         270          1655.68              1            111  
    10         297          1642.28              1           94.3  
    11         324          1633.29              1            126  
    12         351           1629.6              1            117  
    13         378          1623.87              1           76.5  
    14         405          1616.92              1           68.1  
    15         432          1612.74              1           69.7  
    16         459          1610.62              1           74.2  
    17         486          1607.77              1           73.1  
    18         513          1601.14              1           91.6  
    19         540          1590.76              1            103  
                                                        First-order 
 Iteration  Func-count       f(x)        Step-size       optimality
    20         567          1581.21              1             83  
    21         594          1575.72              1           66.3  
    22         621          1572.81              1           60.3  
    23         648          1571.32              1           55.1  
    24         675          1567.58              1           69.3  
    25         702           1560.8              1           78.6  
    26         729          1552.41              1           87.8  
    27         756          1546.86              1           82.7  
    28         783          1544.58              1             60  
    29         810          1543.12              1           53.6  
    30         837           1540.1              1           65.5  
    31         864          1535.09              1           65.7  
    32         891          1528.21              1           42.9  
    33         918          1524.21              1           37.8  
    34         945          1523.06              1           27.7  
    35         972          1522.59              1           24.2  
    36         999          1522.34              1           24.5  
    37        1026          1521.65              1           21.3  
    38        1053          1520.54              1           16.4  
    39        1080          1519.22              1           23.2  
                                                        First-order 
 Iteration  Func-count       f(x)        Step-size       optimality
    40        1107          1518.55              1           18.8  
    41        1134          1518.35              1           21.9  
    42        1161          1518.21              1           21.8  
    43        1188          1517.92              1           18.7  
    44        1215           1517.5              1           13.7  
    45        1242          1517.09              1           12.8  
    46        1269          1516.88              1           11.4  
    47        1296          1516.82              1           10.6  
    48        1323          1516.77              1           10.1  
    49        1350          1516.64              1           9.27  
    50        1377          1516.38              1           11.6  
    51        1404           1515.9              1           16.3  
    52        1431          1515.37              1           14.4  
    53        1458          1515.05              1           17.3  
    54        1485          1514.91              1             18  
    55        1512          1514.78              1           17.5  
    56        1539          1514.49              1           15.8  
    57        1566          1513.86              1           18.5  
    58        1593          1512.73              1           24.4  
    59        1620          1511.43              1           21.5  
                                                        First-order 
 Iteration  Func-count       f(x)        Step-size       optimality
    60        1647          1510.76              1           10.2  
    61        1674           1510.6              1           7.42  
    62        1701          1510.57              1           6.46  
    63        1728          1510.56              1           6.13  
    64        1755           1510.5              1           5.33  
    65        1782          1510.38              1           5.19  
    66        1809          1510.18              1           5.73  
    67        1836          1509.98              1           5.63  
    68        1863          1509.87              1           8.06  
    69        1890          1509.83              1           8.12  
    70        1917          1509.82              1           7.76  
    71        1944          1509.77              1           7.02  
    72        1971          1509.65              1           6.67  
    73        1998          1509.37              1           7.45  
    74        2025          1508.77              1           10.2  
    75        2052          1508.38              1           16.3  
    76        2079          1508.02              1           13.4  
    77        2106          1507.84              1           13.1  
    78        2133          1507.77              1           13.5  
    79        2160          1507.66              1           13.7  
                                                        First-order 
 Iteration  Func-count       f(x)        Step-size       optimality
    80        2187          1507.38              1           13.5  
    81        2214          1506.77              1           17.2  
    82        2241          1505.72              1           23.6  
    83        2268          1504.61              1           34.1  
    84        2295          1503.87              1           36.5  
    85        2322           1503.5              1           32.4  
    86        2349          1503.32              1           31.1  
    87        2376          1502.91              1           25.2  
    88        2403          1501.86              1           36.7  
    89        2430          1499.23              1             54  
    90        2457          1496.36              1           38.9  
    91        2484          1494.74              1           21.7  
    92        2511          1494.48              1           16.7  
    93        2538          1494.38              1           17.1  
    94        2592          1493.73             10           11.4  
    95        2619          1492.85              1           11.4  
    96        2646          1490.54              1           17.4  
    97        2673           1490.2              1           8.13  
    98        2727          1490.01       0.301047           8.23  
    99        2754          1489.96              1           6.18  
                                                        First-order 
 Iteration  Func-count       f(x)        Step-size       optimality
   100        2781          1489.93              1           6.49  
   101        2808          1489.89              1            7.1  
   102        2835           1489.8              1           9.09  
   103        2862           1489.6              1           8.99  
   104        2889          1489.29              1           9.08  
   105        2916          1488.96              1           7.17  
   106        2943           1488.8              1           4.79  
   107        2970          1488.76              1           4.53  
   108        2997          1488.75              1            3.8  
   109        3024          1488.73              1           3.81  
   110        3051          1488.68              1           3.81  
   111        3078          1488.56              1           7.14  
   112        3105           1488.3              1           11.6  
   113        3132          1487.86              1           14.6  
   114        3159          1487.37              1           12.9  
   115        3186          1487.07              1           5.95  
   116        3213          1487.02              1           4.69  
   117        3240          1487.02              1           4.61  
   118        3267          1487.01              1           4.49  
   119        3294             1487              1           4.28  
                                                        First-order 
 Iteration  Func-count       f(x)        Step-size       optimality
   120        3321          1486.97              1            3.9  
   121        3348          1486.89              1           5.76  
   122        3375          1486.72              1           8.65  
   123        3402           1486.4              1           10.8  
   124        3429             1486              1           9.35  
   125        3456          1485.72              1           4.14  
   126        3483          1485.67              1           3.47  
   127        3510          1485.66              1           3.53  
   128        3537          1485.66              1           3.53  
   129        3564          1485.66              1           3.48  
   130        3591          1485.64              1           3.36  
   131        3618          1485.61              1           2.99  
   132        3645          1485.56              1            2.9  
   133        3672          1485.48              1           2.84  
   134        3699          1485.42              1            1.5  
   135        3726          1485.41              1           1.32  
   136        3753          1485.41              1           1.27  
   137        3780          1485.41              1           1.25  
   138        3807           1485.4              1           1.19  
   139        3834           1485.4              1            1.1  
                                                        First-order 
 Iteration  Func-count       f(x)        Step-size       optimality
   140        3861           1485.4              1          0.936  
   141        3888          1485.39              1           0.86  
   142        3915          1485.36              1           1.06  
   143        3942          1485.32              1           1.05  
   144        3969          1485.28              1          0.712  
   145        3996          1485.26              1          0.245  
   146        4023          1485.26              1          0.126  
   147        4050          1485.26              1          0.126  
   148        4077          1485.26              1          0.127  
   149        4104          1485.26              1          0.127  
   150        4131          1485.26              1          0.128  
   151        4158          1485.26              1          0.129  
   152        4185          1485.26              1           0.13  
   153        4212          1485.26              1          0.185  
   154        4239          1485.26              1          0.302  
   155        4266          1485.26              1          0.431  
   156        4293          1485.26              1           0.47  
   157        4320          1485.26              1          0.311  
   158        4347          1485.26              1          0.141  
   159        4374          1485.26              1          0.112  
                                                        First-order 
 Iteration  Func-count       f(x)        Step-size       optimality
   160        4401          1485.26              1          0.107  
   161        4428          1485.26              1          0.104  
   162        4455          1485.26              1         0.0986  
   163        4482          1485.26              1         0.0947  
   164        4509          1485.26              1         0.0857  
   165        4536          1485.26              1          0.069  
   166        4563          1485.26              1         0.0661  
   167        4590          1485.26              1          0.053  
   168        4617          1485.25              1         0.0215  
   169        4644          1485.25              1        0.00691  
   170        4671          1485.25              1        0.00682  
   171        4698          1485.25              1        0.00675  
   172        4725          1485.25              1        0.00672  
   173        4752          1485.25              1        0.00665  
   174        4779          1485.25              1        0.00669  
   175        4806          1485.25              1         0.0068  
   176        4833          1485.25              1         0.0068  
   177        4860          1485.25              1        0.00653  
   178        4887          1485.25              1          0.011  
   179        4914          1485.25              1         0.0113  
                                                        First-order 
 Iteration  Func-count       f(x)        Step-size       optimality
   180        4941          1485.25              1        0.00713  
   181        4968          1485.25              1        0.00162  
   182        4995          1485.25              1       0.000427  
   183        5022          1485.25              1       0.000336  
   184        5049          1485.25              1       0.000168  

Local minimum found.

Optimization completed because the size of the gradient is less than
the selected value of the optimality tolerance.




Computing finite-difference Hessian using objective function.
First order optimality conditions satisfied.
Current draw: 1000 of 5000
Current draw: 2000 of 5000
Current draw: 3000 of 5000
Current draw: 4000 of 5000
Current draw: 5000 of 5000
Elapsed time is 532.417664 seconds.
Ran Forecast Type 2for Model 101 and Horizon 12
Performing iteration ending on 2002M6 of model 102
Warning: This should be expanded with the country names in case of panel
> In abstvar/abstvar/check_inputs
  In abstvar
  In svar
  In scriptEstimateMode_FULL (line 96)
  In run (line 86)
  In msreg_2reg_endoprob_SVAR_FULL_OOS (line 231)
  In OOS_slurm_IF (line 4)
    'c(3,1,sync,1)>=c(3,1,sync,2)'
    'a0(1,GDPG)=0'
    'a0(1,MF)=0'
    'a0(2,GDPG)=0'
    'a1(3,GDPG)=0'
    's(3,3,sync,1)<=s(3,3,sync,2)'

 parameter: A12, density:NORMAL, hyperparameters: [0.5 0.5],convergence 0
 parameter: A21, density:NORMAL, hyperparameters: [0.5 0.5],convergence 0
 parameter: B12, density:GAMMA, hyperparameters: [4 0.125],convergence 0
 parameter: C12, density:GAMMA, hyperparameters: [4 0.125],convergence 0
 parameter: B21, density:GAMMA, hyperparameters: [4 0.125],convergence 0
 parameter: C21, density:GAMMA, hyperparameters: [4 0.125],convergence 0
                                                        First-order 
 Iteration  Func-count       f(x)        Step-size       optimality
     0          30          11173.4                      1.08e+04
     1          60          2781.57    9.29171e-05       1.95e+03  
     2          90          2234.49              1       1.34e+03  
     3         120          1900.15              1            561  
     4         150          1658.65              1            210  
     5         180          1596.47              1           85.3  
     6         210          1575.41              1           92.4  
     7         240          1567.41              1             93  
     8         270             1559              1            102  
     9         300          1545.41              1            131  
    10         330          1526.86              1            133  
    11         360          1509.23              1            162  
    12         390          1497.03              1            144  
    13         420          1488.67              1           89.4  
    14         450           1480.5              1            101  
    15         480           1474.8              1           81.8  
    16         510          1470.63              1           79.7  
    17         540          1466.39              1           78.7  
    18         570          1458.36              1            161  
    19         600          1448.19              1            224  
                                                        First-order 
 Iteration  Func-count       f(x)        Step-size       optimality
    20         630          1442.04              1            150  
    21         660           1438.8              1           65.8  
    22         690          1436.48              1           75.2  
    23         720          1434.02              1            158  
    24         750          1431.24              1            134  
    25         780          1428.65              1           64.4  
    26         810          1426.77              1             67  
    27         840          1423.87              1            159  
    28         870          1419.16              1            221  
    29         900          1415.09              1            159  
    30         930          1413.38              1           40.7  
    31         960          1412.83              1           25.9  
    32         990          1412.08              1           74.9  
    33        1020          1410.68              1            130  
    34        1050          1408.77              1            145  
    35        1080          1407.32              1           93.3  
    36        1110          1406.75              1           26.4  
    37        1140          1406.54              1           18.8  
    38        1170          1406.33              1           37.1  
    39        1200          1405.95              1           60.9  
                                                        First-order 
 Iteration  Func-count       f(x)        Step-size       optimality
    40        1230          1405.43              1           64.5  
    41        1260          1405.01              1           37.8  
    42        1290           1404.8              1           20.9  
    43        1320          1404.66              1           20.3  
    44        1350          1404.43              1           40.6  
    45        1380          1403.99              1           63.4  
    46        1410          1403.37              1             68  
    47        1440          1402.87              1           41.4  
    48        1470          1402.63              1           15.8  
    49        1500          1402.51              1           15.4  
    50        1530           1402.3              1             37  
    51        1560          1401.86              1             64  
    52        1590          1401.11              1           81.1  
    53        1620          1400.33              1           62.6  
    54        1710          1400.23           0.19           54.6  
    55        1800          1400.11           0.19           43.8  
    56        1890          1400.02           0.19             34  
    57        2940             1400      0.0371713            399  

Local minimum possible.

fminunc stopped because it cannot decrease the objective function
along the current search direction.




Computing finite-difference Hessian using objective function.
Predicted change in objective function too small.
Current draw: 1000 of 5000
Current draw: 2000 of 5000
Current draw: 3000 of 5000
Current draw: 4000 of 5000
Current draw: 5000 of 5000
Elapsed time is 432.201786 seconds.
Ran Forecast Type 2for Model 102 and Horizon 12
Performing iteration ending on 2002M6 of model 103
Warning: This should be expanded with the country names in case of panel
> In abstvar/abstvar/check_inputs
  In abstvar
  In svar
  In scriptEstimateMode_FULL (line 96)
  In run (line 86)
  In msreg_2reg_endoprob_SVAR_FULL_OOS (line 231)
  In OOS_slurm_IF (line 4)
    'c(3,1,sync,1)>=c(3,1,sync,2)'
    'a0(1,GDPG,sync,1)=0'
    'a0(2,GDPG,sync,1)=0'
    'a0(1,MF,sync,1)=0'
    'a0(1,GDPG,sync,2)=0'
    'a0(2,GDPG,sync,2)=0'
    'a0(1,MF,sync,2)=0'
    'a1(3,GDPG)=0'

 parameter: A12, density:NORMAL, hyperparameters: [0.5 0.5],convergence 0
 parameter: A21, density:NORMAL, hyperparameters: [0.5 0.5],convergence 0
 parameter: B12, density:GAMMA, hyperparameters: [4 0.125],convergence 0
 parameter: C12, density:GAMMA, hyperparameters: [4 0.125],convergence 0
 parameter: B21, density:GAMMA, hyperparameters: [4 0.125],convergence 0
 parameter: C21, density:GAMMA, hyperparameters: [4 0.125],convergence 0
                                                        First-order 
 Iteration  Func-count       f(x)        Step-size       optimality
     0          30          11173.4                      1.84e+04
     1          60           2812.4    5.42207e-05        1.9e+03  
     2          90          2441.39              1       1.38e+03  
     3         120          1872.97              1            480  
     4         150          1744.46              1            230  
     5         180          1703.37              1            134  
     6         210          1694.39              1            152  
     7         240             1689              1            155  
     8         270          1679.78              1            144  
     9         300          1666.69              1            105  
    10         330           1652.8              1           98.4  
    11         360          1642.72              1           86.3  
    12         390          1640.23              1           84.3  
    13         420          1637.93              1           69.6  
    14         450          1631.42              1           50.5  
    15         480          1626.65              1           50.6  
    16         510          1623.31              1             72  
    17         540           1621.4              1           76.3  
    18         570          1618.06              1           71.9  
    19         600          1611.59              1           77.2  
                                                        First-order 
 Iteration  Func-count       f(x)        Step-size       optimality
    20         630          1603.26              1           78.1  
    21         660          1597.79              1           56.6  
    22         690          1595.01              1           54.8  
    23         720          1593.48              1           50.6  
    24         750          1591.83              1           46.1  
    25         780          1587.64              1           64.6  
    26         810          1580.79              1           69.9  
    27         840          1573.13              1           85.2  
    28         870          1568.38              1           72.4  
    29         900          1566.67              1           56.4  
    30         930          1565.13              1           58.4  
    31         960          1561.99              1           68.8  
    32         990          1557.03              1           63.5  
    33        1020          1551.02              1           35.8  
    34        1050          1548.28              1           35.7  
    35        1080          1547.55              1           33.6  
    36        1110          1547.01              1           32.8  
    37        1140          1546.42              1           35.1  
    38        1170          1544.79              1           35.7  
    39        1200          1542.02              1           35.5  
                                                        First-order 
 Iteration  Func-count       f(x)        Step-size       optimality
    40        1230          1538.43              1           47.7  
    41        1260          1536.24              1           37.4  
    42        1290          1535.54              1           41.4  
    43        1320          1534.96              1           41.4  
    44        1350          1533.66              1           38.6  
    45        1380             1532              1             26  
    46        1410          1530.64              1           18.6  
    47        1440           1530.1              1           16.6  
    48        1470          1529.95              1           16.3  
    49        1500          1529.83              1           15.3  
    50        1530          1529.54              1           13.7  
    51        1560          1528.97              1           17.1  
    52        1590          1528.02              1           20.9  
    53        1620          1527.17              1           18.4  
    54        1650          1526.76              1           21.2  
    55        1680          1526.55              1             21  
    56        1710          1526.28              1           19.7  
    57        1740          1525.64              1           18.5  
    58        1770          1524.24              1           29.2  
    59        1800          1521.68              1           37.1  
                                                        First-order 
 Iteration  Func-count       f(x)        Step-size       optimality
    60        1830          1518.57              1             33  
    61        1860          1516.74              1           24.5  
    62        1890          1516.17              1           24.5  
    63        1920          1515.97              1           22.3  
    64        1950          1515.68              1           19.6  
    65        1980          1514.96              1           17.3  
    66        2010          1513.48              1             22  
    67        2040          1511.16              1           24.1  
    68        2070          1509.17              1           18.9  
    69        2100          1508.42              1           17.3  
    70        2130          1508.23              1           15.9  
    71        2160          1508.11              1           14.7  
    72        2190          1507.79              1           15.7  
    73        2220          1507.15              1           14.8  
    74        2250          1506.02              1             17  
    75        2280          1504.83              1           21.1  
    76        2310          1504.26              1           18.2  
    77        2340           1504.1              1           14.4  
    78        2370          1504.01              1             14  
    79        2400          1503.84              1           13.4  
                                                        First-order 
 Iteration  Func-count       f(x)        Step-size       optimality
    80        2430          1503.47              1           11.4  
    81        2460          1502.92              1           8.05  
    82        2490          1502.46              1           8.98  
    83        2520          1502.28              1           9.22  
    84        2550          1502.23              1           9.65  
    85        2580          1502.18              1           9.66  
    86        2610          1502.04              1           9.32  
    87        2640          1501.71              1           8.68  
    88        2670          1500.95              1           13.2  
    89        2700          1499.62              1           18.2  
    90        2730          1498.25              1           19.2  
    91        2760           1497.7              1           14.9  
    92        2790          1497.58              1           11.4  
    93        2820          1497.55              1           10.2  
    94        2850          1497.49              1           10.4  
    95        2880          1497.35              1           12.2  
    96        2910          1497.02              1           22.3  
    97        2940          1496.42              1           31.2  
    98        2970          1495.68              1           30.2  
    99        3000          1495.27              1           14.1  
                                                        First-order 
 Iteration  Func-count       f(x)        Step-size       optimality
   100        3030          1495.21              1           5.52  
   101        3060          1495.21              1           5.32  
   102        3090          1495.19              1           5.12  
   103        3120          1495.14              1           10.7  
   104        3150          1495.04              1           16.4  
   105        3180           1494.9              1           17.3  
   106        3210           1494.8              1           9.66  
   107        3240          1494.76              1           4.05  
   108        3270          1494.75              1           3.87  
   109        3300          1494.74              1           3.61  
   110        3330          1494.71              1           5.84  
   111        3360          1494.66              1           9.58  
   112        3390          1494.54              1           13.3  
   113        3420          1494.38              1           13.2  
   114        3450          1494.27              1           7.24  
   115        3480          1494.23              1              3  
   116        3510          1494.22              1           2.67  
   117        3540          1494.22              1            2.5  
   118        3570          1494.21              1           2.47  
   119        3600          1494.17              1            4.2  
                                                        First-order 
 Iteration  Func-count       f(x)        Step-size       optimality
   120        3630           1494.1              1           6.33  
   121        3660          1493.97              1           7.41  
   122        3690           1493.8              1              5  
   123        3720           1493.7              1           4.47  
   124        3750          1493.67              1           4.06  
   125        3780          1493.66              1           4.02  
   126        3810          1493.65              1           3.94  
   127        3840          1493.62              1           3.83  
   128        3870          1493.54              1           5.69  
   129        3900          1493.32              1           12.3  
   130        3930          1492.79              1             26  
   131        3960          1492.21              1           23.8  
   132        3990           1491.5              1           11.9  
   133        4020          1491.21              1           4.91  
   134        4050          1491.19              1           4.23  
   135        4080          1491.17              1           4.28  
   136        4110          1491.16              1           4.33  
   137        4140          1491.16              1           4.33  
   138        4170          1491.11              1           5.39  
   139        4200          1491.06              1           9.94  
                                                        First-order 
 Iteration  Func-count       f(x)        Step-size       optimality
   140        4230          1490.92              1           15.8  
   141        4260          1490.76              1             17  
   142        4290          1490.64              1           9.69  
   143        4320           1490.6              1           2.16  
   144        4350           1490.6              1          0.987  
   145        4380           1490.6              1          0.983  
   146        4410           1490.6              1           0.99  
   147        4440           1490.6              1           1.01  
   148        4560          1485.54        15.8293           34.3  
   149        4740          1485.54    0.000167175           34.5  
   150        4800          1484.54             10           27.1  
   151        4830          1483.69              1           14.3  
   152        4860          1483.28              1           6.62  
   153        4890          1483.21              1           6.19  
   154        4920           1483.2              1           6.05  
   155        4950          1483.19              1           6.12  
   156        4980          1483.16              1           6.04  
   157        5010           1483.1              1           5.85  
   158        5040          1482.94              1           8.51  
   159        5070          1482.67              1           11.6  
                                                        First-order 
 Iteration  Func-count       f(x)        Step-size       optimality
   160        5100          1482.35              1           11.1  
   161        5130          1482.13              1           6.32  
   162        5160          1482.06              1           2.75  
   163        5190          1482.04              1           2.74  
   164        5220          1482.03              1           2.72  
   165        5250          1482.01              1           2.76  
   166        5280             1482              1           2.88  
   167        5310          1481.96              1           3.05  
   168        5340          1481.89              1           3.91  
   169        5370          1481.76              1           5.26  
   170        5400          1481.59              1           4.81  
   171        5430          1481.48              1           2.29  
   172        5460          1481.46              1           1.92  
   173        5490          1481.46              1            1.9  
   174        5520          1481.45              1            1.9  
   175        5550          1481.45              1           1.92  
   176        5580          1481.43              1           1.95  
   177        5610          1481.39              1           1.95  
   178        5640           1481.3              1            3.1  
   179        5670          1481.11              1           4.25  
                                                        First-order 
 Iteration  Func-count       f(x)        Step-size       optimality
   180        5700          1480.81              1           4.11  
   181        5730          1480.58              1           2.12  
   182        5760          1480.52              1          0.736  
   183        5790          1480.52              1          0.594  
   184        5820          1480.52              1          0.558  
   185        5850          1480.52              1          0.553  
   186        5880          1480.52              1          0.553  
   187        5910          1480.51              1          0.549  
   188        5940          1480.51              1          0.539  
   189        5970          1480.51              1          0.961  
   190        6000           1480.5              1           1.43  
   191        6030          1480.48              1           1.68  
   192        6060          1480.46              1           1.24  
   193        6090          1480.46              1           0.43  
   194        6120          1480.45              1          0.191  
   195        6150          1480.45              1          0.192  
   196        6180          1480.45              1          0.193  
   197        6210          1480.45              1          0.192  
   198        6240          1480.45              1          0.192  
   199        6270          1480.45              1          0.191  
                                                        First-order 
 Iteration  Func-count       f(x)        Step-size       optimality
   200        6300          1480.45              1          0.188  
   201        6330          1480.45              1          0.239  
   202        6360          1480.45              1          0.369  
   203        6390          1480.45              1          0.475  
   204        6420          1480.45              1          0.417  
   205        6450          1480.45              1          0.194  
   206        6480          1480.45              1         0.0313  
   207        6510          1480.45              1         0.0268  
   208        6540          1480.45              1         0.0264  
   209        6570          1480.45              1         0.0264  
   210        6600          1480.45              1         0.0266  
   211        6660          1480.45             10         0.0254  
   212        6690          1480.45              1         0.0245  
   213        6720          1480.45              1         0.0286  
   214        6750          1480.45              1         0.0341  
   215        6780          1480.45              1         0.0223  
   216        6810          1480.45              1        0.00714  
   217        6840          1480.45              1        0.00087  
   218        6870          1480.45              1       0.000977  
   219        6930          1480.45       0.442616        0.00061  
                                                        First-order 
 Iteration  Func-count       f(x)        Step-size       optimality
   220        6990          1480.45       0.273043       0.000214  

Local minimum found.

Optimization completed because the size of the gradient is less than
the selected value of the optimality tolerance.




Computing finite-difference Hessian using objective function.
srun: error: unpackmem: Buffer to be unpacked is too large (1171791453 > 1073741824)
srun: error: unpack error in io_init_msg_unpack
srun: error: Invalid IO init header version
srun: error: slurm_receive_msg: Transport endpoint is not connected
srun: error: slurm_receive_msg[10.26.24.30]: Transport endpoint is not connected
srun: error: invalid type trying to be freed 65534
srun: error: slurm_receive_msg: Transport endpoint is not connected
srun: error: slurm_receive_msg[10.26.24.30]: Transport endpoint is not connected
srun: error: invalid type trying to be freed 65534
srun: error: unpack error in io_init_msg_unpack
srun: error: Invalid IO init header version
srun: error: io_init_msg_read too small
srun: error: failed reading io init message
First order optimality conditions satisfied.
srun: error: slurm_receive_msg: Transport endpoint is not connected
srun: error: slurm_receive_msg[10.26.24.30]: Transport endpoint is not connected
srun: error: invalid type trying to be freed 65534
srun: error: slurm_receive_msg: Transport endpoint is not connected
srun: error: slurm_receive_msg[10.26.24.30]: Transport endpoint is not connected
srun: error: invalid type trying to be freed 65534
srun: error: slurm_receive_msg: Transport endpoint is not connected
srun: error: slurm_receive_msg[10.26.24.30]: Transport endpoint is not connected
srun: error: invalid type trying to be freed 65534
srun: error: unpackmem: Buffer to be unpacked is too large (1532474328 > 1073741824)
srun: error: unpack error in io_init_msg_unpack
srun: error: Invalid IO init header version
srun: error: unpack error in io_init_msg_unpack
srun: error: Invalid IO init header version
srun: error: unpackmem: Buffer to be unpacked is too large (2006863224 > 1073741824)
srun: error: unpack error in io_init_msg_unpack
srun: error: Invalid IO init header version
srun: error: unpackmem: Buffer to be unpacked is too large (3882834517 > 1073741824)
srun: error: unpack error in io_init_msg_unpack
srun: error: Invalid IO init header version
srun: error: unpackmem: Buffer to be unpacked is too large (3897443178 > 1073741824)
srun: error: unpack error in io_init_msg_unpack
srun: error: Invalid IO init header version
srun: error: unpack error in io_init_msg_unpack
srun: error: Invalid IO init header version
srun: error: io_init_msg_read too small
srun: error: failed reading io init message
Current draw: 1000 of 5000
srun: error: slurm_receive_msg: Socket timed out on send/recv operation
srun: error: slurm_receive_msg[10.26.24.30]: Socket timed out on send/recv operation
srun: error: invalid type trying to be freed 65534
srun: error: slurm_receive_msg: Transport endpoint is not connected
srun: error: slurm_receive_msg[10.26.24.30]: Transport endpoint is not connected
srun: error: invalid type trying to be freed 65534
srun: error: slurm_receive_msg: Transport endpoint is not connected
srun: error: slurm_receive_msg[10.26.24.30]: Transport endpoint is not connected
srun: error: invalid type trying to be freed 65534
srun: error: slurm_receive_msg: Transport endpoint is not connected
srun: error: slurm_receive_msg[10.26.24.30]: Transport endpoint is not connected
srun: error: invalid type trying to be freed 65534
srun: error: slurm_receive_msg: Transport endpoint is not connected
srun: error: slurm_receive_msg[10.26.24.30]: Transport endpoint is not connected
srun: error: invalid type trying to be freed 65534
srun: error: slurm_receive_msg: Transport endpoint is not connected
srun: error: slurm_receive_msg[10.26.24.30]: Transport endpoint is not connected
srun: error: invalid type trying to be freed 65534
srun: error: slurm_receive_msg: Transport endpoint is not connected
srun: error: slurm_receive_msg[10.26.24.30]: Transport endpoint is not connected
srun: error: invalid type trying to be freed 65534
srun: error: slurm_receive_msg: Transport endpoint is not connected
srun: error: slurm_receive_msg[10.26.24.30]: Transport endpoint is not connected
srun: error: invalid type trying to be freed 65534
srun: error: slurm_receive_msg: Transport endpoint is not connected
srun: error: slurm_receive_msg[10.26.24.30]: Transport endpoint is not connected
srun: error: invalid type trying to be freed 65534
srun: error: slurm_receive_msg: Transport endpoint is not connected
srun: error: slurm_receive_msg[10.26.24.30]: Transport endpoint is not connected
srun: error: invalid type trying to be freed 65534
srun: error: slurm_receive_msg: Transport endpoint is not connected
srun: error: slurm_receive_msg[10.26.24.30]: Transport endpoint is not connected
srun: error: invalid type trying to be freed 65534
srun: error: slurm_receive_msg: Transport endpoint is not connected
srun: error: slurm_receive_msg[10.26.24.30]: Transport endpoint is not connected
srun: error: invalid type trying to be freed 65534
srun: error: slurm_receive_msg: Transport endpoint is not connected
srun: error: slurm_receive_msg[10.26.24.30]: Transport endpoint is not connected
srun: error: invalid type trying to be freed 65534
srun: error: slurm_receive_msg: Transport endpoint is not connected
srun: error: slurm_receive_msg[10.26.24.30]: Transport endpoint is not connected
srun: error: invalid type trying to be freed 65534
srun: error: slurm_receive_msg: Transport endpoint is not connected
srun: error: slurm_receive_msg[10.26.24.30]: Transport endpoint is not connected
srun: error: invalid type trying to be freed 65534
srun: error: unpackmem: Buffer to be unpacked is too large (1951163745 > 1073741824)
srun: error: unpack error in io_init_msg_unpack
srun: error: Invalid IO init header version
srun: error: io_init_msg_read too small
srun: error: failed reading io init message
srun: error: unpackmem: Buffer to be unpacked is too large (1935765607 > 1073741824)
srun: error: unpack error in io_init_msg_unpack
srun: error: Invalid IO init header version
srun: error: unpackmem_xmalloc: Buffer to be unpacked is too large (1684369920 > 1073741824)
srun: error: unpacking header
srun: error: destroy_forward: no init
srun: error: slurm_receive_msg: Message receive failure
srun: error: slurm_receive_msg[10.26.24.30]: Message receive failure
srun: error: invalid type trying to be freed 65534
srun: error: slurm_receive_msg: Insane message length
srun: error: slurm_receive_msg[10.26.24.30]: Insane message length
srun: error: invalid type trying to be freed 65534
srun: error: unpackmem_xmalloc: Buffer to be unpacked is too large (1885828912 > 1073741824)
srun: error: unpacking header
srun: error: destroy_forward: no init
srun: error: slurm_receive_msg: Message receive failure
srun: error: slurm_receive_msg[10.26.24.30]: Message receive failure
srun: error: invalid type trying to be freed 65534
srun: error: unpackmem_xmalloc: Buffer to be unpacked is too large (1684369920 > 1073741824)
srun: error: unpacking header
srun: error: destroy_forward: no init
srun: error: slurm_receive_msg: Message receive failure
srun: error: slurm_receive_msg[10.26.24.30]: Message receive failure
srun: error: invalid type trying to be freed 65534
srun: error: slurm_receive_msg: Insane message length
srun: error: slurm_receive_msg[10.26.24.30]: Insane message length
srun: error: invalid type trying to be freed 65534
srun: error: unpackmem_xmalloc: Buffer to be unpacked is too large (1885828912 > 1073741824)
srun: error: unpacking header
srun: error: destroy_forward: no init
srun: error: slurm_receive_msg: Message receive failure
srun: error: slurm_receive_msg[10.26.24.30]: Message receive failure
srun: error: invalid type trying to be freed 65534
srun: error: io_init_msg_read too small
srun: error: failed reading io init message
srun: error: slurm_receive_msg: Insane message length
srun: error: slurm_receive_msg[10.26.24.30]: Insane message length
srun: error: invalid type trying to be freed 65534
srun: error: slurm_receive_msg: Insane message length
srun: error: slurm_receive_msg[10.26.24.30]: Insane message length
srun: error: invalid type trying to be freed 65534
srun: error: unpack error in io_init_msg_unpack
srun: error: Invalid IO init header version
Current draw: 2000 of 5000
srun: error: slurm_receive_msg: Transport endpoint is not connected
srun: error: slurm_receive_msg[10.26.24.30]: Transport endpoint is not connected
srun: error: invalid type trying to be freed 65534
srun: error: slurm_receive_msg: Transport endpoint is not connected
srun: error: slurm_receive_msg[10.26.24.30]: Transport endpoint is not connected
srun: error: invalid type trying to be freed 65534
srun: error: slurm_receive_msg: Insane message length
srun: error: slurm_receive_msg[10.26.24.30]: Insane message length
srun: error: invalid type trying to be freed 65534
srun: error: slurm_receive_msg: Insane message length
srun: error: slurm_receive_msg[10.26.24.30]: Insane message length
srun: error: invalid type trying to be freed 65534
srun: error: slurm_receive_msg: Insane message length
srun: error: slurm_receive_msg[10.26.24.30]: Insane message length
srun: error: invalid type trying to be freed 65534
srun: error: slurm_receive_msg: Insane message length
srun: error: slurm_receive_msg[10.26.24.30]: Insane message length
srun: error: invalid type trying to be freed 65534
srun: error: unpack error in io_init_msg_unpack
srun: error: Invalid IO init header version
srun: error: unpackmem: Buffer to be unpacked is too large (1681731632 > 1073741824)
srun: error: unpack error in io_init_msg_unpack
srun: error: Invalid IO init header version
Current draw: 3000 of 5000
srun: error: slurm_receive_msg: Transport endpoint is not connected
srun: error: slurm_receive_msg[10.26.24.30]: Transport endpoint is not connected
srun: error: invalid type trying to be freed 65534
srun: error: slurm_receive_msg: Transport endpoint is not connected
srun: error: slurm_receive_msg[10.26.24.30]: Transport endpoint is not connected
srun: error: invalid type trying to be freed 65534
srun: error: unpack error in io_init_msg_unpack
srun: error: Invalid IO init header version
srun: error: slurm_receive_msg: Insane message length
srun: error: slurm_receive_msg[10.26.24.30]: Insane message length
srun: error: invalid type trying to be freed 65534
srun: error: slurm_receive_msg: Transport endpoint is not connected
srun: error: slurm_receive_msg[10.26.24.30]: Transport endpoint is not connected
srun: error: invalid type trying to be freed 65534
srun: error: slurm_receive_msg: Insane message length
srun: error: slurm_receive_msg[10.26.24.30]: Insane message length
srun: error: invalid type trying to be freed 65534
srun: error: slurm_receive_msg: Transport endpoint is not connected
srun: error: slurm_receive_msg[10.26.24.30]: Transport endpoint is not connected
srun: error: invalid type trying to be freed 65534
srun: error: unpack error in io_init_msg_unpack
srun: error: Invalid IO init header version
srun: error: unpack error in io_init_msg_unpack
srun: error: Invalid IO init header version
Current draw: 4000 of 5000
Current draw: 5000 of 5000
Elapsed time is 619.418781 seconds.
Ran Forecast Type 2for Model 103 and Horizon 12
Performing iteration ending on 2002M6 of model 104
Warning: This should be expanded with the country names in case of panel
> In abstvar/abstvar/check_inputs
  In abstvar
  In svar
  In scriptEstimateMode_FULL (line 96)
  In run (line 86)
  In msreg_2reg_endoprob_SVAR_FULL_OOS (line 231)
  In OOS_slurm_IF (line 4)
    'c(3,1,sync,1)>=c(3,1,sync,2)'
    'a0(1,GDPG)=0'
    'a0(1,MF)=0'
    'a0(2,GDPG)=0'
    'a1(3,GDPG,sync,1)=0'
    'a1(3,GDPG,sync,2)=0'

 parameter: A12, density:NORMAL, hyperparameters: [0.5 0.5],convergence 0
 parameter: A21, density:NORMAL, hyperparameters: [0.5 0.5],convergence 0
 parameter: B12, density:GAMMA, hyperparameters: [4 0.125],convergence 0
 parameter: C12, density:GAMMA, hyperparameters: [4 0.125],convergence 0
 parameter: B21, density:GAMMA, hyperparameters: [4 0.125],convergence 0
 parameter: C21, density:GAMMA, hyperparameters: [4 0.125],convergence 0
                                                        First-order 
 Iteration  Func-count       f(x)        Step-size       optimality
     0          35          11173.4                      1.84e+04
     1          70          2844.01    5.42207e-05       1.88e+03  
     2         105          2438.59              1       1.36e+03  
     3         140          1987.54              1            575  
     4         175          1875.65              1            355  
     5         210          1790.41              1            315  
     6         245          1753.69              1            268  
     7         280          1736.27              1            195  
     8         315          1724.37              1            154  
     9         350          1712.55              1            152  
    10         385          1701.82              1            175  
    11         420          1688.35              1            269  
    12         455          1672.39              1            277  
    13         490          1649.89              1            247  
    14         525          1630.94              1            246  
    15         560          1619.03              1            139  
    16         595          1613.26              1           83.1  
    17         630          1609.55              1           79.7  
    18         665          1606.19              1           96.6  
    19         700          1601.16              1            123  
                                                        First-order 
 Iteration  Func-count       f(x)        Step-size       optimality
    20         735          1594.58              1            116  
    21         770          1586.01              1            150  
    22         805          1577.78              1            108  
    23         840          1573.49              1           84.1  
    24         875          1570.27              1           79.6  
    25         910          1566.22              1             89  
    26         945           1561.1              1            129  
    27         980          1555.59              1            139  
    28        1015          1550.28              1            108  
    29        1050          1544.89              1           84.1  
    30        1085          1541.09              1           72.9  
    31        1120          1536.97              1            118  
    32        1155          1532.04              1            108  
    33        1190           1528.2              1             72  
    34        1225          1525.51              1           43.9  
    35        1260          1523.81              1           45.1  
    36        1295          1522.19              1           53.5  
    37        1330          1519.69              1           75.5  
    38        1365          1515.89              1           80.2  
    39        1400           1510.3              1           66.9  
                                                        First-order 
 Iteration  Func-count       f(x)        Step-size       optimality
    40        1435          1502.42              1             56  
    41        1470          1498.91              1           52.8  
    42        1505          1497.16              1           41.5  
    43        1540          1496.31              1           38.2  
    44        1575          1494.84              1           37.5  
    45        1610          1492.07              1           87.1  
    46        1645          1488.12              1            103  
    47        1680          1485.63              1           69.4  
    48        1715           1484.8              1           28.6  
    49        1750          1484.54              1           27.3  
    50        1785          1484.29              1           24.4  
    51        2590          1484.16       0.184415            185  
    52        3290          1484.16    1.72376e-07          1e+03  

Local minimum possible.

fminunc stopped because it cannot decrease the objective function
along the current search direction.




Computing finite-difference Hessian using objective function.
Predicted change in objective function too small.
Current draw: 1000 of 5000
Current draw: 2000 of 5000
Current draw: 3000 of 5000
Current draw: 4000 of 5000
Current draw: 5000 of 5000
Elapsed time is 460.360256 seconds.
Ran Forecast Type 2for Model 104 and Horizon 12
Performing iteration ending on 2002M6 of model 105
Warning: This should be expanded with the country names in case of panel
> In abstvar/abstvar/check_inputs
  In abstvar
  In svar
  In scriptEstimateMode_FULL (line 96)
  In run (line 86)
  In msreg_2reg_endoprob_SVAR_FULL_OOS (line 231)
  In OOS_slurm_IF (line 4)
    'c(3,1,sync,1)>=c(3,1,sync,2)'
    'a0(1,GDPG,sync,1)=0'
    'a0(2,GDPG,sync,1)=0'
    'a0(1,MF,sync,1)=0'
    'a0(1,GDPG,sync,2)=0'
    'a0(2,GDPG,sync,2)=0'
    'a0(1,MF,sync,2)=0'
    'a1(3,GDPG)=0'
    's(3,3,sync,1)<=s(3,3,sync,2)'

 parameter: A12, density:NORMAL, hyperparameters: [0.5 0.5],convergence 0
 parameter: A21, density:NORMAL, hyperparameters: [0.5 0.5],convergence 0
 parameter: B12, density:GAMMA, hyperparameters: [4 0.125],convergence 0
 parameter: C12, density:GAMMA, hyperparameters: [4 0.125],convergence 0
 parameter: B21, density:GAMMA, hyperparameters: [4 0.125],convergence 0
 parameter: C21, density:GAMMA, hyperparameters: [4 0.125],convergence 0
                                                        First-order 
 Iteration  Func-count       f(x)        Step-size       optimality
     0          33          11173.4                      1.08e+04
     1          66          2833.05    9.29171e-05       1.94e+03  
     2          99          2253.91              1       1.34e+03  
     3         132          1905.26              1            557  
     4         165          1671.03              1            216  
     5         198          1609.35              1           80.8  
     6         231          1589.63              1           88.1  
     7         264          1582.83              1           88.9  
     8         297          1575.61              1           87.5  
     9         330          1562.81              1            121  
    10         363          1544.33              1            131  
    11         396          1526.79              1            139  
    12         429          1516.39              1            132  
    13         462          1510.12              1           91.6  
    14         495          1503.31              1           98.7  
    15         528          1495.51              1            128  
    16         561           1490.3              1           83.8  
    17         594          1486.72              1           82.4  
    18         627          1481.95              1            118  
    19         660          1474.89              1            215  
                                                        First-order 
 Iteration  Func-count       f(x)        Step-size       optimality
    20         693          1468.23              1            196  
    21         726          1465.06              1           76.8  
    22         759          1463.11              1           36.2  
    23         792          1461.26              1            121  
    24         825          1458.28              1            176  
    25         858          1454.84              1            169  
    26         891          1451.53              1           86.6  
    27         924          1449.01              1           81.5  
    28         957          1445.88              1            164  
    29         990          1442.08              1            176  
    30        1023          1439.42              1           89.4  
    31        1056           1437.9              1           40.5  
    32        1089          1436.43              1           89.3  
    33        1122          1433.68              1            176  
    34        1155          1429.91              1            209  
    35        1188          1426.76              1            144  
    36        1221           1425.3              1           44.5  
    37        1254          1424.63              1           37.5  
    38        1287          1423.92              1           73.8  
    39        1320          1422.74              1            115  
                                                        First-order 
 Iteration  Func-count       f(x)        Step-size       optimality
    40        1353          1421.35              1            109  
    41        1386          1420.37              1           52.8  
    42        1419          1419.86              1           30.4  
    43        1452          1419.39              1           45.6  
    44        1485          1418.57              1           89.9  
    45        1518          1417.22              1            121  
    46        1551          1415.66              1            105  
    47        1584          1414.63              1           44.6  
    48        1617          1414.22              1           18.3  
    49        1650          1413.95              1             33  
    50        1683          1413.34              1           68.5  
    51        1716          1412.17              1            102  
    52        1815          1411.73           0.19            103  
    53        2904          1411.62      0.0226192            170  
    54        4026          1411.62    8.58833e-08          1e+03  

Local minimum possible.

fminunc stopped because it cannot decrease the objective function
along the current search direction.




Computing finite-difference Hessian using objective function.
Predicted change in objective function too small.
Current draw: 1000 of 5000
Current draw: 2000 of 5000
Current draw: 3000 of 5000
Current draw: 4000 of 5000
Current draw: 5000 of 5000
Elapsed time is 488.362199 seconds.
Ran Forecast Type 2for Model 105 and Horizon 12
Performing iteration ending on 2002M6 of model 106
Warning: This should be expanded with the country names in case of panel
> In abstvar/abstvar/check_inputs
  In abstvar
  In svar
  In scriptEstimateMode_FULL (line 96)
  In run (line 86)
  In msreg_2reg_endoprob_SVAR_FULL_OOS (line 231)
  In OOS_slurm_IF (line 4)
    'c(3,1,sync,1)>=c(3,1,sync,2)'
    'a0(1,GDPG)=0'
    'a0(1,MF)=0'
    'a0(2,GDPG)=0'
    'a1(3,GDPG,sync,1)=0'
    'a1(3,GDPG,sync,2)=0'
    's(3,3,sync,1)<=s(3,3,sync,2)'

 parameter: A12, density:NORMAL, hyperparameters: [0.5 0.5],convergence 0
 parameter: A21, density:NORMAL, hyperparameters: [0.5 0.5],convergence 0
 parameter: B12, density:GAMMA, hyperparameters: [4 0.125],convergence 0
 parameter: C12, density:GAMMA, hyperparameters: [4 0.125],convergence 0
 parameter: B21, density:GAMMA, hyperparameters: [4 0.125],convergence 0
 parameter: C21, density:GAMMA, hyperparameters: [4 0.125],convergence 0
                                                        First-order 
 Iteration  Func-count       f(x)        Step-size       optimality
     0          38          11173.4                      1.08e+04
     1          76          2725.48    9.29171e-05       1.68e+03  
     2         114          2262.82              1       1.04e+03  
     3         152          1815.65              1            359  
     4         190             1698              1            157  
     5         228          1648.74              1            130  
     6         266          1630.96              1            131  
     7         304          1619.17              1            128  
     8         342          1605.78              1            119  
     9         380          1591.41              1           89.8  
    10         418          1577.48              1           83.7  
    11         456          1547.96              1            164  
    12         494          1534.27              1            169  
    13         532          1526.39              1            141  
    14         570          1503.76              1            198  
    15         608           1495.2              1           79.9  
    16         646          1491.34              1           61.9  
    17         684          1474.98              1            223  
    18         722          1469.91              1            161  
    19         760          1461.53              1            140  
                                                        First-order 
 Iteration  Func-count       f(x)        Step-size       optimality
    20         798          1458.35              1            118  
    21         836          1447.32              1           91.7  
    22         874          1440.35              1           94.7  
    23         912          1431.72              1           45.3  
    24         950          1428.74              1           42.9  
    25         988          1427.22              1           66.5  
    26        1026          1425.83              1           32.1  
    27        1064          1422.73              1           68.4  
    28        1102          1418.48              1             87  
    29        1140          1415.73              1           73.9  
    30        1178          1413.26              1           60.8  
    31        1216          1411.28              1           52.2  
    32        1254          1409.23              1           71.4  
    33        1292          1407.18              1             58  
    34        1330          1405.77              1             43  
    35        1368          1404.52              1           51.3  
    36        1406          1402.56              1           70.3  
    37        1444          1400.39              1           85.4  
    38        1482          1398.43              1           63.3  
    39        1520          1397.52              1             21  
                                                        First-order 
 Iteration  Func-count       f(x)        Step-size       optimality
    40        1558          1397.23              1           19.1  
    41        1596           1396.9              1           28.3  
    42        1634          1396.42              1             44  
    43        1672          1395.92              1           39.3  
    44        1710          1395.65              1           17.2  
    45        1748          1395.54              1           9.31  
    46        1786          1395.44              1           14.4  
    47        1862          1395.38       0.240787           18.6  
    48        2318          1395.27       0.149106             23  
    49        3230          1395.27     0.00114868            236  

Local minimum possible.

fminunc stopped because it cannot decrease the objective function
along the current search direction.




Computing finite-difference Hessian using objective function.
Predicted change in objective function too small.
Current draw: 1000 of 5000
Current draw: 2000 of 5000
Current draw: 3000 of 5000
Current draw: 4000 of 5000
Current draw: 5000 of 5000
Elapsed time is 464.240436 seconds.
Ran Forecast Type 2for Model 106 and Horizon 12
Performing iteration ending on 2002M6 of model 107
Warning: This should be expanded with the country names in case of panel
> In abstvar/abstvar/check_inputs
  In abstvar
  In svar
  In scriptEstimateMode_FULL (line 96)
  In run (line 86)
  In msreg_2reg_endoprob_SVAR_FULL_OOS (line 231)
  In OOS_slurm_IF (line 4)
    'c(3,1,sync,1)>=c(3,1,sync,2)'
    'a0(1,GDPG,sync,1)=0'
    'a0(2,GDPG,sync,1)=0'
    'a0(1,MF,sync,1)=0'
    'a0(1,GDPG,sync,2)=0'
    'a0(2,GDPG,sync,2)=0'
    'a0(1,MF,sync,2)=0'
    'a1(3,GDPG,sync,1)=0'
    'a1(3,GDPG,sync,2)=0'
    's(3,3,sync,1)<=s(3,3,sync,2)'

 parameter: A12, density:NORMAL, hyperparameters: [0.5 0.5],convergence 0
 parameter: A21, density:NORMAL, hyperparameters: [0.5 0.5],convergence 0
 parameter: B12, density:GAMMA, hyperparameters: [4 0.125],convergence 0
 parameter: C12, density:GAMMA, hyperparameters: [4 0.125],convergence 0
 parameter: B21, density:GAMMA, hyperparameters: [4 0.125],convergence 0
 parameter: C21, density:GAMMA, hyperparameters: [4 0.125],convergence 0
                                                        First-order 
 Iteration  Func-count       f(x)        Step-size       optimality
     0          41          11173.4                      1.08e+04
     1          82           2777.3    9.29171e-05       1.77e+03  
     2         123          2281.71              1       1.07e+03  
     3         164          1833.46              1            370  
     4         205          1712.49              1            164  
     5         246          1663.85              1            124  
     6         287          1647.18              1            125  
     7         328          1636.31              1            123  
     8         369           1623.6              1            115  
     9         410          1609.33              1           91.5  
    10         451           1595.2              1           94.3  
    11         492          1571.73              1            133  
    12         533          1557.99              1            141  
    13         574          1551.01              1            121  
    14         615          1532.92              1            196  
    15         656          1521.61              1           83.4  
    16         697          1518.14              1           65.9  
    17         738          1500.77              1            197  
    18         779          1495.75              1            118  
    19         820          1490.18              1           88.1  
                                                        First-order 
 Iteration  Func-count       f(x)        Step-size       optimality
    20         861          1486.79              1            104  
    21         902          1479.13              1            111  
    22         943          1472.27              1            106  
    23         984          1465.51              1            107  
    24        1025          1459.68              1           47.3  
    25        1066          1457.94              1           64.8  
    26        1107          1456.41              1             55  
    27        1148          1453.85              1           36.2  
    28        1189          1450.05              1           56.9  
    29        1230          1446.74              1           61.6  
    30        1271          1444.62              1           43.2  
    31        1312           1442.3              1             46  
    32        1353          1438.98              1           73.6  
    33        1394          1434.91              1           95.4  
    34        1435          1431.42              1           62.5  
    35        1476          1429.33              1           33.7  
    36        1517          1427.48              1           49.9  
    37        1558          1423.26              1           95.4  
    38        1599          1417.42              1            127  
    39        1640          1412.51              1           89.8  
                                                        First-order 
 Iteration  Func-count       f(x)        Step-size       optimality
    40        1681          1410.71              1           22.5  
    41        1722          1410.28              1           14.5  
    42        1763          1409.99              1           20.7  
    43        1804          1409.38              1           35.7  
    44        1845          1408.34              1           44.8  
    45        1927          1407.36       0.663815           41.6  
    46        2050          1407.02           0.19           37.5  
    47        3444          1406.88      0.0601184            273  

Local minimum possible.

fminunc stopped because it cannot decrease the objective function
along the current search direction.




Computing finite-difference Hessian using objective function.
Predicted change in objective function too small.
Current draw: 1000 of 5000
Current draw: 2000 of 5000
Current draw: 3000 of 5000
Current draw: 4000 of 5000
Current draw: 5000 of 5000
Elapsed time is 475.931573 seconds.
Ran Forecast Type 2for Model 107 and Horizon 12
Performing iteration ending on 2002M6 of model 108
Warning: This should be expanded with the country names in case of panel
> In abstvar/abstvar/check_inputs
  In abstvar
  In svar
  In scriptEstimateMode_FULL (line 96)
  In run (line 86)
  In msreg_2reg_endoprob_SVAR_FULL_OOS (line 231)
  In OOS_slurm_IF (line 4)
    'c(3,1,sync,1)>=c(3,1,sync,2)'
    'a0(1,GDPG)=0'
    'a0(1,MF)=0'
    'a0(2,GDPG)=0'
    'a1(3,GDPG)=0'
    's(3,3,sync,1)<=s(3,3,sync,2)'

 parameter: A12, density:NORMAL, hyperparameters: [0.5 0.5],convergence 0
 parameter: A21, density:NORMAL, hyperparameters: [0.5 0.5],convergence 0
 parameter: B12, density:GAMMA, hyperparameters: [4 0.125],convergence 0
 parameter: C12, density:GAMMA, hyperparameters: [4 0.125],convergence 0
 parameter: B21, density:GAMMA, hyperparameters: [4 0.125],convergence 0
 parameter: C21, density:GAMMA, hyperparameters: [4 0.125],convergence 0
                                                        First-order 
 Iteration  Func-count       f(x)        Step-size       optimality
     0          28          11173.4                      1.08e+04
     1          56          2790.27    9.29171e-05       1.87e+03  
     2          84          2240.02              1       1.22e+03  
     3         112          1927.92              1            566  
     4         140          1722.27              1            224  
     5         168           1671.2              1            132  
     6         196          1653.42              1            150  
     7         224          1645.28              1            147  
     8         252          1635.96              1            127  
     9         280          1623.85              1           86.7  
    10         308          1611.34              1           97.2  
    11         336          1603.06              1           88.7  
    12         364          1600.11              1           65.1  
    13         392          1596.81              1           47.3  
    14         420          1593.52              1           55.5  
    15         448          1590.68              1           69.3  
    16         476          1587.56              1           80.7  
    17         504          1582.65              1           79.9  
    18         532          1575.53              1            124  
    19         560          1569.03              1            103  
                                                        First-order 
 Iteration  Func-count       f(x)        Step-size       optimality
    20         588          1565.42              1           54.5  
    21         616          1563.38              1           58.6  
    22         644          1560.99              1           59.7  
    23         672          1556.16              1           93.6  
    24         700           1547.9              1            121  
    25         728          1538.56              1            106  
    26         756          1532.58              1           80.2  
    27         784          1529.76              1           78.3  
    28         812          1527.19              1           67.1  
    29         840          1523.28              1            114  
    30         868          1518.61              1            130  
    31         896          1515.35              1           58.3  
    32         924          1514.43              1           29.3  
    33         952          1514.01              1           22.6  
    34         980          1513.38              1           37.6  
    35        1092          1513.03          0.271           39.4  
    36        1960          1512.97      0.0235983            332  

Local minimum possible.

fminunc stopped because it cannot decrease the objective function
along the current search direction.




Computing finite-difference Hessian using objective function.
Predicted change in objective function too small.
Current draw: 1000 of 5000
Current draw: 2000 of 5000
Current draw: 3000 of 5000
Current draw: 4000 of 5000
Current draw: 5000 of 5000
Elapsed time is 390.865134 seconds.
Ran Forecast Type 2for Model 108 and Horizon 12
