51
------------------------------------------
Setting up environment variables
---
LD_LIBRARY_PATH is .:/opt/MATLAB/R2017a/runtime/glnxa64:/opt/MATLAB/R2017a/bin/glnxa64:/opt/MATLAB/R2017a/sys/os/glnxa64:/opt/MATLAB/R2017a/sys/opengl/lib/glnxa64
Warning: Method directories not allowed in MATLAB path: /if/home/m1pac03/.mcrCache9.2/OOS_sl0/if/gms_research_gar/GAR/MS-VAR/RISE_toolbox2/classes/models/@dsge/private

	Personal pathdef has been created in your preference directory:
	/if/home/m1pac03/.mcrCache9.2/OOS_sl0/.matlab

Running on SLURM; using 1 cores as assigned on this node.

Performing iteration ending on 2003M3 of model 101
Warning: This should be expanded with the country names in case of panel
> In abstvar/abstvar/check_inputs
  In abstvar
  In svar
  In scriptEstimateMode_FULL (line 96)
  In run (line 86)
  In msreg_2reg_endoprob_SVAR_FULL_OOS (line 231)
  In OOS_slurm_IF (line 4)
    'c(3,1,sync,1)>=c(3,1,sync,2)'
    'a0(1,GDPG)=0'
    'a0(1,MF)=0'
    'a0(2,GDPG)=0'
    'a1(3,GDPG)=0'

 parameter: A12, density:NORMAL, hyperparameters: [0.5 0.5],convergence 0
 parameter: A21, density:NORMAL, hyperparameters: [0.5 0.5],convergence 0
 parameter: B12, density:GAMMA, hyperparameters: [4 0.125],convergence 0
 parameter: C12, density:GAMMA, hyperparameters: [4 0.125],convergence 0
 parameter: B21, density:GAMMA, hyperparameters: [4 0.125],convergence 0
 parameter: C21, density:GAMMA, hyperparameters: [4 0.125],convergence 0
                                                        First-order 
 Iteration  Func-count       f(x)        Step-size       optimality
     0          27          11377.2                      1.87e+04
     1          54          2826.86    5.33412e-05       1.85e+03  
     2          81          2463.25              1       1.35e+03  
     3         108          1898.85              1            469  
     4         135           1772.4              1            235  
     5         162             1731              1            143  
     6         189          1720.96              1            161  
     7         216          1714.31              1            164  
     8         243          1703.98              1            152  
     9         270          1690.33              1            114  
    10         297           1676.2              1           98.2  
    11         324          1666.69              1            130  
    12         351          1662.91              1            119  
    13         378          1657.04              1           75.2  
    14         405          1650.19              1           68.6  
    15         432          1646.23              1           68.8  
    16         459          1644.14              1           73.5  
    17         486          1641.15              1           72.8  
    18         513          1634.34              1           94.6  
    19         540          1623.96              1            103  
                                                        First-order 
 Iteration  Func-count       f(x)        Step-size       optimality
    20         567          1614.88              1           82.2  
    21         594          1609.72              1           66.7  
    22         621          1607.03              1           60.3  
    23         648          1605.49              1           55.3  
    24         675          1601.37              1           74.5  
    25         702          1594.36              1           81.4  
    26         729          1586.07              1           90.4  
    27         756          1580.79              1           82.3  
    28         783          1578.65              1             60  
    29         810          1577.13              1           56.5  
    30         837          1573.81              1           68.7  
    31         864          1568.37              1           67.6  
    32         891          1561.31              1           41.1  
    33         918          1557.64              1           38.3  
    34         945          1556.57              1           27.4  
    35         972          1556.11              1           25.4  
    36         999          1555.84              1           25.5  
    37        1026          1555.02              1           21.5  
    38        1053          1553.81              1           18.8  
    39        1080          1552.44              1           23.9  
                                                        First-order 
 Iteration  Func-count       f(x)        Step-size       optimality
    40        1107          1551.83              1             21  
    41        1134          1551.66              1           23.4  
    42        1161          1551.49              1           22.9  
    43        1188          1551.17              1           18.9  
    44        1215          1550.71              1           13.9  
    45        1242          1550.32              1           12.9  
    46        1269          1550.15              1           11.5  
    47        1296           1550.1              1           10.8  
    48        1323          1550.05              1           10.3  
    49        1350          1549.92              1           9.47  
    50        1377          1549.64              1           12.6  
    51        1404          1549.15              1           17.1  
    52        1431          1548.59              1           15.9  
    53        1458          1548.27              1           20.7  
    54        1485          1548.12              1           21.4  
    55        1512          1547.97              1           20.7  
    56        1539          1547.63              1           18.5  
    57        1566          1546.92              1           20.1  
    58        1593           1545.7              1           25.5  
    59        1620           1544.4              1           21.1  
                                                        First-order 
 Iteration  Func-count       f(x)        Step-size       optimality
    60        1647          1543.79              1           9.18  
    61        1674          1543.65              1           7.85  
    62        1701          1543.63              1           7.67  
    63        1728           1543.6              1           7.34  
    64        1755          1543.53              1           6.12  
    65        1782          1543.37              1           6.24  
    66        1809          1543.12              1           6.56  
    67        1836           1542.9              1           7.45  
    68        1863          1542.79              1           9.53  
    69        1890          1542.75              1           9.29  
    70        1917          1542.73              1           8.83  
    71        1944          1542.66              1           7.76  
    72        1971          1542.51              1           6.88  
    73        1998          1542.07              1           8.08  
    74        2025          1541.41              1           14.9  
    75        2052          1540.82              1           10.7  
    76        2079           1540.2              1           10.5  
    77        2106          1539.94              1           10.6  
    78        2133          1539.86              1           11.2  
    79        2160          1539.74              1           12.2  
                                                        First-order 
 Iteration  Func-count       f(x)        Step-size       optimality
    80        2187          1539.48              1           14.1  
    81        2214          1538.82              1           25.4  
    82        2241          1537.35              1           42.2  
    83        2268          1535.06              1             64  
    84        2295          1532.71              1           69.4  
    85        2322          1530.19              1           30.6  
    86        2349          1529.83              1           23.1  
    87        2376          1529.73              1           21.4  
    88        2403          1529.53              1           21.3  
    89        2430          1527.97              1           21.9  
    90        2457          1525.96              1           44.1  
    91        2484          1523.27              1           55.1  
    92        2511          1522.07              1           26.6  
    93        2538          1521.78              1           19.4  
    94        2565           1521.7              1           19.5  
    95        2592          1521.61              1           18.4  
    96        2619          1521.45              1           15.9  
    97        2646          1521.14              1           9.46  
    98        2673          1520.78              1           7.73  
    99        2700          1520.57              1           7.98  
                                                        First-order 
 Iteration  Func-count       f(x)        Step-size       optimality
   100        2727          1520.51              1           8.85  
   101        2754          1520.49              1           8.63  
   102        2781          1520.44              1           7.88  
   103        2808          1520.33              1           7.87  
   104        2835          1520.11              1           10.5  
   105        2862           1519.8              1           10.4  
   106        2889          1519.58              1           6.73  
   107        2916          1519.51              1           5.89  
   108        2943           1519.5              1           5.31  
   109        2970          1519.48              1           4.66  
   110        2997          1519.43              1           5.16  
   111        3024          1519.31              1           8.25  
   112        3051          1519.05              1           12.7  
   113        3078          1518.59              1           14.8  
   114        3105          1518.08              1           12.1  
   115        3132          1517.82              1           4.64  
   116        3159          1517.77              1           3.95  
   117        3186          1517.77              1           3.88  
   118        3213          1517.76              1           3.78  
   119        3240          1517.75              1           3.51  
                                                        First-order 
 Iteration  Func-count       f(x)        Step-size       optimality
   120        3267          1517.71              1            3.1  
   121        3294          1517.62              1           3.71  
   122        3321          1517.42              1           5.63  
   123        3348          1517.05              1           7.18  
   124        3375          1516.54              1            6.8  
   125        3402          1516.13              1           3.67  
   126        3429          1516.03              1            1.6  
   127        3456          1516.03              1           1.52  
   128        3483          1516.03              1           1.47  
   129        3510          1516.03              1           1.43  
   130        3537          1516.03              1           1.36  
   131        3564          1516.02              1           1.23  
   132        3591          1516.01              1           1.37  
   133        3618          1515.99              1           2.12  
   134        3645          1515.95              1           2.63  
   135        3672           1515.9              1           2.23  
   136        3699          1515.88              1           1.81  
   137        3726          1515.88              1           1.87  
   138        3753          1515.88              1           1.83  
   139        3780          1515.88              1           1.78  
                                                        First-order 
 Iteration  Func-count       f(x)        Step-size       optimality
   140        3807          1515.87              1           1.69  
   141        3834          1515.87              1           1.53  
   142        3861          1515.86              1           1.23  
   143        3888          1515.83              1           1.68  
   144        3915           1515.8              1           1.92  
   145        3942          1515.77              1           1.46  
   146        3969          1515.76              1          0.653  
   147        3996          1515.76              1          0.161  
   148        4023          1515.76              1          0.148  
   149        4050          1515.76              1          0.148  
   150        4077          1515.76              1          0.148  
   151        4104          1515.76              1          0.148  
   152        4131          1515.76              1          0.147  
   153        4158          1515.76              1          0.146  
   154        4185          1515.76              1          0.143  
   155        4212          1515.76              1          0.232  
   156        4239          1515.76              1          0.356  
   157        4266          1515.76              1          0.458  
   158        4293          1515.76              1          0.411  
   159        4320          1515.76              1          0.202  
                                                        First-order 
 Iteration  Func-count       f(x)        Step-size       optimality
   160        4347          1515.76              1          0.117  
   161        4374          1515.76              1          0.109  
   162        4401          1515.76              1          0.107  
   163        4428          1515.76              1          0.103  
   164        4455          1515.76              1         0.0965  
   165        4482          1515.76              1          0.086  
   166        4509          1515.76              1         0.0657  
   167        4536          1515.76              1         0.0744  
   168        4563          1515.76              1         0.0833  
   169        4590          1515.75              1         0.0558  
   170        4617          1515.75              1         0.0183  
   171        4644          1515.75              1         0.0092  
   172        4671          1515.75              1        0.00938  
   173        4698          1515.75              1        0.00939  
   174        4725          1515.75              1        0.00941  
   175        4752          1515.75              1        0.00936  
   176        4806          1515.75             10        0.00924  
   177        4833          1515.75              1        0.00904  
   178        4860          1515.75              1         0.0112  
   179        4887          1515.75              1         0.0106  
                                                        First-order 
 Iteration  Func-count       f(x)        Step-size       optimality
   180        4914          1515.75              1         0.0111  
   181        4941          1515.75              1        0.00826  
   182        4968          1515.75              1         0.0041  
   183        4995          1515.75              1        0.00125  
   184        5022          1515.75              1       0.000488  
   185        5049          1515.75              1        0.00029  
   186        5076          1515.75              1       0.000244  

Local minimum found.

Optimization completed because the size of the gradient is less than
the selected value of the optimality tolerance.




Computing finite-difference Hessian using objective function.
First order optimality conditions satisfied.
Current draw: 1000 of 5000
Current draw: 2000 of 5000
Current draw: 3000 of 5000
Current draw: 4000 of 5000
Current draw: 5000 of 5000
Elapsed time is 643.485205 seconds.
Ran Forecast Type 2for Model 101 and Horizon 12
Performing iteration ending on 2003M3 of model 102
Warning: This should be expanded with the country names in case of panel
> In abstvar/abstvar/check_inputs
  In abstvar
  In svar
  In scriptEstimateMode_FULL (line 96)
  In run (line 86)
  In msreg_2reg_endoprob_SVAR_FULL_OOS (line 231)
  In OOS_slurm_IF (line 4)
    'c(3,1,sync,1)>=c(3,1,sync,2)'
    'a0(1,GDPG)=0'
    'a0(1,MF)=0'
    'a0(2,GDPG)=0'
    'a1(3,GDPG)=0'
    's(3,3,sync,1)<=s(3,3,sync,2)'

 parameter: A12, density:NORMAL, hyperparameters: [0.5 0.5],convergence 0
 parameter: A21, density:NORMAL, hyperparameters: [0.5 0.5],convergence 0
 parameter: B12, density:GAMMA, hyperparameters: [4 0.125],convergence 0
 parameter: C12, density:GAMMA, hyperparameters: [4 0.125],convergence 0
 parameter: B21, density:GAMMA, hyperparameters: [4 0.125],convergence 0
 parameter: C21, density:GAMMA, hyperparameters: [4 0.125],convergence 0
                                                        First-order 
 Iteration  Func-count       f(x)        Step-size       optimality
     0          30          11377.2                      1.09e+04
     1          60          2842.56    9.21216e-05       2.01e+03  
     2          90          2281.39              1        1.4e+03  
     3         120          1945.03              1            575  
     4         150          1694.46              1            214  
     5         180          1631.15              1           90.7  
     6         210          1609.59              1           98.1  
     7         240          1601.31              1           98.4  
     8         270          1592.36              1            109  
     9         300           1577.8              1            138  
    10         330          1558.25              1            136  
    11         360          1540.28              1            167  
    12         390          1528.31              1            139  
    13         420          1520.38              1           90.7  
    14         450          1512.77              1           97.1  
    15         480          1507.25              1             83  
    16         510          1503.04              1           85.7  
    17         540          1498.38              1           80.6  
    18         570          1489.83              1            180  
    19         600          1480.25              1            222  
                                                        First-order 
 Iteration  Func-count       f(x)        Step-size       optimality
    20         630          1474.98              1            129  
    21         660          1471.73              1           64.5  
    22         690          1469.37              1           92.9  
    23         720          1466.49              1            171  
    24         750          1463.71              1            118  
    25         780          1461.43              1           59.6  
    26         810          1459.68              1             82  
    27         840          1456.22              1            188  
    28         870          1451.16              1            242  
    29         900          1446.74              1            162  
    30         930          1445.01              1           36.5  
    31         960          1444.42              1           27.2  
    32         990          1443.55              1           85.7  
    33        1020          1441.93              1            144  
    34        1050          1439.73              1            159  
    35        1080          1438.09              1            101  
    36        1110          1437.47              1           28.5  
    37        1140          1437.27              1           16.8  
    38        1170          1437.08              1             34  
    39        1200          1436.72              1           59.1  
                                                        First-order 
 Iteration  Func-count       f(x)        Step-size       optimality
    40        1230          1436.17              1           69.1  
    41        1260          1435.64              1           48.2  
    42        1290          1435.35              1           22.6  
    43        1320          1435.18              1           22.9  
    44        1350          1434.95              1           36.4  
    45        1380          1434.51              1           61.1  
    46        1410          1433.88              1           69.8  
    47        1470          1433.63       0.336961           62.1  
    48        1560          1433.44           0.19           52.3  
    49        1650          1433.26           0.19           41.3  
    50        2100          1433.26    0.000284037           44.3  
    51        2310          1433.26          1e-06            999  
    52        2400          1432.88      0.0420126          1e+03  
    53        2460          1432.86       0.263282             35  
    54        2490          1432.73              1           23.3  
    55        2520          1432.35              1           9.79  
    56        2550          1431.85              1           25.8  
    57        2580          1431.12              1           38.6  
    58        2610          1430.67              1           25.9  
    59        2640          1430.48              1           10.4  
                                                        First-order 
 Iteration  Func-count       f(x)        Step-size       optimality
    60        2670          1430.37              1           9.58  
    61        2700          1430.18              1           19.2  
    62        2730          1429.88              1           28.4  
    63        2760          1429.58              1             24  
    64        2790          1429.45              1           9.48  
    65        2820          1429.42              1           4.52  
    66        2850          1429.41              1           4.35  
    67        2880          1429.38              1           7.62  
    68        2910          1429.32              1           12.2  
    69        2940          1429.23              1           13.6  
    70        2970          1429.16              1           8.69  
    71        3000          1429.14              1           2.67  
    72        3030          1429.13              1           2.65  
    73        3060          1429.12              1           2.92  
    74        3090           1429.1              1           5.98  
    75        3120          1429.06              1           9.53  
    76        3150          1428.98              1           11.9  
    77        3180           1428.9              1            9.7  
    78        3210          1428.85              1           4.64  
    79        3240          1428.84              1           4.48  
                                                        First-order 
 Iteration  Func-count       f(x)        Step-size       optimality
    80        3270          1428.83              1           4.09  
    81        3300          1428.81              1           3.64  
    82        3330          1428.78              1           5.65  
    83        3360          1428.74              1           6.32  
    84        3390           1428.7              1           4.14  
    85        3420          1428.69              1           2.28  
    86        3450          1428.68              1           2.23  
    87        3480          1428.68              1           2.21  
    88        3510          1428.68              1           2.17  
    89        3540          1428.66              1           3.03  
    90        3570          1428.63              1           4.64  
    91        3600          1428.58              1           5.58  
    92        3630          1428.53              1           4.38  
    93        3660           1428.5              1           2.93  
    94        3690          1428.49              1           2.91  
    95        3720          1428.48              1           2.94  
    96        3750          1428.46              1           2.88  
    97        3780          1428.43              1           3.98  
    98        3810          1428.37              1           5.17  
    99        3840           1428.3              1           4.51  
                                                        First-order 
 Iteration  Func-count       f(x)        Step-size       optimality
   100        3870          1428.26              1           3.02  
   101        3900          1428.25              1           2.55  
   102        3930          1428.24              1           2.35  
   103        3960          1428.24              1           2.33  
   104        3990          1428.23              1           2.31  
   105        4020          1428.21              1            2.3  
   106        4050          1428.19              1           2.33  
   107        4080          1428.18              1           2.38  
   108        4110          1428.18              1            2.4  
   109        4140          1428.18              1           2.41  
   110        4170          1428.18              1           2.42  
   111        4200          1428.17              1           2.45  
   112        4230          1428.16              1           2.47  
   113        4260          1428.15              1           2.47  
   114        4290          1428.15              1           2.46  
   115        4320          1428.15              1           2.44  
   116        4350          1428.14              1           2.43  
   117        4380          1428.14              1           2.41  
   118        4410          1428.14              1           2.38  
   119        4440          1428.13              1           2.34  
                                                        First-order 
 Iteration  Func-count       f(x)        Step-size       optimality
   120        4470          1428.12              1            2.3  
   121        4500          1428.12              1            2.3  
   122        4530          1428.12              1           2.32  
   123        4560          1428.11              1           2.33  
   124        4590          1428.11              1           2.34  
   125        4620          1428.11              1           2.37  
   126        4650          1428.11              1           2.39  
   127        4680          1428.11              1           2.39  
   128        4710          1428.11              1           2.37  
   129        4740          1428.11              1           2.37  
   130        4770          1428.11              1           2.36  
   131        4800          1428.11              1           2.36  
   132        4830          1428.11              1           2.35  
   133        4860           1428.1              1           2.35  
   134        4890           1428.1              1           2.35  
   135        4920           1428.1              1           2.37  
   136        4950           1428.1              1            2.4  
   137        4980           1428.1              1           2.41  
   138        5010           1428.1              1           2.42  
   139        5040           1428.1              1           2.42  
                                                        First-order 
 Iteration  Func-count       f(x)        Step-size       optimality
   140        5070           1428.1              1           2.42  
   141        5100          1428.09              1           2.41  
   142        5130          1428.09              1           2.38  
   143        5160          1428.09              1           2.35  
   144        5190          1428.09              1           2.34  
   145        5220          1428.09              1           2.33  
   146        5250          1428.09              1           2.33  
   147        5280          1428.09              1           2.34  
   148        5310          1428.09              1           2.34  
   149        5340          1428.09              1           2.33  
   150        5370          1428.09              1           2.33  
   151        5400          1428.09              1           2.32  
   152        5430          1428.09              1           2.32  
   153        5460          1428.09              1           2.32  
   154        5490          1428.09              1           2.32  
   155        5520          1428.09              1           2.32  
   156        5550          1428.09              1           2.32  
   157        5580          1428.09              1           2.32  
   158        5610          1428.09              1           2.33  
   159        5640          1428.09              1           2.34  
                                                        First-order 
 Iteration  Func-count       f(x)        Step-size       optimality
   160        5670          1428.09              1           2.35  
   161        5700          1428.09              1           2.35  
   162        5730          1428.09              1           2.35  
   163        5760          1428.09              1           2.35  
   164        5790          1428.09              1           2.35  
   165        5820          1428.09              1           2.35  
   166        5850          1428.09              1           2.35  
   167        5880          1428.09              1           2.35  
   168        5910          1428.09              1           2.35  
   169        5940          1428.09              1           2.35  
   170        5970          1428.09              1           2.35  
   171        6000          1428.09              1           2.36  
   172        6030          1428.09              1           2.36  
   173        6060          1428.09              1           2.36  
   174        6090          1428.09              1           2.36  
   175        6120          1428.09              1           2.36  
   176        6180          1428.09             10           2.36  
   177        6240          1428.09        4.74999           2.36  
   178        6270          1428.09              1           2.37  
   179        6300          1428.09              1           2.37  
                                                        First-order 
 Iteration  Func-count       f(x)        Step-size       optimality
   180        6660          1428.09       0.236132           2.37  
   181        7890          1428.09    6.06185e-05            997  

Local minimum possible.

fminunc stopped because it cannot decrease the objective function
along the current search direction.




Computing finite-difference Hessian using objective function.
Predicted change in objective function too small.
Current draw: 1000 of 5000
Current draw: 2000 of 5000
Current draw: 3000 of 5000
srun: error: unpackmem: Buffer to be unpacked is too large (1818745126 > 1073741824)
srun: error: unpack error in io_init_msg_unpack
srun: error: Invalid IO init header version
srun: error: unpackmem: Buffer to be unpacked is too large (3403657579 > 1073741824)
srun: error: unpack error in io_init_msg_unpack
srun: error: Invalid IO init header version
srun: error: io_init_msg_read too small
srun: error: failed reading io init message
srun: error: unpackmem: Buffer to be unpacked is too large (3731661582 > 1073741824)
srun: error: unpack error in io_init_msg_unpack
srun: error: Invalid IO init header version
srun: error: unpackmem: Buffer to be unpacked is too large (3598023868 > 1073741824)
srun: error: unpack error in io_init_msg_unpack
srun: error: Invalid IO init header version
srun: error: unpack error in io_init_msg_unpack
srun: error: Invalid IO init header version
srun: error: unpack error in io_init_msg_unpack
srun: error: Invalid IO init header version
srun: error: unpack error in io_init_msg_unpack
srun: error: Invalid IO init header version
srun: error: unpack error in io_init_msg_unpack
srun: error: Invalid IO init header version
srun: error: io_init_msg_read too small
srun: error: failed reading io init message
Current draw: 4000 of 5000
Current draw: 5000 of 5000
Elapsed time is 792.165997 seconds.
Ran Forecast Type 2for Model 102 and Horizon 12
Performing iteration ending on 2003M3 of model 103
Warning: This should be expanded with the country names in case of panel
> In abstvar/abstvar/check_inputs
  In abstvar
  In svar
  In scriptEstimateMode_FULL (line 96)
  In run (line 86)
  In msreg_2reg_endoprob_SVAR_FULL_OOS (line 231)
  In OOS_slurm_IF (line 4)
    'c(3,1,sync,1)>=c(3,1,sync,2)'
    'a0(1,GDPG,sync,1)=0'
    'a0(2,GDPG,sync,1)=0'
    'a0(1,MF,sync,1)=0'
    'a0(1,GDPG,sync,2)=0'
    'a0(2,GDPG,sync,2)=0'
    'a0(1,MF,sync,2)=0'
    'a1(3,GDPG)=0'

 parameter: A12, density:NORMAL, hyperparameters: [0.5 0.5],convergence 0
 parameter: A21, density:NORMAL, hyperparameters: [0.5 0.5],convergence 0
 parameter: B12, density:GAMMA, hyperparameters: [4 0.125],convergence 0
 parameter: C12, density:GAMMA, hyperparameters: [4 0.125],convergence 0
 parameter: B21, density:GAMMA, hyperparameters: [4 0.125],convergence 0
 parameter: C21, density:GAMMA, hyperparameters: [4 0.125],convergence 0
                                                        First-order 
 Iteration  Func-count       f(x)        Step-size       optimality
     0          30          11377.2                      1.87e+04
     1          60          2866.95    5.33412e-05       1.93e+03  
     2          90          2489.06              1        1.4e+03  
     3         120          1912.21              1            488  
     4         150          1781.63              1            237  
     5         180          1739.79              1            140  
     6         210          1730.52              1            158  
     7         240          1724.84              1            161  
     8         270          1715.11              1            150  
     9         300          1701.36              1            109  
    10         330          1686.76              1            104  
    11         360          1676.12              1             89  
    12         390          1673.63              1             86  
    13         420          1671.28              1           70.3  
    14         450          1664.73              1           50.9  
    15         480          1660.01              1           49.7  
    16         510          1656.73              1           73.9  
    17         540           1654.8              1           77.7  
    18         570          1651.42              1           72.3  
    19         600          1644.96              1           77.7  
                                                        First-order 
 Iteration  Func-count       f(x)        Step-size       optimality
    20         630          1636.84              1           76.4  
    21         660          1631.64              1           57.2  
    22         690          1628.97              1           55.2  
    23         720          1627.45              1           50.9  
    24         750          1625.68              1           46.7  
    25         780           1621.3              1           68.4  
    26         810          1614.29              1           71.6  
    27         840          1606.72              1           86.9  
    28         870          1602.11              1           72.7  
    29         900           1600.5              1           55.9  
    30         930          1598.89              1           60.6  
    31         960          1595.67              1           70.1  
    32         990          1590.58              1           62.8  
    33        1020          1584.81              1           36.7  
    34        1050          1582.41              1           35.5  
    35        1080          1581.73              1           34.9  
    36        1110          1581.18              1             34  
    37        1140          1580.52              1             36  
    38        1170          1578.72              1           36.6  
    39        1200           1575.7              1           38.9  
                                                        First-order 
 Iteration  Func-count       f(x)        Step-size       optimality
    40        1230          1571.87              1           49.8  
    41        1260          1569.58              1           40.4  
    42        1290          1568.88              1           44.2  
    43        1320          1568.28              1           43.1  
    44        1350          1566.95              1           38.5  
    45        1380          1565.31              1           24.7  
    46        1410          1564.06              1           18.3  
    47        1440          1563.59              1           16.1  
    48        1470          1563.46              1           15.6  
    49        1500          1563.34              1           14.5  
    50        1530          1563.04              1           14.7  
    51        1560          1562.43              1           18.5  
    52        1590          1561.39              1           23.3  
    53        1620          1560.39              1           22.7  
    54        1650           1559.9              1           26.5  
    55        1680          1559.65              1           26.3  
    56        1710          1559.34              1           24.5  
    57        1740          1558.66              1           20.1  
    58        1770          1557.18              1           30.6  
    59        1800          1554.53              1           38.5  
                                                        First-order 
 Iteration  Func-count       f(x)        Step-size       optimality
    60        1830          1551.35              1           33.8  
    61        1860          1549.48              1           33.6  
    62        1890          1548.93              1           33.8  
    63        1920          1548.67              1           30.9  
    64        1950          1548.29              1           26.5  
    65        1980          1547.33              1             20  
    66        2010          1545.39              1           27.6  
    67        2040          1542.48              1             29  
    68        2070          1540.31              1           22.3  
srun: error: slurm_receive_msg: Transport endpoint is not connected
srun: error: slurm_receive_msg[10.26.24.30]: Transport endpoint is not connected
srun: error: invalid type trying to be freed 65534
    69        2100          1539.55              1           19.8  
    70        2130          1539.35              1           17.7  
    71        2160          1539.23              1             16  
    72        2190          1538.88              1           14.1  
srun: error: slurm_receive_msg: Transport endpoint is not connected
srun: error: slurm_receive_msg[10.26.24.30]: Transport endpoint is not connected
srun: error: invalid type trying to be freed 65534
    73        2220          1538.14              1             18  
    74        2250          1536.68              1           20.3  
    75        2280          1534.88              1           15.6  
    76        2310          1533.72              1           9.67  
    77        2340           1533.4              1           7.27  
srun: error: slurm_receive_msg: Transport endpoint is not connected
srun: error: slurm_receive_msg[10.26.24.30]: Transport endpoint is not connected
srun: error: invalid type trying to be freed 65534
    78        2370          1533.35              1           7.11  
    79        2400          1533.33              1           7.01  
                                                        First-order 
 Iteration  Func-count       f(x)        Step-size       optimality
    80        2430          1533.23              1           6.79  
    81        2460          1533.01              1           6.69  
    82        2490           1532.5              1           10.2  
srun: error: slurm_receive_msg: Transport endpoint is not connected
srun: error: slurm_receive_msg[10.26.24.30]: Transport endpoint is not connected
srun: error: invalid type trying to be freed 65534
srun: error: slurm_receive_msg: Transport endpoint is not connected
srun: error: slurm_receive_msg[10.26.24.30]: Transport endpoint is not connected
srun: error: invalid type trying to be freed 65534
    83        2520          1531.63              1           14.5  
    84        2550          1530.64              1           21.9  
    85        2580          1530.05              1           25.2  
    86        2610          1529.79              1           23.4  
srun: error: slurm_receive_msg: Transport endpoint is not connected
srun: error: slurm_receive_msg[10.26.24.30]: Transport endpoint is not connected
srun: error: invalid type trying to be freed 65534
srun: error: slurm_receive_msg: Transport endpoint is not connected
srun: error: slurm_receive_msg[10.26.24.30]: Transport endpoint is not connected
srun: error: invalid type trying to be freed 65534
    87        2640          1529.68              1             21  
    88        2670          1529.46              1           17.3  
    89        2700          1529.03              1           10.6  
    90        2730          1528.44              1           11.2  
srun: error: slurm_receive_msg: Transport endpoint is not connected
srun: error: slurm_receive_msg[10.26.24.30]: Transport endpoint is not connected
srun: error: invalid type trying to be freed 65534
srun: error: slurm_receive_msg: Transport endpoint is not connected
srun: error: slurm_receive_msg[10.26.24.30]: Transport endpoint is not connected
srun: error: invalid type trying to be freed 65534
    91        2760          1528.01              1           14.7  
    92        2790          1527.86              1           15.4  
    93        2820          1527.82              1           14.3  
    94        2850          1527.76              1           13.1  
srun: error: slurm_receive_msg: Transport endpoint is not connected
srun: error: slurm_receive_msg[10.26.24.30]: Transport endpoint is not connected
srun: error: invalid type trying to be freed 65534
srun: error: slurm_receive_msg: Transport endpoint is not connected
srun: error: slurm_receive_msg[10.26.24.30]: Transport endpoint is not connected
srun: error: invalid type trying to be freed 65534
    95        2880          1527.56              1           9.76  
    96        2910          1527.22              1             11  
    97        2940          1526.76              1           11.4  
    98        2970          1526.49              1           6.62  
    99        3000          1526.41              1           8.03  
                                                        First-order 
 Iteration  Func-count       f(x)        Step-size       optimality
   100        3030          1526.39              1           7.22  
srun: error: slurm_receive_msg: Transport endpoint is not connected
srun: error: slurm_receive_msg[10.26.24.30]: Transport endpoint is not connected
srun: error: invalid type trying to be freed 65534
srun: error: slurm_receive_msg: Transport endpoint is not connected
srun: error: slurm_receive_msg[10.26.24.30]: Transport endpoint is not connected
srun: error: invalid type trying to be freed 65534
   101        3060          1526.37              1           6.41  
   102        3090          1526.33              1            6.2  
   103        3120          1526.22              1           6.78  
   104        3150          1526.04              1           5.75  
srun: error: slurm_receive_msg: Insane message length
srun: error: slurm_receive_msg[10.26.24.30]: Insane message length
srun: error: invalid type trying to be freed 65534
srun: error: slurm_receive_msg: Transport endpoint is not connected
srun: error: slurm_receive_msg[10.26.24.30]: Transport endpoint is not connected
srun: error: invalid type trying to be freed 65534
   105        3180          1525.89              1           5.02  
   106        3210          1525.83              1            3.8  
   107        3240          1525.81              1            2.8  
   108        3270           1525.8              1           2.87  
   109        3300          1525.79              1           2.97  
srun: error: slurm_receive_msg: Transport endpoint is not connected
srun: error: slurm_receive_msg[10.26.24.30]: Transport endpoint is not connected
srun: error: invalid type trying to be freed 65534
   110        3330          1525.77              1           3.15  
   111        3360          1525.71              1           3.45  
   112        3390          1525.59              1           6.65  
   113        3420          1525.43              1           7.74  
   114        3450          1524.73              1           25.3  
   115        3480          1524.47              1           15.3  
srun: error: slurm_receive_msg: Transport endpoint is not connected
srun: error: slurm_receive_msg[10.26.24.30]: Transport endpoint is not connected
srun: error: invalid type trying to be freed 65534
   116        3510          1524.42              1           4.63  
srun: error: slurm_receive_msg: Insane message length
srun: error: slurm_receive_msg[10.26.24.30]: Insane message length
srun: error: invalid type trying to be freed 65534
   117        3540          1524.41              1           4.79  
   118        3570           1524.4              1           4.67  
   119        3600          1524.29              1             11  
                                                        First-order 
 Iteration  Func-count       f(x)        Step-size       optimality
   120        3630          1524.09              1           19.3  
   121        3660           1523.7              1           27.4  
srun: error: slurm_receive_msg: Insane message length
srun: error: slurm_receive_msg[10.26.24.30]: Insane message length
srun: error: invalid type trying to be freed 65534
   122        3690          1523.25              1           26.9  
   123        3720          1523.02              1            9.8  
   124        3750          1522.97              1           3.76  
   125        3780          1522.96              1           4.17  
   126        3810          1522.95              1           3.77  
   127        3840          1522.91              1           4.11  
srun: error: slurm_receive_msg: Insane message length
srun: error: slurm_receive_msg[10.26.24.30]: Insane message length
srun: error: invalid type trying to be freed 65534
   128        3870          1522.81              1           6.13  
   129        3900           1522.6              1           7.95  
   130        3930          1522.31              1           8.49  
   131        3960          1522.07              1           6.06  
   132        3990          1522.01              1           1.84  
   133        4020             1522              1           1.89  
   134        4050             1522              1           1.87  
   135        4080          1521.99              1           1.84  
   136        4110          1521.99              1           1.78  
   137        4140          1521.98              1           3.55  
   138        4170          1521.96              1           6.18  
   139        4200          1521.92              1           9.11  
                                                        First-order 
 Iteration  Func-count       f(x)        Step-size       optimality
   140        4230          1521.86              1             10  
   141        4260          1521.81              1           6.52  
   142        4290          1521.79              1           1.73  
   143        4320          1521.79              1           1.48  
   144        4350          1521.79              1           1.47  
   145        4380          1521.79              1           1.43  
   146        4410          1521.78              1           1.93  
   147        4440          1521.78              1           3.35  
   148        4470          1521.75              1           5.33  
   149        4500          1521.71              1           7.37  
   150        4530          1521.63              1           7.85  
   151        4560          1521.57              1           5.03  
   152        4590          1521.54              1           1.27  
   153        4620          1521.54              1          0.582  
   154        4650          1521.54              1          0.589  
   155        4680          1521.54              1          0.592  
   156        4710          1521.54              1          0.597  
   157        4740          1521.54              1          0.601  
   158        4770          1521.54              1          0.603  
   159        4800          1521.53              1          0.779  
                                                        First-order 
 Iteration  Func-count       f(x)        Step-size       optimality
   160        4830          1521.53              1           1.19  
   161        4860          1521.51              1           1.55  
   162        4920          1516.95            0.9           28.7  
   163        5040          1516.95      0.0016926           29.5  
   164        5070          1516.58              1           27.8  
   165        5100          1515.33              1           17.1  
   166        5130          1514.98              1           7.08  
   167        5160          1514.73              1           4.92  
   168        5190          1514.41              1           5.02  
   169        5220          1513.99              1           4.74  
srun: error: unpackmem: Buffer to be unpacked is too large (1951163745 > 1073741824)
srun: error: unpack error in io_init_msg_unpack
srun: error: Invalid IO init header version
srun: error: io_init_msg_read too small
srun: error: failed reading io init message
srun: error: unpackmem: Buffer to be unpacked is too large (1935765607 > 1073741824)
srun: error: unpack error in io_init_msg_unpack
srun: error: Invalid IO init header version
   170        5250          1513.84              1           3.72  
   171        5280          1513.79              1           3.15  
   172        5310          1513.78              1           3.04  
   173        5340          1513.78              1           2.88  
   174        5370          1513.77              1           3.04  
   175        5400          1513.75              1           3.24  
   176        5430           1513.7              1           4.36  
   177        5460          1513.59              1           7.54  
   178        5490          1513.34              1           11.6  
   179        5520          1512.96              1           12.8  
                                                        First-order 
 Iteration  Func-count       f(x)        Step-size       optimality
   180        5550          1512.65              1           8.82  
   181        5580          1512.54              1           3.18  
   182        5610          1512.52              1            2.9  
srun: error: slurm_receive_msg: Insane message length
srun: error: slurm_receive_msg[10.26.24.30]: Insane message length
srun: error: invalid type trying to be freed 65534
   183        5640          1512.51              1           2.77  
   184        5670          1512.51              1           2.72  
srun: error: slurm_receive_msg: Insane message length
srun: error: slurm_receive_msg[10.26.24.30]: Insane message length
srun: error: invalid type trying to be freed 65534
   185        5700           1512.5              1            2.5  
   186        5730          1512.47              1           2.26  
srun: error: io_init_msg_read too small
srun: error: failed reading io init message
   187        5760          1512.42              1           2.17  
   188        5790           1512.3              1           2.96  
   189        5820          1512.15              1           2.89  
   190        5850          1512.04              1           1.55  
   191        5880          1512.01              1          0.792  
srun: error: unpack error in io_init_msg_unpack
srun: error: Invalid IO init header version
   192        5910          1512.01              1          0.765  
   193        5940          1512.01              1          0.768  
   194        5970          1512.01              1          0.772  
   195        6000          1512.01              1          0.777  
   196        6030          1512.01              1          0.784  
   197        6060             1512              1           1.04  
   198        6090          1511.99              1           1.85  
   199        6120          1511.96              1           2.87  
                                                        First-order 
 Iteration  Func-count       f(x)        Step-size       optimality
   200        6150           1511.9              1           3.55  
   201        6180          1511.84              1           2.93  
   202        6210          1511.82              1           1.23  
srun: error: unpackmem_xmalloc: Buffer to be unpacked is too large (1684369920 > 1073741824)
srun: error: unpacking header
srun: error: destroy_forward: no init
srun: error: slurm_receive_msg: Message receive failure
srun: error: slurm_receive_msg[10.26.24.30]: Message receive failure
srun: error: invalid type trying to be freed 65534
   203        6240          1511.81              1          0.211  
srun: error: slurm_receive_msg: Insane message length
srun: error: slurm_receive_msg[10.26.24.30]: Insane message length
srun: error: invalid type trying to be freed 65534
   204        6270          1511.81              1         0.0504  
srun: error: unpackmem_xmalloc: Buffer to be unpacked is too large (1885828912 > 1073741824)
srun: error: unpacking header
srun: error: destroy_forward: no init
srun: error: slurm_receive_msg: Message receive failure
srun: error: slurm_receive_msg[10.26.24.30]: Message receive failure
srun: error: invalid type trying to be freed 65534
   205        6300          1511.81              1         0.0514  
srun: error: unpackmem_xmalloc: Buffer to be unpacked is too large (1684369920 > 1073741824)
srun: error: unpacking header
srun: error: destroy_forward: no init
srun: error: slurm_receive_msg: Message receive failure
srun: error: slurm_receive_msg[10.26.24.30]: Message receive failure
srun: error: invalid type trying to be freed 65534
   206        6330          1511.81              1         0.0514  
srun: error: slurm_receive_msg: Insane message length
srun: error: slurm_receive_msg[10.26.24.30]: Insane message length
srun: error: invalid type trying to be freed 65534
   207        6360          1511.81              1         0.0514  
srun: error: unpackmem_xmalloc: Buffer to be unpacked is too large (1885828912 > 1073741824)
srun: error: unpacking header
srun: error: destroy_forward: no init
srun: error: slurm_receive_msg: Message receive failure
srun: error: slurm_receive_msg[10.26.24.30]: Message receive failure
srun: error: invalid type trying to be freed 65534
   208        6390          1511.81              1         0.0514  
   209        6420          1511.81              1          0.051  
   210        6450          1511.81              1           0.05  
   211        6480          1511.81              1         0.0585  
   212        6510          1511.81              1          0.093  
   213        6540          1511.81              1          0.127  
   214        6570          1511.81              1           0.12  
   215        6600          1511.81              1         0.0622  
   216        6630          1511.81              1         0.0133  
   217        6660          1511.81              1       0.000687  
   218        6690          1511.81              1       0.000519  
   219        6750          1511.81       0.271808       0.000534  
                                                        First-order 
 Iteration  Func-count       f(x)        Step-size       optimality
   220        6810          1511.81       0.354035       0.000275  

Local minimum found.

Optimization completed because the size of the gradient is less than
the selected value of the optimality tolerance.




Computing finite-difference Hessian using objective function.
First order optimality conditions satisfied.
srun: error: slurm_receive_msg: Insane message length
srun: error: slurm_receive_msg[10.26.24.30]: Insane message length
srun: error: invalid type trying to be freed 65534
srun: error: slurm_receive_msg: Insane message length
srun: error: slurm_receive_msg[10.26.24.30]: Insane message length
srun: error: invalid type trying to be freed 65534
srun: error: unpack error in io_init_msg_unpack
srun: error: Invalid IO init header version
srun: error: unpackmem: Buffer to be unpacked is too large (1681731632 > 1073741824)
srun: error: unpack error in io_init_msg_unpack
srun: error: Invalid IO init header version
srun: error: slurm_receive_msg: Transport endpoint is not connected
srun: error: slurm_receive_msg[10.26.24.30]: Transport endpoint is not connected
srun: error: invalid type trying to be freed 65534
srun: error: slurm_receive_msg: Transport endpoint is not connected
srun: error: slurm_receive_msg[10.26.24.30]: Transport endpoint is not connected
srun: error: invalid type trying to be freed 65534
Current draw: 1000 of 5000
srun: error: slurm_receive_msg: Insane message length
srun: error: slurm_receive_msg[10.26.24.30]: Insane message length
srun: error: invalid type trying to be freed 65534
srun: error: slurm_receive_msg: Insane message length
srun: error: slurm_receive_msg[10.26.24.30]: Insane message length
srun: error: invalid type trying to be freed 65534
Current draw: 2000 of 5000
srun: error: slurm_receive_msg: Transport endpoint is not connected
srun: error: slurm_receive_msg[10.26.24.30]: Transport endpoint is not connected
srun: error: invalid type trying to be freed 65534
srun: error: slurm_receive_msg: Insane message length
srun: error: slurm_receive_msg[10.26.24.30]: Insane message length
srun: error: invalid type trying to be freed 65534
srun: error: slurm_receive_msg: Transport endpoint is not connected
srun: error: slurm_receive_msg[10.26.24.30]: Transport endpoint is not connected
srun: error: invalid type trying to be freed 65534
Current draw: 3000 of 5000
srun: error: slurm_receive_msg: Transport endpoint is not connected
srun: error: slurm_receive_msg[10.26.24.30]: Transport endpoint is not connected
srun: error: invalid type trying to be freed 65534
srun: error: slurm_receive_msg: Insane message length
srun: error: slurm_receive_msg[10.26.24.30]: Insane message length
srun: error: invalid type trying to be freed 65534
srun: error: slurm_receive_msg: Transport endpoint is not connected
srun: error: slurm_receive_msg[10.26.24.30]: Transport endpoint is not connected
srun: error: invalid type trying to be freed 65534
Current draw: 4000 of 5000
srun: error: unpack error in io_init_msg_unpack
srun: error: Invalid IO init header version
Current draw: 5000 of 5000
Elapsed time is 733.297149 seconds.
Ran Forecast Type 2for Model 103 and Horizon 12
Performing iteration ending on 2003M3 of model 104
Warning: This should be expanded with the country names in case of panel
> In abstvar/abstvar/check_inputs
  In abstvar
  In svar
  In scriptEstimateMode_FULL (line 96)
  In run (line 86)
  In msreg_2reg_endoprob_SVAR_FULL_OOS (line 231)
  In OOS_slurm_IF (line 4)
    'c(3,1,sync,1)>=c(3,1,sync,2)'
    'a0(1,GDPG)=0'
    'a0(1,MF)=0'
    'a0(2,GDPG)=0'
    'a1(3,GDPG,sync,1)=0'
    'a1(3,GDPG,sync,2)=0'

 parameter: A12, density:NORMAL, hyperparameters: [0.5 0.5],convergence 0
 parameter: A21, density:NORMAL, hyperparameters: [0.5 0.5],convergence 0
 parameter: B12, density:GAMMA, hyperparameters: [4 0.125],convergence 0
 parameter: C12, density:GAMMA, hyperparameters: [4 0.125],convergence 0
 parameter: B21, density:GAMMA, hyperparameters: [4 0.125],convergence 0
 parameter: C21, density:GAMMA, hyperparameters: [4 0.125],convergence 0
                                                        First-order 
 Iteration  Func-count       f(x)        Step-size       optimality
     0          35          11377.2                      1.87e+04
     1          70          2906.54    5.33412e-05       1.91e+03  
     2         105          2493.52              1       1.38e+03  
     3         140          2028.57              1            579  
     4         175           1915.1              1            349  
     5         210          1830.74              1            317  
     6         245          1794.37              1            274  
     7         280          1776.32              1            203  
     8         315          1763.51              1            161  
     9         350           1750.9              1            159  
    10         385          1739.51              1            179  
    11         420          1725.16              1            276  
    12         455          1708.72              1            285  
    13         490          1685.01              1            261  
    14         525          1664.59              1            271  
    15         560          1651.86              1            156  
    16         595          1645.37              1           78.6  
    17         630           1641.8              1           75.8  
    18         665          1638.74              1           93.3  
    19         700          1634.16              1            117  
                                                        First-order 
 Iteration  Func-count       f(x)        Step-size       optimality
    20         735          1627.89              1            113  
    21         770           1619.4              1            149  
    22         805          1611.22              1            110  
    23         840          1606.45              1           91.5  
    24         875          1602.89              1           87.2  
    25         910          1598.38              1           95.3  
    26         945          1592.97              1            133  
    27         980          1587.63              1            135  
    28        1015          1582.75              1           89.7  
    29        1050          1578.34              1           78.8  
    30        1085          1574.91              1           81.9  
    31        1120          1569.96              1            136  
    32        1155          1564.36              1            123  
    33        1190          1560.37              1           81.4  
    34        1225           1558.1              1           41.1  
    35        1260          1556.67              1           38.9  
    36        1295          1555.16              1           56.5  
    37        1330          1552.46              1           90.1  
    38        1365          1548.28              1            109  
    39        1400          1542.27              1           93.3  
                                                        First-order 
 Iteration  Func-count       f(x)        Step-size       optimality
    40        1435          1532.78              1           64.2  
    41        1470          1529.63              1           56.4  
    42        1505          1528.05              1           49.3  
    43        1540          1527.17              1           45.1  
    44        1575          1525.52              1           37.5  
    45        1610          1523.07              1           64.9  
    46        1645          1519.81              1           80.1  
    47        1680          1517.88              1           59.4  
    48        1715          1517.34              1           24.5  
    49        1750          1517.15              1           22.8  
    50        1785          1517.04              1           21.1  
    51        1820          1516.63              1           36.8  
    52        1890          1516.35            0.5             40  
    53        2030           1516.2       0.159573           38.2  
    54        2835          1516.17      0.0233094             52  
    55        3850          1516.17     3.2537e-07            998  

Local minimum possible.

fminunc stopped because it cannot decrease the objective function
along the current search direction.




Computing finite-difference Hessian using objective function.
Predicted change in objective function too small.
Current draw: 1000 of 5000
Current draw: 2000 of 5000
Current draw: 3000 of 5000
Current draw: 4000 of 5000
Current draw: 5000 of 5000
Elapsed time is 582.522386 seconds.
Ran Forecast Type 2for Model 104 and Horizon 12
Performing iteration ending on 2003M3 of model 105
Warning: This should be expanded with the country names in case of panel
> In abstvar/abstvar/check_inputs
  In abstvar
  In svar
  In scriptEstimateMode_FULL (line 96)
  In run (line 86)
  In msreg_2reg_endoprob_SVAR_FULL_OOS (line 231)
  In OOS_slurm_IF (line 4)
    'c(3,1,sync,1)>=c(3,1,sync,2)'
    'a0(1,GDPG,sync,1)=0'
    'a0(2,GDPG,sync,1)=0'
    'a0(1,MF,sync,1)=0'
    'a0(1,GDPG,sync,2)=0'
    'a0(2,GDPG,sync,2)=0'
    'a0(1,MF,sync,2)=0'
    'a1(3,GDPG)=0'
    's(3,3,sync,1)<=s(3,3,sync,2)'

 parameter: A12, density:NORMAL, hyperparameters: [0.5 0.5],convergence 0
 parameter: A21, density:NORMAL, hyperparameters: [0.5 0.5],convergence 0
 parameter: B12, density:GAMMA, hyperparameters: [4 0.125],convergence 0
 parameter: C12, density:GAMMA, hyperparameters: [4 0.125],convergence 0
 parameter: B21, density:GAMMA, hyperparameters: [4 0.125],convergence 0
 parameter: C21, density:GAMMA, hyperparameters: [4 0.125],convergence 0
                                                        First-order 
 Iteration  Func-count       f(x)        Step-size       optimality
     0          33          11377.2                      1.09e+04
     1          66           2895.6    9.21216e-05          2e+03  
     2          99          2300.82              1       1.39e+03  
     3         132          1949.75              1            570  
     4         165          1707.02              1            220  
     5         198          1644.25              1           86.1  
     6         231          1624.07              1           93.6  
     7         264             1617              1           94.3  
     8         297          1609.26              1           93.9  
     9         330          1595.54              1            127  
    10         363          1576.14              1            134  
    11         396          1558.54              1            146  
    12         429          1548.14              1            131  
    13         462          1541.97              1             84  
    14         495             1535              1            104  
    15         528          1527.42              1            132  
    16         561           1522.4              1           90.1  
    17         594           1518.6              1           85.3  
    18         627          1513.43              1            139  
    19         660          1506.16              1            221  
                                                        First-order 
 Iteration  Func-count       f(x)        Step-size       optimality
    20         693          1500.38              1            171  
    21         726          1497.54              1           48.5  
    22         759          1495.48              1             61  
    23         792          1493.33              1            140  
    24         825          1490.23              1            165  
    25         858           1487.3              1            124  
    26         891          1484.77              1           80.8  
    27         924          1482.29              1            112  
    28         957          1478.19              1            205  
    29         990          1474.04              1            191  
    30        1023          1471.17              1           78.1  
    31        1056          1469.77              1           33.7  
    32        1089          1468.26              1            102  
    33        1122          1465.27              1            193  
    34        1155          1461.02              1            229  
    35        1188          1457.37              1            160  
    36        1221          1455.72              1           52.5  
    37        1254          1455.01              1           35.3  
    38        1287          1454.34              1           69.9  
    39        1320          1453.23              1            112  
                                                        First-order 
 Iteration  Func-count       f(x)        Step-size       optimality
    40        1353          1451.79              1            112  
    41        1386          1450.67              1           59.6  
    42        1419           1450.1              1           32.6  
    43        1452          1449.61              1           40.9  
    44        1485          1448.81              1             84  
    45        1518          1447.52              1            113  
    46        1551          1446.08              1             96  
    47        1650          1445.83           0.19           85.3  
    48        1749           1445.5           0.19           67.8  
    49        1914          1445.31         0.1171           57.4  
    50        2937           1445.3     0.00443694            312  

Local minimum possible.

fminunc stopped because it cannot decrease the objective function
along the current search direction.




Computing finite-difference Hessian using objective function.
Predicted change in objective function too small.
Current draw: 1000 of 5000
Current draw: 2000 of 5000
Current draw: 3000 of 5000
Current draw: 4000 of 5000
Current draw: 5000 of 5000
Elapsed time is 530.013619 seconds.
Ran Forecast Type 2for Model 105 and Horizon 12
Performing iteration ending on 2003M3 of model 106
Warning: This should be expanded with the country names in case of panel
> In abstvar/abstvar/check_inputs
  In abstvar
  In svar
  In scriptEstimateMode_FULL (line 96)
  In run (line 86)
  In msreg_2reg_endoprob_SVAR_FULL_OOS (line 231)
  In OOS_slurm_IF (line 4)
    'c(3,1,sync,1)>=c(3,1,sync,2)'
    'a0(1,GDPG)=0'
    'a0(1,MF)=0'
    'a0(2,GDPG)=0'
    'a1(3,GDPG,sync,1)=0'
    'a1(3,GDPG,sync,2)=0'
    's(3,3,sync,1)<=s(3,3,sync,2)'

 parameter: A12, density:NORMAL, hyperparameters: [0.5 0.5],convergence 0
 parameter: A21, density:NORMAL, hyperparameters: [0.5 0.5],convergence 0
 parameter: B12, density:GAMMA, hyperparameters: [4 0.125],convergence 0
 parameter: C12, density:GAMMA, hyperparameters: [4 0.125],convergence 0
 parameter: B21, density:GAMMA, hyperparameters: [4 0.125],convergence 0
 parameter: C21, density:GAMMA, hyperparameters: [4 0.125],convergence 0
                                                        First-order 
 Iteration  Func-count       f(x)        Step-size       optimality
     0          38          11377.2                      1.09e+04
     1          76          2783.27    9.21216e-05       1.69e+03  
     2         114          2313.63              1       1.05e+03  
     3         152          1857.27              1            359  
     4         190          1737.92              1            162  
     5         228          1687.04              1            141  
     6         266          1668.13              1            142  
     7         304          1655.23              1            138  
     8         342          1640.93              1            122  
     9         380           1626.7              1           86.4  
    10         418          1611.82              1           92.7  
    11         456          1579.31              1            190  
    12         494           1566.9              1            182  
    13         532          1558.06              1            145  
    14         570          1535.22              1            203  
    15         608           1528.7              1           81.2  
    16         646          1524.16              1           65.6  
    17         684          1507.34              1            159  
    18         722          1501.13              1            153  
    19         760          1494.52              1            124  
                                                        First-order 
 Iteration  Func-count       f(x)        Step-size       optimality
    20         798          1490.98              1            129  
    21         836          1477.85              1            156  
    22         874          1471.12              1            153  
    23         912          1464.78              1           54.2  
    24         950          1461.23              1           52.7  
    25         988          1459.87              1           42.7  
    26        1026          1457.57              1           33.7  
    27        1064          1454.02              1           36.4  
    28        1102          1451.56              1           56.5  
    29        1140           1448.9              1           64.2  
    30        1178          1445.75              1             62  
    31        1216          1442.18              1           59.3  
    32        1254          1439.77              1           42.1  
    33        1292          1438.52              1           36.9  
    34        1330           1437.3              1           47.2  
    35        1368          1435.19              1           53.1  
    36        1406          1432.05              1           67.5  
    37        1444          1429.23              1           51.1  
    38        1482          1428.23              1           25.7  
    39        1520          1427.88              1           19.2  
                                                        First-order 
 Iteration  Func-count       f(x)        Step-size       optimality
    40        1558          1427.36              1           28.4  
    41        1596          1426.86              1           41.8  
    42        1710          1426.69           0.19           41.4  
    43        3040          1426.64      0.0319311            971  

Local minimum possible.

fminunc stopped because it cannot decrease the objective function
along the current search direction.




Computing finite-difference Hessian using objective function.
Predicted change in objective function too small.
Current draw: 1000 of 5000
Current draw: 2000 of 5000
Current draw: 3000 of 5000
Current draw: 4000 of 5000
Current draw: 5000 of 5000
Elapsed time is 548.362165 seconds.
Ran Forecast Type 2for Model 106 and Horizon 12
Performing iteration ending on 2003M3 of model 107
Warning: This should be expanded with the country names in case of panel
> In abstvar/abstvar/check_inputs
  In abstvar
  In svar
  In scriptEstimateMode_FULL (line 96)
  In run (line 86)
  In msreg_2reg_endoprob_SVAR_FULL_OOS (line 231)
  In OOS_slurm_IF (line 4)
    'c(3,1,sync,1)>=c(3,1,sync,2)'
    'a0(1,GDPG,sync,1)=0'
    'a0(2,GDPG,sync,1)=0'
    'a0(1,MF,sync,1)=0'
    'a0(1,GDPG,sync,2)=0'
    'a0(2,GDPG,sync,2)=0'
    'a0(1,MF,sync,2)=0'
    'a1(3,GDPG,sync,1)=0'
    'a1(3,GDPG,sync,2)=0'
    's(3,3,sync,1)<=s(3,3,sync,2)'

 parameter: A12, density:NORMAL, hyperparameters: [0.5 0.5],convergence 0
 parameter: A21, density:NORMAL, hyperparameters: [0.5 0.5],convergence 0
 parameter: B12, density:GAMMA, hyperparameters: [4 0.125],convergence 0
 parameter: C12, density:GAMMA, hyperparameters: [4 0.125],convergence 0
 parameter: B21, density:GAMMA, hyperparameters: [4 0.125],convergence 0
 parameter: C21, density:GAMMA, hyperparameters: [4 0.125],convergence 0
                                                        First-order 
 Iteration  Func-count       f(x)        Step-size       optimality
     0          41          11377.2                      1.09e+04
     1          82          2837.17    9.21216e-05       1.79e+03  
     2         123          2332.69              1       1.08e+03  
     3         164          1876.07              1            371  
     4         205           1753.4              1            170  
     5         246          1703.27              1            135  
     6         287          1685.31              1            136  
     7         328          1673.18              1            133  
     8         369          1659.65              1            120  
     9         410          1645.38              1           91.3  
    10         451          1630.54              1            105  
    11         492          1603.91              1            152  
    12         533          1591.05              1            154  
    13         574          1583.34              1            128  
    14         615          1565.58              1            209  
    15         656          1555.53              1           72.1  
    16         697          1551.93              1           69.6  
    17         738          1531.82              1            220  
    18         779          1526.74              1            118  
    19         820           1522.2              1           80.9  
                                                        First-order 
 Iteration  Func-count       f(x)        Step-size       optimality
    20         861           1518.4              1           97.3  
    21         902          1509.13              1            135  
    22         943          1501.69              1            122  
    23         984          1493.99              1           74.7  
    24        1025          1490.67              1           46.1  
    25        1066          1488.98              1           39.9  
    26        1107          1486.63              1           39.3  
    27        1148          1483.27              1           35.7  
    28        1189          1479.45              1           42.7  
    29        1230          1477.85              1           62.2  
    30        1271          1476.03              1           42.3  
    31        1312          1472.61              1           48.4  
    32        1353          1468.14              1             77  
    33        1394          1464.41              1           59.1  
    34        1435          1461.98              1           36.6  
    35        1476          1460.08              1           39.8  
    36        1517          1456.51              1           87.3  
    37        1558          1450.74              1            107  
    38        1599          1445.11              1           93.2  
    39        1640          1442.35              1           31.4  
                                                        First-order 
 Iteration  Func-count       f(x)        Step-size       optimality
    40        1681          1441.61              1           20.1  
    41        1722          1441.25              1           19.2  
    42        1763          1440.65              1           27.8  
    43        1804           1439.6              1           32.4  
    44        1845          1438.46              1           27.9  
    45        1968          1438.25           0.19           24.8  
    46        2952          1438.23      0.0104911            188  
    47        5084          1438.23    8.18275e-08            998  

Local minimum possible.

fminunc stopped because the size of the current step is less than
the selected value of the step size tolerance.




Local minimum possible.

fminunc stopped because it cannot decrease the objective function
along the current search direction.




Computing finite-difference Hessian using objective function.
Predicted change in objective function too small.
Current draw: 1000 of 5000
Current draw: 2000 of 5000
Current draw: 3000 of 5000
Current draw: 4000 of 5000
Current draw: 5000 of 5000
Elapsed time is 665.559378 seconds.
Ran Forecast Type 2for Model 107 and Horizon 12
Performing iteration ending on 2003M3 of model 108
Warning: This should be expanded with the country names in case of panel
> In abstvar/abstvar/check_inputs
  In abstvar
  In svar
  In scriptEstimateMode_FULL (line 96)
  In run (line 86)
  In msreg_2reg_endoprob_SVAR_FULL_OOS (line 231)
  In OOS_slurm_IF (line 4)
    'c(3,1,sync,1)>=c(3,1,sync,2)'
    'a0(1,GDPG)=0'
    'a0(1,MF)=0'
    'a0(2,GDPG)=0'
    'a1(3,GDPG)=0'
    's(3,3,sync,1)<=s(3,3,sync,2)'

 parameter: A12, density:NORMAL, hyperparameters: [0.5 0.5],convergence 0
 parameter: A21, density:NORMAL, hyperparameters: [0.5 0.5],convergence 0
 parameter: B12, density:GAMMA, hyperparameters: [4 0.125],convergence 0
 parameter: C12, density:GAMMA, hyperparameters: [4 0.125],convergence 0
 parameter: B21, density:GAMMA, hyperparameters: [4 0.125],convergence 0
 parameter: C21, density:GAMMA, hyperparameters: [4 0.125],convergence 0
                                                        First-order 
 Iteration  Func-count       f(x)        Step-size       optimality
     0          28          11377.2                      1.09e+04
     1          56           2849.1    9.21216e-05       1.92e+03  
     2          84          2285.77              1       1.27e+03  
     3         112           1973.5              1            580  
     4         140          1761.16              1            231  
     5         168          1708.76              1            140  
     6         196          1689.98              1            159  
     7         224           1681.3              1            155  
     8         252          1671.49              1            134  
     9         280          1658.93              1           91.7  
    10         308          1645.83              1            102  
    11         336          1637.19              1           90.5  
    12         364          1634.31              1           65.3  
    13         392          1630.92              1           50.2  
    14         420          1627.77              1           56.1  
    15         448          1624.95              1           71.9  
    16         476          1621.74              1           83.3  
    17         504          1616.65              1           86.1  
    18         532          1609.58              1            126  
    19         560          1603.48              1           98.6  
                                                        First-order 
 Iteration  Func-count       f(x)        Step-size       optimality
    20         588          1600.18              1           56.3  
    21         616          1598.21              1           59.8  
    22         644          1595.67              1           60.5  
    23         672          1590.54              1            101  
    24         700          1581.97              1            128  
    25         728          1572.51              1            109  
    26         756          1566.76              1           78.2  
    27         784          1564.12              1           74.5  
    28         812          1561.33              1           65.8  
    29         840          1557.28              1            126  
    30         868          1552.32              1            135  
    31         896          1549.21              1             53  
    32         924          1548.31              1           33.7  
    33         952          1547.79              1           29.2  
    34         980          1547.02              1           44.8  
    35        1120          1546.71         0.1981           45.8  
    36        1708          1546.69     0.00758857            170  
    37        2212          1546.69    5.90525e-07            994  

Local minimum possible.

fminunc stopped because it cannot decrease the objective function
along the current search direction.




Computing finite-difference Hessian using objective function.
Predicted change in objective function too small.
Current draw: 1000 of 5000
Current draw: 2000 of 5000
Current draw: 3000 of 5000
Current draw: 4000 of 5000
Current draw: 5000 of 5000
Elapsed time is 478.502037 seconds.
Ran Forecast Type 2for Model 108 and Horizon 12
