54
------------------------------------------
Setting up environment variables
---
LD_LIBRARY_PATH is .:/opt/MATLAB/R2017a/runtime/glnxa64:/opt/MATLAB/R2017a/bin/glnxa64:/opt/MATLAB/R2017a/sys/os/glnxa64:/opt/MATLAB/R2017a/sys/opengl/lib/glnxa64
Warning: Method directories not allowed in MATLAB path: /if/home/m1pac03/.mcrCache9.2/OOS_sl0/if/gms_research_gar/GAR/MS-VAR/RISE_toolbox2/classes/models/@dsge/private

	Personal pathdef has been created in your preference directory:
	/if/home/m1pac03/.mcrCache9.2/OOS_sl0/.matlab

Running on SLURM; using 1 cores as assigned on this node.

Performing iteration ending on 2003M6 of model 101
Warning: This should be expanded with the country names in case of panel
> In abstvar/abstvar/check_inputs
  In abstvar
  In svar
  In scriptEstimateMode_FULL (line 96)
  In run (line 86)
  In msreg_2reg_endoprob_SVAR_FULL_OOS (line 231)
  In OOS_slurm_IF (line 4)
    'c(3,1,sync,1)>=c(3,1,sync,2)'
    'a0(1,GDPG)=0'
    'a0(1,MF)=0'
    'a0(2,GDPG)=0'
    'a1(3,GDPG)=0'

 parameter: A12, density:NORMAL, hyperparameters: [0.5 0.5],convergence 0
 parameter: A21, density:NORMAL, hyperparameters: [0.5 0.5],convergence 0
 parameter: B12, density:GAMMA, hyperparameters: [4 0.125],convergence 0
 parameter: C12, density:GAMMA, hyperparameters: [4 0.125],convergence 0
 parameter: B21, density:GAMMA, hyperparameters: [4 0.125],convergence 0
 parameter: C21, density:GAMMA, hyperparameters: [4 0.125],convergence 0
                                                        First-order 
 Iteration  Func-count       f(x)        Step-size       optimality
     0          27          11406.9                      1.88e+04
     1          54          2841.54    5.32869e-05       1.85e+03  
     2          81          2475.07              1       1.35e+03  
     3         108          1910.13              1            470  
     4         135          1783.65              1            236  
     5         162          1742.26              1            146  
     6         189          1732.14              1            164  
     7         216          1725.35              1            166  
     8         243          1714.83              1            154  
     9         270          1701.03              1            115  
    10         297          1686.77              1            102  
    11         324          1677.28              1            133  
    12         351          1673.45              1            121  
    13         378          1667.25              1           72.8  
    14         405          1660.57              1           68.9  
    15         432          1656.77              1           69.4  
    16         459          1654.73              1           73.7  
    17         486          1651.49              1           72.9  
    18         513          1644.35              1           97.7  
    19         540          1633.65              1            104  
                                                        First-order 
 Iteration  Func-count       f(x)        Step-size       optimality
    20         567           1624.7              1           81.9  
    21         594          1619.63              1             67  
    22         621          1617.05              1           60.4  
    23         648          1615.47              1           55.8  
    24         675             1611              1           77.1  
    25         702          1603.73              1           82.2  
    26         729          1595.48              1           91.8  
    27         756          1590.42              1           81.1  
    28         783           1588.4              1           59.6  
    29         810          1586.77              1           58.7  
    30         837          1583.22              1           71.1  
    31         864          1577.42              1           68.9  
    32         891          1570.32              1           39.8  
    33         918          1566.92              1             38  
    34         945          1565.93              1           26.5  
    35         972          1565.51              1           25.5  
    36         999          1565.24              1           25.5  
    37        1026          1564.38              1             21  
    38        1053          1563.18              1           19.4  
    39        1080          1561.92              1           23.1  
                                                        First-order 
 Iteration  Func-count       f(x)        Step-size       optimality
    40        1107          1561.41              1           21.6  
    41        1134          1561.25              1           23.5  
    42        1161          1561.07              1           22.8  
    43        1188          1560.72              1           18.3  
    44        1215          1560.26              1             14  
    45        1242          1559.89              1           12.8  
    46        1269          1559.74              1           11.5  
    47        1296          1559.69              1           10.9  
    48        1323          1559.63              1           10.3  
    49        1350          1559.49              1           9.66  
    50        1377          1559.18              1           13.6  
    51        1404          1558.63              1           18.2  
    52        1431          1558.03              1           17.2  
    53        1458          1557.69              1             22  
    54        1485          1557.53              1           22.6  
    55        1512          1557.35              1           21.7  
    56        1539          1556.98              1           19.1  
    57        1566          1556.21              1           20.8  
    58        1593          1554.96              1           25.3  
    59        1620          1553.75              1           19.4  
                                                        First-order 
 Iteration  Func-count       f(x)        Step-size       optimality
    60        1647          1553.25              1           8.67  
    61        1674          1553.15              1           7.78  
    62        1701          1553.13              1           7.17  
    63        1728          1553.09              1           6.79  
    64        1755          1553.01              1           5.82  
    65        1782          1552.84              1           6.56  
    66        1809          1552.58              1           6.71  
    67        1836          1552.35              1           8.25  
    68        1863          1552.24              1           10.1  
    69        1890          1552.21              1           9.79  
    70        1917          1552.18              1           9.34  
    71        1944           1552.1              1           8.21  
    72        1971          1551.92              1           7.07  
    73        1998          1551.41              1           8.53  
    74        2025          1550.94              1           16.4  
    75        2052          1550.25              1           10.4  
    76        2079          1549.74              1           10.2  
    77        2106          1549.36              1           10.6  
    78        2133           1549.3              1           11.1  
    79        2160          1549.08              1           12.9  
                                                        First-order 
 Iteration  Func-count       f(x)        Step-size       optimality
    80        2187          1548.72              1             22  
    81        2214          1547.71              1           41.4  
    82        2241          1545.84              1           65.9  
    83        2268           1543.5              1           84.1  
    84        2295          1540.94              1           68.5  
    85        2322          1539.38              1           24.6  
    86        2349          1539.26              1           22.5  
    87        2376          1539.08              1           22.1  
    88        2403          1538.38              1           21.9  
    89        2430          1537.03              1           21.4  
    90        2457           1534.8              1           28.5  
    91        2484          1532.74              1           22.5  
    92        2511          1531.67              1           13.7  
    93        2538          1531.28              1             14  
    94        2592          1531.13       0.470699           13.3  
    95        2619          1531.07              1           13.2  
    96        2646             1531              1           13.1  
    97        2673          1530.93              1           12.1  
    98        2700          1530.74              1           10.8  
    99        2727          1530.47              1           10.7  
                                                        First-order 
 Iteration  Func-count       f(x)        Step-size       optimality
   100        2754          1530.21              1            8.9  
   101        2781           1530.1              1           9.54  
   102        2808          1530.07              1           10.2  
   103        2835          1530.04              1           9.62  
   104        2862          1529.94              1           7.08  
   105        2889          1529.76              1           9.08  
   106        2916          1529.49              1             11  
   107        2943           1529.3              1           7.34  
   108        2970          1529.22              1           7.49  
   109        2997           1529.2              1           6.59  
   110        3024          1529.19              1            5.7  
   111        3051          1529.14              1           4.96  
   112        3078          1529.03              1           7.53  
   113        3105           1528.8              1           11.5  
   114        3132          1528.39              1           12.9  
   115        3159          1527.88              1           10.3  
   116        3186          1527.56              1           3.74  
   117        3213          1527.53              1           3.63  
   118        3240          1527.52              1           3.51  
   119        3267          1527.52              1           3.44  
                                                        First-order 
 Iteration  Func-count       f(x)        Step-size       optimality
   120        3294           1527.5              1            3.2  
   121        3321          1527.46              1           4.18  
   122        3348          1527.37              1           7.28  
   123        3375          1527.16              1           11.1  
   124        3402          1526.77              1           13.8  
   125        3429           1526.3              1           11.7  
   126        3456          1526.01              1           4.93  
   127        3483          1525.96              1           1.52  
   128        3510          1525.95              1           1.41  
   129        3537          1525.95              1           1.38  
   130        3564          1525.95              1           1.34  
   131        3591          1525.95              1           1.28  
   132        3618          1525.95              1           1.18  
   133        3645          1525.94              1           1.39  
   134        3672          1525.91              1           2.15  
   135        3699          1525.86              1           2.91  
   136        3726          1525.78              1           3.05  
   137        3753          1525.71              1           2.11  
   138        3780          1525.67              1          0.968  
   139        3807          1525.67              1           1.04  
                                                        First-order 
 Iteration  Func-count       f(x)        Step-size       optimality
   140        3834          1525.67              1           1.06  
   141        3861          1525.66              1           1.09  
   142        3888          1525.66              1           1.13  
   143        3915          1525.66              1           1.16  
   144        3942          1525.66              1           1.17  
   145        3969          1525.66              1           1.18  
   146        3996          1525.66              1           1.19  
   147        4023          1525.66              1           1.15  
   148        4050          1525.65              1           1.08  
   149        4077          1525.64              1          0.785  
   150        4104          1525.63              1          0.608  
   151        4131          1525.63              1          0.986  
   152        4158          1525.62              1          0.273  
   153        4185          1525.62              1          0.266  
   154        4212          1525.62              1          0.265  
   155        4239          1525.62              1          0.264  
   156        4266          1525.62              1          0.265  
   157        4293          1525.62              1          0.496  
   158        4320          1525.62              1          0.852  
   159        4347          1525.62              1           1.39  
                                                        First-order 
 Iteration  Func-count       f(x)        Step-size       optimality
   160        4374          1525.62              1           2.09  
   161        4401          1525.61              1           2.67  
   162        4428           1525.6              1           2.34  
   163        4455          1525.59              1          0.892  
   164        4482          1525.59              1           0.42  
   165        4509          1525.59              1          0.413  
   166        4536          1525.59              1          0.403  
   167        4563          1525.59              1          0.398  
   168        4590          1525.59              1          0.398  
   169        4617          1525.59              1          0.422  
   170        4644          1525.59              1          0.663  
   171        4671          1525.59              1           1.08  
   172        4698          1525.58              1           1.43  
   173        4725          1525.58              1           1.22  
   174        4752          1525.58              1          0.473  
   175        4779          1525.58              1         0.0645  
   176        4806          1525.58              1         0.0105  
   177        4833          1525.58              1        0.00633  
   178        4860          1525.58              1         0.0064  
   179        4887          1525.58              1        0.00638  
                                                        First-order 
 Iteration  Func-count       f(x)        Step-size       optimality
   180        4914          1525.58              1        0.00637  
   181        4941          1525.58              1        0.00626  
   182        4968          1525.58              1        0.00627  
   183        4995          1525.58              1        0.00826  
   184        5022          1525.58              1         0.0117  
   185        5049          1525.58              1         0.0164  
   186        5076          1525.58              1         0.0178  
   187        5103          1525.58              1         0.0149  
   188        5130          1525.58              1        0.00693  
   189        5157          1525.58              1         0.0011  
   190        5184          1525.58              1       0.000402  
   191        5265          1525.58      0.0683367       0.000458  
   192        5292          1525.58              1       0.000339  
   193        5373          1525.58      0.0799189       0.000385  
   194        5400          1525.58              1       0.000377  
   195        5454          1525.58       0.381011       0.000319  
   196        5508          1525.58       0.380585       0.000354  
   197        5562          1525.58       0.392217       0.000353  
   198        5643          1525.58      0.0738272       0.000344  
   199        5697          1525.58       0.333922       0.000341  
                                                        First-order 
 Iteration  Func-count       f(x)        Step-size       optimality
   200        5778          1525.58      0.0306796        0.00038  
   201        5832          1525.58       0.230709       0.000396  

Local minimum possible.

fminunc stopped because it cannot decrease the objective function
along the current search direction.




Computing finite-difference Hessian using objective function.
Predicted change in objective function too small.
Current draw: 1000 of 5000
Current draw: 2000 of 5000
Current draw: 3000 of 5000
Current draw: 4000 of 5000
Current draw: 5000 of 5000
Elapsed time is 687.443888 seconds.
Ran Forecast Type 2for Model 101 and Horizon 12
Performing iteration ending on 2003M6 of model 102
Warning: This should be expanded with the country names in case of panel
> In abstvar/abstvar/check_inputs
  In abstvar
  In svar
  In scriptEstimateMode_FULL (line 96)
  In run (line 86)
  In msreg_2reg_endoprob_SVAR_FULL_OOS (line 231)
  In OOS_slurm_IF (line 4)
    'c(3,1,sync,1)>=c(3,1,sync,2)'
    'a0(1,GDPG)=0'
    'a0(1,MF)=0'
    'a0(2,GDPG)=0'
    'a1(3,GDPG)=0'
    's(3,3,sync,1)<=s(3,3,sync,2)'

 parameter: A12, density:NORMAL, hyperparameters: [0.5 0.5],convergence 0
 parameter: A21, density:NORMAL, hyperparameters: [0.5 0.5],convergence 0
 parameter: B12, density:GAMMA, hyperparameters: [4 0.125],convergence 0
 parameter: C12, density:GAMMA, hyperparameters: [4 0.125],convergence 0
 parameter: B21, density:GAMMA, hyperparameters: [4 0.125],convergence 0
 parameter: C21, density:GAMMA, hyperparameters: [4 0.125],convergence 0
                                                        First-order 
 Iteration  Func-count       f(x)        Step-size       optimality
     0          30          11406.9                      1.09e+04
     1          60          2855.47    9.20834e-05       2.02e+03  
     2          90          2291.82              1        1.4e+03  
     3         120           1953.5              1            574  
     4         150          1702.72              1            214  
     5         180          1640.28              1           92.5  
     6         210          1619.33              1           99.5  
     7         240          1611.08              1           99.6  
     8         270          1601.71              1            114  
     9         300          1586.52              1            141  
    10         330          1566.49              1            133  
    11         360          1549.15              1            170  
    12         390          1537.78              1            135  
    13         420          1529.66              1           94.5  
    14         450          1522.54              1           95.6  
    15         480          1517.06              1           75.8  
    16         510          1512.82              1           89.1  
    17         540          1507.61              1           81.5  
    18         570          1498.42              1            187  
    19         600          1488.98              1            211  
                                                        First-order 
 Iteration  Func-count       f(x)        Step-size       optimality
    20         630          1484.22              1            111  
    21         660          1480.94              1           61.7  
    22         690          1478.47              1            105  
    23         720          1475.32              1            172  
    24         750          1472.61              1            104  
    25         780          1470.51              1           58.1  
    26         810          1468.62              1           96.2  
    27         840          1464.97              1            201  
    28         870          1459.56              1            250  
    29         900          1455.03              1            161  
    30         930          1453.35              1           33.6  
    31         960           1452.8              1           27.3  
    32         990          1451.95              1           84.3  
    33        1020          1450.42              1            140  
    34        1050          1448.32              1            153  
    35        1080          1446.76              1           96.7  
    36        1110          1446.18              1           27.2  
    37        1140             1446              1             16  
    38        1170          1445.84              1           30.4  
    39        1200          1445.51              1           54.7  
                                                        First-order 
 Iteration  Func-count       f(x)        Step-size       optimality
    40        1230          1444.99              1           68.2  
    41        1260           1444.4              1           53.5  
    42        1290          1444.05              1           23.2  
    43        1320          1443.86              1           24.1  
    44        1350          1443.62              1           32.3  
    45        1380          1443.19              1           57.8  
    46        1410          1442.55              1           69.9  
    47        1500          1442.38       0.198754           66.2  
    48        1590          1442.13           0.19           56.4  
    49        1710          1441.97       0.130577           48.8  
    50        2640          1441.92      0.0366837            322  

Local minimum possible.

fminunc stopped because it cannot decrease the objective function
along the current search direction.




Computing finite-difference Hessian using objective function.
Predicted change in objective function too small.
Current draw: 1000 of 5000
Current draw: 2000 of 5000
Current draw: 3000 of 5000
Current draw: 4000 of 5000
Current draw: 5000 of 5000
Elapsed time is 507.178079 seconds.
Ran Forecast Type 2for Model 102 and Horizon 12
Performing iteration ending on 2003M6 of model 103
Warning: This should be expanded with the country names in case of panel
> In abstvar/abstvar/check_inputs
  In abstvar
  In svar
  In scriptEstimateMode_FULL (line 96)
  In run (line 86)
  In msreg_2reg_endoprob_SVAR_FULL_OOS (line 231)
  In OOS_slurm_IF (line 4)
    'c(3,1,sync,1)>=c(3,1,sync,2)'
    'a0(1,GDPG,sync,1)=0'
    'a0(2,GDPG,sync,1)=0'
    'a0(1,MF,sync,1)=0'
    'a0(1,GDPG,sync,2)=0'
    'a0(2,GDPG,sync,2)=0'
    'a0(1,MF,sync,2)=0'
    'a1(3,GDPG)=0'

 parameter: A12, density:NORMAL, hyperparameters: [0.5 0.5],convergence 0
 parameter: A21, density:NORMAL, hyperparameters: [0.5 0.5],convergence 0
 parameter: B12, density:GAMMA, hyperparameters: [4 0.125],convergence 0
 parameter: C12, density:GAMMA, hyperparameters: [4 0.125],convergence 0
 parameter: B21, density:GAMMA, hyperparameters: [4 0.125],convergence 0
 parameter: C21, density:GAMMA, hyperparameters: [4 0.125],convergence 0
                                                        First-order 
 Iteration  Func-count       f(x)        Step-size       optimality
     0          30          11406.9                      1.88e+04
     1          60          2881.91    5.32869e-05       1.93e+03  
     2          90          2501.03              1        1.4e+03  
     3         120          1923.45              1            489  
     4         150          1792.85              1            238  
     5         180          1751.07              1            143  
     6         210          1741.75              1            161  
     7         240          1735.94              1            163  
     8         270          1725.99              1            151  
     9         300          1712.05              1            109  
    10         330          1697.29              1            106  
    11         360          1686.72              1           92.1  
    12         390          1684.28              1             88  
    13         420          1681.75              1           70.5  
    14         450           1675.4              1           51.1  
    15         480          1670.69              1             50  
    16         510          1667.44              1           74.3  
    17         540          1665.48              1           78.1  
    18         570          1662.03              1           72.7  
    19         600          1655.43              1           79.9  
                                                        First-order 
 Iteration  Func-count       f(x)        Step-size       optimality
    20         630          1647.18              1           78.1  
    21         660          1641.93              1           57.5  
    22         690          1639.24              1           55.6  
    23         720          1637.72              1           51.3  
    24         750          1635.93              1           47.5  
    25         780          1631.49              1           69.5  
    26         810          1624.41              1           72.8  
    27         840          1616.79              1           87.6  
    28         870          1612.15              1           73.2  
    29         900          1610.52              1           57.3  
    30         930          1608.87              1           61.5  
    31         960          1605.58              1           71.3  
    32         990          1600.39              1           63.8  
    33        1020          1594.56              1           37.2  
    34        1050          1592.16              1           35.8  
    35        1080          1591.47              1           35.1  
    36        1110          1590.91              1           34.3  
    37        1140          1590.23              1           36.7  
    38        1170          1588.38              1           37.3  
    39        1200          1585.29              1           39.7  
                                                        First-order 
 Iteration  Func-count       f(x)        Step-size       optimality
    40        1230          1581.43              1           50.5  
    41        1260          1579.16              1           41.1  
    42        1290          1578.47              1           44.7  
    43        1320          1577.85              1           43.5  
    44        1350           1576.5              1           38.6  
    45        1380          1574.88              1           24.4  
    46        1410          1573.67              1           17.8  
    47        1440          1573.24              1           15.2  
    48        1470          1573.11              1           14.7  
    49        1500          1572.99              1           14.4  
    50        1530          1572.69              1             15  
    51        1560          1572.05              1           19.2  
    52        1590          1570.95              1           24.7  
    53        1620          1569.84              1           23.7  
    54        1650          1569.27              1           28.1  
    55        1680          1568.98              1             28  
    56        1710          1568.65              1           26.1  
    57        1740          1567.91              1           22.3  
    58        1770          1566.35              1           31.6  
    59        1800          1563.57              1           39.8  
                                                        First-order 
 Iteration  Func-count       f(x)        Step-size       optimality
    60        1830          1560.23              1             35  
    61        1860          1558.27              1           35.4  
    62        1890           1557.7              1           35.7  
    63        1920          1557.43              1           32.7  
    64        1950          1557.02              1           28.1  
    65        1980          1556.01              1           20.6  
    66        2010          1553.98              1           28.6  
    67        2040          1551.05              1           29.4  
    68        2070          1549.04              1           21.2  
    69        2100          1548.36              1           19.1  
    70        2130          1548.18              1             17  
    71        2160          1548.05              1           15.3  
    72        2190          1547.67              1           14.3  
    73        2220          1546.91              1           18.4  
    74        2250          1545.49              1           20.1  
    75        2280          1543.95              1           14.5  
    76        2310          1543.08              1           12.1  
    77        2340          1542.86              1           10.6  
    78        2370          1542.81              1           10.2  
    79        2400          1542.72              1           9.17  
                                                        First-order 
 Iteration  Func-count       f(x)        Step-size       optimality
    80        2430          1542.53              1            6.7  
    81        2460          1542.24              1           6.42  
    82        2490          1541.94              1           8.74  
    83        2520          1541.78              1           10.9  
    84        2550          1541.72              1           10.4  
    85        2580          1541.66              1           9.23  
    86        2610          1541.51              1           9.02  
    87        2640          1541.17              1           12.7  
    88        2670          1540.44              1             16  
    89        2700           1539.4              1           14.4  
    90        2730          1538.39              1           12.8  
    91        2760           1537.8              1           13.4  
    92        2790          1537.73              1           12.4  
    93        2820          1537.68              1           11.4  
    94        2850          1537.57              1           11.2  
    95        2880          1537.29              1           19.7  
    96        2910          1536.78              1           28.4  
    97        2940          1536.23              1           26.4  
    98        2970          1535.93              1           9.73  
    99        3000          1535.87              1           6.55  
srun: error: unpackmem: Buffer to be unpacked is too large (4094630598 > 1073741824)
srun: error: unpack error in io_init_msg_unpack
srun: error: Invalid IO init header version
srun: error: unpackmem: Buffer to be unpacked is too large (4171171137 > 1073741824)
srun: error: unpack error in io_init_msg_unpack
srun: error: Invalid IO init header version
srun: error: io_init_msg_read too small
srun: error: failed reading io init message
srun: error: unpack error in io_init_msg_unpack
srun: error: Invalid IO init header version
                                                        First-order 
 Iteration  Func-count       f(x)        Step-size       optimality
   100        3030          1535.86              1           6.47  
srun: error: unpackmem: Buffer to be unpacked is too large (3330444686 > 1073741824)
srun: error: unpack error in io_init_msg_unpack
srun: error: Invalid IO init header version
srun: error: unpackmem: Buffer to be unpacked is too large (1630050668 > 1073741824)
srun: error: unpack error in io_init_msg_unpack
srun: error: Invalid IO init header version
   101        3060          1535.83              1           6.07  
srun: error: unpackmem: Buffer to be unpacked is too large (2654483270 > 1073741824)
srun: error: unpack error in io_init_msg_unpack
srun: error: Invalid IO init header version
srun: error: unpackmem: Buffer to be unpacked is too large (2689748550 > 1073741824)
srun: error: unpack error in io_init_msg_unpack
srun: error: Invalid IO init header version
srun: error: unpack error in io_init_msg_unpack
srun: error: Invalid IO init header version
   102        3090          1535.74              1           5.15  
   103        3120           1535.6              1           5.68  
   104        3150          1535.38              1           4.88  
   105        3180          1535.24              1           4.29  
   106        3210          1535.19              1           3.24  
srun: error: io_init_msg_read too small
srun: error: failed reading io init message
   107        3240          1535.19              1            3.3  
   108        3270          1535.18              1           3.35  
   109        3300          1535.16              1           3.45  
   110        3330          1535.11              1           3.61  
   111        3360          1534.99              1            4.5  
   112        3390          1534.79              1           8.05  
   113        3420          1534.36              1           10.4  
   114        3450          1533.74              1           11.2  
   115        3480          1533.56              1           4.91  
   116        3510          1533.52              1           4.25  
   117        3540          1533.51              1           4.29  
   118        3570          1533.49              1           4.29  
   119        3600          1533.45              1           4.32  
                                                        First-order 
 Iteration  Func-count       f(x)        Step-size       optimality
   120        3630          1533.34              1           9.41  
   121        3660          1533.09              1           14.2  
   122        3690          1532.71              1           17.5  
   123        3720          1532.39              1           14.1  
   124        3750          1532.25              1           7.24  
   125        3780          1532.24              1            3.3  
   126        3810          1532.23              1           3.55  
   127        3840          1532.22              1           3.63  
   128        3870          1532.18              1           4.08  
   129        3900          1532.12              1           4.85  
   130        3930          1531.98              1           6.31  
   131        3960          1531.77              1           10.1  
   132        3990          1531.65              1            6.2  
   133        4020          1531.63              1           2.72  
   134        4050          1531.63              1           1.47  
   135        4080          1531.62              1           1.49  
   136        4110          1531.62              1           1.48  
   137        4140          1531.62              1           1.44  
   138        4170          1531.61              1           1.32  
   139        4200          1531.58              1           2.02  
                                                        First-order 
 Iteration  Func-count       f(x)        Step-size       optimality
   140        4230          1531.54              1           2.73  
   141        4260          1531.49              1           2.32  
   142        4290          1531.47              1           1.37  
   143        4320          1531.47              1           1.37  
   144        4350          1531.47              1           1.33  
srun: error: slurm_receive_msg: Transport endpoint is not connected
srun: error: slurm_receive_msg[10.26.24.30]: Transport endpoint is not connected
srun: error: invalid type trying to be freed 65534
   145        4380          1531.46              1           1.29  
   146        4410          1531.46              1            1.2  
   147        4440          1531.46              1           1.11  
   148        4470          1531.44              1           1.84  
   149        4500          1531.41              1           2.72  
srun: error: slurm_receive_msg: Transport endpoint is not connected
srun: error: slurm_receive_msg[10.26.24.30]: Transport endpoint is not connected
srun: error: invalid type trying to be freed 65534
srun: error: slurm_receive_msg: Transport endpoint is not connected
srun: error: slurm_receive_msg[10.26.24.30]: Transport endpoint is not connected
srun: error: invalid type trying to be freed 65534
   150        4530          1531.35              1            3.3  
srun: error: slurm_receive_msg: Transport endpoint is not connected
srun: error: slurm_receive_msg[10.26.24.30]: Transport endpoint is not connected
srun: error: invalid type trying to be freed 65534
srun: error: slurm_receive_msg: Transport endpoint is not connected
srun: error: slurm_receive_msg[10.26.24.30]: Transport endpoint is not connected
srun: error: invalid type trying to be freed 65534
   151        4560          1531.29              1           2.71  
   152        4590          1531.25              1           1.17  
   153        4620          1531.24              1          0.555  
srun: error: slurm_receive_msg: Transport endpoint is not connected
srun: error: slurm_receive_msg[10.26.24.30]: Transport endpoint is not connected
srun: error: invalid type trying to be freed 65534
srun: error: slurm_receive_msg: Transport endpoint is not connected
srun: error: slurm_receive_msg[10.26.24.30]: Transport endpoint is not connected
srun: error: invalid type trying to be freed 65534
   154        4650          1531.24              1          0.559  
   155        4680          1531.24              1           0.56  
   156        4710          1531.24              1          0.559  
   157        4740          1531.24              1          0.555  
   158        4770          1531.24              1          0.549  
   159        4800          1531.24              1          0.533  
                                                        First-order 
 Iteration  Func-count       f(x)        Step-size       optimality
   160        4830          1531.24              1          0.883  
   161        4860          1531.22              1           1.46  
srun: error: slurm_receive_msg: Transport endpoint is not connected
srun: error: slurm_receive_msg[10.26.24.30]: Transport endpoint is not connected
srun: error: invalid type trying to be freed 65534
srun: error: slurm_receive_msg: Transport endpoint is not connected
srun: error: slurm_receive_msg[10.26.24.30]: Transport endpoint is not connected
srun: error: invalid type trying to be freed 65534
   162        4890           1531.2              1           1.92  
   163        4920          1531.18              1           1.69  
   164        4950          1531.17              1          0.838  
   165        4980          1531.16              1          0.233  
   166        5010          1531.16              1          0.191  
   167        5040          1531.16              1          0.187  
srun: error: slurm_receive_msg: Transport endpoint is not connected
srun: error: slurm_receive_msg[10.26.24.30]: Transport endpoint is not connected
srun: error: invalid type trying to be freed 65534
srun: error: slurm_receive_msg: Transport endpoint is not connected
srun: error: slurm_receive_msg[10.26.24.30]: Transport endpoint is not connected
srun: error: invalid type trying to be freed 65534
   168        5070          1531.16              1          0.196  
srun: error: slurm_receive_msg: Transport endpoint is not connected
srun: error: slurm_receive_msg[10.26.24.30]: Transport endpoint is not connected
srun: error: invalid type trying to be freed 65534
srun: error: slurm_receive_msg: Transport endpoint is not connected
srun: error: slurm_receive_msg[10.26.24.30]: Transport endpoint is not connected
srun: error: invalid type trying to be freed 65534
   169        5100          1531.16              1          0.204  
   170        5130          1531.16              1          0.215  
   171        5160          1531.16              1          0.228  
   172        5190          1531.16              1          0.234  
srun: error: slurm_receive_msg: Transport endpoint is not connected
srun: error: slurm_receive_msg[10.26.24.30]: Transport endpoint is not connected
srun: error: invalid type trying to be freed 65534
srun: error: slurm_receive_msg: Transport endpoint is not connected
srun: error: slurm_receive_msg[10.26.24.30]: Transport endpoint is not connected
srun: error: invalid type trying to be freed 65534
   173        5220          1531.16              1          0.215  
   174        5250          1531.16              1          0.248  
srun: error: slurm_receive_msg: Transport endpoint is not connected
srun: error: slurm_receive_msg[10.26.24.30]: Transport endpoint is not connected
srun: error: invalid type trying to be freed 65534
srun: error: slurm_receive_msg: Transport endpoint is not connected
srun: error: slurm_receive_msg[10.26.24.30]: Transport endpoint is not connected
srun: error: invalid type trying to be freed 65534
   175        5400          1525.75        23.6539           31.1  
srun: error: slurm_receive_msg: Insane message length
srun: error: slurm_receive_msg[10.26.24.30]: Insane message length
srun: error: invalid type trying to be freed 65534
srun: error: slurm_receive_msg: Insane message length
srun: error: slurm_receive_msg[10.26.24.30]: Insane message length
srun: error: invalid type trying to be freed 65534
   176        5580          1525.75    1.47182e-05           31.2  
srun: error: slurm_receive_msg: Insane message length
srun: error: slurm_receive_msg[10.26.24.30]: Insane message length
srun: error: invalid type trying to be freed 65534
   177        5640          1525.39             10             30  
   178        5670          1524.28              1           8.35  
   179        5700          1523.66              1           5.59  
                                                        First-order 
 Iteration  Func-count       f(x)        Step-size       optimality
   180        5730          1522.98              1           5.06  
   181        5760          1522.86              1           3.58  
   182        5790          1522.84              1           3.27  
   183        5820          1522.84              1           3.25  
   184        5850          1522.84              1           3.23  
   185        5880          1522.82              1           3.17  
   186        5910          1522.79              1           3.09  
   187        5940          1522.71              1           5.02  
   188        5970          1522.53              1           7.11  
   189        6000          1522.22              1           8.52  
   190        6030           1521.9              1           6.67  
   191        6060          1521.76              1           2.64  
   192        6090          1521.73              1           1.28  
   193        6120          1521.73              1           1.33  
   194        6150          1521.73              1           1.34  
   195        6180          1521.73              1           1.36  
   196        6210          1521.73              1           1.39  
   197        6240          1521.72              1           1.44  
   198        6270           1521.7              1           2.62  
   199        6300          1521.66              1           4.26  
                                                        First-order 
 Iteration  Func-count       f(x)        Step-size       optimality
   200        6330          1521.57              1           5.89  
   201        6360          1521.44              1           6.11  
   202        6390          1521.33              1            4.1  
   203        6420          1521.28              1           1.44  
   204        6450          1521.27              1           0.26  
   205        6480          1521.27              1         0.0783  
   206        6510          1521.27              1          0.078  
   207        6540          1521.27              1         0.0776  
   208        6570          1521.27              1         0.0774  
   209        6600          1521.27              1          0.077  
   210        6630          1521.27              1         0.0762  
   211        6660          1521.27              1          0.116  
   212        6690          1521.27              1          0.213  
   213        6720          1521.27              1          0.349  
   214        6750          1521.27              1          0.528  
   215        6780          1521.27              1          0.656  
   216        6810          1521.27              1          0.558  
   217        6840          1521.27              1          0.251  
   218        6870          1521.27              1         0.0387  
   219        6900          1521.27              1       0.000591  
                                                        First-order 
 Iteration  Func-count       f(x)        Step-size       optimality
   220        6930          1521.27              1       0.000534  
   221        6960          1521.27              1       0.000427  

Local minimum possible.

fminunc stopped because it cannot decrease the objective function
along the current search direction.




Computing finite-difference Hessian using objective function.
Predicted change in objective function too small.
srun: error: io_init_msg_read too small
srun: error: failed reading io init message
srun: error: slurm_receive_msg: Insane message length
srun: error: slurm_receive_msg[10.26.24.30]: Insane message length
srun: error: invalid type trying to be freed 65534
srun: error: slurm_receive_msg: Insane message length
srun: error: slurm_receive_msg[10.26.24.30]: Insane message length
srun: error: invalid type trying to be freed 65534
Current draw: 1000 of 5000
srun: error: unpackmem: Buffer to be unpacked is too large (1951163745 > 1073741824)
srun: error: unpack error in io_init_msg_unpack
srun: error: Invalid IO init header version
srun: error: unpackmem: Buffer to be unpacked is too large (1935765607 > 1073741824)
srun: error: unpack error in io_init_msg_unpack
srun: error: Invalid IO init header version
srun: error: io_init_msg_read too small
srun: error: failed reading io init message
srun: error: unpackmem_xmalloc: Buffer to be unpacked is too large (1684369920 > 1073741824)
srun: error: unpacking header
srun: error: destroy_forward: no init
srun: error: slurm_receive_msg: Message receive failure
srun: error: slurm_receive_msg[10.26.24.30]: Message receive failure
srun: error: invalid type trying to be freed 65534
srun: error: slurm_receive_msg: Insane message length
srun: error: slurm_receive_msg[10.26.24.30]: Insane message length
srun: error: invalid type trying to be freed 65534
srun: error: unpackmem_xmalloc: Buffer to be unpacked is too large (1885828912 > 1073741824)
srun: error: unpacking header
srun: error: destroy_forward: no init
srun: error: slurm_receive_msg: Message receive failure
srun: error: slurm_receive_msg[10.26.24.30]: Message receive failure
srun: error: invalid type trying to be freed 65534
srun: error: unpackmem_xmalloc: Buffer to be unpacked is too large (1684369920 > 1073741824)
srun: error: unpacking header
srun: error: destroy_forward: no init
srun: error: slurm_receive_msg: Message receive failure
srun: error: slurm_receive_msg[10.26.24.30]: Message receive failure
srun: error: invalid type trying to be freed 65534
srun: error: slurm_receive_msg: Insane message length
srun: error: slurm_receive_msg[10.26.24.30]: Insane message length
srun: error: invalid type trying to be freed 65534
srun: error: unpackmem_xmalloc: Buffer to be unpacked is too large (1885828912 > 1073741824)
srun: error: unpacking header
srun: error: destroy_forward: no init
srun: error: slurm_receive_msg: Message receive failure
srun: error: slurm_receive_msg[10.26.24.30]: Message receive failure
srun: error: invalid type trying to be freed 65534
srun: error: unpack error in io_init_msg_unpack
srun: error: Invalid IO init header version
Current draw: 2000 of 5000
srun: error: slurm_receive_msg: Transport endpoint is not connected
srun: error: slurm_receive_msg[10.26.24.30]: Transport endpoint is not connected
srun: error: invalid type trying to be freed 65534
srun: error: slurm_receive_msg: Transport endpoint is not connected
srun: error: slurm_receive_msg[10.26.24.30]: Transport endpoint is not connected
srun: error: invalid type trying to be freed 65534
Current draw: 3000 of 5000
srun: error: slurm_receive_msg: Insane message length
srun: error: slurm_receive_msg[10.26.24.30]: Insane message length
srun: error: invalid type trying to be freed 65534
srun: error: slurm_receive_msg: Insane message length
srun: error: slurm_receive_msg[10.26.24.30]: Insane message length
srun: error: invalid type trying to be freed 65534
srun: error: unpack error in io_init_msg_unpack
srun: error: Invalid IO init header version
srun: error: unpackmem: Buffer to be unpacked is too large (1681731632 > 1073741824)
srun: error: unpack error in io_init_msg_unpack
srun: error: Invalid IO init header version
srun: error: unpack error in io_init_msg_unpack
srun: error: Invalid IO init header version
srun: error: unpack error in io_init_msg_unpack
srun: error: Invalid IO init header version
srun: error: unpackmem: Buffer to be unpacked is too large (1705384838 > 1073741824)
srun: error: unpack error in io_init_msg_unpack
srun: error: Invalid IO init header version
srun: error: slurm_receive_msg: Insane message length
srun: error: slurm_receive_msg[10.26.24.30]: Insane message length
srun: error: invalid type trying to be freed 65534
srun: error: slurm_receive_msg: Insane message length
srun: error: slurm_receive_msg[10.26.24.30]: Insane message length
srun: error: invalid type trying to be freed 65534
Current draw: 4000 of 5000
srun: error: slurm_receive_msg: Transport endpoint is not connected
srun: error: slurm_receive_msg[10.26.24.30]: Transport endpoint is not connected
srun: error: invalid type trying to be freed 65534
srun: error: slurm_receive_msg: Insane message length
srun: error: slurm_receive_msg[10.26.24.30]: Insane message length
srun: error: invalid type trying to be freed 65534
srun: error: slurm_receive_msg: Transport endpoint is not connected
srun: error: slurm_receive_msg[10.26.24.30]: Transport endpoint is not connected
srun: error: invalid type trying to be freed 65534
srun: error: slurm_receive_msg: Transport endpoint is not connected
srun: error: slurm_receive_msg[10.26.24.30]: Transport endpoint is not connected
srun: error: invalid type trying to be freed 65534
srun: error: slurm_receive_msg: Insane message length
srun: error: slurm_receive_msg[10.26.24.30]: Insane message length
srun: error: invalid type trying to be freed 65534
srun: error: slurm_receive_msg: Transport endpoint is not connected
srun: error: slurm_receive_msg[10.26.24.30]: Transport endpoint is not connected
srun: error: invalid type trying to be freed 65534
Current draw: 5000 of 5000
Elapsed time is 750.344592 seconds.
Ran Forecast Type 2for Model 103 and Horizon 12
Performing iteration ending on 2003M6 of model 104
Warning: This should be expanded with the country names in case of panel
> In abstvar/abstvar/check_inputs
  In abstvar
  In svar
  In scriptEstimateMode_FULL (line 96)
  In run (line 86)
  In msreg_2reg_endoprob_SVAR_FULL_OOS (line 231)
  In OOS_slurm_IF (line 4)
    'c(3,1,sync,1)>=c(3,1,sync,2)'
    'a0(1,GDPG)=0'
    'a0(1,MF)=0'
    'a0(2,GDPG)=0'
    'a1(3,GDPG,sync,1)=0'
    'a1(3,GDPG,sync,2)=0'

 parameter: A12, density:NORMAL, hyperparameters: [0.5 0.5],convergence 0
 parameter: A21, density:NORMAL, hyperparameters: [0.5 0.5],convergence 0
 parameter: B12, density:GAMMA, hyperparameters: [4 0.125],convergence 0
 parameter: C12, density:GAMMA, hyperparameters: [4 0.125],convergence 0
 parameter: B21, density:GAMMA, hyperparameters: [4 0.125],convergence 0
 parameter: C21, density:GAMMA, hyperparameters: [4 0.125],convergence 0
                                                        First-order 
 Iteration  Func-count       f(x)        Step-size       optimality
     0          35          11406.9                      1.88e+04
     1          70          2923.82    5.32869e-05       1.91e+03  
     2         105          2508.54              1       1.38e+03  
     3         140          2040.98              1            578  
     4         175          1926.82              1            348  
     5         210          1843.08              1            313  
     6         245          1807.02              1            272  
     7         280          1788.89              1            204  
     8         315          1775.83              1            164  
     9         350          1762.87              1            163  
    10         385           1751.1              1            181  
    11         420          1736.26              1            280  
    12         455          1719.36              1            291  
    13         490          1695.17              1            266  
    14         525          1674.38              1            278  
    15         560          1661.63              1            161  
    16         595          1655.04              1           76.8  
    17         630          1651.57              1           74.1  
    18         665          1648.62              1           92.3  
    19         700          1644.12              1            116  
                                                        First-order 
 Iteration  Func-count       f(x)        Step-size       optimality
    20         735          1637.86              1            110  
    21         770          1629.19              1            150  
    22         805          1620.67              1            115  
    23         840          1615.61              1           93.8  
    24         875          1611.92              1             89  
    25         910          1607.23              1           96.4  
    26         945          1601.71              1            135  
    27         980           1596.3              1            136  
    28        1015          1591.43              1           89.4  
    29        1050          1587.11              1           78.7  
    30        1085          1583.61              1           84.4  
    31        1120          1578.56              1            138  
    32        1155          1573.05              1            120  
    33        1190          1569.24              1           78.4  
    34        1225          1567.12              1           39.5  
    35        1260          1565.74              1           38.7  
    36        1295          1564.16              1           58.4  
    37        1330          1561.32              1           93.4  
    38        1365          1556.96              1            115  
    39        1400          1550.81              1            100  
                                                        First-order 
 Iteration  Func-count       f(x)        Step-size       optimality
    40        1435          1540.55              1           64.7  
    41        1470          1537.57              1           55.7  
    42        1505          1536.08              1           48.7  
    43        1540          1535.25              1             45  
    44        1575          1533.58              1           37.6  
    45        1610          1531.19              1           71.7  
    46        1645          1528.23              1           84.4  
    47        1680          1526.71              1           57.9  
    48        1715          1526.26              1           22.6  
    49        1750          1526.11              1           21.2  
    50        1785          1525.99              1           19.3  
    51        1820          1525.59              1           38.5  
    52        1925          1525.45         0.2401           39.5  
    53        2030          1525.22           0.19             37  
    54        2695          1525.22    0.000717186           79.2  
    55        4620          1525.22    3.03468e-07            998  

Local minimum possible.

fminunc stopped because it cannot decrease the objective function
along the current search direction.




Computing finite-difference Hessian using objective function.
Predicted change in objective function too small.
Current draw: 1000 of 5000
Current draw: 2000 of 5000
Current draw: 3000 of 5000
Current draw: 4000 of 5000
Current draw: 5000 of 5000
Elapsed time is 626.587043 seconds.
Ran Forecast Type 2for Model 104 and Horizon 12
Performing iteration ending on 2003M6 of model 105
Warning: This should be expanded with the country names in case of panel
> In abstvar/abstvar/check_inputs
  In abstvar
  In svar
  In scriptEstimateMode_FULL (line 96)
  In run (line 86)
  In msreg_2reg_endoprob_SVAR_FULL_OOS (line 231)
  In OOS_slurm_IF (line 4)
    'c(3,1,sync,1)>=c(3,1,sync,2)'
    'a0(1,GDPG,sync,1)=0'
    'a0(2,GDPG,sync,1)=0'
    'a0(1,MF,sync,1)=0'
    'a0(1,GDPG,sync,2)=0'
    'a0(2,GDPG,sync,2)=0'
    'a0(1,MF,sync,2)=0'
    'a1(3,GDPG)=0'
    's(3,3,sync,1)<=s(3,3,sync,2)'

 parameter: A12, density:NORMAL, hyperparameters: [0.5 0.5],convergence 0
 parameter: A21, density:NORMAL, hyperparameters: [0.5 0.5],convergence 0
 parameter: B12, density:GAMMA, hyperparameters: [4 0.125],convergence 0
 parameter: C12, density:GAMMA, hyperparameters: [4 0.125],convergence 0
 parameter: B21, density:GAMMA, hyperparameters: [4 0.125],convergence 0
 parameter: C21, density:GAMMA, hyperparameters: [4 0.125],convergence 0
                                                        First-order 
 Iteration  Func-count       f(x)        Step-size       optimality
     0          33          11406.9                      1.09e+04
     1          66          2908.96    9.20834e-05          2e+03  
     2          99          2311.53              1       1.39e+03  
     3         132          1958.34              1            569  
     4         165          1715.33              1            218  
     5         198          1653.39              1           87.9  
     6         231          1633.83              1           95.2  
     7         264          1626.77              1           95.6  
     8         297           1618.6              1           99.3  
     9         330          1604.27              1            131  
    10         363          1584.59              1            132  
    11         396           1567.9              1            150  
    12         429          1558.22              1            129  
    13         462          1551.85              1           85.9  
    14         495          1544.81              1            107  
    15         528          1537.28              1            126  
    16         561          1532.45              1           94.5  
    17         594          1528.39              1           86.1  
    18         627          1522.65              1            153  
    19         660          1515.18              1            217  
                                                        First-order 
 Iteration  Func-count       f(x)        Step-size       optimality
    20         693          1510.06              1            146  
    21         726          1507.44              1           51.2  
    22         759          1505.29              1           79.6  
    23         792          1502.87              1            148  
    24         825          1499.59              1            157  
    25         858           1496.7              1           83.9  
    26         891          1494.35              1             75  
    27         924          1491.73              1            140  
    28         957          1487.65              1            239  
    29         990          1482.68              1            193  
    30        1023          1479.74              1           52.3  
    31        1056          1478.58              1             33  
    32        1089          1476.83              1            119  
    33        1122          1473.55              1            205  
    34        1155          1469.14              1            223  
    35        1188          1465.87              1            137  
    36        1221          1464.52              1           34.1  
    37        1254          1463.89              1           35.2  
    38        1287          1463.16              1           78.8  
    39        1320          1461.99              1            114  
                                                        First-order 
 Iteration  Func-count       f(x)        Step-size       optimality
    40        1353          1460.62              1            102  
    41        1386          1459.68              1           44.7  
    42        1419          1459.16              1           32.9  
    43        1452          1458.62              1           52.2  
    44        1485          1457.69              1           96.4  
    45        1518          1456.24              1            120  
    46        1551          1454.77              1           91.9  
    47        1650          1454.54           0.19           80.2  
    48        1980          1454.35       0.113849           69.6  
    49        2706          1454.35     0.00111839            564  

Local minimum possible.

fminunc stopped because it cannot decrease the objective function
along the current search direction.




Computing finite-difference Hessian using objective function.
Predicted change in objective function too small.
Current draw: 1000 of 5000
Current draw: 2000 of 5000
Current draw: 3000 of 5000
Current draw: 4000 of 5000
Current draw: 5000 of 5000
Elapsed time is 518.230533 seconds.
Ran Forecast Type 2for Model 105 and Horizon 12
Performing iteration ending on 2003M6 of model 106
Warning: This should be expanded with the country names in case of panel
> In abstvar/abstvar/check_inputs
  In abstvar
  In svar
  In scriptEstimateMode_FULL (line 96)
  In run (line 86)
  In msreg_2reg_endoprob_SVAR_FULL_OOS (line 231)
  In OOS_slurm_IF (line 4)
    'c(3,1,sync,1)>=c(3,1,sync,2)'
    'a0(1,GDPG)=0'
    'a0(1,MF)=0'
    'a0(2,GDPG)=0'
    'a1(3,GDPG,sync,1)=0'
    'a1(3,GDPG,sync,2)=0'
    's(3,3,sync,1)<=s(3,3,sync,2)'

 parameter: A12, density:NORMAL, hyperparameters: [0.5 0.5],convergence 0
 parameter: A21, density:NORMAL, hyperparameters: [0.5 0.5],convergence 0
 parameter: B12, density:GAMMA, hyperparameters: [4 0.125],convergence 0
 parameter: C12, density:GAMMA, hyperparameters: [4 0.125],convergence 0
 parameter: B21, density:GAMMA, hyperparameters: [4 0.125],convergence 0
 parameter: C21, density:GAMMA, hyperparameters: [4 0.125],convergence 0
                                                        First-order 
 Iteration  Func-count       f(x)        Step-size       optimality
     0          38          11406.9                      1.09e+04
     1          76          2799.93    9.20834e-05       1.69e+03  
     2         114          2328.31              1       1.05e+03  
     3         152          1869.01              1            357  
     4         190          1749.49              1            162  
     5         228          1697.86              1            148  
     6         266          1678.15              1            149  
     7         304          1664.56              1            143  
     8         342          1649.92              1            123  
     9         380          1635.79              1           83.7  
    10         418          1620.22              1           95.4  
    11         456           1587.2              1            194  
    12         494          1575.46              1            183  
    13         532          1566.29              1            143  
    14         570          1543.28              1            199  
    15         608          1537.14              1           84.6  
    16         646          1532.25              1           65.6  
    17         684          1516.36              1            142  
    18         722           1509.7              1            150  
    19         760          1503.48              1            120  
                                                        First-order 
 Iteration  Func-count       f(x)        Step-size       optimality
    20         798          1499.59              1            133  
    21         836          1489.91              1            147  
    22         874          1481.63              1            203  
    23         912          1475.14              1           91.5  
    24         950          1470.64              1           95.6  
    25         988          1469.05              1           42.7  
    26        1026          1467.45              1           36.8  
    27        1064          1463.66              1           37.8  
    28        1102          1461.13              1           46.7  
    29        1140          1457.82              1           66.7  
    30        1178          1454.98              1           64.8  
    31        1216          1451.22              1           67.3  
    32        1254          1448.28              1           52.3  
    33        1292           1446.7              1           32.8  
    34        1330          1445.47              1           47.2  
    35        1368           1443.7              1           54.5  
    36        1406          1441.07              1             65  
    37        1444          1438.08              1           58.5  
    38        1482          1436.35              1           30.1  
    39        1520          1435.95              1           21.1  
                                                        First-order 
 Iteration  Func-count       f(x)        Step-size       optimality
    40        1558          1435.54              1           20.3  
    41        1634          1435.35       0.388925           20.6  
    42        3002          1435.23      0.0892033            826  

Local minimum possible.

fminunc stopped because it cannot decrease the objective function
along the current search direction.




Computing finite-difference Hessian using objective function.
Predicted change in objective function too small.
Current draw: 1000 of 5000
Current draw: 2000 of 5000
Current draw: 3000 of 5000
Current draw: 4000 of 5000
Current draw: 5000 of 5000
Elapsed time is 546.917606 seconds.
Ran Forecast Type 2for Model 106 and Horizon 12
Performing iteration ending on 2003M6 of model 107
Warning: This should be expanded with the country names in case of panel
> In abstvar/abstvar/check_inputs
  In abstvar
  In svar
  In scriptEstimateMode_FULL (line 96)
  In run (line 86)
  In msreg_2reg_endoprob_SVAR_FULL_OOS (line 231)
  In OOS_slurm_IF (line 4)
    'c(3,1,sync,1)>=c(3,1,sync,2)'
    'a0(1,GDPG,sync,1)=0'
    'a0(2,GDPG,sync,1)=0'
    'a0(1,MF,sync,1)=0'
    'a0(1,GDPG,sync,2)=0'
    'a0(2,GDPG,sync,2)=0'
    'a0(1,MF,sync,2)=0'
    'a1(3,GDPG,sync,1)=0'
    'a1(3,GDPG,sync,2)=0'
    's(3,3,sync,1)<=s(3,3,sync,2)'

 parameter: A12, density:NORMAL, hyperparameters: [0.5 0.5],convergence 0
 parameter: A21, density:NORMAL, hyperparameters: [0.5 0.5],convergence 0
 parameter: B12, density:GAMMA, hyperparameters: [4 0.125],convergence 0
 parameter: C12, density:GAMMA, hyperparameters: [4 0.125],convergence 0
 parameter: B21, density:GAMMA, hyperparameters: [4 0.125],convergence 0
 parameter: C21, density:GAMMA, hyperparameters: [4 0.125],convergence 0
                                                        First-order 
 Iteration  Func-count       f(x)        Step-size       optimality
     0          41          11406.9                      1.09e+04
     1          82          2854.34    9.20834e-05       1.79e+03  
     2         123           2347.6              1       1.08e+03  
     3         164          1888.07              1            370  
     4         205          1765.45              1            170  
     5         246          1714.81              1            141  
     6         287          1696.16              1            142  
     7         328          1683.33              1            138  
     8         369           1669.4              1            123  
     9         410          1655.12              1           89.6  
    10         451          1639.72              1            105  
    11         492          1612.15              1            155  
    12         533          1600.14              1            154  
    13         574          1592.25              1            128  
    14         615          1574.39              1            209  
    15         656           1564.6              1             74  
    16         697          1560.85              1           70.3  
    17         738          1541.02              1            217  
    18         779          1536.05              1            123  
    19         820          1531.18              1           90.1  
                                                        First-order 
 Iteration  Func-count       f(x)        Step-size       optimality
    20         861          1527.62              1           99.3  
    21         902          1516.22              1            101  
    22         943          1509.55              1            107  
    23         984          1502.27              1           67.3  
    24        1025           1499.3              1           43.9  
    25        1066           1497.8              1           59.6  
    26        1107          1495.38              1           44.5  
    27        1148          1491.75              1           34.4  
    28        1189          1487.95              1           42.4  
    29        1230           1486.5              1           56.4  
    30        1271          1484.39              1           44.5  
    31        1312          1480.33              1           61.4  
    32        1353          1475.24              1             85  
    33        1394          1471.66              1           53.5  
    34        1435          1469.35              1           39.5  
    35        1476          1467.22              1           53.7  
    36        1517          1462.93              1            104  
    37        1558          1456.78              1            112  
    38        1599          1451.86              1           75.9  
    39        1640          1449.95              1           23.3  
                                                        First-order 
 Iteration  Func-count       f(x)        Step-size       optimality
    40        1681          1449.41              1           21.4  
    41        1722          1448.98              1           24.4  
    42        1763          1448.23              1           31.2  
    43        1804          1447.17              1           33.6  
    44        1886          1446.59            0.5           27.6  
    45        2009          1446.29           0.19           22.8  
    46        3157          1446.09       0.105865            540  

Local minimum possible.

fminunc stopped because it cannot decrease the objective function
along the current search direction.




Computing finite-difference Hessian using objective function.
Predicted change in objective function too small.
Current draw: 1000 of 5000
Current draw: 2000 of 5000
Current draw: 3000 of 5000
Current draw: 4000 of 5000
Current draw: 5000 of 5000
Elapsed time is 559.171596 seconds.
Ran Forecast Type 2for Model 107 and Horizon 12
Performing iteration ending on 2003M6 of model 108
Warning: This should be expanded with the country names in case of panel
> In abstvar/abstvar/check_inputs
  In abstvar
  In svar
  In scriptEstimateMode_FULL (line 96)
  In run (line 86)
  In msreg_2reg_endoprob_SVAR_FULL_OOS (line 231)
  In OOS_slurm_IF (line 4)
    'c(3,1,sync,1)>=c(3,1,sync,2)'
    'a0(1,GDPG)=0'
    'a0(1,MF)=0'
    'a0(2,GDPG)=0'
    'a1(3,GDPG)=0'
    's(3,3,sync,1)<=s(3,3,sync,2)'

 parameter: A12, density:NORMAL, hyperparameters: [0.5 0.5],convergence 0
 parameter: A21, density:NORMAL, hyperparameters: [0.5 0.5],convergence 0
 parameter: B12, density:GAMMA, hyperparameters: [4 0.125],convergence 0
 parameter: C12, density:GAMMA, hyperparameters: [4 0.125],convergence 0
 parameter: B21, density:GAMMA, hyperparameters: [4 0.125],convergence 0
 parameter: C21, density:GAMMA, hyperparameters: [4 0.125],convergence 0
                                                        First-order 
 Iteration  Func-count       f(x)        Step-size       optimality
     0          28          11406.9                      1.09e+04
     1          56          2860.71    9.20834e-05       1.93e+03  
     2          84          2296.07              1       1.27e+03  
     3         112          1983.01              1            580  
     4         140          1770.97              1            232  
     5         168          1718.57              1            144  
     6         196           1699.7              1            162  
     7         224           1690.9              1            158  
     8         252          1680.94              1            135  
     9         280          1668.25              1             95  
    10         308          1655.05              1            103  
    11         336          1646.59              1           91.5  
    12         364          1643.76              1           65.2  
    13         392          1640.22              1           51.6  
    14         420           1637.2              1           55.1  
    15         448          1634.35              1           73.8  
    16         476          1631.06              1           84.6  
    17         504          1625.72              1           90.4  
    18         532          1618.53              1            127  
    19         560          1612.58              1           94.4  
                                                        First-order 
 Iteration  Func-count       f(x)        Step-size       optimality
    20         588          1609.42              1           57.1  
    21         616          1607.43              1           60.3  
    22         644           1604.7              1           61.2  
    23         672          1599.23              1            105  
    24         700           1590.3              1            129  
    25         728          1580.83              1            107  
    26         756           1575.3              1           78.1  
    27         784           1572.7              1           73.4  
    28         812          1569.66              1           74.6  
    29         840          1565.42              1            133  
    30         868          1560.34              1            132  
    31         896           1557.5              1           45.3  
    32         924          1556.69              1           34.2  
    33         952          1556.17              1           30.8  
    34        1008          1555.61       0.640152             40  
    35        1652          1555.43      0.0864293           60.7  
    36        1876          1555.43     1.3164e-06            994  
    37        2548          1555.43     3.2338e-14            994  

Local minimum possible.

fminunc stopped because the size of the current step is less than
the selected value of the step size tolerance.




Local minimum possible.

fminunc stopped because it cannot decrease the objective function
along the current search direction.




Computing finite-difference Hessian using objective function.
Predicted change in objective function too small.
Current draw: 1000 of 5000
Current draw: 2000 of 5000
Current draw: 3000 of 5000
Current draw: 4000 of 5000
Current draw: 5000 of 5000
Elapsed time is 501.797469 seconds.
Ran Forecast Type 2for Model 108 and Horizon 12
