94
------------------------------------------
Setting up environment variables
---
LD_LIBRARY_PATH is .:/opt/MATLAB/R2017a/runtime/glnxa64:/opt/MATLAB/R2017a/bin/glnxa64:/opt/MATLAB/R2017a/sys/os/glnxa64:/opt/MATLAB/R2017a/sys/opengl/lib/glnxa64
Warning: Method directories not allowed in MATLAB path: /if/home/m1pac03/.mcrCache9.2/OOS_sl0/if/gms_research_gar/GAR/MS-VAR/RISE_toolbox2/classes/models/@dsge/private

	Personal pathdef has been created in your preference directory:
	/if/home/m1pac03/.mcrCache9.2/OOS_sl0/.matlab

Running on SLURM; using 1 cores as assigned on this node.

Performing iteration ending on 2006M10 of model 101
Warning: This should be expanded with the country names in case of panel
> In abstvar/abstvar/check_inputs
  In abstvar
  In svar
  In scriptEstimateMode_FULL (line 96)
  In run (line 86)
  In msreg_2reg_endoprob_SVAR_FULL_OOS (line 231)
  In OOS_slurm_IF (line 4)
    'c(3,1,sync,1)>=c(3,1,sync,2)'
    'a0(1,GDPG)=0'
    'a0(1,MF)=0'
    'a0(2,GDPG)=0'
    'a1(3,GDPG)=0'

 parameter: A12, density:NORMAL, hyperparameters: [0.5 0.5],convergence 0
 parameter: A21, density:NORMAL, hyperparameters: [0.5 0.5],convergence 0
 parameter: B12, density:GAMMA, hyperparameters: [4 0.125],convergence 0
 parameter: C12, density:GAMMA, hyperparameters: [4 0.125],convergence 0
 parameter: B21, density:GAMMA, hyperparameters: [4 0.125],convergence 0
 parameter: C21, density:GAMMA, hyperparameters: [4 0.125],convergence 0
                                                        First-order 
 Iteration  Func-count       f(x)        Step-size       optimality
     0          27          11864.2                      1.92e+04
     1          54          3033.86    5.19762e-05       1.87e+03  
     2          81          2644.62              1       1.36e+03  
     3         108          2070.62              1            480  
     4         135           1942.8              1            248  
     5         162           1901.2              1            176  
     6         189          1890.34              1            192  
     7         216          1882.11              1            192  
     8         243          1869.37              1            172  
     9         270          1853.14              1            120  
    10         297          1836.73              1            122  
    11         324          1827.36              1            144  
    12         351          1823.56              1            122  
    13         378          1815.16              1           74.5  
    14         405          1810.36              1           72.1  
    15         432          1807.46              1           71.5  
    16         459          1805.25              1           76.6  
    17         486          1799.48              1           88.3  
    18         513          1789.36              1            118  
    19         540          1777.49              1           99.4  
                                                        First-order 
 Iteration  Func-count       f(x)        Step-size       optimality
    20         567          1770.47              1           72.7  
    21         594          1766.65              1           68.9  
    22         621          1764.78              1           64.6  
    23         648          1761.98              1           72.4  
    24         675          1755.66              1           93.8  
    25         702           1747.2              1           82.2  
    26         729          1739.93              1           94.6  
    27         756          1736.22              1           73.3  
    28         783          1734.61              1           67.7  
    29         810          1731.45              1           74.7  
    30         837          1726.21              1           82.7  
    31         864          1718.51              1           63.5  
    32         891          1713.46              1           38.7  
    33         918          1712.06              1             29  
    34         945           1711.6              1           22.1  
    35         972          1711.39              1           23.8  
    36         999          1710.94              1           22.7  
    37        1026          1710.14              1           15.3  
    38        1053          1709.14              1           22.8  
    39        1080          1708.53              1             19  
                                                        First-order 
 Iteration  Func-count       f(x)        Step-size       optimality
    40        1107          1708.32              1           22.7  
    41        1134          1708.18              1           23.1  
    42        1161           1707.9              1           20.5  
    43        1188           1707.5              1           14.3  
    44        1215          1707.12              1           13.4  
    45        1242          1706.94              1             12  
    46        1269          1706.88              1           11.2  
    47        1296          1706.83              1           10.7  
    48        1323           1706.7              1             10  
    49        1350           1706.4              1           14.1  
    50        1377          1705.67              1           24.4  
    51        1404          1704.32              1           33.3  
    52        1431          1702.61              1           30.6  
    53        1458           1701.5              1           22.8  
    54        1485          1701.21              1             22  
    55        1512          1701.15              1           20.6  
    56        1539          1701.04              1           17.9  
    57        1566          1700.85              1           12.6  
    58        1593           1700.6              1           9.81  
    59        1620          1700.43              1           8.31  
                                                        First-order 
 Iteration  Func-count       f(x)        Step-size       optimality
    60        1647          1700.38              1           9.63  
    61        1674          1700.36              1           9.12  
    62        1701          1700.33              1            8.1  
    63        1728          1700.27              1           6.16  
    64        1755           1700.1              1           9.75  
    65        1782          1699.75              1           14.3  
    66        1809          1699.27              1           15.1  
    67        1836          1698.98              1           11.7  
    68        1863           1698.8              1           10.2  
    69        1890          1698.77              1           9.74  
    70        1917          1698.65              1           9.12  
    71        1944          1698.41              1           13.1  
    72        1971          1697.78              1           19.9  
    73        1998          1696.61              1             28  
    74        2025          1695.19              1           26.8  
    75        2052          1693.86              1           29.9  
    76        2079          1693.25              1           27.5  
    77        2106          1693.06              1           35.6  
    78        2133           1692.8              1           31.9  
    79        2160          1692.21              1           26.5  
                                                        First-order 
 Iteration  Func-count       f(x)        Step-size       optimality
    80        2187          1690.62              1           22.8  
    81        2214          1687.96              1           24.7  
    82        2241          1685.11              1           30.3  
    83        2268          1683.88              1           38.1  
    84        2295          1683.35              1           41.4  
    85        2322          1683.12              1           40.2  
    86        2349           1682.2              1           34.1  
    87        2376          1680.76              1           22.1  
    88        2403          1678.91              1           16.8  
    89        2430          1677.77              1           15.2  
    90        2457          1677.13              1             11  
    91        2484             1677              1             10  
    92        2511          1676.92              1           8.61  
    93        2538          1676.88              1           8.54  
    94        2565          1676.76              1           8.24  
    95        2592          1676.55              1           7.67  
    96        2619          1676.15              1           10.3  
    97        2646          1675.74              1           8.11  
    98        2673          1675.54              1           5.82  
    99        2700           1675.5              1           5.01  
                                                        First-order 
 Iteration  Func-count       f(x)        Step-size       optimality
   100        2727          1675.49              1           5.23  
   101        2754          1675.46              1           5.45  
   102        2781          1675.38              1           5.56  
   103        2808           1675.2              1           7.18  
   104        2835          1674.84              1           10.6  
   105        2862          1674.31              1           11.2  
   106        2889          1673.91              1           9.45  
   107        2916          1673.79              1           7.12  
   108        2943          1673.76              1           6.79  
   109        2970          1673.74              1           6.36  
   110        2997          1673.68              1           5.54  
   111        3024          1673.57              1           5.92  
   112        3051          1673.34              1           7.56  
   113        3078          1673.05              1           7.28  
   114        3105          1672.88              1           4.31  
   115        3132          1672.84              1           4.81  
   116        3159          1672.83              1            4.9  
   117        3186          1672.82              1            4.9  
   118        3213           1672.8              1           4.86  
   119        3240          1672.75              1           4.72  
                                                        First-order 
 Iteration  Func-count       f(x)        Step-size       optimality
   120        3267          1672.61              1           4.29  
   121        3294          1672.33              1           5.67  
   122        3321          1671.88              1           6.58  
   123        3348          1671.47              1           4.77  
   124        3375          1671.31              1           2.69  
   125        3402          1671.29              1           2.54  
   126        3429          1671.29              1           2.46  
   127        3456          1671.29              1           2.39  
   128        3483          1671.28              1           2.27  
   129        3510          1671.26              1           2.03  
   130        3537          1671.23              1           1.59  
   131        3564          1671.16              1           1.95  
   132        3591          1671.09              1           1.71  
   133        3618          1671.04              1           1.79  
   134        3645          1671.03              1           1.66  
   135        3672          1671.03              1           1.53  
   136        3699          1671.03              1           1.46  
   137        3726          1671.03              1           1.29  
   138        3753          1671.02              1           1.14  
   139        3780          1671.01              1           1.25  
                                                        First-order 
 Iteration  Func-count       f(x)        Step-size       optimality
   140        3807          1670.99              1           1.32  
   141        3834          1670.94              1           1.19  
   142        3861          1670.89              1          0.969  
   143        3888          1670.87              1          0.575  
   144        3915          1670.86              1          0.195  
   145        3942          1670.86              1          0.184  
   146        3969          1670.86              1          0.183  
   147        3996          1670.86              1          0.182  
   148        4023          1670.86              1          0.181  
   149        4050          1670.86              1          0.178  
   150        4077          1670.86              1          0.173  
   151        4104          1670.86              1          0.162  
   152        4131          1670.86              1          0.167  
   153        4158          1670.86              1          0.183  
   154        4185          1670.85              1          0.174  
   155        4212          1670.85              1          0.153  
   156        4239          1670.85              1          0.134  
   157        4266          1670.85              1          0.127  
   158        4293          1670.85              1          0.123  
   159        4320          1670.85              1          0.114  
                                                        First-order 
 Iteration  Func-count       f(x)        Step-size       optimality
   160        4347          1670.85              1          0.102  
   161        4374          1670.85              1          0.106  
   162        4401          1670.85              1           0.11  
   163        4428          1670.85              1          0.105  
   164        4455          1670.85              1         0.0924  
   165        4482          1670.85              1         0.0871  
   166        4509          1670.85              1         0.0359  
   167        4536          1670.85              1         0.0145  
   168        4563          1670.85              1         0.0146  
   169        4590          1670.85              1         0.0146  
   170        4617          1670.85              1         0.0146  
   171        4671          1670.85             10         0.0148  
   172        4698          1670.85              1         0.0146  
   173        4725          1670.85              1         0.0223  
   174        4752          1670.85              1         0.0335  
   175        4779          1670.85              1         0.0365  
   176        4806          1670.85              1         0.0223  
   177        4833          1670.85              1        0.00517  
   178        4860          1670.85              1       0.000839  
   179        4887          1670.85              1        0.00032  
                                                        First-order 
 Iteration  Func-count       f(x)        Step-size       optimality
   180        4941          1670.85       0.299246       0.000201  

Local minimum found.

Optimization completed because the size of the gradient is less than
the selected value of the optimality tolerance.




Computing finite-difference Hessian using objective function.
First order optimality conditions satisfied.
Current draw: 1000 of 5000
Current draw: 2000 of 5000
Current draw: 3000 of 5000
Current draw: 4000 of 5000
Current draw: 5000 of 5000
Elapsed time is 656.288773 seconds.
Ran Forecast Type 2for Model 101 and Horizon 12
Performing iteration ending on 2006M10 of model 102
Warning: This should be expanded with the country names in case of panel
> In abstvar/abstvar/check_inputs
  In abstvar
  In svar
  In scriptEstimateMode_FULL (line 96)
  In run (line 86)
  In msreg_2reg_endoprob_SVAR_FULL_OOS (line 231)
  In OOS_slurm_IF (line 4)
    'c(3,1,sync,1)>=c(3,1,sync,2)'
    'a0(1,GDPG)=0'
    'a0(1,MF)=0'
    'a0(2,GDPG)=0'
    'a1(3,GDPG)=0'
    's(3,3,sync,1)<=s(3,3,sync,2)'

 parameter: A12, density:NORMAL, hyperparameters: [0.5 0.5],convergence 0
 parameter: A21, density:NORMAL, hyperparameters: [0.5 0.5],convergence 0
 parameter: B12, density:GAMMA, hyperparameters: [4 0.125],convergence 0
 parameter: C12, density:GAMMA, hyperparameters: [4 0.125],convergence 0
 parameter: B21, density:GAMMA, hyperparameters: [4 0.125],convergence 0
 parameter: C21, density:GAMMA, hyperparameters: [4 0.125],convergence 0
                                                        First-order 
 Iteration  Func-count       f(x)        Step-size       optimality
     0          30          11864.2                       1.1e+04
     1          60           3049.1    9.10225e-05        2.1e+03  
     2          90          2453.67              1       1.49e+03  
     3         120           2105.8              1            615  
     4         150          1844.69              1            221  
     5         180          1786.06              1            117  
     6         210          1766.72              1            121  
     7         240          1756.91              1            119  
     8         270          1742.34              1            152  
     9         300          1719.59              1            165  
    10         330          1696.26              1            169  
    11         360          1683.24              1            152  
    12         390          1673.35              1            106  
    13         420          1667.13              1           90.2  
    14         450          1660.29              1           99.9  
    15         480          1653.98              1            118  
    16         510          1647.76              1            113  
    17         540          1638.63              1            148  
    18         570          1629.76              1            176  
    19         600          1625.24              1            101  
                                                        First-order 
 Iteration  Func-count       f(x)        Step-size       optimality
    20         630          1621.59              1           68.8  
    21         660          1618.18              1            118  
    22         690           1614.6              1            167  
    23         720          1612.05              1            109  
    24         750          1610.26              1             52  
    25         780          1608.59              1           81.6  
    26         810          1604.69              1            208  
    27         840          1598.56              1            297  
    28         870          1591.26              1            257  
    29         900          1587.64              1           95.5  
    30         930          1586.75              1           31.3  
    31         960           1586.2              1           47.9  
    32         990          1585.18              1           99.2  
    33        1020          1583.68              1            126  
    34        1050          1582.21              1           98.3  
    35        1080          1581.51              1           38.4  
    36        1110           1581.3              1           14.4  
    37        1140          1581.16              1           22.6  
    38        1170          1580.89              1           46.9  
    39        1200          1580.44              1             63  
                                                        First-order 
 Iteration  Func-count       f(x)        Step-size       optimality
    40        1230          1579.92              1           54.2  
    41        1260          1579.57              1           23.6  
    42        1290          1579.37              1           24.1  
    43        1320          1579.14              1           30.2  
    44        1350          1578.72              1           58.5  
    45        1380          1578.03              1           77.2  
    46        1410          1577.28              1           63.9  
    47        2220          1577.21       0.109879            372  

Local minimum possible.

fminunc stopped because it cannot decrease the objective function
along the current search direction.




Computing finite-difference Hessian using objective function.
Predicted change in objective function too small.
Current draw: 1000 of 5000
Current draw: 2000 of 5000
Current draw: 3000 of 5000
Current draw: 4000 of 5000
Current draw: 5000 of 5000
Elapsed time is 506.078287 seconds.
Ran Forecast Type 2for Model 102 and Horizon 12
Performing iteration ending on 2006M10 of model 103
Warning: This should be expanded with the country names in case of panel
> In abstvar/abstvar/check_inputs
  In abstvar
  In svar
  In scriptEstimateMode_FULL (line 96)
  In run (line 86)
  In msreg_2reg_endoprob_SVAR_FULL_OOS (line 231)
  In OOS_slurm_IF (line 4)
    'c(3,1,sync,1)>=c(3,1,sync,2)'
    'a0(1,GDPG,sync,1)=0'
    'a0(2,GDPG,sync,1)=0'
    'a0(1,MF,sync,1)=0'
    'a0(1,GDPG,sync,2)=0'
    'a0(2,GDPG,sync,2)=0'
    'a0(1,MF,sync,2)=0'
    'a1(3,GDPG)=0'

 parameter: A12, density:NORMAL, hyperparameters: [0.5 0.5],convergence 0
 parameter: A21, density:NORMAL, hyperparameters: [0.5 0.5],convergence 0
 parameter: B12, density:GAMMA, hyperparameters: [4 0.125],convergence 0
 parameter: C12, density:GAMMA, hyperparameters: [4 0.125],convergence 0
 parameter: B21, density:GAMMA, hyperparameters: [4 0.125],convergence 0
 parameter: C21, density:GAMMA, hyperparameters: [4 0.125],convergence 0
                                                        First-order 
 Iteration  Func-count       f(x)        Step-size       optimality
     0          30          11864.2                      1.92e+04
     1          60           3077.1    5.19762e-05       1.95e+03  
     2          90          2672.21              1       1.41e+03  
     3         120          2084.15              1            499  
     4         150          1952.31              1            250  
     5         180          1910.67              1            174  
     6         210           1900.7              1            189  
     7         240          1893.41              1            189  
     8         270          1880.99              1            169  
     9         300          1864.59              1            112  
    10         330          1847.66              1            125  
    11         360           1837.7              1            104  
    12         390          1835.68              1           92.4  
    13         420          1830.96              1           53.5  
    14         450          1825.69              1           52.8  
    15         480          1821.22              1           66.7  
    16         510          1818.38              1           86.1  
    17         540          1815.98              1           85.5  
    18         570          1811.05              1             81  
    19         600          1802.54              1           94.5  
                                                        First-order 
 Iteration  Func-count       f(x)        Step-size       optimality
    20         630          1794.21              1           74.1  
    21         660          1789.95              1             61  
    22         690          1787.71              1           57.1  
    23         720          1786.17              1           52.5  
    24         750          1783.32              1           60.6  
    25         780          1777.64              1           79.8  
    26         810          1769.64              1           77.9  
    27         840          1762.41              1           86.8  
    28         870          1758.77              1           69.4  
    29         900          1757.36              1           67.9  
    30         930          1754.46              1             71  
    31         960          1750.17              1           74.4  
    32         990          1743.66              1           50.9  
    33        1020          1739.39              1           39.5  
    34        1050          1738.23              1           38.2  
    35        1080          1737.64              1           37.2  
    36        1110          1736.94              1             39  
    37        1140          1735.49              1           44.2  
    38        1170          1732.62              1           40.6  
    39        1200          1728.61              1           52.5  
                                                        First-order 
 Iteration  Func-count       f(x)        Step-size       optimality
    40        1230          1725.24              1           46.8  
    41        1260          1724.06              1           44.2  
    42        1290          1723.61              1           44.2  
    43        1320          1722.51              1           41.1  
    44        1350           1721.2              1           27.4  
    45        1380          1720.16              1           17.7  
    46        1410          1719.77              1           16.6  
    47        1440          1719.65              1           15.6  
    48        1470          1719.54              1           15.1  
    49        1500          1719.25              1           15.7  
    50        1530          1718.57              1           21.4  
    51        1560          1717.02              1           36.4  
    52        1590          1714.27              1           46.9  
    53        1620          1711.34              1           37.8  
    54        1650          1709.72              1           40.4  
    55        1680          1709.08              1           39.7  
    56        1710          1708.58              1             37  
srun: error: slurm_receive_msg: Transport endpoint is not connected
srun: error: slurm_receive_msg[10.26.24.30]: Transport endpoint is not connected
srun: error: invalid type trying to be freed 65534
    57        1740          1707.46              1           29.6  
    58        1770          1705.68              1           32.5  
srun: error: slurm_receive_msg: Transport endpoint is not connected
srun: error: slurm_receive_msg[10.26.24.30]: Transport endpoint is not connected
srun: error: invalid type trying to be freed 65534
    59        1800          1703.65              1           29.7  
srun: error: slurm_receive_msg: Transport endpoint is not connected
srun: error: slurm_receive_msg[10.26.24.30]: Transport endpoint is not connected
srun: error: invalid type trying to be freed 65534
                                                        First-order 
 Iteration  Func-count       f(x)        Step-size       optimality
    60        1830          1702.42              1           22.6  
    61        1860             1702              1           23.4  
srun: error: slurm_receive_msg: Transport endpoint is not connected
srun: error: slurm_receive_msg[10.26.24.30]: Transport endpoint is not connected
srun: error: invalid type trying to be freed 65534
    62        1890          1701.77              1           23.1  
    63        1920          1701.25              1           21.8  
srun: error: slurm_receive_msg: Transport endpoint is not connected
srun: error: slurm_receive_msg[10.26.24.30]: Transport endpoint is not connected
srun: error: invalid type trying to be freed 65534
    64        1950          1700.19              1             26  
    65        1980          1698.34              1           32.2  
srun: error: slurm_receive_msg: Transport endpoint is not connected
srun: error: slurm_receive_msg[10.26.24.30]: Transport endpoint is not connected
srun: error: invalid type trying to be freed 65534
    66        2010          1696.61              1           24.4  
    67        2040          1695.86              1             17  
    68        2070          1695.65              1           17.1  
    69        2100          1695.54              1           16.1  
    70        2130          1695.31              1           14.8  
    71        2160          1694.82              1           12.1  
    72        2190          1693.87              1           15.3  
srun: error: slurm_receive_msg: Transport endpoint is not connected
srun: error: slurm_receive_msg[10.26.24.30]: Transport endpoint is not connected
srun: error: invalid type trying to be freed 65534
    73        2220          1692.74              1           14.2  
    74        2250          1692.12              1           15.2  
    75        2280          1691.91              1             17  
    76        2310          1691.85              1           16.2  
    77        2340          1691.76              1           14.5  
    78        2370          1691.55              1           10.6  
    79        2400           1691.2              1           10.5  
                                                        First-order 
 Iteration  Func-count       f(x)        Step-size       optimality
    80        2430           1690.8              1           14.8  
    81        2460          1690.59              1           17.4  
    82        2490           1690.5              1           16.1  
    83        2520          1690.41              1             14  
    84        2550          1690.22              1           11.2  
    85        2580          1689.75              1           11.7  
    86        2610          1688.76              1           16.5  
    87        2640          1687.19              1           22.1  
srun: error: slurm_receive_msg: Transport endpoint is not connected
srun: error: slurm_receive_msg[10.26.24.30]: Transport endpoint is not connected
srun: error: invalid type trying to be freed 65534
    88        2670          1685.35              1           20.7  
    89        2700          1684.33              1           10.9  
    90        2730          1684.22              1           9.78  
    91        2760          1684.16              1           10.6  
    92        2790          1684.06              1           11.3  
    93        2820          1683.79              1           11.7  
    94        2850          1683.19              1           11.8  
    95        2880          1682.34              1           13.8  
    96        2910          1681.72              1           10.5  
    97        2940          1681.48              1           8.38  
srun: error: slurm_receive_msg: Insane message length
srun: error: slurm_receive_msg[10.26.24.30]: Insane message length
srun: error: invalid type trying to be freed 65534
    98        2970          1681.44              1           7.78  
    99        3000          1681.42              1           7.57  
                                                        First-order 
 Iteration  Func-count       f(x)        Step-size       optimality
   100        3030          1681.33              1           6.78  
   101        3060          1681.16              1           8.93  
   102        3090          1680.88              1             12  
   103        3120          1680.63              1           9.26  
   104        3150          1680.52              1           9.39  
   105        3180          1680.48              1           8.16  
   106        3210          1680.46              1           7.92  
   107        3240          1680.38              1           8.13  
   108        3270          1680.17              1            7.8  
   109        3300          1679.72              1           8.83  
   110        3330          1679.06              1           10.3  
   111        3360          1678.55              1            7.7  
   112        3390          1678.36              1           4.92  
srun: error: slurm_receive_msg: Insane message length
srun: error: slurm_receive_msg[10.26.24.30]: Insane message length
srun: error: invalid type trying to be freed 65534
   113        3420          1678.33              1           4.67  
   114        3450          1678.33              1           4.55  
   115        3480           1678.3              1           4.27  
   116        3510          1678.25              1           3.85  
   117        3540          1678.11              1           5.61  
   118        3570          1677.87              1           7.72  
   119        3600          1677.62              1           8.47  
                                                        First-order 
 Iteration  Func-count       f(x)        Step-size       optimality
   120        3630          1677.49              1           4.11  
   121        3660          1677.46              1           2.93  
   122        3690          1677.46              1           2.76  
   123        3720          1677.45              1           2.47  
   124        3750          1677.42              1           2.53  
   125        3780          1677.37              1           3.46  
   126        3810          1677.28              1           4.58  
   127        3840          1677.16              1           4.49  
   128        3870           1677.1              1           2.01  
   129        3900          1677.08              1           1.41  
   130        3930          1677.08              1           1.41  
   131        3960          1677.08              1           1.41  
   132        3990          1677.08              1           1.41  
   133        4020          1677.08              1           1.42  
   134        4050          1677.07              1           1.43  
   135        4080          1677.04              1           1.72  
   136        4110          1676.99              1           2.09  
   137        4140          1676.94              1           1.66  
   138        4170          1676.92              1           1.59  
   139        4200          1676.91              1           1.56  
                                                        First-order 
 Iteration  Func-count       f(x)        Step-size       optimality
   140        4230          1676.91              1            1.5  
   141        4260          1676.91              1           1.42  
   142        4290           1676.9              1           1.34  
   143        4320          1676.89              1           1.34  
   144        4350          1676.87              1           1.52  
   145        4380          1676.83              1           1.84  
   146        4410          1676.78              1           1.54  
   147        4440          1676.75              1            1.2  
   148        4470          1676.74              1          0.995  
   149        4500          1676.74              1          0.962  
   150        4530          1676.74              1          0.984  
   151        4560          1676.74              1           1.02  
   152        4590          1676.74              1           1.07  
   153        4620          1676.73              1           1.11  
   154        4650          1676.72              1           1.11  
   155        4680           1676.7              1          0.954  
   156        4710          1676.68              1          0.715  
   157        4740          1676.67              1          0.757  
   158        4770          1676.66              1          0.867  
   159        4800          1676.66              1          0.879  
                                                        First-order 
 Iteration  Func-count       f(x)        Step-size       optimality
   160        4830          1676.66              1          0.879  
   161        4860          1676.66              1           0.87  
   162        4890          1676.66              1          0.854  
   163        4920          1676.66              1          0.803  
   164        4950          1676.65              1          0.692  
   165        4980          1676.64              1          0.572  
   166        5010          1676.63              1          0.531  
   167        5040          1676.62              1           0.26  
   168        5070          1676.61              1         0.0665  
   169        5100          1676.61              1         0.0671  
   170        5130          1676.61              1         0.0678  
   171        5160          1676.61              1         0.0678  
   172        5190          1676.61              1         0.0677  
   173        5220          1676.61              1         0.0675  
   174        5250          1676.61              1          0.067  
   175        5280          1676.61              1         0.0664  
   176        5310          1676.61              1         0.0779  
   177        5340          1676.61              1          0.134  
   178        5370          1676.61              1          0.227  
   179        5400          1676.61              1          0.332  
                                                        First-order 
 Iteration  Func-count       f(x)        Step-size       optimality
   180        5430          1676.61              1           0.38  
   181        5460          1676.61              1          0.277  
   182        5490          1676.61              1         0.0922  
   183        5520          1676.61              1          0.011  
   184        5550          1676.61              1        0.00859  
   185        5580          1676.61              1        0.00856  
   186        5610          1676.61              1        0.00871  
   187        5640          1676.61              1        0.00851  
   188        5670          1676.61              1        0.00853  
   189        5700          1676.61              1        0.00967  
   190        5730          1676.61              1         0.0143  
   191        5760          1676.61              1         0.0217  
   192        5790          1676.61              1         0.0213  
   193        5820          1676.61              1        0.00919  
   194        5850          1676.61              1        0.00435  
   195        5880          1676.61              1        0.00443  
   196        5910          1676.61              1        0.00459  
   197        5940          1676.61              1        0.00456  
   198        5970          1676.61              1        0.00455  
   199        6030          1676.61       0.332155        0.00457  
                                                        First-order 
 Iteration  Func-count       f(x)        Step-size       optimality
   200        6060          1676.61              1        0.00451  
   201        6090          1676.61              1         0.0045  
   202        6120          1676.61              1        0.00449  
   203        6150          1676.61              1        0.00426  
   204        6180          1676.61              1        0.00405  
   205        6210          1676.61              1         0.0056  
   206        6240          1676.61              1        0.00508  
   207        6270          1676.61              1        0.00262  
   208        6300          1676.61              1         0.0027  
   209        6330          1676.61              1        0.00233  
   210        6360          1676.61              1        0.00128  
   211        6390          1676.61              1       0.000366  
   212        6420          1676.61              1       0.000243  

Local minimum found.

Optimization completed because the size of the gradient is less than
the selected value of the optimality tolerance.




Computing finite-difference Hessian using objective function.
First order optimality conditions satisfied.
srun: error: slurm_receive_msg: Transport endpoint is not connected
srun: error: slurm_receive_msg[10.26.24.30]: Transport endpoint is not connected
srun: error: invalid type trying to be freed 65534
srun: error: slurm_receive_msg: Transport endpoint is not connected
srun: error: slurm_receive_msg[10.26.24.30]: Transport endpoint is not connected
srun: error: invalid type trying to be freed 65534
srun: error: slurm_receive_msg: Transport endpoint is not connected
srun: error: slurm_receive_msg[10.26.24.30]: Transport endpoint is not connected
srun: error: invalid type trying to be freed 65534
Current draw: 1000 of 5000
srun: error: slurm_receive_msg: Transport endpoint is not connected
srun: error: slurm_receive_msg[10.26.24.30]: Transport endpoint is not connected
srun: error: invalid type trying to be freed 65534
srun: error: slurm_receive_msg: Transport endpoint is not connected
srun: error: slurm_receive_msg[10.26.24.30]: Transport endpoint is not connected
srun: error: invalid type trying to be freed 65534
srun: error: slurm_receive_msg: Transport endpoint is not connected
srun: error: slurm_receive_msg[10.26.24.30]: Transport endpoint is not connected
srun: error: invalid type trying to be freed 65534
srun: error: slurm_receive_msg: Transport endpoint is not connected
srun: error: slurm_receive_msg[10.26.24.30]: Transport endpoint is not connected
srun: error: invalid type trying to be freed 65534
srun: error: slurm_receive_msg: Transport endpoint is not connected
srun: error: slurm_receive_msg[10.26.24.30]: Transport endpoint is not connected
srun: error: invalid type trying to be freed 65534
srun: error: slurm_receive_msg: Insane message length
srun: error: slurm_receive_msg[10.26.24.30]: Insane message length
srun: error: invalid type trying to be freed 65534
srun: error: slurm_receive_msg: Insane message length
srun: error: slurm_receive_msg[10.26.24.30]: Insane message length
srun: error: invalid type trying to be freed 65534
Current draw: 2000 of 5000
srun: error: unpackmem: Buffer to be unpacked is too large (1279633840 > 1073741824)
srun: error: unpack error in io_init_msg_unpack
srun: error: Invalid IO init header version
srun: error: unpackmem: Buffer to be unpacked is too large (2216051205 > 1073741824)
srun: error: unpack error in io_init_msg_unpack
srun: error: Invalid IO init header version
srun: error: io_init_msg_read too small
srun: error: failed reading io init message
srun: error: unpackmem: Buffer to be unpacked is too large (1397627196 > 1073741824)
srun: error: unpack error in io_init_msg_unpack
srun: error: Invalid IO init header version
srun: error: unpack error in io_init_msg_unpack
srun: error: Invalid IO init header version
srun: error: unpackmem: Buffer to be unpacked is too large (2801887005 > 1073741824)
srun: error: unpack error in io_init_msg_unpack
srun: error: Invalid IO init header version
srun: error: unpackmem: Buffer to be unpacked is too large (3981407561 > 1073741824)
srun: error: unpack error in io_init_msg_unpack
srun: error: Invalid IO init header version
Current draw: 3000 of 5000
srun: error: unpackmem: Buffer to be unpacked is too large (4096807766 > 1073741824)
srun: error: unpack error in io_init_msg_unpack
srun: error: Invalid IO init header version
srun: error: unpack error in io_init_msg_unpack
srun: error: Invalid IO init header version
srun: error: io_init_msg_read too small
srun: error: failed reading io init message
Current draw: 4000 of 5000
Current draw: 5000 of 5000
Elapsed time is 745.752265 seconds.
Ran Forecast Type 2for Model 103 and Horizon 12
Performing iteration ending on 2006M10 of model 104
Warning: This should be expanded with the country names in case of panel
> In abstvar/abstvar/check_inputs
  In abstvar
  In svar
  In scriptEstimateMode_FULL (line 96)
  In run (line 86)
  In msreg_2reg_endoprob_SVAR_FULL_OOS (line 231)
  In OOS_slurm_IF (line 4)
    'c(3,1,sync,1)>=c(3,1,sync,2)'
    'a0(1,GDPG)=0'
    'a0(1,MF)=0'
    'a0(2,GDPG)=0'
    'a1(3,GDPG,sync,1)=0'
    'a1(3,GDPG,sync,2)=0'

 parameter: A12, density:NORMAL, hyperparameters: [0.5 0.5],convergence 0
 parameter: A21, density:NORMAL, hyperparameters: [0.5 0.5],convergence 0
 parameter: B12, density:GAMMA, hyperparameters: [4 0.125],convergence 0
 parameter: C12, density:GAMMA, hyperparameters: [4 0.125],convergence 0
 parameter: B21, density:GAMMA, hyperparameters: [4 0.125],convergence 0
 parameter: C21, density:GAMMA, hyperparameters: [4 0.125],convergence 0
                                                        First-order 
 Iteration  Func-count       f(x)        Step-size       optimality
     0          35          11864.2                      1.92e+04
     1          70          3140.99    5.19762e-05       1.93e+03  
     2         105          2704.56              1       1.39e+03  
     3         140          2204.05              1            566  
     4         175          2086.85              1            345  
     5         210          2008.62              1            293  
     6         245          1974.79              1            262  
     7         280          1955.69              1            204  
     8         315          1940.11              1            199  
     9         350          1924.15              1            197  
    10         385          1908.19              1            222  
    11         420          1887.97              1            338  
    12         455          1865.71              1            349  
    13         490          1838.93              1            285  
    14         525          1818.68              1            296  
    15         560          1807.14              1            164  
    16         595          1800.53              1             68  
    17         630          1797.89              1           68.9  
    18         665           1795.1              1           91.6  
    19         700          1790.93              1            104  
                                                        First-order 
 Iteration  Func-count       f(x)        Step-size       optimality
    20         735          1783.87              1            122  
    21         770          1773.88              1            183  
    22         805          1763.07              1            161  
    23         840           1755.5              1            120  
    24         875          1749.97              1            109  
    25         910          1743.67              1            117  
    26         945          1737.58              1            150  
    27         980           1732.8              1            131  
    28        1015          1728.94              1           73.8  
    29        1050          1725.76              1           63.4  
    30        1085          1722.36              1            109  
    31        1120          1717.39              1            153  
    32        1155          1712.79              1            119  
    33        1190          1709.78              1             51  
    34        1225          1708.08              1           46.8  
    35        1260          1706.51              1           46.3  
    36        1295          1704.22              1             73  
    37        1330          1700.34              1            108  
    38        1365           1695.1              1            116  
    39        1400          1684.32              1            110  
                                                        First-order 
 Iteration  Func-count       f(x)        Step-size       optimality
    40        1435          1677.41              1           57.6  
    41        1470          1674.83              1           44.1  
    42        1505          1674.12              1           26.2  
    43        1540          1673.71              1           26.8  
    44        1575          1672.78              1           47.6  
    45        1610          1671.52              1           78.2  
    46        1645          1670.03              1           77.6  
    47        1750          1669.79       0.191007           70.5  
    48        1855          1669.52           0.19           58.5  
    49        1995          1669.35          0.145           49.8  
srun: error: slurm_receive_msg: Insane message length
srun: error: slurm_receive_msg[10.26.24.30]: Insane message length
srun: error: invalid type trying to be freed 65534
    50        2625          1669.31      0.0409767            105  
srun: error: slurm_receive_msg: Insane message length
srun: error: slurm_receive_msg[10.26.24.30]: Insane message length
srun: error: invalid type trying to be freed 65534
srun: error: unpackmem_xmalloc: Buffer to be unpacked is too large (1684369920 > 1073741824)
srun: error: unpacking header
srun: error: destroy_forward: no init
srun: error: slurm_receive_msg: Message receive failure
srun: error: slurm_receive_msg[10.26.24.30]: Message receive failure
srun: error: invalid type trying to be freed 65534
srun: error: unpackmem_xmalloc: Buffer to be unpacked is too large (1885828912 > 1073741824)
srun: error: unpacking header
srun: error: destroy_forward: no init
srun: error: slurm_receive_msg: Message receive failure
srun: error: slurm_receive_msg[10.26.24.30]: Message receive failure
srun: error: invalid type trying to be freed 65534
srun: error: slurm_receive_msg: Insane message length
srun: error: slurm_receive_msg[10.26.24.30]: Insane message length
srun: error: invalid type trying to be freed 65534
srun: error: io_init_msg_read too small
srun: error: failed reading io init message
srun: error: slurm_receive_msg: Transport endpoint is not connected
srun: error: slurm_receive_msg[10.26.24.30]: Transport endpoint is not connected
srun: error: invalid type trying to be freed 65534
srun: error: unpackmem_xmalloc: Buffer to be unpacked is too large (1885828912 > 1073741824)
srun: error: unpacking header
srun: error: destroy_forward: no init
srun: error: slurm_receive_msg: Message receive failure
srun: error: slurm_receive_msg[10.26.24.30]: Message receive failure
srun: error: invalid type trying to be freed 65534
srun: error: slurm_receive_msg: Insane message length
srun: error: slurm_receive_msg[10.26.24.30]: Insane message length
srun: error: invalid type trying to be freed 65534
srun: error: unpackmem_xmalloc: Buffer to be unpacked is too large (1684369920 > 1073741824)
srun: error: unpacking header
srun: error: destroy_forward: no init
srun: error: slurm_receive_msg: Message receive failure
srun: error: slurm_receive_msg[10.26.24.30]: Message receive failure
srun: error: invalid type trying to be freed 65534
    51        4235          1669.31    3.17126e-07            999  

Local minimum possible.

fminunc stopped because it cannot decrease the objective function
along the current search direction.




Computing finite-difference Hessian using objective function.
srun: error: io_init_msg_read too small
srun: error: failed reading io init message
srun: error: unpackmem: Buffer to be unpacked is too large (1935765607 > 1073741824)
srun: error: unpack error in io_init_msg_unpack
srun: error: Invalid IO init header version
srun: error: unpackmem: Buffer to be unpacked is too large (1951163745 > 1073741824)
srun: error: unpack error in io_init_msg_unpack
srun: error: Invalid IO init header version
Predicted change in objective function too small.
srun: error: slurm_receive_msg: Insane message length
srun: error: slurm_receive_msg[10.26.24.30]: Insane message length
srun: error: invalid type trying to be freed 65534
srun: error: slurm_receive_msg: Transport endpoint is not connected
srun: error: slurm_receive_msg[10.26.24.30]: Transport endpoint is not connected
srun: error: invalid type trying to be freed 65534
srun: error: slurm_receive_msg: Transport endpoint is not connected
srun: error: slurm_receive_msg[10.26.24.30]: Transport endpoint is not connected
srun: error: invalid type trying to be freed 65534
Current draw: 1000 of 5000
srun: error: slurm_receive_msg: Transport endpoint is not connected
srun: error: slurm_receive_msg[10.26.24.30]: Transport endpoint is not connected
srun: error: invalid type trying to be freed 65534
srun: error: unpack error in io_init_msg_unpack
srun: error: Invalid IO init header version
srun: error: unpackmem: Buffer to be unpacked is too large (1681731632 > 1073741824)
srun: error: unpack error in io_init_msg_unpack
srun: error: Invalid IO init header version
srun: error: unpack error in io_init_msg_unpack
srun: error: Invalid IO init header version
Current draw: 2000 of 5000
srun: error: slurm_receive_msg: Transport endpoint is not connected
srun: error: slurm_receive_msg[10.26.24.30]: Transport endpoint is not connected
srun: error: invalid type trying to be freed 65534
srun: error: slurm_receive_msg: Transport endpoint is not connected
srun: error: slurm_receive_msg[10.26.24.30]: Transport endpoint is not connected
srun: error: invalid type trying to be freed 65534
srun: error: slurm_receive_msg: Transport endpoint is not connected
srun: error: slurm_receive_msg[10.26.24.30]: Transport endpoint is not connected
srun: error: invalid type trying to be freed 65534
srun: error: slurm_receive_msg: Transport endpoint is not connected
srun: error: slurm_receive_msg[10.26.24.30]: Transport endpoint is not connected
srun: error: invalid type trying to be freed 65534
srun: error: slurm_receive_msg: Transport endpoint is not connected
srun: error: slurm_receive_msg[10.26.24.30]: Transport endpoint is not connected
srun: error: invalid type trying to be freed 65534
srun: error: slurm_receive_msg: Transport endpoint is not connected
srun: error: slurm_receive_msg[10.26.24.30]: Transport endpoint is not connected
srun: error: invalid type trying to be freed 65534
srun: error: unpackmem: Buffer to be unpacked is too large (3863172604 > 1073741824)
srun: error: unpack error in io_init_msg_unpack
srun: error: Invalid IO init header version
srun: error: slurm_receive_msg: Insane message length
srun: error: slurm_receive_msg[10.26.24.30]: Insane message length
srun: error: invalid type trying to be freed 65534
srun: error: slurm_receive_msg: Insane message length
srun: error: slurm_receive_msg[10.26.24.30]: Insane message length
srun: error: invalid type trying to be freed 65534
srun: error: unpack error in io_init_msg_unpack
srun: error: Invalid IO init header version
srun: error: unpackmem: Buffer to be unpacked is too large (2283992892 > 1073741824)
srun: error: unpack error in io_init_msg_unpack
srun: error: Invalid IO init header version
Current draw: 3000 of 5000
Current draw: 4000 of 5000
Current draw: 5000 of 5000
Elapsed time is 631.999453 seconds.
Ran Forecast Type 2for Model 104 and Horizon 12
Performing iteration ending on 2006M10 of model 105
Warning: This should be expanded with the country names in case of panel
> In abstvar/abstvar/check_inputs
  In abstvar
  In svar
  In scriptEstimateMode_FULL (line 96)
  In run (line 86)
  In msreg_2reg_endoprob_SVAR_FULL_OOS (line 231)
  In OOS_slurm_IF (line 4)
    'c(3,1,sync,1)>=c(3,1,sync,2)'
    'a0(1,GDPG,sync,1)=0'
    'a0(2,GDPG,sync,1)=0'
    'a0(1,MF,sync,1)=0'
    'a0(1,GDPG,sync,2)=0'
    'a0(2,GDPG,sync,2)=0'
    'a0(1,MF,sync,2)=0'
    'a1(3,GDPG)=0'
    's(3,3,sync,1)<=s(3,3,sync,2)'

 parameter: A12, density:NORMAL, hyperparameters: [0.5 0.5],convergence 0
 parameter: A21, density:NORMAL, hyperparameters: [0.5 0.5],convergence 0
 parameter: B12, density:GAMMA, hyperparameters: [4 0.125],convergence 0
 parameter: C12, density:GAMMA, hyperparameters: [4 0.125],convergence 0
 parameter: B21, density:GAMMA, hyperparameters: [4 0.125],convergence 0
 parameter: C21, density:GAMMA, hyperparameters: [4 0.125],convergence 0
                                                        First-order 
 Iteration  Func-count       f(x)        Step-size       optimality
     0          33          11864.2                       1.1e+04
     1          66          3106.66    9.10225e-05       2.08e+03  
     2          99          2475.22              1       1.48e+03  
     3         132          2111.62              1            605  
     4         165          1858.45              1            218  
     5         198          1800.07              1            112  
     6         231          1781.95              1            117  
     7         264          1773.21              1            116  
     8         297          1759.76              1            142  
     9         330          1738.17              1            162  
    10         363          1715.94              1            147  
    11         396          1703.83              1            141  
    12         429          1695.36              1            103  
    13         462          1689.61              1           95.3  
    14         495          1680.82              1            133  
    15         528          1673.94              1            120  
    16         561          1668.28              1            116  
    17         594          1661.85              1            122  
    18         627          1654.73              1            177  
    19         660          1650.35              1            111  
                                                        First-order 
 Iteration  Func-count       f(x)        Step-size       optimality
    20         693          1647.61              1             57  
    21         726          1644.98              1           92.9  
    22         759          1642.18              1            153  
    23         792          1639.44              1            120  
    24         825          1637.48              1             68  
    25         858          1635.78              1           64.1  
    26         891          1632.92              1            166  
    27         924          1626.53              1            285  
    28         957          1619.75              1            276  
    29         990          1614.88              1            124  
    30        1023          1613.15              1             38  
    31        1056          1611.81              1           83.9  
    32        1089          1609.16              1            178  
    33        1122          1605.14              1            233  
    34        1155          1601.05              1            185  
    35        1188          1599.04              1           74.6  
    36        1221          1598.36              1           28.4  
    37        1254          1597.87              1             49  
    38        1287          1597.03              1           94.1  
    39        1320          1595.82              1            113  
                                                        First-order 
 Iteration  Func-count       f(x)        Step-size       optimality
    40        1353          1594.57              1             81  
    41        1386          1593.82              1             28  
    42        1419          1593.35              1           31.9  
    43        1452          1592.69              1           66.9  
    44        1485          1591.55              1            107  
    45        1518             1590              1            116  
    46        1551          1588.69              1           71.2  
    47        2541          1588.66      0.0282232            416  

Local minimum possible.

fminunc stopped because it cannot decrease the objective function
along the current search direction.




Computing finite-difference Hessian using objective function.
Predicted change in objective function too small.
Current draw: 1000 of 5000
Current draw: 2000 of 5000
Current draw: 3000 of 5000
Current draw: 4000 of 5000
Current draw: 5000 of 5000
Elapsed time is 538.603357 seconds.
Ran Forecast Type 2for Model 105 and Horizon 12
Performing iteration ending on 2006M10 of model 106
Warning: This should be expanded with the country names in case of panel
> In abstvar/abstvar/check_inputs
  In abstvar
  In svar
  In scriptEstimateMode_FULL (line 96)
  In run (line 86)
  In msreg_2reg_endoprob_SVAR_FULL_OOS (line 231)
  In OOS_slurm_IF (line 4)
    'c(3,1,sync,1)>=c(3,1,sync,2)'
    'a0(1,GDPG)=0'
    'a0(1,MF)=0'
    'a0(2,GDPG)=0'
    'a1(3,GDPG,sync,1)=0'
    'a1(3,GDPG,sync,2)=0'
    's(3,3,sync,1)<=s(3,3,sync,2)'

 parameter: A12, density:NORMAL, hyperparameters: [0.5 0.5],convergence 0
 parameter: A21, density:NORMAL, hyperparameters: [0.5 0.5],convergence 0
 parameter: B12, density:GAMMA, hyperparameters: [4 0.125],convergence 0
 parameter: C12, density:GAMMA, hyperparameters: [4 0.125],convergence 0
 parameter: B21, density:GAMMA, hyperparameters: [4 0.125],convergence 0
 parameter: C21, density:GAMMA, hyperparameters: [4 0.125],convergence 0
                                                        First-order 
 Iteration  Func-count       f(x)        Step-size       optimality
     0          38          11864.2                       1.1e+04
     1          76          3004.96    9.10225e-05       1.68e+03  
     2         114          2513.76              1       1.05e+03  
     3         152          2022.87              1            350  
     4         190          1897.85              1            198  
     5         228          1842.03              1            180  
     6         266          1818.81              1            159  
     7         304          1801.47              1            128  
     8         342          1786.26              1            105  
     9         380          1771.52              1            113  
    10         418          1750.46              1            179  
    11         456          1727.97              1            229  
    12         494          1711.78              1            208  
    13         532          1693.44              1            157  
    14         570          1673.13              1            181  
    15         608          1664.34              1           92.3  
    16         646           1659.5              1           79.4  
    17         684          1640.95              1            142  
    18         722          1636.96              1            100  
    19         760          1630.12              1            146  
                                                        First-order 
 Iteration  Func-count       f(x)        Step-size       optimality
    20         798          1622.62              1            253  
    21         836          1614.95              1            107  
    22         874          1612.21              1           72.6  
    23         912           1609.6              1           52.2  
    24         950          1606.49              1           70.2  
    25         988          1604.87              1           47.6  
    26        1026          1602.83              1           59.4  
    27        1064          1600.13              1           64.7  
    28        1102          1594.74              1            106  
    29        1140          1587.42              1            118  
    30        1178          1581.24              1           73.2  
    31        1216           1578.2              1           44.7  
    32        1254          1576.93              1           31.8  
    33        1292          1575.81              1           33.5  
    34        1330          1573.85              1           51.6  
    35        1368           1571.3              1           52.4  
    36        1406          1569.43              1           36.7  
    37        1444          1568.67              1           22.5  
    38        1482          1568.41              1           18.1  
    39        1520          1568.01              1           21.6  
                                                        First-order 
 Iteration  Func-count       f(x)        Step-size       optimality
    40        1558           1567.6              1           25.4  
    41        1634          1567.31            0.5           21.1  
    42        1748          1567.19           0.19             18  
    43        1938          1567.13         0.1171           15.8  
    44        3344          1567.11      0.0215237            690  

Local minimum possible.

fminunc stopped because it cannot decrease the objective function
along the current search direction.




Computing finite-difference Hessian using objective function.
Predicted change in objective function too small.
Current draw: 1000 of 5000
Current draw: 2000 of 5000
Current draw: 3000 of 5000
Current draw: 4000 of 5000
Current draw: 5000 of 5000
Elapsed time is 586.299822 seconds.
Ran Forecast Type 2for Model 106 and Horizon 12
Performing iteration ending on 2006M10 of model 107
Warning: This should be expanded with the country names in case of panel
> In abstvar/abstvar/check_inputs
  In abstvar
  In svar
  In scriptEstimateMode_FULL (line 96)
  In run (line 86)
  In msreg_2reg_endoprob_SVAR_FULL_OOS (line 231)
  In OOS_slurm_IF (line 4)
    'c(3,1,sync,1)>=c(3,1,sync,2)'
    'a0(1,GDPG,sync,1)=0'
    'a0(2,GDPG,sync,1)=0'
    'a0(1,MF,sync,1)=0'
    'a0(1,GDPG,sync,2)=0'
    'a0(2,GDPG,sync,2)=0'
    'a0(1,MF,sync,2)=0'
    'a1(3,GDPG,sync,1)=0'
    'a1(3,GDPG,sync,2)=0'
    's(3,3,sync,1)<=s(3,3,sync,2)'

 parameter: A12, density:NORMAL, hyperparameters: [0.5 0.5],convergence 0
 parameter: A21, density:NORMAL, hyperparameters: [0.5 0.5],convergence 0
 parameter: B12, density:GAMMA, hyperparameters: [4 0.125],convergence 0
 parameter: C12, density:GAMMA, hyperparameters: [4 0.125],convergence 0
 parameter: B21, density:GAMMA, hyperparameters: [4 0.125],convergence 0
 parameter: C21, density:GAMMA, hyperparameters: [4 0.125],convergence 0
                                                        First-order 
 Iteration  Func-count       f(x)        Step-size       optimality
     0          41          11864.2                       1.1e+04
     1          82          3064.87    9.10225e-05       1.79e+03  
     2         123          2533.91              1       1.08e+03  
     3         164          2044.97              1            363  
     4         205          1918.52              1            191  
     5         246          1862.73              1            177  
     6         287          1838.79              1            160  
     7         328          1821.72              1            133  
     8         369          1808.01              1           97.6  
     9         410          1794.35              1            107  
    10         451          1769.69              1            182  
    11         492          1745.47              1            221  
    12         533           1731.8              1            189  
    13         574          1716.28              1            120  
    14         615          1698.73              1            218  
    15         656          1691.83              1           84.2  
    16         697          1685.29              1           73.3  
    17         738           1669.7              1            111  
    18         779          1664.75              1           98.7  
    19         820          1658.79              1           98.6  
                                                        First-order 
 Iteration  Func-count       f(x)        Step-size       optimality
    20         861          1654.13              1            117  
    21         902          1642.47              1            146  
    22         943          1638.27              1           91.8  
    23         984          1636.39              1           49.5  
    24        1025          1634.77              1           38.3  
    25        1066          1633.66              1             40  
    26        1107          1629.24              1           43.5  
    27        1148          1626.16              1           62.4  
    28        1189          1622.35              1           70.5  
    29        1230          1617.71              1           79.9  
    30        1271          1610.29              1           85.6  
    31        1312          1603.29              1           76.6  
    32        1353          1599.51              1           43.6  
    33        1394          1597.64              1           49.5  
    34        1435          1595.01              1           44.7  
    35        1476          1590.75              1           60.1  
    36        1517          1585.45              1           64.2  
    37        1558          1582.04              1           40.6  
    38        1599          1580.76              1           26.1  
    39        1640          1580.09              1           25.3  
                                                        First-order 
 Iteration  Func-count       f(x)        Step-size       optimality
    40        1681           1579.5              1           20.2  
    41        1722          1578.49              1           21.2  
    42        1763          1577.44              1             22  
    43        1804          1576.65              1           29.5  
    44        1886          1576.49       0.229133           30.2  
    45        2009          1576.18           0.19           30.3  
    46        3526           1576.1      0.0332308            601  

Local minimum possible.

fminunc stopped because it cannot decrease the objective function
along the current search direction.




Computing finite-difference Hessian using objective function.
Predicted change in objective function too small.
Current draw: 1000 of 5000
Current draw: 2000 of 5000
Current draw: 3000 of 5000
Current draw: 4000 of 5000
Current draw: 5000 of 5000
Elapsed time is 605.905797 seconds.
Ran Forecast Type 2for Model 107 and Horizon 12
Performing iteration ending on 2006M10 of model 108
Warning: This should be expanded with the country names in case of panel
> In abstvar/abstvar/check_inputs
  In abstvar
  In svar
  In scriptEstimateMode_FULL (line 96)
  In run (line 86)
  In msreg_2reg_endoprob_SVAR_FULL_OOS (line 231)
  In OOS_slurm_IF (line 4)
    'c(3,1,sync,1)>=c(3,1,sync,2)'
    'a0(1,GDPG)=0'
    'a0(1,MF)=0'
    'a0(2,GDPG)=0'
    'a1(3,GDPG)=0'
    's(3,3,sync,1)<=s(3,3,sync,2)'

 parameter: A12, density:NORMAL, hyperparameters: [0.5 0.5],convergence 0
 parameter: A21, density:NORMAL, hyperparameters: [0.5 0.5],convergence 0
 parameter: B12, density:GAMMA, hyperparameters: [4 0.125],convergence 0
 parameter: C12, density:GAMMA, hyperparameters: [4 0.125],convergence 0
 parameter: B21, density:GAMMA, hyperparameters: [4 0.125],convergence 0
 parameter: C21, density:GAMMA, hyperparameters: [4 0.125],convergence 0
                                                        First-order 
 Iteration  Func-count       f(x)        Step-size       optimality
     0          28          11864.2                       1.1e+04
     1          56          3042.85    9.10225e-05          2e+03  
     2          84           2456.8              1       1.35e+03  
     3         112          2143.79              1            595  
     4         140          1925.33              1            243  
     5         168          1871.18              1            179  
     6         196          1850.54              1            192  
     7         224          1840.16              1            182  
     8         252          1828.18              1            147  
     9         280          1813.57              1            124  
    10         308          1798.85              1            107  
    11         336          1792.02              1           87.8  
    12         364          1789.62              1             57  
    13         392          1785.65              1           59.9  
    14         420          1783.22              1             62  
    15         448          1779.97              1           88.9  
    16         476          1775.77              1           95.2  
    17         504          1769.09              1            120  
    18         532          1762.35              1            124  
    19         560          1758.13              1           63.9  
                                                        First-order 
 Iteration  Func-count       f(x)        Step-size       optimality
    20         588          1755.92              1           59.6  
    21         616          1753.63              1           61.8  
    22         644          1749.16              1            110  
    23         672          1741.09              1            159  
    24         700          1730.29              1            162  
    25         728          1721.89              1            101  
    26         756          1718.29              1           69.3  
    27         784          1715.91              1           64.5  
    28         812          1712.04              1            136  
    29         840          1707.11              1            174  
    30         868          1702.68              1            104  
    31         896          1701.37              1             40  
    32         924          1700.84              1           31.2  
    33         952          1700.16              1           51.8  
    34         980           1699.3              1           59.3  
    35        1008          1698.23              1           44.5  
    36        1036          1697.38              1           43.7  
    37        1064          1696.72              1           43.5  
    38        1764          1696.59       0.143618           42.4  
    39        2184          1696.59          1e-06            996  

Local minimum possible.

fminunc stopped because it cannot decrease the objective function
along the current search direction.




Computing finite-difference Hessian using objective function.
Predicted change in objective function too small.
Current draw: 1000 of 5000
Current draw: 2000 of 5000
Current draw: 3000 of 5000
Current draw: 4000 of 5000
Current draw: 5000 of 5000
Elapsed time is 502.012787 seconds.
Ran Forecast Type 2for Model 108 and Horizon 12
