96
------------------------------------------
Setting up environment variables
---
LD_LIBRARY_PATH is .:/opt/MATLAB/R2017a/runtime/glnxa64:/opt/MATLAB/R2017a/bin/glnxa64:/opt/MATLAB/R2017a/sys/os/glnxa64:/opt/MATLAB/R2017a/sys/opengl/lib/glnxa64
Warning: Method directories not allowed in MATLAB path: /if/home/m1pac03/.mcrCache9.2/OOS_sl0/if/gms_research_gar/GAR/MS-VAR/RISE_toolbox2/classes/models/@dsge/private

	Personal pathdef has been created in your preference directory:
	/if/home/m1pac03/.mcrCache9.2/OOS_sl0/.matlab

Running on SLURM; using 1 cores as assigned on this node.

Performing iteration ending on 2006M12 of model 101
Warning: This should be expanded with the country names in case of panel
> In abstvar/abstvar/check_inputs
  In abstvar
  In svar
  In scriptEstimateMode_FULL (line 96)
  In run (line 86)
  In msreg_2reg_endoprob_SVAR_FULL_OOS (line 231)
  In OOS_slurm_IF (line 4)
    'c(3,1,sync,1)>=c(3,1,sync,2)'
    'a0(1,GDPG)=0'
    'a0(1,MF)=0'
    'a0(2,GDPG)=0'
    'a1(3,GDPG)=0'

 parameter: A12, density:NORMAL, hyperparameters: [0.5 0.5],convergence 0
 parameter: A21, density:NORMAL, hyperparameters: [0.5 0.5],convergence 0
 parameter: B12, density:GAMMA, hyperparameters: [4 0.125],convergence 0
 parameter: C12, density:GAMMA, hyperparameters: [4 0.125],convergence 0
 parameter: B21, density:GAMMA, hyperparameters: [4 0.125],convergence 0
 parameter: C21, density:GAMMA, hyperparameters: [4 0.125],convergence 0
                                                        First-order 
 Iteration  Func-count       f(x)        Step-size       optimality
     0          27          11890.4                      1.93e+04
     1          54          3049.53    5.19468e-05       1.87e+03  
     2          81          2656.68              1       1.36e+03  
     3         108          2082.07              1            483  
     4         135          1953.81              1            248  
     5         162          1912.08              1            176  
     6         189           1901.2              1            192  
     7         216             1893              1            192  
     8         243          1880.35              1            172  
     9         270          1864.25              1            120  
    10         297          1848.01              1            124  
    11         324          1838.73              1            145  
    12         351          1834.89              1            123  
    13         378          1826.64              1           74.9  
    14         405          1821.89              1           72.4  
    15         432             1819              1           71.9  
    16         459          1816.73              1           76.9  
    17         486          1810.85              1           89.3  
    18         513          1800.54              1            119  
    19         540          1788.53              1           99.8  
                                                        First-order 
 Iteration  Func-count       f(x)        Step-size       optimality
    20         567          1781.42              1           74.4  
    21         594          1777.52              1           70.4  
    22         621          1775.62              1           65.8  
    23         648          1772.72              1           73.2  
    24         675          1766.24              1           94.7  
    25         702          1757.61              1           82.7  
    26         729          1750.29              1           94.3  
    27         756           1746.6              1           72.5  
    28         783          1744.97              1           69.5  
    29         810          1741.73              1           74.2  
    30         837           1736.4              1           82.3  
    31         864          1728.65              1           63.3  
    32         891          1723.67              1             38  
    33         918          1722.31              1             28  
    34         945          1721.88              1           20.5  
    35         972          1721.68              1           22.1  
    36         999          1721.26              1           21.2  
    37        1026           1720.5              1           14.5  
    38        1053          1719.55              1           22.4  
    39        1080          1718.97              1             19  
                                                        First-order 
 Iteration  Func-count       f(x)        Step-size       optimality
    40        1107          1718.78              1           21.4  
    41        1134          1718.64              1             22  
    42        1161          1718.38              1           19.7  
    43        1188             1718              1           14.3  
    44        1215          1717.63              1           13.3  
    45        1242          1717.45              1           11.9  
    46        1269          1717.39              1           11.1  
    47        1296          1717.33              1           10.6  
    48        1323          1717.19              1           10.2  
    49        1350          1716.87              1           14.2  
    50        1377          1716.11              1           24.6  
    51        1404          1714.72              1             33  
    52        1431          1713.06              1           29.1  
    53        1458          1712.04              1           23.3  
    54        1485          1711.79              1           22.3  
    55        1512          1711.73              1             21  
    56        1539          1711.59              1           17.9  
    57        1566          1711.38              1           12.2  
    58        1593          1711.11              1           10.2  
    59        1620          1710.94              1           8.76  
                                                        First-order 
 Iteration  Func-count       f(x)        Step-size       optimality
    60        1647          1710.89              1            9.7  
    61        1674          1710.87              1           9.15  
    62        1701          1710.84              1           7.98  
    63        1728          1710.76              1           6.03  
    64        1755          1710.58              1           10.3  
    65        1782          1710.22              1           14.3  
    66        1809          1709.78              1           13.8  
    67        1836          1709.53              1           12.2  
    68        1863           1709.4              1           12.4  
    69        1890          1709.36              1             12  
    70        1917          1709.19              1           10.3  
    71        1944          1708.87              1           14.1  
    72        1971          1708.07              1           22.4  
    73        1998          1706.91              1           27.9  
    74        2025          1705.67              1           23.1  
    75        2052          1704.78              1           27.5  
    76        2079          1704.63              1             25  
    77        2106          1704.34              1           25.3  
    78        2133          1704.11              1           26.7  
    79        2160          1702.99              1           29.7  
                                                        First-order 
 Iteration  Func-count       f(x)        Step-size       optimality
    80        2187          1701.03              1           28.8  
    81        2214          1697.78              1           43.6  
    82        2241          1695.19              1           46.2  
    83        2268          1693.72              1           42.8  
    84        2295          1693.42              1           36.5  
    85        2322          1693.16              1           35.4  
    86        2349          1692.48              1           32.2  
    87        2376          1690.88              1           20.6  
    88        2403          1689.33              1           14.1  
    89        2430          1688.45              1           12.1  
    90        2457          1688.22              1           11.4  
    91        2484          1688.11              1           10.3  
    92        2511          1688.06              1           9.43  
    93        2538          1687.97              1           10.5  
    94        2565          1687.79              1           11.7  
    95        2592          1687.45              1           11.2  
    96        2619          1686.95              1           10.2  
    97        2646          1686.56              1           6.33  
    98        2673          1686.44              1           5.94  
    99        2700          1686.42              1            5.8  
                                                        First-order 
 Iteration  Func-count       f(x)        Step-size       optimality
   100        2727          1686.41              1           5.69  
   101        2754          1686.36              1           5.79  
   102        2781          1686.24              1           5.16  
   103        2808          1685.98              1           6.74  
   104        2835          1685.55              1           7.72  
   105        2862          1685.13              1           8.71  
   106        2889          1684.95              1           7.61  
   107        2916           1684.9              1           8.26  
   108        2943          1684.88              1           7.18  
   109        2970          1684.85              1            6.2  
   110        2997          1684.74              1           4.99  
   111        3024          1684.53              1           5.13  
   112        3051          1684.17              1           4.98  
   113        3078          1683.84              1           4.82  
   114        3105          1683.67              1            4.6  
   115        3132          1683.64              1           4.91  
   116        3159          1683.63              1           4.88  
   117        3186          1683.62              1           4.79  
   118        3213           1683.6              1           4.62  
   119        3240          1683.53              1           4.24  
                                                        First-order 
 Iteration  Func-count       f(x)        Step-size       optimality
   120        3267          1683.38              1           5.02  
   121        3294          1683.07              1           7.29  
   122        3321           1682.6              1           7.84  
   123        3348          1682.21              1           5.05  
   124        3375          1682.08              1           2.54  
   125        3402          1682.07              1           2.44  
   126        3429          1682.06              1            2.4  
   127        3456          1682.06              1           2.35  
   128        3483          1682.05              1           2.22  
   129        3510          1682.03              1           1.93  
   130        3537          1681.99              1           2.64  
   131        3564          1681.92              1            3.1  
   132        3591          1681.84              1            2.4  
   133        3618          1681.81              1           1.77  
   134        3645           1681.8              1           1.63  
   135        3672           1681.8              1           1.53  
   136        3699           1681.8              1           1.44  
   137        3726           1681.8              1           1.27  
   138        3753          1681.79              1           1.14  
   139        3780          1681.78              1           1.27  
                                                        First-order 
 Iteration  Func-count       f(x)        Step-size       optimality
   140        3807          1681.75              1           1.34  
   141        3834          1681.71              1           1.17  
   142        3861          1681.66              1          0.895  
   143        3888          1681.64              1          0.435  
   144        3915          1681.64              1          0.214  
   145        3942          1681.64              1           0.19  
   146        3969          1681.64              1          0.189  
   147        3996          1681.64              1          0.187  
   148        4023          1681.64              1          0.184  
   149        4050          1681.63              1          0.179  
   150        4077          1681.63              1          0.169  
   151        4104          1681.63              1          0.203  
   152        4131          1681.63              1          0.262  
   153        4158          1681.63              1          0.235  
   154        4185          1681.63              1          0.142  
   155        4212          1681.63              1          0.111  
   156        4239          1681.63              1          0.116  
   157        4266          1681.63              1          0.117  
   158        4293          1681.63              1          0.119  
   159        4320          1681.63              1          0.121  
                                                        First-order 
 Iteration  Func-count       f(x)        Step-size       optimality
   160        4347          1681.63              1          0.125  
   161        4374          1681.63              1          0.128  
   162        4401          1681.63              1          0.127  
   163        4428          1681.63              1          0.112  
   164        4455          1681.63              1          0.125  
   165        4482          1681.62              1         0.0837  
   166        4509          1681.62              1         0.0234  
   167        4536          1681.62              1         0.0146  
   168        4563          1681.62              1         0.0148  
   169        4590          1681.62              1         0.0148  
   170        4617          1681.62              1         0.0147  
   171        4644          1681.62              1         0.0147  
   172        4671          1681.62              1         0.0146  
   173        4698          1681.62              1         0.0187  
   174        4725          1681.62              1          0.023  
   175        4752          1681.62              1         0.0313  
   176        4779          1681.62              1         0.0217  
   177        4806          1681.62              1        0.00928  
   178        4833          1681.62              1        0.00188  
   179        4860          1681.62              1       0.000473  
                                                        First-order 
 Iteration  Func-count       f(x)        Step-size       optimality
   180        4914          1681.62       0.483834       0.000207  

Local minimum found.

Optimization completed because the size of the gradient is less than
the selected value of the optimality tolerance.




Computing finite-difference Hessian using objective function.
First order optimality conditions satisfied.
Current draw: 1000 of 5000
Current draw: 2000 of 5000
Current draw: 3000 of 5000
Current draw: 4000 of 5000
Current draw: 5000 of 5000
Elapsed time is 674.535417 seconds.
Ran Forecast Type 2for Model 101 and Horizon 12
Performing iteration ending on 2006M12 of model 102
Warning: This should be expanded with the country names in case of panel
> In abstvar/abstvar/check_inputs
  In abstvar
  In svar
  In scriptEstimateMode_FULL (line 96)
  In run (line 86)
  In msreg_2reg_endoprob_SVAR_FULL_OOS (line 231)
  In OOS_slurm_IF (line 4)
    'c(3,1,sync,1)>=c(3,1,sync,2)'
    'a0(1,GDPG)=0'
    'a0(1,MF)=0'
    'a0(2,GDPG)=0'
    'a1(3,GDPG)=0'
    's(3,3,sync,1)<=s(3,3,sync,2)'

 parameter: A12, density:NORMAL, hyperparameters: [0.5 0.5],convergence 0
 parameter: A21, density:NORMAL, hyperparameters: [0.5 0.5],convergence 0
 parameter: B12, density:GAMMA, hyperparameters: [4 0.125],convergence 0
 parameter: C12, density:GAMMA, hyperparameters: [4 0.125],convergence 0
 parameter: B21, density:GAMMA, hyperparameters: [4 0.125],convergence 0
 parameter: C21, density:GAMMA, hyperparameters: [4 0.125],convergence 0
                                                        First-order 
 Iteration  Func-count       f(x)        Step-size       optimality
     0          30          11890.4                       1.1e+04
     1          60          3061.89    9.09557e-05        2.1e+03  
     2          90          2463.78              1       1.49e+03  
     3         120          2113.87              1            612  
     4         150          1854.46              1            220  
     5         180           1796.2              1            117  
     6         210          1777.02              1            121  
     7         240          1767.23              1            119  
     8         270          1752.55              1            154  
     9         300          1729.59              1            166  
    10         330          1706.17              1            169  
    11         360          1693.34              1            150  
    12         390          1683.59              1            105  
    13         420          1677.48              1           90.4  
    14         450          1670.59              1           98.8  
    15         480          1664.11              1            121  
    16         510          1657.69              1            116  
    17         540           1648.4              1            146  
    18         570          1639.72              1            169  
    19         600          1635.24              1            101  
                                                        First-order 
 Iteration  Func-count       f(x)        Step-size       optimality
    20         630          1631.56              1           66.7  
    21         660          1628.06              1            119  
    22         690          1624.51              1            162  
    23         720          1622.05              1            108  
    24         750          1620.29              1           52.2  
    25         780          1618.55              1           86.9  
    26         810          1614.27              1            217  
    27         840          1607.87              1            300  
    28         870           1600.6              1            245  
    29         900          1597.34              1           83.3  
    30         930          1596.53              1           31.2  
    31         960          1595.95              1           53.2  
    32         990          1594.87              1            104  
    33        1020          1593.31              1            126  
    34        1050          1591.87              1           93.5  
    35        1080          1591.23              1           33.6  
    36        1110          1591.03              1           14.4  
    37        1140          1590.89              1           25.1  
    38        1170          1590.59              1           49.2  
    39        1200          1590.12              1           63.1  
                                                        First-order 
 Iteration  Func-count       f(x)        Step-size       optimality
    40        1230          1589.61              1           50.5  
    41        1260          1589.28              1           22.6  
    42        1290          1589.09              1           24.5  
    43        1320          1588.84              1           34.4  
    44        1350          1588.37              1             63  
    45        1380          1587.62              1           79.4  
    46        1470          1587.42       0.199519           75.9  
    47        1560          1587.11           0.19           65.3  
    48        1680          1586.94          0.109           58.3  
    49        2580          1586.88      0.0420666            181  

Local minimum possible.

fminunc stopped because it cannot decrease the objective function
along the current search direction.




Computing finite-difference Hessian using objective function.
Predicted change in objective function too small.
Current draw: 1000 of 5000
Current draw: 2000 of 5000
Current draw: 3000 of 5000
Current draw: 4000 of 5000
Current draw: 5000 of 5000
Elapsed time is 534.603739 seconds.
Ran Forecast Type 2for Model 102 and Horizon 12
Performing iteration ending on 2006M12 of model 103
Warning: This should be expanded with the country names in case of panel
> In abstvar/abstvar/check_inputs
  In abstvar
  In svar
  In scriptEstimateMode_FULL (line 96)
  In run (line 86)
  In msreg_2reg_endoprob_SVAR_FULL_OOS (line 231)
  In OOS_slurm_IF (line 4)
    'c(3,1,sync,1)>=c(3,1,sync,2)'
    'a0(1,GDPG,sync,1)=0'
    'a0(2,GDPG,sync,1)=0'
    'a0(1,MF,sync,1)=0'
    'a0(1,GDPG,sync,2)=0'
    'a0(2,GDPG,sync,2)=0'
    'a0(1,MF,sync,2)=0'
    'a1(3,GDPG)=0'

 parameter: A12, density:NORMAL, hyperparameters: [0.5 0.5],convergence 0
 parameter: A21, density:NORMAL, hyperparameters: [0.5 0.5],convergence 0
 parameter: B12, density:GAMMA, hyperparameters: [4 0.125],convergence 0
 parameter: C12, density:GAMMA, hyperparameters: [4 0.125],convergence 0
 parameter: B21, density:GAMMA, hyperparameters: [4 0.125],convergence 0
 parameter: C21, density:GAMMA, hyperparameters: [4 0.125],convergence 0
                                                        First-order 
 Iteration  Func-count       f(x)        Step-size       optimality
     0          30          11890.4                      1.93e+04
     1          60           3092.6    5.19468e-05       1.95e+03  
     2          90          2684.12              1       1.41e+03  
     3         120           2095.6              1            501  
     4         150          1963.45              1            250  
     5         180          1921.73              1            173  
     6         210          1911.75              1            189  
     7         240          1904.48              1            189  
     8         270          1892.15              1            169  
     9         300          1875.92              1            112  
    10         330          1859.26              1            123  
    11         360          1849.56              1            106  
    12         390          1847.52              1           94.3  
    13         420          1842.75              1           53.7  
    14         450          1837.54              1             53  
    15         480          1833.14              1           66.9  
    16         510          1830.34              1           86.1  
    17         540          1827.87              1             86  
    18         570          1822.67              1           81.6  
    19         600          1813.88              1           95.6  
                                                        First-order 
 Iteration  Func-count       f(x)        Step-size       optimality
    20         630          1805.48              1           72.9  
    21         660          1801.21              1           62.9  
    22         690          1798.96              1           58.4  
    23         720           1797.4              1           53.7  
    24         750          1794.41              1           62.6  
    25         780          1788.53              1             81  
    26         810          1780.39              1           80.2  
    27         840          1773.21              1           87.4  
    28         870          1769.69              1           70.6  
    29         900          1768.26              1           68.9  
    30         930          1765.13              1           72.4  
    31         960          1760.62              1           74.9  
    32         990          1753.93              1           49.8  
    33        1020          1749.79              1           39.4  
    34        1050           1748.7              1           37.8  
    35        1080          1748.12              1           36.8  
    36        1110          1747.43              1           37.9  
    37        1140          1745.93              1           43.1  
    38        1170          1743.02              1           39.3  
    39        1200             1739              1           53.1  
                                                        First-order 
 Iteration  Func-count       f(x)        Step-size       optimality
    40        1230          1735.75              1           45.8  
    41        1260          1734.67              1           42.1  
    42        1290          1734.24              1           42.8  
    43        1320          1733.21              1           39.4  
    44        1350          1731.99              1           25.7  
    45        1380          1731.03              1           17.7  
    46        1410          1730.66              1           16.5  
    47        1440          1730.54              1           15.5  
    48        1470          1730.42              1             15  
    49        1500          1730.11              1           15.7  
    50        1530          1729.37              1           22.5  
    51        1560           1727.7              1           37.9  
    52        1590          1724.81              1           47.9  
    53        1620           1721.9              1           36.9  
    54        1650          1720.41              1           35.4  
    55        1680          1719.84              1           34.5  
    56        1710          1719.37              1             32  
    57        1740          1718.29              1           25.1  
    58        1770          1716.58              1           32.2  
    59        1800          1714.58              1           29.5  
                                                        First-order 
 Iteration  Func-count       f(x)        Step-size       optimality
    60        1830          1713.35              1           23.3  
    61        1860          1712.92              1           24.4  
    62        1890          1712.68              1           23.7  
    63        1920          1712.15              1           22.1  
    64        1950          1711.08              1           26.1  
    65        1980          1709.33              1           30.8  
    66        2010          1707.89              1           21.1  
    67        2040          1707.33              1           16.1  
srun: error: slurm_receive_msg: Transport endpoint is not connected
srun: error: slurm_receive_msg[10.26.24.30]: Transport endpoint is not connected
srun: error: invalid type trying to be freed 65534
    68        2070          1707.16              1           16.4  
    69        2100          1707.04              1           16.6  
    70        2130          1706.75              1           15.9  
srun: error: slurm_receive_msg: Transport endpoint is not connected
srun: error: slurm_receive_msg[10.26.24.30]: Transport endpoint is not connected
srun: error: invalid type trying to be freed 65534
    71        2160          1706.15              1           13.5  
    72        2190          1705.03              1           17.9  
    73        2220          1703.82              1           15.2  
srun: error: slurm_receive_msg: Transport endpoint is not connected
srun: error: slurm_receive_msg[10.26.24.30]: Transport endpoint is not connected
srun: error: invalid type trying to be freed 65534
    74        2250          1703.23              1           16.9  
    75        2280          1703.03              1           18.3  
    76        2310          1702.96              1           17.5  
    77        2340          1702.82              1           15.3  
    78        2370          1702.54              1           10.7  
    79        2400          1702.13              1           10.6  
                                                        First-order 
 Iteration  Func-count       f(x)        Step-size       optimality
    80        2430          1701.78              1           13.6  
    81        2460          1701.63              1           14.7  
    82        2490          1701.57              1           13.5  
    83        2520          1701.49              1           11.5  
    84        2550          1701.28              1           9.52  
    85        2580          1700.78              1           11.6  
    86        2610          1699.71              1           18.8  
    87        2640          1698.03              1             25  
    88        2670          1696.01              1           23.2  
    89        2700          1694.85              1           11.5  
    90        2730          1694.74              1           10.1  
    91        2760           1694.7              1           11.1  
    92        2790          1694.63              1           11.8  
    93        2820          1694.38              1           12.7  
    94        2850          1693.83              1           12.2  
    95        2880             1693              1           12.7  
srun: error: slurm_receive_msg: Transport endpoint is not connected
srun: error: slurm_receive_msg[10.26.24.30]: Transport endpoint is not connected
srun: error: invalid type trying to be freed 65534
    96        2910          1692.34              1           10.2  
    97        2940          1691.96              1           5.52  
    98        2970          1691.93              1           5.44  
    99        3000          1691.92              1           5.43  
srun: error: slurm_receive_msg: Transport endpoint is not connected
srun: error: slurm_receive_msg[10.26.24.30]: Transport endpoint is not connected
srun: error: invalid type trying to be freed 65534
                                                        First-order 
 Iteration  Func-count       f(x)        Step-size       optimality
   100        3030          1691.86              1           6.17  
   101        3060          1691.76              1           10.2  
   102        3090          1691.48              1           17.7  
   103        3120          1690.93              1           21.7  
   104        3150          1690.15              1           22.7  
srun: error: slurm_receive_msg: Transport endpoint is not connected
srun: error: slurm_receive_msg[10.26.24.30]: Transport endpoint is not connected
srun: error: invalid type trying to be freed 65534
   105        3180          1689.54              1           11.4  
   106        3210          1689.31              1           5.23  
   107        3240          1689.29              1           4.65  
srun: error: slurm_receive_msg: Transport endpoint is not connected
srun: error: slurm_receive_msg[10.26.24.30]: Transport endpoint is not connected
srun: error: invalid type trying to be freed 65534
   108        3270          1689.28              1           4.34  
   109        3300          1689.25              1           3.71  
   110        3330          1689.16              1           3.53  
   111        3360          1689.03              1           4.15  
srun: error: slurm_receive_msg: Transport endpoint is not connected
srun: error: slurm_receive_msg[10.26.24.30]: Transport endpoint is not connected
srun: error: invalid type trying to be freed 65534
   112        3390          1688.89              1            6.2  
   113        3420          1688.82              1           6.99  
   114        3450           1688.8              1           6.19  
srun: error: slurm_receive_msg: Insane message length
srun: error: slurm_receive_msg[10.26.24.30]: Insane message length
srun: error: invalid type trying to be freed 65534
   115        3480          1688.78              1           5.34  
   116        3510          1688.74              1           4.52  
   117        3540          1688.65              1           5.74  
   118        3570          1688.47              1           7.51  
   119        3600          1688.21              1           8.52  
                                                        First-order 
 Iteration  Func-count       f(x)        Step-size       optimality
   120        3630             1688              1            4.9  
   121        3660          1687.93              1           3.94  
srun: error: slurm_receive_msg: Insane message length
srun: error: slurm_receive_msg[10.26.24.30]: Insane message length
srun: error: invalid type trying to be freed 65534
   122        3690          1687.93              1           3.47  
   123        3720          1687.92              1           3.07  
   124        3750          1687.92              1            2.7  
   125        3780          1687.89              1            2.5  
   126        3810          1687.85              1           3.95  
   127        3840           1687.8              1           4.08  
   128        3870          1687.78              1           2.43  
   129        3900          1687.77              1           1.41  
   130        3930          1687.77              1           1.42  
   131        3960          1687.77              1           1.42  
   132        3990          1687.77              1           1.43  
   133        4020          1687.76              1           1.97  
   134        4050          1687.75              1           3.49  
   135        4080          1687.72              1           5.57  
   136        4110          1687.67              1           7.12  
   137        4140           1687.6              1           6.18  
   138        4170          1687.57              1           2.67  
   139        4200          1687.56              1           1.87  
                                                        First-order 
 Iteration  Func-count       f(x)        Step-size       optimality
   140        4230          1687.56              1           1.82  
   141        4260          1687.56              1           1.77  
   142        4290          1687.56              1           1.65  
   143        4320          1687.55              1           1.97  
   144        4350          1687.53              1           3.17  
   145        4380          1687.49              1           4.16  
   146        4410          1687.45              1           3.75  
   147        4440          1687.42              1           1.77  
   148        4470          1687.41              1           1.26  
   149        4500          1687.41              1           1.21  
   150        4530          1687.41              1           1.18  
   151        4560          1687.41              1            1.1  
   152        4590          1687.41              1          0.991  
   153        4620           1687.4              1           1.12  
   154        4650          1687.39              1           1.62  
   155        4680          1687.37              1            1.8  
   156        4710          1687.35              1            1.2  
   157        4740          1687.34              1          0.684  
   158        4770          1687.34              1           0.68  
   159        4800          1687.34              1          0.688  
                                                        First-order 
 Iteration  Func-count       f(x)        Step-size       optimality
   160        4830          1687.34              1          0.691  
   161        4860          1687.34              1          0.691  
   162        4890          1687.33              1          0.685  
   163        4920          1687.33              1          0.655  
   164        4950          1687.33              1          0.574  
   165        4980          1687.31              1          0.622  
   166        5010           1687.3              1          0.512  
   167        5040          1687.29              1          0.215  
   168        5070          1687.29              1         0.0583  
   169        5100          1687.29              1         0.0591  
   170        5130          1687.29              1         0.0596  
   171        5160          1687.29              1         0.0597  
   172        5190          1687.29              1         0.0601  
   173        5220          1687.29              1         0.0604  
   174        5250          1687.29              1         0.0609  
   175        5280          1687.29              1         0.0603  
   176        5310          1687.29              1         0.0756  
   177        5340          1687.29              1          0.112  
   178        5370          1687.29              1         0.0858  
   179        5400          1687.29              1         0.0473  
                                                        First-order 
 Iteration  Func-count       f(x)        Step-size       optimality
   180        5430          1687.29              1          0.033  
   181        5460          1687.29              1         0.0307  
   182        5490          1687.29              1         0.0305  
   183        5520          1687.29              1         0.0303  
   184        5550          1687.29              1         0.0288  
   185        5580          1687.29              1         0.0275  
   186        5610          1687.29              1         0.0318  
   187        5640          1687.29              1         0.0506  
srun: error: slurm_receive_msg: Transport endpoint is not connected
srun: error: slurm_receive_msg[10.26.24.30]: Transport endpoint is not connected
srun: error: invalid type trying to be freed 65534
   188        5670          1687.29              1         0.0594  
   189        5700          1687.29              1         0.0551  
   190        5730          1687.29              1         0.0213  
   191        5760          1687.29              1        0.00493  
   192        5790          1687.29              1        0.00302  
   193        5820          1687.29              1        0.00308  
   194        5850          1687.29              1        0.00304  
srun: error: slurm_receive_msg: Transport endpoint is not connected
srun: error: slurm_receive_msg[10.26.24.30]: Transport endpoint is not connected
srun: error: invalid type trying to be freed 65534
   195        5880          1687.29              1        0.00302  
srun: error: slurm_receive_msg: Transport endpoint is not connected
srun: error: slurm_receive_msg[10.26.24.30]: Transport endpoint is not connected
srun: error: invalid type trying to be freed 65534
   196        5940          1687.29       0.254352          0.003  
   197        6000          1687.29       0.333488        0.00302  
srun: error: slurm_receive_msg: Transport endpoint is not connected
srun: error: slurm_receive_msg[10.26.24.30]: Transport endpoint is not connected
srun: error: invalid type trying to be freed 65534
   198        6060          1687.29       0.295217        0.00304  
   199        6090          1687.29              1        0.00307  
srun: error: slurm_receive_msg: Transport endpoint is not connected
srun: error: slurm_receive_msg[10.26.24.30]: Transport endpoint is not connected
srun: error: invalid type trying to be freed 65534
                                                        First-order 
 Iteration  Func-count       f(x)        Step-size       optimality
   200        6120          1687.29              1        0.00306  
   201        6150          1687.29              1        0.00293  
   202        6180          1687.29              1        0.00292  
   203        6210          1687.29              1        0.00295  
   204        6240          1687.29              1        0.00302  
srun: error: slurm_receive_msg: Transport endpoint is not connected
srun: error: slurm_receive_msg[10.26.24.30]: Transport endpoint is not connected
srun: error: invalid type trying to be freed 65534
   205        6270          1687.29              1        0.00288  
   206        6300          1687.29              1        0.00253  
   207        6330          1687.29              1        0.00244  
   208        6360          1687.29              1        0.00316  
   209        6390          1687.29              1        0.00308  
srun: error: slurm_receive_msg: Transport endpoint is not connected
srun: error: slurm_receive_msg[10.26.24.30]: Transport endpoint is not connected
srun: error: invalid type trying to be freed 65534
   210        6420          1687.29              1        0.00267  
   211        6450          1687.29              1        0.00252  
   212        6480          1687.29              1        0.00136  
srun: error: slurm_receive_msg: Transport endpoint is not connected
srun: error: slurm_receive_msg[10.26.24.30]: Transport endpoint is not connected
srun: error: invalid type trying to be freed 65534
   213        6510          1687.29              1       0.000748  
   214        6540          1687.29              1       0.000778  
srun: error: slurm_receive_msg: Insane message length
srun: error: slurm_receive_msg[10.26.24.30]: Insane message length
srun: error: invalid type trying to be freed 65534
   215        6570          1687.29              1       0.000443  
   216        6630          1687.29       0.320173        0.00029  
   217        6690          1687.29       0.475643       0.000244  

Local minimum found.

Optimization completed because the size of the gradient is less than
the selected value of the optimality tolerance.




Computing finite-difference Hessian using objective function.
srun: error: slurm_receive_msg: Insane message length
srun: error: slurm_receive_msg[10.26.24.30]: Insane message length
srun: error: invalid type trying to be freed 65534
First order optimality conditions satisfied.
Current draw: 1000 of 5000
srun: error: unpackmem: Buffer to be unpacked is too large (2593154004 > 1073741824)
srun: error: unpack error in io_init_msg_unpack
srun: error: Invalid IO init header version
srun: error: unpackmem: Buffer to be unpacked is too large (3459373481 > 1073741824)
srun: error: unpack error in io_init_msg_unpack
srun: error: Invalid IO init header version
srun: error: io_init_msg_read too small
srun: error: failed reading io init message
srun: error: unpack error in io_init_msg_unpack
srun: error: Invalid IO init header version
srun: error: unpackmem: Buffer to be unpacked is too large (2970504683 > 1073741824)
srun: error: unpack error in io_init_msg_unpack
srun: error: Invalid IO init header version
Current draw: 2000 of 5000
srun: error: unpackmem: Buffer to be unpacked is too large (2469642138 > 1073741824)
srun: error: unpack error in io_init_msg_unpack
srun: error: Invalid IO init header version
srun: error: unpackmem: Buffer to be unpacked is too large (1969314096 > 1073741824)
srun: error: unpack error in io_init_msg_unpack
srun: error: Invalid IO init header version
srun: error: unpackmem: Buffer to be unpacked is too large (2169398641 > 1073741824)
srun: error: unpack error in io_init_msg_unpack
srun: error: Invalid IO init header version
Current draw: 3000 of 5000
srun: error: unpack error in io_init_msg_unpack
srun: error: Invalid IO init header version
srun: error: io_init_msg_read too small
srun: error: failed reading io init message
Current draw: 4000 of 5000
Current draw: 5000 of 5000
Elapsed time is 781.775904 seconds.
Ran Forecast Type 2for Model 103 and Horizon 12
Performing iteration ending on 2006M12 of model 104
Warning: This should be expanded with the country names in case of panel
> In abstvar/abstvar/check_inputs
  In abstvar
  In svar
  In scriptEstimateMode_FULL (line 96)
  In run (line 86)
  In msreg_2reg_endoprob_SVAR_FULL_OOS (line 231)
  In OOS_slurm_IF (line 4)
    'c(3,1,sync,1)>=c(3,1,sync,2)'
    'a0(1,GDPG)=0'
    'a0(1,MF)=0'
    'a0(2,GDPG)=0'
    'a1(3,GDPG,sync,1)=0'
    'a1(3,GDPG,sync,2)=0'

 parameter: A12, density:NORMAL, hyperparameters: [0.5 0.5],convergence 0
 parameter: A21, density:NORMAL, hyperparameters: [0.5 0.5],convergence 0
 parameter: B12, density:GAMMA, hyperparameters: [4 0.125],convergence 0
 parameter: C12, density:GAMMA, hyperparameters: [4 0.125],convergence 0
 parameter: B21, density:GAMMA, hyperparameters: [4 0.125],convergence 0
 parameter: C21, density:GAMMA, hyperparameters: [4 0.125],convergence 0
                                                        First-order 
 Iteration  Func-count       f(x)        Step-size       optimality
     0          35          11890.4                      1.93e+04
     1          70           3157.9    5.19468e-05       1.93e+03  
     2         105          2718.31              1       1.39e+03  
     3         140          2214.37              1            567  
     4         175          2095.81              1            346  
srun: error: slurm_receive_msg: Insane message length
srun: error: slurm_receive_msg[10.26.24.30]: Insane message length
srun: error: invalid type trying to be freed 65534
     5         210          2017.97              1            292  
srun: error: io_init_msg_read too small
srun: error: failed reading io init message
     6         245          1984.58              1            256  
     7         280          1965.86              1            199  
     8         315          1950.54              1            200  
     9         350          1934.57              1            201  
    10         385          1918.35              1            225  
    11         420          1898.23              1            340  
    12         455          1875.71              1            351  
srun: error: slurm_receive_msg: Insane message length
srun: error: slurm_receive_msg[10.26.24.30]: Insane message length
srun: error: invalid type trying to be freed 65534
    13         490          1849.49              1            280  
    14         525          1829.43              1            291  
srun: error: slurm_receive_msg: Insane message length
srun: error: slurm_receive_msg[10.26.24.30]: Insane message length
srun: error: invalid type trying to be freed 65534
srun: error: unpackmem_xmalloc: Buffer to be unpacked is too large (1885828912 > 1073741824)
srun: error: unpacking header
srun: error: destroy_forward: no init
srun: error: slurm_receive_msg: Message receive failure
srun: error: slurm_receive_msg[10.26.24.30]: Message receive failure
srun: error: invalid type trying to be freed 65534
srun: error: unpackmem_xmalloc: Buffer to be unpacked is too large (1684369920 > 1073741824)
srun: error: unpacking header
srun: error: destroy_forward: no init
srun: error: slurm_receive_msg: Message receive failure
srun: error: slurm_receive_msg[10.26.24.30]: Message receive failure
srun: error: invalid type trying to be freed 65534
    15         560          1818.12              1            162  
    16         595          1811.72              1           68.3  
    17         630           1809.1              1           69.1  
    18         665          1806.31              1           91.8  
    19         700          1802.11              1            107  
                                                        First-order 
 Iteration  Func-count       f(x)        Step-size       optimality
    20         735          1794.93              1            120  
    21         770          1784.71              1            180  
    22         805          1773.64              1            159  
    23         840          1766.05              1            117  
    24         875          1760.72              1            108  
    25         910          1754.49              1            113  
    26         945          1748.52              1            143  
    27         980          1743.86              1            126  
    28        1015          1740.03              1           75.8  
    29        1050          1736.65              1           66.2  
    30        1085          1733.01              1            111  
    31        1120          1727.94              1            155  
    32        1155          1723.32              1            116  
    33        1190          1720.32              1           50.4  
    34        1225          1718.61              1           48.3  
    35        1260          1716.95              1           50.5  
    36        1295          1714.55              1           78.6  
    37        1330          1710.28              1            117  
srun: error: unpackmem_xmalloc: Buffer to be unpacked is too large (1885828912 > 1073741824)
srun: error: unpacking header
srun: error: destroy_forward: no init
srun: error: slurm_receive_msg: Message receive failure
srun: error: slurm_receive_msg[10.26.24.30]: Message receive failure
srun: error: invalid type trying to be freed 65534
    38        1365          1704.31              1            126  
srun: error: slurm_receive_msg: Insane message length
srun: error: slurm_receive_msg[10.26.24.30]: Insane message length
srun: error: invalid type trying to be freed 65534
srun: error: unpackmem_xmalloc: Buffer to be unpacked is too large (1684369920 > 1073741824)
srun: error: unpacking header
srun: error: destroy_forward: no init
srun: error: slurm_receive_msg: Message receive failure
srun: error: slurm_receive_msg[10.26.24.30]: Message receive failure
srun: error: invalid type trying to be freed 65534
    39        1400          1695.93              1            105  
                                                        First-order 
 Iteration  Func-count       f(x)        Step-size       optimality
    40        1435          1688.23              1           59.6  
    41        1470          1685.86              1           47.2  
    42        1505          1685.16              1           28.7  
    43        1540          1684.64              1           26.7  
    44        1575          1683.54              1           57.7  
    45        1610          1682.02              1           90.7  
    46        1645           1680.4              1           86.8  
    47        1750          1680.16           0.19             78  
    48        1855          1679.87           0.19           64.4  
srun: error: io_init_msg_read too small
srun: error: failed reading io init message
srun: error: unpackmem: Buffer to be unpacked is too large (1935765607 > 1073741824)
srun: error: unpack error in io_init_msg_unpack
srun: error: Invalid IO init header version
srun: error: unpackmem: Buffer to be unpacked is too large (1951163745 > 1073741824)
srun: error: unpack error in io_init_msg_unpack
srun: error: Invalid IO init header version
srun: error: unpack error in io_init_msg_unpack
srun: error: Invalid IO init header version
srun: error: slurm_receive_msg: Transport endpoint is not connected
srun: error: slurm_receive_msg[10.26.24.30]: Transport endpoint is not connected
srun: error: invalid type trying to be freed 65534
srun: error: unpackmem: Buffer to be unpacked is too large (1681731632 > 1073741824)
srun: error: unpack error in io_init_msg_unpack
srun: error: Invalid IO init header version
    49        3010          1679.77      0.0870249            463  

Local minimum possible.

fminunc stopped because it cannot decrease the objective function
along the current search direction.




Computing finite-difference Hessian using objective function.
Predicted change in objective function too small.
srun: error: slurm_receive_msg: Transport endpoint is not connected
srun: error: slurm_receive_msg[10.26.24.30]: Transport endpoint is not connected
srun: error: invalid type trying to be freed 65534
srun: error: unpack error in io_init_msg_unpack
srun: error: Invalid IO init header version
srun: error: slurm_receive_msg: Insane message length
srun: error: slurm_receive_msg[10.26.24.30]: Insane message length
srun: error: invalid type trying to be freed 65534
srun: error: slurm_receive_msg: Insane message length
srun: error: slurm_receive_msg[10.26.24.30]: Insane message length
srun: error: invalid type trying to be freed 65534
Current draw: 1000 of 5000
srun: error: slurm_receive_msg: Transport endpoint is not connected
srun: error: slurm_receive_msg[10.26.24.30]: Transport endpoint is not connected
srun: error: invalid type trying to be freed 65534
srun: error: slurm_receive_msg: Insane message length
srun: error: slurm_receive_msg[10.26.24.30]: Insane message length
srun: error: invalid type trying to be freed 65534
srun: error: slurm_receive_msg: Transport endpoint is not connected
srun: error: slurm_receive_msg[10.26.24.30]: Transport endpoint is not connected
srun: error: invalid type trying to be freed 65534
srun: error: slurm_receive_msg: Insane message length
srun: error: slurm_receive_msg[10.26.24.30]: Insane message length
srun: error: invalid type trying to be freed 65534
srun: error: slurm_receive_msg: Insane message length
srun: error: slurm_receive_msg[10.26.24.30]: Insane message length
srun: error: invalid type trying to be freed 65534
srun: error: unpackmem: Buffer to be unpacked is too large (3620802388 > 1073741824)
srun: error: unpack error in io_init_msg_unpack
srun: error: Invalid IO init header version
Current draw: 2000 of 5000
srun: error: unpack error in io_init_msg_unpack
srun: error: Invalid IO init header version
srun: error: unpackmem: Buffer to be unpacked is too large (2109120529 > 1073741824)
srun: error: unpack error in io_init_msg_unpack
srun: error: Invalid IO init header version
Current draw: 3000 of 5000
srun: error: slurm_receive_msg: Transport endpoint is not connected
srun: error: slurm_receive_msg[10.26.24.30]: Transport endpoint is not connected
srun: error: invalid type trying to be freed 65534
Current draw: 4000 of 5000
Current draw: 5000 of 5000
Elapsed time is 576.447553 seconds.
Ran Forecast Type 2for Model 104 and Horizon 12
Performing iteration ending on 2006M12 of model 105
Warning: This should be expanded with the country names in case of panel
> In abstvar/abstvar/check_inputs
  In abstvar
  In svar
  In scriptEstimateMode_FULL (line 96)
  In run (line 86)
  In msreg_2reg_endoprob_SVAR_FULL_OOS (line 231)
  In OOS_slurm_IF (line 4)
    'c(3,1,sync,1)>=c(3,1,sync,2)'
    'a0(1,GDPG,sync,1)=0'
    'a0(2,GDPG,sync,1)=0'
    'a0(1,MF,sync,1)=0'
    'a0(1,GDPG,sync,2)=0'
    'a0(2,GDPG,sync,2)=0'
    'a0(1,MF,sync,2)=0'
    'a1(3,GDPG)=0'
    's(3,3,sync,1)<=s(3,3,sync,2)'

 parameter: A12, density:NORMAL, hyperparameters: [0.5 0.5],convergence 0
 parameter: A21, density:NORMAL, hyperparameters: [0.5 0.5],convergence 0
 parameter: B12, density:GAMMA, hyperparameters: [4 0.125],convergence 0
 parameter: C12, density:GAMMA, hyperparameters: [4 0.125],convergence 0
 parameter: B21, density:GAMMA, hyperparameters: [4 0.125],convergence 0
 parameter: C21, density:GAMMA, hyperparameters: [4 0.125],convergence 0
                                                        First-order 
 Iteration  Func-count       f(x)        Step-size       optimality
     0          33          11890.4                       1.1e+04
     1          66          3119.27    9.09557e-05       2.07e+03  
     2          99          2485.28              1       1.48e+03  
     3         132           2119.8              1            602  
     4         165          1868.48              1            218  
     5         198           1810.6              1            113  
     6         231          1792.67              1            117  
     7         264          1783.94              1            115  
     8         297          1770.42              1            143  
     9         330          1748.74              1            162  
    10         363          1726.46              1            147  
    11         396          1714.57              1            140  
    12         429          1706.14              1            103  
    13         462          1700.37              1           96.1  
    14         495          1691.61              1            132  
    15         528          1684.62              1            122  
    16         561          1678.91              1            118  
    17         594          1672.35              1            123  
    18         627          1665.25              1            173  
    19         660          1660.91              1            107  
                                                        First-order 
 Iteration  Func-count       f(x)        Step-size       optimality
    20         693          1658.15              1           56.1  
    21         726          1655.47              1           94.5  
    22         759          1652.64              1            152  
    23         792          1649.97              1            114  
    24         825          1648.05              1           68.8  
    25         858          1646.32              1           68.3  
    26         891          1643.15              1            178  
    27         924          1636.71              1            291  
    28         957          1629.79              1            273  
    29         990          1625.12              1            115  
    30        1023          1623.43              1           38.1  
    31        1056             1622              1           92.1  
    32        1089          1619.17              1            188  
    33        1122          1614.96              1            237  
    34        1155           1610.9              1            181  
    35        1188          1608.98              1           68.4  
    36        1221           1608.3              1             31  
    37        1254          1607.75              1           55.8  
    38        1287          1606.83              1            100  
    39        1320          1605.56              1            112  
                                                        First-order 
 Iteration  Func-count       f(x)        Step-size       optimality
    40        1353          1604.38              1           71.4  
    41        1386          1603.72              1           28.4  
    42        1419          1603.23              1           31.5  
    43        1452          1602.49              1             77  
    44        1485          1601.22              1            115  
    45        1518          1599.61              1            115  
    46        1617          1599.28           0.19            104  
    47        1716           1598.8           0.19           84.6  
    48        2640          1598.71      0.0370573            251  
    49        3531          1598.71    2.55203e-07            999  

Local minimum possible.

fminunc stopped because it cannot decrease the objective function
along the current search direction.




Computing finite-difference Hessian using objective function.
Predicted change in objective function too small.
Current draw: 1000 of 5000
Current draw: 2000 of 5000
Current draw: 3000 of 5000
Current draw: 4000 of 5000
Current draw: 5000 of 5000
Elapsed time is 600.562291 seconds.
Ran Forecast Type 2for Model 105 and Horizon 12
Performing iteration ending on 2006M12 of model 106
Warning: This should be expanded with the country names in case of panel
> In abstvar/abstvar/check_inputs
  In abstvar
  In svar
  In scriptEstimateMode_FULL (line 96)
  In run (line 86)
  In msreg_2reg_endoprob_SVAR_FULL_OOS (line 231)
  In OOS_slurm_IF (line 4)
    'c(3,1,sync,1)>=c(3,1,sync,2)'
    'a0(1,GDPG)=0'
    'a0(1,MF)=0'
    'a0(2,GDPG)=0'
    'a1(3,GDPG,sync,1)=0'
    'a1(3,GDPG,sync,2)=0'
    's(3,3,sync,1)<=s(3,3,sync,2)'

 parameter: A12, density:NORMAL, hyperparameters: [0.5 0.5],convergence 0
 parameter: A21, density:NORMAL, hyperparameters: [0.5 0.5],convergence 0
 parameter: B12, density:GAMMA, hyperparameters: [4 0.125],convergence 0
 parameter: C12, density:GAMMA, hyperparameters: [4 0.125],convergence 0
 parameter: B21, density:GAMMA, hyperparameters: [4 0.125],convergence 0
 parameter: C21, density:GAMMA, hyperparameters: [4 0.125],convergence 0
                                                        First-order 
 Iteration  Func-count       f(x)        Step-size       optimality
     0          38          11890.4                       1.1e+04
     1          76          3020.56    9.09557e-05       1.68e+03  
     2         114          2524.34              1       1.05e+03  
     3         152          2034.39              1            352  
     4         190          1908.84              1            199  
     5         228          1852.86              1            182  
     6         266          1829.52              1            161  
     7         304          1812.01              1            130  
     8         342          1796.63              1            106  
     9         380           1781.9              1            114  
    10         418          1760.75              1            178  
    11         456          1737.87              1            228  
    12         494          1721.84              1            208  
    13         532          1703.62              1            154  
    14         570          1684.07              1            181  
    15         608          1675.36              1           95.1  
    16         646          1670.48              1             81  
    17         684          1651.86              1            158  
    18         722          1647.57              1            106  
    19         760          1640.93              1            145  
                                                        First-order 
 Iteration  Func-count       f(x)        Step-size       optimality
    20         798          1633.83              1            246  
    21         836          1625.14              1            119  
    22         874          1622.54              1           71.2  
    23         912          1619.95              1           53.1  
    24         950          1617.14              1           69.3  
    25         988          1615.35              1           49.8  
    26        1026          1613.32              1           60.5  
    27        1064          1610.48              1           64.7  
    28        1102          1605.14              1            102  
    29        1140          1597.66              1            116  
    30        1178          1591.25              1             75  
    31        1216          1588.11              1           45.8  
    32        1254          1586.81              1           31.7  
    33        1292          1585.68              1           32.8  
    34        1330          1583.73              1           51.4  
    35        1368          1581.13              1           52.9  
    36        1406          1579.14              1           37.7  
    37        1444          1578.34              1           22.6  
    38        1482          1578.08              1             18  
    39        1520          1577.73              1           18.9  
                                                        First-order 
 Iteration  Func-count       f(x)        Step-size       optimality
    40        1596          1577.53       0.429816           20.7  
    41        2736          1577.42       0.118696            986  

Local minimum possible.

fminunc stopped because it cannot decrease the objective function
along the current search direction.




Computing finite-difference Hessian using objective function.
Predicted change in objective function too small.
Current draw: 1000 of 5000
Current draw: 2000 of 5000
Current draw: 3000 of 5000
Current draw: 4000 of 5000
Current draw: 5000 of 5000
Elapsed time is 561.475880 seconds.
Ran Forecast Type 2for Model 106 and Horizon 12
Performing iteration ending on 2006M12 of model 107
Warning: This should be expanded with the country names in case of panel
> In abstvar/abstvar/check_inputs
  In abstvar
  In svar
  In scriptEstimateMode_FULL (line 96)
  In run (line 86)
  In msreg_2reg_endoprob_SVAR_FULL_OOS (line 231)
  In OOS_slurm_IF (line 4)
    'c(3,1,sync,1)>=c(3,1,sync,2)'
    'a0(1,GDPG,sync,1)=0'
    'a0(2,GDPG,sync,1)=0'
    'a0(1,MF,sync,1)=0'
    'a0(1,GDPG,sync,2)=0'
    'a0(2,GDPG,sync,2)=0'
    'a0(1,MF,sync,2)=0'
    'a1(3,GDPG,sync,1)=0'
    'a1(3,GDPG,sync,2)=0'
    's(3,3,sync,1)<=s(3,3,sync,2)'

 parameter: A12, density:NORMAL, hyperparameters: [0.5 0.5],convergence 0
 parameter: A21, density:NORMAL, hyperparameters: [0.5 0.5],convergence 0
 parameter: B12, density:GAMMA, hyperparameters: [4 0.125],convergence 0
 parameter: C12, density:GAMMA, hyperparameters: [4 0.125],convergence 0
 parameter: B21, density:GAMMA, hyperparameters: [4 0.125],convergence 0
 parameter: C21, density:GAMMA, hyperparameters: [4 0.125],convergence 0
                                                        First-order 
 Iteration  Func-count       f(x)        Step-size       optimality
     0          41          11890.4                       1.1e+04
     1          82           3080.3    9.09557e-05       1.79e+03  
     2         123          2544.34              1       1.08e+03  
     3         164          2056.26              1            365  
     4         205          1929.43              1            191  
     5         246          1873.57              1            179  
     6         287          1849.54              1            162  
     7         328           1832.3              1            135  
     8         369          1818.37              1           98.6  
     9         410          1804.66              1            108  
    10         451          1780.07              1            181  
    11         492          1755.56              1            219  
    12         533          1742.03              1            187  
    13         574          1726.71              1            117  
    14         615          1709.55              1            212  
    15         656          1702.83              1           85.8  
    16         697          1696.19              1           73.3  
    17         738           1681.1              1            130  
    18         779           1675.8              1            102  
    19         820           1669.7              1            101  
                                                        First-order 
 Iteration  Func-count       f(x)        Step-size       optimality
    20         861          1665.25              1            121  
    21         902          1652.59              1            138  
    22         943          1649.17              1           80.1  
    23         984           1646.8              1           42.7  
    24        1025          1645.55              1           32.5  
    25        1066          1644.05              1           47.5  
    26        1107          1640.49              1           49.4  
    27        1148          1637.04              1           65.5  
    28        1189          1633.12              1           73.6  
    29        1230          1628.59              1           78.5  
    30        1271          1621.44              1             89  
    31        1312          1613.83              1           79.9  
    32        1353           1609.6              1           49.1  
    33        1394           1607.5              1           50.8  
    34        1435          1604.92              1           44.2  
    35        1476          1601.04              1             67  
    36        1517          1596.09              1           66.6  
    37        1558          1592.37              1           39.5  
    38        1599          1590.75              1           29.1  
    39        1640          1589.98              1           29.7  
                                                        First-order 
 Iteration  Func-count       f(x)        Step-size       optimality
    40        1681          1589.34              1           24.2  
    41        1722          1588.39              1           16.8  
    42        1763          1587.44              1           19.1  
    43        1804          1586.75              1           28.3  
    44        3444          1586.71      0.0606369            247  

Local minimum possible.

fminunc stopped because it cannot decrease the objective function
along the current search direction.




Computing finite-difference Hessian using objective function.
Predicted change in objective function too small.
Current draw: 1000 of 5000
Current draw: 2000 of 5000
Current draw: 3000 of 5000
Current draw: 4000 of 5000
Current draw: 5000 of 5000
Elapsed time is 615.223948 seconds.
Ran Forecast Type 2for Model 107 and Horizon 12
Performing iteration ending on 2006M12 of model 108
Warning: This should be expanded with the country names in case of panel
> In abstvar/abstvar/check_inputs
  In abstvar
  In svar
  In scriptEstimateMode_FULL (line 96)
  In run (line 86)
  In msreg_2reg_endoprob_SVAR_FULL_OOS (line 231)
  In OOS_slurm_IF (line 4)
    'c(3,1,sync,1)>=c(3,1,sync,2)'
    'a0(1,GDPG)=0'
    'a0(1,MF)=0'
    'a0(2,GDPG)=0'
    'a1(3,GDPG)=0'
    's(3,3,sync,1)<=s(3,3,sync,2)'

 parameter: A12, density:NORMAL, hyperparameters: [0.5 0.5],convergence 0
 parameter: A21, density:NORMAL, hyperparameters: [0.5 0.5],convergence 0
 parameter: B12, density:GAMMA, hyperparameters: [4 0.125],convergence 0
 parameter: C12, density:GAMMA, hyperparameters: [4 0.125],convergence 0
 parameter: B21, density:GAMMA, hyperparameters: [4 0.125],convergence 0
 parameter: C21, density:GAMMA, hyperparameters: [4 0.125],convergence 0
                                                        First-order 
 Iteration  Func-count       f(x)        Step-size       optimality
     0          28          11890.4                       1.1e+04
     1          56          3054.24    9.09557e-05          2e+03  
     2          84          2467.37              1       1.35e+03  
     3         112             2153              1            593  
     4         140          1935.98              1            242  
     5         168          1882.04              1            178  
     6         196          1861.58              1            192  
     7         224          1851.25              1            181  
     8         252          1839.32              1            146  
     9         280          1824.79              1            123  
    10         308          1810.25              1            106  
    11         336          1803.51              1           87.2  
    12         364          1801.13              1           56.2  
    13         392           1797.2              1           58.7  
    14         420          1794.73              1           64.3  
    15         448          1791.35              1           92.1  
    16         476          1786.95              1           98.3  
    17         504          1780.06              1            118  
    18         532          1773.28              1            120  
    19         560          1769.09              1           60.6  
                                                        First-order 
 Iteration  Func-count       f(x)        Step-size       optimality
    20         588          1766.82              1             61  
    21         616           1764.4              1           62.8  
    22         644          1759.67              1            110  
    23         672          1751.23              1            157  
    24         700          1740.24              1            156  
    25         728          1731.96              1           94.4  
    26         756          1728.49              1           71.4  
    27         784          1726.03              1           65.2  
    28         812          1721.95              1            140  
    29         840           1716.9              1            174  
    30         868          1712.67              1           95.7  
    31         896          1711.51              1             38  
    32         924             1711              1           28.9  
    33         952          1710.37              1           49.9  
    34         980          1709.52              1           56.2  
    35        1008          1708.48              1           41.3  
    36        1036          1707.66              1           42.7  
    37        1064          1707.02              1           42.2  
    38        1092          1706.32              1           34.3  
    39        1148          1705.48       0.657914           41.6  
                                                        First-order 
 Iteration  Func-count       f(x)        Step-size       optimality
    40        1820          1705.04       0.147544           93.1  
    41        2996          1705.04     3.3249e-07            997  

Local minimum possible.

fminunc stopped because it cannot decrease the objective function
along the current search direction.




Computing finite-difference Hessian using objective function.
Predicted change in objective function too small.
Current draw: 1000 of 5000
Current draw: 2000 of 5000
Current draw: 3000 of 5000
Current draw: 4000 of 5000
Current draw: 5000 of 5000
Elapsed time is 553.404617 seconds.
Ran Forecast Type 2for Model 108 and Horizon 12
